#
# A fatal error has been detected by the Java Runtime Environment:
#
#  EXCEPTION_ACCESS_VIOLATION (0xc0000005) at pc=0x000000001a29d184, pid=6820, tid=7936
#
# JRE version: Java(TM) SE Runtime Environment (8.0_51-b16) (build 1.8.0_51-b16)
# Java VM: Java HotSpot(TM) 64-Bit Server VM (25.51-b03 mixed mode windows-amd64 compressed oops)
# Problematic frame:
# C  [ig7icd64.dll+0x1d184]
#
# Failed to write core dump. Minidumps are not enabled by default on client versions of Windows
#
# If you would like to submit a bug report, please visit:
#   http://bugreport.java.com/bugreport/crash.jsp
# The crash happened outside the Java Virtual Machine in native code.
# See problematic frame for where to report the bug.
#

---------------  T H R E A D  ---------------

Current thread (0x00000000023dd800):  JavaThread "main" [_thread_in_native, id=7936, stack(0x00000000023e0000,0x00000000024e0000)]

siginfo: ExceptionCode=0xc0000005, writing address 0x00000000023ca000

Registers:
RAX=0x0000000000000001, RBX=0x000000001aa3e000, RCX=0x00000000023ca010, RDX=0x000000001f3265a0
RSP=0x00000000024dde00, RBP=0x0000000000000000, RSI=0x000000001befb200, RDI=0x000000001f326240
R8 =0x0000000000000020, R9 =0x0000000000000000, R10=0x0000000000000001, R11=0x0000000000000002
R12=0x0000000000000000, R13=0x000000001f09f040, R14=0x000000001befcf10, R15=0x0000000000000000
RIP=0x000000001a29d184, EFLAGS=0x0000000000010206

Top of Stack: (sp=0x00000000024dde00)
0x00000000024dde00:   0000000f0000000f 0000000f0000000f
0x00000000024dde10:   0000000f0000000f 0000000f0000000f
0x00000000024dde20:   0000000f0000000f 0000000f0000000f
0x00000000024dde30:   0000000f0000000f 0000000f0000000f
0x00000000024dde40:   0000000f0000000f 000000001a4a0ac8
0x00000000024dde50:   000000001aa3e000 0000000f0000000f
0x00000000024dde60:   0000000f0000000f 0000000000000000
0x00000000024dde70:   0000000000000000 0000000000000000
0x00000000024dde80:   000000001f326590 0000000000000000
0x00000000024dde90:   0000000000000000 0000000000000000
0x00000000024ddea0:   000000001f005c10 0000000000000002
0x00000000024ddeb0:   0000000000000002 000000001f099720
0x00000000024ddec0:   000000001aa3e000 000000001f32639c
0x00000000024dded0:   000000001f326240 000000001a4d2a54
0x00000000024ddee0:   00000000024ddf79 000000001f00b101
0x00000000024ddef0:   000000001f32639c 0000000000000000 

Instructions: (pc=0x000000001a29d184)
0x000000001a29d164:   d1 49 c1 eb 04 4d 85 db 0f 84 24 02 00 00 f3 0f
0x000000001a29d174:   6f 02 41 ff c2 48 83 c1 10 41 8b c2 48 83 c2 10
0x000000001a29d184:   f3 0f 7f 41 f0 49 3b c3 72 e4 e9 03 02 00 00 48
0x000000001a29d194:   89 7c 24 40 8b f9 83 e7 0f 74 68 48 89 5c 24 50 


Register to memory mapping:

RAX=0x0000000000000001 is an unknown value
RBX=0x000000001aa3e000 is an unknown value
RCX=0x00000000023ca010 is an unknown value
RDX=0x000000001f3265a0 is an unknown value
RSP=0x00000000024dde00 is pointing into the stack for thread: 0x00000000023dd800
RBP=0x0000000000000000 is an unknown value
RSI=0x000000001befb200 is an unknown value
RDI=0x000000001f326240 is an unknown value
R8 =0x0000000000000020 is an unknown value
R9 =0x0000000000000000 is an unknown value
R10=0x0000000000000001 is an unknown value
R11=0x0000000000000002 is an unknown value
R12=0x0000000000000000 is an unknown value
R13=0x000000001f09f040 is an unknown value
R14=0x000000001befcf10 is an unknown value
R15=0x0000000000000000 is an unknown value


Stack: [0x00000000023e0000,0x00000000024e0000],  sp=0x00000000024dde00,  free space=1015k
Native frames: (J=compiled Java code, j=interpreted, Vv=VM code, C=native code)

Java frames: (J=compiled Java code, j=interpreted, Vv=VM code)
j  org.lwjgl.opengl.GL11.nglCallList(IJ)V+0
j  org.lwjgl.opengl.GL11.glCallList(I)V+15
j  map.Chunk.draw()V+4
j  map.CubeMap.lambda$null$64(Ljava/lang/Integer;Ljava/lang/Integer;Ljava/lang/Integer;)V+18
j  map.CubeMap$$Lambda$118.accept(Ljava/lang/Object;)V+12
J 1363 C2 util.Util.forRange(IILjava/util/function/Consumer;)V (24 bytes) @ 0x0000000002a65d60 [0x0000000002a65a60+0x300]
j  map.CubeMap.lambda$drawAll$65(Ljava/lang/Integer;Ljava/lang/Integer;)V+9
j  map.CubeMap$$Lambda$117.accept(Ljava/lang/Object;Ljava/lang/Object;)V+8
J 1603 C2 util.Util$$Lambda$70.accept(Ljava/lang/Object;)V (20 bytes) @ 0x0000000002b048c8 [0x0000000002b047e0+0xe8]
J 1363 C2 util.Util.forRange(IILjava/util/function/Consumer;)V (24 bytes) @ 0x0000000002a65d60 [0x0000000002a65a60+0x300]
J 1599 C1 util.Util.forRange(IIIILjava/util/function/BiConsumer;)V (15 bytes) @ 0x0000000002b07a0c [0x0000000002b072c0+0x74c]
j  map.CubeMap.drawAll()V+9
j  map.Editor.lambda$start$9()V+0
j  map.Editor$$Lambda$76.run()V+0
J 1019 C1 engine.EventStream$$Lambda$2.accept(Ljava/lang/Object;)V (12 bytes) @ 0x0000000002962b54 [0x0000000002962920+0x234]
J 1014 C1 engine.EventStream$$Lambda$3.run()V (12 bytes) @ 0x0000000002960594 [0x0000000002960440+0x154]
J 1013 C1 engine.EventStream$$Lambda$33.accept(Ljava/lang/Object;)V (10 bytes) @ 0x00000000029600c4 [0x000000000295fec0+0x204]
J 963 C1 java.util.ArrayList.forEach(Ljava/util/function/Consumer;)V (75 bytes) @ 0x000000000294bccc [0x000000000294bac0+0x20c]
J 992 C1 engine.EventStream.sendEvent()V (27 bytes) @ 0x0000000002956fd4 [0x0000000002956cc0+0x314]
j  engine.Core$$Lambda$53.accept(Ljava/lang/Object;)V+4
j  java.lang.Iterable.forEach(Ljava/util/function/Consumer;)V+30
J 944% C2 engine.Core.run()V (114 bytes) @ 0x00000000029378e8 [0x0000000002937820+0xc8]
j  map.Editor.start(Ljava/lang/String;)V+466
j  guis.Play.recieve(Ljava/lang/String;Ljava/lang/Object;)V+131
j  gui.components.GUIButton.send()V+68
j  gui.TypingManager.compOpen(Lgui/types/GUIInputComponent;)V+24
j  gui.TypingManager.lambda$null$1()V+93
j  gui.TypingManager$$Lambda$35.run()V+0
J 1019 C1 engine.EventStream$$Lambda$2.accept(Ljava/lang/Object;)V (12 bytes) @ 0x0000000002962b54 [0x0000000002962920+0x234]
J 1014 C1 engine.EventStream$$Lambda$3.run()V (12 bytes) @ 0x0000000002960594 [0x0000000002960440+0x154]
J 1013 C1 engine.EventStream$$Lambda$33.accept(Ljava/lang/Object;)V (10 bytes) @ 0x00000000029600c4 [0x000000000295fec0+0x204]
J 963 C1 java.util.ArrayList.forEach(Ljava/util/function/Consumer;)V (75 bytes) @ 0x000000000294bccc [0x000000000294bac0+0x20c]
J 1023 C1 engine.Signal.set(Ljava/lang/Object;)V (10 bytes) @ 0x000000000296489c [0x0000000002964500+0x39c]
j  engine.Signal.lambda$filter$27(Ljava/util/function/Predicate;Lengine/Signal;)V+18
j  engine.Signal$$Lambda$5.accept(Ljava/lang/Object;)V+12
J 1014 C1 engine.EventStream$$Lambda$3.run()V (12 bytes) @ 0x0000000002960594 [0x0000000002960440+0x154]
J 1013 C1 engine.EventStream$$Lambda$33.accept(Ljava/lang/Object;)V (10 bytes) @ 0x00000000029600c4 [0x000000000295fec0+0x204]
J 963 C1 java.util.ArrayList.forEach(Ljava/util/function/Consumer;)V (75 bytes) @ 0x000000000294bccc [0x000000000294bac0+0x20c]
J 1023 C1 engine.Signal.set(Ljava/lang/Object;)V (10 bytes) @ 0x000000000296489c [0x0000000002964500+0x39c]
j  engine.Input.lambda$static$0()V+156
j  engine.Input$$Lambda$1.run()V+0
J 1019 C1 engine.EventStream$$Lambda$2.accept(Ljava/lang/Object;)V (12 bytes) @ 0x0000000002962b54 [0x0000000002962920+0x234]
J 1014 C1 engine.EventStream$$Lambda$3.run()V (12 bytes) @ 0x0000000002960594 [0x0000000002960440+0x154]
J 1013 C1 engine.EventStream$$Lambda$33.accept(Ljava/lang/Object;)V (10 bytes) @ 0x00000000029600c4 [0x000000000295fec0+0x204]
J 963 C1 java.util.ArrayList.forEach(Ljava/util/function/Consumer;)V (75 bytes) @ 0x000000000294bccc [0x000000000294bac0+0x20c]
J 1023 C1 engine.Signal.set(Ljava/lang/Object;)V (10 bytes) @ 0x000000000296489c [0x0000000002964500+0x39c]
j  engine.Core.lambda$run$36(DLengine/Signal;)V+5
j  engine.Core$$Lambda$49.accept(Ljava/lang/Object;)V+8
j  java.lang.Iterable.forEach(Ljava/util/function/Consumer;)V+30
J 944% C2 engine.Core.run()V (114 bytes) @ 0x00000000029378b4 [0x0000000002937820+0x94]
j  invisibleman.Client.main([Ljava/lang/String;)V+139
v  ~StubRoutines::call_stub

---------------  P R O C E S S  ---------------

Java Threads: ( => current thread )
  0x000000001e3dd000 JavaThread "AWT-Windows" daemon [_thread_in_native, id=7868, stack(0x000000001f920000,0x000000001fa20000)]
  0x000000001e365000 JavaThread "Java2D Disposer" daemon [_thread_blocked, id=5504, stack(0x000000001f720000,0x000000001f820000)]
  0x00000000195e5800 JavaThread "Service Thread" daemon [_thread_blocked, id=10956, stack(0x0000000019f30000,0x000000001a030000)]
  0x0000000019569800 JavaThread "C1 CompilerThread3" daemon [_thread_blocked, id=8460, stack(0x0000000019e30000,0x0000000019f30000)]
  0x0000000019558000 JavaThread "C2 CompilerThread2" daemon [_thread_blocked, id=9920, stack(0x0000000019d30000,0x0000000019e30000)]
  0x0000000019554800 JavaThread "C2 CompilerThread1" daemon [_thread_blocked, id=11260, stack(0x0000000019c30000,0x0000000019d30000)]
  0x0000000019563800 JavaThread "C2 CompilerThread0" daemon [_thread_blocked, id=4456, stack(0x0000000019b30000,0x0000000019c30000)]
  0x0000000019561000 JavaThread "Attach Listener" daemon [_thread_blocked, id=3432, stack(0x0000000019a30000,0x0000000019b30000)]
  0x000000001955f800 JavaThread "Signal Dispatcher" daemon [_thread_blocked, id=172, stack(0x0000000019930000,0x0000000019a30000)]
  0x00000000025d9000 JavaThread "Finalizer" daemon [_thread_blocked, id=11364, stack(0x0000000019430000,0x0000000019530000)]
  0x00000000025d2000 JavaThread "Reference Handler" daemon [_thread_blocked, id=9884, stack(0x0000000019330000,0x0000000019430000)]
=>0x00000000023dd800 JavaThread "main" [_thread_in_native, id=7936, stack(0x00000000023e0000,0x00000000024e0000)]

Other Threads:
  0x0000000017519800 VMThread [stack: 0x0000000019230000,0x0000000019330000] [id=6812]
  0x00000000195a7000 WatcherThread [stack: 0x000000001a030000,0x000000001a130000] [id=9168]

VM state:not at safepoint (normal execution)

VM Mutex/Monitor currently owned by a thread: None

Heap:
 PSYoungGen      total 340480K, used 339999K [0x00000000d6000000, 0x00000000fb780000, 0x0000000100000000)
  eden space 339968K, 99% used [0x00000000d6000000,0x00000000eabfff90,0x00000000eac00000)
  from space 512K, 6% used [0x00000000fb700000,0x00000000fb708000,0x00000000fb780000)
  to   space 1536K, 0% used [0x00000000fb480000,0x00000000fb480000,0x00000000fb600000)
 ParOldGen       total 86016K, used 11672K [0x0000000082000000, 0x0000000087400000, 0x00000000d6000000)
  object space 86016K, 13% used [0x0000000082000000,0x0000000082b66378,0x0000000087400000)
 Metaspace       used 10418K, capacity 10965K, committed 11264K, reserved 1058816K
  class space    used 1088K, capacity 1225K, committed 1280K, reserved 1048576K

Card table byte_map: [0x00000000119a0000,0x0000000011da0000] byte_map_base: 0x0000000011590000

Marking Bits: (ParMarkBitMap*) 0x0000000058f24040
 Begin Bits: [0x0000000012840000, 0x00000000147c0000)
 End Bits:   [0x00000000147c0000, 0x0000000016740000)

Polling page: 0x0000000000b90000

CodeCache: size=245760Kb used=5454Kb max_used=5468Kb free=240305Kb
 bounds [0x00000000025e0000, 0x0000000002b40000, 0x00000000115e0000]
 total_blobs=2205 nmethods=1639 adapters=479
 compilation: enabled

Compilation events (10 events):
Event: 6.821 Thread 0x0000000019569800 nmethod 1633 0x0000000002b2c610 code [0x0000000002b2c780, 0x0000000002b2ca10]
Event: 6.821 Thread 0x0000000019563800 1637       4       engine.Core::run (114 bytes)
Event: 6.825 Thread 0x0000000019563800 nmethod 1637 0x0000000002b34890 code [0x0000000002b34a80, 0x0000000002b34e10]
Event: 6.831 Thread 0x0000000019569800 1638       3       engine.Signal$$Lambda$5/2117255219::accept (16 bytes)
Event: 6.832 Thread 0x0000000019569800 nmethod 1638 0x0000000002b351d0 code [0x0000000002b353c0, 0x0000000002b35d78]
Event: 6.832 Thread 0x0000000019569800 1639       3       engine.Signal::lambda$filter$27 (22 bytes)
Event: 6.832 Thread 0x0000000019569800 nmethod 1639 0x0000000002b36210 code [0x0000000002b363e0, 0x0000000002b36c38]
Event: 6.832 Thread 0x0000000019569800 1640       3       java.lang.invoke.MethodHandles::access$000 (4 bytes)
Event: 6.832 Thread 0x0000000019569800 nmethod 1640 0x0000000002b2c310 code [0x0000000002b2c460, 0x0000000002b2c590]
Event: 6.837 Thread 0x0000000019554800 nmethod 1636 0x0000000002b3a750 code [0x0000000002b3a900, 0x0000000002b3b468]

GC Heap History (10 events):
Event: 6.513 GC heap before
{Heap before GC invocations=44 (full 0):
 PSYoungGen      total 335872K, used 333856K [0x00000000d6000000, 0x00000000fbb00000, 0x0000000100000000)
  eden space 333824K, 100% used [0x00000000d6000000,0x00000000ea600000,0x00000000ea600000)
  from space 2048K, 1% used [0x00000000fb700000,0x00000000fb708000,0x00000000fb900000)
  to   space 2048K, 0% used [0x00000000fb900000,0x00000000fb900000,0x00000000fbb00000)
 ParOldGen       total 86016K, used 11656K [0x0000000082000000, 0x0000000087400000, 0x00000000d6000000)
  object space 86016K, 13% used [0x0000000082000000,0x0000000082b62378,0x0000000087400000)
 Metaspace       used 10387K, capacity 10913K, committed 11008K, reserved 1058816K
  class space    used 1082K, capacity 1213K, committed 1280K, reserved 1048576K
Event: 6.514 GC heap after
Heap after GC invocations=44 (full 0):
 PSYoungGen      total 319488K, used 160K [0x00000000d6000000, 0x00000000fb980000, 0x0000000100000000)
  eden space 318976K, 0% used [0x00000000d6000000,0x00000000d6000000,0x00000000e9780000)
  from space 512K, 31% used [0x00000000fb900000,0x00000000fb928000,0x00000000fb980000)
  to   space 1536K, 0% used [0x00000000fb680000,0x00000000fb680000,0x00000000fb800000)
 ParOldGen       total 86016K, used 11656K [0x0000000082000000, 0x0000000087400000, 0x00000000d6000000)
  object space 86016K, 13% used [0x0000000082000000,0x0000000082b62378,0x0000000087400000)
 Metaspace       used 10387K, capacity 10913K, committed 11008K, reserved 1058816K
  class space    used 1082K, capacity 1213K, committed 1280K, reserved 1048576K
}
Event: 6.577 GC heap before
{Heap before GC invocations=45 (full 0):
 PSYoungGen      total 319488K, used 319136K [0x00000000d6000000, 0x00000000fb980000, 0x0000000100000000)
  eden space 318976K, 100% used [0x00000000d6000000,0x00000000e9780000,0x00000000e9780000)
  from space 512K, 31% used [0x00000000fb900000,0x00000000fb928000,0x00000000fb980000)
  to   space 1536K, 0% used [0x00000000fb680000,0x00000000fb680000,0x00000000fb800000)
 ParOldGen       total 86016K, used 11656K [0x0000000082000000, 0x0000000087400000, 0x00000000d6000000)
  object space 86016K, 13% used [0x0000000082000000,0x0000000082b62378,0x0000000087400000)
 Metaspace       used 10387K, capacity 10913K, committed 11008K, reserved 1058816K
  class space    used 1082K, capacity 1213K, committed 1280K, reserved 1048576K
Event: 6.577 GC heap after
Heap after GC invocations=45 (full 0):
 PSYoungGen      total 306176K, used 160K [0x00000000d6000000, 0x00000000fb980000, 0x0000000100000000)
  eden space 304640K, 0% used [0x00000000d6000000,0x00000000d6000000,0x00000000e8980000)
  from space 1536K, 10% used [0x00000000fb680000,0x00000000fb6a8000,0x00000000fb800000)
  to   space 1536K, 0% used [0x00000000fb800000,0x00000000fb800000,0x00000000fb980000)
 ParOldGen       total 86016K, used 11664K [0x0000000082000000, 0x0000000087400000, 0x00000000d6000000)
  object space 86016K, 13% used [0x0000000082000000,0x0000000082b64378,0x0000000087400000)
 Metaspace       used 10387K, capacity 10913K, committed 11008K, reserved 1058816K
  class space    used 1082K, capacity 1213K, committed 1280K, reserved 1048576K
}
Event: 6.637 GC heap before
{Heap before GC invocations=46 (full 0):
 PSYoungGen      total 306176K, used 304800K [0x00000000d6000000, 0x00000000fb980000, 0x0000000100000000)
  eden space 304640K, 100% used [0x00000000d6000000,0x00000000e8980000,0x00000000e8980000)
  from space 1536K, 10% used [0x00000000fb680000,0x00000000fb6a8000,0x00000000fb800000)
  to   space 1536K, 0% used [0x00000000fb800000,0x00000000fb800000,0x00000000fb980000)
 ParOldGen       total 86016K, used 11664K [0x0000000082000000, 0x0000000087400000, 0x00000000d6000000)
  object space 86016K, 13% used [0x0000000082000000,0x0000000082b64378,0x0000000087400000)
 Metaspace       used 10387K, capacity 10913K, committed 11008K, reserved 1058816K
  class space    used 1082K, capacity 1213K, committed 1280K, reserved 1048576K
Event: 6.638 GC heap after
Heap after GC invocations=46 (full 0):
 PSYoungGen      total 291840K, used 64K [0x00000000d6000000, 0x00000000fb880000, 0x0000000100000000)
  eden space 291328K, 0% used [0x00000000d6000000,0x00000000d6000000,0x00000000e7c80000)
  from space 512K, 12% used [0x00000000fb800000,0x00000000fb810000,0x00000000fb880000)
  to   space 1536K, 0% used [0x00000000fb580000,0x00000000fb580000,0x00000000fb700000)
 ParOldGen       total 86016K, used 11664K [0x0000000082000000, 0x0000000087400000, 0x00000000d6000000)
  object space 86016K, 13% used [0x0000000082000000,0x0000000082b64378,0x0000000087400000)
 Metaspace       used 10387K, capacity 10913K, committed 11008K, reserved 1058816K
  class space    used 1082K, capacity 1213K, committed 1280K, reserved 1048576K
}
Event: 6.696 GC heap before
{Heap before GC invocations=47 (full 0):
 PSYoungGen      total 291840K, used 291392K [0x00000000d6000000, 0x00000000fb880000, 0x0000000100000000)
  eden space 291328K, 100% used [0x00000000d6000000,0x00000000e7c80000,0x00000000e7c80000)
  from space 512K, 12% used [0x00000000fb800000,0x00000000fb810000,0x00000000fb880000)
  to   space 1536K, 0% used [0x00000000fb580000,0x00000000fb580000,0x00000000fb700000)
 ParOldGen       total 86016K, used 11664K [0x0000000082000000, 0x0000000087400000, 0x00000000d6000000)
  object space 86016K, 13% used [0x0000000082000000,0x0000000082b64378,0x0000000087400000)
 Metaspace       used 10387K, capacity 10913K, committed 11008K, reserved 1058816K
  class space    used 1082K, capacity 1213K, committed 1280K, reserved 1048576K
Event: 6.696 GC heap after
Heap after GC invocations=47 (full 0):
 PSYoungGen      total 280064K, used 128K [0x00000000d6000000, 0x00000000fb880000, 0x0000000100000000)
  eden space 278528K, 0% used [0x00000000d6000000,0x00000000d6000000,0x00000000e7000000)
  from space 1536K, 8% used [0x00000000fb580000,0x00000000fb5a0000,0x00000000fb700000)
  to   space 1536K, 0% used [0x00000000fb700000,0x00000000fb700000,0x00000000fb880000)
 ParOldGen       total 86016K, used 11672K [0x0000000082000000, 0x0000000087400000, 0x00000000d6000000)
  object space 86016K, 13% used [0x0000000082000000,0x0000000082b66378,0x0000000087400000)
 Metaspace       used 10387K, capacity 10913K, committed 11008K, reserved 1058816K
  class space    used 1082K, capacity 1213K, committed 1280K, reserved 1048576K
}
Event: 6.752 GC heap before
{Heap before GC invocations=48 (full 0):
 PSYoungGen      total 280064K, used 278656K [0x00000000d6000000, 0x00000000fb880000, 0x0000000100000000)
  eden space 278528K, 100% used [0x00000000d6000000,0x00000000e7000000,0x00000000e7000000)
  from space 1536K, 8% used [0x00000000fb580000,0x00000000fb5a0000,0x00000000fb700000)
  to   space 1536K, 0% used [0x00000000fb700000,0x00000000fb700000,0x00000000fb880000)
 ParOldGen       total 86016K, used 11672K [0x0000000082000000, 0x0000000087400000, 0x00000000d6000000)
  object space 86016K, 13% used [0x0000000082000000,0x0000000082b66378,0x0000000087400000)
 Metaspace       used 10387K, capacity 10913K, committed 11008K, reserved 1058816K
  class space    used 1082K, capacity 1213K, committed 1280K, reserved 1048576K
Event: 6.752 GC heap after
Heap after GC invocations=48 (full 0):
 PSYoungGen      total 340480K, used 32K [0x00000000d6000000, 0x00000000fb780000, 0x0000000100000000)
  eden space 339968K, 0% used [0x00000000d6000000,0x00000000d6000000,0x00000000eac00000)
  from space 512K, 6% used [0x00000000fb700000,0x00000000fb708000,0x00000000fb780000)
  to   space 1536K, 0% used [0x00000000fb480000,0x00000000fb480000,0x00000000fb600000)
 ParOldGen       total 86016K, used 11672K [0x0000000082000000, 0x0000000087400000, 0x00000000d6000000)
  object space 86016K, 13% used [0x0000000082000000,0x0000000082b66378,0x0000000087400000)
 Metaspace       used 10387K, capacity 10913K, committed 11008K, reserved 1058816K
  class space    used 1082K, capacity 1213K, committed 1280K, reserved 1048576K
}

Deoptimization events (10 events):
Event: 3.882 Thread 0x00000000023dd800 Uncommon trap: reason=unstable_if action=reinterpret pc=0x0000000002ac96bc method=map.CubeMap.getCube(Lutil/Vec3;)Lmap/CubeData; @ 55
Event: 3.882 Thread 0x00000000023dd800 Uncommon trap: reason=unstable_if action=reinterpret pc=0x0000000002abf840 method=map.CubeMap.getCube(Lutil/Vec3;)Lmap/CubeData; @ 55
Event: 4.499 Thread 0x00000000023dd800 Uncommon trap: reason=unstable_if action=reinterpret pc=0x0000000002b09ba0 method=map.CubeMap.getCube(Lutil/Vec3;)Lmap/CubeData; @ 45
Event: 4.499 Thread 0x00000000023dd800 Uncommon trap: reason=unstable_if action=reinterpret pc=0x0000000002aed2c8 method=map.CubeMap.getCube(Lutil/Vec3;)Lmap/CubeData; @ 45
Event: 4.499 Thread 0x00000000023dd800 Uncommon trap: reason=unstable_if action=reinterpret pc=0x0000000002aee580 method=map.CubeMap.getCube(Lutil/Vec3;)Lmap/CubeData; @ 45
Event: 4.499 Thread 0x00000000023dd800 Uncommon trap: reason=unstable_if action=reinterpret pc=0x0000000002b0c7a4 method=map.CubeMap.getCube(Lutil/Vec3;)Lmap/CubeData; @ 45
Event: 6.301 Thread 0x00000000023dd800 Uncommon trap: reason=unstable_if action=reinterpret pc=0x0000000002b0fc1c method=map.CubeMap.getCube(Lutil/Vec3;)Lmap/CubeData; @ 35
Event: 6.301 Thread 0x00000000023dd800 Uncommon trap: reason=unstable_if action=reinterpret pc=0x0000000002b12294 method=map.CubeMap.getCube(Lutil/Vec3;)Lmap/CubeData; @ 35
Event: 6.301 Thread 0x00000000023dd800 Uncommon trap: reason=unstable_if action=reinterpret pc=0x0000000002b288d0 method=map.CubeMap.getCube(Lutil/Vec3;)Lmap/CubeData; @ 35
Event: 6.301 Thread 0x00000000023dd800 Uncommon trap: reason=unstable_if action=reinterpret pc=0x0000000002b135b8 method=map.CubeMap.getCube(Lutil/Vec3;)Lmap/CubeData; @ 35

Internal exceptions (10 events):
Event: 0.098 Thread 0x00000000023dd800 Exception <a 'java/security/PrivilegedActionException'> (0x00000000d61fc5c8) thrown at [C:\re\workspace\8-2-build-windows-amd64-cygwin\jdk8u51\3951\hotspot\src\share\vm\prims\jvm.cpp, line 1382]
Event: 0.098 Thread 0x00000000023dd800 Exception <a 'java/security/PrivilegedActionException'> (0x00000000d61fc780) thrown at [C:\re\workspace\8-2-build-windows-amd64-cygwin\jdk8u51\3951\hotspot\src\share\vm\prims\jvm.cpp, line 1382]
Event: 0.332 Thread 0x00000000023dd800 Exception <a 'java/lang/NoSuchFieldError': method resolution failed> (0x00000000d65eb0f8) thrown at [C:\re\workspace\8-2-build-windows-amd64-cygwin\jdk8u51\3951\hotspot\src\share\vm\prims\methodHandles.cpp, line 1125]
Event: 0.334 Thread 0x00000000023dd800 Exception <a 'java/lang/NoSuchFieldError': method resolution failed> (0x00000000d65f97c8) thrown at [C:\re\workspace\8-2-build-windows-amd64-cygwin\jdk8u51\3951\hotspot\src\share\vm\prims\methodHandles.cpp, line 1125]
Event: 0.362 Thread 0x00000000023dd800 Exception <a 'java/security/PrivilegedActionException'> (0x00000000d66bcab0) thrown at [C:\re\workspace\8-2-build-windows-amd64-cygwin\jdk8u51\3951\hotspot\src\share\vm\prims\jvm.cpp, line 1382]
Event: 0.362 Thread 0x00000000023dd800 Exception <a 'java/security/PrivilegedActionException'> (0x00000000d66bcc68) thrown at [C:\re\workspace\8-2-build-windows-amd64-cygwin\jdk8u51\3951\hotspot\src\share\vm\prims\jvm.cpp, line 1382]
Event: 0.362 Thread 0x00000000023dd800 Exception <a 'java/security/PrivilegedActionException'> (0x00000000d66c0a00) thrown at [C:\re\workspace\8-2-build-windows-amd64-cygwin\jdk8u51\3951\hotspot\src\share\vm\prims\jvm.cpp, line 1382]
Event: 0.362 Thread 0x00000000023dd800 Exception <a 'java/security/PrivilegedActionException'> (0x00000000d66c0bb8) thrown at [C:\re\workspace\8-2-build-windows-amd64-cygwin\jdk8u51\3951\hotspot\src\share\vm\prims\jvm.cpp, line 1382]
Event: 0.366 Thread 0x00000000023dd800 Exception <a 'java/io/FileNotFoundException'> (0x00000000d66c2ee0) thrown at [C:\re\workspace\8-2-build-windows-amd64-cygwin\jdk8u51\3951\hotspot\src\share\vm\prims\jni.cpp, line 709]
Event: 0.390 Thread 0x00000000023dd800 Exception <a 'java/io/FileNotFoundException'> (0x00000000d6703148) thrown at [C:\re\workspace\8-2-build-windows-amd64-cygwin\jdk8u51\3951\hotspot\src\share\vm\prims\jni.cpp, line 709]

Events (10 events):
Event: 6.820 loading class util/Mutable
Event: 6.820 loading class util/Mutable done
Event: 6.820 loading class util/Mutable
Event: 6.820 loading class util/Mutable done
Event: 6.820 loading class util/Mutable
Event: 6.820 loading class util/Mutable done
Event: 6.820 loading class util/Mutable
Event: 6.820 loading class util/Mutable done
Event: 6.821 Thread 0x00000000023dd800 DEOPT PACKING pc=0x00000000029306a8 sp=0x00000000024deaa0
Event: 6.821 Thread 0x00000000023dd800 DEOPT UNPACKING pc=0x000000000262787f sp=0x00000000024de7f0 mode 0


Dynamic libraries:
0x00007ff6687b0000 - 0x00007ff6687e7000 	C:\Program Files\Java\jdk1.8.0_51\bin\java.exe
0x00007ffae4ee0000 - 0x00007ffae508d000 	C:\WINDOWS\SYSTEM32\ntdll.dll
0x00007ffae2600000 - 0x00007ffae273e000 	C:\WINDOWS\system32\KERNEL32.DLL
0x00007ffae21b0000 - 0x00007ffae22c5000 	C:\WINDOWS\system32\KERNELBASE.dll
0x00007ffae0bd0000 - 0x00007ffae0c5e000 	C:\WINDOWS\system32\apphelp.dll
0x00007ffad11b0000 - 0x00007ffad1203000 	C:\WINDOWS\AppPatch\AppPatch64\AcGenral.DLL
0x00007ffae2ea0000 - 0x00007ffae2f4a000 	C:\WINDOWS\system32\msvcrt.dll
0x00007ffae1e80000 - 0x00007ffae1eae000 	C:\WINDOWS\SYSTEM32\SspiCli.dll
0x00007ffae29f0000 - 0x00007ffae2a44000 	C:\WINDOWS\system32\SHLWAPI.dll
0x00007ffae27b0000 - 0x00007ffae2927000 	C:\WINDOWS\system32\USER32.dll
0x00007ffae4870000 - 0x00007ffae4a04000 	C:\WINDOWS\system32\ole32.dll
0x00007ffae32b0000 - 0x00007ffae47da000 	C:\WINDOWS\system32\SHELL32.dll
0x00007ffae15d0000 - 0x00007ffae15f1000 	C:\WINDOWS\SYSTEM32\USERENV.dll
0x00007ffae2ab0000 - 0x00007ffae2b5a000 	C:\WINDOWS\system32\ADVAPI32.dll
0x00007ffad4490000 - 0x00007ffad44ae000 	C:\WINDOWS\SYSTEM32\MPR.dll
0x00007ffae4d90000 - 0x00007ffae4ed1000 	C:\WINDOWS\system32\RPCRT4.dll
0x00007ffae25a0000 - 0x00007ffae25f9000 	C:\WINDOWS\SYSTEM32\sechost.dll
0x00007ffae4b70000 - 0x00007ffae4d81000 	C:\WINDOWS\SYSTEM32\combase.dll
0x00007ffae2d50000 - 0x00007ffae2ea0000 	C:\WINDOWS\system32\GDI32.dll
0x00007ffae2030000 - 0x00007ffae2045000 	C:\WINDOWS\SYSTEM32\profapi.dll
0x00007ffae0ac0000 - 0x00007ffae0b72000 	C:\WINDOWS\SYSTEM32\SHCORE.dll
0x00007ffae2560000 - 0x00007ffae2596000 	C:\WINDOWS\system32\IMM32.DLL
0x00007ffae4a10000 - 0x00007ffae4b62000 	C:\WINDOWS\system32\MSCTF.dll
0x00007ffadfbf0000 - 0x00007ffadfe6b000 	C:\WINDOWS\WinSxS\amd64_microsoft.windows.common-controls_6595b64144ccf1df_6.0.9600.18006_none_623f33d3ecbe86e8\COMCTL32.dll
0x0000000058640000 - 0x0000000058712000 	C:\Program Files\Java\jdk1.8.0_51\jre\bin\msvcr100.dll
0x0000000058720000 - 0x0000000058fa3000 	C:\Program Files\Java\jdk1.8.0_51\jre\bin\server\jvm.dll
0x00007ffad3810000 - 0x00007ffad3819000 	C:\WINDOWS\SYSTEM32\WSOCK32.dll
0x00007ffaddee0000 - 0x00007ffaddf02000 	C:\WINDOWS\SYSTEM32\WINMM.dll
0x00007ffadf3c0000 - 0x00007ffadf3ca000 	C:\WINDOWS\SYSTEM32\VERSION.dll
0x00007ffae2b60000 - 0x00007ffae2b67000 	C:\WINDOWS\system32\PSAPI.DLL
0x00007ffae4810000 - 0x00007ffae486a000 	C:\WINDOWS\system32\WS2_32.dll
0x00007ffaddeb0000 - 0x00007ffaddeda000 	C:\WINDOWS\SYSTEM32\WINMMBASE.dll
0x00007ffae47f0000 - 0x00007ffae47f9000 	C:\WINDOWS\system32\NSI.dll
0x00007ffae22d0000 - 0x00007ffae231f000 	C:\WINDOWS\SYSTEM32\cfgmgr32.dll
0x00007ffae0e20000 - 0x00007ffae0e48000 	C:\WINDOWS\SYSTEM32\DEVOBJ.dll
0x00000000585f0000 - 0x00000000585ff000 	C:\Program Files\Java\jdk1.8.0_51\jre\bin\verify.dll
0x00000000585c0000 - 0x00000000585e9000 	C:\Program Files\Java\jdk1.8.0_51\jre\bin\java.dll
0x00000000585a0000 - 0x00000000585b6000 	C:\Program Files\Java\jdk1.8.0_51\jre\bin\zip.dll
0x0000000180000000 - 0x0000000180051000 	C:\Users\Rory\Desktop\Programs\Current Projects\OGPC 2016 Java\natives\lwjgl64.dll
0x00007ffad0000000 - 0x00007ffad012b000 	C:\WINDOWS\SYSTEM32\OPENGL32.dll
0x00007ffadafb0000 - 0x00007ffadafde000 	C:\WINDOWS\SYSTEM32\GLU32.dll
0x00007ffadafe0000 - 0x00007ffadb0d8000 	C:\WINDOWS\SYSTEM32\DDRAW.dll
0x00007ffaddd40000 - 0x00007ffaddd49000 	C:\WINDOWS\SYSTEM32\DCIMAN32.dll
0x00007ffae0ca0000 - 0x00007ffae0dc9000 	C:\WINDOWS\system32\uxtheme.dll
0x00007ffadfe70000 - 0x00007ffadfe91000 	C:\WINDOWS\system32\dwmapi.dll
0x00007ffad3ea0000 - 0x00007ffad3ecc000 	C:\WINDOWS\SYSTEM32\nvoglshim64.dll
0x000000001a280000 - 0x000000001a9fe000 	C:\WINDOWS\system32\ig7icd64.dll
0x00007ffade1c0000 - 0x00007ffade600000 	C:\WINDOWS\SYSTEM32\igdusc64.dll
0x00007ffae0e70000 - 0x00007ffae0e7b000 	C:\WINDOWS\SYSTEM32\kernel.appcore.dll
0x00007ffae1f20000 - 0x00007ffae1f2b000 	C:\WINDOWS\SYSTEM32\CRYPTBASE.dll
0x00007ffae1eb0000 - 0x00007ffae1f13000 	C:\WINDOWS\SYSTEM32\bcryptPrimitives.dll
0x00007ffadd500000 - 0x00007ffadd592000 	C:\WINDOWS\SYSTEM32\mscms.dll
0x00007ffad1160000 - 0x00007ffad11a1000 	C:\WINDOWS\SYSTEM32\icm32.dll
0x00007ffae1fd0000 - 0x00007ffae2016000 	C:\WINDOWS\SYSTEM32\powrprof.dll
0x00000000583c0000 - 0x0000000058558000 	C:\Program Files\Java\jdk1.8.0_51\jre\bin\awt.dll
0x00007ffae3120000 - 0x00007ffae31e1000 	C:\WINDOWS\system32\OLEAUT32.dll
0x0000000058370000 - 0x00000000583b7000 	C:\Program Files\Java\jdk1.8.0_51\jre\bin\fontmanager.dll
0x0000000058580000 - 0x000000005859a000 	C:\Program Files\Java\jdk1.8.0_51\jre\bin\net.dll
0x00007ffae1840000 - 0x00007ffae1899000 	C:\WINDOWS\system32\mswsock.dll
0x0000000058560000 - 0x0000000058571000 	C:\Program Files\Java\jdk1.8.0_51\jre\bin\nio.dll
0x0000000058320000 - 0x0000000058362000 	C:\Program Files\Java\jdk1.8.0_51\jre\bin\t2k.dll
0x00007ffae2930000 - 0x00007ffae29e6000 	C:\WINDOWS\SYSTEM32\clbcatq.dll
0x00007ffad5a40000 - 0x00007ffad5bc9000 	C:\WINDOWS\SYSTEM32\dbghelp.dll

VM Arguments:
jvm_args: -Dfile.encoding=UTF-8 -Dorg.lwjgl.opengl.Display.allowSoftwareOpenGL=true 
java_command: invisibleman.Client
java_class_path (initial): C:\Users\Rory\Desktop\Programs\Current Projects\OGPC 2016 Java\lib\jfxrt.jar;C:\Users\Rory\Desktop\Programs\Current Projects\OGPC 2016 Java\lib\jinput.jar;C:\Users\Rory\Desktop\Programs\Current Projects\OGPC 2016 Java\lib\lwjgl.jar;C:\Users\Rory\Desktop\Programs\Current Projects\OGPC 2016 Java\lib\lwjgl_util.jar;C:\Users\Rory\Desktop\Programs\Current Projects\OGPC 2016 Java\lib\slick-util.jar;C:\Users\Rory\Desktop\Programs\Current Projects\OGPC 2016 Java\lib\protonpack-1.1.jar;C:\Users\Rory\Desktop\Programs\Current Projects\OGPC 2016 Java\lib\Forge.jar;C:\Users\Rory\Desktop\Programs\Current Projects\OGPC 2016 Java\build\classes
Launcher Type: SUN_STANDARD

Environment Variables:
PATH=C:\ProgramData\Oracle\Java\javapath;C:\Program Files (x86)\Intel\iCLS Client\;C:\Program Files\Intel\iCLS Client\;C:\WINDOWS\system32;C:\WINDOWS;C:\WINDOWS\System32\Wbem;C:\WINDOWS\System32\WindowsPowerShell\v1.0\;C:\Program Files (x86)\Intel\OpenCL SDK\2.0\bin\x86;C:\Program Files (x86)\Intel\OpenCL SDK\2.0\bin\x64;C:\Program Files\Intel\Intel(R) Management Engine Components\DAL;C:\Program Files\Intel\Intel(R) Management Engine Components\IPT;C:\Program Files (x86)\Intel\Intel(R) Management Engine Components\DAL;C:\Program Files (x86)\Intel\Intel(R) Management Engine Components\IPT;C:\Program Files\Lenovo\Bluetooth Software\;C:\Program Files\Lenovo\Bluetooth Software\syswow64;C:\Program Files\Intel\WiFi\bin\;C:\Program Files\Common Files\Intel\WirelessCommon\;C:\Program Files\SlikSvn\bin;C:\Program Files (x86)\NVIDIA Corporation\PhysX\Common;C:\Program Files (x86)\Skype\Phone\
USERNAME=Rory
OS=Windows_NT
PROCESSOR_IDENTIFIER=Intel64 Family 6 Model 58 Stepping 9, GenuineIntel



---------------  S Y S T E M  ---------------

OS: Windows 8.1 , 64 bit Build 9600 (6.3.9600.17415)

CPU:total 8 (4 cores per cpu, 2 threads per core) family 6 model 58 stepping 9, cmov, cx8, fxsr, mmx, sse, sse2, sse3, ssse3, sse4.1, sse4.2, popcnt, avx, aes, clmul, erms, ht, tsc, tscinvbit, tscinv

Memory: 4k page, physical 8251156k(2107400k free), swap 9561876k(2649764k free)

vm_info: Java HotSpot(TM) 64-Bit Server VM (25.51-b03) for windows-amd64 JRE (1.8.0_51-b16), built on Jun  8 2015 18:03:07 by "java_re" with MS VC++ 10.0 (VS2010)

time: Mon Apr 18 19:35:52 2016
elapsed time: 6 seconds (0d 0h 0m 6s)

