#
# A fatal error has been detected by the Java Runtime Environment:
#
#  EXCEPTION_ACCESS_VIOLATION (0xc0000005) at pc=0x000007feeaa01f44, pid=4636, tid=712
#
# JRE version: Java(TM) SE Runtime Environment (8.0_65-b17) (build 1.8.0_65-b17)
# Java VM: Java HotSpot(TM) 64-Bit Server VM (25.65-b01 mixed mode windows-amd64 compressed oops)
# Problematic frame:
# C  [ig7icd64.dll+0x21f44]
#
# Failed to write core dump. Minidumps are not enabled by default on client versions of Windows
#
# If you would like to submit a bug report, please visit:
#   http://bugreport.java.com/bugreport/crash.jsp
# The crash happened outside the Java Virtual Machine in native code.
# See problematic frame for where to report the bug.
#

---------------  T H R E A D  ---------------

Current thread (0x00000000020bf000):  JavaThread "main" [_thread_in_native, id=712, stack(0x0000000002430000,0x0000000002530000)]

siginfo: ExceptionCode=0xc0000005, writing address 0x00000000021ca000

Registers:
RAX=0x0000000000000001, RBX=0x000000005986e000, RCX=0x00000000021ca010, RDX=0x000000005c600140
RSP=0x000000000252e3d0, RBP=0x000000005b428df0, RSI=0x000000005b42ab00, RDI=0x000000005c5ffdc0
R8 =0x0000000000000020, R9 =0x0000000000000000, R10=0x0000000000000001, R11=0x0000000000000002
R12=0x0000000000000000, R13=0x000000005c5e8480, R14=0x0000000000000000, R15=0x0000000000000000
RIP=0x000007feeaa01f44, EFLAGS=0x0000000000010202

Top of Stack: (sp=0x000000000252e3d0)
0x000000000252e3d0:   0000000056eb7c28 0000000000000000
0x000000000252e3e0:   0000000056eab370 0000000000000000
0x000000000252e3f0:   000000000252e418 000000000252e468
0x000000000252e400:   0000000002807cc1 0000000083a68d98
0x000000000252e410:   0000000000416660 000007feeabfcc57
0x000000000252e420:   000000005986e000 c1e64065bfae14ca
0x000000000252e430:   c2671270c1fabfa2 000000003fae0be1
0x000000000252e440:   0000000000000001 000007feeac1bbd3
0x000000000252e450:   000000005c600130 0000000000000000
0x000000000252e460:   c034000000000000 0000000000000000
0x000000000252e470:   000000005c6a6bc0 00000000598d9470
0x000000000252e480:   000000005c5fff28 000000005c5ffdc0
0x000000000252e490:   0000000000000001 000000005c678c40
0x000000000252e4a0:   000000005986e000 000007feeac34e78
0x000000000252e4b0:   0000000000000002 000000005c678f01
0x000000000252e4c0:   000000005c5fff28 0000000000000000 

Instructions: (pc=0x000007feeaa01f44)
0x000007feeaa01f24:   d1 49 c1 eb 04 4d 85 db 0f 84 24 02 00 00 f3 0f
0x000007feeaa01f34:   6f 02 41 ff c2 48 83 c1 10 41 8b c2 48 83 c2 10
0x000007feeaa01f44:   f3 0f 7f 41 f0 49 3b c3 72 e4 e9 03 02 00 00 48
0x000007feeaa01f54:   89 7c 24 40 8b f9 83 e7 0f 74 68 48 89 5c 24 50 


Register to memory mapping:

RAX=0x0000000000000001 is an unknown value
RBX=0x000000005986e000 is an unknown value
RCX=0x00000000021ca010 is an unknown value
RDX=0x000000005c600140 is an unknown value
RSP=0x000000000252e3d0 is pointing into the stack for thread: 0x00000000020bf000
RBP=0x000000005b428df0 is an unknown value
RSI=0x000000005b42ab00 is an unknown value
RDI=0x000000005c5ffdc0 is an unknown value
R8 =0x0000000000000020 is an unknown value
R9 =0x0000000000000000 is an unknown value
R10=0x0000000000000001 is an unknown value
R11=0x0000000000000002 is an unknown value
R12=0x0000000000000000 is an unknown value
R13=0x000000005c5e8480 is an unknown value
R14=0x0000000000000000 is an unknown value
R15=0x0000000000000000 is an unknown value


Stack: [0x0000000002430000,0x0000000002530000],  sp=0x000000000252e3d0,  free space=1016k
Native frames: (J=compiled Java code, j=interpreted, Vv=VM code, C=native code)
C  [ig7icd64.dll+0x21f44]
C  [ig7icd64.dll+0x21cc57]
C  [ig7icd64.dll+0x254e78]
C  [ig7icd64.dll+0x1fe146]
C  [ig7icd64.dll+0x156d58]
C  [ig7icd64.dll+0x2dc07c]
C  [ig7icd64.dll+0x3ba832]
C  [ig7icd64.dll+0x4f6201]
C  [ig7icd64.dll+0x47433f]
C  [ig7icd64.dll+0x474abc]
C  0x0000000002dfa2ca

Java frames: (J=compiled Java code, j=interpreted, Vv=VM code)
J 1774  org.lwjgl.opengl.GL11.nglCallList(IJ)V (0 bytes) @ 0x0000000002dfa244 [0x0000000002dfa200+0x44]
J 1900 C2 map.CubeMap$$Lambda$124.accept(Ljava/lang/Object;Ljava/lang/Object;)V (12 bytes) @ 0x0000000002e89248 [0x0000000002e89140+0x108]
J 1732 C2 util.Util$$Lambda$66.accept(Ljava/lang/Object;)V (20 bytes) @ 0x0000000002d892fc [0x0000000002d89280+0x7c]
J 1468 C2 util.Util.forRange(IILjava/util/function/Consumer;)V (24 bytes) @ 0x0000000002cdd968 [0x0000000002cdd6a0+0x2c8]
J 1983 C1 map.CubeMap.drawAll()V (49 bytes) @ 0x0000000002ed401c [0x0000000002ed2de0+0x123c]
J 1981 C1 map.Editor$$Lambda$83.run()V (4 bytes) @ 0x0000000002ece2fc [0x0000000002ece240+0xbc]
J 2004 C2 engine.EventStream$$Lambda$2.accept(Ljava/lang/Object;)V (12 bytes) @ 0x0000000002ee1288 [0x0000000002ee1240+0x48]
J 1896 C2 engine.EventStream$$Lambda$34.accept(Ljava/lang/Object;)V (10 bytes) @ 0x0000000002e82b68 [0x0000000002e82b20+0x48]
J 1818 C2 java.util.ArrayList.forEach(Ljava/util/function/Consumer;)V (75 bytes) @ 0x0000000002e44a48 [0x0000000002e449a0+0xa8]
J 1797 C1 engine.Core$$Lambda$54.accept(Ljava/lang/Object;)V (8 bytes) @ 0x0000000002e13ed4 [0x0000000002e13a80+0x454]
J 1814 C1 java.lang.Iterable.forEach(Ljava/util/function/Consumer;)V (39 bytes) @ 0x0000000002e3fcbc [0x0000000002e3f9e0+0x2dc]
J 895% C2 engine.Core.run()V (114 bytes) @ 0x0000000002b2db68 [0x0000000002b2daa0+0xc8]
j  map.Editor.start(Ljava/lang/String;Ljava/lang/String;)V+489
j  guis.Play.recieve(Ljava/lang/String;Ljava/lang/Object;)V+295
j  gui.components.GUIButton.send()V+68
j  gui.TypingManager.compOpen(Lgui/types/GUIInputComponent;)V+24
j  gui.TypingManager.lambda$null$7()V+93
j  gui.TypingManager$$Lambda$36.run()V+0
J 969 C1 engine.EventStream$$Lambda$2.accept(Ljava/lang/Object;)V (12 bytes) @ 0x0000000002b51ccc [0x0000000002b51aa0+0x22c]
J 964 C1 engine.EventStream$$Lambda$3.run()V (12 bytes) @ 0x0000000002b4fecc [0x0000000002b4fd80+0x14c]
J 963 C1 engine.EventStream$$Lambda$34.accept(Ljava/lang/Object;)V (10 bytes) @ 0x0000000002b4fa34 [0x0000000002b4f840+0x1f4]
J 914 C1 java.util.ArrayList.forEach(Ljava/util/function/Consumer;)V (75 bytes) @ 0x0000000002b3c444 [0x0000000002b3c240+0x204]
J 975 C1 engine.Signal.set(Ljava/lang/Object;)V (10 bytes) @ 0x0000000002b54994 [0x0000000002b54600+0x394]
j  engine.Signal.lambda$filter$27(Ljava/util/function/Predicate;Lengine/Signal;)V+18
j  engine.Signal$$Lambda$5.accept(Ljava/lang/Object;)V+12
J 964 C1 engine.EventStream$$Lambda$3.run()V (12 bytes) @ 0x0000000002b4fecc [0x0000000002b4fd80+0x14c]
J 963 C1 engine.EventStream$$Lambda$34.accept(Ljava/lang/Object;)V (10 bytes) @ 0x0000000002b4fa34 [0x0000000002b4f840+0x1f4]
J 914 C1 java.util.ArrayList.forEach(Ljava/util/function/Consumer;)V (75 bytes) @ 0x0000000002b3c444 [0x0000000002b3c240+0x204]
J 975 C1 engine.Signal.set(Ljava/lang/Object;)V (10 bytes) @ 0x0000000002b54994 [0x0000000002b54600+0x394]
j  engine.Input.lambda$static$45()V+156
j  engine.Input$$Lambda$1.run()V+0
J 969 C1 engine.EventStream$$Lambda$2.accept(Ljava/lang/Object;)V (12 bytes) @ 0x0000000002b51ccc [0x0000000002b51aa0+0x22c]
J 964 C1 engine.EventStream$$Lambda$3.run()V (12 bytes) @ 0x0000000002b4fecc [0x0000000002b4fd80+0x14c]
J 963 C1 engine.EventStream$$Lambda$34.accept(Ljava/lang/Object;)V (10 bytes) @ 0x0000000002b4fa34 [0x0000000002b4f840+0x1f4]
J 914 C1 java.util.ArrayList.forEach(Ljava/util/function/Consumer;)V (75 bytes) @ 0x0000000002b3c444 [0x0000000002b3c240+0x204]
J 975 C1 engine.Signal.set(Ljava/lang/Object;)V (10 bytes) @ 0x0000000002b54994 [0x0000000002b54600+0x394]
j  engine.Core.lambda$run$36(DLengine/Signal;)V+5
j  engine.Core$$Lambda$50.accept(Ljava/lang/Object;)V+8
j  java.lang.Iterable.forEach(Ljava/util/function/Consumer;)V+30
J 895% C2 engine.Core.run()V (114 bytes) @ 0x0000000002b2db34 [0x0000000002b2daa0+0x94]
j  invisibleman.Client.main([Ljava/lang/String;)V+146
v  ~StubRoutines::call_stub

---------------  P R O C E S S  ---------------

Java Threads: ( => current thread )
  0x000000005901c000 JavaThread "AWT-Windows" daemon [_thread_in_native, id=3284, stack(0x000000005e600000,0x000000005e700000)]
  0x0000000059010800 JavaThread "Java2D Disposer" daemon [_thread_blocked, id=4440, stack(0x000000005e490000,0x000000005e590000)]
  0x0000000058d61800 JavaThread "Service Thread" daemon [_thread_blocked, id=4612, stack(0x0000000059120000,0x0000000059220000)]
  0x0000000058d00800 JavaThread "C1 CompilerThread2" daemon [_thread_blocked, id=4808, stack(0x0000000059240000,0x0000000059340000)]
  0x00000000573ce800 JavaThread "C2 CompilerThread1" daemon [_thread_blocked, id=312, stack(0x0000000058c00000,0x0000000058d00000)]
  0x00000000573c7000 JavaThread "C2 CompilerThread0" daemon [_thread_blocked, id=6560, stack(0x0000000058700000,0x0000000058800000)]
  0x00000000573c3800 JavaThread "Attach Listener" daemon [_thread_blocked, id=5760, stack(0x00000000589f0000,0x0000000058af0000)]
  0x00000000573c1000 JavaThread "Signal Dispatcher" daemon [_thread_blocked, id=6180, stack(0x0000000058800000,0x0000000058900000)]
  0x0000000057367000 JavaThread "Finalizer" daemon [_thread_blocked, id=6388, stack(0x00000000585f0000,0x00000000586f0000)]
  0x0000000057360000 JavaThread "Reference Handler" daemon [_thread_blocked, id=6964, stack(0x0000000058320000,0x0000000058420000)]
=>0x00000000020bf000 JavaThread "main" [_thread_in_native, id=712, stack(0x0000000002430000,0x0000000002530000)]

Other Threads:
  0x000000005735a800 VMThread [stack: 0x0000000058430000,0x0000000058530000] [id=728]
  0x0000000058d85000 WatcherThread [stack: 0x0000000059340000,0x0000000059440000] [id=5364]

VM state:not at safepoint (normal execution)

VM Mutex/Monitor currently owned by a thread: None

Heap:
 PSYoungGen      total 464896K, used 407264K [0x00000000d6580000, 0x00000000fa700000, 0x0000000100000000)
  eden space 462336K, 88% used [0x00000000d6580000,0x00000000ef318200,0x00000000f2900000)
  from space 2560K, 5% used [0x00000000fa200000,0x00000000fa220000,0x00000000fa480000)
  to   space 2560K, 0% used [0x00000000fa480000,0x00000000fa480000,0x00000000fa700000)
 ParOldGen       total 86016K, used 12007K [0x0000000083000000, 0x0000000088400000, 0x00000000d6580000)
  object space 86016K, 13% used [0x0000000083000000,0x0000000083bb9c80,0x0000000088400000)
 Metaspace       used 10667K, capacity 11287K, committed 11520K, reserved 1058816K
  class space    used 1115K, capacity 1246K, committed 1280K, reserved 1048576K

Card table byte_map: [0x0000000011bc0000,0x0000000011fb0000] byte_map_base: 0x00000000117a8000

Marking Bits: (ParMarkBitMap*) 0x0000000063d2a5b0
 Begin Bits: [0x0000000012760000, 0x00000000146a0000)
 End Bits:   [0x00000000146a0000, 0x00000000165e0000)

Polling page: 0x0000000000240000

CodeCache: size=245760Kb used=7200Kb max_used=7211Kb free=238559Kb
 bounds [0x0000000002800000, 0x0000000002f20000, 0x0000000011800000]
 total_blobs=2620 nmethods=2051 adapters=482
 compilation: enabled

Compilation events (10 events):
Event: 17.941 Thread 0x00000000573ce800 nmethod 2057 0x0000000002ef4f50 code [0x0000000002ef5080, 0x0000000002ef5138]
Event: 17.941 Thread 0x00000000573c7000 nmethod 2056 0x0000000002eea450 code [0x0000000002eea5a0, 0x0000000002eea6d8]
Event: 17.965 Thread 0x00000000573ce800 2058       4       java.nio.DirectFloatBufferU::put (157 bytes)
Event: 17.967 Thread 0x00000000573ce800 nmethod 2058 0x0000000002ef6ad0 code [0x0000000002ef6c20, 0x0000000002ef6e58]
Event: 18.415 Thread 0x0000000058d00800 2059  s    3       org.lwjgl.opengl.EventQueue::putEvent (80 bytes)
Event: 18.416 Thread 0x0000000058d00800 nmethod 2059 0x0000000002f0ed90 code [0x0000000002f0efe0, 0x0000000002f10068]
Event: 18.767 Thread 0x00000000573c7000 2060       4       graphics.data.Texture::bind (12 bytes)
Event: 18.768 Thread 0x00000000573c7000 nmethod 2060 0x000000000290a290 code [0x000000000290a3e0, 0x000000000290a508]
Event: 18.777 Thread 0x00000000573ce800 2061       4       util.Vec3::multiply (26 bytes)
Event: 18.778 Thread 0x00000000573ce800 nmethod 2061 0x0000000002909610 code [0x0000000002909760, 0x0000000002909858]

GC Heap History (10 events):
Event: 7.206 GC heap before
{Heap before GC invocations=35 (full 0):
 PSYoungGen      total 198656K, used 198176K [0x00000000d6580000, 0x00000000fab80000, 0x0000000100000000)
  eden space 198144K, 100% used [0x00000000d6580000,0x00000000e2700000,0x00000000e2700000)
  from space 512K, 6% used [0x00000000fab00000,0x00000000fab08000,0x00000000fab80000)
  to   space 3584K, 0% used [0x00000000fa480000,0x00000000fa480000,0x00000000fa800000)
 ParOldGen       total 86016K, used 11991K [0x0000000083000000, 0x0000000088400000, 0x00000000d6580000)
  object space 86016K, 13% used [0x0000000083000000,0x0000000083bb5c80,0x0000000088400000)
 Metaspace       used 10412K, capacity 10983K, committed 11264K, reserved 1058816K
  class space    used 1094K, capacity 1232K, committed 1280K, reserved 1048576K
Event: 7.206 GC heap after
Heap after GC invocations=35 (full 0):
 PSYoungGen      total 251392K, used 32K [0x00000000d6580000, 0x00000000fab80000, 0x0000000100000000)
  eden space 247808K, 0% used [0x00000000d6580000,0x00000000d6580000,0x00000000e5780000)
  from space 3584K, 0% used [0x00000000fa480000,0x00000000fa488000,0x00000000fa800000)
  to   space 3072K, 0% used [0x00000000fa880000,0x00000000fa880000,0x00000000fab80000)
 ParOldGen       total 86016K, used 11999K [0x0000000083000000, 0x0000000088400000, 0x00000000d6580000)
  object space 86016K, 13% used [0x0000000083000000,0x0000000083bb7c80,0x0000000088400000)
 Metaspace       used 10412K, capacity 10983K, committed 11264K, reserved 1058816K
  class space    used 1094K, capacity 1232K, committed 1280K, reserved 1048576K
}
Event: 7.287 GC heap before
{Heap before GC invocations=36 (full 0):
 PSYoungGen      total 251392K, used 247840K [0x00000000d6580000, 0x00000000fab80000, 0x0000000100000000)
  eden space 247808K, 100% used [0x00000000d6580000,0x00000000e5780000,0x00000000e5780000)
  from space 3584K, 0% used [0x00000000fa480000,0x00000000fa488000,0x00000000fa800000)
  to   space 3072K, 0% used [0x00000000fa880000,0x00000000fa880000,0x00000000fab80000)
 ParOldGen       total 86016K, used 11999K [0x0000000083000000, 0x0000000088400000, 0x00000000d6580000)
  object space 86016K, 13% used [0x0000000083000000,0x0000000083bb7c80,0x0000000088400000)
 Metaspace       used 10412K, capacity 10983K, committed 11264K, reserved 1058816K
  class space    used 1094K, capacity 1232K, committed 1280K, reserved 1048576K
Event: 7.288 GC heap after
Heap after GC invocations=36 (full 0):
 PSYoungGen      total 310272K, used 32K [0x00000000d6580000, 0x00000000fa900000, 0x0000000100000000)
  eden space 309760K, 0% used [0x00000000d6580000,0x00000000d6580000,0x00000000e9400000)
  from space 512K, 6% used [0x00000000fa880000,0x00000000fa888000,0x00000000fa900000)
  to   space 3072K, 0% used [0x00000000fa300000,0x00000000fa300000,0x00000000fa600000)
 ParOldGen       total 86016K, used 11999K [0x0000000083000000, 0x0000000088400000, 0x00000000d6580000)
  object space 86016K, 13% used [0x0000000083000000,0x0000000083bb7c80,0x0000000088400000)
 Metaspace       used 10412K, capacity 10983K, committed 11264K, reserved 1058816K
  class space    used 1094K, capacity 1232K, committed 1280K, reserved 1048576K
}
Event: 7.421 GC heap before
{Heap before GC invocations=37 (full 0):
 PSYoungGen      total 310272K, used 309792K [0x00000000d6580000, 0x00000000fa900000, 0x0000000100000000)
  eden space 309760K, 100% used [0x00000000d6580000,0x00000000e9400000,0x00000000e9400000)
  from space 512K, 6% used [0x00000000fa880000,0x00000000fa888000,0x00000000fa900000)
  to   space 3072K, 0% used [0x00000000fa300000,0x00000000fa300000,0x00000000fa600000)
 ParOldGen       total 86016K, used 11999K [0x0000000083000000, 0x0000000088400000, 0x00000000d6580000)
  object space 86016K, 13% used [0x0000000083000000,0x0000000083bb7c80,0x0000000088400000)
 Metaspace       used 10412K, capacity 10983K, committed 11264K, reserved 1058816K
  class space    used 1094K, capacity 1232K, committed 1280K, reserved 1048576K
Event: 7.422 GC heap after
Heap after GC invocations=37 (full 0):
 PSYoungGen      total 390656K, used 64K [0x00000000d6580000, 0x00000000fa900000, 0x0000000100000000)
  eden space 387584K, 0% used [0x00000000d6580000,0x00000000d6580000,0x00000000ee000000)
  from space 3072K, 2% used [0x00000000fa300000,0x00000000fa310000,0x00000000fa600000)
  to   space 2560K, 0% used [0x00000000fa680000,0x00000000fa680000,0x00000000fa900000)
 ParOldGen       total 86016K, used 11999K [0x0000000083000000, 0x0000000088400000, 0x00000000d6580000)
  object space 86016K, 13% used [0x0000000083000000,0x0000000083bb7c80,0x0000000088400000)
 Metaspace       used 10412K, capacity 10983K, committed 11264K, reserved 1058816K
  class space    used 1094K, capacity 1232K, committed 1280K, reserved 1048576K
}
Event: 7.595 GC heap before
{Heap before GC invocations=38 (full 0):
 PSYoungGen      total 390656K, used 387648K [0x00000000d6580000, 0x00000000fa900000, 0x0000000100000000)
  eden space 387584K, 100% used [0x00000000d6580000,0x00000000ee000000,0x00000000ee000000)
  from space 3072K, 2% used [0x00000000fa300000,0x00000000fa310000,0x00000000fa600000)
  to   space 2560K, 0% used [0x00000000fa680000,0x00000000fa680000,0x00000000fa900000)
 ParOldGen       total 86016K, used 11999K [0x0000000083000000, 0x0000000088400000, 0x00000000d6580000)
  object space 86016K, 13% used [0x0000000083000000,0x0000000083bb7c80,0x0000000088400000)
 Metaspace       used 10412K, capacity 10983K, committed 11264K, reserved 1058816K
  class space    used 1094K, capacity 1232K, committed 1280K, reserved 1048576K
Event: 7.596 GC heap after
Heap after GC invocations=38 (full 0):
 PSYoungGen      total 485376K, used 32K [0x00000000d6580000, 0x00000000fa700000, 0x0000000100000000)
  eden space 484864K, 0% used [0x00000000d6580000,0x00000000d6580000,0x00000000f3f00000)
  from space 512K, 6% used [0x00000000fa680000,0x00000000fa688000,0x00000000fa700000)
  to   space 2560K, 0% used [0x00000000fa200000,0x00000000fa200000,0x00000000fa480000)
 ParOldGen       total 86016K, used 11999K [0x0000000083000000, 0x0000000088400000, 0x00000000d6580000)
  object space 86016K, 13% used [0x0000000083000000,0x0000000083bb7c80,0x0000000088400000)
 Metaspace       used 10412K, capacity 10983K, committed 11264K, reserved 1058816K
  class space    used 1094K, capacity 1232K, committed 1280K, reserved 1048576K
}
Event: 15.077 GC heap before
{Heap before GC invocations=39 (full 0):
 PSYoungGen      total 485376K, used 484896K [0x00000000d6580000, 0x00000000fa700000, 0x0000000100000000)
  eden space 484864K, 100% used [0x00000000d6580000,0x00000000f3f00000,0x00000000f3f00000)
  from space 512K, 6% used [0x00000000fa680000,0x00000000fa688000,0x00000000fa700000)
  to   space 2560K, 0% used [0x00000000fa200000,0x00000000fa200000,0x00000000fa480000)
 ParOldGen       total 86016K, used 11999K [0x0000000083000000, 0x0000000088400000, 0x00000000d6580000)
  object space 86016K, 13% used [0x0000000083000000,0x0000000083bb7c80,0x0000000088400000)
 Metaspace       used 10667K, capacity 11287K, committed 11520K, reserved 1058816K
  class space    used 1115K, capacity 1246K, committed 1280K, reserved 1048576K
Event: 15.078 GC heap after
Heap after GC invocations=39 (full 0):
 PSYoungGen      total 464896K, used 128K [0x00000000d6580000, 0x00000000fa700000, 0x0000000100000000)
  eden space 462336K, 0% used [0x00000000d6580000,0x00000000d6580000,0x00000000f2900000)
  from space 2560K, 5% used [0x00000000fa200000,0x00000000fa220000,0x00000000fa480000)
  to   space 2560K, 0% used [0x00000000fa480000,0x00000000fa480000,0x00000000fa700000)
 ParOldGen       total 86016K, used 12007K [0x0000000083000000, 0x0000000088400000, 0x00000000d6580000)
  object space 86016K, 13% used [0x0000000083000000,0x0000000083bb9c80,0x0000000088400000)
 Metaspace       used 10667K, capacity 11287K, committed 11520K, reserved 1058816K
  class space    used 1115K, capacity 1246K, committed 1280K, reserved 1048576K
}

Deoptimization events (10 events):
Event: 9.047 Thread 0x00000000020bf000 Uncommon trap: reason=unstable_if action=reinterpret pc=0x0000000002c4aa1c method=java.lang.StrictMath.floorOrCeil(DDDD)D @ 90
Event: 9.057 Thread 0x00000000020bf000 Uncommon trap: reason=unstable_if action=reinterpret pc=0x0000000002dee5a0 method=java.lang.StrictMath.floorOrCeil(DDDD)D @ 90
Event: 14.881 Thread 0x00000000020bf000 Uncommon trap: reason=bimorphic action=maybe_recompile pc=0x0000000002cf6558 method=java.util.stream.AbstractPipeline.copyInto(Ljava/util/stream/Sink;Ljava/util/Spliterator;)V @ 20
Event: 14.881 Thread 0x00000000020bf000 Uncommon trap: reason=unstable_if action=reinterpret pc=0x0000000002ce2348 method=java.util.Spliterator.getExactSizeIfKnown()J @ 9
Event: 14.882 Thread 0x00000000020bf000 Uncommon trap: reason=bimorphic action=maybe_recompile pc=0x0000000002cdbbc8 method=java.util.stream.AbstractPipeline.wrapSink(Ljava/util/stream/Sink;)Ljava/util/stream/Sink; @ 23
Event: 14.884 Thread 0x00000000020bf000 Uncommon trap: reason=unstable_if action=reinterpret pc=0x0000000002eb6dfc method=java.util.HashMap$KeySpliterator.forEachRemaining(Ljava/util/function/Consumer;)V @ 159
Event: 18.730 Thread 0x00000000020bf000 Uncommon trap: reason=bimorphic action=maybe_recompile pc=0x0000000002ce1fc8 method=java.util.stream.AbstractPipeline.<init>(Ljava/util/stream/AbstractPipeline;I)V @ 66
Event: 18.730 Thread 0x00000000020bf000 Uncommon trap: reason=bimorphic action=maybe_recompile pc=0x0000000002cf6558 method=java.util.stream.AbstractPipeline.copyInto(Ljava/util/stream/Sink;Ljava/util/Spliterator;)V @ 20
Event: 18.730 Thread 0x00000000020bf000 Uncommon trap: reason=bimorphic action=maybe_recompile pc=0x0000000002cdbbc8 method=java.util.stream.AbstractPipeline.wrapSink(Ljava/util/stream/Sink;)Ljava/util/stream/Sink; @ 23
Event: 18.730 Thread 0x00000000020bf000 Uncommon trap: reason=bimorphic action=maybe_recompile pc=0x0000000002f0ca0c method=java.util.stream.ReferencePipeline$2$1.accept(Ljava/lang/Object;)V @ 21

Internal exceptions (10 events):
Event: 0.657 Thread 0x00000000020bf000 Exception <a 'java/lang/NoSuchFieldError': method resolution failed> (0x00000000d6b2dab8) thrown at [C:\workspace\8-2-build-windows-amd64-cygwin\jdk8u65\4987\hotspot\src\share\vm\prims\methodHandles.cpp, line 1146]
Event: 0.682 Thread 0x00000000020bf000 Exception <a 'java/security/PrivilegedActionException'> (0x00000000d6bee280) thrown at [C:\workspace\8-2-build-windows-amd64-cygwin\jdk8u65\4987\hotspot\src\share\vm\prims\jvm.cpp, line 1386]
Event: 0.682 Thread 0x00000000020bf000 Exception <a 'java/security/PrivilegedActionException'> (0x00000000d6bee490) thrown at [C:\workspace\8-2-build-windows-amd64-cygwin\jdk8u65\4987\hotspot\src\share\vm\prims\jvm.cpp, line 1386]
Event: 0.683 Thread 0x00000000020bf000 Exception <a 'java/security/PrivilegedActionException'> (0x00000000d6bf22d8) thrown at [C:\workspace\8-2-build-windows-amd64-cygwin\jdk8u65\4987\hotspot\src\share\vm\prims\jvm.cpp, line 1386]
Event: 0.683 Thread 0x00000000020bf000 Exception <a 'java/security/PrivilegedActionException'> (0x00000000d6bf24e8) thrown at [C:\workspace\8-2-build-windows-amd64-cygwin\jdk8u65\4987\hotspot\src\share\vm\prims\jvm.cpp, line 1386]
Event: 0.687 Thread 0x00000000020bf000 Exception <a 'java/io/FileNotFoundException'> (0x00000000d6bf48d0) thrown at [C:\workspace\8-2-build-windows-amd64-cygwin\jdk8u65\4987\hotspot\src\share\vm\prims\jni.cpp, line 709]
Event: 0.713 Thread 0x00000000020bf000 Exception <a 'java/io/FileNotFoundException'> (0x00000000d6c36240) thrown at [C:\workspace\8-2-build-windows-amd64-cygwin\jdk8u65\4987\hotspot\src\share\vm\prims\jni.cpp, line 709]
Event: 0.730 Thread 0x00000000020bf000 Implicit null exception at 0x00000000029a234b to 0x00000000029a24fd
Event: 3.384 Thread 0x00000000020bf000 Implicit null exception at 0x0000000002c10a88 to 0x0000000002c10b16
Event: 3.384 Thread 0x00000000020bf000 Implicit null exception at 0x0000000002a1132f to 0x0000000002a113e1

Events (10 events):
Event: 18.730 Thread 0x00000000020bf000 DEOPT UNPACKING pc=0x000000000284582a sp=0x000000000252e150 mode 2
Event: 18.730 Thread 0x00000000020bf000 Uncommon trap: trap_request=0xffffffc6 fr.pc=0x0000000002cf6558
Event: 18.730 Thread 0x00000000020bf000 DEOPT PACKING pc=0x0000000002cf6558 sp=0x000000000252e2c0
Event: 18.730 Thread 0x00000000020bf000 DEOPT UNPACKING pc=0x000000000284582a sp=0x000000000252e278 mode 2
Event: 18.730 Thread 0x00000000020bf000 Uncommon trap: trap_request=0xffffffc6 fr.pc=0x0000000002cdbbc8
Event: 18.730 Thread 0x00000000020bf000 DEOPT PACKING pc=0x0000000002cdbbc8 sp=0x000000000252e050
Event: 18.730 Thread 0x00000000020bf000 DEOPT UNPACKING pc=0x000000000284582a sp=0x000000000252e010 mode 2
Event: 18.730 Thread 0x00000000020bf000 Uncommon trap: trap_request=0xffffffc6 fr.pc=0x0000000002f0ca0c
Event: 18.730 Thread 0x00000000020bf000 DEOPT PACKING pc=0x0000000002f0ca0c sp=0x000000000252e640
Event: 18.730 Thread 0x00000000020bf000 DEOPT UNPACKING pc=0x000000000284582a sp=0x000000000252e590 mode 2


Dynamic libraries:
0x000000013f5e0000 - 0x000000013f617000 	C:\Program Files\Java\jdk1.8.0_65\bin\java.exe
0x00000000774d0000 - 0x000000007767a000 	C:\Windows\SYSTEM32\ntdll.dll
0x00000000772b0000 - 0x00000000773cf000 	C:\Windows\system32\kernel32.dll
0x000007fefd370000 - 0x000007fefd3db000 	C:\Windows\system32\KERNELBASE.dll
0x000007feff110000 - 0x000007feff1eb000 	C:\Windows\system32\ADVAPI32.dll
0x000007fefe040000 - 0x000007fefe0df000 	C:\Windows\system32\msvcrt.dll
0x000007fefd910000 - 0x000007fefd92f000 	C:\Windows\SYSTEM32\sechost.dll
0x000007feff6b0000 - 0x000007feff7dd000 	C:\Windows\system32\RPCRT4.dll
0x00000000773d0000 - 0x00000000774ca000 	C:\Windows\system32\USER32.dll
0x000007feff430000 - 0x000007feff497000 	C:\Windows\system32\GDI32.dll
0x000007fefe0e0000 - 0x000007fefe0ee000 	C:\Windows\system32\LPK.dll
0x000007fefd930000 - 0x000007fefd9fa000 	C:\Windows\system32\USP10.dll
0x000007fefbb00000 - 0x000007fefbcf4000 	C:\Windows\WinSxS\amd64_microsoft.windows.common-controls_6595b64144ccf1df_6.0.7601.18837_none_fa3b1e3d17594757\COMCTL32.dll
0x000007feff200000 - 0x000007feff271000 	C:\Windows\system32\SHLWAPI.dll
0x000007fefd8e0000 - 0x000007fefd90e000 	C:\Windows\system32\IMM32.DLL
0x000007fefda00000 - 0x000007fefdb09000 	C:\Windows\system32\MSCTF.dll
0x0000000073230000 - 0x0000000073302000 	C:\Program Files\Java\jdk1.8.0_65\jre\bin\msvcr100.dll
0x0000000063520000 - 0x0000000063da9000 	C:\Program Files\Java\jdk1.8.0_65\jre\bin\server\jvm.dll
0x000007fef77a0000 - 0x000007fef77a9000 	C:\Windows\system32\WSOCK32.dll
0x000007fefd890000 - 0x000007fefd8dd000 	C:\Windows\system32\WS2_32.dll
0x000007feff1f0000 - 0x000007feff1f8000 	C:\Windows\system32\NSI.dll
0x000007fefa030000 - 0x000007fefa06b000 	C:\Windows\system32\WINMM.dll
0x000007fefc3b0000 - 0x000007fefc3bc000 	C:\Windows\system32\VERSION.dll
0x0000000077690000 - 0x0000000077697000 	C:\Windows\system32\PSAPI.DLL
0x00000000737e0000 - 0x00000000737ef000 	C:\Program Files\Java\jdk1.8.0_65\jre\bin\verify.dll
0x00000000737b0000 - 0x00000000737d9000 	C:\Program Files\Java\jdk1.8.0_65\jre\bin\java.dll
0x0000000073790000 - 0x00000000737a6000 	C:\Program Files\Java\jdk1.8.0_65\jre\bin\zip.dll
0x000007fefe380000 - 0x000007feff10a000 	C:\Windows\system32\SHELL32.dll
0x000007feff4a0000 - 0x000007feff6a3000 	C:\Windows\system32\ole32.dll
0x000007fefd250000 - 0x000007fefd25f000 	C:\Windows\system32\profapi.dll
0x0000000180000000 - 0x0000000180051000 	G:\OGPC 2016\OGPC 2016 Java\natives\lwjgl64.dll
0x000007fef3cb0000 - 0x000007fef3dcd000 	C:\Windows\system32\OPENGL32.dll
0x000007fef7300000 - 0x000007fef732d000 	C:\Windows\system32\GLU32.dll
0x000007fef24c0000 - 0x000007fef25b1000 	C:\Windows\system32\DDRAW.dll
0x000007fefa360000 - 0x000007fefa368000 	C:\Windows\system32\DCIMAN32.dll
0x000007fefd6b0000 - 0x000007fefd887000 	C:\Windows\system32\SETUPAPI.dll
0x000007fefd3e0000 - 0x000007fefd416000 	C:\Windows\system32\CFGMGR32.dll
0x000007fefdf60000 - 0x000007fefe038000 	C:\Windows\system32\OLEAUT32.dll
0x000007fefd270000 - 0x000007fefd28a000 	C:\Windows\system32\DEVOBJ.dll
0x000007fefa410000 - 0x000007fefa428000 	C:\Windows\system32\dwmapi.dll
0x000007fefbaa0000 - 0x000007fefbaf6000 	C:\Windows\system32\uxtheme.dll
0x00000000002c0000 - 0x0000000000301000 	C:\Program Files (x86)\NetSupport\NetSupport School\pciappctrl64.dll
0x000007fef4f70000 - 0x000007fef5095000 	C:\Windows\system32\dbghelp.dll
0x000007fef5b70000 - 0x000007fef5b88000 	C:\Windows\system32\MPR.dll
0x0000000002040000 - 0x0000000002065000 	C:\Program Files (x86)\Common Files\NSL\NSCommonHook64.dll
0x000007feea9e0000 - 0x000007feeb213000 	C:\Windows\system32\ig7icd64.dll
0x000007feed520000 - 0x000007feed97f000 	C:\Windows\system32\igdusc64.dll
0x000007fefc100000 - 0x000007fefc111000 	C:\Windows\system32\WTSAPI32.dll
0x000007fefd0b0000 - 0x000007fefd0bf000 	C:\Windows\system32\CRYPTBASE.dll
0x000007fef40a0000 - 0x000007fef413c000 	C:\Windows\system32\mscms.dll
0x000007fefd350000 - 0x000007fefd36e000 	C:\Windows\system32\USERENV.dll
0x000007fef4050000 - 0x000007fef4092000 	C:\Windows\system32\icm32.dll
0x0000000072b90000 - 0x0000000072d28000 	C:\Program Files\Java\jdk1.8.0_65\jre\bin\awt.dll
0x000007fefa440000 - 0x000007fefa44a000 	C:\Windows\System32\drprov.dll
0x000007fefd160000 - 0x000007fefd19d000 	C:\Windows\System32\WINSTA.dll
0x000007fefa270000 - 0x000007fefa292000 	C:\Windows\System32\ntlanman.dll
0x000007fef9fe0000 - 0x000007fef9ffd000 	C:\Windows\System32\davclnt.dll
0x000007fefa480000 - 0x000007fefa48a000 	C:\Windows\System32\DAVHLPR.dll
0x0000000073580000 - 0x00000000735c7000 	C:\Program Files\Java\jdk1.8.0_65\jre\bin\fontmanager.dll
0x00000000735f0000 - 0x000000007360a000 	C:\Program Files\Java\jdk1.8.0_65\jre\bin\net.dll
0x00000000021f0000 - 0x0000000002214000 	C:\Program Files (x86)\Common Files\NSL\nslsp64.dll
0x000007fefc9f0000 - 0x000007fefca45000 	C:\Windows\system32\mswsock.dll
0x000007fefc9e0000 - 0x000007fefc9e7000 	C:\Windows\System32\wship6.dll
0x00000000735d0000 - 0x00000000735e1000 	C:\Program Files\Java\jdk1.8.0_65\jre\bin\nio.dll
0x0000000071f60000 - 0x0000000071fa2000 	C:\Program Files\Java\jdk1.8.0_65\jre\bin\t2k.dll

VM Arguments:
jvm_args: -Dfile.encoding=UTF-8 -Dorg.lwjgl.opengl.Display.allowSoftwareOpenGL=true 
java_command: invisibleman.Client
java_class_path (initial): G:\OGPC 2016\OGPC 2016 Java\lib\jfxrt.jar;G:\OGPC 2016\OGPC 2016 Java\lib\jinput.jar;G:\OGPC 2016\OGPC 2016 Java\lib\lwjgl.jar;G:\OGPC 2016\OGPC 2016 Java\lib\lwjgl_util.jar;G:\OGPC 2016\OGPC 2016 Java\lib\slick-util.jar;G:\OGPC 2016\OGPC 2016 Java\lib\protonpack-1.1.jar;G:\OGPC 2016\OGPC 2016 Java\lib\Forge.jar;G:\OGPC 2016\OGPC 2016 Java\build\classes
Launcher Type: SUN_STANDARD

Environment Variables:
PATH=C:\Program Files\Common Files\Microsoft Shared\Windows Live;C:\Program Files (x86)\Common Files\Microsoft Shared\Windows Live;C:\ProgramData\Oracle\Java\javapath;C:\Windows\system32;C:\Windows;C:\Windows\System32\Wbem;C:\Windows\System32\WindowsPowerShell\v1.0\;C:\Program Files\Intel\WiFi\bin\;C:\Program Files\Common Files\Intel\WirelessCommon\;C:\Program Files (x86)\Intel\OpenCL SDK\2.0\bin\x86;C:\Program Files (x86)\Intel\OpenCL SDK\2.0\bin\x64;C:\SWTOOLS\ReadyApps;C:\Program Files (x86)\QuickTime\QTSystem\;C:\Program Files (x86)\Windows Live\Shared;C:\Program Files\Intel\WiFi\bin\;C:\Program Files\Common Files\Intel\WirelessCommon\
USERNAME=isedgewick17
OS=Windows_NT
PROCESSOR_IDENTIFIER=Intel64 Family 6 Model 58 Stepping 9, GenuineIntel



---------------  S Y S T E M  ---------------

OS: Windows 7 , 64 bit Build 7601 (6.1.7601.19160)

CPU:total 4 (2 cores per cpu, 2 threads per core) family 6 model 58 stepping 9, cmov, cx8, fxsr, mmx, sse, sse2, sse3, ssse3, sse4.1, sse4.2, popcnt, avx, clmul, erms, ht, tsc, tscinvbit, tscinv

Memory: 4k page, physical 8186072k(5021952k free), swap 16370308k(12276824k free)

vm_info: Java HotSpot(TM) 64-Bit Server VM (25.65-b01) for windows-amd64 JRE (1.8.0_65-b17), built on Oct  6 2015 16:39:20 by "java_re" with MS VC++ 10.0 (VS2010)

time: Tue Apr 19 15:07:01 2016
elapsed time: 18 seconds (0d 0h 0m 18s)

