#
# A fatal error has been detected by the Java Runtime Environment:
#
#  EXCEPTION_ACCESS_VIOLATION (0xc0000005) at pc=0x000007fee8ec1f44, pid=4976, tid=5564
#
# JRE version: Java(TM) SE Runtime Environment (8.0_65-b17) (build 1.8.0_65-b17)
# Java VM: Java HotSpot(TM) 64-Bit Server VM (25.65-b01 mixed mode windows-amd64 compressed oops)
# Problematic frame:
# C  [ig7icd64.dll+0x21f44]
#
# Failed to write core dump. Minidumps are not enabled by default on client versions of Windows
#
# If you would like to submit a bug report, please visit:
#   http://bugreport.java.com/bugreport/crash.jsp
# The crash happened outside the Java Virtual Machine in native code.
# See problematic frame for where to report the bug.
#

---------------  T H R E A D  ---------------

Current thread (0x000000000212f000):  JavaThread "main" [_thread_in_native, id=5564, stack(0x0000000002470000,0x0000000002570000)]

siginfo: ExceptionCode=0xc0000005, writing address 0x00000000021da000

Registers:
RAX=0x0000000000000001, RBX=0x0000000059b0e000, RCX=0x00000000021da010, RDX=0x00000000608d15a0
RSP=0x000000000256e1e0, RBP=0x000000005b582890, RSI=0x000000005b5845a0, RDI=0x00000000608d1220
R8 =0x0000000000000020, R9 =0x0000000000000000, R10=0x0000000000000001, R11=0x0000000000000002
R12=0x0000000000000000, R13=0x000000005b5e5e40, R14=0x0000000000000000, R15=0x0000000000000000
RIP=0x000007fee8ec1f44, EFLAGS=0x0000000000010206

Top of Stack: (sp=0x000000000256e1e0)
0x000000000256e1e0:   0000000000000001 000007fee90bbadb
0x000000000256e1f0:   0000000000000000 0000000000000000
0x000000000256e200:   0000000000000000 0000000000000000
0x000000000256e210:   00000000608f9d88 000000005c76d6c0
0x000000000256e220:   0000000000416f50 000007fee90bcc57
0x000000000256e230:   0000000059b0e000 0000000059b0e000
0x000000000256e240:   0000000000000000 0000000000000000
0x000000000256e250:   0000000000000001 000007fee90dbbd3
0x000000000256e260:   00000000608d1590 0000000000000000
0x000000000256e270:   0000000000000000 0000000000000000
0x000000000256e280:   000000005c76d6c0 0000000059b79470
0x000000000256e290:   00000000608d1388 00000000608d1220
0x000000000256e2a0:   0000000000000001 000000005c7538f0
0x000000000256e2b0:   0000000059b0e000 000007fee90f4e78
0x000000000256e2c0:   0000000000000002 000000005c753e01
0x000000000256e2d0:   00000000608d1388 0000000000000000 

Instructions: (pc=0x000007fee8ec1f44)
0x000007fee8ec1f24:   d1 49 c1 eb 04 4d 85 db 0f 84 24 02 00 00 f3 0f
0x000007fee8ec1f34:   6f 02 41 ff c2 48 83 c1 10 41 8b c2 48 83 c2 10
0x000007fee8ec1f44:   f3 0f 7f 41 f0 49 3b c3 72 e4 e9 03 02 00 00 48
0x000007fee8ec1f54:   89 7c 24 40 8b f9 83 e7 0f 74 68 48 89 5c 24 50 


Register to memory mapping:

RAX=0x0000000000000001 is an unknown value
RBX=0x0000000059b0e000 is an unknown value
RCX=0x00000000021da010 is an unknown value
RDX=0x00000000608d15a0 is an unknown value
RSP=0x000000000256e1e0 is pointing into the stack for thread: 0x000000000212f000
RBP=0x000000005b582890 is an unknown value
RSI=0x000000005b5845a0 is an unknown value
RDI=0x00000000608d1220 is an unknown value
R8 =0x0000000000000020 is an unknown value
R9 =0x0000000000000000 is an unknown value
R10=0x0000000000000001 is an unknown value
R11=0x0000000000000002 is an unknown value
R12=0x0000000000000000 is an unknown value
R13=0x000000005b5e5e40 is an unknown value
R14=0x0000000000000000 is an unknown value
R15=0x0000000000000000 is an unknown value


Stack: [0x0000000002470000,0x0000000002570000],  sp=0x000000000256e1e0,  free space=1016k
Native frames: (J=compiled Java code, j=interpreted, Vv=VM code, C=native code)
C  [ig7icd64.dll+0x21f44]
C  [ig7icd64.dll+0x21cc57]
C  [ig7icd64.dll+0x254e78]
C  [ig7icd64.dll+0x1fe146]
C  [ig7icd64.dll+0x156d58]
C  [ig7icd64.dll+0x2dc07c]
C  [ig7icd64.dll+0x3ba832]
C  [ig7icd64.dll+0x4f6201]
C  [ig7icd64.dll+0x47433f]
C  [ig7icd64.dll+0x474abc]
C  0x0000000002855e14

Java frames: (J=compiled Java code, j=interpreted, Vv=VM code)
j  org.lwjgl.opengl.GL11.nglCallList(IJ)V+0
j  org.lwjgl.opengl.GL11.glCallList(I)V+15
j  map.Chunk.draw()V+4
j  map.CubeMap.lambda$null$3(Ljava/lang/Integer;Ljava/lang/Integer;Ljava/lang/Integer;)V+18
j  map.CubeMap$$Lambda$123.accept(Ljava/lang/Object;)V+12
J 1260 C2 util.Util.forRange(IILjava/util/function/Consumer;)V (24 bytes) @ 0x0000000002c72bcc [0x0000000002c728e0+0x2ec]
j  map.CubeMap.lambda$drawAll$4(Ljava/lang/Integer;Ljava/lang/Integer;)V+9
j  map.CubeMap$$Lambda$122.accept(Ljava/lang/Object;Ljava/lang/Object;)V+8
J 1717 C2 util.Util$$Lambda$63.accept(Ljava/lang/Object;)V (20 bytes) @ 0x0000000002dbb2b8 [0x0000000002dbb1e0+0xd8]
J 1260 C2 util.Util.forRange(IILjava/util/function/Consumer;)V (24 bytes) @ 0x0000000002c72bcc [0x0000000002c728e0+0x2ec]
J 1713 C1 util.Util.forRange(IIIILjava/util/function/BiConsumer;)V (15 bytes) @ 0x0000000002db8474 [0x0000000002db7d40+0x734]
j  map.CubeMap.drawAll()V+45
j  map.Editor.lambda$start$181()V+0
j  map.Editor$$Lambda$79.run()V+0
J 1200 C2 engine.EventStream$$Lambda$2.accept(Ljava/lang/Object;)V (12 bytes) @ 0x0000000002c53608 [0x0000000002c535c0+0x48]
J 1178 C2 engine.EventStream$$Lambda$34.accept(Ljava/lang/Object;)V (10 bytes) @ 0x0000000002c4a8a8 [0x0000000002c4a860+0x48]
J 1085 C2 java.util.ArrayList.forEach(Ljava/util/function/Consumer;)V (75 bytes) @ 0x0000000002bdc314 [0x0000000002bdc260+0xb4]
J 1065 C1 engine.Core$$Lambda$54.accept(Ljava/lang/Object;)V (8 bytes) @ 0x0000000002bd1e54 [0x0000000002bd1a00+0x454]
J 1034 C1 java.lang.Iterable.forEach(Ljava/util/function/Consumer;)V (39 bytes) @ 0x0000000002bc097c [0x0000000002bc06a0+0x2dc]
J 898% C2 engine.Core.run()V (114 bytes) @ 0x0000000002b72828 [0x0000000002b72760+0xc8]
j  map.Editor.start(Ljava/lang/String;Ljava/lang/String;)V+489
j  guis.Join.recieve(Ljava/lang/String;Ljava/lang/Object;)V+97
j  gui.components.GUICommandField.send()V+33
j  gui.TypingManager.lambda$null$8()V+9
j  gui.TypingManager$$Lambda$37.run()V+0
J 1200 C2 engine.EventStream$$Lambda$2.accept(Ljava/lang/Object;)V (12 bytes) @ 0x0000000002c53608 [0x0000000002c535c0+0x48]
J 1178 C2 engine.EventStream$$Lambda$34.accept(Ljava/lang/Object;)V (10 bytes) @ 0x0000000002c4a8a8 [0x0000000002c4a860+0x48]
J 1085 C2 java.util.ArrayList.forEach(Ljava/util/function/Consumer;)V (75 bytes) @ 0x0000000002bdc314 [0x0000000002bdc260+0xb4]
J 1042 C1 engine.Signal$$Lambda$5.accept(Ljava/lang/Object;)V (16 bytes) @ 0x0000000002bc42ac [0x0000000002bc3b00+0x7ac]
J 1178 C2 engine.EventStream$$Lambda$34.accept(Ljava/lang/Object;)V (10 bytes) @ 0x0000000002c4a8a8 [0x0000000002c4a860+0x48]
J 1085 C2 java.util.ArrayList.forEach(Ljava/util/function/Consumer;)V (75 bytes) @ 0x0000000002bdc314 [0x0000000002bdc260+0xb4]
J 1103 C1 engine.Input.lambda$static$45()V (417 bytes) @ 0x0000000002bf89ec [0x0000000002bf6b20+0x1ecc]
J 1102 C1 engine.Input$$Lambda$1.run()V (4 bytes) @ 0x0000000002bed77c [0x0000000002bed700+0x7c]
J 1200 C2 engine.EventStream$$Lambda$2.accept(Ljava/lang/Object;)V (12 bytes) @ 0x0000000002c53608 [0x0000000002c535c0+0x48]
J 1178 C2 engine.EventStream$$Lambda$34.accept(Ljava/lang/Object;)V (10 bytes) @ 0x0000000002c4a8a8 [0x0000000002c4a860+0x48]
J 1085 C2 java.util.ArrayList.forEach(Ljava/util/function/Consumer;)V (75 bytes) @ 0x0000000002bdc314 [0x0000000002bdc260+0xb4]
J 1062 C1 engine.Core$$Lambda$50.accept(Ljava/lang/Object;)V (12 bytes) @ 0x0000000002bd109c [0x0000000002bd09c0+0x6dc]
J 1034 C1 java.lang.Iterable.forEach(Ljava/util/function/Consumer;)V (39 bytes) @ 0x0000000002bc097c [0x0000000002bc06a0+0x2dc]
J 898% C2 engine.Core.run()V (114 bytes) @ 0x0000000002b727f4 [0x0000000002b72760+0x94]
j  invisibleman.Client.main([Ljava/lang/String;)V+146
v  ~StubRoutines::call_stub

---------------  P R O C E S S  ---------------

Java Threads: ( => current thread )
  0x0000000058a9e000 JavaThread "AWT-Windows" daemon [_thread_in_native, id=3336, stack(0x000000005ea00000,0x000000005eb00000)]
  0x0000000058a8a800 JavaThread "Java2D Disposer" daemon [_thread_blocked, id=6116, stack(0x000000005e580000,0x000000005e680000)]
  0x00000000587f8000 JavaThread "Service Thread" daemon [_thread_blocked, id=3644, stack(0x0000000058ce0000,0x0000000058de0000)]
  0x000000005879c000 JavaThread "C1 CompilerThread2" daemon [_thread_blocked, id=2348, stack(0x00000000582e0000,0x00000000583e0000)]
  0x000000005879a800 JavaThread "C2 CompilerThread1" daemon [_thread_blocked, id=5124, stack(0x0000000059180000,0x0000000059280000)]
  0x0000000058793000 JavaThread "C2 CompilerThread0" daemon [_thread_blocked, id=6008, stack(0x0000000058ff0000,0x00000000590f0000)]
  0x00000000573e5800 JavaThread "Attach Listener" daemon [_thread_blocked, id=2224, stack(0x0000000058e90000,0x0000000058f90000)]
  0x00000000573e3000 JavaThread "Signal Dispatcher" daemon [_thread_blocked, id=4608, stack(0x0000000058be0000,0x0000000058ce0000)]
  0x0000000057389000 JavaThread "Finalizer" daemon [_thread_blocked, id=1108, stack(0x0000000058550000,0x0000000058650000)]
  0x0000000057380000 JavaThread "Reference Handler" daemon [_thread_blocked, id=1752, stack(0x0000000058690000,0x0000000058790000)]
=>0x000000000212f000 JavaThread "main" [_thread_in_native, id=5564, stack(0x0000000002470000,0x0000000002570000)]

Other Threads:
  0x000000005737a800 VMThread [stack: 0x00000000583f0000,0x00000000584f0000] [id=2724]
  0x00000000573ef800 WatcherThread [stack: 0x0000000059430000,0x0000000059530000] [id=2604]

VM state:not at safepoint (normal execution)

VM Mutex/Monitor currently owned by a thread: None

Heap:
 PSYoungGen      total 459264K, used 128482K [0x00000000d6580000, 0x00000000ff100000, 0x0000000100000000)
  eden space 458752K, 28% used [0x00000000d6580000,0x00000000de2f0b18,0x00000000f2580000)
  from space 512K, 6% used [0x00000000ff080000,0x00000000ff088000,0x00000000ff100000)
  to   space 2560K, 0% used [0x00000000fec00000,0x00000000fec00000,0x00000000fee80000)
 ParOldGen       total 86016K, used 5061K [0x0000000083000000, 0x0000000088400000, 0x00000000d6580000)
  object space 86016K, 5% used [0x0000000083000000,0x00000000834f16d0,0x0000000088400000)
 Metaspace       used 10494K, capacity 11087K, committed 11264K, reserved 1058816K
  class space    used 1093K, capacity 1230K, committed 1280K, reserved 1048576K

Card table byte_map: [0x0000000011c00000,0x0000000011ff0000] byte_map_base: 0x00000000117e8000

Marking Bits: (ParMarkBitMap*) 0x000000006c87a5b0
 Begin Bits: [0x0000000012780000, 0x00000000146c0000)
 End Bits:   [0x00000000146c0000, 0x0000000016600000)

Polling page: 0x0000000001c60000

CodeCache: size=245760Kb used=5298Kb max_used=5623Kb free=240461Kb
 bounds [0x0000000002840000, 0x0000000002dd0000, 0x0000000011840000]
 total_blobs=2184 nmethods=1616 adapters=481
 compilation: enabled

Compilation events (10 events):
Event: 23.754 Thread 0x0000000058793000 1743       4       map.CubeMap::isSolid (20 bytes)
Event: 23.757 Thread 0x0000000058793000 nmethod 1743 0x0000000002a6de90 code [0x0000000002a6e020, 0x0000000002a6e478]
Event: 23.952 Thread 0x000000005879a800 1744       4       org.lwjgl.opengl.GL11::glTexParameteri (24 bytes)
Event: 23.953 Thread 0x000000005879a800 nmethod 1744 0x0000000002b82090 code [0x0000000002b821e0, 0x0000000002b82308]
Event: 24.147 Thread 0x000000005879c000 1745       3       jdk.internal.org.objectweb.asm.ClassWriter::<init> (122 bytes)
Event: 24.147 Thread 0x000000005879c000 nmethod 1745 0x0000000002b6e310 code [0x0000000002b6e520, 0x0000000002b6ef28]
Event: 24.147 Thread 0x000000005879c000 1746       3       jdk.internal.org.objectweb.asm.ClassVisitor::<init> (7 bytes)
Event: 24.148 Thread 0x000000005879c000 nmethod 1746 0x0000000002aa9190 code [0x0000000002aa9320, 0x0000000002aa9668]
Event: 24.148 Thread 0x000000005879c000 1747       3       java.lang.invoke.TypeConvertingMethodAdapter::descriptorToName (36 bytes)
Event: 24.148 Thread 0x000000005879c000 nmethod 1747 0x000000000296ae10 code [0x000000000296afc0, 0x000000000296b6c8]

GC Heap History (10 events):
Event: 23.750 GC heap before
{Heap before GC invocations=30 (full 0):
 PSYoungGen      total 586240K, used 582688K [0x00000000d6580000, 0x00000000ff880000, 0x0000000100000000)
  eden space 582656K, 100% used [0x00000000d6580000,0x00000000f9e80000,0x00000000f9e80000)
  from space 3584K, 0% used [0x00000000ff180000,0x00000000ff188000,0x00000000ff500000)
  to   space 3584K, 0% used [0x00000000ff500000,0x00000000ff500000,0x00000000ff880000)
 ParOldGen       total 86016K, used 5061K [0x0000000083000000, 0x0000000088400000, 0x00000000d6580000)
  object space 86016K, 5% used [0x0000000083000000,0x00000000834f16d0,0x0000000088400000)
 Metaspace       used 10489K, capacity 11079K, committed 11264K, reserved 1058816K
  class space    used 1092K, capacity 1228K, committed 1280K, reserved 1048576K
Event: 23.751 GC heap after
Heap after GC invocations=30 (full 0):
 PSYoungGen      total 556032K, used 32K [0x00000000d6580000, 0x00000000ff580000, 0x0000000100000000)
  eden space 555520K, 0% used [0x00000000d6580000,0x00000000d6580000,0x00000000f8400000)
  from space 512K, 6% used [0x00000000ff500000,0x00000000ff508000,0x00000000ff580000)
  to   space 3072K, 0% used [0x00000000fef80000,0x00000000fef80000,0x00000000ff280000)
 ParOldGen       total 86016K, used 5061K [0x0000000083000000, 0x0000000088400000, 0x00000000d6580000)
  object space 86016K, 5% used [0x0000000083000000,0x00000000834f16d0,0x0000000088400000)
 Metaspace       used 10489K, capacity 11079K, committed 11264K, reserved 1058816K
  class space    used 1092K, capacity 1228K, committed 1280K, reserved 1048576K
}
Event: 23.850 GC heap before
{Heap before GC invocations=31 (full 0):
 PSYoungGen      total 556032K, used 555552K [0x00000000d6580000, 0x00000000ff580000, 0x0000000100000000)
  eden space 555520K, 100% used [0x00000000d6580000,0x00000000f8400000,0x00000000f8400000)
  from space 512K, 6% used [0x00000000ff500000,0x00000000ff508000,0x00000000ff580000)
  to   space 3072K, 0% used [0x00000000fef80000,0x00000000fef80000,0x00000000ff280000)
 ParOldGen       total 86016K, used 5061K [0x0000000083000000, 0x0000000088400000, 0x00000000d6580000)
  object space 86016K, 5% used [0x0000000083000000,0x00000000834f16d0,0x0000000088400000)
 Metaspace       used 10489K, capacity 11079K, committed 11264K, reserved 1058816K
  class space    used 1092K, capacity 1228K, committed 1280K, reserved 1048576K
Event: 23.850 GC heap after
Heap after GC invocations=31 (full 0):
 PSYoungGen      total 532480K, used 32K [0x00000000d6580000, 0x00000000ff580000, 0x0000000100000000)
  eden space 529408K, 0% used [0x00000000d6580000,0x00000000d6580000,0x00000000f6a80000)
  from space 3072K, 1% used [0x00000000fef80000,0x00000000fef88000,0x00000000ff280000)
  to   space 3072K, 0% used [0x00000000ff280000,0x00000000ff280000,0x00000000ff580000)
 ParOldGen       total 86016K, used 5061K [0x0000000083000000, 0x0000000088400000, 0x00000000d6580000)
  object space 86016K, 5% used [0x0000000083000000,0x00000000834f16d0,0x0000000088400000)
 Metaspace       used 10489K, capacity 11079K, committed 11264K, reserved 1058816K
  class space    used 1092K, capacity 1228K, committed 1280K, reserved 1048576K
}
Event: 23.946 GC heap before
{Heap before GC invocations=32 (full 0):
 PSYoungGen      total 532480K, used 529440K [0x00000000d6580000, 0x00000000ff580000, 0x0000000100000000)
  eden space 529408K, 100% used [0x00000000d6580000,0x00000000f6a80000,0x00000000f6a80000)
  from space 3072K, 1% used [0x00000000fef80000,0x00000000fef88000,0x00000000ff280000)
  to   space 3072K, 0% used [0x00000000ff280000,0x00000000ff280000,0x00000000ff580000)
 ParOldGen       total 86016K, used 5061K [0x0000000083000000, 0x0000000088400000, 0x00000000d6580000)
  object space 86016K, 5% used [0x0000000083000000,0x00000000834f16d0,0x0000000088400000)
 Metaspace       used 10489K, capacity 11079K, committed 11264K, reserved 1058816K
  class space    used 1092K, capacity 1228K, committed 1280K, reserved 1048576K
Event: 23.947 GC heap after
Heap after GC invocations=32 (full 0):
 PSYoungGen      total 505344K, used 32K [0x00000000d6580000, 0x00000000ff300000, 0x0000000100000000)
  eden space 504832K, 0% used [0x00000000d6580000,0x00000000d6580000,0x00000000f5280000)
  from space 512K, 6% used [0x00000000ff280000,0x00000000ff288000,0x00000000ff300000)
  to   space 3072K, 0% used [0x00000000fed00000,0x00000000fed00000,0x00000000ff000000)
 ParOldGen       total 86016K, used 5061K [0x0000000083000000, 0x0000000088400000, 0x00000000d6580000)
  object space 86016K, 5% used [0x0000000083000000,0x00000000834f16d0,0x0000000088400000)
 Metaspace       used 10489K, capacity 11079K, committed 11264K, reserved 1058816K
  class space    used 1092K, capacity 1228K, committed 1280K, reserved 1048576K
}
Event: 24.038 GC heap before
{Heap before GC invocations=33 (full 0):
 PSYoungGen      total 505344K, used 504864K [0x00000000d6580000, 0x00000000ff300000, 0x0000000100000000)
  eden space 504832K, 100% used [0x00000000d6580000,0x00000000f5280000,0x00000000f5280000)
  from space 512K, 6% used [0x00000000ff280000,0x00000000ff288000,0x00000000ff300000)
  to   space 3072K, 0% used [0x00000000fed00000,0x00000000fed00000,0x00000000ff000000)
 ParOldGen       total 86016K, used 5061K [0x0000000083000000, 0x0000000088400000, 0x00000000d6580000)
  object space 86016K, 5% used [0x0000000083000000,0x00000000834f16d0,0x0000000088400000)
 Metaspace       used 10489K, capacity 11079K, committed 11264K, reserved 1058816K
  class space    used 1092K, capacity 1228K, committed 1280K, reserved 1048576K
Event: 24.038 GC heap after
Heap after GC invocations=33 (full 0):
 PSYoungGen      total 484352K, used 32K [0x00000000d6580000, 0x00000000ff300000, 0x0000000100000000)
  eden space 481280K, 0% used [0x00000000d6580000,0x00000000d6580000,0x00000000f3b80000)
  from space 3072K, 1% used [0x00000000fed00000,0x00000000fed08000,0x00000000ff000000)
  to   space 2560K, 0% used [0x00000000ff080000,0x00000000ff080000,0x00000000ff300000)
 ParOldGen       total 86016K, used 5061K [0x0000000083000000, 0x0000000088400000, 0x00000000d6580000)
  object space 86016K, 5% used [0x0000000083000000,0x00000000834f16d0,0x0000000088400000)
 Metaspace       used 10489K, capacity 11079K, committed 11264K, reserved 1058816K
  class space    used 1092K, capacity 1228K, committed 1280K, reserved 1048576K
}
Event: 24.125 GC heap before
{Heap before GC invocations=34 (full 0):
 PSYoungGen      total 484352K, used 481312K [0x00000000d6580000, 0x00000000ff300000, 0x0000000100000000)
  eden space 481280K, 100% used [0x00000000d6580000,0x00000000f3b80000,0x00000000f3b80000)
  from space 3072K, 1% used [0x00000000fed00000,0x00000000fed08000,0x00000000ff000000)
  to   space 2560K, 0% used [0x00000000ff080000,0x00000000ff080000,0x00000000ff300000)
 ParOldGen       total 86016K, used 5061K [0x0000000083000000, 0x0000000088400000, 0x00000000d6580000)
  object space 86016K, 5% used [0x0000000083000000,0x00000000834f16d0,0x0000000088400000)
 Metaspace       used 10489K, capacity 11079K, committed 11264K, reserved 1058816K
  class space    used 1092K, capacity 1228K, committed 1280K, reserved 1048576K
Event: 24.126 GC heap after
Heap after GC invocations=34 (full 0):
 PSYoungGen      total 459264K, used 32K [0x00000000d6580000, 0x00000000ff100000, 0x0000000100000000)
  eden space 458752K, 0% used [0x00000000d6580000,0x00000000d6580000,0x00000000f2580000)
  from space 512K, 6% used [0x00000000ff080000,0x00000000ff088000,0x00000000ff100000)
  to   space 2560K, 0% used [0x00000000fec00000,0x00000000fec00000,0x00000000fee80000)
 ParOldGen       total 86016K, used 5061K [0x0000000083000000, 0x0000000088400000, 0x00000000d6580000)
  object space 86016K, 5% used [0x0000000083000000,0x00000000834f16d0,0x0000000088400000)
 Metaspace       used 10489K, capacity 11079K, committed 11264K, reserved 1058816K
  class space    used 1092K, capacity 1228K, committed 1280K, reserved 1048576K
}

Deoptimization events (10 events):
Event: 21.531 Thread 0x000000000212f000 Uncommon trap: reason=unstable_if action=reinterpret pc=0x0000000002d6ee50 method=map.CubeMap.getCube(Lutil/Vec3;)Lmap/CubeData; @ 55
Event: 21.531 Thread 0x000000000212f000 Uncommon trap: reason=unstable_if action=reinterpret pc=0x0000000002da2368 method=map.CubeMap.getCube(Lutil/Vec3;)Lmap/CubeData; @ 55
Event: 21.531 Thread 0x000000000212f000 Uncommon trap: reason=unstable_if action=reinterpret pc=0x0000000002d76840 method=map.CubeMap.getCube(Lutil/Vec3;)Lmap/CubeData; @ 55
Event: 21.989 Thread 0x000000000212f000 Uncommon trap: reason=unstable_if action=reinterpret pc=0x0000000002db45ec method=map.CubeMap.getCube(Lutil/Vec3;)Lmap/CubeData; @ 45
Event: 21.989 Thread 0x000000000212f000 Uncommon trap: reason=unstable_if action=reinterpret pc=0x0000000002d9ccc8 method=map.CubeMap.getCube(Lutil/Vec3;)Lmap/CubeData; @ 45
Event: 21.990 Thread 0x000000000212f000 Uncommon trap: reason=unstable_if action=reinterpret pc=0x0000000002db8fe4 method=map.CubeMap.getCube(Lutil/Vec3;)Lmap/CubeData; @ 45
Event: 22.058 Thread 0x000000000212f000 Uncommon trap: reason=unstable_if action=reinterpret pc=0x0000000002db3250 method=map.CubeMap.getCube(Lutil/Vec3;)Lmap/CubeData; @ 45
Event: 23.685 Thread 0x000000000212f000 Uncommon trap: reason=unstable_if action=reinterpret pc=0x0000000002dc1218 method=map.CubeMap.getCube(Lutil/Vec3;)Lmap/CubeData; @ 35
Event: 23.685 Thread 0x000000000212f000 Uncommon trap: reason=unstable_if action=reinterpret pc=0x0000000002dbec10 method=map.CubeMap.getCube(Lutil/Vec3;)Lmap/CubeData; @ 35
Event: 23.685 Thread 0x000000000212f000 Uncommon trap: reason=unstable_if action=reinterpret pc=0x0000000002dbca20 method=map.CubeMap.getCube(Lutil/Vec3;)Lmap/CubeData; @ 35

Internal exceptions (10 events):
Event: 0.268 Thread 0x000000000212f000 Exception <a 'java/security/PrivilegedActionException'> (0x00000000d6602f50) thrown at [C:\workspace\8-2-build-windows-amd64-cygwin\jdk8u65\4987\hotspot\src\share\vm\prims\jvm.cpp, line 1386]
Event: 0.268 Thread 0x000000000212f000 Exception <a 'java/security/PrivilegedActionException'> (0x00000000d6603160) thrown at [C:\workspace\8-2-build-windows-amd64-cygwin\jdk8u65\4987\hotspot\src\share\vm\prims\jvm.cpp, line 1386]
Event: 0.624 Thread 0x000000000212f000 Exception <a 'java/lang/NoSuchFieldError': method resolution failed> (0x00000000d6b206d8) thrown at [C:\workspace\8-2-build-windows-amd64-cygwin\jdk8u65\4987\hotspot\src\share\vm\prims\methodHandles.cpp, line 1146]
Event: 0.626 Thread 0x000000000212f000 Exception <a 'java/lang/NoSuchFieldError': method resolution failed> (0x00000000d6b2da28) thrown at [C:\workspace\8-2-build-windows-amd64-cygwin\jdk8u65\4987\hotspot\src\share\vm\prims\methodHandles.cpp, line 1146]
Event: 0.656 Thread 0x000000000212f000 Exception <a 'java/security/PrivilegedActionException'> (0x00000000d6bee1f0) thrown at [C:\workspace\8-2-build-windows-amd64-cygwin\jdk8u65\4987\hotspot\src\share\vm\prims\jvm.cpp, line 1386]
Event: 0.656 Thread 0x000000000212f000 Exception <a 'java/security/PrivilegedActionException'> (0x00000000d6bee400) thrown at [C:\workspace\8-2-build-windows-amd64-cygwin\jdk8u65\4987\hotspot\src\share\vm\prims\jvm.cpp, line 1386]
Event: 0.657 Thread 0x000000000212f000 Exception <a 'java/security/PrivilegedActionException'> (0x00000000d6bf2248) thrown at [C:\workspace\8-2-build-windows-amd64-cygwin\jdk8u65\4987\hotspot\src\share\vm\prims\jvm.cpp, line 1386]
Event: 0.657 Thread 0x000000000212f000 Exception <a 'java/security/PrivilegedActionException'> (0x00000000d6bf2458) thrown at [C:\workspace\8-2-build-windows-amd64-cygwin\jdk8u65\4987\hotspot\src\share\vm\prims\jvm.cpp, line 1386]
Event: 0.660 Thread 0x000000000212f000 Exception <a 'java/io/FileNotFoundException'> (0x00000000d6bf4838) thrown at [C:\workspace\8-2-build-windows-amd64-cygwin\jdk8u65\4987\hotspot\src\share\vm\prims\jni.cpp, line 709]
Event: 0.689 Thread 0x000000000212f000 Exception <a 'java/io/FileNotFoundException'> (0x00000000d6c36170) thrown at [C:\workspace\8-2-build-windows-amd64-cygwin\jdk8u65\4987\hotspot\src\share\vm\prims\jni.cpp, line 709]

Events (10 events):
Event: 23.750 Executing VM operation: ParallelGCFailedAllocation
Event: 23.751 Executing VM operation: ParallelGCFailedAllocation done
Event: 23.850 Executing VM operation: ParallelGCFailedAllocation
Event: 23.850 Executing VM operation: ParallelGCFailedAllocation done
Event: 23.946 Executing VM operation: ParallelGCFailedAllocation
Event: 23.947 Executing VM operation: ParallelGCFailedAllocation done
Event: 24.038 Executing VM operation: ParallelGCFailedAllocation
Event: 24.038 Executing VM operation: ParallelGCFailedAllocation done
Event: 24.125 Executing VM operation: ParallelGCFailedAllocation
Event: 24.126 Executing VM operation: ParallelGCFailedAllocation done


Dynamic libraries:
0x000000013fa30000 - 0x000000013fa67000 	C:\Program Files\Java\jdk1.8.0_65\bin\java.exe
0x0000000076d70000 - 0x0000000076f1a000 	C:\Windows\SYSTEM32\ntdll.dll
0x0000000076b50000 - 0x0000000076c6f000 	C:\Windows\system32\kernel32.dll
0x000007fefcb10000 - 0x000007fefcb7b000 	C:\Windows\system32\KERNELBASE.dll
0x000007fefe9e0000 - 0x000007fefeabb000 	C:\Windows\system32\ADVAPI32.dll
0x000007fefe500000 - 0x000007fefe59f000 	C:\Windows\system32\msvcrt.dll
0x000007fefe4e0000 - 0x000007fefe4ff000 	C:\Windows\SYSTEM32\sechost.dll
0x000007fefceb0000 - 0x000007fefcfdd000 	C:\Windows\system32\RPCRT4.dll
0x0000000076c70000 - 0x0000000076d6a000 	C:\Windows\system32\USER32.dll
0x000007fefe970000 - 0x000007fefe9d7000 	C:\Windows\system32\GDI32.dll
0x000007fefe4d0000 - 0x000007fefe4de000 	C:\Windows\system32\LPK.dll
0x000007fefedc0000 - 0x000007fefee8a000 	C:\Windows\system32\USP10.dll
0x000007fefb3a0000 - 0x000007fefb594000 	C:\Windows\WinSxS\amd64_microsoft.windows.common-controls_6595b64144ccf1df_6.0.7601.18837_none_fa3b1e3d17594757\COMCTL32.dll
0x000007fefeee0000 - 0x000007fefef51000 	C:\Windows\system32\SHLWAPI.dll
0x000007fefed90000 - 0x000007fefedbe000 	C:\Windows\system32\IMM32.DLL
0x000007fefef70000 - 0x000007feff079000 	C:\Windows\system32\MSCTF.dll
0x000000006f420000 - 0x000000006f4f2000 	C:\Program Files\Java\jdk1.8.0_65\jre\bin\msvcr100.dll
0x000000006c070000 - 0x000000006c8f9000 	C:\Program Files\Java\jdk1.8.0_65\jre\bin\server\jvm.dll
0x000007fef6f80000 - 0x000007fef6f89000 	C:\Windows\system32\WSOCK32.dll
0x000007fefee90000 - 0x000007fefeedd000 	C:\Windows\system32\WS2_32.dll
0x000007fefef60000 - 0x000007fefef68000 	C:\Windows\system32\NSI.dll
0x000007fef95f0000 - 0x000007fef962b000 	C:\Windows\system32\WINMM.dll
0x000007fefbc50000 - 0x000007fefbc5c000 	C:\Windows\system32\VERSION.dll
0x0000000076f30000 - 0x0000000076f37000 	C:\Windows\system32\PSAPI.DLL
0x0000000072db0000 - 0x0000000072dbf000 	C:\Program Files\Java\jdk1.8.0_65\jre\bin\verify.dll
0x0000000070180000 - 0x00000000701a9000 	C:\Program Files\Java\jdk1.8.0_65\jre\bin\java.dll
0x0000000070770000 - 0x0000000070786000 	C:\Program Files\Java\jdk1.8.0_65\jre\bin\zip.dll
0x000007fefd2b0000 - 0x000007fefe03a000 	C:\Windows\system32\SHELL32.dll
0x000007fefe220000 - 0x000007fefe423000 	C:\Windows\system32\ole32.dll
0x000007fefcaf0000 - 0x000007fefcaff000 	C:\Windows\system32\profapi.dll
0x0000000180000000 - 0x0000000180051000 	G:\OGPC 2016\OGPC 2016 Java\natives\lwjgl64.dll
0x000007feedb80000 - 0x000007feedc9d000 	C:\Windows\system32\OPENGL32.dll
0x000007fef8e50000 - 0x000007fef8e7d000 	C:\Windows\system32\GLU32.dll
0x000007feefeb0000 - 0x000007feeffa1000 	C:\Windows\system32\DDRAW.dll
0x000007fef9640000 - 0x000007fef9648000 	C:\Windows\system32\DCIMAN32.dll
0x000007fefe040000 - 0x000007fefe217000 	C:\Windows\system32\SETUPAPI.dll
0x000007fefce20000 - 0x000007fefce56000 	C:\Windows\system32\CFGMGR32.dll
0x000007fefe600000 - 0x000007fefe6d8000 	C:\Windows\system32\OLEAUT32.dll
0x000007fefcb80000 - 0x000007fefcb9a000 	C:\Windows\system32\DEVOBJ.dll
0x000007fefadf0000 - 0x000007fefae08000 	C:\Windows\system32\dwmapi.dll
0x000007fefb340000 - 0x000007fefb396000 	C:\Windows\system32\uxtheme.dll
0x00000000020d0000 - 0x0000000002111000 	C:\Program Files (x86)\NetSupport\NetSupport School\pciappctrl64.dll
0x000007fef4600000 - 0x000007fef4725000 	C:\Windows\system32\dbghelp.dll
0x000007fef34e0000 - 0x000007fef34f8000 	C:\Windows\system32\MPR.dll
0x0000000002140000 - 0x0000000002165000 	C:\Program Files (x86)\Common Files\NSL\NSCommonHook64.dll
0x000007fee8ea0000 - 0x000007fee96d3000 	C:\Windows\system32\ig7icd64.dll
0x000007feef580000 - 0x000007feef9df000 	C:\Windows\system32\igdusc64.dll
0x000007fefb9a0000 - 0x000007fefb9b1000 	C:\Windows\system32\WTSAPI32.dll
0x000007fefc950000 - 0x000007fefc95f000 	C:\Windows\system32\CRYPTBASE.dll
0x000007fef2e60000 - 0x000007fef2efc000 	C:\Windows\system32\mscms.dll
0x000007fefcc70000 - 0x000007fefcc8e000 	C:\Windows\system32\USERENV.dll
0x000007feedb30000 - 0x000007feedb72000 	C:\Windows\system32\icm32.dll
0x000000006e550000 - 0x000000006e6e8000 	C:\Program Files\Java\jdk1.8.0_65\jre\bin\awt.dll
0x000007fefaba0000 - 0x000007fefabaa000 	C:\Windows\System32\drprov.dll
0x000007fefca00000 - 0x000007fefca3d000 	C:\Windows\System32\WINSTA.dll
0x000007fefab70000 - 0x000007fefab92000 	C:\Windows\System32\ntlanman.dll
0x000007fefab50000 - 0x000007fefab6d000 	C:\Windows\System32\davclnt.dll
0x000007fefaf90000 - 0x000007fefaf9a000 	C:\Windows\System32\DAVHLPR.dll
0x000000006f090000 - 0x000000006f0d7000 	C:\Program Files\Java\jdk1.8.0_65\jre\bin\fontmanager.dll
0x0000000070930000 - 0x000000007094a000 	C:\Program Files\Java\jdk1.8.0_65\jre\bin\net.dll
0x0000000012480000 - 0x00000000124a4000 	C:\Program Files (x86)\Common Files\NSL\nslsp64.dll
0x000007fefc290000 - 0x000007fefc2e5000 	C:\Windows\system32\mswsock.dll
0x000007fefc280000 - 0x000007fefc287000 	C:\Windows\System32\wship6.dll
0x000000006f810000 - 0x000000006f821000 	C:\Program Files\Java\jdk1.8.0_65\jre\bin\nio.dll
0x000000006f040000 - 0x000000006f082000 	C:\Program Files\Java\jdk1.8.0_65\jre\bin\t2k.dll

VM Arguments:
jvm_args: -Dfile.encoding=UTF-8 -Dorg.lwjgl.opengl.Display.allowSoftwareOpenGL=true 
java_command: invisibleman.Client
java_class_path (initial): G:\OGPC 2016\OGPC 2016 Java\lib\jfxrt.jar;G:\OGPC 2016\OGPC 2016 Java\lib\jinput.jar;G:\OGPC 2016\OGPC 2016 Java\lib\lwjgl.jar;G:\OGPC 2016\OGPC 2016 Java\lib\lwjgl_util.jar;G:\OGPC 2016\OGPC 2016 Java\lib\slick-util.jar;G:\OGPC 2016\OGPC 2016 Java\lib\protonpack-1.1.jar;G:\OGPC 2016\OGPC 2016 Java\lib\Forge.jar;G:\OGPC 2016\OGPC 2016 Java\build\classes
Launcher Type: SUN_STANDARD

Environment Variables:
PATH=C:\Program Files\Common Files\Microsoft Shared\Windows Live;C:\Program Files (x86)\Common Files\Microsoft Shared\Windows Live;C:\ProgramData\Oracle\Java\javapath;C:\Windows\system32;C:\Windows;C:\Windows\System32\Wbem;C:\Windows\System32\WindowsPowerShell\v1.0\;C:\Program Files\Intel\WiFi\bin\;C:\Program Files\Common Files\Intel\WirelessCommon\;C:\Program Files (x86)\Intel\OpenCL SDK\2.0\bin\x86;C:\Program Files (x86)\Intel\OpenCL SDK\2.0\bin\x64;C:\SWTOOLS\ReadyApps;C:\Program Files (x86)\QuickTime\QTSystem\;C:\Program Files (x86)\Windows Live\Shared;C:\Program Files\Intel\WiFi\bin\;C:\Program Files\Common Files\Intel\WirelessCommon\
USERNAME=cbarnum18
OS=Windows_NT
PROCESSOR_IDENTIFIER=Intel64 Family 6 Model 58 Stepping 9, GenuineIntel



---------------  S Y S T E M  ---------------

OS: Windows 7 , 64 bit Build 7601 (6.1.7601.19160)

CPU:total 4 (2 cores per cpu, 2 threads per core) family 6 model 58 stepping 9, cmov, cx8, fxsr, mmx, sse, sse2, sse3, ssse3, sse4.1, sse4.2, popcnt, avx, clmul, erms, ht, tsc, tscinvbit, tscinv

Memory: 4k page, physical 8186072k(5232668k free), swap 16370308k(12654280k free)

vm_info: Java HotSpot(TM) 64-Bit Server VM (25.65-b01) for windows-amd64 JRE (1.8.0_65-b17), built on Oct  6 2015 16:39:20 by "java_re" with MS VC++ 10.0 (VS2010)

time: Tue Apr 19 15:23:50 2016
elapsed time: 24 seconds (0d 0h 0m 24s)

