#
# A fatal error has been detected by the Java Runtime Environment:
#
#  EXCEPTION_ACCESS_VIOLATION (0xc0000005) at pc=0x000000001ae9d184, pid=6944, tid=10444
#
# JRE version: Java(TM) SE Runtime Environment (8.0_51-b16) (build 1.8.0_51-b16)
# Java VM: Java HotSpot(TM) 64-Bit Server VM (25.51-b03 mixed mode windows-amd64 compressed oops)
# Problematic frame:
# C  [ig7icd64.dll+0x1d184]
#
# Failed to write core dump. Minidumps are not enabled by default on client versions of Windows
#
# If you would like to submit a bug report, please visit:
#   http://bugreport.java.com/bugreport/crash.jsp
# The crash happened outside the Java Virtual Machine in native code.
# See problematic frame for where to report the bug.
#

---------------  T H R E A D  ---------------

Current thread (0x000000000252d800):  JavaThread "main" [_thread_in_native, id=10444, stack(0x0000000002400000,0x0000000002500000)]

siginfo: ExceptionCode=0xc0000005, writing address 0x000000001ac6a000

Registers:
RAX=0x0000000000000001, RBX=0x000000001acbe500, RCX=0x000000001ac6a010, RDX=0x000000001f3203c0
RSP=0x00000000024fec20, RBP=0x0000000000000000, RSI=0x000000001ad65f60, RDI=0x000000001f320060
R8 =0x0000000000000020, R9 =0x0000000000000000, R10=0x0000000000000001, R11=0x0000000000000002
R12=0x0000000000000000, R13=0x000000001f2d8240, R14=0x000000001ad67c70, R15=0x0000000000000000
RIP=0x000000001ae9d184, EFLAGS=0x0000000000010206

Top of Stack: (sp=0x00000000024fec20)
0x00000000024fec20:   000000001acadb20 00000000fac081a8
0x00000000024fec30:   000000001accb920 000000001b298b5e
0x00000000024fec40:   000000001acbe500 00000000024fed80
0x00000000024fec50:   000000000252d800 dbaebd1882926810
0x00000000024fec60:   0000000100011300 000000001b0a0ac8
0x00000000024fec70:   000000001acbe500 3ff0000000000000
0x00000000024fec80:   0000000017129c60 00000000fac081a8
0x00000000024fec90:   00000000dbaebd18 00000000dbaed050
0x00000000024feca0:   000000001f3203b0 0000000000000000
0x00000000024fecb0:   0000000000000000 0000000000000000
0x00000000024fecc0:   000000001f277de0 0000000000000002
0x00000000024fecd0:   0000000000000002 000000001f330b80
0x00000000024fece0:   000000001acbe500 000000001f3201bc
0x00000000024fecf0:   000000001f320060 000000001b0d2a54
0x00000000024fed00:   00000000024fed99 000000001f28ac01
0x00000000024fed10:   000000001f3201bc 0000000000000000 

Instructions: (pc=0x000000001ae9d184)
0x000000001ae9d164:   d1 49 c1 eb 04 4d 85 db 0f 84 24 02 00 00 f3 0f
0x000000001ae9d174:   6f 02 41 ff c2 48 83 c1 10 41 8b c2 48 83 c2 10
0x000000001ae9d184:   f3 0f 7f 41 f0 49 3b c3 72 e4 e9 03 02 00 00 48
0x000000001ae9d194:   89 7c 24 40 8b f9 83 e7 0f 74 68 48 89 5c 24 50 


Register to memory mapping:

RAX=0x0000000000000001 is an unknown value
RBX=0x000000001acbe500 is an unknown value
RCX=0x000000001ac6a010 is an unknown value
RDX=0x000000001f3203c0 is an unknown value
RSP=0x00000000024fec20 is pointing into the stack for thread: 0x000000000252d800
RBP=0x0000000000000000 is an unknown value
RSI=0x000000001ad65f60 is an unknown value
RDI=0x000000001f320060 is an unknown value
R8 =0x0000000000000020 is an unknown value
R9 =0x0000000000000000 is an unknown value
R10=0x0000000000000001 is an unknown value
R11=0x0000000000000002 is an unknown value
R12=0x0000000000000000 is an unknown value
R13=0x000000001f2d8240 is an unknown value
R14=0x000000001ad67c70 is an unknown value
R15=0x0000000000000000 is an unknown value


Stack: [0x0000000002400000,0x0000000002500000],  sp=0x00000000024fec20,  free space=1019k
Native frames: (J=compiled Java code, j=interpreted, Vv=VM code, C=native code)

Java frames: (J=compiled Java code, j=interpreted, Vv=VM code)
J 1631  org.lwjgl.opengl.GL11.nglCallList(IJ)V (0 bytes) @ 0x0000000002c6a644 [0x0000000002c6a600+0x44]
J 1810 C2 map.CubeMap$$Lambda$102.accept(Ljava/lang/Object;Ljava/lang/Object;)V (12 bytes) @ 0x0000000002cf9118 [0x0000000002cf9000+0x118]
J 1550 C2 util.Util$$Lambda$68.accept(Ljava/lang/Object;)V (20 bytes) @ 0x0000000002bfe3d8 [0x0000000002bfe2e0+0xf8]
J 1306 C2 util.Util.forRange(IILjava/util/function/Consumer;)V (24 bytes) @ 0x0000000002b51520 [0x0000000002b51260+0x2c0]
J 1923 C1 map.CubeMap.drawAll()V (49 bytes) @ 0x0000000002d58cc4 [0x0000000002d57b60+0x1164]
J 1921 C1 invisibleman.Server$$Lambda$51.run()V (4 bytes) @ 0x0000000002d572bc [0x0000000002d57200+0xbc]
J 1932 C2 engine.EventStream$$Lambda$24.accept(Ljava/lang/Object;)V (12 bytes) @ 0x0000000002d5d8b4 [0x0000000002d5d860+0x54]
J 1840 C2 java.util.ArrayList.forEach(Ljava/util/function/Consumer;)V (75 bytes) @ 0x0000000002d1c3dc [0x0000000002d1b8a0+0xb3c]
J 1908 C2 engine.EventStream.sendEvent()V (27 bytes) @ 0x0000000002d50e94 [0x0000000002d50bc0+0x2d4]
J 1942 C2 engine.Core$$Lambda$99.accept(Ljava/lang/Object;)V (8 bytes) @ 0x0000000002d5f5e4 [0x0000000002d5f5a0+0x44]
J 1768 C1 java.lang.Iterable.forEach(Ljava/util/function/Consumer;)V (39 bytes) @ 0x0000000002cd2f4c [0x0000000002cd2c60+0x2ec]
J 1624% C2 engine.Core.run()V (114 bytes) @ 0x0000000002c65a68 [0x0000000002c659a0+0xc8]
j  invisibleman.Server.runGraphicalInterface()V+302
j  invisibleman.Server.main([Ljava/lang/String;)V+11
v  ~StubRoutines::call_stub

---------------  P R O C E S S  ---------------

Java Threads: ( => current thread )
  0x0000000019894000 JavaThread "Thread-3" [_thread_in_native, id=10784, stack(0x000000001b9e0000,0x000000001bae0000)]
  0x000000001a343000 JavaThread "AWT-Windows" daemon [_thread_in_native, id=3032, stack(0x000000001fbe0000,0x000000001fce0000)]
  0x000000001a676800 JavaThread "Java2D Disposer" daemon [_thread_blocked, id=5512, stack(0x000000001f9e0000,0x000000001fae0000)]
  0x00000000199cc000 JavaThread "Thread-0" [_thread_in_native, id=7044, stack(0x000000001a200000,0x000000001a300000)]
  0x00000000196b5800 JavaThread "Service Thread" daemon [_thread_blocked, id=9748, stack(0x000000001a000000,0x000000001a100000)]
  0x000000001962d800 JavaThread "C1 CompilerThread3" daemon [_thread_blocked, id=6596, stack(0x0000000019f00000,0x000000001a000000)]
  0x0000000019639000 JavaThread "C2 CompilerThread2" daemon [_thread_blocked, id=4732, stack(0x0000000019e00000,0x0000000019f00000)]
  0x0000000019626000 JavaThread "C2 CompilerThread1" daemon [_thread_blocked, id=9180, stack(0x0000000019d00000,0x0000000019e00000)]
  0x0000000019622800 JavaThread "C2 CompilerThread0" daemon [_thread_blocked, id=7612, stack(0x0000000019c00000,0x0000000019d00000)]
  0x0000000019631000 JavaThread "Attach Listener" daemon [_thread_blocked, id=8200, stack(0x0000000019b00000,0x0000000019c00000)]
  0x0000000019630000 JavaThread "Signal Dispatcher" daemon [_thread_blocked, id=2744, stack(0x0000000019a00000,0x0000000019b00000)]
  0x00000000026da000 JavaThread "Finalizer" daemon [_thread_blocked, id=11260, stack(0x0000000019500000,0x0000000019600000)]
  0x00000000026d3000 JavaThread "Reference Handler" daemon [_thread_blocked, id=10492, stack(0x0000000019400000,0x0000000019500000)]
=>0x000000000252d800 JavaThread "main" [_thread_in_native, id=10444, stack(0x0000000002400000,0x0000000002500000)]

Other Threads:
  0x0000000017619800 VMThread [stack: 0x0000000019300000,0x0000000019400000] [id=11744]
  0x00000000196c6800 WatcherThread [stack: 0x000000001a100000,0x000000001a200000] [id=12040]

VM state:not at safepoint (normal execution)

VM Mutex/Monitor currently owned by a thread: None

Heap:
 PSYoungGen      total 219648K, used 95696K [0x00000000d6000000, 0x00000000fac80000, 0x0000000100000000)
  eden space 219136K, 43% used [0x00000000d6000000,0x00000000dbd4c3f8,0x00000000e3600000)
  from space 512K, 31% used [0x00000000fac00000,0x00000000fac28000,0x00000000fac80000)
  to   space 3072K, 0% used [0x00000000fa680000,0x00000000fa680000,0x00000000fa980000)
 ParOldGen       total 86016K, used 12613K [0x0000000082000000, 0x0000000087400000, 0x00000000d6000000)
  object space 86016K, 14% used [0x0000000082000000,0x0000000082c51530,0x0000000087400000)
 Metaspace       used 10908K, capacity 11571K, committed 11904K, reserved 1060864K
  class space    used 1145K, capacity 1304K, committed 1408K, reserved 1048576K

Card table byte_map: [0x0000000011aa0000,0x0000000011ea0000] byte_map_base: 0x0000000011690000

Marking Bits: (ParMarkBitMap*) 0x0000000058f24040
 Begin Bits: [0x0000000012940000, 0x00000000148c0000)
 End Bits:   [0x00000000148c0000, 0x0000000016840000)

Polling page: 0x0000000000cc0000

CodeCache: size=245760Kb used=6666Kb max_used=6678Kb free=239093Kb
 bounds [0x00000000026e0000, 0x0000000002d70000, 0x00000000116e0000]
 total_blobs=2521 nmethods=1950 adapters=484
 compilation: enabled

Compilation events (10 events):
Event: 18.787 Thread 0x0000000019639000 1947       4       util.Util::forRange (15 bytes)
Event: 18.788 Thread 0x000000001962d800 1948       3       util.Vec3::perComponent (65 bytes)
Event: 18.789 Thread 0x000000001962d800 nmethod 1948 0x0000000002d63210 code [0x0000000002d63460, 0x0000000002d64468]
Event: 18.790 Thread 0x0000000019622800 1949       4       util.Vec3::perComponent (65 bytes)
Event: 18.793 Thread 0x0000000019639000 nmethod 1947 0x0000000002d609d0 code [0x0000000002d60b20, 0x0000000002d60f58]
Event: 18.796 Thread 0x0000000019626000 1950       4       map.Chunk$$Lambda$89/1340565491::apply (12 bytes)
Event: 18.797 Thread 0x0000000019626000 nmethod 1950 0x0000000002d62110 code [0x0000000002d62280, 0x0000000002d623b8]
Event: 18.800 Thread 0x0000000019622800 nmethod 1949 0x0000000002d657d0 code [0x0000000002d659e0, 0x0000000002d66398]
Event: 18.828 Thread 0x0000000019639000 1951       4       graphics.data.Texture::bind (12 bytes)
Event: 18.829 Thread 0x0000000019639000 nmethod 1951 0x0000000002d65390 code [0x0000000002d654e0, 0x0000000002d65608]

GC Heap History (10 events):
Event: 3.983 GC heap before
{Heap before GC invocations=32 (full 0):
 PSYoungGen      total 276992K, used 272992K [0x00000000d6000000, 0x00000000fb580000, 0x0000000100000000)
  eden space 272896K, 100% used [0x00000000d6000000,0x00000000e6a80000,0x00000000e6a80000)
  from space 4096K, 2% used [0x00000000fad80000,0x00000000fad98000,0x00000000fb180000)
  to   space 4096K, 0% used [0x00000000fb180000,0x00000000fb180000,0x00000000fb580000)
 ParOldGen       total 86016K, used 12477K [0x0000000082000000, 0x0000000087400000, 0x00000000d6000000)
  object space 86016K, 14% used [0x0000000082000000,0x0000000082c2f530,0x0000000087400000)
 Metaspace       used 10418K, capacity 10951K, committed 11008K, reserved 1058816K
  class space    used 1082K, capacity 1238K, committed 1280K, reserved 1048576K
Event: 3.984 GC heap after
Heap after GC invocations=32 (full 0):
 PSYoungGen      total 261632K, used 160K [0x00000000d6000000, 0x00000000fb200000, 0x0000000100000000)
  eden space 261120K, 0% used [0x00000000d6000000,0x00000000d6000000,0x00000000e5f00000)
  from space 512K, 31% used [0x00000000fb180000,0x00000000fb1a8000,0x00000000fb200000)
  to   space 3584K, 0% used [0x00000000fab00000,0x00000000fab00000,0x00000000fae80000)
 ParOldGen       total 86016K, used 12485K [0x0000000082000000, 0x0000000087400000, 0x00000000d6000000)
  object space 86016K, 14% used [0x0000000082000000,0x0000000082c31530,0x0000000087400000)
 Metaspace       used 10418K, capacity 10951K, committed 11008K, reserved 1058816K
  class space    used 1082K, capacity 1238K, committed 1280K, reserved 1048576K
}
Event: 4.041 GC heap before
{Heap before GC invocations=33 (full 0):
 PSYoungGen      total 261632K, used 261280K [0x00000000d6000000, 0x00000000fb200000, 0x0000000100000000)
  eden space 261120K, 100% used [0x00000000d6000000,0x00000000e5f00000,0x00000000e5f00000)
  from space 512K, 31% used [0x00000000fb180000,0x00000000fb1a8000,0x00000000fb200000)
  to   space 3584K, 0% used [0x00000000fab00000,0x00000000fab00000,0x00000000fae80000)
 ParOldGen       total 86016K, used 12485K [0x0000000082000000, 0x0000000087400000, 0x00000000d6000000)
  object space 86016K, 14% used [0x0000000082000000,0x0000000082c31530,0x0000000087400000)
 Metaspace       used 10418K, capacity 10951K, committed 11008K, reserved 1058816K
  class space    used 1082K, capacity 1238K, committed 1280K, reserved 1048576K
Event: 4.042 GC heap after
Heap after GC invocations=33 (full 0):
 PSYoungGen      total 253440K, used 96K [0x00000000d6000000, 0x00000000fb200000, 0x0000000100000000)
  eden space 249856K, 0% used [0x00000000d6000000,0x00000000d6000000,0x00000000e5400000)
  from space 3584K, 2% used [0x00000000fab00000,0x00000000fab18000,0x00000000fae80000)
  to   space 3584K, 0% used [0x00000000fae80000,0x00000000fae80000,0x00000000fb200000)
 ParOldGen       total 86016K, used 12485K [0x0000000082000000, 0x0000000087400000, 0x00000000d6000000)
  object space 86016K, 14% used [0x0000000082000000,0x0000000082c31530,0x0000000087400000)
 Metaspace       used 10418K, capacity 10951K, committed 11008K, reserved 1058816K
  class space    used 1082K, capacity 1238K, committed 1280K, reserved 1048576K
}
Event: 18.832 GC heap before
{Heap before GC invocations=34 (full 0):
 PSYoungGen      total 253440K, used 249952K [0x00000000d6000000, 0x00000000fb200000, 0x0000000100000000)
  eden space 249856K, 100% used [0x00000000d6000000,0x00000000e5400000,0x00000000e5400000)
  from space 3584K, 2% used [0x00000000fab00000,0x00000000fab18000,0x00000000fae80000)
  to   space 3584K, 0% used [0x00000000fae80000,0x00000000fae80000,0x00000000fb200000)
 ParOldGen       total 86016K, used 12485K [0x0000000082000000, 0x0000000087400000, 0x00000000d6000000)
  object space 86016K, 14% used [0x0000000082000000,0x0000000082c31530,0x0000000087400000)
 Metaspace       used 10908K, capacity 11571K, committed 11904K, reserved 1060864K
  class space    used 1145K, capacity 1304K, committed 1408K, reserved 1048576K
Event: 18.833 GC heap after
Heap after GC invocations=34 (full 0):
 PSYoungGen      total 239616K, used 224K [0x00000000d6000000, 0x00000000faf00000, 0x0000000100000000)
  eden space 239104K, 0% used [0x00000000d6000000,0x00000000d6000000,0x00000000e4980000)
  from space 512K, 43% used [0x00000000fae80000,0x00000000faeb8000,0x00000000faf00000)
  to   space 3072K, 0% used [0x00000000fa900000,0x00000000fa900000,0x00000000fac00000)
 ParOldGen       total 86016K, used 12493K [0x0000000082000000, 0x0000000087400000, 0x00000000d6000000)
  object space 86016K, 14% used [0x0000000082000000,0x0000000082c33530,0x0000000087400000)
 Metaspace       used 10908K, capacity 11571K, committed 11904K, reserved 1060864K
  class space    used 1145K, capacity 1304K, committed 1408K, reserved 1048576K
}
Event: 19.894 GC heap before
{Heap before GC invocations=35 (full 0):
 PSYoungGen      total 239616K, used 239328K [0x00000000d6000000, 0x00000000faf00000, 0x0000000100000000)
  eden space 239104K, 100% used [0x00000000d6000000,0x00000000e4980000,0x00000000e4980000)
  from space 512K, 43% used [0x00000000fae80000,0x00000000faeb8000,0x00000000faf00000)
  to   space 3072K, 0% used [0x00000000fa900000,0x00000000fa900000,0x00000000fac00000)
 ParOldGen       total 86016K, used 12493K [0x0000000082000000, 0x0000000087400000, 0x00000000d6000000)
  object space 86016K, 14% used [0x0000000082000000,0x0000000082c33530,0x0000000087400000)
 Metaspace       used 10908K, capacity 11571K, committed 11904K, reserved 1060864K
  class space    used 1145K, capacity 1304K, committed 1408K, reserved 1048576K
Event: 19.895 GC heap after
Heap after GC invocations=35 (full 0):
 PSYoungGen      total 231936K, used 128K [0x00000000d6000000, 0x00000000faf00000, 0x0000000100000000)
  eden space 228864K, 0% used [0x00000000d6000000,0x00000000d6000000,0x00000000e3f80000)
  from space 3072K, 4% used [0x00000000fa900000,0x00000000fa920000,0x00000000fac00000)
  to   space 3072K, 0% used [0x00000000fac00000,0x00000000fac00000,0x00000000faf00000)
 ParOldGen       total 86016K, used 12605K [0x0000000082000000, 0x0000000087400000, 0x00000000d6000000)
  object space 86016K, 14% used [0x0000000082000000,0x0000000082c4f530,0x0000000087400000)
 Metaspace       used 10908K, capacity 11571K, committed 11904K, reserved 1060864K
  class space    used 1145K, capacity 1304K, committed 1408K, reserved 1048576K
}
Event: 21.121 GC heap before
{Heap before GC invocations=36 (full 0):
 PSYoungGen      total 231936K, used 228992K [0x00000000d6000000, 0x00000000faf00000, 0x0000000100000000)
  eden space 228864K, 100% used [0x00000000d6000000,0x00000000e3f80000,0x00000000e3f80000)
  from space 3072K, 4% used [0x00000000fa900000,0x00000000fa920000,0x00000000fac00000)
  to   space 3072K, 0% used [0x00000000fac00000,0x00000000fac00000,0x00000000faf00000)
 ParOldGen       total 86016K, used 12605K [0x0000000082000000, 0x0000000087400000, 0x00000000d6000000)
  object space 86016K, 14% used [0x0000000082000000,0x0000000082c4f530,0x0000000087400000)
 Metaspace       used 10908K, capacity 11571K, committed 11904K, reserved 1060864K
  class space    used 1145K, capacity 1304K, committed 1408K, reserved 1048576K
Event: 21.122 GC heap after
Heap after GC invocations=36 (full 0):
 PSYoungGen      total 219648K, used 160K [0x00000000d6000000, 0x00000000fac80000, 0x0000000100000000)
  eden space 219136K, 0% used [0x00000000d6000000,0x00000000d6000000,0x00000000e3600000)
  from space 512K, 31% used [0x00000000fac00000,0x00000000fac28000,0x00000000fac80000)
  to   space 3072K, 0% used [0x00000000fa680000,0x00000000fa680000,0x00000000fa980000)
 ParOldGen       total 86016K, used 12613K [0x0000000082000000, 0x0000000087400000, 0x00000000d6000000)
  object space 86016K, 14% used [0x0000000082000000,0x0000000082c51530,0x0000000087400000)
 Metaspace       used 10908K, capacity 11571K, committed 11904K, reserved 1060864K
  class space    used 1145K, capacity 1304K, committed 1408K, reserved 1048576K
}

Deoptimization events (10 events):
Event: 18.784 Thread 0x000000000252d800 Uncommon trap: reason=bimorphic action=maybe_recompile pc=0x0000000002cea944 method=util.Vec3.perComponent(Ljava/util/function/UnaryOperator;)Lutil/Vec3; @ 12
Event: 18.784 Thread 0x000000000252d800 Uncommon trap: reason=bimorphic action=maybe_recompile pc=0x0000000002cea944 method=util.Vec3.perComponent(Ljava/util/function/UnaryOperator;)Lutil/Vec3; @ 12
Event: 18.784 Thread 0x000000000252d800 Uncommon trap: reason=bimorphic action=maybe_recompile pc=0x0000000002d2adb8 method=java.util.Collection.stream()Ljava/util/stream/Stream; @ 1
Event: 18.784 Thread 0x000000000252d800 Uncommon trap: reason=bimorphic action=maybe_recompile pc=0x0000000002ba1104 method=java.util.stream.StreamOpFlag.fromCharacteristics(Ljava/util/Spliterator;)I @ 1
Event: 18.785 Thread 0x000000000252d800 Uncommon trap: reason=bimorphic action=maybe_recompile pc=0x0000000002c8b70c method=java.util.stream.AbstractPipeline.copyInto(Ljava/util/stream/Sink;Ljava/util/Spliterator;)V @ 20
Event: 19.845 Thread 0x0000000019894000 Uncommon trap: reason=class_check action=maybe_recompile pc=0x0000000002ae2120 method=java.io.DataInputStream.readFully([BII)V @ 34
Event: 19.852 Thread 0x000000000252d800 Uncommon trap: reason=bimorphic action=maybe_recompile pc=0x0000000002d2adb8 method=java.util.Collection.stream()Ljava/util/stream/Stream; @ 1
Event: 19.852 Thread 0x000000000252d800 Uncommon trap: reason=bimorphic action=maybe_recompile pc=0x0000000002c8b70c method=java.util.stream.AbstractPipeline.copyInto(Ljava/util/stream/Sink;Ljava/util/Spliterator;)V @ 20
Event: 21.070 Thread 0x000000000252d800 Uncommon trap: reason=bimorphic action=maybe_recompile pc=0x0000000002d2adb8 method=java.util.Collection.stream()Ljava/util/stream/Stream; @ 1
Event: 21.070 Thread 0x000000000252d800 Uncommon trap: reason=bimorphic action=maybe_recompile pc=0x0000000002c8b70c method=java.util.stream.AbstractPipeline.copyInto(Ljava/util/stream/Sink;Ljava/util/Spliterator;)V @ 20

Internal exceptions (10 events):
Event: 0.090 Thread 0x000000000252d800 Exception <a 'java/security/PrivilegedActionException'> (0x00000000d61fc838) thrown at [C:\re\workspace\8-2-build-windows-amd64-cygwin\jdk8u51\3951\hotspot\src\share\vm\prims\jvm.cpp, line 1382]
Event: 0.090 Thread 0x000000000252d800 Exception <a 'java/security/PrivilegedActionException'> (0x00000000d61fc9f0) thrown at [C:\re\workspace\8-2-build-windows-amd64-cygwin\jdk8u51\3951\hotspot\src\share\vm\prims\jvm.cpp, line 1382]
Event: 0.130 Thread 0x000000000252d800 Exception <a 'java/lang/NoSuchFieldError': method resolution failed> (0x00000000d62ec6a0) thrown at [C:\re\workspace\8-2-build-windows-amd64-cygwin\jdk8u51\3951\hotspot\src\share\vm\prims\methodHandles.cpp, line 1125]
Event: 0.132 Thread 0x000000000252d800 Exception <a 'java/lang/NoSuchFieldError': method resolution failed> (0x00000000d62fadf0) thrown at [C:\re\workspace\8-2-build-windows-amd64-cygwin\jdk8u51\3951\hotspot\src\share\vm\prims\methodHandles.cpp, line 1125]
Event: 0.343 Thread 0x000000000252d800 Exception <a 'java/security/PrivilegedActionException'> (0x00000000d67cdd00) thrown at [C:\re\workspace\8-2-build-windows-amd64-cygwin\jdk8u51\3951\hotspot\src\share\vm\prims\jvm.cpp, line 1382]
Event: 0.343 Thread 0x000000000252d800 Exception <a 'java/security/PrivilegedActionException'> (0x00000000d67cdeb8) thrown at [C:\re\workspace\8-2-build-windows-amd64-cygwin\jdk8u51\3951\hotspot\src\share\vm\prims\jvm.cpp, line 1382]
Event: 0.343 Thread 0x000000000252d800 Exception <a 'java/security/PrivilegedActionException'> (0x00000000d67d1de0) thrown at [C:\re\workspace\8-2-build-windows-amd64-cygwin\jdk8u51\3951\hotspot\src\share\vm\prims\jvm.cpp, line 1382]
Event: 0.343 Thread 0x000000000252d800 Exception <a 'java/security/PrivilegedActionException'> (0x00000000d67d1f98) thrown at [C:\re\workspace\8-2-build-windows-amd64-cygwin\jdk8u51\3951\hotspot\src\share\vm\prims\jvm.cpp, line 1382]
Event: 0.347 Thread 0x000000000252d800 Exception <a 'java/io/FileNotFoundException'> (0x00000000d67d5b68) thrown at [C:\re\workspace\8-2-build-windows-amd64-cygwin\jdk8u51\3951\hotspot\src\share\vm\prims\jni.cpp, line 709]
Event: 0.370 Thread 0x000000000252d800 Exception <a 'java/io/FileNotFoundException'> (0x00000000d6813a50) thrown at [C:\re\workspace\8-2-build-windows-amd64-cygwin\jdk8u51\3951\hotspot\src\share\vm\prims\jni.cpp, line 709]

Events (10 events):
Event: 19.894 Executing VM operation: ParallelGCFailedAllocation
Event: 19.895 Executing VM operation: ParallelGCFailedAllocation done
Event: 21.070 Thread 0x000000000252d800 Uncommon trap: trap_request=0xffffffc6 fr.pc=0x0000000002d2adb8
Event: 21.070 Thread 0x000000000252d800 DEOPT PACKING pc=0x0000000002d2adb8 sp=0x00000000024fef90
Event: 21.070 Thread 0x000000000252d800 DEOPT UNPACKING pc=0x000000000272582a sp=0x00000000024fef58 mode 2
Event: 21.070 Thread 0x000000000252d800 Uncommon trap: trap_request=0xffffffc6 fr.pc=0x0000000002c8b70c
Event: 21.070 Thread 0x000000000252d800 DEOPT PACKING pc=0x0000000002c8b70c sp=0x00000000024fedf0
Event: 21.070 Thread 0x000000000252d800 DEOPT UNPACKING pc=0x000000000272582a sp=0x00000000024fed60 mode 2
Event: 21.121 Executing VM operation: ParallelGCFailedAllocation
Event: 21.122 Executing VM operation: ParallelGCFailedAllocation done


Dynamic libraries:
0x00007ff6687b0000 - 0x00007ff6687e7000 	C:\Program Files\Java\jdk1.8.0_51\bin\java.exe
0x00007ffae4ee0000 - 0x00007ffae508d000 	C:\WINDOWS\SYSTEM32\ntdll.dll
0x00007ffae2600000 - 0x00007ffae273e000 	C:\WINDOWS\system32\KERNEL32.DLL
0x00007ffae21b0000 - 0x00007ffae22c5000 	C:\WINDOWS\system32\KERNELBASE.dll
0x00007ffae0bd0000 - 0x00007ffae0c5e000 	C:\WINDOWS\system32\apphelp.dll
0x00007ffad13c0000 - 0x00007ffad1413000 	C:\WINDOWS\AppPatch\AppPatch64\AcGenral.DLL
0x00007ffae2ea0000 - 0x00007ffae2f4a000 	C:\WINDOWS\system32\msvcrt.dll
0x00007ffae1e80000 - 0x00007ffae1eae000 	C:\WINDOWS\SYSTEM32\SspiCli.dll
0x00007ffae29f0000 - 0x00007ffae2a44000 	C:\WINDOWS\system32\SHLWAPI.dll
0x00007ffae27b0000 - 0x00007ffae2927000 	C:\WINDOWS\system32\USER32.dll
0x00007ffae4870000 - 0x00007ffae4a04000 	C:\WINDOWS\system32\ole32.dll
0x00007ffae32b0000 - 0x00007ffae47da000 	C:\WINDOWS\system32\SHELL32.dll
0x00007ffae15d0000 - 0x00007ffae15f1000 	C:\WINDOWS\SYSTEM32\USERENV.dll
0x00007ffae2ab0000 - 0x00007ffae2b5a000 	C:\WINDOWS\system32\ADVAPI32.dll
0x00007ffad4490000 - 0x00007ffad44ae000 	C:\WINDOWS\SYSTEM32\MPR.dll
0x00007ffae4d90000 - 0x00007ffae4ed1000 	C:\WINDOWS\system32\RPCRT4.dll
0x00007ffae25a0000 - 0x00007ffae25f9000 	C:\WINDOWS\SYSTEM32\sechost.dll
0x00007ffae4b70000 - 0x00007ffae4d81000 	C:\WINDOWS\SYSTEM32\combase.dll
0x00007ffae2d50000 - 0x00007ffae2ea0000 	C:\WINDOWS\system32\GDI32.dll
0x00007ffae2030000 - 0x00007ffae2045000 	C:\WINDOWS\SYSTEM32\profapi.dll
0x00007ffae0ac0000 - 0x00007ffae0b72000 	C:\WINDOWS\SYSTEM32\SHCORE.dll
0x00007ffae2560000 - 0x00007ffae2596000 	C:\WINDOWS\system32\IMM32.DLL
0x00007ffae4a10000 - 0x00007ffae4b62000 	C:\WINDOWS\system32\MSCTF.dll
0x00007ffadfbf0000 - 0x00007ffadfe6b000 	C:\WINDOWS\WinSxS\amd64_microsoft.windows.common-controls_6595b64144ccf1df_6.0.9600.18006_none_623f33d3ecbe86e8\COMCTL32.dll
0x0000000058640000 - 0x0000000058712000 	C:\Program Files\Java\jdk1.8.0_51\jre\bin\msvcr100.dll
0x0000000058720000 - 0x0000000058fa3000 	C:\Program Files\Java\jdk1.8.0_51\jre\bin\server\jvm.dll
0x00007ffad3810000 - 0x00007ffad3819000 	C:\WINDOWS\SYSTEM32\WSOCK32.dll
0x00007ffaddee0000 - 0x00007ffaddf02000 	C:\WINDOWS\SYSTEM32\WINMM.dll
0x00007ffadf3c0000 - 0x00007ffadf3ca000 	C:\WINDOWS\SYSTEM32\VERSION.dll
0x00007ffae2b60000 - 0x00007ffae2b67000 	C:\WINDOWS\system32\PSAPI.DLL
0x00007ffae4810000 - 0x00007ffae486a000 	C:\WINDOWS\system32\WS2_32.dll
0x00007ffaddeb0000 - 0x00007ffaddeda000 	C:\WINDOWS\SYSTEM32\WINMMBASE.dll
0x00007ffae47f0000 - 0x00007ffae47f9000 	C:\WINDOWS\system32\NSI.dll
0x00007ffae22d0000 - 0x00007ffae231f000 	C:\WINDOWS\SYSTEM32\cfgmgr32.dll
0x00007ffae0e20000 - 0x00007ffae0e48000 	C:\WINDOWS\SYSTEM32\DEVOBJ.dll
0x00000000585f0000 - 0x00000000585ff000 	C:\Program Files\Java\jdk1.8.0_51\jre\bin\verify.dll
0x00000000585c0000 - 0x00000000585e9000 	C:\Program Files\Java\jdk1.8.0_51\jre\bin\java.dll
0x00000000585a0000 - 0x00000000585b6000 	C:\Program Files\Java\jdk1.8.0_51\jre\bin\zip.dll
0x0000000058580000 - 0x000000005859a000 	C:\Program Files\Java\jdk1.8.0_51\jre\bin\net.dll
0x00007ffae1840000 - 0x00007ffae1899000 	C:\WINDOWS\system32\mswsock.dll
0x0000000180000000 - 0x0000000180051000 	C:\Users\Rory\Desktop\Programs\Current Projects\OGPC 2016 Java\natives\lwjgl64.dll
0x00007ffad0000000 - 0x00007ffad012b000 	C:\WINDOWS\SYSTEM32\OPENGL32.dll
0x00007ffadafb0000 - 0x00007ffadafde000 	C:\WINDOWS\SYSTEM32\GLU32.dll
0x00007ffadafe0000 - 0x00007ffadb0d8000 	C:\WINDOWS\SYSTEM32\DDRAW.dll
0x00007ffaddd40000 - 0x00007ffaddd49000 	C:\WINDOWS\SYSTEM32\DCIMAN32.dll
0x00007ffae0ca0000 - 0x00007ffae0dc9000 	C:\WINDOWS\system32\uxtheme.dll
0x00007ffadfe70000 - 0x00007ffadfe91000 	C:\WINDOWS\system32\dwmapi.dll
0x00007ffad3ea0000 - 0x00007ffad3ecc000 	C:\WINDOWS\SYSTEM32\nvoglshim64.dll
0x000000001ae80000 - 0x000000001b5fe000 	C:\WINDOWS\system32\ig7icd64.dll
0x00007ffade1c0000 - 0x00007ffade600000 	C:\WINDOWS\SYSTEM32\igdusc64.dll
0x00007ffae0e70000 - 0x00007ffae0e7b000 	C:\WINDOWS\SYSTEM32\kernel.appcore.dll
0x00007ffae1f20000 - 0x00007ffae1f2b000 	C:\WINDOWS\SYSTEM32\CRYPTBASE.dll
0x00007ffae1eb0000 - 0x00007ffae1f13000 	C:\WINDOWS\SYSTEM32\bcryptPrimitives.dll
0x00007ffadd500000 - 0x00007ffadd592000 	C:\WINDOWS\SYSTEM32\mscms.dll
0x00007ffad1120000 - 0x00007ffad1161000 	C:\WINDOWS\SYSTEM32\icm32.dll
0x00007ffae1fd0000 - 0x00007ffae2016000 	C:\WINDOWS\SYSTEM32\powrprof.dll
0x00000000583c0000 - 0x0000000058558000 	C:\Program Files\Java\jdk1.8.0_51\jre\bin\awt.dll
0x00007ffae3120000 - 0x00007ffae31e1000 	C:\WINDOWS\system32\OLEAUT32.dll
0x0000000058370000 - 0x00000000583b7000 	C:\Program Files\Java\jdk1.8.0_51\jre\bin\fontmanager.dll
0x0000000058560000 - 0x0000000058571000 	C:\Program Files\Java\jdk1.8.0_51\jre\bin\nio.dll
0x0000000058320000 - 0x0000000058362000 	C:\Program Files\Java\jdk1.8.0_51\jre\bin\t2k.dll
0x00007ffae2930000 - 0x00007ffae29e6000 	C:\WINDOWS\SYSTEM32\clbcatq.dll
0x00007ffad5a40000 - 0x00007ffad5bc9000 	C:\WINDOWS\SYSTEM32\dbghelp.dll

VM Arguments:
jvm_args: -Dfile.encoding=UTF-8 -Dorg.lwjgl.opengl.Display.allowSoftwareOpenGL=true 
java_command: invisibleman.Server
java_class_path (initial): C:\Users\Rory\Desktop\Programs\Current Projects\OGPC 2016 Java\lib\jfxrt.jar;C:\Users\Rory\Desktop\Programs\Current Projects\OGPC 2016 Java\lib\jinput.jar;C:\Users\Rory\Desktop\Programs\Current Projects\OGPC 2016 Java\lib\lwjgl.jar;C:\Users\Rory\Desktop\Programs\Current Projects\OGPC 2016 Java\lib\lwjgl_util.jar;C:\Users\Rory\Desktop\Programs\Current Projects\OGPC 2016 Java\lib\slick-util.jar;C:\Users\Rory\Desktop\Programs\Current Projects\OGPC 2016 Java\lib\protonpack-1.1.jar;C:\Users\Rory\Desktop\Programs\Current Projects\OGPC 2016 Java\lib\Forge.jar;C:\Users\Rory\Desktop\Programs\Current Projects\OGPC 2016 Java\build\classes
Launcher Type: SUN_STANDARD

Environment Variables:
PATH=C:\ProgramData\Oracle\Java\javapath;C:\Program Files (x86)\Intel\iCLS Client\;C:\Program Files\Intel\iCLS Client\;C:\WINDOWS\system32;C:\WINDOWS;C:\WINDOWS\System32\Wbem;C:\WINDOWS\System32\WindowsPowerShell\v1.0\;C:\Program Files (x86)\Intel\OpenCL SDK\2.0\bin\x86;C:\Program Files (x86)\Intel\OpenCL SDK\2.0\bin\x64;C:\Program Files\Intel\Intel(R) Management Engine Components\DAL;C:\Program Files\Intel\Intel(R) Management Engine Components\IPT;C:\Program Files (x86)\Intel\Intel(R) Management Engine Components\DAL;C:\Program Files (x86)\Intel\Intel(R) Management Engine Components\IPT;C:\Program Files\Lenovo\Bluetooth Software\;C:\Program Files\Lenovo\Bluetooth Software\syswow64;C:\Program Files\Intel\WiFi\bin\;C:\Program Files\Common Files\Intel\WirelessCommon\;C:\Program Files\SlikSvn\bin;C:\Program Files (x86)\NVIDIA Corporation\PhysX\Common;C:\Program Files (x86)\Skype\Phone\
USERNAME=Rory
OS=Windows_NT
PROCESSOR_IDENTIFIER=Intel64 Family 6 Model 58 Stepping 9, GenuineIntel



---------------  S Y S T E M  ---------------

OS: Windows 8.1 , 64 bit Build 9600 (6.3.9600.17415)

CPU:total 8 (4 cores per cpu, 2 threads per core) family 6 model 58 stepping 9, cmov, cx8, fxsr, mmx, sse, sse2, sse3, ssse3, sse4.1, sse4.2, popcnt, avx, aes, clmul, erms, ht, tsc, tscinvbit, tscinv

Memory: 4k page, physical 8251156k(2038484k free), swap 9561876k(2445372k free)

vm_info: Java HotSpot(TM) 64-Bit Server VM (25.51-b03) for windows-amd64 JRE (1.8.0_51-b16), built on Jun  8 2015 18:03:07 by "java_re" with MS VC++ 10.0 (VS2010)

time: Mon Apr 18 21:40:06 2016
elapsed time: 21 seconds (0d 0h 0m 21s)

