#
# A fatal error has been detected by the Java Runtime Environment:
#
#  EXCEPTION_ACCESS_VIOLATION (0xc0000005) at pc=0x000000001a91d184, pid=1940, tid=11528
#
# JRE version: Java(TM) SE Runtime Environment (8.0_51-b16) (build 1.8.0_51-b16)
# Java VM: Java HotSpot(TM) 64-Bit Server VM (25.51-b03 mixed mode windows-amd64 compressed oops)
# Problematic frame:
# C  [ig7icd64.dll+0x1d184]
#
# Failed to write core dump. Minidumps are not enabled by default on client versions of Windows
#
# If you would like to submit a bug report, please visit:
#   http://bugreport.java.com/bugreport/crash.jsp
# The crash happened outside the Java Virtual Machine in native code.
# See problematic frame for where to report the bug.
#

---------------  T H R E A D  ---------------

Current thread (0x000000000294d800):  JavaThread "main" [_thread_in_native, id=11528, stack(0x0000000002a50000,0x0000000002b50000)]

siginfo: ExceptionCode=0xc0000005, writing address 0x00000000029ea000

Registers:
RAX=0x0000000000000001, RBX=0x000000001b0bf300, RCX=0x00000000029ea010, RDX=0x000000001f605060
RSP=0x0000000002b4e050, RBP=0x0000000000000000, RSI=0x000000001b169470, RDI=0x000000001f604d00
R8 =0x0000000000000020, R9 =0x0000000000000000, R10=0x0000000000000001, R11=0x0000000000000002
R12=0x0000000000000000, R13=0x000000001f589000, R14=0x000000001b16b180, R15=0x0000000000000000
RIP=0x000000001a91d184, EFLAGS=0x0000000000010206

Top of Stack: (sp=0x0000000002b4e050)
0x0000000002b4e050:   000000001b0bf300 0000000002b4e190
0x0000000002b4e060:   000000000294d800 000000001acfac83
0x0000000002b4e070:   00000001000e5bd0 000000001acf7340
0x0000000002b4e080:   000000001b0cc720 00000000031a1a60
0x0000000002b4e090:   000000001767b370 000000001ab20ac8
0x0000000002b4e0a0:   000000001b0bf300 00000000219f6e19
0x0000000002b4e0b0:   0000000002b4e0f8 00000000219f7028
0x0000000002b4e0c0:   0000000000000000 00000000219f6e28
0x0000000002b4e0d0:   000000001f605050 0000000000000000
0x0000000002b4e0e0:   0000000000000000 0000000000000000
0x0000000002b4e0f0:   000000001f660560 0000000000000002
0x0000000002b4e100:   0000000000000002 000000001f6b0250
0x0000000002b4e110:   000000001b0bf300 000000001f604e5c
0x0000000002b4e120:   000000001f604d00 000000001ab52a54
0x0000000002b4e130:   0000000002b4e1c9 000000001f6aa201
0x0000000002b4e140:   000000001f604e5c 0000000000000000 

Instructions: (pc=0x000000001a91d184)
0x000000001a91d164:   d1 49 c1 eb 04 4d 85 db 0f 84 24 02 00 00 f3 0f
0x000000001a91d174:   6f 02 41 ff c2 48 83 c1 10 41 8b c2 48 83 c2 10
0x000000001a91d184:   f3 0f 7f 41 f0 49 3b c3 72 e4 e9 03 02 00 00 48
0x000000001a91d194:   89 7c 24 40 8b f9 83 e7 0f 74 68 48 89 5c 24 50 


Register to memory mapping:

RAX=0x0000000000000001 is an unknown value
RBX=0x000000001b0bf300 is an unknown value
RCX=0x00000000029ea010 is an unknown value
RDX=0x000000001f605060 is an unknown value
RSP=0x0000000002b4e050 is pointing into the stack for thread: 0x000000000294d800
RBP=0x0000000000000000 is an unknown value
RSI=0x000000001b169470 is an unknown value
RDI=0x000000001f604d00 is an unknown value
R8 =0x0000000000000020 is an unknown value
R9 =0x0000000000000000 is an unknown value
R10=0x0000000000000001 is an unknown value
R11=0x0000000000000002 is an unknown value
R12=0x0000000000000000 is an unknown value
R13=0x000000001f589000 is an unknown value
R14=0x000000001b16b180 is an unknown value
R15=0x0000000000000000 is an unknown value


Stack: [0x0000000002a50000,0x0000000002b50000],  sp=0x0000000002b4e050,  free space=1016k
Native frames: (J=compiled Java code, j=interpreted, Vv=VM code, C=native code)

Java frames: (J=compiled Java code, j=interpreted, Vv=VM code)
J 1902  org.lwjgl.opengl.GL11.nglCallList(IJ)V (0 bytes) @ 0x0000000002dc4a44 [0x0000000002dc4a00+0x44]
J 1958 C2 map.CubeMap$$Lambda$123.accept(Ljava/lang/Object;Ljava/lang/Object;)V (12 bytes) @ 0x0000000002dc2818 [0x0000000002dc2700+0x118]
J 1834 C2 util.Util$$Lambda$65.accept(Ljava/lang/Object;)V (20 bytes) @ 0x000000000324a188 [0x000000000324a0a0+0xe8]
J 1614 C2 util.Util.forRange(IILjava/util/function/Consumer;)V (24 bytes) @ 0x00000000031a1a60 [0x00000000031a1760+0x300]
J 1992 C1 map.CubeMap.drawAll()V (49 bytes) @ 0x0000000002d927c4 [0x0000000002d91660+0x1164]
J 1971 C1 map.Editor$$Lambda$82.run()V (4 bytes) @ 0x0000000002d5f1bc [0x0000000002d5f100+0xbc]
J 1960 C2 engine.EventStream$$Lambda$2.accept(Ljava/lang/Object;)V (12 bytes) @ 0x0000000002fdd958 [0x0000000002fdd900+0x58]
J 2019 C2 engine.EventStream.sendEvent()V (27 bytes) @ 0x00000000030c241c [0x00000000030c2180+0x29c]
J 2023 C2 engine.Core$$Lambda$53.accept(Ljava/lang/Object;)V (8 bytes) @ 0x00000000030868a4 [0x0000000003086860+0x44]
J 1120 C1 java.lang.Iterable.forEach(Ljava/util/function/Consumer;)V (39 bytes) @ 0x000000000301a64c [0x000000000301a360+0x2ec]
J 935% C2 engine.Core.run()V (114 bytes) @ 0x0000000002faca68 [0x0000000002fac9a0+0xc8]
j  map.Editor.start(Ljava/lang/String;)V+481
j  guis.Play.recieve(Ljava/lang/String;Ljava/lang/Object;)V+131
j  gui.components.GUIButton.send()V+68
j  gui.TypingManager.compOpen(Lgui/types/GUIInputComponent;)V+24
j  gui.TypingManager.lambda$null$1()V+93
j  gui.TypingManager$$Lambda$35.run()V+0
J 1011 C1 engine.EventStream$$Lambda$2.accept(Ljava/lang/Object;)V (12 bytes) @ 0x0000000002fd1914 [0x0000000002fd16e0+0x234]
J 1211 C2 engine.EventStream$$Lambda$33.accept(Ljava/lang/Object;)V (10 bytes) @ 0x0000000003072c78 [0x0000000003072c20+0x58]
J 1163 C2 java.util.ArrayList.forEach(Ljava/util/function/Consumer;)V (75 bytes) @ 0x0000000003039ca4 [0x0000000003039be0+0xc4]
J 1097 C1 engine.Signal$$Lambda$5.accept(Ljava/lang/Object;)V (16 bytes) @ 0x000000000300a78c [0x0000000003009fc0+0x7cc]
J 1211 C2 engine.EventStream$$Lambda$33.accept(Ljava/lang/Object;)V (10 bytes) @ 0x0000000003072c78 [0x0000000003072c20+0x58]
J 1163 C2 java.util.ArrayList.forEach(Ljava/util/function/Consumer;)V (75 bytes) @ 0x0000000003039ca4 [0x0000000003039be0+0xc4]
J 1157 C1 engine.Input.lambda$static$0()V (417 bytes) @ 0x0000000003040bb4 [0x000000000303cd60+0x3e54]
J 1156 C1 engine.Input$$Lambda$1.run()V (4 bytes) @ 0x000000000303bdfc [0x000000000303bd80+0x7c]
J 1011 C1 engine.EventStream$$Lambda$2.accept(Ljava/lang/Object;)V (12 bytes) @ 0x0000000002fd1914 [0x0000000002fd16e0+0x234]
J 1211 C2 engine.EventStream$$Lambda$33.accept(Ljava/lang/Object;)V (10 bytes) @ 0x0000000003072c78 [0x0000000003072c20+0x58]
J 1163 C2 java.util.ArrayList.forEach(Ljava/util/function/Consumer;)V (75 bytes) @ 0x0000000003039ca4 [0x0000000003039be0+0xc4]
J 1118 C1 engine.Core$$Lambda$49.accept(Ljava/lang/Object;)V (12 bytes) @ 0x00000000030199bc [0x00000000030192c0+0x6fc]
J 1120 C1 java.lang.Iterable.forEach(Ljava/util/function/Consumer;)V (39 bytes) @ 0x000000000301a64c [0x000000000301a360+0x2ec]
J 935% C2 engine.Core.run()V (114 bytes) @ 0x0000000002faca34 [0x0000000002fac9a0+0x94]
j  invisibleman.Client.main([Ljava/lang/String;)V+139
v  ~StubRoutines::call_stub

---------------  P R O C E S S  ---------------

Java Threads: ( => current thread )
  0x0000000019eb0000 JavaThread "AWT-Windows" daemon [_thread_in_native, id=7500, stack(0x000000001bb50000,0x000000001bc50000)]
  0x0000000019e95800 JavaThread "Java2D Disposer" daemon [_thread_blocked, id=3920, stack(0x000000001b950000,0x000000001ba50000)]
  0x0000000019c28000 JavaThread "Service Thread" daemon [_thread_blocked, id=3000, stack(0x000000001a560000,0x000000001a660000)]
  0x0000000019ba1000 JavaThread "C1 CompilerThread3" daemon [_thread_blocked, id=8724, stack(0x000000001a460000,0x000000001a560000)]
  0x0000000019b89800 JavaThread "C2 CompilerThread2" daemon [_thread_in_native, id=4092, stack(0x000000001a360000,0x000000001a460000)]
  0x0000000019b85800 JavaThread "C2 CompilerThread1" daemon [_thread_blocked, id=2748, stack(0x000000001a260000,0x000000001a360000)]
  0x0000000019b82800 JavaThread "C2 CompilerThread0" daemon [_thread_blocked, id=10624, stack(0x000000001a160000,0x000000001a260000)]
  0x0000000019b91000 JavaThread "Attach Listener" daemon [_thread_blocked, id=5268, stack(0x000000001a060000,0x000000001a160000)]
  0x0000000019b90000 JavaThread "Signal Dispatcher" daemon [_thread_blocked, id=8440, stack(0x0000000019f60000,0x000000001a060000)]
  0x0000000002c4a000 JavaThread "Finalizer" daemon [_thread_blocked, id=10744, stack(0x0000000019a60000,0x0000000019b60000)]
  0x0000000002c43000 JavaThread "Reference Handler" daemon [_thread_blocked, id=6728, stack(0x0000000019960000,0x0000000019a60000)]
=>0x000000000294d800 JavaThread "main" [_thread_in_native, id=11528, stack(0x0000000002a50000,0x0000000002b50000)]

Other Threads:
  0x0000000017b89800 VMThread [stack: 0x0000000019860000,0x0000000019960000] [id=208]
  0x0000000019c2a000 WatcherThread [stack: 0x000000001a660000,0x000000001a760000] [id=11428]

VM state:not at safepoint (normal execution)

VM Mutex/Monitor currently owned by a thread: None

Heap:
 PSYoungGen      total 207360K, used 175956K [0x00000000d6000000, 0x00000000f3180000, 0x0000000100000000)
  eden space 204288K, 86% used [0x00000000d6000000,0x00000000e0bcd0e8,0x00000000e2780000)
  from space 3072K, 1% used [0x00000000f2b80000,0x00000000f2b88000,0x00000000f2e80000)
  to   space 3072K, 0% used [0x00000000f2e80000,0x00000000f2e80000,0x00000000f3180000)
 ParOldGen       total 86016K, used 14229K [0x0000000082000000, 0x0000000087400000, 0x00000000d6000000)
  object space 86016K, 16% used [0x0000000082000000,0x0000000082de56e0,0x0000000087400000)
 Metaspace       used 10729K, capacity 11343K, committed 11520K, reserved 1058816K
  class space    used 1114K, capacity 1244K, committed 1280K, reserved 1048576K

Card table byte_map: [0x0000000012010000,0x0000000012410000] byte_map_base: 0x0000000011c00000

Marking Bits: (ParMarkBitMap*) 0x0000000058f24040
 Begin Bits: [0x0000000012eb0000, 0x0000000014e30000)
 End Bits:   [0x0000000014e30000, 0x0000000016db0000)

Polling page: 0x0000000001020000

CodeCache: size=245760Kb used=6850Kb max_used=6858Kb free=238909Kb
 bounds [0x0000000002c50000, 0x0000000003320000, 0x0000000011c50000]
 total_blobs=2459 nmethods=1889 adapters=483
 compilation: enabled

Compilation events (10 events):
Event: 29.100 Thread 0x0000000019b82800 nmethod 2051 0x0000000002f3a5d0 code [0x0000000002f3a740, 0x0000000002f3aad8]
Event: 29.100 Thread 0x0000000019b82800 2055       4       map.CubeMap::isSolid (20 bytes)
Event: 29.102 Thread 0x0000000019b85800 nmethod 2054 0x00000000032a0150 code [0x00000000032a02e0, 0x00000000032a04f8]
Event: 29.102 Thread 0x0000000019b85800 2056       4       java.util.stream.LongPipeline::sum (11 bytes)
Event: 29.104 Thread 0x0000000019b85800 nmethod 2056 0x00000000032a08d0 code [0x00000000032a0a40, 0x00000000032a0cb8]
Event: 29.104 Thread 0x0000000019b85800 2058       4       map.CubeMap::getCube (80 bytes)
Event: 29.110 Thread 0x0000000019b85800 nmethod 2058 0x0000000002f39390 code [0x0000000002f39540, 0x0000000002f39ad8]
Event: 29.110 Thread 0x0000000019b85800 2057       4       java.util.stream.ReferencePipeline::mapToLong (26 bytes)
Event: 29.111 Thread 0x0000000019b85800 nmethod 2057 0x000000000329fd10 code [0x000000000329fe60, 0x000000000329fff8]
Event: 29.111 Thread 0x0000000019b82800 nmethod 2055 0x0000000002f36e90 code [0x0000000002f370a0, 0x0000000002f37bd8]

GC Heap History (10 events):
Event: 13.139 GC heap before
{Heap before GC invocations=33 (full 0):
 PSYoungGen      total 147456K, used 147104K [0x00000000d6000000, 0x00000000f3800000, 0x0000000100000000)
  eden space 146944K, 100% used [0x00000000d6000000,0x00000000def80000,0x00000000def80000)
  from space 512K, 31% used [0x00000000f3780000,0x00000000f37a8000,0x00000000f3800000)
  to   space 4096K, 0% used [0x00000000f3000000,0x00000000f3000000,0x00000000f3400000)
 ParOldGen       total 86016K, used 14221K [0x0000000082000000, 0x0000000087400000, 0x00000000d6000000)
  object space 86016K, 16% used [0x0000000082000000,0x0000000082de36e0,0x0000000087400000)
 Metaspace       used 10548K, capacity 11145K, committed 11264K, reserved 1058816K
  class space    used 1093K, capacity 1231K, committed 1280K, reserved 1048576K
Event: 13.140 GC heap after
Heap after GC invocations=33 (full 0):
 PSYoungGen      total 145408K, used 192K [0x00000000d6000000, 0x00000000f3800000, 0x0000000100000000)
  eden space 141312K, 0% used [0x00000000d6000000,0x00000000d6000000,0x00000000dea00000)
  from space 4096K, 4% used [0x00000000f3000000,0x00000000f3030000,0x00000000f3400000)
  to   space 4096K, 0% used [0x00000000f3400000,0x00000000f3400000,0x00000000f3800000)
 ParOldGen       total 86016K, used 14229K [0x0000000082000000, 0x0000000087400000, 0x00000000d6000000)
  object space 86016K, 16% used [0x0000000082000000,0x0000000082de56e0,0x0000000087400000)
 Metaspace       used 10548K, capacity 11145K, committed 11264K, reserved 1058816K
  class space    used 1093K, capacity 1231K, committed 1280K, reserved 1048576K
}
Event: 13.183 GC heap before
{Heap before GC invocations=34 (full 0):
 PSYoungGen      total 145408K, used 141504K [0x00000000d6000000, 0x00000000f3800000, 0x0000000100000000)
  eden space 141312K, 100% used [0x00000000d6000000,0x00000000dea00000,0x00000000dea00000)
  from space 4096K, 4% used [0x00000000f3000000,0x00000000f3030000,0x00000000f3400000)
  to   space 4096K, 0% used [0x00000000f3400000,0x00000000f3400000,0x00000000f3800000)
 ParOldGen       total 86016K, used 14229K [0x0000000082000000, 0x0000000087400000, 0x00000000d6000000)
  object space 86016K, 16% used [0x0000000082000000,0x0000000082de56e0,0x0000000087400000)
 Metaspace       used 10548K, capacity 11145K, committed 11264K, reserved 1058816K
  class space    used 1093K, capacity 1231K, committed 1280K, reserved 1048576K
Event: 13.184 GC heap after
Heap after GC invocations=34 (full 0):
 PSYoungGen      total 136192K, used 32K [0x00000000d6000000, 0x00000000f3480000, 0x0000000100000000)
  eden space 135680K, 0% used [0x00000000d6000000,0x00000000d6000000,0x00000000de480000)
  from space 512K, 6% used [0x00000000f3400000,0x00000000f3408000,0x00000000f3480000)
  to   space 3584K, 0% used [0x00000000f2d80000,0x00000000f2d80000,0x00000000f3100000)
 ParOldGen       total 86016K, used 14229K [0x0000000082000000, 0x0000000087400000, 0x00000000d6000000)
  object space 86016K, 16% used [0x0000000082000000,0x0000000082de56e0,0x0000000087400000)
 Metaspace       used 10548K, capacity 11145K, committed 11264K, reserved 1058816K
  class space    used 1093K, capacity 1231K, committed 1280K, reserved 1048576K
}
Event: 13.226 GC heap before
{Heap before GC invocations=35 (full 0):
 PSYoungGen      total 136192K, used 135712K [0x00000000d6000000, 0x00000000f3480000, 0x0000000100000000)
  eden space 135680K, 100% used [0x00000000d6000000,0x00000000de480000,0x00000000de480000)
  from space 512K, 6% used [0x00000000f3400000,0x00000000f3408000,0x00000000f3480000)
  to   space 3584K, 0% used [0x00000000f2d80000,0x00000000f2d80000,0x00000000f3100000)
 ParOldGen       total 86016K, used 14229K [0x0000000082000000, 0x0000000087400000, 0x00000000d6000000)
  object space 86016K, 16% used [0x0000000082000000,0x0000000082de56e0,0x0000000087400000)
 Metaspace       used 10548K, capacity 11145K, committed 11264K, reserved 1058816K
  class space    used 1093K, capacity 1231K, committed 1280K, reserved 1048576K
Event: 13.227 GC heap after
Heap after GC invocations=35 (full 0):
 PSYoungGen      total 134144K, used 160K [0x00000000d6000000, 0x00000000f3480000, 0x0000000100000000)
  eden space 130560K, 0% used [0x00000000d6000000,0x00000000d6000000,0x00000000ddf80000)
  from space 3584K, 4% used [0x00000000f2d80000,0x00000000f2da8000,0x00000000f3100000)
  to   space 3584K, 0% used [0x00000000f3100000,0x00000000f3100000,0x00000000f3480000)
 ParOldGen       total 86016K, used 14229K [0x0000000082000000, 0x0000000087400000, 0x00000000d6000000)
  object space 86016K, 16% used [0x0000000082000000,0x0000000082de56e0,0x0000000087400000)
 Metaspace       used 10548K, capacity 11145K, committed 11264K, reserved 1058816K
  class space    used 1093K, capacity 1231K, committed 1280K, reserved 1048576K
}
Event: 13.269 GC heap before
{Heap before GC invocations=36 (full 0):
 PSYoungGen      total 134144K, used 130720K [0x00000000d6000000, 0x00000000f3480000, 0x0000000100000000)
  eden space 130560K, 100% used [0x00000000d6000000,0x00000000ddf80000,0x00000000ddf80000)
  from space 3584K, 4% used [0x00000000f2d80000,0x00000000f2da8000,0x00000000f3100000)
  to   space 3584K, 0% used [0x00000000f3100000,0x00000000f3100000,0x00000000f3480000)
 ParOldGen       total 86016K, used 14229K [0x0000000082000000, 0x0000000087400000, 0x00000000d6000000)
  object space 86016K, 16% used [0x0000000082000000,0x0000000082de56e0,0x0000000087400000)
 Metaspace       used 10548K, capacity 11145K, committed 11264K, reserved 1058816K
  class space    used 1093K, capacity 1231K, committed 1280K, reserved 1048576K
Event: 13.270 GC heap after
Heap after GC invocations=36 (full 0):
 PSYoungGen      total 163840K, used 96K [0x00000000d6000000, 0x00000000f3180000, 0x0000000100000000)
  eden space 163328K, 0% used [0x00000000d6000000,0x00000000d6000000,0x00000000dff80000)
  from space 512K, 18% used [0x00000000f3100000,0x00000000f3118000,0x00000000f3180000)
  to   space 3072K, 0% used [0x00000000f2b80000,0x00000000f2b80000,0x00000000f2e80000)
 ParOldGen       total 86016K, used 14229K [0x0000000082000000, 0x0000000087400000, 0x00000000d6000000)
  object space 86016K, 16% used [0x0000000082000000,0x0000000082de56e0,0x0000000087400000)
 Metaspace       used 10548K, capacity 11145K, committed 11264K, reserved 1058816K
  class space    used 1093K, capacity 1231K, committed 1280K, reserved 1048576K
}
Event: 13.321 GC heap before
{Heap before GC invocations=37 (full 0):
 PSYoungGen      total 163840K, used 163424K [0x00000000d6000000, 0x00000000f3180000, 0x0000000100000000)
  eden space 163328K, 100% used [0x00000000d6000000,0x00000000dff80000,0x00000000dff80000)
  from space 512K, 18% used [0x00000000f3100000,0x00000000f3118000,0x00000000f3180000)
  to   space 3072K, 0% used [0x00000000f2b80000,0x00000000f2b80000,0x00000000f2e80000)
 ParOldGen       total 86016K, used 14229K [0x0000000082000000, 0x0000000087400000, 0x00000000d6000000)
  object space 86016K, 16% used [0x0000000082000000,0x0000000082de56e0,0x0000000087400000)
 Metaspace       used 10548K, capacity 11145K, committed 11264K, reserved 1058816K
  class space    used 1093K, capacity 1231K, committed 1280K, reserved 1048576K
Event: 13.322 GC heap after
Heap after GC invocations=37 (full 0):
 PSYoungGen      total 207360K, used 32K [0x00000000d6000000, 0x00000000f3180000, 0x0000000100000000)
  eden space 204288K, 0% used [0x00000000d6000000,0x00000000d6000000,0x00000000e2780000)
  from space 3072K, 1% used [0x00000000f2b80000,0x00000000f2b88000,0x00000000f2e80000)
  to   space 3072K, 0% used [0x00000000f2e80000,0x00000000f2e80000,0x00000000f3180000)
 ParOldGen       total 86016K, used 14229K [0x0000000082000000, 0x0000000087400000, 0x00000000d6000000)
  object space 86016K, 16% used [0x0000000082000000,0x0000000082de56e0,0x0000000087400000)
 Metaspace       used 10548K, capacity 11145K, committed 11264K, reserved 1058816K
  class space    used 1093K, capacity 1231K, committed 1280K, reserved 1048576K
}

Deoptimization events (10 events):
Event: 12.832 Thread 0x000000000294d800 Uncommon trap: reason=unstable_if action=reinterpret pc=0x00000000032a7d30 method=map.CubeMap.getCube(Lutil/Vec3;)Lmap/CubeData; @ 35
Event: 12.832 Thread 0x000000000294d800 Uncommon trap: reason=unstable_if action=reinterpret pc=0x00000000032823ac method=map.CubeMap.getCube(Lutil/Vec3;)Lmap/CubeData; @ 35
Event: 14.434 Thread 0x000000000294d800 Uncommon trap: reason=unstable_if action=reinterpret pc=0x0000000002d944a4 method=java.lang.StrictMath.floorOrCeil(DDDD)D @ 90
Event: 14.434 Thread 0x000000000294d800 Uncommon trap: reason=unstable_if action=reinterpret pc=0x0000000003206928 method=java.lang.StrictMath.floorOrCeil(DDDD)D @ 90
Event: 14.434 Thread 0x000000000294d800 Uncommon trap: reason=unstable_if action=reinterpret pc=0x00000000031352dc method=java.lang.StrictMath.floorOrCeil(DDDD)D @ 90
Event: 29.087 Thread 0x000000000294d800 Uncommon trap: reason=bimorphic action=maybe_recompile pc=0x0000000003205458 method=java.util.stream.AbstractPipeline.<init>(Ljava/util/stream/AbstractPipeline;I)V @ 66
Event: 29.090 Thread 0x000000000294d800 Uncommon trap: reason=bimorphic action=maybe_recompile pc=0x000000000325062c method=java.util.stream.AbstractPipeline.copyInto(Ljava/util/stream/Sink;Ljava/util/Spliterator;)V @ 20
Event: 29.090 Thread 0x000000000294d800 Uncommon trap: reason=unstable_if action=reinterpret pc=0x0000000003209b18 method=java.util.Spliterator.getExactSizeIfKnown()J @ 9
Event: 29.091 Thread 0x000000000294d800 Uncommon trap: reason=bimorphic action=maybe_recompile pc=0x0000000003204ce0 method=java.util.stream.AbstractPipeline.wrapSink(Ljava/util/stream/Sink;)Ljava/util/stream/Sink; @ 23
Event: 29.093 Thread 0x000000000294d800 Uncommon trap: reason=unstable_if action=reinterpret pc=0x0000000002d78d8c method=java.util.HashMap$KeySpliterator.forEachRemaining(Ljava/util/function/Consumer;)V @ 159

Internal exceptions (10 events):
Event: 0.082 Thread 0x000000000294d800 Exception <a 'java/security/PrivilegedActionException'> (0x00000000d61fc798) thrown at [C:\re\workspace\8-2-build-windows-amd64-cygwin\jdk8u51\3951\hotspot\src\share\vm\prims\jvm.cpp, line 1382]
Event: 0.082 Thread 0x000000000294d800 Exception <a 'java/security/PrivilegedActionException'> (0x00000000d61fc950) thrown at [C:\re\workspace\8-2-build-windows-amd64-cygwin\jdk8u51\3951\hotspot\src\share\vm\prims\jvm.cpp, line 1382]
Event: 0.300 Thread 0x000000000294d800 Exception <a 'java/lang/NoSuchFieldError': method resolution failed> (0x00000000d65eb1c0) thrown at [C:\re\workspace\8-2-build-windows-amd64-cygwin\jdk8u51\3951\hotspot\src\share\vm\prims\methodHandles.cpp, line 1125]
Event: 0.301 Thread 0x000000000294d800 Exception <a 'java/lang/NoSuchFieldError': method resolution failed> (0x00000000d65f9890) thrown at [C:\re\workspace\8-2-build-windows-amd64-cygwin\jdk8u51\3951\hotspot\src\share\vm\prims\methodHandles.cpp, line 1125]
Event: 0.328 Thread 0x000000000294d800 Exception <a 'java/security/PrivilegedActionException'> (0x00000000d66bcb78) thrown at [C:\re\workspace\8-2-build-windows-amd64-cygwin\jdk8u51\3951\hotspot\src\share\vm\prims\jvm.cpp, line 1382]
Event: 0.328 Thread 0x000000000294d800 Exception <a 'java/security/PrivilegedActionException'> (0x00000000d66bcd30) thrown at [C:\re\workspace\8-2-build-windows-amd64-cygwin\jdk8u51\3951\hotspot\src\share\vm\prims\jvm.cpp, line 1382]
Event: 0.329 Thread 0x000000000294d800 Exception <a 'java/security/PrivilegedActionException'> (0x00000000d66c0ac8) thrown at [C:\re\workspace\8-2-build-windows-amd64-cygwin\jdk8u51\3951\hotspot\src\share\vm\prims\jvm.cpp, line 1382]
Event: 0.329 Thread 0x000000000294d800 Exception <a 'java/security/PrivilegedActionException'> (0x00000000d66c0c80) thrown at [C:\re\workspace\8-2-build-windows-amd64-cygwin\jdk8u51\3951\hotspot\src\share\vm\prims\jvm.cpp, line 1382]
Event: 0.332 Thread 0x000000000294d800 Exception <a 'java/io/FileNotFoundException'> (0x00000000d66c2fa8) thrown at [C:\re\workspace\8-2-build-windows-amd64-cygwin\jdk8u51\3951\hotspot\src\share\vm\prims\jni.cpp, line 709]
Event: 0.357 Thread 0x000000000294d800 Exception <a 'java/io/FileNotFoundException'> (0x00000000d6703210) thrown at [C:\re\workspace\8-2-build-windows-amd64-cygwin\jdk8u51\3951\hotspot\src\share\vm\prims\jni.cpp, line 709]

Events (10 events):
Event: 29.092 loading class util/Mutable done
Event: 29.092 loading class java/lang/Math$RandomNumberGeneratorHolder
Event: 29.092 loading class java/lang/Math$RandomNumberGeneratorHolder done
Event: 29.092 loading class java/util/Random
Event: 29.093 loading class java/util/Random done
Event: 29.093 loading class java/util/concurrent/atomic/AtomicLong
Event: 29.093 loading class java/util/concurrent/atomic/AtomicLong done
Event: 29.093 Thread 0x000000000294d800 Uncommon trap: trap_request=0xffffff65 fr.pc=0x0000000002d78d8c
Event: 29.093 Thread 0x000000000294d800 DEOPT PACKING pc=0x0000000002d78d8c sp=0x0000000002b4e3c0
Event: 29.093 Thread 0x000000000294d800 DEOPT UNPACKING pc=0x0000000002c9582a sp=0x0000000002b4e348 mode 2


Dynamic libraries:
0x00007ff6687b0000 - 0x00007ff6687e7000 	C:\Program Files\Java\jdk1.8.0_51\bin\java.exe
0x00007ffae4ee0000 - 0x00007ffae508d000 	C:\WINDOWS\SYSTEM32\ntdll.dll
0x00007ffae2600000 - 0x00007ffae273e000 	C:\WINDOWS\system32\KERNEL32.DLL
0x00007ffae21b0000 - 0x00007ffae22c5000 	C:\WINDOWS\system32\KERNELBASE.dll
0x00007ffae0bd0000 - 0x00007ffae0c5e000 	C:\WINDOWS\system32\apphelp.dll
0x00007ffad0dc0000 - 0x00007ffad0e13000 	C:\WINDOWS\AppPatch\AppPatch64\AcGenral.DLL
0x00007ffae2ea0000 - 0x00007ffae2f4a000 	C:\WINDOWS\system32\msvcrt.dll
0x00007ffae1e80000 - 0x00007ffae1eae000 	C:\WINDOWS\SYSTEM32\SspiCli.dll
0x00007ffae29f0000 - 0x00007ffae2a44000 	C:\WINDOWS\system32\SHLWAPI.dll
0x00007ffae27b0000 - 0x00007ffae2927000 	C:\WINDOWS\system32\USER32.dll
0x00007ffae4870000 - 0x00007ffae4a04000 	C:\WINDOWS\system32\ole32.dll
0x00007ffae32b0000 - 0x00007ffae47da000 	C:\WINDOWS\system32\SHELL32.dll
0x00007ffae15d0000 - 0x00007ffae15f1000 	C:\WINDOWS\SYSTEM32\USERENV.dll
0x00007ffae2ab0000 - 0x00007ffae2b5a000 	C:\WINDOWS\system32\ADVAPI32.dll
0x00007ffad4490000 - 0x00007ffad44ae000 	C:\WINDOWS\SYSTEM32\MPR.dll
0x00007ffae4d90000 - 0x00007ffae4ed1000 	C:\WINDOWS\system32\RPCRT4.dll
0x00007ffae25a0000 - 0x00007ffae25f9000 	C:\WINDOWS\SYSTEM32\sechost.dll
0x00007ffae4b70000 - 0x00007ffae4d81000 	C:\WINDOWS\SYSTEM32\combase.dll
0x00007ffae2d50000 - 0x00007ffae2ea0000 	C:\WINDOWS\system32\GDI32.dll
0x00007ffae2030000 - 0x00007ffae2045000 	C:\WINDOWS\SYSTEM32\profapi.dll
0x00007ffae0ac0000 - 0x00007ffae0b72000 	C:\WINDOWS\SYSTEM32\SHCORE.dll
0x00007ffae2560000 - 0x00007ffae2596000 	C:\WINDOWS\system32\IMM32.DLL
0x00007ffae4a10000 - 0x00007ffae4b62000 	C:\WINDOWS\system32\MSCTF.dll
0x00007ffadfbf0000 - 0x00007ffadfe6b000 	C:\WINDOWS\WinSxS\amd64_microsoft.windows.common-controls_6595b64144ccf1df_6.0.9600.18006_none_623f33d3ecbe86e8\COMCTL32.dll
0x0000000058640000 - 0x0000000058712000 	C:\Program Files\Java\jdk1.8.0_51\jre\bin\msvcr100.dll
0x0000000058720000 - 0x0000000058fa3000 	C:\Program Files\Java\jdk1.8.0_51\jre\bin\server\jvm.dll
0x00007ffad3810000 - 0x00007ffad3819000 	C:\WINDOWS\SYSTEM32\WSOCK32.dll
0x00007ffaddee0000 - 0x00007ffaddf02000 	C:\WINDOWS\SYSTEM32\WINMM.dll
0x00007ffadf3c0000 - 0x00007ffadf3ca000 	C:\WINDOWS\SYSTEM32\VERSION.dll
0x00007ffae2b60000 - 0x00007ffae2b67000 	C:\WINDOWS\system32\PSAPI.DLL
0x00007ffae4810000 - 0x00007ffae486a000 	C:\WINDOWS\system32\WS2_32.dll
0x00007ffaddeb0000 - 0x00007ffaddeda000 	C:\WINDOWS\SYSTEM32\WINMMBASE.dll
0x00007ffae47f0000 - 0x00007ffae47f9000 	C:\WINDOWS\system32\NSI.dll
0x00007ffae22d0000 - 0x00007ffae231f000 	C:\WINDOWS\SYSTEM32\cfgmgr32.dll
0x00007ffae0e20000 - 0x00007ffae0e48000 	C:\WINDOWS\SYSTEM32\DEVOBJ.dll
0x00000000585f0000 - 0x00000000585ff000 	C:\Program Files\Java\jdk1.8.0_51\jre\bin\verify.dll
0x00000000585c0000 - 0x00000000585e9000 	C:\Program Files\Java\jdk1.8.0_51\jre\bin\java.dll
0x00000000585a0000 - 0x00000000585b6000 	C:\Program Files\Java\jdk1.8.0_51\jre\bin\zip.dll
0x0000000180000000 - 0x0000000180051000 	C:\Users\Rory\Desktop\Programs\Current Projects\OGPC 2016 Java\natives\lwjgl64.dll
0x00007ffad0000000 - 0x00007ffad012b000 	C:\WINDOWS\SYSTEM32\OPENGL32.dll
0x00007ffadafb0000 - 0x00007ffadafde000 	C:\WINDOWS\SYSTEM32\GLU32.dll
0x00007ffadafe0000 - 0x00007ffadb0d8000 	C:\WINDOWS\SYSTEM32\DDRAW.dll
0x00007ffaddd40000 - 0x00007ffaddd49000 	C:\WINDOWS\SYSTEM32\DCIMAN32.dll
0x00007ffae0ca0000 - 0x00007ffae0dc9000 	C:\WINDOWS\system32\uxtheme.dll
0x00007ffadfe70000 - 0x00007ffadfe91000 	C:\WINDOWS\system32\dwmapi.dll
0x00007ffad3ea0000 - 0x00007ffad3ecc000 	C:\WINDOWS\SYSTEM32\nvoglshim64.dll
0x000000001a900000 - 0x000000001b07e000 	C:\WINDOWS\system32\ig7icd64.dll
0x00007ffade1c0000 - 0x00007ffade600000 	C:\WINDOWS\SYSTEM32\igdusc64.dll
0x00007ffae0e70000 - 0x00007ffae0e7b000 	C:\WINDOWS\SYSTEM32\kernel.appcore.dll
0x00007ffae1f20000 - 0x00007ffae1f2b000 	C:\WINDOWS\SYSTEM32\CRYPTBASE.dll
0x00007ffae1eb0000 - 0x00007ffae1f13000 	C:\WINDOWS\SYSTEM32\bcryptPrimitives.dll
0x00007ffadd500000 - 0x00007ffadd592000 	C:\WINDOWS\SYSTEM32\mscms.dll
0x00007ffacf810000 - 0x00007ffacf851000 	C:\WINDOWS\SYSTEM32\icm32.dll
0x00007ffae1fd0000 - 0x00007ffae2016000 	C:\WINDOWS\SYSTEM32\powrprof.dll
0x00000000583c0000 - 0x0000000058558000 	C:\Program Files\Java\jdk1.8.0_51\jre\bin\awt.dll
0x00007ffae3120000 - 0x00007ffae31e1000 	C:\WINDOWS\system32\OLEAUT32.dll
0x0000000058370000 - 0x00000000583b7000 	C:\Program Files\Java\jdk1.8.0_51\jre\bin\fontmanager.dll
0x0000000058580000 - 0x000000005859a000 	C:\Program Files\Java\jdk1.8.0_51\jre\bin\net.dll
0x00007ffae1840000 - 0x00007ffae1899000 	C:\WINDOWS\system32\mswsock.dll
0x0000000058560000 - 0x0000000058571000 	C:\Program Files\Java\jdk1.8.0_51\jre\bin\nio.dll
0x0000000058320000 - 0x0000000058362000 	C:\Program Files\Java\jdk1.8.0_51\jre\bin\t2k.dll
0x00007ffae2930000 - 0x00007ffae29e6000 	C:\WINDOWS\SYSTEM32\clbcatq.dll
0x00007ffad5a40000 - 0x00007ffad5bc9000 	C:\WINDOWS\SYSTEM32\dbghelp.dll

VM Arguments:
jvm_args: -Dfile.encoding=UTF-8 -Dorg.lwjgl.opengl.Display.allowSoftwareOpenGL=true 
java_command: invisibleman.Client
java_class_path (initial): C:\Users\Rory\Desktop\Programs\Current Projects\OGPC 2016 Java\lib\jfxrt.jar;C:\Users\Rory\Desktop\Programs\Current Projects\OGPC 2016 Java\lib\jinput.jar;C:\Users\Rory\Desktop\Programs\Current Projects\OGPC 2016 Java\lib\lwjgl.jar;C:\Users\Rory\Desktop\Programs\Current Projects\OGPC 2016 Java\lib\lwjgl_util.jar;C:\Users\Rory\Desktop\Programs\Current Projects\OGPC 2016 Java\lib\slick-util.jar;C:\Users\Rory\Desktop\Programs\Current Projects\OGPC 2016 Java\lib\protonpack-1.1.jar;C:\Users\Rory\Desktop\Programs\Current Projects\OGPC 2016 Java\lib\Forge.jar;C:\Users\Rory\Desktop\Programs\Current Projects\OGPC 2016 Java\build\classes
Launcher Type: SUN_STANDARD

Environment Variables:
PATH=C:\ProgramData\Oracle\Java\javapath;C:\Program Files (x86)\Intel\iCLS Client\;C:\Program Files\Intel\iCLS Client\;C:\WINDOWS\system32;C:\WINDOWS;C:\WINDOWS\System32\Wbem;C:\WINDOWS\System32\WindowsPowerShell\v1.0\;C:\Program Files (x86)\Intel\OpenCL SDK\2.0\bin\x86;C:\Program Files (x86)\Intel\OpenCL SDK\2.0\bin\x64;C:\Program Files\Intel\Intel(R) Management Engine Components\DAL;C:\Program Files\Intel\Intel(R) Management Engine Components\IPT;C:\Program Files (x86)\Intel\Intel(R) Management Engine Components\DAL;C:\Program Files (x86)\Intel\Intel(R) Management Engine Components\IPT;C:\Program Files\Lenovo\Bluetooth Software\;C:\Program Files\Lenovo\Bluetooth Software\syswow64;C:\Program Files\Intel\WiFi\bin\;C:\Program Files\Common Files\Intel\WirelessCommon\;C:\Program Files\SlikSvn\bin;C:\Program Files (x86)\NVIDIA Corporation\PhysX\Common;C:\Program Files (x86)\Skype\Phone\
USERNAME=Rory
OS=Windows_NT
PROCESSOR_IDENTIFIER=Intel64 Family 6 Model 58 Stepping 9, GenuineIntel



---------------  S Y S T E M  ---------------

OS: Windows 8.1 , 64 bit Build 9600 (6.3.9600.17415)

CPU:total 8 (4 cores per cpu, 2 threads per core) family 6 model 58 stepping 9, cmov, cx8, fxsr, mmx, sse, sse2, sse3, ssse3, sse4.1, sse4.2, popcnt, avx, aes, clmul, erms, ht, tsc, tscinvbit, tscinv

Memory: 4k page, physical 8251156k(2486468k free), swap 9561876k(3040664k free)

vm_info: Java HotSpot(TM) 64-Bit Server VM (25.51-b03) for windows-amd64 JRE (1.8.0_51-b16), built on Jun  8 2015 18:03:07 by "java_re" with MS VC++ 10.0 (VS2010)

time: Mon Apr 18 22:20:13 2016
elapsed time: 29 seconds (0d 0h 0m 29s)

