#
# A fatal error has been detected by the Java Runtime Environment:
#
#  EXCEPTION_ACCESS_VIOLATION (0xc0000005) at pc=0x0000000019f8d184, pid=11768, tid=9388
#
# JRE version: Java(TM) SE Runtime Environment (8.0_51-b16) (build 1.8.0_51-b16)
# Java VM: Java HotSpot(TM) 64-Bit Server VM (25.51-b03 mixed mode windows-amd64 compressed oops)
# Problematic frame:
# C  [ig7icd64.dll+0x1d184]
#
# Failed to write core dump. Minidumps are not enabled by default on client versions of Windows
#
# If you would like to submit a bug report, please visit:
#   http://bugreport.java.com/bugreport/crash.jsp
# The crash happened outside the Java Virtual Machine in native code.
# See problematic frame for where to report the bug.
#

---------------  T H R E A D  ---------------

Current thread (0x0000000001f8d800):  JavaThread "main" [_thread_in_native, id=9388, stack(0x00000000020d0000,0x00000000021d0000)]

siginfo: ExceptionCode=0xc0000005, writing address 0x0000000019dea000

Registers:
RAX=0x0000000000000001, RBX=0x000000001a72e5c0, RCX=0x0000000019dea010, RDX=0x000000001ec51a60
RSP=0x00000000021ce300, RBP=0x0000000000000000, RSI=0x000000001bcc3890, RDI=0x000000001ec51700
R8 =0x0000000000000020, R9 =0x0000000000000000, R10=0x0000000000000001, R11=0x0000000000000002
R12=0x0000000000000000, R13=0x000000001ebfa9e0, R14=0x000000001bcc55a0, R15=0x0000000000000000
RIP=0x0000000019f8d184, EFLAGS=0x0000000000010206

Top of Stack: (sp=0x00000000021ce300)
0x00000000021ce300:   00000000021ce540 00000000022f1943
0x00000000021ce310:   0000000002221260 0000000001f8e148
0x00000000021ce320:   0000000001f8dd70 00000000000003d8
0x00000000021ce330:   0000000000000000 00000000021ce478
0x00000000021ce340:   0000000001f8d800 000000001a190ac8
0x00000000021ce350:   000000001a72e5c0 0000000001f8e160
0x00000000021ce360:   0000000001f8e238 00000000000000d8
0x00000000021ce370:   00000000021cfac8 0000000000000035
0x00000000021ce380:   000000001ec51a50 0000000000000000
0x00000000021ce390:   0000000000000000 0000000000000000
0x00000000021ce3a0:   000000001efcd940 0000000000000002
0x00000000021ce3b0:   0000000000000002 0000000023aba390
0x00000000021ce3c0:   000000001a72e5c0 000000001ec5185c
0x00000000021ce3d0:   000000001ec51700 000000001a1c2a54
0x00000000021ce3e0:   00000000021ce479 0000000023aa6401
0x00000000021ce3f0:   000000001ec5185c 0000000000000000 

Instructions: (pc=0x0000000019f8d184)
0x0000000019f8d164:   d1 49 c1 eb 04 4d 85 db 0f 84 24 02 00 00 f3 0f
0x0000000019f8d174:   6f 02 41 ff c2 48 83 c1 10 41 8b c2 48 83 c2 10
0x0000000019f8d184:   f3 0f 7f 41 f0 49 3b c3 72 e4 e9 03 02 00 00 48
0x0000000019f8d194:   89 7c 24 40 8b f9 83 e7 0f 74 68 48 89 5c 24 50 


Register to memory mapping:

RAX=0x0000000000000001 is an unknown value
RBX=0x000000001a72e5c0 is an unknown value
RCX=0x0000000019dea010 is an unknown value
RDX=0x000000001ec51a60 is an unknown value
RSP=0x00000000021ce300 is pointing into the stack for thread: 0x0000000001f8d800
RBP=0x0000000000000000 is an unknown value
RSI=0x000000001bcc3890 is an unknown value
RDI=0x000000001ec51700 is an unknown value
R8 =0x0000000000000020 is an unknown value
R9 =0x0000000000000000 is an unknown value
R10=0x0000000000000001 is an unknown value
R11=0x0000000000000002 is an unknown value
R12=0x0000000000000000 is an unknown value
R13=0x000000001ebfa9e0 is an unknown value
R14=0x000000001bcc55a0 is an unknown value
R15=0x0000000000000000 is an unknown value


Stack: [0x00000000020d0000,0x00000000021d0000],  sp=0x00000000021ce300,  free space=1016k
Native frames: (J=compiled Java code, j=interpreted, Vv=VM code, C=native code)

Java frames: (J=compiled Java code, j=interpreted, Vv=VM code)
J 1797  org.lwjgl.opengl.GL11.nglCallList(IJ)V (0 bytes) @ 0x00000000028cfb04 [0x00000000028cfac0+0x44]
J 1958 C2 map.CubeMap$$Lambda$159.accept(Ljava/lang/Object;Ljava/lang/Object;)V (12 bytes) @ 0x000000000246acd8 [0x000000000246abc0+0x118]
J 1707 C2 util.Util$$Lambda$101.accept(Ljava/lang/Object;)V (20 bytes) @ 0x0000000002845708 [0x0000000002845620+0xe8]
J 1473 C2 util.Util.forRange(IILjava/util/function/Consumer;)V (24 bytes) @ 0x00000000027acc60 [0x00000000027ac9a0+0x2c0]
J 1701 C1 util.Util.forRange(IIIILjava/util/function/BiConsumer;)V (15 bytes) @ 0x000000000282a1cc [0x0000000002829a80+0x74c]
j  map.CubeMap.drawAll()V+45
J 1975 C1 map.Editor$$Lambda$132.run()V (4 bytes) @ 0x000000000253fdbc [0x000000000253fd00+0xbc]
J 1018 C1 engine.EventStream$$Lambda$2.accept(Ljava/lang/Object;)V (12 bytes) @ 0x0000000002655754 [0x0000000002655520+0x234]
J 1930 C2 engine.EventStream$$Lambda$33.accept(Ljava/lang/Object;)V (10 bytes) @ 0x000000000254dc78 [0x000000000254dc20+0x58]
J 1463 C2 java.util.ArrayList.forEach(Ljava/util/function/Consumer;)V (75 bytes) @ 0x000000000278d918 [0x000000000278d860+0xb8]
J 1789 C1 engine.Core$$Lambda$53.accept(Ljava/lang/Object;)V (8 bytes) @ 0x00000000028c7aa4 [0x00000000028c7640+0x464]
J 1800 C1 java.lang.Iterable.forEach(Ljava/util/function/Consumer;)V (39 bytes) @ 0x00000000028da88c [0x00000000028da5a0+0x2ec]
J 946% C2 engine.Core.run()V (114 bytes) @ 0x0000000002631da8 [0x0000000002631ce0+0xc8]
j  map.Editor.start(Ljava/lang/String;)V+481
j  guis.Play.recieve(Ljava/lang/String;Ljava/lang/Object;)V+131
j  gui.components.GUIButton.send()V+68
j  gui.TypingManager.compOpen(Lgui/types/GUIInputComponent;)V+24
j  gui.TypingManager.lambda$null$1()V+93
j  gui.TypingManager$$Lambda$35.run()V+0
J 1018 C1 engine.EventStream$$Lambda$2.accept(Ljava/lang/Object;)V (12 bytes) @ 0x0000000002655754 [0x0000000002655520+0x234]
J 1013 C1 engine.EventStream$$Lambda$3.run()V (12 bytes) @ 0x0000000002653194 [0x0000000002653040+0x154]
J 1012 C1 engine.EventStream$$Lambda$33.accept(Ljava/lang/Object;)V (10 bytes) @ 0x0000000002652cc4 [0x0000000002652ac0+0x204]
J 969 C1 java.util.ArrayList.forEach(Ljava/util/function/Consumer;)V (75 bytes) @ 0x0000000002643e8c [0x0000000002643c80+0x20c]
J 1026 C1 engine.Signal.set(Ljava/lang/Object;)V (10 bytes) @ 0x00000000026590dc [0x0000000002658d40+0x39c]
j  engine.Signal.lambda$filter$27(Ljava/util/function/Predicate;Lengine/Signal;)V+18
j  engine.Signal$$Lambda$5.accept(Ljava/lang/Object;)V+12
J 1013 C1 engine.EventStream$$Lambda$3.run()V (12 bytes) @ 0x0000000002653194 [0x0000000002653040+0x154]
J 1012 C1 engine.EventStream$$Lambda$33.accept(Ljava/lang/Object;)V (10 bytes) @ 0x0000000002652cc4 [0x0000000002652ac0+0x204]
J 969 C1 java.util.ArrayList.forEach(Ljava/util/function/Consumer;)V (75 bytes) @ 0x0000000002643e8c [0x0000000002643c80+0x20c]
J 1026 C1 engine.Signal.set(Ljava/lang/Object;)V (10 bytes) @ 0x00000000026590dc [0x0000000002658d40+0x39c]
j  engine.Input.lambda$static$0()V+156
j  engine.Input$$Lambda$1.run()V+0
J 1018 C1 engine.EventStream$$Lambda$2.accept(Ljava/lang/Object;)V (12 bytes) @ 0x0000000002655754 [0x0000000002655520+0x234]
J 1013 C1 engine.EventStream$$Lambda$3.run()V (12 bytes) @ 0x0000000002653194 [0x0000000002653040+0x154]
J 1012 C1 engine.EventStream$$Lambda$33.accept(Ljava/lang/Object;)V (10 bytes) @ 0x0000000002652cc4 [0x0000000002652ac0+0x204]
J 969 C1 java.util.ArrayList.forEach(Ljava/util/function/Consumer;)V (75 bytes) @ 0x0000000002643e8c [0x0000000002643c80+0x20c]
J 1026 C1 engine.Signal.set(Ljava/lang/Object;)V (10 bytes) @ 0x00000000026590dc [0x0000000002658d40+0x39c]
j  engine.Core.lambda$run$36(DLengine/Signal;)V+5
j  engine.Core$$Lambda$49.accept(Ljava/lang/Object;)V+8
j  java.lang.Iterable.forEach(Ljava/util/function/Consumer;)V+30
J 946% C2 engine.Core.run()V (114 bytes) @ 0x0000000002631d74 [0x0000000002631ce0+0x94]
j  invisibleman.Client.main([Ljava/lang/String;)V+139
v  ~StubRoutines::call_stub

---------------  P R O C E S S  ---------------

Java Threads: ( => current thread )
  0x0000000021e78000 JavaThread "Thread-2" [_thread_in_native, id=6920, stack(0x000000001abd0000,0x000000001acd0000)]
  0x000000001e0a4000 JavaThread "AWT-Windows" daemon [_thread_in_native, id=6292, stack(0x000000001f5d0000,0x000000001f6d0000)]
  0x000000001e09a800 JavaThread "Java2D Disposer" daemon [_thread_blocked, id=8112, stack(0x000000001f3d0000,0x000000001f4d0000)]
  0x00000000192ad800 JavaThread "Service Thread" daemon [_thread_blocked, id=7524, stack(0x0000000019be0000,0x0000000019ce0000)]
  0x0000000019227800 JavaThread "C1 CompilerThread3" daemon [_thread_blocked, id=6368, stack(0x0000000019ae0000,0x0000000019be0000)]
  0x000000001921d000 JavaThread "C2 CompilerThread2" daemon [_thread_blocked, id=8680, stack(0x00000000199e0000,0x0000000019ae0000)]
  0x0000000019214800 JavaThread "C2 CompilerThread1" daemon [_thread_in_native, id=7724, stack(0x00000000198e0000,0x00000000199e0000)]
  0x0000000019208800 JavaThread "C2 CompilerThread0" daemon [_thread_blocked, id=3592, stack(0x00000000197e0000,0x00000000198e0000)]
  0x0000000019206000 JavaThread "Attach Listener" daemon [_thread_blocked, id=7244, stack(0x00000000196e0000,0x00000000197e0000)]
  0x0000000019205000 JavaThread "Signal Dispatcher" daemon [_thread_blocked, id=5640, stack(0x00000000195e0000,0x00000000196e0000)]
  0x00000000022ca000 JavaThread "Finalizer" daemon [_thread_blocked, id=3332, stack(0x00000000190e0000,0x00000000191e0000)]
  0x000000001720d000 JavaThread "Reference Handler" daemon [_thread_blocked, id=5048, stack(0x0000000018fe0000,0x00000000190e0000)]
=>0x0000000001f8d800 JavaThread "main" [_thread_in_native, id=9388, stack(0x00000000020d0000,0x00000000021d0000)]

Other Threads:
  0x0000000017208800 VMThread [stack: 0x0000000018ee0000,0x0000000018fe0000] [id=10856]
  0x00000000192b6800 WatcherThread [stack: 0x0000000019ce0000,0x0000000019de0000] [id=8892]

VM state:not at safepoint (normal execution)

VM Mutex/Monitor currently owned by a thread: None

Heap:
 PSYoungGen      total 322560K, used 277236K [0x00000000d6000000, 0x00000000f0f80000, 0x0000000100000000)
  eden space 322048K, 86% used [0x00000000d6000000,0x00000000e6eb5080,0x00000000e9a80000)
  from space 512K, 6% used [0x00000000f0e80000,0x00000000f0e88000,0x00000000f0f00000)
  to   space 512K, 0% used [0x00000000f0f00000,0x00000000f0f00000,0x00000000f0f80000)
 ParOldGen       total 86016K, used 20689K [0x0000000082000000, 0x0000000087400000, 0x00000000d6000000)
  object space 86016K, 24% used [0x0000000082000000,0x0000000083434780,0x0000000087400000)
 Metaspace       used 11546K, capacity 12229K, committed 12416K, reserved 1060864K
  class space    used 1236K, capacity 1393K, committed 1408K, reserved 1048576K

Card table byte_map: [0x0000000011690000,0x0000000011a90000] byte_map_base: 0x0000000011280000

Marking Bits: (ParMarkBitMap*) 0x0000000058f24040
 Begin Bits: [0x0000000012530000, 0x00000000144b0000)
 End Bits:   [0x00000000144b0000, 0x0000000016430000)

Polling page: 0x0000000000750000

CodeCache: size=245760Kb used=6288Kb max_used=6602Kb free=239471Kb
 bounds [0x00000000022d0000, 0x0000000002950000, 0x00000000112d0000]
 total_blobs=2423 nmethods=1848 adapters=488
 compilation: enabled

Compilation events (10 events):
Event: 42.940 Thread 0x000000001921d000 nmethod 2006 0x00000000024e8b10 code [0x00000000024e8c40, 0x00000000024e8cb8]
Event: 42.940 Thread 0x000000001921d000 2003       4       java.util.stream.LongPipeline::reduce (16 bytes)
Event: 42.943 Thread 0x0000000019208800 nmethod 2002 0x000000000250bc10 code [0x000000000250bd80, 0x000000000250bff8]
Event: 42.943 Thread 0x000000001921d000 nmethod 2003 0x00000000026d7290 code [0x00000000026d7400, 0x00000000026d7678]
Event: 42.943 Thread 0x0000000019208800 2004       4       java.util.stream.ReduceOps::makeLong (18 bytes)
Event: 42.943 Thread 0x000000001921d000 2005       4       java.util.stream.ReduceOps$8::<init> (16 bytes)
Event: 42.943 Thread 0x000000001921d000 nmethod 2005 0x000000000277bf50 code [0x000000000277c080, 0x000000000277c0f8]
Event: 42.943 Thread 0x000000001921d000 2001       4       java.util.stream.ReferencePipeline$5::<init> (20 bytes)
Event: 42.943 Thread 0x0000000019208800 nmethod 2004 0x000000000250b910 code [0x000000000250ba60, 0x000000000250bb38]
Event: 42.944 Thread 0x000000001921d000 nmethod 2001 0x00000000026d6e50 code [0x00000000026d6f80, 0x00000000026d70d8]

GC Heap History (10 events):
Event: 39.889 GC heap before
{Heap before GC invocations=79 (full 0):
 PSYoungGen      total 204800K, used 204384K [0x00000000d6000000, 0x00000000f1000000, 0x0000000100000000)
  eden space 204288K, 100% used [0x00000000d6000000,0x00000000e2780000,0x00000000e2780000)
  from space 512K, 18% used [0x00000000f0f80000,0x00000000f0f98000,0x00000000f1000000)
  to   space 1024K, 0% used [0x00000000f0e00000,0x00000000f0e00000,0x00000000f0f00000)
 ParOldGen       total 86016K, used 20673K [0x0000000082000000, 0x0000000087400000, 0x00000000d6000000)
  object space 86016K, 24% used [0x0000000082000000,0x0000000083430780,0x0000000087400000)
 Metaspace       used 11359K, capacity 12015K, committed 12160K, reserved 1060864K
  class space    used 1216K, capacity 1380K, committed 1408K, reserved 1048576K
Event: 39.890 GC heap after
Heap after GC invocations=79 (full 0):
 PSYoungGen      total 246272K, used 64K [0x00000000d6000000, 0x00000000f1000000, 0x0000000100000000)
  eden space 245248K, 0% used [0x00000000d6000000,0x00000000d6000000,0x00000000e4f80000)
  from space 1024K, 6% used [0x00000000f0e00000,0x00000000f0e10000,0x00000000f0f00000)
  to   space 1024K, 0% used [0x00000000f0f00000,0x00000000f0f00000,0x00000000f1000000)
 ParOldGen       total 86016K, used 20681K [0x0000000082000000, 0x0000000087400000, 0x00000000d6000000)
  object space 86016K, 24% used [0x0000000082000000,0x0000000083432780,0x0000000087400000)
 Metaspace       used 11359K, capacity 12015K, committed 12160K, reserved 1060864K
  class space    used 1216K, capacity 1380K, committed 1408K, reserved 1048576K
}
Event: 39.951 GC heap before
{Heap before GC invocations=80 (full 0):
 PSYoungGen      total 246272K, used 245312K [0x00000000d6000000, 0x00000000f1000000, 0x0000000100000000)
  eden space 245248K, 100% used [0x00000000d6000000,0x00000000e4f80000,0x00000000e4f80000)
  from space 1024K, 6% used [0x00000000f0e00000,0x00000000f0e10000,0x00000000f0f00000)
  to   space 1024K, 0% used [0x00000000f0f00000,0x00000000f0f00000,0x00000000f1000000)
 ParOldGen       total 86016K, used 20681K [0x0000000082000000, 0x0000000087400000, 0x00000000d6000000)
  object space 86016K, 24% used [0x0000000082000000,0x0000000083432780,0x0000000087400000)
 Metaspace       used 11359K, capacity 12015K, committed 12160K, reserved 1060864K
  class space    used 1216K, capacity 1380K, committed 1408K, reserved 1048576K
Event: 39.951 GC heap after
Heap after GC invocations=80 (full 0):
 PSYoungGen      total 294912K, used 128K [0x00000000d6000000, 0x00000000f0f80000, 0x0000000100000000)
  eden space 294400K, 0% used [0x00000000d6000000,0x00000000d6000000,0x00000000e7f80000)
  from space 512K, 25% used [0x00000000f0f00000,0x00000000f0f20000,0x00000000f0f80000)
  to   space 512K, 0% used [0x00000000f0e80000,0x00000000f0e80000,0x00000000f0f00000)
 ParOldGen       total 86016K, used 20681K [0x0000000082000000, 0x0000000087400000, 0x00000000d6000000)
  object space 86016K, 24% used [0x0000000082000000,0x0000000083432780,0x0000000087400000)
 Metaspace       used 11359K, capacity 12015K, committed 12160K, reserved 1060864K
  class space    used 1216K, capacity 1380K, committed 1408K, reserved 1048576K
}
Event: 40.019 GC heap before
{Heap before GC invocations=81 (full 0):
 PSYoungGen      total 294912K, used 294528K [0x00000000d6000000, 0x00000000f0f80000, 0x0000000100000000)
  eden space 294400K, 100% used [0x00000000d6000000,0x00000000e7f80000,0x00000000e7f80000)
  from space 512K, 25% used [0x00000000f0f00000,0x00000000f0f20000,0x00000000f0f80000)
  to   space 512K, 0% used [0x00000000f0e80000,0x00000000f0e80000,0x00000000f0f00000)
 ParOldGen       total 86016K, used 20681K [0x0000000082000000, 0x0000000087400000, 0x00000000d6000000)
  object space 86016K, 24% used [0x0000000082000000,0x0000000083432780,0x0000000087400000)
 Metaspace       used 11359K, capacity 12015K, committed 12160K, reserved 1060864K
  class space    used 1216K, capacity 1380K, committed 1408K, reserved 1048576K
Event: 40.020 GC heap after
Heap after GC invocations=81 (full 0):
 PSYoungGen      total 353792K, used 32K [0x00000000d6000000, 0x00000000f0f80000, 0x0000000100000000)
  eden space 353280K, 0% used [0x00000000d6000000,0x00000000d6000000,0x00000000eb900000)
  from space 512K, 6% used [0x00000000f0e80000,0x00000000f0e88000,0x00000000f0f00000)
  to   space 512K, 0% used [0x00000000f0f00000,0x00000000f0f00000,0x00000000f0f80000)
 ParOldGen       total 86016K, used 20689K [0x0000000082000000, 0x0000000087400000, 0x00000000d6000000)
  object space 86016K, 24% used [0x0000000082000000,0x0000000083434780,0x0000000087400000)
 Metaspace       used 11359K, capacity 12015K, committed 12160K, reserved 1060864K
  class space    used 1216K, capacity 1380K, committed 1408K, reserved 1048576K
}
Event: 40.108 GC heap before
{Heap before GC invocations=82 (full 0):
 PSYoungGen      total 353792K, used 353312K [0x00000000d6000000, 0x00000000f0f80000, 0x0000000100000000)
  eden space 353280K, 100% used [0x00000000d6000000,0x00000000eb900000,0x00000000eb900000)
  from space 512K, 6% used [0x00000000f0e80000,0x00000000f0e88000,0x00000000f0f00000)
  to   space 512K, 0% used [0x00000000f0f00000,0x00000000f0f00000,0x00000000f0f80000)
 ParOldGen       total 86016K, used 20689K [0x0000000082000000, 0x0000000087400000, 0x00000000d6000000)
  object space 86016K, 24% used [0x0000000082000000,0x0000000083434780,0x0000000087400000)
 Metaspace       used 11359K, capacity 12015K, committed 12160K, reserved 1060864K
  class space    used 1216K, capacity 1380K, committed 1408K, reserved 1048576K
Event: 40.109 GC heap after
Heap after GC invocations=82 (full 0):
 PSYoungGen      total 337920K, used 160K [0x00000000d6000000, 0x00000000f0f80000, 0x0000000100000000)
  eden space 337408K, 0% used [0x00000000d6000000,0x00000000d6000000,0x00000000ea980000)
  from space 512K, 31% used [0x00000000f0f00000,0x00000000f0f28000,0x00000000f0f80000)
  to   space 512K, 0% used [0x00000000f0e80000,0x00000000f0e80000,0x00000000f0f00000)
 ParOldGen       total 86016K, used 20689K [0x0000000082000000, 0x0000000087400000, 0x00000000d6000000)
  object space 86016K, 24% used [0x0000000082000000,0x0000000083434780,0x0000000087400000)
 Metaspace       used 11359K, capacity 12015K, committed 12160K, reserved 1060864K
  class space    used 1216K, capacity 1380K, committed 1408K, reserved 1048576K
}
Event: 40.194 GC heap before
{Heap before GC invocations=83 (full 0):
 PSYoungGen      total 337920K, used 337568K [0x00000000d6000000, 0x00000000f0f80000, 0x0000000100000000)
  eden space 337408K, 100% used [0x00000000d6000000,0x00000000ea980000,0x00000000ea980000)
  from space 512K, 31% used [0x00000000f0f00000,0x00000000f0f28000,0x00000000f0f80000)
  to   space 512K, 0% used [0x00000000f0e80000,0x00000000f0e80000,0x00000000f0f00000)
 ParOldGen       total 86016K, used 20689K [0x0000000082000000, 0x0000000087400000, 0x00000000d6000000)
  object space 86016K, 24% used [0x0000000082000000,0x0000000083434780,0x0000000087400000)
 Metaspace       used 11359K, capacity 12015K, committed 12160K, reserved 1060864K
  class space    used 1216K, capacity 1380K, committed 1408K, reserved 1048576K
Event: 40.194 GC heap after
Heap after GC invocations=83 (full 0):
 PSYoungGen      total 322560K, used 32K [0x00000000d6000000, 0x00000000f0f80000, 0x0000000100000000)
  eden space 322048K, 0% used [0x00000000d6000000,0x00000000d6000000,0x00000000e9a80000)
  from space 512K, 6% used [0x00000000f0e80000,0x00000000f0e88000,0x00000000f0f00000)
  to   space 512K, 0% used [0x00000000f0f00000,0x00000000f0f00000,0x00000000f0f80000)
 ParOldGen       total 86016K, used 20689K [0x0000000082000000, 0x0000000087400000, 0x00000000d6000000)
  object space 86016K, 24% used [0x0000000082000000,0x0000000083434780,0x0000000087400000)
 Metaspace       used 11359K, capacity 12015K, committed 12160K, reserved 1060864K
  class space    used 1216K, capacity 1380K, committed 1408K, reserved 1048576K
}

Deoptimization events (10 events):
Event: 37.266 Thread 0x0000000021e78000 Uncommon trap: reason=class_check action=maybe_recompile pc=0x000000000273cd70 method=java.io.DataInputStream.readFully([BII)V @ 34
Event: 37.286 Thread 0x0000000001f8d800 Uncommon trap: reason=unstable_if action=reinterpret pc=0x00000000026d3c14 method=java.nio.file.Files.readAllLines(Ljava/nio/file/Path;Ljava/nio/charset/Charset;)Ljava/util/List; @ 25
Event: 37.286 Thread 0x0000000001f8d800 Uncommon trap: reason=unstable_if action=reinterpret pc=0x000000000278c374 method=sun.misc.FloatingDecimal.readJavaFormatString(Ljava/lang/String;)Lsun/misc/FloatingDecimal$ASCIIToBinaryConverter; @ 178
Event: 37.286 Thread 0x0000000001f8d800 Uncommon trap: reason=unstable_if action=reinterpret pc=0x000000000278b890 method=sun.misc.FloatingDecimal$ASCIIToBinaryBuffer.doubleValue()D @ 149
Event: 41.454 Thread 0x0000000001f8d800 Uncommon trap: reason=unstable_if action=reinterpret pc=0x0000000002806694 method=java.lang.StrictMath.floorOrCeil(DDDD)D @ 90
Event: 41.454 Thread 0x0000000001f8d800 Uncommon trap: reason=unstable_if action=reinterpret pc=0x00000000027c0aec method=java.lang.StrictMath.floorOrCeil(DDDD)D @ 90
Event: 41.454 Thread 0x0000000001f8d800 Uncommon trap: reason=unstable_if action=reinterpret pc=0x00000000027b8be0 method=java.lang.StrictMath.floorOrCeil(DDDD)D @ 90
Event: 42.913 Thread 0x0000000001f8d800 Uncommon trap: reason=bimorphic action=maybe_recompile pc=0x00000000027e7f58 method=java.util.stream.AbstractPipeline.<init>(Ljava/util/stream/AbstractPipeline;I)V @ 66
Event: 42.917 Thread 0x0000000001f8d800 Uncommon trap: reason=bimorphic action=maybe_recompile pc=0x0000000002902de4 method=java.util.stream.AbstractPipeline.copyInto(Ljava/util/stream/Sink;Ljava/util/Spliterator;)V @ 20
Event: 42.918 Thread 0x0000000001f8d800 Uncommon trap: reason=bimorphic action=maybe_recompile pc=0x00000000027faf58 method=java.util.stream.AbstractPipeline.wrapSink(Ljava/util/stream/Sink;)Ljava/util/stream/Sink; @ 23

Internal exceptions (10 events):
Event: 0.092 Thread 0x0000000001f8d800 Exception <a 'java/security/PrivilegedActionException'> (0x00000000d61fc950) thrown at [C:\re\workspace\8-2-build-windows-amd64-cygwin\jdk8u51\3951\hotspot\src\share\vm\prims\jvm.cpp, line 1382]
Event: 0.343 Thread 0x0000000001f8d800 Exception <a 'java/lang/NoSuchFieldError': method resolution failed> (0x00000000d65eb1c0) thrown at [C:\re\workspace\8-2-build-windows-amd64-cygwin\jdk8u51\3951\hotspot\src\share\vm\prims\methodHandles.cpp, line 1125]
Event: 0.345 Thread 0x0000000001f8d800 Exception <a 'java/lang/NoSuchFieldError': method resolution failed> (0x00000000d65f9890) thrown at [C:\re\workspace\8-2-build-windows-amd64-cygwin\jdk8u51\3951\hotspot\src\share\vm\prims\methodHandles.cpp, line 1125]
Event: 0.372 Thread 0x0000000001f8d800 Exception <a 'java/security/PrivilegedActionException'> (0x00000000d66bcb78) thrown at [C:\re\workspace\8-2-build-windows-amd64-cygwin\jdk8u51\3951\hotspot\src\share\vm\prims\jvm.cpp, line 1382]
Event: 0.372 Thread 0x0000000001f8d800 Exception <a 'java/security/PrivilegedActionException'> (0x00000000d66bcd30) thrown at [C:\re\workspace\8-2-build-windows-amd64-cygwin\jdk8u51\3951\hotspot\src\share\vm\prims\jvm.cpp, line 1382]
Event: 0.373 Thread 0x0000000001f8d800 Exception <a 'java/security/PrivilegedActionException'> (0x00000000d66c0ac8) thrown at [C:\re\workspace\8-2-build-windows-amd64-cygwin\jdk8u51\3951\hotspot\src\share\vm\prims\jvm.cpp, line 1382]
Event: 0.373 Thread 0x0000000001f8d800 Exception <a 'java/security/PrivilegedActionException'> (0x00000000d66c0c80) thrown at [C:\re\workspace\8-2-build-windows-amd64-cygwin\jdk8u51\3951\hotspot\src\share\vm\prims\jvm.cpp, line 1382]
Event: 0.376 Thread 0x0000000001f8d800 Exception <a 'java/io/FileNotFoundException'> (0x00000000d66c2fa8) thrown at [C:\re\workspace\8-2-build-windows-amd64-cygwin\jdk8u51\3951\hotspot\src\share\vm\prims\jni.cpp, line 709]
Event: 0.401 Thread 0x0000000001f8d800 Exception <a 'java/io/FileNotFoundException'> (0x00000000d6703210) thrown at [C:\re\workspace\8-2-build-windows-amd64-cygwin\jdk8u51\3951\hotspot\src\share\vm\prims\jni.cpp, line 709]
Event: 0.420 Thread 0x0000000001f8d800 Implicit null exception at 0x000000000248525b to 0x000000000248540d

Events (10 events):
Event: 42.920 loading class util/Mutable
Event: 42.920 loading class util/Mutable done
Event: 42.920 loading class java/lang/Math$RandomNumberGeneratorHolder
Event: 42.920 loading class java/lang/Math$RandomNumberGeneratorHolder done
Event: 42.920 loading class java/util/Random
Event: 42.920 loading class java/util/Random done
Event: 42.920 loading class java/util/concurrent/atomic/AtomicLong
Event: 42.920 loading class java/util/concurrent/atomic/AtomicLong done
Event: 42.921 loading class network/Connection
Event: 42.921 loading class network/Connection done


Dynamic libraries:
0x00007ff6687b0000 - 0x00007ff6687e7000 	C:\Program Files\Java\jdk1.8.0_51\bin\java.exe
0x00007ffae4ee0000 - 0x00007ffae508d000 	C:\WINDOWS\SYSTEM32\ntdll.dll
0x00007ffae2600000 - 0x00007ffae273e000 	C:\WINDOWS\system32\KERNEL32.DLL
0x00007ffae21b0000 - 0x00007ffae22c5000 	C:\WINDOWS\system32\KERNELBASE.dll
0x00007ffae0bd0000 - 0x00007ffae0c5e000 	C:\WINDOWS\system32\apphelp.dll
0x00007ffad1020000 - 0x00007ffad1073000 	C:\WINDOWS\AppPatch\AppPatch64\AcGenral.DLL
0x00007ffae2ea0000 - 0x00007ffae2f4a000 	C:\WINDOWS\system32\msvcrt.dll
0x00007ffae1e80000 - 0x00007ffae1eae000 	C:\WINDOWS\SYSTEM32\SspiCli.dll
0x00007ffae29f0000 - 0x00007ffae2a44000 	C:\WINDOWS\system32\SHLWAPI.dll
0x00007ffae27b0000 - 0x00007ffae2927000 	C:\WINDOWS\system32\USER32.dll
0x00007ffae4870000 - 0x00007ffae4a04000 	C:\WINDOWS\system32\ole32.dll
0x00007ffae32b0000 - 0x00007ffae47da000 	C:\WINDOWS\system32\SHELL32.dll
0x00007ffae15d0000 - 0x00007ffae15f1000 	C:\WINDOWS\SYSTEM32\USERENV.dll
0x00007ffae2ab0000 - 0x00007ffae2b5a000 	C:\WINDOWS\system32\ADVAPI32.dll
0x00007ffad4490000 - 0x00007ffad44ae000 	C:\WINDOWS\SYSTEM32\MPR.dll
0x00007ffae4d90000 - 0x00007ffae4ed1000 	C:\WINDOWS\system32\RPCRT4.dll
0x00007ffae25a0000 - 0x00007ffae25f9000 	C:\WINDOWS\SYSTEM32\sechost.dll
0x00007ffae4b70000 - 0x00007ffae4d81000 	C:\WINDOWS\SYSTEM32\combase.dll
0x00007ffae2d50000 - 0x00007ffae2ea0000 	C:\WINDOWS\system32\GDI32.dll
0x00007ffae2030000 - 0x00007ffae2045000 	C:\WINDOWS\SYSTEM32\profapi.dll
0x00007ffae0ac0000 - 0x00007ffae0b72000 	C:\WINDOWS\SYSTEM32\SHCORE.dll
0x00007ffae2560000 - 0x00007ffae2596000 	C:\WINDOWS\system32\IMM32.DLL
0x00007ffae4a10000 - 0x00007ffae4b62000 	C:\WINDOWS\system32\MSCTF.dll
0x00007ffadfbf0000 - 0x00007ffadfe6b000 	C:\WINDOWS\WinSxS\amd64_microsoft.windows.common-controls_6595b64144ccf1df_6.0.9600.18006_none_623f33d3ecbe86e8\COMCTL32.dll
0x0000000058640000 - 0x0000000058712000 	C:\Program Files\Java\jdk1.8.0_51\jre\bin\msvcr100.dll
0x0000000058720000 - 0x0000000058fa3000 	C:\Program Files\Java\jdk1.8.0_51\jre\bin\server\jvm.dll
0x00007ffad3810000 - 0x00007ffad3819000 	C:\WINDOWS\SYSTEM32\WSOCK32.dll
0x00007ffaddee0000 - 0x00007ffaddf02000 	C:\WINDOWS\SYSTEM32\WINMM.dll
0x00007ffadf3c0000 - 0x00007ffadf3ca000 	C:\WINDOWS\SYSTEM32\VERSION.dll
0x00007ffae2b60000 - 0x00007ffae2b67000 	C:\WINDOWS\system32\PSAPI.DLL
0x00007ffae4810000 - 0x00007ffae486a000 	C:\WINDOWS\system32\WS2_32.dll
0x00007ffaddeb0000 - 0x00007ffaddeda000 	C:\WINDOWS\SYSTEM32\WINMMBASE.dll
0x00007ffae47f0000 - 0x00007ffae47f9000 	C:\WINDOWS\system32\NSI.dll
0x00007ffae22d0000 - 0x00007ffae231f000 	C:\WINDOWS\SYSTEM32\cfgmgr32.dll
0x00007ffae0e20000 - 0x00007ffae0e48000 	C:\WINDOWS\SYSTEM32\DEVOBJ.dll
0x00000000585f0000 - 0x00000000585ff000 	C:\Program Files\Java\jdk1.8.0_51\jre\bin\verify.dll
0x00000000585c0000 - 0x00000000585e9000 	C:\Program Files\Java\jdk1.8.0_51\jre\bin\java.dll
0x00000000585a0000 - 0x00000000585b6000 	C:\Program Files\Java\jdk1.8.0_51\jre\bin\zip.dll
0x0000000180000000 - 0x0000000180051000 	C:\Users\Rory\Desktop\Programs\Current Projects\OGPC 2016 Java\natives\lwjgl64.dll
0x00007ffad0000000 - 0x00007ffad012b000 	C:\WINDOWS\SYSTEM32\OPENGL32.dll
0x00007ffadafb0000 - 0x00007ffadafde000 	C:\WINDOWS\SYSTEM32\GLU32.dll
0x00007ffadafe0000 - 0x00007ffadb0d8000 	C:\WINDOWS\SYSTEM32\DDRAW.dll
0x00007ffaddd40000 - 0x00007ffaddd49000 	C:\WINDOWS\SYSTEM32\DCIMAN32.dll
0x00007ffae0ca0000 - 0x00007ffae0dc9000 	C:\WINDOWS\system32\uxtheme.dll
0x00007ffadfe70000 - 0x00007ffadfe91000 	C:\WINDOWS\system32\dwmapi.dll
0x00007ffad3ea0000 - 0x00007ffad3ecc000 	C:\WINDOWS\SYSTEM32\nvoglshim64.dll
0x0000000019f70000 - 0x000000001a6ee000 	C:\WINDOWS\system32\ig7icd64.dll
0x00007ffade1c0000 - 0x00007ffade600000 	C:\WINDOWS\SYSTEM32\igdusc64.dll
0x00007ffae0e70000 - 0x00007ffae0e7b000 	C:\WINDOWS\SYSTEM32\kernel.appcore.dll
0x00007ffae1f20000 - 0x00007ffae1f2b000 	C:\WINDOWS\SYSTEM32\CRYPTBASE.dll
0x00007ffae1eb0000 - 0x00007ffae1f13000 	C:\WINDOWS\SYSTEM32\bcryptPrimitives.dll
0x00007ffadd500000 - 0x00007ffadd592000 	C:\WINDOWS\SYSTEM32\mscms.dll
0x00007ffad0fd0000 - 0x00007ffad1011000 	C:\WINDOWS\SYSTEM32\icm32.dll
0x00007ffae1fd0000 - 0x00007ffae2016000 	C:\WINDOWS\SYSTEM32\powrprof.dll
0x00000000583c0000 - 0x0000000058558000 	C:\Program Files\Java\jdk1.8.0_51\jre\bin\awt.dll
0x00007ffae3120000 - 0x00007ffae31e1000 	C:\WINDOWS\system32\OLEAUT32.dll
0x0000000058370000 - 0x00000000583b7000 	C:\Program Files\Java\jdk1.8.0_51\jre\bin\fontmanager.dll
0x0000000058580000 - 0x000000005859a000 	C:\Program Files\Java\jdk1.8.0_51\jre\bin\net.dll
0x00007ffae1840000 - 0x00007ffae1899000 	C:\WINDOWS\system32\mswsock.dll
0x0000000058560000 - 0x0000000058571000 	C:\Program Files\Java\jdk1.8.0_51\jre\bin\nio.dll
0x0000000058320000 - 0x0000000058362000 	C:\Program Files\Java\jdk1.8.0_51\jre\bin\t2k.dll
0x00007ffae2930000 - 0x00007ffae29e6000 	C:\WINDOWS\SYSTEM32\clbcatq.dll
0x00007ffae1640000 - 0x00007ffae16e4000 	C:\WINDOWS\SYSTEM32\DNSAPI.dll
0x00007ffad7e00000 - 0x00007ffad7e0a000 	C:\Windows\System32\rasadhlp.dll
0x00007ffadc200000 - 0x00007ffadc26b000 	C:\WINDOWS\System32\fwpuclnt.dll
0x00007ffad5a40000 - 0x00007ffad5bc9000 	C:\WINDOWS\SYSTEM32\dbghelp.dll

VM Arguments:
jvm_args: -Dfile.encoding=UTF-8 -Dorg.lwjgl.opengl.Display.allowSoftwareOpenGL=true 
java_command: invisibleman.Client
java_class_path (initial): C:\Users\Rory\Desktop\Programs\Current Projects\OGPC 2016 Java\lib\jfxrt.jar;C:\Users\Rory\Desktop\Programs\Current Projects\OGPC 2016 Java\lib\jinput.jar;C:\Users\Rory\Desktop\Programs\Current Projects\OGPC 2016 Java\lib\lwjgl.jar;C:\Users\Rory\Desktop\Programs\Current Projects\OGPC 2016 Java\lib\lwjgl_util.jar;C:\Users\Rory\Desktop\Programs\Current Projects\OGPC 2016 Java\lib\slick-util.jar;C:\Users\Rory\Desktop\Programs\Current Projects\OGPC 2016 Java\lib\protonpack-1.1.jar;C:\Users\Rory\Desktop\Programs\Current Projects\OGPC 2016 Java\lib\Forge.jar;C:\Users\Rory\Desktop\Programs\Current Projects\OGPC 2016 Java\build\classes
Launcher Type: SUN_STANDARD

Environment Variables:
PATH=C:\ProgramData\Oracle\Java\javapath;C:\Program Files (x86)\Intel\iCLS Client\;C:\Program Files\Intel\iCLS Client\;C:\WINDOWS\system32;C:\WINDOWS;C:\WINDOWS\System32\Wbem;C:\WINDOWS\System32\WindowsPowerShell\v1.0\;C:\Program Files (x86)\Intel\OpenCL SDK\2.0\bin\x86;C:\Program Files (x86)\Intel\OpenCL SDK\2.0\bin\x64;C:\Program Files\Intel\Intel(R) Management Engine Components\DAL;C:\Program Files\Intel\Intel(R) Management Engine Components\IPT;C:\Program Files (x86)\Intel\Intel(R) Management Engine Components\DAL;C:\Program Files (x86)\Intel\Intel(R) Management Engine Components\IPT;C:\Program Files\Lenovo\Bluetooth Software\;C:\Program Files\Lenovo\Bluetooth Software\syswow64;C:\Program Files\Intel\WiFi\bin\;C:\Program Files\Common Files\Intel\WirelessCommon\;C:\Program Files\SlikSvn\bin;C:\Program Files (x86)\NVIDIA Corporation\PhysX\Common;C:\Program Files (x86)\Skype\Phone\
USERNAME=Rory
OS=Windows_NT
PROCESSOR_IDENTIFIER=Intel64 Family 6 Model 58 Stepping 9, GenuineIntel



---------------  S Y S T E M  ---------------

OS: Windows 8.1 , 64 bit Build 9600 (6.3.9600.17415)

CPU:total 8 (4 cores per cpu, 2 threads per core) family 6 model 58 stepping 9, cmov, cx8, fxsr, mmx, sse, sse2, sse3, ssse3, sse4.1, sse4.2, popcnt, avx, aes, clmul, erms, ht, tsc, tscinvbit, tscinv

Memory: 4k page, physical 8251156k(2095360k free), swap 9561876k(2463248k free)

vm_info: Java HotSpot(TM) 64-Bit Server VM (25.51-b03) for windows-amd64 JRE (1.8.0_51-b16), built on Jun  8 2015 18:03:07 by "java_re" with MS VC++ 10.0 (VS2010)

time: Mon Apr 18 21:37:58 2016
elapsed time: 43 seconds (0d 0h 0m 43s)

