#
# A fatal error has been detected by the Java Runtime Environment:
#
#  EXCEPTION_ACCESS_VIOLATION (0xc0000005) at pc=0x000007feeaa01f44, pid=4776, tid=3136
#
# JRE version: Java(TM) SE Runtime Environment (8.0_65-b17) (build 1.8.0_65-b17)
# Java VM: Java HotSpot(TM) 64-Bit Server VM (25.65-b01 mixed mode windows-amd64 compressed oops)
# Problematic frame:
# C  [ig7icd64.dll+0x21f44]
#
# Failed to write core dump. Minidumps are not enabled by default on client versions of Windows
#
# If you would like to submit a bug report, please visit:
#   http://bugreport.java.com/bugreport/crash.jsp
# The crash happened outside the Java Virtual Machine in native code.
# See problematic frame for where to report the bug.
#

---------------  T H R E A D  ---------------

Current thread (0x000000000224f000):  JavaThread "main" [_thread_in_native, id=3136, stack(0x00000000024e0000,0x00000000025e0000)]

siginfo: ExceptionCode=0xc0000005, writing address 0x0000000001cba000

Registers:
RAX=0x0000000000000001, RBX=0x00000000598fe000, RCX=0x0000000001cba010, RDX=0x000000005c73e1a0
RSP=0x00000000025de050, RBP=0x000000005b5263c0, RSI=0x000000005b5280d0, RDI=0x000000005c73de20
R8 =0x0000000000000020, R9 =0x0000000000000000, R10=0x0000000000000001, R11=0x0000000000000002
R12=0x0000000000000000, R13=0x000000005c711670, R14=0x0000000000000000, R15=0x0000000000000000
RIP=0x000007feeaa01f44, EFLAGS=0x0000000000010206

Top of Stack: (sp=0x00000000025de050)
0x00000000025de050:   00000000025de098 000000005f5e3428
0x00000000025de060:   0000000000000000 4043800000000000
0x00000000025de070:   000007fffffdbf08 4054000000000000
0x00000000025de080:   4054000000000000 00000000028c6340
0x00000000025de090:   000000005997a740 000007feeabfcc57
0x00000000025de0a0:   00000000598fe000 c1da7938bfae14ca
0x00000000025de0b0:   c23f4d7cc201a5a1 000000003fae0be2
0x00000000025de0c0:   0000000000000001 000007feeac1bbd3
0x00000000025de0d0:   000000005c73e190 0000000000000000
0x00000000025de0e0:   c054000000000000 0000000000000000
0x00000000025de0f0:   000000005c7b3fd0 0000000059969470
0x00000000025de100:   000000005c73df88 000000005c73de20
0x00000000025de110:   0000000000000001 000000005c782450
0x00000000025de120:   00000000598fe000 000007feeac34e78
0x00000000025de130:   0000000000000002 000000005c782701
0x00000000025de140:   000000005c73df88 0000000000000000 

Instructions: (pc=0x000007feeaa01f44)
0x000007feeaa01f24:   d1 49 c1 eb 04 4d 85 db 0f 84 24 02 00 00 f3 0f
0x000007feeaa01f34:   6f 02 41 ff c2 48 83 c1 10 41 8b c2 48 83 c2 10
0x000007feeaa01f44:   f3 0f 7f 41 f0 49 3b c3 72 e4 e9 03 02 00 00 48
0x000007feeaa01f54:   89 7c 24 40 8b f9 83 e7 0f 74 68 48 89 5c 24 50 


Register to memory mapping:

RAX=0x0000000000000001 is an unknown value
RBX=0x00000000598fe000 is an unknown value
RCX=0x0000000001cba010 is an unknown value
RDX=0x000000005c73e1a0 is an unknown value
RSP=0x00000000025de050 is pointing into the stack for thread: 0x000000000224f000
RBP=0x000000005b5263c0 is an unknown value
RSI=0x000000005b5280d0 is an unknown value
RDI=0x000000005c73de20 is an unknown value
R8 =0x0000000000000020 is an unknown value
R9 =0x0000000000000000 is an unknown value
R10=0x0000000000000001 is an unknown value
R11=0x0000000000000002 is an unknown value
R12=0x0000000000000000 is an unknown value
R13=0x000000005c711670 is an unknown value
R14=0x0000000000000000 is an unknown value
R15=0x0000000000000000 is an unknown value


Stack: [0x00000000024e0000,0x00000000025e0000],  sp=0x00000000025de050,  free space=1016k
Native frames: (J=compiled Java code, j=interpreted, Vv=VM code, C=native code)
C  [ig7icd64.dll+0x21f44]
C  [ig7icd64.dll+0x21cc57]
C  [ig7icd64.dll+0x254e78]
C  [ig7icd64.dll+0x1fe146]
C  [ig7icd64.dll+0x156d58]
C  [ig7icd64.dll+0x2dc07c]
C  [ig7icd64.dll+0x3ba832]
C  [ig7icd64.dll+0x4f6201]
C  [ig7icd64.dll+0x47433f]
C  [ig7icd64.dll+0x474abc]
C  0x0000000002a07dca

Java frames: (J=compiled Java code, j=interpreted, Vv=VM code)
J 1815  org.lwjgl.opengl.GL11.nglCallList(IJ)V (0 bytes) @ 0x0000000002a07d44 [0x0000000002a07d00+0x44]
J 1903 C2 map.CubeMap$$Lambda$124.accept(Ljava/lang/Object;Ljava/lang/Object;)V (12 bytes) @ 0x0000000002ac9608 [0x0000000002ac9500+0x108]
J 1750 C2 util.Util$$Lambda$66.accept(Ljava/lang/Object;)V (20 bytes) @ 0x0000000002e42140 [0x0000000002e420c0+0x80]
J 1527 C2 util.Util.forRange(IILjava/util/function/Consumer;)V (24 bytes) @ 0x0000000002dd38a8 [0x0000000002dd35e0+0x2c8]
J 1964 C1 map.CubeMap.drawAll()V (49 bytes) @ 0x0000000002b40e2c [0x0000000002b3fce0+0x114c]
J 1952 C1 map.Editor$$Lambda$83.run()V (4 bytes) @ 0x0000000002b7993c [0x0000000002b79880+0xbc]
J 1958 C2 engine.EventStream$$Lambda$2.accept(Ljava/lang/Object;)V (12 bytes) @ 0x0000000002b3cd08 [0x0000000002b3ccc0+0x48]
J 1978 C2 engine.EventStream.sendEvent()V (27 bytes) @ 0x0000000002cc9d8c [0x0000000002cc9b00+0x28c]
J 2096 C2 java.lang.Iterable.forEach(Ljava/util/function/Consumer;)V (39 bytes) @ 0x0000000002f290a4 [0x0000000002f28f20+0x184]
J 888% C2 engine.Core.run()V (114 bytes) @ 0x0000000002bd8e68 [0x0000000002bd8da0+0xc8]
j  map.Editor.start(Ljava/lang/String;Ljava/lang/String;)V+489
j  guis.Play.recieve(Ljava/lang/String;Ljava/lang/Object;)V+295
j  gui.components.GUIButton.send()V+68
j  gui.TypingManager.compOpen(Lgui/types/GUIInputComponent;)V+24
j  gui.TypingManager.lambda$null$7()V+93
j  gui.TypingManager$$Lambda$36.run()V+0
J 962 C1 engine.EventStream$$Lambda$2.accept(Ljava/lang/Object;)V (12 bytes) @ 0x0000000002bfe08c [0x0000000002bfde60+0x22c]
J 955 C1 engine.EventStream$$Lambda$3.run()V (12 bytes) @ 0x0000000002bfab4c [0x0000000002bfaa00+0x14c]
J 954 C1 engine.EventStream$$Lambda$34.accept(Ljava/lang/Object;)V (10 bytes) @ 0x0000000002bfa6b4 [0x0000000002bfa4c0+0x1f4]
J 1093 C2 java.util.ArrayList.forEach(Ljava/util/function/Consumer;)V (75 bytes) @ 0x0000000002c5aed4 [0x0000000002c5ae20+0xb4]
J 1041 C1 engine.Signal$$Lambda$5.accept(Ljava/lang/Object;)V (16 bytes) @ 0x0000000002c334ac [0x0000000002c32d00+0x7ac]
J 955 C1 engine.EventStream$$Lambda$3.run()V (12 bytes) @ 0x0000000002bfab4c [0x0000000002bfaa00+0x14c]
J 954 C1 engine.EventStream$$Lambda$34.accept(Ljava/lang/Object;)V (10 bytes) @ 0x0000000002bfa6b4 [0x0000000002bfa4c0+0x1f4]
J 1093 C2 java.util.ArrayList.forEach(Ljava/util/function/Consumer;)V (75 bytes) @ 0x0000000002c5aed4 [0x0000000002c5ae20+0xb4]
J 1112 C1 engine.Input.lambda$static$45()V (417 bytes) @ 0x0000000002c6da44 [0x0000000002c69ce0+0x3d64]
J 1111 C1 engine.Input$$Lambda$1.run()V (4 bytes) @ 0x0000000002c7697c [0x0000000002c76900+0x7c]
J 962 C1 engine.EventStream$$Lambda$2.accept(Ljava/lang/Object;)V (12 bytes) @ 0x0000000002bfe08c [0x0000000002bfde60+0x22c]
J 955 C1 engine.EventStream$$Lambda$3.run()V (12 bytes) @ 0x0000000002bfab4c [0x0000000002bfaa00+0x14c]
J 954 C1 engine.EventStream$$Lambda$34.accept(Ljava/lang/Object;)V (10 bytes) @ 0x0000000002bfa6b4 [0x0000000002bfa4c0+0x1f4]
J 1093 C2 java.util.ArrayList.forEach(Ljava/util/function/Consumer;)V (75 bytes) @ 0x0000000002c5aed4 [0x0000000002c5ae20+0xb4]
J 1059 C1 engine.Core$$Lambda$50.accept(Ljava/lang/Object;)V (12 bytes) @ 0x0000000002c3ef1c [0x0000000002c3e840+0x6dc]
J 1032 C1 java.lang.Iterable.forEach(Ljava/util/function/Consumer;)V (39 bytes) @ 0x0000000002c2b77c [0x0000000002c2b4a0+0x2dc]
J 888% C2 engine.Core.run()V (114 bytes) @ 0x0000000002bd8e34 [0x0000000002bd8da0+0x94]
j  invisibleman.Client.main([Ljava/lang/String;)V+146
v  ~StubRoutines::call_stub

---------------  P R O C E S S  ---------------

Java Threads: ( => current thread )
  0x0000000058ef2800 JavaThread "AWT-Windows" daemon [_thread_in_native, id=6976, stack(0x000000005e720000,0x000000005e820000)]
  0x0000000058ee9800 JavaThread "Java2D Disposer" daemon [_thread_blocked, id=6420, stack(0x000000005b1a0000,0x000000005b2a0000)]
  0x0000000058c6d800 JavaThread "Service Thread" daemon [_thread_blocked, id=1108, stack(0x00000000592f0000,0x00000000593f0000)]
  0x0000000058bf2000 JavaThread "C1 CompilerThread2" daemon [_thread_blocked, id=3400, stack(0x0000000059000000,0x0000000059100000)]
  0x0000000058bf0800 JavaThread "C2 CompilerThread1" daemon [_thread_blocked, id=5508, stack(0x0000000059180000,0x0000000059280000)]
  0x00000000573a7000 JavaThread "C2 CompilerThread0" daemon [_thread_blocked, id=4264, stack(0x0000000058af0000,0x0000000058bf0000)]
  0x00000000573a3800 JavaThread "Attach Listener" daemon [_thread_blocked, id=6844, stack(0x0000000058830000,0x0000000058930000)]
  0x00000000573a1000 JavaThread "Signal Dispatcher" daemon [_thread_blocked, id=3348, stack(0x00000000589a0000,0x0000000058aa0000)]
  0x0000000057347000 JavaThread "Finalizer" daemon [_thread_blocked, id=6120, stack(0x0000000058710000,0x0000000058810000)]
  0x0000000057340000 JavaThread "Reference Handler" daemon [_thread_blocked, id=860, stack(0x00000000583e0000,0x00000000584e0000)]
=>0x000000000224f000 JavaThread "main" [_thread_in_native, id=3136, stack(0x00000000024e0000,0x00000000025e0000)]

Other Threads:
  0x000000005733a800 VMThread [stack: 0x0000000058500000,0x0000000058600000] [id=7096]
  0x0000000058c8d000 WatcherThread [stack: 0x0000000059560000,0x0000000059660000] [id=5264]

VM state:not at safepoint (normal execution)

VM Mutex/Monitor currently owned by a thread: None

Heap:
 PSYoungGen      total 130048K, used 80296K [0x00000000d6580000, 0x00000000fab80000, 0x0000000100000000)
  eden space 129536K, 61% used [0x00000000d6580000,0x00000000db3e2340,0x00000000de400000)
  from space 512K, 6% used [0x00000000fab00000,0x00000000fab08000,0x00000000fab80000)
  to   space 2560K, 0% used [0x00000000fa680000,0x00000000fa680000,0x00000000fa900000)
 ParOldGen       total 86016K, used 10752K [0x0000000083000000, 0x0000000088400000, 0x00000000d6580000)
  object space 86016K, 12% used [0x0000000083000000,0x0000000083a803a0,0x0000000088400000)
 Metaspace       used 10784K, capacity 11441K, committed 11648K, reserved 1058816K
  class space    used 1127K, capacity 1289K, committed 1408K, reserved 1048576K

Card table byte_map: [0x0000000011c70000,0x0000000012060000] byte_map_base: 0x0000000011858000

Marking Bits: (ParMarkBitMap*) 0x0000000063d2a5b0
 Begin Bits: [0x0000000012740000, 0x0000000014680000)
 End Bits:   [0x0000000014680000, 0x00000000165c0000)

Polling page: 0x0000000000140000

CodeCache: size=245760Kb used=6734Kb max_used=6745Kb free=239025Kb
 bounds [0x00000000028b0000, 0x0000000002f50000, 0x00000000118b0000]
 total_blobs=2517 nmethods=1945 adapters=485
 compilation: enabled

Compilation events (10 events):
Event: 36.697 Thread 0x0000000058bf0800 2125       4       engine.Signal$$Lambda$16/1381128261::accept (16 bytes)
Event: 36.700 Thread 0x0000000058bf0800 nmethod 2125 0x0000000002f3a0d0 code [0x0000000002f3a240, 0x0000000002f3a468]
Event: 37.627 Thread 0x0000000058bf0800 2126       4       java.util.stream.FindOps::makeRef (25 bytes)
Event: 37.628 Thread 0x0000000058bf0800 nmethod 2126 0x0000000002f31c50 code [0x0000000002f31da0, 0x0000000002f31e98]
Event: 37.628 Thread 0x0000000058bf0800 2127       4       java.util.Optional::empty (6 bytes)
Event: 37.628 Thread 0x0000000058bf0800 nmethod 2127 0x0000000002f2f2d0 code [0x0000000002f2f400, 0x0000000002f2f458]
Event: 39.087 Thread 0x0000000058bf2000 2128       3       java.util.stream.FindOps$FindOp::getOpFlags (19 bytes)
Event: 39.087 Thread 0x0000000058bf2000 nmethod 2128 0x0000000002f2ef50 code [0x0000000002f2f0a0, 0x0000000002f2f250]
Event: 39.105 Thread 0x0000000058bf0800 2129       4       util.Vec3::multiply (26 bytes)
Event: 39.106 Thread 0x0000000058bf0800 nmethod 2129 0x0000000002f3bbd0 code [0x0000000002f3bd20, 0x0000000002f3be18]

GC Heap History (10 events):
Event: 35.356 GC heap before
{Heap before GC invocations=34 (full 0):
 PSYoungGen      total 161792K, used 158240K [0x00000000d6580000, 0x00000000fb300000, 0x0000000100000000)
  eden space 158208K, 100% used [0x00000000d6580000,0x00000000e0000000,0x00000000e0000000)
  from space 3584K, 0% used [0x00000000fac00000,0x00000000fac08000,0x00000000faf80000)
  to   space 3584K, 0% used [0x00000000faf80000,0x00000000faf80000,0x00000000fb300000)
 ParOldGen       total 86016K, used 10656K [0x0000000083000000, 0x0000000088400000, 0x00000000d6580000)
  object space 86016K, 12% used [0x0000000083000000,0x0000000083a683a0,0x0000000088400000)
 Metaspace       used 10781K, capacity 11437K, committed 11648K, reserved 1058816K
  class space    used 1126K, capacity 1287K, committed 1408K, reserved 1048576K
Event: 35.365 GC heap after
Heap after GC invocations=34 (full 0):
 PSYoungGen      total 152576K, used 96K [0x00000000d6580000, 0x00000000fb000000, 0x0000000100000000)
  eden space 152064K, 0% used [0x00000000d6580000,0x00000000d6580000,0x00000000dfa00000)
  from space 512K, 18% used [0x00000000faf80000,0x00000000faf98000,0x00000000fb000000)
  to   space 3072K, 0% used [0x00000000faa00000,0x00000000faa00000,0x00000000fad00000)
 ParOldGen       total 86016K, used 10664K [0x0000000083000000, 0x0000000088400000, 0x00000000d6580000)
  object space 86016K, 12% used [0x0000000083000000,0x0000000083a6a3a0,0x0000000088400000)
 Metaspace       used 10781K, capacity 11437K, committed 11648K, reserved 1058816K
  class space    used 1126K, capacity 1287K, committed 1408K, reserved 1048576K
}
Event: 39.113 GC heap before
{Heap before GC invocations=35 (full 0):
 PSYoungGen      total 152576K, used 152160K [0x00000000d6580000, 0x00000000fb000000, 0x0000000100000000)
  eden space 152064K, 100% used [0x00000000d6580000,0x00000000dfa00000,0x00000000dfa00000)
  from space 512K, 18% used [0x00000000faf80000,0x00000000faf98000,0x00000000fb000000)
  to   space 3072K, 0% used [0x00000000faa00000,0x00000000faa00000,0x00000000fad00000)
 ParOldGen       total 86016K, used 10664K [0x0000000083000000, 0x0000000088400000, 0x00000000d6580000)
  object space 86016K, 12% used [0x0000000083000000,0x0000000083a6a3a0,0x0000000088400000)
 Metaspace       used 10784K, capacity 11441K, committed 11648K, reserved 1058816K
  class space    used 1127K, capacity 1289K, committed 1408K, reserved 1048576K
Event: 39.114 GC heap after
Heap after GC invocations=35 (full 0):
 PSYoungGen      total 148992K, used 64K [0x00000000d6580000, 0x00000000fb000000, 0x0000000100000000)
  eden space 145920K, 0% used [0x00000000d6580000,0x00000000d6580000,0x00000000df400000)
  from space 3072K, 2% used [0x00000000faa00000,0x00000000faa10000,0x00000000fad00000)
  to   space 3072K, 0% used [0x00000000fad00000,0x00000000fad00000,0x00000000fb000000)
 ParOldGen       total 86016K, used 10736K [0x0000000083000000, 0x0000000088400000, 0x00000000d6580000)
  object space 86016K, 12% used [0x0000000083000000,0x0000000083a7c3a0,0x0000000088400000)
 Metaspace       used 10784K, capacity 11441K, committed 11648K, reserved 1058816K
  class space    used 1127K, capacity 1289K, committed 1408K, reserved 1048576K
}
Event: 39.169 GC heap before
{Heap before GC invocations=36 (full 0):
 PSYoungGen      total 148992K, used 145984K [0x00000000d6580000, 0x00000000fb000000, 0x0000000100000000)
  eden space 145920K, 100% used [0x00000000d6580000,0x00000000df400000,0x00000000df400000)
  from space 3072K, 2% used [0x00000000faa00000,0x00000000faa10000,0x00000000fad00000)
  to   space 3072K, 0% used [0x00000000fad00000,0x00000000fad00000,0x00000000fb000000)
 ParOldGen       total 86016K, used 10736K [0x0000000083000000, 0x0000000088400000, 0x00000000d6580000)
  object space 86016K, 12% used [0x0000000083000000,0x0000000083a7c3a0,0x0000000088400000)
 Metaspace       used 10784K, capacity 11441K, committed 11648K, reserved 1058816K
  class space    used 1127K, capacity 1289K, committed 1408K, reserved 1048576K
Event: 39.169 GC heap after
Heap after GC invocations=36 (full 0):
 PSYoungGen      total 140800K, used 32K [0x00000000d6580000, 0x00000000fad80000, 0x0000000100000000)
  eden space 140288K, 0% used [0x00000000d6580000,0x00000000d6580000,0x00000000dee80000)
  from space 512K, 6% used [0x00000000fad00000,0x00000000fad08000,0x00000000fad80000)
  to   space 3072K, 0% used [0x00000000fa780000,0x00000000fa780000,0x00000000faa80000)
 ParOldGen       total 86016K, used 10752K [0x0000000083000000, 0x0000000088400000, 0x00000000d6580000)
  object space 86016K, 12% used [0x0000000083000000,0x0000000083a803a0,0x0000000088400000)
 Metaspace       used 10784K, capacity 11441K, committed 11648K, reserved 1058816K
  class space    used 1127K, capacity 1289K, committed 1408K, reserved 1048576K
}
Event: 39.221 GC heap before
{Heap before GC invocations=37 (full 0):
 PSYoungGen      total 140800K, used 140320K [0x00000000d6580000, 0x00000000fad80000, 0x0000000100000000)
  eden space 140288K, 100% used [0x00000000d6580000,0x00000000dee80000,0x00000000dee80000)
  from space 512K, 6% used [0x00000000fad00000,0x00000000fad08000,0x00000000fad80000)
  to   space 3072K, 0% used [0x00000000fa780000,0x00000000fa780000,0x00000000faa80000)
 ParOldGen       total 86016K, used 10752K [0x0000000083000000, 0x0000000088400000, 0x00000000d6580000)
  object space 86016K, 12% used [0x0000000083000000,0x0000000083a803a0,0x0000000088400000)
 Metaspace       used 10784K, capacity 11441K, committed 11648K, reserved 1058816K
  class space    used 1127K, capacity 1289K, committed 1408K, reserved 1048576K
Event: 39.222 GC heap after
Heap after GC invocations=37 (full 0):
 PSYoungGen      total 137728K, used 32K [0x00000000d6580000, 0x00000000fad80000, 0x0000000100000000)
  eden space 134656K, 0% used [0x00000000d6580000,0x00000000d6580000,0x00000000de900000)
  from space 3072K, 1% used [0x00000000fa780000,0x00000000fa788000,0x00000000faa80000)
  to   space 2560K, 0% used [0x00000000fab00000,0x00000000fab00000,0x00000000fad80000)
 ParOldGen       total 86016K, used 10752K [0x0000000083000000, 0x0000000088400000, 0x00000000d6580000)
  object space 86016K, 12% used [0x0000000083000000,0x0000000083a803a0,0x0000000088400000)
 Metaspace       used 10784K, capacity 11441K, committed 11648K, reserved 1058816K
  class space    used 1127K, capacity 1289K, committed 1408K, reserved 1048576K
}
Event: 39.272 GC heap before
{Heap before GC invocations=38 (full 0):
 PSYoungGen      total 137728K, used 134688K [0x00000000d6580000, 0x00000000fad80000, 0x0000000100000000)
  eden space 134656K, 100% used [0x00000000d6580000,0x00000000de900000,0x00000000de900000)
  from space 3072K, 1% used [0x00000000fa780000,0x00000000fa788000,0x00000000faa80000)
  to   space 2560K, 0% used [0x00000000fab00000,0x00000000fab00000,0x00000000fad80000)
 ParOldGen       total 86016K, used 10752K [0x0000000083000000, 0x0000000088400000, 0x00000000d6580000)
  object space 86016K, 12% used [0x0000000083000000,0x0000000083a803a0,0x0000000088400000)
 Metaspace       used 10784K, capacity 11441K, committed 11648K, reserved 1058816K
  class space    used 1127K, capacity 1289K, committed 1408K, reserved 1048576K
Event: 39.273 GC heap after
Heap after GC invocations=38 (full 0):
 PSYoungGen      total 130048K, used 32K [0x00000000d6580000, 0x00000000fab80000, 0x0000000100000000)
  eden space 129536K, 0% used [0x00000000d6580000,0x00000000d6580000,0x00000000de400000)
  from space 512K, 6% used [0x00000000fab00000,0x00000000fab08000,0x00000000fab80000)
  to   space 2560K, 0% used [0x00000000fa680000,0x00000000fa680000,0x00000000fa900000)
 ParOldGen       total 86016K, used 10752K [0x0000000083000000, 0x0000000088400000, 0x00000000d6580000)
  object space 86016K, 12% used [0x0000000083000000,0x0000000083a803a0,0x0000000088400000)
 Metaspace       used 10784K, capacity 11441K, committed 11648K, reserved 1058816K
  class space    used 1127K, capacity 1289K, committed 1408K, reserved 1048576K
}

Deoptimization events (10 events):
Event: 20.051 Thread 0x000000000224f000 Uncommon trap: reason=class_check action=maybe_recompile pc=0x0000000002de7c88 method=java.util.stream.AbstractPipeline.copyIntoWithCancel(Ljava/util/stream/Sink;Ljava/util/Spliterator;)V @ 19
Event: 20.053 Thread 0x000000000224f000 Uncommon trap: reason=unstable_if action=reinterpret pc=0x0000000002e1f07c method=map.CubeMap.setCube(IIILmap/CubeType;)V @ 10
Event: 20.054 Thread 0x000000000224f000 Uncommon trap: reason=unstable_if action=reinterpret pc=0x0000000002b7b1bc method=java.util.HashMap$KeySpliterator.forEachRemaining(Ljava/util/function/Consumer;)V @ 159
Event: 21.201 Thread 0x000000000224f000 Uncommon trap: reason=class_check action=maybe_recompile pc=0x0000000002de7c88 method=java.util.stream.AbstractPipeline.copyIntoWithCancel(Ljava/util/stream/Sink;Ljava/util/Spliterator;)V @ 19
Event: 22.871 Thread 0x000000000224f000 Uncommon trap: reason=class_check action=maybe_recompile pc=0x0000000002de7c88 method=java.util.stream.AbstractPipeline.copyIntoWithCancel(Ljava/util/stream/Sink;Ljava/util/Spliterator;)V @ 19
Event: 24.452 Thread 0x000000000224f000 Uncommon trap: reason=class_check action=maybe_recompile pc=0x0000000002eaef94 method=java.util.stream.AbstractPipeline.copyIntoWithCancel(Ljava/util/stream/Sink;Ljava/util/Spliterator;)V @ 19
Event: 26.322 Thread 0x000000000224f000 Uncommon trap: reason=class_check action=maybe_recompile pc=0x0000000002dd464c method=java.util.stream.AbstractPipeline.copyIntoWithCancel(Ljava/util/stream/Sink;Ljava/util/Spliterator;)V @ 19
Event: 32.233 Thread 0x000000000224f000 Uncommon trap: reason=unstable_if action=reinterpret pc=0x0000000002a88734 method=java.util.stream.ReferencePipeline.forEachWithCancel(Ljava/util/Spliterator;Ljava/util/stream/Sink;)V @ 16
Event: 32.233 Thread 0x000000000224f000 Uncommon trap: reason=unstable_if action=reinterpret pc=0x0000000002dd8f08 method=java.util.stream.FindOps$FindSink$OfRef.get()Ljava/util/Optional; @ 4
Event: 35.292 Thread 0x000000000224f000 Uncommon trap: reason=bimorphic action=maybe_recompile pc=0x0000000002dcee48 method=java.util.stream.AbstractPipeline.wrapSink(Ljava/util/stream/Sink;)Ljava/util/stream/Sink; @ 23

Internal exceptions (10 events):
Event: 0.761 Thread 0x000000000224f000 Exception <a 'java/lang/NoSuchFieldError': method resolution failed> (0x00000000d6b2da58) thrown at [C:\workspace\8-2-build-windows-amd64-cygwin\jdk8u65\4987\hotspot\src\share\vm\prims\methodHandles.cpp, line 1146]
Event: 0.801 Thread 0x000000000224f000 Exception <a 'java/security/PrivilegedActionException'> (0x00000000d6bee230) thrown at [C:\workspace\8-2-build-windows-amd64-cygwin\jdk8u65\4987\hotspot\src\share\vm\prims\jvm.cpp, line 1386]
Event: 0.801 Thread 0x000000000224f000 Exception <a 'java/security/PrivilegedActionException'> (0x00000000d6bee440) thrown at [C:\workspace\8-2-build-windows-amd64-cygwin\jdk8u65\4987\hotspot\src\share\vm\prims\jvm.cpp, line 1386]
Event: 0.802 Thread 0x000000000224f000 Exception <a 'java/security/PrivilegedActionException'> (0x00000000d6bf2288) thrown at [C:\workspace\8-2-build-windows-amd64-cygwin\jdk8u65\4987\hotspot\src\share\vm\prims\jvm.cpp, line 1386]
Event: 0.802 Thread 0x000000000224f000 Exception <a 'java/security/PrivilegedActionException'> (0x00000000d6bf2498) thrown at [C:\workspace\8-2-build-windows-amd64-cygwin\jdk8u65\4987\hotspot\src\share\vm\prims\jvm.cpp, line 1386]
Event: 0.806 Thread 0x000000000224f000 Exception <a 'java/io/FileNotFoundException'> (0x00000000d6bf4880) thrown at [C:\workspace\8-2-build-windows-amd64-cygwin\jdk8u65\4987\hotspot\src\share\vm\prims\jni.cpp, line 709]
Event: 0.834 Thread 0x000000000224f000 Exception <a 'java/io/FileNotFoundException'> (0x00000000d6c36220) thrown at [C:\workspace\8-2-build-windows-amd64-cygwin\jdk8u65\4987\hotspot\src\share\vm\prims\jni.cpp, line 709]
Event: 0.852 Thread 0x000000000224f000 Implicit null exception at 0x0000000002a50ccb to 0x0000000002a50e7d
Event: 6.065 Thread 0x000000000224f000 Implicit null exception at 0x0000000002d032c8 to 0x0000000002d03356
Event: 6.065 Thread 0x000000000224f000 Implicit null exception at 0x0000000002ac012f to 0x0000000002ac01e1

Events (10 events):
Event: 36.381 loading class map/CubeData
Event: 36.381 loading class map/CubeData done
Event: 39.113 Executing VM operation: ParallelGCFailedAllocation
Event: 39.114 Executing VM operation: ParallelGCFailedAllocation done
Event: 39.168 Executing VM operation: ParallelGCFailedAllocation
Event: 39.169 Executing VM operation: ParallelGCFailedAllocation done
Event: 39.221 Executing VM operation: ParallelGCFailedAllocation
Event: 39.222 Executing VM operation: ParallelGCFailedAllocation done
Event: 39.272 Executing VM operation: ParallelGCFailedAllocation
Event: 39.273 Executing VM operation: ParallelGCFailedAllocation done


Dynamic libraries:
0x000000013fcf0000 - 0x000000013fd27000 	C:\Program Files\Java\jdk1.8.0_65\bin\java.exe
0x00000000774d0000 - 0x000000007767a000 	C:\Windows\SYSTEM32\ntdll.dll
0x00000000772b0000 - 0x00000000773cf000 	C:\Windows\system32\kernel32.dll
0x000007fefd370000 - 0x000007fefd3db000 	C:\Windows\system32\KERNELBASE.dll
0x000007feff110000 - 0x000007feff1eb000 	C:\Windows\system32\ADVAPI32.dll
0x000007fefe040000 - 0x000007fefe0df000 	C:\Windows\system32\msvcrt.dll
0x000007fefd910000 - 0x000007fefd92f000 	C:\Windows\SYSTEM32\sechost.dll
0x000007feff6b0000 - 0x000007feff7dd000 	C:\Windows\system32\RPCRT4.dll
0x00000000773d0000 - 0x00000000774ca000 	C:\Windows\system32\USER32.dll
0x000007feff430000 - 0x000007feff497000 	C:\Windows\system32\GDI32.dll
0x000007fefe0e0000 - 0x000007fefe0ee000 	C:\Windows\system32\LPK.dll
0x000007fefd930000 - 0x000007fefd9fa000 	C:\Windows\system32\USP10.dll
0x000007fefbb00000 - 0x000007fefbcf4000 	C:\Windows\WinSxS\amd64_microsoft.windows.common-controls_6595b64144ccf1df_6.0.7601.18837_none_fa3b1e3d17594757\COMCTL32.dll
0x000007feff200000 - 0x000007feff271000 	C:\Windows\system32\SHLWAPI.dll
0x000007fefd8e0000 - 0x000007fefd90e000 	C:\Windows\system32\IMM32.DLL
0x000007fefda00000 - 0x000007fefdb09000 	C:\Windows\system32\MSCTF.dll
0x0000000073230000 - 0x0000000073302000 	C:\Program Files\Java\jdk1.8.0_65\jre\bin\msvcr100.dll
0x0000000063520000 - 0x0000000063da9000 	C:\Program Files\Java\jdk1.8.0_65\jre\bin\server\jvm.dll
0x000007fef77a0000 - 0x000007fef77a9000 	C:\Windows\system32\WSOCK32.dll
0x000007fefd890000 - 0x000007fefd8dd000 	C:\Windows\system32\WS2_32.dll
0x000007feff1f0000 - 0x000007feff1f8000 	C:\Windows\system32\NSI.dll
0x000007fefa030000 - 0x000007fefa06b000 	C:\Windows\system32\WINMM.dll
0x000007fefc3b0000 - 0x000007fefc3bc000 	C:\Windows\system32\VERSION.dll
0x0000000077690000 - 0x0000000077697000 	C:\Windows\system32\PSAPI.DLL
0x00000000737e0000 - 0x00000000737ef000 	C:\Program Files\Java\jdk1.8.0_65\jre\bin\verify.dll
0x00000000737b0000 - 0x00000000737d9000 	C:\Program Files\Java\jdk1.8.0_65\jre\bin\java.dll
0x0000000073790000 - 0x00000000737a6000 	C:\Program Files\Java\jdk1.8.0_65\jre\bin\zip.dll
0x000007fefe380000 - 0x000007feff10a000 	C:\Windows\system32\SHELL32.dll
0x000007feff4a0000 - 0x000007feff6a3000 	C:\Windows\system32\ole32.dll
0x000007fefd250000 - 0x000007fefd25f000 	C:\Windows\system32\profapi.dll
0x0000000180000000 - 0x0000000180051000 	G:\OGPC 2016\OGPC 2016 Java\natives\lwjgl64.dll
0x000007fef3cb0000 - 0x000007fef3dcd000 	C:\Windows\system32\OPENGL32.dll
0x000007fef7300000 - 0x000007fef732d000 	C:\Windows\system32\GLU32.dll
0x000007fef24c0000 - 0x000007fef25b1000 	C:\Windows\system32\DDRAW.dll
0x000007fefa360000 - 0x000007fefa368000 	C:\Windows\system32\DCIMAN32.dll
0x000007fefd6b0000 - 0x000007fefd887000 	C:\Windows\system32\SETUPAPI.dll
0x000007fefd3e0000 - 0x000007fefd416000 	C:\Windows\system32\CFGMGR32.dll
0x000007fefdf60000 - 0x000007fefe038000 	C:\Windows\system32\OLEAUT32.dll
0x000007fefd270000 - 0x000007fefd28a000 	C:\Windows\system32\DEVOBJ.dll
0x000007fefa410000 - 0x000007fefa428000 	C:\Windows\system32\dwmapi.dll
0x000007fefbaa0000 - 0x000007fefbaf6000 	C:\Windows\system32\uxtheme.dll
0x00000000002b0000 - 0x00000000002f1000 	C:\Program Files (x86)\NetSupport\NetSupport School\pciappctrl64.dll
0x000007fef4f70000 - 0x000007fef5095000 	C:\Windows\system32\dbghelp.dll
0x000007fef5b70000 - 0x000007fef5b88000 	C:\Windows\system32\MPR.dll
0x0000000001c40000 - 0x0000000001c65000 	C:\Program Files (x86)\Common Files\NSL\NSCommonHook64.dll
0x000007feea9e0000 - 0x000007feeb213000 	C:\Windows\system32\ig7icd64.dll
0x000007feed520000 - 0x000007feed97f000 	C:\Windows\system32\igdusc64.dll
0x000007fefc100000 - 0x000007fefc111000 	C:\Windows\system32\WTSAPI32.dll
0x000007fefd0b0000 - 0x000007fefd0bf000 	C:\Windows\system32\CRYPTBASE.dll
0x000007fef4000000 - 0x000007fef409c000 	C:\Windows\system32\mscms.dll
0x000007fefd350000 - 0x000007fefd36e000 	C:\Windows\system32\USERENV.dll
0x000007fef4710000 - 0x000007fef4752000 	C:\Windows\system32\icm32.dll
0x0000000072b90000 - 0x0000000072d28000 	C:\Program Files\Java\jdk1.8.0_65\jre\bin\awt.dll
0x000007fefa440000 - 0x000007fefa44a000 	C:\Windows\System32\drprov.dll
0x000007fefd160000 - 0x000007fefd19d000 	C:\Windows\System32\WINSTA.dll
0x000007fefa270000 - 0x000007fefa292000 	C:\Windows\System32\ntlanman.dll
0x000007fef9fe0000 - 0x000007fef9ffd000 	C:\Windows\System32\davclnt.dll
0x000007fefa480000 - 0x000007fefa48a000 	C:\Windows\System32\DAVHLPR.dll
0x0000000073580000 - 0x00000000735c7000 	C:\Program Files\Java\jdk1.8.0_65\jre\bin\fontmanager.dll
0x00000000735f0000 - 0x000000007360a000 	C:\Program Files\Java\jdk1.8.0_65\jre\bin\net.dll
0x00000000021f0000 - 0x0000000002214000 	C:\Program Files (x86)\Common Files\NSL\nslsp64.dll
0x000007fefc9f0000 - 0x000007fefca45000 	C:\Windows\system32\mswsock.dll
0x000007fefc9e0000 - 0x000007fefc9e7000 	C:\Windows\System32\wship6.dll
0x00000000735d0000 - 0x00000000735e1000 	C:\Program Files\Java\jdk1.8.0_65\jre\bin\nio.dll
0x0000000071f60000 - 0x0000000071fa2000 	C:\Program Files\Java\jdk1.8.0_65\jre\bin\t2k.dll

VM Arguments:
jvm_args: -Dfile.encoding=UTF-8 -Dorg.lwjgl.opengl.Display.allowSoftwareOpenGL=true 
java_command: invisibleman.Client
java_class_path (initial): G:\OGPC 2016\OGPC 2016 Java\lib\jfxrt.jar;G:\OGPC 2016\OGPC 2016 Java\lib\jinput.jar;G:\OGPC 2016\OGPC 2016 Java\lib\lwjgl.jar;G:\OGPC 2016\OGPC 2016 Java\lib\lwjgl_util.jar;G:\OGPC 2016\OGPC 2016 Java\lib\slick-util.jar;G:\OGPC 2016\OGPC 2016 Java\lib\protonpack-1.1.jar;G:\OGPC 2016\OGPC 2016 Java\lib\Forge.jar;G:\OGPC 2016\OGPC 2016 Java\build\classes
Launcher Type: SUN_STANDARD

Environment Variables:
PATH=C:\Program Files\Common Files\Microsoft Shared\Windows Live;C:\Program Files (x86)\Common Files\Microsoft Shared\Windows Live;C:\ProgramData\Oracle\Java\javapath;C:\Windows\system32;C:\Windows;C:\Windows\System32\Wbem;C:\Windows\System32\WindowsPowerShell\v1.0\;C:\Program Files\Intel\WiFi\bin\;C:\Program Files\Common Files\Intel\WirelessCommon\;C:\Program Files (x86)\Intel\OpenCL SDK\2.0\bin\x86;C:\Program Files (x86)\Intel\OpenCL SDK\2.0\bin\x64;C:\SWTOOLS\ReadyApps;C:\Program Files (x86)\QuickTime\QTSystem\;C:\Program Files (x86)\Windows Live\Shared;C:\Program Files\Intel\WiFi\bin\;C:\Program Files\Common Files\Intel\WirelessCommon\
USERNAME=isedgewick17
OS=Windows_NT
PROCESSOR_IDENTIFIER=Intel64 Family 6 Model 58 Stepping 9, GenuineIntel



---------------  S Y S T E M  ---------------

OS: Windows 7 , 64 bit Build 7601 (6.1.7601.19160)

CPU:total 4 (2 cores per cpu, 2 threads per core) family 6 model 58 stepping 9, cmov, cx8, fxsr, mmx, sse, sse2, sse3, ssse3, sse4.1, sse4.2, popcnt, avx, clmul, erms, ht, tsc, tscinvbit, tscinv

Memory: 4k page, physical 8186072k(5113564k free), swap 16370308k(12295696k free)

vm_info: Java HotSpot(TM) 64-Bit Server VM (25.65-b01) for windows-amd64 JRE (1.8.0_65-b17), built on Oct  6 2015 16:39:20 by "java_re" with MS VC++ 10.0 (VS2010)

time: Tue Apr 19 15:04:16 2016
elapsed time: 39 seconds (0d 0h 0m 39s)

