#
# A fatal error has been detected by the Java Runtime Environment:
#
#  EXCEPTION_ACCESS_VIOLATION (0xc0000005) at pc=0x000007feeaa01f44, pid=6676, tid=2692
#
# JRE version: Java(TM) SE Runtime Environment (8.0_65-b17) (build 1.8.0_65-b17)
# Java VM: Java HotSpot(TM) 64-Bit Server VM (25.65-b01 mixed mode windows-amd64 compressed oops)
# Problematic frame:
# C  [ig7icd64.dll+0x21f44]
#
# Failed to write core dump. Minidumps are not enabled by default on client versions of Windows
#
# If you would like to submit a bug report, please visit:
#   http://bugreport.java.com/bugreport/crash.jsp
# The crash happened outside the Java Virtual Machine in native code.
# See problematic frame for where to report the bug.
#

---------------  T H R E A D  ---------------

Current thread (0x000000000018f000):  JavaThread "main" [_thread_in_native, id=2692, stack(0x0000000002420000,0x0000000002520000)]

siginfo: ExceptionCode=0xc0000005, writing address 0x000000000230a000

Registers:
RAX=0x0000000000000001, RBX=0x000000005948e000, RCX=0x000000000230a010, RDX=0x000000005c3f04e0
RSP=0x000000000251e050, RBP=0x000000005b1afed0, RSI=0x000000005b1b1be0, RDI=0x000000005c3f0160
R8 =0x0000000000000020, R9 =0x0000000000000000, R10=0x0000000000000001, R11=0x0000000000000002
R12=0x0000000000000000, R13=0x000000005c3d9c90, R14=0x0000000000000000, R15=0x0000000000000000
RIP=0x000007feeaa01f44, EFLAGS=0x0000000000010202

Top of Stack: (sp=0x000000000251e050)
0x000000000251e050:   000000000000004f 0000000002cf6c50
0x000000000251e060:   000000000251e060 0000000000000050
0x000000000251e070:   00000000ef07b1a0 000000005e5b2428
0x000000000251e080:   0000000000000000 0000000000000000
0x000000000251e090:   00000000594ffc80 000007feeabfcc57
0x000000000251e0a0:   000000005948e000 c1d6a699bfae14c8
0x000000000251e0b0:   c2a668f7c1e4a49e 000000003fae0be1
0x000000000251e0c0:   0000000000000001 000007feeac1bbd3
0x000000000251e0d0:   000000005c3f04d0 0000000000000000
0x000000000251e0e0:   c034000000000000 0000000000000000
0x000000000251e0f0:   000000005c417480 00000000594f9470
0x000000000251e100:   000000005c3f02c8 000000005c3f0160
0x000000000251e110:   0000000000000001 000000005c3ffe60
0x000000000251e120:   000000005948e000 000007feeac34e78
0x000000000251e130:   0000000000000002 000000005c400101
0x000000000251e140:   000000005c3f02c8 0000000000000000 

Instructions: (pc=0x000007feeaa01f44)
0x000007feeaa01f24:   d1 49 c1 eb 04 4d 85 db 0f 84 24 02 00 00 f3 0f
0x000007feeaa01f34:   6f 02 41 ff c2 48 83 c1 10 41 8b c2 48 83 c2 10
0x000007feeaa01f44:   f3 0f 7f 41 f0 49 3b c3 72 e4 e9 03 02 00 00 48
0x000007feeaa01f54:   89 7c 24 40 8b f9 83 e7 0f 74 68 48 89 5c 24 50 


Register to memory mapping:

RAX=0x0000000000000001 is an unknown value
RBX=0x000000005948e000 is an unknown value
RCX=0x000000000230a010 is an unknown value
RDX=0x000000005c3f04e0 is an unknown value
RSP=0x000000000251e050 is pointing into the stack for thread: 0x000000000018f000
RBP=0x000000005b1afed0 is an unknown value
RSI=0x000000005b1b1be0 is an unknown value
RDI=0x000000005c3f0160 is an unknown value
R8 =0x0000000000000020 is an unknown value
R9 =0x0000000000000000 is an unknown value
R10=0x0000000000000001 is an unknown value
R11=0x0000000000000002 is an unknown value
R12=0x0000000000000000 is an unknown value
R13=0x000000005c3d9c90 is an unknown value
R14=0x0000000000000000 is an unknown value
R15=0x0000000000000000 is an unknown value


Stack: [0x0000000002420000,0x0000000002520000],  sp=0x000000000251e050,  free space=1016k
Native frames: (J=compiled Java code, j=interpreted, Vv=VM code, C=native code)
C  [ig7icd64.dll+0x21f44]
C  [ig7icd64.dll+0x21cc57]
C  [ig7icd64.dll+0x254e78]
C  [ig7icd64.dll+0x1fe146]
C  [ig7icd64.dll+0x156d58]
C  [ig7icd64.dll+0x2dc07c]
C  [ig7icd64.dll+0x3ba832]
C  [ig7icd64.dll+0x4f6201]
C  [ig7icd64.dll+0x47433f]
C  [ig7icd64.dll+0x474abc]
C  0x0000000002948eca

Java frames: (J=compiled Java code, j=interpreted, Vv=VM code)
J 1811  org.lwjgl.opengl.GL11.nglCallList(IJ)V (0 bytes) @ 0x0000000002948e44 [0x0000000002948e00+0x44]
J 1919 C2 map.CubeMap$$Lambda$124.accept(Ljava/lang/Object;Ljava/lang/Object;)V (12 bytes) @ 0x0000000002a7f588 [0x0000000002a7f480+0x108]
J 1757 C2 util.Util$$Lambda$66.accept(Ljava/lang/Object;)V (20 bytes) @ 0x0000000002d781b0 [0x0000000002d78140+0x70]
J 1534 C2 util.Util.forRange(IILjava/util/function/Consumer;)V (24 bytes) @ 0x0000000002cf6c50 [0x0000000002cf6be0+0x70]
J 1960 C1 map.CubeMap.drawAll()V (49 bytes) @ 0x0000000002bc3fdc [0x0000000002bc2da0+0x123c]
J 1958 C1 map.Editor$$Lambda$83.run()V (4 bytes) @ 0x0000000002b1fefc [0x0000000002b1fe40+0xbc]
J 1977 C2 engine.EventStream$$Lambda$2.accept(Ljava/lang/Object;)V (12 bytes) @ 0x0000000002c4dfe4 [0x0000000002c4dfa0+0x44]
J 1915 C2 engine.EventStream.sendEvent()V (27 bytes) @ 0x00000000028fe90c [0x00000000028fe680+0x28c]
J 2026 C2 engine.Core$$Lambda$54.accept(Ljava/lang/Object;)V (8 bytes) @ 0x0000000002b08ed4 [0x0000000002b08ea0+0x34]
J 1055 C1 java.lang.Iterable.forEach(Ljava/util/function/Consumer;)V (39 bytes) @ 0x0000000002b8353c [0x0000000002b83260+0x2dc]
J 882% C2 engine.Core.run()V (114 bytes) @ 0x0000000002b1b6a8 [0x0000000002b1b5e0+0xc8]
j  map.Editor.start(Ljava/lang/String;Ljava/lang/String;)V+489
j  guis.Play.recieve(Ljava/lang/String;Ljava/lang/Object;)V+295
j  gui.components.GUIButton.send()V+68
j  gui.TypingManager.compOpen(Lgui/types/GUIInputComponent;)V+24
j  gui.TypingManager.lambda$null$7()V+93
j  gui.TypingManager$$Lambda$36.run()V+0
J 957 C1 engine.EventStream$$Lambda$2.accept(Ljava/lang/Object;)V (12 bytes) @ 0x0000000002b40bcc [0x0000000002b409a0+0x22c]
J 951 C1 engine.EventStream$$Lambda$3.run()V (12 bytes) @ 0x0000000002b3db0c [0x0000000002b3d9c0+0x14c]
J 950 C1 engine.EventStream$$Lambda$34.accept(Ljava/lang/Object;)V (10 bytes) @ 0x0000000002b3d674 [0x0000000002b3d480+0x1f4]
J 902 C1 java.util.ArrayList.forEach(Ljava/util/function/Consumer;)V (75 bytes) @ 0x0000000002b2a244 [0x0000000002b2a040+0x204]
J 1060 C1 engine.Signal$$Lambda$5.accept(Ljava/lang/Object;)V (16 bytes) @ 0x0000000002b8446c [0x0000000002b83cc0+0x7ac]
J 951 C1 engine.EventStream$$Lambda$3.run()V (12 bytes) @ 0x0000000002b3db0c [0x0000000002b3d9c0+0x14c]
J 950 C1 engine.EventStream$$Lambda$34.accept(Ljava/lang/Object;)V (10 bytes) @ 0x0000000002b3d674 [0x0000000002b3d480+0x1f4]
J 902 C1 java.util.ArrayList.forEach(Ljava/util/function/Consumer;)V (75 bytes) @ 0x0000000002b2a244 [0x0000000002b2a040+0x204]
J 963 C1 engine.Signal.set(Ljava/lang/Object;)V (10 bytes) @ 0x0000000002b43954 [0x0000000002b435c0+0x394]
j  engine.Input.lambda$static$45()V+156
j  engine.Input$$Lambda$1.run()V+0
J 957 C1 engine.EventStream$$Lambda$2.accept(Ljava/lang/Object;)V (12 bytes) @ 0x0000000002b40bcc [0x0000000002b409a0+0x22c]
J 951 C1 engine.EventStream$$Lambda$3.run()V (12 bytes) @ 0x0000000002b3db0c [0x0000000002b3d9c0+0x14c]
J 950 C1 engine.EventStream$$Lambda$34.accept(Ljava/lang/Object;)V (10 bytes) @ 0x0000000002b3d674 [0x0000000002b3d480+0x1f4]
J 902 C1 java.util.ArrayList.forEach(Ljava/util/function/Consumer;)V (75 bytes) @ 0x0000000002b2a244 [0x0000000002b2a040+0x204]
J 1084 C1 engine.Core$$Lambda$50.accept(Ljava/lang/Object;)V (12 bytes) @ 0x0000000002b91d9c [0x0000000002b916c0+0x6dc]
J 1055 C1 java.lang.Iterable.forEach(Ljava/util/function/Consumer;)V (39 bytes) @ 0x0000000002b8353c [0x0000000002b83260+0x2dc]
J 882% C2 engine.Core.run()V (114 bytes) @ 0x0000000002b1b674 [0x0000000002b1b5e0+0x94]
j  invisibleman.Client.main([Ljava/lang/String;)V+146
v  ~StubRoutines::call_stub

---------------  P R O C E S S  ---------------

Java Threads: ( => current thread )
  0x0000000058a2d000 JavaThread "AWT-Windows" daemon [_thread_in_native, id=3636, stack(0x000000005e690000,0x000000005e790000)]
  0x0000000058a22000 JavaThread "Java2D Disposer" daemon [_thread_blocked, id=6636, stack(0x000000005e260000,0x000000005e360000)]
  0x0000000058804000 JavaThread "Service Thread" daemon [_thread_blocked, id=2964, stack(0x0000000059530000,0x0000000059630000)]
  0x00000000587aa000 JavaThread "C1 CompilerThread2" daemon [_thread_blocked, id=2528, stack(0x0000000059320000,0x0000000059420000)]
  0x00000000587a9000 JavaThread "C2 CompilerThread1" daemon [_thread_blocked, id=5984, stack(0x0000000058e40000,0x0000000058f40000)]
  0x00000000587a2800 JavaThread "C2 CompilerThread0" daemon [_thread_blocked, id=1804, stack(0x00000000590b0000,0x00000000591b0000)]
  0x0000000057425800 JavaThread "Attach Listener" daemon [_thread_blocked, id=6724, stack(0x0000000058f50000,0x0000000059050000)]
  0x0000000057423800 JavaThread "Signal Dispatcher" daemon [_thread_blocked, id=6036, stack(0x0000000058c90000,0x0000000058d90000)]
  0x00000000573ca800 JavaThread "Finalizer" daemon [_thread_blocked, id=5884, stack(0x00000000586a0000,0x00000000587a0000)]
  0x00000000573c3800 JavaThread "Reference Handler" daemon [_thread_blocked, id=5880, stack(0x0000000058370000,0x0000000058470000)]
=>0x000000000018f000 JavaThread "main" [_thread_in_native, id=2692, stack(0x0000000002420000,0x0000000002520000)]

Other Threads:
  0x00000000573ba800 VMThread [stack: 0x0000000058490000,0x0000000058590000] [id=5584]
  0x000000005883d800 WatcherThread [stack: 0x0000000059740000,0x0000000059840000] [id=2948]

VM state:not at safepoint (normal execution)

VM Mutex/Monitor currently owned by a thread: None

Heap:
 PSYoungGen      total 678400K, used 508518K [0x00000000d6580000, 0x00000000fff00000, 0x0000000100000000)
  eden space 676352K, 75% used [0x00000000d6580000,0x00000000f55f19b0,0x00000000ffa00000)
  from space 2048K, 7% used [0x00000000ffd00000,0x00000000ffd28000,0x00000000fff00000)
  to   space 2560K, 0% used [0x00000000ffa00000,0x00000000ffa00000,0x00000000ffc80000)
 ParOldGen       total 86016K, used 13409K [0x0000000083000000, 0x0000000088400000, 0x00000000d6580000)
  object space 86016K, 15% used [0x0000000083000000,0x0000000083d18440,0x0000000088400000)
 Metaspace       used 10717K, capacity 11397K, committed 11520K, reserved 1058816K
  class space    used 1121K, capacity 1255K, committed 1280K, reserved 1048576K

Card table byte_map: [0x0000000011bb0000,0x0000000011fa0000] byte_map_base: 0x0000000011798000

Marking Bits: (ParMarkBitMap*) 0x0000000063d2a5b0
 Begin Bits: [0x00000000127c0000, 0x0000000014700000)
 End Bits:   [0x0000000014700000, 0x0000000016640000)

Polling page: 0x0000000000130000

CodeCache: size=245760Kb used=6560Kb max_used=6562Kb free=239199Kb
 bounds [0x00000000027f0000, 0x0000000002e70000, 0x00000000117f0000]
 total_blobs=2465 nmethods=1896 adapters=482
 compilation: enabled

Compilation events (10 events):
Event: 28.802 Thread 0x00000000587a2800 nmethod 2073 0x0000000002c58ad0 code [0x0000000002c58ce0, 0x0000000002c59798]
Event: 28.820 Thread 0x00000000587a9000 nmethod 2072 0x0000000002a75ed0 code [0x0000000002a76280, 0x0000000002a77e00]
Event: 30.453 Thread 0x00000000587aa000 2074       3       java.util.Spliterators$IteratorSpliterator::tryAdvance (77 bytes)
Event: 30.453 Thread 0x00000000587aa000 nmethod 2074 0x0000000002c5d210 code [0x0000000002c5d3e0, 0x0000000002c5da78]
Event: 30.454 Thread 0x00000000587aa000 2077       3       map.CubeMap::getChunk (79 bytes)
Event: 30.454 Thread 0x00000000587aa000 nmethod 2077 0x0000000002c58010 code [0x0000000002c581e0, 0x0000000002c58788]
Event: 30.454 Thread 0x00000000587aa000 2075       3       map.CubeMap$1::hasNext (22 bytes)
Event: 30.454 Thread 0x00000000587aa000 nmethod 2075 0x0000000002c5b650 code [0x0000000002c5b7c0, 0x0000000002c5ba88]
Event: 30.454 Thread 0x00000000587aa000 2076       3       map.CubeMap$1::next (101 bytes)
Event: 30.455 Thread 0x00000000587aa000 nmethod 2076 0x0000000002c56c10 code [0x0000000002c56e60, 0x0000000002c57928]

GC Heap History (10 events):
Event: 8.695 GC heap before
{Heap before GC invocations=34 (full 0):
 PSYoungGen      total 382976K, used 378912K [0x00000000d6580000, 0x00000000faa80000, 0x0000000100000000)
  eden space 378880K, 100% used [0x00000000d6580000,0x00000000ed780000,0x00000000ed780000)
  from space 4096K, 0% used [0x00000000fa280000,0x00000000fa288000,0x00000000fa680000)
  to   space 3584K, 0% used [0x00000000fa700000,0x00000000fa700000,0x00000000faa80000)
 ParOldGen       total 86016K, used 13353K [0x0000000083000000, 0x0000000088400000, 0x00000000d6580000)
  object space 86016K, 15% used [0x0000000083000000,0x0000000083d0a440,0x0000000088400000)
 Metaspace       used 10458K, capacity 11063K, committed 11264K, reserved 1058816K
  class space    used 1092K, capacity 1232K, committed 1280K, reserved 1048576K
Event: 8.696 GC heap after
Heap after GC invocations=34 (full 0):
 PSYoungGen      total 474112K, used 32K [0x00000000d6580000, 0x00000000fa780000, 0x0000000100000000)
  eden space 473600K, 0% used [0x00000000d6580000,0x00000000d6580000,0x00000000f3400000)
  from space 512K, 6% used [0x00000000fa700000,0x00000000fa708000,0x00000000fa780000)
  to   space 3584K, 0% used [0x00000000fa080000,0x00000000fa080000,0x00000000fa400000)
 ParOldGen       total 86016K, used 13353K [0x0000000083000000, 0x0000000088400000, 0x00000000d6580000)
  object space 86016K, 15% used [0x0000000083000000,0x0000000083d0a440,0x0000000088400000)
 Metaspace       used 10458K, capacity 11063K, committed 11264K, reserved 1058816K
  class space    used 1092K, capacity 1232K, committed 1280K, reserved 1048576K
}
Event: 8.901 GC heap before
{Heap before GC invocations=35 (full 0):
 PSYoungGen      total 474112K, used 473632K [0x00000000d6580000, 0x00000000fa780000, 0x0000000100000000)
  eden space 473600K, 100% used [0x00000000d6580000,0x00000000f3400000,0x00000000f3400000)
  from space 512K, 6% used [0x00000000fa700000,0x00000000fa708000,0x00000000fa780000)
  to   space 3584K, 0% used [0x00000000fa080000,0x00000000fa080000,0x00000000fa400000)
 ParOldGen       total 86016K, used 13353K [0x0000000083000000, 0x0000000088400000, 0x00000000d6580000)
  object space 86016K, 15% used [0x0000000083000000,0x0000000083d0a440,0x0000000088400000)
 Metaspace       used 10458K, capacity 11063K, committed 11264K, reserved 1058816K
  class space    used 1092K, capacity 1232K, committed 1280K, reserved 1048576K
Event: 8.902 GC heap after
Heap after GC invocations=35 (full 0):
 PSYoungGen      total 588288K, used 96K [0x00000000d6580000, 0x00000000fae00000, 0x0000000100000000)
  eden space 584704K, 0% used [0x00000000d6580000,0x00000000d6580000,0x00000000fa080000)
  from space 3584K, 2% used [0x00000000fa080000,0x00000000fa098000,0x00000000fa400000)
  to   space 3072K, 0% used [0x00000000fab00000,0x00000000fab00000,0x00000000fae00000)
 ParOldGen       total 86016K, used 13353K [0x0000000083000000, 0x0000000088400000, 0x00000000d6580000)
  object space 86016K, 15% used [0x0000000083000000,0x0000000083d0a440,0x0000000088400000)
 Metaspace       used 10458K, capacity 11063K, committed 11264K, reserved 1058816K
  class space    used 1092K, capacity 1232K, committed 1280K, reserved 1048576K
}
Event: 9.152 GC heap before
{Heap before GC invocations=36 (full 0):
 PSYoungGen      total 588288K, used 584800K [0x00000000d6580000, 0x00000000fae00000, 0x0000000100000000)
  eden space 584704K, 100% used [0x00000000d6580000,0x00000000fa080000,0x00000000fa080000)
  from space 3584K, 2% used [0x00000000fa080000,0x00000000fa098000,0x00000000fa400000)
  to   space 3072K, 0% used [0x00000000fab00000,0x00000000fab00000,0x00000000fae00000)
 ParOldGen       total 86016K, used 13353K [0x0000000083000000, 0x0000000088400000, 0x00000000d6580000)
  object space 86016K, 15% used [0x0000000083000000,0x0000000083d0a440,0x0000000088400000)
 Metaspace       used 10458K, capacity 11063K, committed 11264K, reserved 1058816K
  class space    used 1092K, capacity 1232K, committed 1280K, reserved 1048576K
Event: 9.162 GC heap after
Heap after GC invocations=36 (full 0):
 PSYoungGen      total 595456K, used 64K [0x00000000d6580000, 0x00000000fff80000, 0x0000000100000000)
  eden space 592384K, 0% used [0x00000000d6580000,0x00000000d6580000,0x00000000fa800000)
  from space 3072K, 2% used [0x00000000fab00000,0x00000000fab10000,0x00000000fae00000)
  to   space 3072K, 0% used [0x00000000fa800000,0x00000000fa800000,0x00000000fab00000)
 ParOldGen       total 86016K, used 13353K [0x0000000083000000, 0x0000000088400000, 0x00000000d6580000)
  object space 86016K, 15% used [0x0000000083000000,0x0000000083d0a440,0x0000000088400000)
 Metaspace       used 10458K, capacity 11063K, committed 11264K, reserved 1058816K
  class space    used 1092K, capacity 1232K, committed 1280K, reserved 1048576K
}
Event: 18.892 GC heap before
{Heap before GC invocations=37 (full 0):
 PSYoungGen      total 595456K, used 592448K [0x00000000d6580000, 0x00000000fff80000, 0x0000000100000000)
  eden space 592384K, 100% used [0x00000000d6580000,0x00000000fa800000,0x00000000fa800000)
  from space 3072K, 2% used [0x00000000fab00000,0x00000000fab10000,0x00000000fae00000)
  to   space 3072K, 0% used [0x00000000fa800000,0x00000000fa800000,0x00000000fab00000)
 ParOldGen       total 86016K, used 13353K [0x0000000083000000, 0x0000000088400000, 0x00000000d6580000)
  object space 86016K, 15% used [0x0000000083000000,0x0000000083d0a440,0x0000000088400000)
 Metaspace       used 10616K, capacity 11285K, committed 11520K, reserved 1058816K
  class space    used 1104K, capacity 1245K, committed 1280K, reserved 1048576K
Event: 18.893 GC heap after
Heap after GC invocations=37 (full 0):
 PSYoungGen      total 595456K, used 160K [0x00000000d6580000, 0x0000000100000000, 0x0000000100000000)
  eden space 592384K, 0% used [0x00000000d6580000,0x00000000d6580000,0x00000000fa800000)
  from space 3072K, 5% used [0x00000000fa800000,0x00000000fa828000,0x00000000fab00000)
  to   space 3072K, 0% used [0x00000000ffd00000,0x00000000ffd00000,0x0000000100000000)
 ParOldGen       total 86016K, used 13361K [0x0000000083000000, 0x0000000088400000, 0x00000000d6580000)
  object space 86016K, 15% used [0x0000000083000000,0x0000000083d0c440,0x0000000088400000)
 Metaspace       used 10616K, capacity 11285K, committed 11520K, reserved 1058816K
  class space    used 1104K, capacity 1245K, committed 1280K, reserved 1048576K
}
Event: 30.461 GC heap before
{Heap before GC invocations=38 (full 0):
 PSYoungGen      total 595456K, used 592544K [0x00000000d6580000, 0x0000000100000000, 0x0000000100000000)
  eden space 592384K, 100% used [0x00000000d6580000,0x00000000fa800000,0x00000000fa800000)
  from space 3072K, 5% used [0x00000000fa800000,0x00000000fa828000,0x00000000fab00000)
  to   space 3072K, 0% used [0x00000000ffd00000,0x00000000ffd00000,0x0000000100000000)
 ParOldGen       total 86016K, used 13361K [0x0000000083000000, 0x0000000088400000, 0x00000000d6580000)
  object space 86016K, 15% used [0x0000000083000000,0x0000000083d0c440,0x0000000088400000)
 Metaspace       used 10717K, capacity 11397K, committed 11520K, reserved 1058816K
  class space    used 1121K, capacity 1255K, committed 1280K, reserved 1048576K
Event: 30.462 GC heap after
Heap after GC invocations=38 (full 0):
 PSYoungGen      total 678400K, used 160K [0x00000000d6580000, 0x00000000fff00000, 0x0000000100000000)
  eden space 676352K, 0% used [0x00000000d6580000,0x00000000d6580000,0x00000000ffa00000)
  from space 2048K, 7% used [0x00000000ffd00000,0x00000000ffd28000,0x00000000fff00000)
  to   space 2560K, 0% used [0x00000000ffa00000,0x00000000ffa00000,0x00000000ffc80000)
 ParOldGen       total 86016K, used 13409K [0x0000000083000000, 0x0000000088400000, 0x00000000d6580000)
  object space 86016K, 15% used [0x0000000083000000,0x0000000083d18440,0x0000000088400000)
 Metaspace       used 10717K, capacity 11397K, committed 11520K, reserved 1058816K
  class space    used 1121K, capacity 1255K, committed 1280K, reserved 1048576K
}

Deoptimization events (10 events):
Event: 22.881 Thread 0x000000000018f000 Uncommon trap: reason=bimorphic action=maybe_recompile pc=0x0000000002d1c828 method=java.util.stream.AbstractPipeline.copyInto(Ljava/util/stream/Sink;Ljava/util/Spliterator;)V @ 20
Event: 22.882 Thread 0x000000000018f000 Uncommon trap: reason=bimorphic action=maybe_recompile pc=0x0000000002cf2c08 method=java.util.stream.AbstractPipeline.wrapSink(Ljava/util/stream/Sink;)Ljava/util/stream/Sink; @ 23
Event: 24.169 Thread 0x000000000018f000 Uncommon trap: reason=class_check action=maybe_recompile pc=0x0000000002d0e954 method=java.util.stream.AbstractPipeline.copyIntoWithCancel(Ljava/util/stream/Sink;Ljava/util/Spliterator;)V @ 19
Event: 24.713 Thread 0x000000000018f000 Uncommon trap: reason=class_check action=maybe_recompile pc=0x0000000002d0e954 method=java.util.stream.AbstractPipeline.copyIntoWithCancel(Ljava/util/stream/Sink;Ljava/util/Spliterator;)V @ 19
Event: 26.338 Thread 0x000000000018f000 Uncommon trap: reason=bimorphic action=maybe_recompile pc=0x0000000002cf3b34 method=java.util.stream.AbstractPipeline.<init>(Ljava/util/stream/AbstractPipeline;I)V @ 66
Event: 26.338 Thread 0x000000000018f000 Uncommon trap: reason=bimorphic action=maybe_recompile pc=0x0000000002d1c828 method=java.util.stream.AbstractPipeline.copyInto(Ljava/util/stream/Sink;Ljava/util/Spliterator;)V @ 20
Event: 26.338 Thread 0x000000000018f000 Uncommon trap: reason=bimorphic action=maybe_recompile pc=0x0000000002cf2c08 method=java.util.stream.AbstractPipeline.wrapSink(Ljava/util/stream/Sink;)Ljava/util/stream/Sink; @ 23
Event: 26.962 Thread 0x000000000018f000 Uncommon trap: reason=bimorphic action=maybe_recompile pc=0x0000000002cf3b34 method=java.util.stream.AbstractPipeline.<init>(Ljava/util/stream/AbstractPipeline;I)V @ 66
Event: 26.963 Thread 0x000000000018f000 Uncommon trap: reason=bimorphic action=maybe_recompile pc=0x0000000002d1c828 method=java.util.stream.AbstractPipeline.copyInto(Ljava/util/stream/Sink;Ljava/util/Spliterator;)V @ 20
Event: 26.963 Thread 0x000000000018f000 Uncommon trap: reason=bimorphic action=maybe_recompile pc=0x0000000002cf2c08 method=java.util.stream.AbstractPipeline.wrapSink(Ljava/util/stream/Sink;)Ljava/util/stream/Sink; @ 23

Internal exceptions (10 events):
Event: 0.703 Thread 0x000000000018f000 Exception <a 'java/lang/NoSuchFieldError': method resolution failed> (0x00000000d6b20740) thrown at [C:\workspace\8-2-build-windows-amd64-cygwin\jdk8u65\4987\hotspot\src\share\vm\prims\methodHandles.cpp, line 1146]
Event: 0.704 Thread 0x000000000018f000 Exception <a 'java/lang/NoSuchFieldError': method resolution failed> (0x00000000d6b2da90) thrown at [C:\workspace\8-2-build-windows-amd64-cygwin\jdk8u65\4987\hotspot\src\share\vm\prims\methodHandles.cpp, line 1146]
Event: 0.730 Thread 0x000000000018f000 Exception <a 'java/security/PrivilegedActionException'> (0x00000000d6bee268) thrown at [C:\workspace\8-2-build-windows-amd64-cygwin\jdk8u65\4987\hotspot\src\share\vm\prims\jvm.cpp, line 1386]
Event: 0.730 Thread 0x000000000018f000 Exception <a 'java/security/PrivilegedActionException'> (0x00000000d6bee478) thrown at [C:\workspace\8-2-build-windows-amd64-cygwin\jdk8u65\4987\hotspot\src\share\vm\prims\jvm.cpp, line 1386]
Event: 0.730 Thread 0x000000000018f000 Exception <a 'java/security/PrivilegedActionException'> (0x00000000d6bf22c0) thrown at [C:\workspace\8-2-build-windows-amd64-cygwin\jdk8u65\4987\hotspot\src\share\vm\prims\jvm.cpp, line 1386]
Event: 0.730 Thread 0x000000000018f000 Exception <a 'java/security/PrivilegedActionException'> (0x00000000d6bf24d0) thrown at [C:\workspace\8-2-build-windows-amd64-cygwin\jdk8u65\4987\hotspot\src\share\vm\prims\jvm.cpp, line 1386]
Event: 0.734 Thread 0x000000000018f000 Exception <a 'java/io/FileNotFoundException'> (0x00000000d6bf48b8) thrown at [C:\workspace\8-2-build-windows-amd64-cygwin\jdk8u65\4987\hotspot\src\share\vm\prims\jni.cpp, line 709]
Event: 0.761 Thread 0x000000000018f000 Exception <a 'java/io/FileNotFoundException'> (0x00000000d6c36c30) thrown at [C:\workspace\8-2-build-windows-amd64-cygwin\jdk8u65\4987\hotspot\src\share\vm\prims\jni.cpp, line 709]
Event: 5.245 Thread 0x000000000018f000 Implicit null exception at 0x0000000002c39288 to 0x0000000002c39316
Event: 5.245 Thread 0x000000000018f000 Implicit null exception at 0x00000000029fb86f to 0x00000000029fb8d5

Events (10 events):
Event: 28.842 loading class sun/awt/AWTAutoShutdown$1
Event: 28.842 loading class sun/awt/AWTAutoShutdown$1 done
Event: 28.842 Executing VM operation: RevokeBias
Event: 28.842 Executing VM operation: RevokeBias done
Event: 28.842 Thread 0x00000000616dc800 Thread exited: 0x00000000616dc800
Event: 30.454 Thread 0x00000000587aa000 flushing nmethod 0x000000000298ee10
Event: 30.454 Thread 0x00000000587aa000 flushing nmethod 0x00000000029f2450
Event: 30.454 Thread 0x00000000587aa000 flushing nmethod 0x0000000002a18090
Event: 30.461 Executing VM operation: ParallelGCFailedAllocation
Event: 30.462 Executing VM operation: ParallelGCFailedAllocation done


Dynamic libraries:
0x000000013fe20000 - 0x000000013fe57000 	C:\Program Files\Java\jdk1.8.0_65\bin\java.exe
0x00000000774d0000 - 0x000000007767a000 	C:\Windows\SYSTEM32\ntdll.dll
0x00000000772b0000 - 0x00000000773cf000 	C:\Windows\system32\kernel32.dll
0x000007fefd370000 - 0x000007fefd3db000 	C:\Windows\system32\KERNELBASE.dll
0x000007feff110000 - 0x000007feff1eb000 	C:\Windows\system32\ADVAPI32.dll
0x000007fefe040000 - 0x000007fefe0df000 	C:\Windows\system32\msvcrt.dll
0x000007fefd910000 - 0x000007fefd92f000 	C:\Windows\SYSTEM32\sechost.dll
0x000007feff6b0000 - 0x000007feff7dd000 	C:\Windows\system32\RPCRT4.dll
0x00000000773d0000 - 0x00000000774ca000 	C:\Windows\system32\USER32.dll
0x000007feff430000 - 0x000007feff497000 	C:\Windows\system32\GDI32.dll
0x000007fefe0e0000 - 0x000007fefe0ee000 	C:\Windows\system32\LPK.dll
0x000007fefd930000 - 0x000007fefd9fa000 	C:\Windows\system32\USP10.dll
0x000007fefbb00000 - 0x000007fefbcf4000 	C:\Windows\WinSxS\amd64_microsoft.windows.common-controls_6595b64144ccf1df_6.0.7601.18837_none_fa3b1e3d17594757\COMCTL32.dll
0x000007feff200000 - 0x000007feff271000 	C:\Windows\system32\SHLWAPI.dll
0x000007fefd8e0000 - 0x000007fefd90e000 	C:\Windows\system32\IMM32.DLL
0x000007fefda00000 - 0x000007fefdb09000 	C:\Windows\system32\MSCTF.dll
0x0000000073230000 - 0x0000000073302000 	C:\Program Files\Java\jdk1.8.0_65\jre\bin\msvcr100.dll
0x0000000063520000 - 0x0000000063da9000 	C:\Program Files\Java\jdk1.8.0_65\jre\bin\server\jvm.dll
0x000007fef77a0000 - 0x000007fef77a9000 	C:\Windows\system32\WSOCK32.dll
0x000007fefd890000 - 0x000007fefd8dd000 	C:\Windows\system32\WS2_32.dll
0x000007feff1f0000 - 0x000007feff1f8000 	C:\Windows\system32\NSI.dll
0x000007fefa030000 - 0x000007fefa06b000 	C:\Windows\system32\WINMM.dll
0x000007fefc3b0000 - 0x000007fefc3bc000 	C:\Windows\system32\VERSION.dll
0x0000000077690000 - 0x0000000077697000 	C:\Windows\system32\PSAPI.DLL
0x00000000737e0000 - 0x00000000737ef000 	C:\Program Files\Java\jdk1.8.0_65\jre\bin\verify.dll
0x00000000737b0000 - 0x00000000737d9000 	C:\Program Files\Java\jdk1.8.0_65\jre\bin\java.dll
0x0000000073790000 - 0x00000000737a6000 	C:\Program Files\Java\jdk1.8.0_65\jre\bin\zip.dll
0x000007fefe380000 - 0x000007feff10a000 	C:\Windows\system32\SHELL32.dll
0x000007feff4a0000 - 0x000007feff6a3000 	C:\Windows\system32\ole32.dll
0x000007fefd250000 - 0x000007fefd25f000 	C:\Windows\system32\profapi.dll
0x0000000180000000 - 0x0000000180051000 	G:\OGPC 2016\OGPC 2016 Java\natives\lwjgl64.dll
0x000007fef3cb0000 - 0x000007fef3dcd000 	C:\Windows\system32\OPENGL32.dll
0x000007fef7300000 - 0x000007fef732d000 	C:\Windows\system32\GLU32.dll
0x000007fef24c0000 - 0x000007fef25b1000 	C:\Windows\system32\DDRAW.dll
0x000007fefa360000 - 0x000007fefa368000 	C:\Windows\system32\DCIMAN32.dll
0x000007fefd6b0000 - 0x000007fefd887000 	C:\Windows\system32\SETUPAPI.dll
0x000007fefd3e0000 - 0x000007fefd416000 	C:\Windows\system32\CFGMGR32.dll
0x000007fefdf60000 - 0x000007fefe038000 	C:\Windows\system32\OLEAUT32.dll
0x000007fefd270000 - 0x000007fefd28a000 	C:\Windows\system32\DEVOBJ.dll
0x000007fefa410000 - 0x000007fefa428000 	C:\Windows\system32\dwmapi.dll
0x000007fefbaa0000 - 0x000007fefbaf6000 	C:\Windows\system32\uxtheme.dll
0x00000000022b0000 - 0x00000000022f1000 	C:\Program Files (x86)\NetSupport\NetSupport School\pciappctrl64.dll
0x000007fef4f70000 - 0x000007fef5095000 	C:\Windows\system32\dbghelp.dll
0x000007fef5b70000 - 0x000007fef5b88000 	C:\Windows\system32\MPR.dll
0x00000000021f0000 - 0x0000000002215000 	C:\Program Files (x86)\Common Files\NSL\NSCommonHook64.dll
0x000007feea9e0000 - 0x000007feeb213000 	C:\Windows\system32\ig7icd64.dll
0x000007feed520000 - 0x000007feed97f000 	C:\Windows\system32\igdusc64.dll
0x000007fefc100000 - 0x000007fefc111000 	C:\Windows\system32\WTSAPI32.dll
0x000007fefd0b0000 - 0x000007fefd0bf000 	C:\Windows\system32\CRYPTBASE.dll
0x000007fef4000000 - 0x000007fef409c000 	C:\Windows\system32\mscms.dll
0x000007fefd350000 - 0x000007fefd36e000 	C:\Windows\system32\USERENV.dll
0x000007fef4710000 - 0x000007fef4752000 	C:\Windows\system32\icm32.dll
0x0000000072b90000 - 0x0000000072d28000 	C:\Program Files\Java\jdk1.8.0_65\jre\bin\awt.dll
0x000007fefa440000 - 0x000007fefa44a000 	C:\Windows\System32\drprov.dll
0x000007fefd160000 - 0x000007fefd19d000 	C:\Windows\System32\WINSTA.dll
0x000007fefa270000 - 0x000007fefa292000 	C:\Windows\System32\ntlanman.dll
0x000007fef9fe0000 - 0x000007fef9ffd000 	C:\Windows\System32\davclnt.dll
0x000007fefa480000 - 0x000007fefa48a000 	C:\Windows\System32\DAVHLPR.dll
0x0000000073580000 - 0x00000000735c7000 	C:\Program Files\Java\jdk1.8.0_65\jre\bin\fontmanager.dll
0x00000000735f0000 - 0x000000007360a000 	C:\Program Files\Java\jdk1.8.0_65\jre\bin\net.dll
0x0000000012650000 - 0x0000000012674000 	C:\Program Files (x86)\Common Files\NSL\nslsp64.dll
0x000007fefc9f0000 - 0x000007fefca45000 	C:\Windows\system32\mswsock.dll
0x000007fefc9e0000 - 0x000007fefc9e7000 	C:\Windows\System32\wship6.dll
0x00000000735d0000 - 0x00000000735e1000 	C:\Program Files\Java\jdk1.8.0_65\jre\bin\nio.dll
0x0000000071f60000 - 0x0000000071fa2000 	C:\Program Files\Java\jdk1.8.0_65\jre\bin\t2k.dll

VM Arguments:
jvm_args: -Dfile.encoding=UTF-8 -Dorg.lwjgl.opengl.Display.allowSoftwareOpenGL=true 
java_command: invisibleman.Client
java_class_path (initial): G:\OGPC 2016\OGPC 2016 Java\lib\jfxrt.jar;G:\OGPC 2016\OGPC 2016 Java\lib\jinput.jar;G:\OGPC 2016\OGPC 2016 Java\lib\lwjgl.jar;G:\OGPC 2016\OGPC 2016 Java\lib\lwjgl_util.jar;G:\OGPC 2016\OGPC 2016 Java\lib\slick-util.jar;G:\OGPC 2016\OGPC 2016 Java\lib\protonpack-1.1.jar;G:\OGPC 2016\OGPC 2016 Java\lib\Forge.jar;G:\OGPC 2016\OGPC 2016 Java\build\classes
Launcher Type: SUN_STANDARD

Environment Variables:
PATH=C:\Program Files\Common Files\Microsoft Shared\Windows Live;C:\Program Files (x86)\Common Files\Microsoft Shared\Windows Live;C:\ProgramData\Oracle\Java\javapath;C:\Windows\system32;C:\Windows;C:\Windows\System32\Wbem;C:\Windows\System32\WindowsPowerShell\v1.0\;C:\Program Files\Intel\WiFi\bin\;C:\Program Files\Common Files\Intel\WirelessCommon\;C:\Program Files (x86)\Intel\OpenCL SDK\2.0\bin\x86;C:\Program Files (x86)\Intel\OpenCL SDK\2.0\bin\x64;C:\SWTOOLS\ReadyApps;C:\Program Files (x86)\QuickTime\QTSystem\;C:\Program Files (x86)\Windows Live\Shared;C:\Program Files\Intel\WiFi\bin\;C:\Program Files\Common Files\Intel\WirelessCommon\
USERNAME=isedgewick17
OS=Windows_NT
PROCESSOR_IDENTIFIER=Intel64 Family 6 Model 58 Stepping 9, GenuineIntel



---------------  S Y S T E M  ---------------

OS: Windows 7 , 64 bit Build 7601 (6.1.7601.19160)

CPU:total 4 (2 cores per cpu, 2 threads per core) family 6 model 58 stepping 9, cmov, cx8, fxsr, mmx, sse, sse2, sse3, ssse3, sse4.1, sse4.2, popcnt, avx, clmul, erms, ht, tsc, tscinvbit, tscinv

Memory: 4k page, physical 8186072k(4944556k free), swap 16370308k(12214564k free)

vm_info: Java HotSpot(TM) 64-Bit Server VM (25.65-b01) for windows-amd64 JRE (1.8.0_65-b17), built on Oct  6 2015 16:39:20 by "java_re" with MS VC++ 10.0 (VS2010)

time: Tue Apr 19 15:04:51 2016
elapsed time: 30 seconds (0d 0h 0m 30s)

