#
# A fatal error has been detected by the Java Runtime Environment:
#
#  EXCEPTION_ACCESS_VIOLATION (0xc0000005) at pc=0x000007feeaa01f44, pid=6432, tid=3832
#
# JRE version: Java(TM) SE Runtime Environment (8.0_65-b17) (build 1.8.0_65-b17)
# Java VM: Java HotSpot(TM) 64-Bit Server VM (25.65-b01 mixed mode windows-amd64 compressed oops)
# Problematic frame:
# C  [ig7icd64.dll+0x21f44]
#
# Failed to write core dump. Minidumps are not enabled by default on client versions of Windows
#
# If you would like to submit a bug report, please visit:
#   http://bugreport.java.com/bugreport/crash.jsp
# The crash happened outside the Java Virtual Machine in native code.
# See problematic frame for where to report the bug.
#

---------------  T H R E A D  ---------------

Current thread (0x000000000015f000):  JavaThread "main" [_thread_in_native, id=3832, stack(0x0000000002460000,0x0000000002560000)]

siginfo: ExceptionCode=0xc0000005, writing address 0x00000000021ca000

Registers:
RAX=0x0000000000000001, RBX=0x000000005968e000, RCX=0x00000000021ca010, RDX=0x000000005c3f1a00
RSP=0x000000000255e3c0, RBP=0x000000005b18a360, RSI=0x000000005b18c070, RDI=0x000000005c3f1680
R8 =0x0000000000000020, R9 =0x0000000000000000, R10=0x0000000000000001, R11=0x0000000000000002
R12=0x0000000000000000, R13=0x000000005c378820, R14=0x0000000000000000, R15=0x0000000000000000
RIP=0x000007feeaa01f44, EFLAGS=0x0000000000010206

Top of Stack: (sp=0x000000000255e3c0)
0x000000000255e3c0:   0000000000000000 0000000000000000
0x000000000255e3d0:   0000000000000000 0000000000000000
0x000000000255e3e0:   0000000000000000 0000000000000000
0x000000000255e3f0:   0000000000000000 0000000000000000
0x000000000255e400:   0000000000000000 000007feeabfcc57
0x000000000255e410:   0000000000000000 0000000000000000
0x000000000255e420:   0000000000000000 0000000000000000
0x000000000255e430:   0000000000000000 0000000000000000
0x000000000255e440:   000000005c3f19f0 0000000029c00001
0x000000000255e450:   3fefae147ae147ae 0000000000000000
0x000000000255e460:   0000000059691228 0000000000000000
0x000000000255e470:   0000000059698058 000000005968e000
0x000000000255e480:   000000005c3f17e8 0000000000000000
0x000000000255e490:   000000005c3f1680 000007feeac1bbac
0x000000000255e4a0:   0000000000000001 c1da778dbfae1401
0x000000000255e4b0:   000000005c3f17e8 0000000000000000 

Instructions: (pc=0x000007feeaa01f44)
0x000007feeaa01f24:   d1 49 c1 eb 04 4d 85 db 0f 84 24 02 00 00 f3 0f
0x000007feeaa01f34:   6f 02 41 ff c2 48 83 c1 10 41 8b c2 48 83 c2 10
0x000007feeaa01f44:   f3 0f 7f 41 f0 49 3b c3 72 e4 e9 03 02 00 00 48
0x000007feeaa01f54:   89 7c 24 40 8b f9 83 e7 0f 74 68 48 89 5c 24 50 


Register to memory mapping:

RAX=0x0000000000000001 is an unknown value
RBX=0x000000005968e000 is an unknown value
RCX=0x00000000021ca010 is an unknown value
RDX=0x000000005c3f1a00 is an unknown value
RSP=0x000000000255e3c0 is pointing into the stack for thread: 0x000000000015f000
RBP=0x000000005b18a360 is an unknown value
RSI=0x000000005b18c070 is an unknown value
RDI=0x000000005c3f1680 is an unknown value
R8 =0x0000000000000020 is an unknown value
R9 =0x0000000000000000 is an unknown value
R10=0x0000000000000001 is an unknown value
R11=0x0000000000000002 is an unknown value
R12=0x0000000000000000 is an unknown value
R13=0x000000005c378820 is an unknown value
R14=0x0000000000000000 is an unknown value
R15=0x0000000000000000 is an unknown value


Stack: [0x0000000002460000,0x0000000002560000],  sp=0x000000000255e3c0,  free space=1016k
Native frames: (J=compiled Java code, j=interpreted, Vv=VM code, C=native code)
C  [ig7icd64.dll+0x21f44]
C  [ig7icd64.dll+0x21cc57]
C  [ig7icd64.dll+0x23bbac]
C  [ig7icd64.dll+0x7ee0f]
C  [ig7icd64.dll+0x2dc718]
C  [ig7icd64.dll+0x2dbe81]
C  [ig7icd64.dll+0x3ba832]
C  [ig7icd64.dll+0x4f6201]
C  [ig7icd64.dll+0x47433f]
C  [ig7icd64.dll+0x474abc]
C  0x0000000002986f4a

Java frames: (J=compiled Java code, j=interpreted, Vv=VM code)
J 1906  org.lwjgl.opengl.GL11.nglCallList(IJ)V (0 bytes) @ 0x0000000002986ec4 [0x0000000002986e80+0x44]
J 1956 C2 map.CubeMap$$Lambda$124.accept(Ljava/lang/Object;Ljava/lang/Object;)V (12 bytes) @ 0x0000000002b86508 [0x0000000002b86400+0x108]
J 2149 C2 map.Editor$$Lambda$83.run()V (4 bytes) @ 0x0000000002ddf710 [0x0000000002ddf260+0x4b0]
J 1207 C2 engine.EventStream$$Lambda$2.accept(Ljava/lang/Object;)V (12 bytes) @ 0x0000000002c3a324 [0x0000000002c3a2e0+0x44]
J 1191 C2 engine.EventStream.sendEvent()V (27 bytes) @ 0x0000000002c330cc [0x0000000002c32e40+0x28c]
J 2039 C2 java.lang.Iterable.forEach(Ljava/util/function/Consumer;)V (39 bytes) @ 0x0000000002cebd8c [0x0000000002cebc20+0x16c]
J 896% C2 engine.Core.run()V (114 bytes) @ 0x0000000002b61ae8 [0x0000000002b61a20+0xc8]
j  map.Editor.start(Ljava/lang/String;Ljava/lang/String;)V+489
j  guis.Play.recieve(Ljava/lang/String;Ljava/lang/Object;)V+254
j  gui.components.GUIButton.send()V+68
j  gui.TypingManager.compOpen(Lgui/types/GUIInputComponent;)V+24
j  gui.TypingManager.lambda$null$7()V+93
j  gui.TypingManager$$Lambda$36.run()V+0
J 1207 C2 engine.EventStream$$Lambda$2.accept(Ljava/lang/Object;)V (12 bytes) @ 0x0000000002c3a324 [0x0000000002c3a2e0+0x44]
J 1192 C2 engine.EventStream$$Lambda$34.accept(Ljava/lang/Object;)V (10 bytes) @ 0x0000000002c32aa8 [0x0000000002c32a60+0x48]
J 1122 C2 java.util.ArrayList.forEach(Ljava/util/function/Consumer;)V (75 bytes) @ 0x0000000002bf1d94 [0x0000000002bf1ce0+0xb4]
J 1071 C1 engine.Signal$$Lambda$5.accept(Ljava/lang/Object;)V (16 bytes) @ 0x0000000002bc6e2c [0x0000000002bc6680+0x7ac]
J 1192 C2 engine.EventStream$$Lambda$34.accept(Ljava/lang/Object;)V (10 bytes) @ 0x0000000002c32aa8 [0x0000000002c32a60+0x48]
J 1122 C2 java.util.ArrayList.forEach(Ljava/util/function/Consumer;)V (75 bytes) @ 0x0000000002bf1d94 [0x0000000002bf1ce0+0xb4]
J 1145 C1 engine.Input.lambda$static$45()V (417 bytes) @ 0x0000000002bffe44 [0x0000000002bfc0e0+0x3d64]
J 1144 C1 engine.Input$$Lambda$1.run()V (4 bytes) @ 0x0000000002c08d7c [0x0000000002c08d00+0x7c]
J 1207 C2 engine.EventStream$$Lambda$2.accept(Ljava/lang/Object;)V (12 bytes) @ 0x0000000002c3a324 [0x0000000002c3a2e0+0x44]
J 1192 C2 engine.EventStream$$Lambda$34.accept(Ljava/lang/Object;)V (10 bytes) @ 0x0000000002c32aa8 [0x0000000002c32a60+0x48]
J 1122 C2 java.util.ArrayList.forEach(Ljava/util/function/Consumer;)V (75 bytes) @ 0x0000000002bf1d94 [0x0000000002bf1ce0+0xb4]
J 1094 C1 engine.Core$$Lambda$50.accept(Ljava/lang/Object;)V (12 bytes) @ 0x0000000002bd4c1c [0x0000000002bd4540+0x6dc]
J 1064 C1 java.lang.Iterable.forEach(Ljava/util/function/Consumer;)V (39 bytes) @ 0x0000000002bbf23c [0x0000000002bbef60+0x2dc]
J 896% C2 engine.Core.run()V (114 bytes) @ 0x0000000002b61ab4 [0x0000000002b61a20+0x94]
j  invisibleman.Client.main([Ljava/lang/String;)V+146
v  ~StubRoutines::call_stub

---------------  P R O C E S S  ---------------

Java Threads: ( => current thread )
  0x000000005d676800 JavaThread "AWT-Windows" daemon [_thread_in_native, id=4396, stack(0x000000005e6b0000,0x000000005e7b0000)]
  0x000000005d66d800 JavaThread "Java2D Disposer" daemon [_thread_blocked, id=5044, stack(0x000000005e310000,0x000000005e410000)]
  0x00000000589f4000 JavaThread "Service Thread" daemon [_thread_blocked, id=1572, stack(0x0000000059000000,0x0000000059100000)]
  0x00000000589e2000 JavaThread "C1 CompilerThread2" daemon [_thread_blocked, id=4276, stack(0x0000000059120000,0x0000000059220000)]
  0x00000000589d1000 JavaThread "C2 CompilerThread1" daemon [_thread_blocked, id=6932, stack(0x0000000058dc0000,0x0000000058ec0000)]
  0x0000000058993000 JavaThread "C2 CompilerThread0" daemon [_thread_blocked, id=5936, stack(0x0000000058ef0000,0x0000000058ff0000)]
  0x0000000057516800 JavaThread "Attach Listener" daemon [_thread_blocked, id=6668, stack(0x0000000058780000,0x0000000058880000)]
  0x0000000057514800 JavaThread "Signal Dispatcher" daemon [_thread_blocked, id=6872, stack(0x0000000058500000,0x0000000058600000)]
  0x00000000574b5000 JavaThread "Finalizer" daemon [_thread_blocked, id=5892, stack(0x0000000058890000,0x0000000058990000)]
  0x00000000574b3800 JavaThread "Reference Handler" daemon [_thread_blocked, id=4312, stack(0x0000000058660000,0x0000000058760000)]
=>0x000000000015f000 JavaThread "main" [_thread_in_native, id=3832, stack(0x0000000002460000,0x0000000002560000)]

Other Threads:
  0x00000000574ae800 VMThread [stack: 0x00000000583e0000,0x00000000584e0000] [id=1348]
  0x0000000058a1d800 WatcherThread [stack: 0x00000000593a0000,0x00000000594a0000] [id=6816]

VM state:not at safepoint (normal execution)

VM Mutex/Monitor currently owned by a thread: None

Heap:
 PSYoungGen      total 132608K, used 58154K [0x00000000d6580000, 0x00000000f3600000, 0x0000000100000000)
  eden space 132096K, 44% used [0x00000000d6580000,0x00000000d9e42998,0x00000000de680000)
  from space 512K, 6% used [0x00000000f3500000,0x00000000f3508000,0x00000000f3580000)
  to   space 512K, 0% used [0x00000000f3580000,0x00000000f3580000,0x00000000f3600000)
 ParOldGen       total 86016K, used 12917K [0x0000000083000000, 0x0000000088400000, 0x00000000d6580000)
  object space 86016K, 15% used [0x0000000083000000,0x0000000083c9d5a0,0x0000000088400000)
 Metaspace       used 10883K, capacity 11561K, committed 11904K, reserved 1060864K
  class space    used 1132K, capacity 1293K, committed 1408K, reserved 1048576K

Card table byte_map: [0x0000000011bf0000,0x0000000011fe0000] byte_map_base: 0x00000000117d8000

Marking Bits: (ParMarkBitMap*) 0x0000000063d2a5b0
 Begin Bits: [0x00000000128b0000, 0x00000000147f0000)
 End Bits:   [0x00000000147f0000, 0x0000000016730000)

Polling page: 0x0000000000130000

CodeCache: size=245760Kb used=5927Kb max_used=6403Kb free=239832Kb
 bounds [0x0000000002830000, 0x0000000002ea0000, 0x0000000011830000]
 total_blobs=2446 nmethods=1873 adapters=485
 compilation: enabled

Compilation events (10 events):
Event: 412.484 Thread 0x00000000589e2000 2377       3       util.Mutable::<init> (10 bytes)
Event: 412.485 Thread 0x00000000589e2000 nmethod 2377 0x0000000002c1c7d0 code [0x0000000002c1c920, 0x0000000002c1caf0]
Event: 431.599 Thread 0x00000000589e2000 2378       3       map.CubeMap::rayCastStream (15 bytes)
Event: 431.600 Thread 0x00000000589e2000 nmethod 2378 0x0000000002e65010 code [0x0000000002e65280, 0x0000000002e66248]
Event: 431.600 Thread 0x00000000589e2000 2379       3       map.CubeMap::rayCast (15 bytes)
Event: 431.600 Thread 0x00000000589e2000 nmethod 2379 0x0000000002cf0290 code [0x0000000002cf0460, 0x0000000002cf0bf0]
Event: 431.600 Thread 0x00000000589e2000 2380       3       java.util.Optional::ifPresent (18 bytes)
Event: 431.600 Thread 0x00000000589e2000 nmethod 2380 0x0000000002e636d0 code [0x0000000002e63840, 0x0000000002e63aa8]
Event: 448.617 Thread 0x00000000589d1000 2381       4       map.Editor$$Lambda$134/106374177::accept (20 bytes)
Event: 448.624 Thread 0x00000000589d1000 nmethod 2381 0x0000000002beb850 code [0x0000000002beba40, 0x0000000002bec108]

GC Heap History (10 events):
Event: 448.805 GC heap before
{Heap before GC invocations=233 (full 0):
 PSYoungGen      total 129024K, used 128544K [0x00000000d6580000, 0x00000000f3600000, 0x0000000100000000)
  eden space 128512K, 100% used [0x00000000d6580000,0x00000000de300000,0x00000000de300000)
  from space 512K, 6% used [0x00000000f3580000,0x00000000f3588000,0x00000000f3600000)
  to   space 512K, 0% used [0x00000000f3500000,0x00000000f3500000,0x00000000f3580000)
 ParOldGen       total 86016K, used 12917K [0x0000000083000000, 0x0000000088400000, 0x00000000d6580000)
  object space 86016K, 15% used [0x0000000083000000,0x0000000083c9d5a0,0x0000000088400000)
 Metaspace       used 10883K, capacity 11561K, committed 11904K, reserved 1060864K
  class space    used 1132K, capacity 1293K, committed 1408K, reserved 1048576K
Event: 448.806 GC heap after
Heap after GC invocations=233 (full 0):
 PSYoungGen      total 123904K, used 32K [0x00000000d6580000, 0x00000000f3600000, 0x0000000100000000)
  eden space 123392K, 0% used [0x00000000d6580000,0x00000000d6580000,0x00000000dde00000)
  from space 512K, 6% used [0x00000000f3500000,0x00000000f3508000,0x00000000f3580000)
  to   space 512K, 0% used [0x00000000f3580000,0x00000000f3580000,0x00000000f3600000)
 ParOldGen       total 86016K, used 12917K [0x0000000083000000, 0x0000000088400000, 0x00000000d6580000)
  object space 86016K, 15% used [0x0000000083000000,0x0000000083c9d5a0,0x0000000088400000)
 Metaspace       used 10883K, capacity 11561K, committed 11904K, reserved 1060864K
  class space    used 1132K, capacity 1293K, committed 1408K, reserved 1048576K
}
Event: 448.850 GC heap before
{Heap before GC invocations=234 (full 0):
 PSYoungGen      total 123904K, used 123424K [0x00000000d6580000, 0x00000000f3600000, 0x0000000100000000)
  eden space 123392K, 100% used [0x00000000d6580000,0x00000000dde00000,0x00000000dde00000)
  from space 512K, 6% used [0x00000000f3500000,0x00000000f3508000,0x00000000f3580000)
  to   space 512K, 0% used [0x00000000f3580000,0x00000000f3580000,0x00000000f3600000)
 ParOldGen       total 86016K, used 12917K [0x0000000083000000, 0x0000000088400000, 0x00000000d6580000)
  object space 86016K, 15% used [0x0000000083000000,0x0000000083c9d5a0,0x0000000088400000)
 Metaspace       used 10883K, capacity 11561K, committed 11904K, reserved 1060864K
  class space    used 1132K, capacity 1293K, committed 1408K, reserved 1048576K
Event: 448.851 GC heap after
Heap after GC invocations=234 (full 0):
 PSYoungGen      total 148992K, used 32K [0x00000000d6580000, 0x00000000f3600000, 0x0000000100000000)
  eden space 148480K, 0% used [0x00000000d6580000,0x00000000d6580000,0x00000000df680000)
  from space 512K, 6% used [0x00000000f3580000,0x00000000f3588000,0x00000000f3600000)
  to   space 512K, 0% used [0x00000000f3500000,0x00000000f3500000,0x00000000f3580000)
 ParOldGen       total 86016K, used 12917K [0x0000000083000000, 0x0000000088400000, 0x00000000d6580000)
  object space 86016K, 15% used [0x0000000083000000,0x0000000083c9d5a0,0x0000000088400000)
 Metaspace       used 10883K, capacity 11561K, committed 11904K, reserved 1060864K
  class space    used 1132K, capacity 1293K, committed 1408K, reserved 1048576K
}
Event: 448.905 GC heap before
{Heap before GC invocations=235 (full 0):
 PSYoungGen      total 148992K, used 148512K [0x00000000d6580000, 0x00000000f3600000, 0x0000000100000000)
  eden space 148480K, 100% used [0x00000000d6580000,0x00000000df680000,0x00000000df680000)
  from space 512K, 6% used [0x00000000f3580000,0x00000000f3588000,0x00000000f3600000)
  to   space 512K, 0% used [0x00000000f3500000,0x00000000f3500000,0x00000000f3580000)
 ParOldGen       total 86016K, used 12917K [0x0000000083000000, 0x0000000088400000, 0x00000000d6580000)
  object space 86016K, 15% used [0x0000000083000000,0x0000000083c9d5a0,0x0000000088400000)
 Metaspace       used 10883K, capacity 11561K, committed 11904K, reserved 1060864K
  class space    used 1132K, capacity 1293K, committed 1408K, reserved 1048576K
Event: 448.906 GC heap after
Heap after GC invocations=235 (full 0):
 PSYoungGen      total 143360K, used 32K [0x00000000d6580000, 0x00000000f3600000, 0x0000000100000000)
  eden space 142848K, 0% used [0x00000000d6580000,0x00000000d6580000,0x00000000df100000)
  from space 512K, 6% used [0x00000000f3500000,0x00000000f3508000,0x00000000f3580000)
  to   space 512K, 0% used [0x00000000f3580000,0x00000000f3580000,0x00000000f3600000)
 ParOldGen       total 86016K, used 12917K [0x0000000083000000, 0x0000000088400000, 0x00000000d6580000)
  object space 86016K, 15% used [0x0000000083000000,0x0000000083c9d5a0,0x0000000088400000)
 Metaspace       used 10883K, capacity 11561K, committed 11904K, reserved 1060864K
  class space    used 1132K, capacity 1293K, committed 1408K, reserved 1048576K
}
Event: 448.957 GC heap before
{Heap before GC invocations=236 (full 0):
 PSYoungGen      total 143360K, used 142880K [0x00000000d6580000, 0x00000000f3600000, 0x0000000100000000)
  eden space 142848K, 100% used [0x00000000d6580000,0x00000000df100000,0x00000000df100000)
  from space 512K, 6% used [0x00000000f3500000,0x00000000f3508000,0x00000000f3580000)
  to   space 512K, 0% used [0x00000000f3580000,0x00000000f3580000,0x00000000f3600000)
 ParOldGen       total 86016K, used 12917K [0x0000000083000000, 0x0000000088400000, 0x00000000d6580000)
  object space 86016K, 15% used [0x0000000083000000,0x0000000083c9d5a0,0x0000000088400000)
 Metaspace       used 10883K, capacity 11561K, committed 11904K, reserved 1060864K
  class space    used 1132K, capacity 1293K, committed 1408K, reserved 1048576K
Event: 448.957 GC heap after
Heap after GC invocations=236 (full 0):
 PSYoungGen      total 137728K, used 32K [0x00000000d6580000, 0x00000000f3600000, 0x0000000100000000)
  eden space 137216K, 0% used [0x00000000d6580000,0x00000000d6580000,0x00000000deb80000)
  from space 512K, 6% used [0x00000000f3580000,0x00000000f3588000,0x00000000f3600000)
  to   space 512K, 0% used [0x00000000f3500000,0x00000000f3500000,0x00000000f3580000)
 ParOldGen       total 86016K, used 12917K [0x0000000083000000, 0x0000000088400000, 0x00000000d6580000)
  object space 86016K, 15% used [0x0000000083000000,0x0000000083c9d5a0,0x0000000088400000)
 Metaspace       used 10883K, capacity 11561K, committed 11904K, reserved 1060864K
  class space    used 1132K, capacity 1293K, committed 1408K, reserved 1048576K
}
Event: 449.006 GC heap before
{Heap before GC invocations=237 (full 0):
 PSYoungGen      total 137728K, used 137248K [0x00000000d6580000, 0x00000000f3600000, 0x0000000100000000)
  eden space 137216K, 100% used [0x00000000d6580000,0x00000000deb80000,0x00000000deb80000)
  from space 512K, 6% used [0x00000000f3580000,0x00000000f3588000,0x00000000f3600000)
  to   space 512K, 0% used [0x00000000f3500000,0x00000000f3500000,0x00000000f3580000)
 ParOldGen       total 86016K, used 12917K [0x0000000083000000, 0x0000000088400000, 0x00000000d6580000)
  object space 86016K, 15% used [0x0000000083000000,0x0000000083c9d5a0,0x0000000088400000)
 Metaspace       used 10883K, capacity 11561K, committed 11904K, reserved 1060864K
  class space    used 1132K, capacity 1293K, committed 1408K, reserved 1048576K
Event: 449.007 GC heap after
Heap after GC invocations=237 (full 0):
 PSYoungGen      total 132608K, used 32K [0x00000000d6580000, 0x00000000f3600000, 0x0000000100000000)
  eden space 132096K, 0% used [0x00000000d6580000,0x00000000d6580000,0x00000000de680000)
  from space 512K, 6% used [0x00000000f3500000,0x00000000f3508000,0x00000000f3580000)
  to   space 512K, 0% used [0x00000000f3580000,0x00000000f3580000,0x00000000f3600000)
 ParOldGen       total 86016K, used 12917K [0x0000000083000000, 0x0000000088400000, 0x00000000d6580000)
  object space 86016K, 15% used [0x0000000083000000,0x0000000083c9d5a0,0x0000000088400000)
 Metaspace       used 10883K, capacity 11561K, committed 11904K, reserved 1060864K
  class space    used 1132K, capacity 1293K, committed 1408K, reserved 1048576K
}

Deoptimization events (10 events):
Event: 102.555 Thread 0x000000000015f000 Uncommon trap: reason=unstable_if action=reinterpret pc=0x0000000002940b80 method=java.lang.StrictMath.floorOrCeil(DDDD)D @ 14
Event: 102.555 Thread 0x000000000015f000 Uncommon trap: reason=unstable_if action=reinterpret pc=0x0000000002e6585c method=java.util.stream.ReferencePipeline.forEachWithCancel(Ljava/util/Spliterator;Ljava/util/stream/Sink;)V @ 16
Event: 102.555 Thread 0x000000000015f000 Uncommon trap: reason=unstable_if action=reinterpret pc=0x0000000002941678 method=java.util.stream.FindOps$FindSink$OfRef.get()Ljava/util/Optional; @ 4
Event: 102.805 Thread 0x000000000015f000 Uncommon trap: reason=class_check action=maybe_recompile pc=0x0000000002db92fc method=java.util.stream.AbstractPipeline.copyIntoWithCancel(Ljava/util/stream/Sink;Ljava/util/Spliterator;)V @ 19
Event: 103.260 Thread 0x000000000015f000 Uncommon trap: reason=unstable_if action=reinterpret pc=0x0000000002d99d08 method=java.util.stream.FindOps$FindSink$OfRef.get()Ljava/util/Optional; @ 4
Event: 155.061 Thread 0x000000000015f000 Uncommon trap: reason=bimorphic action=maybe_recompile pc=0x0000000002c8abcc method=engine.Signal.edit(Ljava/util/function/UnaryOperator;)V @ 6
Event: 157.821 Thread 0x000000000015f000 Uncommon trap: reason=bimorphic action=maybe_recompile pc=0x0000000002c8abcc method=engine.Signal.edit(Ljava/util/function/UnaryOperator;)V @ 6
Event: 197.632 Thread 0x000000000015f000 Uncommon trap: reason=bimorphic action=maybe_recompile pc=0x0000000002c8abcc method=engine.Signal.edit(Ljava/util/function/UnaryOperator;)V @ 6
Event: 198.638 Thread 0x000000000015f000 Uncommon trap: reason=unstable_if action=reinterpret pc=0x0000000002cf67dc method=map.Editor.lambda$start$169(Lutil/Mutable;)V @ 272
Event: 202.321 Thread 0x000000000015f000 Uncommon trap: reason=bimorphic action=maybe_recompile pc=0x0000000002c8abcc method=engine.Signal.edit(Ljava/util/function/UnaryOperator;)V @ 6

Internal exceptions (10 events):
Event: 18.005 Thread 0x000000000015f000 Exception <a 'java/io/FileNotFoundException'> (0x00000000d6825bf8) thrown at [C:\workspace\8-2-build-windows-amd64-cygwin\jdk8u65\4987\hotspot\src\share\vm\prims\jni.cpp, line 709]
Event: 18.009 Thread 0x000000000015f000 Exception <a 'java/io/FileNotFoundException'> (0x00000000d6829ae8) thrown at [C:\workspace\8-2-build-windows-amd64-cygwin\jdk8u65\4987\hotspot\src\share\vm\prims\jni.cpp, line 709]
Event: 80.569 Thread 0x000000000015f000 Exception <a 'java/io/FileNotFoundException'> (0x00000000df91e2a8) thrown at [C:\workspace\8-2-build-windows-amd64-cygwin\jdk8u65\4987\hotspot\src\share\vm\prims\jni.cpp, line 709]
Event: 140.742 Thread 0x000000000015f000 Exception <a 'java/io/FileNotFoundException'> (0x00000000d8f9d3f8) thrown at [C:\workspace\8-2-build-windows-amd64-cygwin\jdk8u65\4987\hotspot\src\share\vm\prims\jni.cpp, line 709]
Event: 200.778 Thread 0x000000000015f000 Exception <a 'java/io/FileNotFoundException'> (0x00000000d791cb28) thrown at [C:\workspace\8-2-build-windows-amd64-cygwin\jdk8u65\4987\hotspot\src\share\vm\prims\jni.cpp, line 709]
Event: 260.799 Thread 0x000000000015f000 Exception <a 'java/io/FileNotFoundException'> (0x00000000d71e2638) thrown at [C:\workspace\8-2-build-windows-amd64-cygwin\jdk8u65\4987\hotspot\src\share\vm\prims\jni.cpp, line 709]
Event: 320.834 Thread 0x000000000015f000 Exception <a 'java/io/FileNotFoundException'> (0x00000000d80c1570) thrown at [C:\workspace\8-2-build-windows-amd64-cygwin\jdk8u65\4987\hotspot\src\share\vm\prims\jni.cpp, line 709]
Event: 321.903 Thread 0x000000000015f000 Exception <a 'java/io/FileNotFoundException'> (0x00000000d65b73f0) thrown at [C:\workspace\8-2-build-windows-amd64-cygwin\jdk8u65\4987\hotspot\src\share\vm\prims\jni.cpp, line 709]
Event: 380.935 Thread 0x000000000015f000 Exception <a 'java/io/FileNotFoundException'> (0x00000000d85a7798) thrown at [C:\workspace\8-2-build-windows-amd64-cygwin\jdk8u65\4987\hotspot\src\share\vm\prims\jni.cpp, line 709]
Event: 440.963 Thread 0x000000000015f000 Exception <a 'java/io/FileNotFoundException'> (0x00000000d8f7cc58) thrown at [C:\workspace\8-2-build-windows-amd64-cygwin\jdk8u65\4987\hotspot\src\share\vm\prims\jni.cpp, line 709]

Events (10 events):
Event: 448.805 Executing VM operation: ParallelGCFailedAllocation
Event: 448.806 Executing VM operation: ParallelGCFailedAllocation done
Event: 448.850 Executing VM operation: ParallelGCFailedAllocation
Event: 448.851 Executing VM operation: ParallelGCFailedAllocation done
Event: 448.905 Executing VM operation: ParallelGCFailedAllocation
Event: 448.906 Executing VM operation: ParallelGCFailedAllocation done
Event: 448.957 Executing VM operation: ParallelGCFailedAllocation
Event: 448.957 Executing VM operation: ParallelGCFailedAllocation done
Event: 449.006 Executing VM operation: ParallelGCFailedAllocation
Event: 449.007 Executing VM operation: ParallelGCFailedAllocation done


Dynamic libraries:
0x000000013f500000 - 0x000000013f537000 	C:\Program Files\Java\jdk1.8.0_65\bin\java.exe
0x00000000774d0000 - 0x000000007767a000 	C:\Windows\SYSTEM32\ntdll.dll
0x00000000772b0000 - 0x00000000773cf000 	C:\Windows\system32\kernel32.dll
0x000007fefd370000 - 0x000007fefd3db000 	C:\Windows\system32\KERNELBASE.dll
0x000007feff110000 - 0x000007feff1eb000 	C:\Windows\system32\ADVAPI32.dll
0x000007fefe040000 - 0x000007fefe0df000 	C:\Windows\system32\msvcrt.dll
0x000007fefd910000 - 0x000007fefd92f000 	C:\Windows\SYSTEM32\sechost.dll
0x000007feff6b0000 - 0x000007feff7dd000 	C:\Windows\system32\RPCRT4.dll
0x00000000773d0000 - 0x00000000774ca000 	C:\Windows\system32\USER32.dll
0x000007feff430000 - 0x000007feff497000 	C:\Windows\system32\GDI32.dll
0x000007fefe0e0000 - 0x000007fefe0ee000 	C:\Windows\system32\LPK.dll
0x000007fefd930000 - 0x000007fefd9fa000 	C:\Windows\system32\USP10.dll
0x000007fefbb00000 - 0x000007fefbcf4000 	C:\Windows\WinSxS\amd64_microsoft.windows.common-controls_6595b64144ccf1df_6.0.7601.18837_none_fa3b1e3d17594757\COMCTL32.dll
0x000007feff200000 - 0x000007feff271000 	C:\Windows\system32\SHLWAPI.dll
0x000007fefd8e0000 - 0x000007fefd90e000 	C:\Windows\system32\IMM32.DLL
0x000007fefda00000 - 0x000007fefdb09000 	C:\Windows\system32\MSCTF.dll
0x0000000073230000 - 0x0000000073302000 	C:\Program Files\Java\jdk1.8.0_65\jre\bin\msvcr100.dll
0x0000000063520000 - 0x0000000063da9000 	C:\Program Files\Java\jdk1.8.0_65\jre\bin\server\jvm.dll
0x000007fef77a0000 - 0x000007fef77a9000 	C:\Windows\system32\WSOCK32.dll
0x000007fefd890000 - 0x000007fefd8dd000 	C:\Windows\system32\WS2_32.dll
0x000007feff1f0000 - 0x000007feff1f8000 	C:\Windows\system32\NSI.dll
0x000007fefa030000 - 0x000007fefa06b000 	C:\Windows\system32\WINMM.dll
0x000007fefc3b0000 - 0x000007fefc3bc000 	C:\Windows\system32\VERSION.dll
0x0000000077690000 - 0x0000000077697000 	C:\Windows\system32\PSAPI.DLL
0x00000000737e0000 - 0x00000000737ef000 	C:\Program Files\Java\jdk1.8.0_65\jre\bin\verify.dll
0x00000000737b0000 - 0x00000000737d9000 	C:\Program Files\Java\jdk1.8.0_65\jre\bin\java.dll
0x0000000073790000 - 0x00000000737a6000 	C:\Program Files\Java\jdk1.8.0_65\jre\bin\zip.dll
0x000007fefe380000 - 0x000007feff10a000 	C:\Windows\system32\SHELL32.dll
0x000007feff4a0000 - 0x000007feff6a3000 	C:\Windows\system32\ole32.dll
0x000007fefd250000 - 0x000007fefd25f000 	C:\Windows\system32\profapi.dll
0x0000000180000000 - 0x0000000180051000 	G:\OGPC 2016\OGPC 2016 Java\natives\lwjgl64.dll
0x000007fef3cb0000 - 0x000007fef3dcd000 	C:\Windows\system32\OPENGL32.dll
0x000007fef7300000 - 0x000007fef732d000 	C:\Windows\system32\GLU32.dll
0x000007fef24c0000 - 0x000007fef25b1000 	C:\Windows\system32\DDRAW.dll
0x000007fefa360000 - 0x000007fefa368000 	C:\Windows\system32\DCIMAN32.dll
0x000007fefd6b0000 - 0x000007fefd887000 	C:\Windows\system32\SETUPAPI.dll
0x000007fefd3e0000 - 0x000007fefd416000 	C:\Windows\system32\CFGMGR32.dll
0x000007fefdf60000 - 0x000007fefe038000 	C:\Windows\system32\OLEAUT32.dll
0x000007fefd270000 - 0x000007fefd28a000 	C:\Windows\system32\DEVOBJ.dll
0x000007fefa410000 - 0x000007fefa428000 	C:\Windows\system32\dwmapi.dll
0x000007fefbaa0000 - 0x000007fefbaf6000 	C:\Windows\system32\uxtheme.dll
0x00000000003f0000 - 0x0000000000431000 	C:\Program Files (x86)\NetSupport\NetSupport School\pciappctrl64.dll
0x000007fef4f70000 - 0x000007fef5095000 	C:\Windows\system32\dbghelp.dll
0x000007fef5b70000 - 0x000007fef5b88000 	C:\Windows\system32\MPR.dll
0x0000000000440000 - 0x0000000000465000 	C:\Program Files (x86)\Common Files\NSL\NSCommonHook64.dll
0x000007feea9e0000 - 0x000007feeb213000 	C:\Windows\system32\ig7icd64.dll
0x000007feed520000 - 0x000007feed97f000 	C:\Windows\system32\igdusc64.dll
0x000007fefc100000 - 0x000007fefc111000 	C:\Windows\system32\WTSAPI32.dll
0x000007fefd0b0000 - 0x000007fefd0bf000 	C:\Windows\system32\CRYPTBASE.dll
0x000007feea8a0000 - 0x000007feea93c000 	C:\Windows\system32\mscms.dll
0x000007fefd350000 - 0x000007fefd36e000 	C:\Windows\system32\USERENV.dll
0x000007feedc70000 - 0x000007feedcb2000 	C:\Windows\system32\icm32.dll
0x0000000072b90000 - 0x0000000072d28000 	C:\Program Files\Java\jdk1.8.0_65\jre\bin\awt.dll
0x000007fefa440000 - 0x000007fefa44a000 	C:\Windows\System32\drprov.dll
0x000007fefd160000 - 0x000007fefd19d000 	C:\Windows\System32\WINSTA.dll
0x000007fefa270000 - 0x000007fefa292000 	C:\Windows\System32\ntlanman.dll
0x000007fef9fe0000 - 0x000007fef9ffd000 	C:\Windows\System32\davclnt.dll
0x000007fefa480000 - 0x000007fefa48a000 	C:\Windows\System32\DAVHLPR.dll
0x0000000073580000 - 0x00000000735c7000 	C:\Program Files\Java\jdk1.8.0_65\jre\bin\fontmanager.dll
0x00000000735f0000 - 0x000000007360a000 	C:\Program Files\Java\jdk1.8.0_65\jre\bin\net.dll
0x0000000002430000 - 0x0000000002454000 	C:\Program Files (x86)\Common Files\NSL\nslsp64.dll
0x000007fefc9f0000 - 0x000007fefca45000 	C:\Windows\system32\mswsock.dll
0x000007fefc9e0000 - 0x000007fefc9e7000 	C:\Windows\System32\wship6.dll
0x00000000735d0000 - 0x00000000735e1000 	C:\Program Files\Java\jdk1.8.0_65\jre\bin\nio.dll
0x0000000071f60000 - 0x0000000071fa2000 	C:\Program Files\Java\jdk1.8.0_65\jre\bin\t2k.dll

VM Arguments:
jvm_args: -Dfile.encoding=UTF-8 -Dorg.lwjgl.opengl.Display.allowSoftwareOpenGL=true 
java_command: invisibleman.Client
java_class_path (initial): G:\OGPC 2016\OGPC 2016 Java\lib\jfxrt.jar;G:\OGPC 2016\OGPC 2016 Java\lib\jinput.jar;G:\OGPC 2016\OGPC 2016 Java\lib\lwjgl.jar;G:\OGPC 2016\OGPC 2016 Java\lib\lwjgl_util.jar;G:\OGPC 2016\OGPC 2016 Java\lib\slick-util.jar;G:\OGPC 2016\OGPC 2016 Java\lib\protonpack-1.1.jar;G:\OGPC 2016\OGPC 2016 Java\lib\Forge.jar;G:\OGPC 2016\OGPC 2016 Java\build\classes
Launcher Type: SUN_STANDARD

Environment Variables:
PATH=C:\Program Files\Common Files\Microsoft Shared\Windows Live;C:\Program Files (x86)\Common Files\Microsoft Shared\Windows Live;C:\ProgramData\Oracle\Java\javapath;C:\Windows\system32;C:\Windows;C:\Windows\System32\Wbem;C:\Windows\System32\WindowsPowerShell\v1.0\;C:\Program Files\Intel\WiFi\bin\;C:\Program Files\Common Files\Intel\WirelessCommon\;C:\Program Files (x86)\Intel\OpenCL SDK\2.0\bin\x86;C:\Program Files (x86)\Intel\OpenCL SDK\2.0\bin\x64;C:\SWTOOLS\ReadyApps;C:\Program Files (x86)\QuickTime\QTSystem\;C:\Program Files (x86)\Windows Live\Shared;C:\Program Files\Intel\WiFi\bin\;C:\Program Files\Common Files\Intel\WirelessCommon\
USERNAME=isedgewick17
OS=Windows_NT
PROCESSOR_IDENTIFIER=Intel64 Family 6 Model 58 Stepping 9, GenuineIntel



---------------  S Y S T E M  ---------------

OS: Windows 7 , 64 bit Build 7601 (6.1.7601.19160)

CPU:total 4 (2 cores per cpu, 2 threads per core) family 6 model 58 stepping 9, cmov, cx8, fxsr, mmx, sse, sse2, sse3, ssse3, sse4.1, sse4.2, popcnt, avx, clmul, erms, ht, tsc, tscinvbit, tscinv

Memory: 4k page, physical 8186072k(5231884k free), swap 16370308k(12473596k free)

vm_info: Java HotSpot(TM) 64-Bit Server VM (25.65-b01) for windows-amd64 JRE (1.8.0_65-b17), built on Oct  6 2015 16:39:20 by "java_re" with MS VC++ 10.0 (VS2010)

time: Tue Apr 19 14:44:18 2016
elapsed time: 449 seconds (0d 0h 7m 29s)

