#
# A fatal error has been detected by the Java Runtime Environment:
#
#  EXCEPTION_ACCESS_VIOLATION (0xc0000005) at pc=0x000007feeaa01f44, pid=2052, tid=1036
#
# JRE version: Java(TM) SE Runtime Environment (8.0_65-b17) (build 1.8.0_65-b17)
# Java VM: Java HotSpot(TM) 64-Bit Server VM (25.65-b01 mixed mode windows-amd64 compressed oops)
# Problematic frame:
# C  [ig7icd64.dll+0x21f44]
#
# Failed to write core dump. Minidumps are not enabled by default on client versions of Windows
#
# If you would like to submit a bug report, please visit:
#   http://bugreport.java.com/bugreport/crash.jsp
# The crash happened outside the Java Virtual Machine in native code.
# See problematic frame for where to report the bug.
#

---------------  T H R E A D  ---------------

Current thread (0x000000000241f000):  JavaThread "main" [_thread_in_native, id=1036, stack(0x00000000025f0000,0x00000000026f0000)]

siginfo: ExceptionCode=0xc0000005, writing address 0x0000000001e0a000

Registers:
RAX=0x0000000000000001, RBX=0x0000000059c6e000, RCX=0x0000000001e0a010, RDX=0x000000005c813760
RSP=0x00000000026ee2e0, RBP=0x0000000059cf1f50, RSI=0x0000000059cf3c60, RDI=0x000000005c8133e0
R8 =0x0000000000000020, R9 =0x0000000000000000, R10=0x0000000000000001, R11=0x0000000000000002
R12=0x0000000000000000, R13=0x000000005c7ef430, R14=0x0000000000000000, R15=0x0000000000000000
RIP=0x000007feeaa01f44, EFLAGS=0x0000000000010206

Top of Stack: (sp=0x00000000026ee2e0)
0x00000000026ee2e0:   0000000057167c28 0000000000000000
0x00000000026ee2f0:   000000005715b370 0000000000000000
0x00000000026ee300:   00000000026ee328 00000000026ee378
0x00000000026ee310:   00000000029c7cc1 0000000083939890
0x00000000026ee320:   0000000059ceabe0 000007feeabfcc57
0x00000000026ee330:   0000000059c6e000 c20a0000bfae14ca
0x00000000026ee340:   c29e0326c211e98c 000000003fae0be2
0x00000000026ee350:   0000000000000001 000007feeac1bbd3
0x00000000026ee360:   000000005c813750 0000000000000000
0x00000000026ee370:   c054000000000000 0000000000000000
0x00000000026ee380:   000000005c8a59d0 0000000059cd9470
0x00000000026ee390:   000000005c813548 000000005c8133e0
0x00000000026ee3a0:   0000000000000001 000000005c873a50
0x00000000026ee3b0:   0000000059c6e000 000007feeac34e78
0x00000000026ee3c0:   0000000000000002 000000005c873d01
0x00000000026ee3d0:   000000005c813548 0000000000000000 

Instructions: (pc=0x000007feeaa01f44)
0x000007feeaa01f24:   d1 49 c1 eb 04 4d 85 db 0f 84 24 02 00 00 f3 0f
0x000007feeaa01f34:   6f 02 41 ff c2 48 83 c1 10 41 8b c2 48 83 c2 10
0x000007feeaa01f44:   f3 0f 7f 41 f0 49 3b c3 72 e4 e9 03 02 00 00 48
0x000007feeaa01f54:   89 7c 24 40 8b f9 83 e7 0f 74 68 48 89 5c 24 50 


Register to memory mapping:

RAX=0x0000000000000001 is an unknown value
RBX=0x0000000059c6e000 is an unknown value
RCX=0x0000000001e0a010 is an unknown value
RDX=0x000000005c813760 is an unknown value
RSP=0x00000000026ee2e0 is pointing into the stack for thread: 0x000000000241f000
RBP=0x0000000059cf1f50 is an unknown value
RSI=0x0000000059cf3c60 is an unknown value
RDI=0x000000005c8133e0 is an unknown value
R8 =0x0000000000000020 is an unknown value
R9 =0x0000000000000000 is an unknown value
R10=0x0000000000000001 is an unknown value
R11=0x0000000000000002 is an unknown value
R12=0x0000000000000000 is an unknown value
R13=0x000000005c7ef430 is an unknown value
R14=0x0000000000000000 is an unknown value
R15=0x0000000000000000 is an unknown value


Stack: [0x00000000025f0000,0x00000000026f0000],  sp=0x00000000026ee2e0,  free space=1016k
Native frames: (J=compiled Java code, j=interpreted, Vv=VM code, C=native code)
C  [ig7icd64.dll+0x21f44]
C  [ig7icd64.dll+0x21cc57]
C  [ig7icd64.dll+0x254e78]
C  [ig7icd64.dll+0x1fe146]
C  [ig7icd64.dll+0x156d58]
C  [ig7icd64.dll+0x2dc07c]
C  [ig7icd64.dll+0x3ba832]
C  [ig7icd64.dll+0x4f6201]
C  [ig7icd64.dll+0x47433f]
C  [ig7icd64.dll+0x474abc]
C  0x0000000002bba34a

Java frames: (J=compiled Java code, j=interpreted, Vv=VM code)
J 1795  org.lwjgl.opengl.GL11.nglCallList(IJ)V (0 bytes) @ 0x0000000002bba2c4 [0x0000000002bba280+0x44]
J 1902 C2 map.CubeMap$$Lambda$124.accept(Ljava/lang/Object;Ljava/lang/Object;)V (12 bytes) @ 0x00000000030258c8 [0x00000000030257c0+0x108]
J 1757 C2 util.Util$$Lambda$66.accept(Ljava/lang/Object;)V (20 bytes) @ 0x0000000002f71b30 [0x0000000002f71ac0+0x70]
J 1538 C2 util.Util.forRange(IILjava/util/function/Consumer;)V (24 bytes) @ 0x0000000002ec1390 [0x0000000002ec1320+0x70]
J 1960 C1 map.CubeMap.drawAll()V (49 bytes) @ 0x0000000002bf77dc [0x0000000002bf65a0+0x123c]
J 1958 C1 map.Editor$$Lambda$83.run()V (4 bytes) @ 0x0000000002c08a7c [0x0000000002c089c0+0xbc]
J 1973 C2 engine.EventStream$$Lambda$2.accept(Ljava/lang/Object;)V (12 bytes) @ 0x0000000002d912e4 [0x0000000002d912a0+0x44]
J 1880 C2 engine.EventStream$$Lambda$34.accept(Ljava/lang/Object;)V (10 bytes) @ 0x0000000003009ba8 [0x0000000003009b60+0x48]
J 1434 C2 java.util.ArrayList.forEach(Ljava/util/function/Consumer;)V (75 bytes) @ 0x0000000002e53014 [0x0000000002e52f60+0xb4]
J 1047 C1 engine.Core$$Lambda$54.accept(Ljava/lang/Object;)V (8 bytes) @ 0x0000000002d413d4 [0x0000000002d40f80+0x454]
J 1017 C1 java.lang.Iterable.forEach(Ljava/util/function/Consumer;)V (39 bytes) @ 0x0000000002d287bc [0x0000000002d284e0+0x2dc]
J 897% C2 engine.Core.run()V (114 bytes) @ 0x0000000002cea928 [0x0000000002cea860+0xc8]
j  map.Editor.start(Ljava/lang/String;Ljava/lang/String;)V+489
j  guis.Play.recieve(Ljava/lang/String;Ljava/lang/Object;)V+295
j  gui.components.GUIButton.send()V+68
j  gui.TypingManager.compOpen(Lgui/types/GUIInputComponent;)V+24
j  gui.TypingManager.lambda$null$7()V+93
j  gui.TypingManager$$Lambda$36.run()V+0
J 971 C1 engine.EventStream$$Lambda$2.accept(Ljava/lang/Object;)V (12 bytes) @ 0x0000000002d1050c [0x0000000002d102e0+0x22c]
J 965 C1 engine.EventStream$$Lambda$3.run()V (12 bytes) @ 0x0000000002d0cc0c [0x0000000002d0cac0+0x14c]
J 964 C1 engine.EventStream$$Lambda$34.accept(Ljava/lang/Object;)V (10 bytes) @ 0x0000000002d0c774 [0x0000000002d0c580+0x1f4]
J 916 C1 java.util.ArrayList.forEach(Ljava/util/function/Consumer;)V (75 bytes) @ 0x0000000002cf9204 [0x0000000002cf9000+0x204]
J 1050 C1 engine.Signal$$Lambda$5.accept(Ljava/lang/Object;)V (16 bytes) @ 0x0000000002d4486c [0x0000000002d440c0+0x7ac]
J 965 C1 engine.EventStream$$Lambda$3.run()V (12 bytes) @ 0x0000000002d0cc0c [0x0000000002d0cac0+0x14c]
J 964 C1 engine.EventStream$$Lambda$34.accept(Ljava/lang/Object;)V (10 bytes) @ 0x0000000002d0c774 [0x0000000002d0c580+0x1f4]
J 916 C1 java.util.ArrayList.forEach(Ljava/util/function/Consumer;)V (75 bytes) @ 0x0000000002cf9204 [0x0000000002cf9000+0x204]
J 979 C1 engine.Signal.set(Ljava/lang/Object;)V (10 bytes) @ 0x0000000002d14854 [0x0000000002d144c0+0x394]
j  engine.Input.lambda$static$45()V+156
j  engine.Input$$Lambda$1.run()V+0
J 971 C1 engine.EventStream$$Lambda$2.accept(Ljava/lang/Object;)V (12 bytes) @ 0x0000000002d1050c [0x0000000002d102e0+0x22c]
J 965 C1 engine.EventStream$$Lambda$3.run()V (12 bytes) @ 0x0000000002d0cc0c [0x0000000002d0cac0+0x14c]
J 964 C1 engine.EventStream$$Lambda$34.accept(Ljava/lang/Object;)V (10 bytes) @ 0x0000000002d0c774 [0x0000000002d0c580+0x1f4]
J 916 C1 java.util.ArrayList.forEach(Ljava/util/function/Consumer;)V (75 bytes) @ 0x0000000002cf9204 [0x0000000002cf9000+0x204]
J 1067 C1 engine.Core$$Lambda$50.accept(Ljava/lang/Object;)V (12 bytes) @ 0x0000000002d4f59c [0x0000000002d4eec0+0x6dc]
J 1017 C1 java.lang.Iterable.forEach(Ljava/util/function/Consumer;)V (39 bytes) @ 0x0000000002d287bc [0x0000000002d284e0+0x2dc]
J 897% C2 engine.Core.run()V (114 bytes) @ 0x0000000002cea8f4 [0x0000000002cea860+0x94]
j  invisibleman.Client.main([Ljava/lang/String;)V+146
v  ~StubRoutines::call_stub

---------------  P R O C E S S  ---------------

Java Threads: ( => current thread )
  0x0000000058ddf000 JavaThread "AWT-Windows" daemon [_thread_in_native, id=4976, stack(0x000000005e990000,0x000000005ea90000)]
  0x0000000058dd3000 JavaThread "Java2D Disposer" daemon [_thread_blocked, id=3724, stack(0x000000005e6b0000,0x000000005e7b0000)]
  0x0000000058a45800 JavaThread "Service Thread" daemon [_thread_blocked, id=5396, stack(0x00000000595f0000,0x00000000596f0000)]
  0x00000000589eb000 JavaThread "C1 CompilerThread2" daemon [_thread_blocked, id=5948, stack(0x0000000058de0000,0x0000000058ee0000)]
  0x00000000589ea000 JavaThread "C2 CompilerThread1" daemon [_thread_blocked, id=6216, stack(0x0000000059460000,0x0000000059560000)]
  0x00000000589e2800 JavaThread "C2 CompilerThread0" daemon [_thread_blocked, id=6328, stack(0x0000000059330000,0x0000000059430000)]
  0x0000000057676000 JavaThread "Attach Listener" daemon [_thread_blocked, id=5188, stack(0x0000000059100000,0x0000000059200000)]
  0x0000000057674000 JavaThread "Signal Dispatcher" daemon [_thread_blocked, id=3228, stack(0x0000000058f90000,0x0000000059090000)]
  0x000000005761a000 JavaThread "Finalizer" daemon [_thread_blocked, id=6064, stack(0x00000000588e0000,0x00000000589e0000)]
  0x0000000057613800 JavaThread "Reference Handler" daemon [_thread_blocked, id=6672, stack(0x00000000586f0000,0x00000000587f0000)]
=>0x000000000241f000 JavaThread "main" [_thread_in_native, id=1036, stack(0x00000000025f0000,0x00000000026f0000)]

Other Threads:
  0x000000005760e000 VMThread [stack: 0x0000000058510000,0x0000000058610000] [id=6892]
  0x0000000058a7e800 WatcherThread [stack: 0x0000000059700000,0x0000000059800000] [id=1128]

VM state:not at safepoint (normal execution)

VM Mutex/Monitor currently owned by a thread: None

Heap:
 PSYoungGen      total 136704K, used 35301K [0x00000000d6580000, 0x00000000e7600000, 0x0000000100000000)
  eden space 135680K, 25% used [0x00000000d6580000,0x00000000d87f1460,0x00000000dea00000)
  from space 1024K, 3% used [0x00000000e7400000,0x00000000e7408000,0x00000000e7500000)
  to   space 1024K, 0% used [0x00000000e7500000,0x00000000e7500000,0x00000000e7600000)
 ParOldGen       total 86016K, used 13356K [0x0000000083000000, 0x0000000088400000, 0x00000000d6580000)
  object space 86016K, 15% used [0x0000000083000000,0x0000000083d0b028,0x0000000088400000)
 Metaspace       used 10674K, capacity 11291K, committed 11520K, reserved 1058816K
  class space    used 1114K, capacity 1246K, committed 1280K, reserved 1048576K

Card table byte_map: [0x0000000011d80000,0x0000000012170000] byte_map_base: 0x0000000011968000

Marking Bits: (ParMarkBitMap*) 0x0000000063d2a5b0
 Begin Bits: [0x0000000012a10000, 0x0000000014950000)
 End Bits:   [0x0000000014950000, 0x0000000016890000)

Polling page: 0x0000000000130000

CodeCache: size=245760Kb used=6295Kb max_used=6538Kb free=239464Kb
 bounds [0x00000000029c0000, 0x0000000003040000, 0x00000000119c0000]
 total_blobs=2428 nmethods=1859 adapters=482
 compilation: enabled

Compilation events (10 events):
Event: 17.746 Thread 0x00000000589ea000 2033       4       java.util.HashMap$KeySpliterator::forEachRemaining (186 bytes)
Event: 17.752 Thread 0x00000000589ea000 nmethod 2033 0x0000000002dcbbd0 code [0x0000000002dcbd80, 0x0000000002dcc718]
Event: 17.899 Thread 0x00000000589e2800 2034       4       java.util.stream.AbstractPipeline::copyInto (53 bytes)
Event: 17.899 Thread 0x00000000589eb000 2035       3       java.util.Spliterator::getExactSizeIfKnown (25 bytes)
Event: 17.900 Thread 0x00000000589eb000 nmethod 2035 0x0000000002dcb690 code [0x0000000002dcb800, 0x0000000002dcbb38]
Event: 17.900 Thread 0x00000000589eb000 2036       3       java.util.stream.ReferencePipeline$2$1::accept (27 bytes)
Event: 17.900 Thread 0x00000000589eb000 nmethod 2036 0x00000000030244d0 code [0x0000000003024640, 0x0000000003024978]
Event: 17.901 Thread 0x00000000589ea000 2037       4       java.util.stream.ReferencePipeline$2$1::accept (27 bytes)
Event: 17.901 Thread 0x00000000589ea000 nmethod 2037 0x0000000003024150 code [0x00000000030242a0, 0x0000000003024358]
Event: 17.903 Thread 0x00000000589e2800 nmethod 2034 0x0000000002c8e810 code [0x0000000002c8e9a0, 0x0000000002c8ed48]

GC Heap History (10 events):
Event: 15.956 GC heap before
{Heap before GC invocations=47 (full 0):
 PSYoungGen      total 166400K, used 165952K [0x00000000d6580000, 0x00000000e7780000, 0x0000000100000000)
  eden space 165888K, 100% used [0x00000000d6580000,0x00000000e0780000,0x00000000e0780000)
  from space 512K, 12% used [0x00000000e7700000,0x00000000e7710000,0x00000000e7780000)
  to   space 1536K, 0% used [0x00000000e7480000,0x00000000e7480000,0x00000000e7600000)
 ParOldGen       total 86016K, used 13300K [0x0000000083000000, 0x0000000088400000, 0x00000000d6580000)
  object space 86016K, 15% used [0x0000000083000000,0x0000000083cfd028,0x0000000088400000)
 Metaspace       used 10674K, capacity 11291K, committed 11520K, reserved 1058816K
  class space    used 1114K, capacity 1246K, committed 1280K, reserved 1048576K
Event: 15.957 GC heap after
Heap after GC invocations=47 (full 0):
 PSYoungGen      total 160768K, used 96K [0x00000000d6580000, 0x00000000e7780000, 0x0000000100000000)
  eden space 159232K, 0% used [0x00000000d6580000,0x00000000d6580000,0x00000000e0100000)
  from space 1536K, 6% used [0x00000000e7480000,0x00000000e7498000,0x00000000e7600000)
  to   space 1536K, 0% used [0x00000000e7600000,0x00000000e7600000,0x00000000e7780000)
 ParOldGen       total 86016K, used 13308K [0x0000000083000000, 0x0000000088400000, 0x00000000d6580000)
  object space 86016K, 15% used [0x0000000083000000,0x0000000083cff028,0x0000000088400000)
 Metaspace       used 10674K, capacity 11291K, committed 11520K, reserved 1058816K
  class space    used 1114K, capacity 1246K, committed 1280K, reserved 1048576K
}
Event: 16.776 GC heap before
{Heap before GC invocations=48 (full 0):
 PSYoungGen      total 160768K, used 159328K [0x00000000d6580000, 0x00000000e7780000, 0x0000000100000000)
  eden space 159232K, 100% used [0x00000000d6580000,0x00000000e0100000,0x00000000e0100000)
  from space 1536K, 6% used [0x00000000e7480000,0x00000000e7498000,0x00000000e7600000)
  to   space 1536K, 0% used [0x00000000e7600000,0x00000000e7600000,0x00000000e7780000)
 ParOldGen       total 86016K, used 13308K [0x0000000083000000, 0x0000000088400000, 0x00000000d6580000)
  object space 86016K, 15% used [0x0000000083000000,0x0000000083cff028,0x0000000088400000)
 Metaspace       used 10674K, capacity 11291K, committed 11520K, reserved 1058816K
  class space    used 1114K, capacity 1246K, committed 1280K, reserved 1048576K
Event: 16.777 GC heap after
Heap after GC invocations=48 (full 0):
 PSYoungGen      total 153600K, used 64K [0x00000000d6580000, 0x00000000e7680000, 0x0000000100000000)
  eden space 153088K, 0% used [0x00000000d6580000,0x00000000d6580000,0x00000000dfb00000)
  from space 512K, 12% used [0x00000000e7600000,0x00000000e7610000,0x00000000e7680000)
  to   space 1536K, 0% used [0x00000000e7380000,0x00000000e7380000,0x00000000e7500000)
 ParOldGen       total 86016K, used 13340K [0x0000000083000000, 0x0000000088400000, 0x00000000d6580000)
  object space 86016K, 15% used [0x0000000083000000,0x0000000083d07028,0x0000000088400000)
 Metaspace       used 10674K, capacity 11291K, committed 11520K, reserved 1058816K
  class space    used 1114K, capacity 1246K, committed 1280K, reserved 1048576K
}
Event: 17.311 GC heap before
{Heap before GC invocations=49 (full 0):
 PSYoungGen      total 153600K, used 153152K [0x00000000d6580000, 0x00000000e7680000, 0x0000000100000000)
  eden space 153088K, 100% used [0x00000000d6580000,0x00000000dfb00000,0x00000000dfb00000)
  from space 512K, 12% used [0x00000000e7600000,0x00000000e7610000,0x00000000e7680000)
  to   space 1536K, 0% used [0x00000000e7380000,0x00000000e7380000,0x00000000e7500000)
 ParOldGen       total 86016K, used 13340K [0x0000000083000000, 0x0000000088400000, 0x00000000d6580000)
  object space 86016K, 15% used [0x0000000083000000,0x0000000083d07028,0x0000000088400000)
 Metaspace       used 10674K, capacity 11291K, committed 11520K, reserved 1058816K
  class space    used 1114K, capacity 1246K, committed 1280K, reserved 1048576K
Event: 17.311 GC heap after
Heap after GC invocations=49 (full 0):
 PSYoungGen      total 148480K, used 32K [0x00000000d6580000, 0x00000000e7680000, 0x0000000100000000)
  eden space 146944K, 0% used [0x00000000d6580000,0x00000000d6580000,0x00000000df500000)
  from space 1536K, 2% used [0x00000000e7380000,0x00000000e7388000,0x00000000e7500000)
  to   space 1024K, 0% used [0x00000000e7580000,0x00000000e7580000,0x00000000e7680000)
 ParOldGen       total 86016K, used 13348K [0x0000000083000000, 0x0000000088400000, 0x00000000d6580000)
  object space 86016K, 15% used [0x0000000083000000,0x0000000083d09028,0x0000000088400000)
 Metaspace       used 10674K, capacity 11291K, committed 11520K, reserved 1058816K
  class space    used 1114K, capacity 1246K, committed 1280K, reserved 1048576K
}
Event: 17.923 GC heap before
{Heap before GC invocations=50 (full 0):
 PSYoungGen      total 148480K, used 146976K [0x00000000d6580000, 0x00000000e7680000, 0x0000000100000000)
  eden space 146944K, 100% used [0x00000000d6580000,0x00000000df500000,0x00000000df500000)
  from space 1536K, 2% used [0x00000000e7380000,0x00000000e7388000,0x00000000e7500000)
  to   space 1024K, 0% used [0x00000000e7580000,0x00000000e7580000,0x00000000e7680000)
 ParOldGen       total 86016K, used 13348K [0x0000000083000000, 0x0000000088400000, 0x00000000d6580000)
  object space 86016K, 15% used [0x0000000083000000,0x0000000083d09028,0x0000000088400000)
 Metaspace       used 10674K, capacity 11291K, committed 11520K, reserved 1058816K
  class space    used 1114K, capacity 1246K, committed 1280K, reserved 1048576K
Event: 17.924 GC heap after
Heap after GC invocations=50 (full 0):
 PSYoungGen      total 141824K, used 32K [0x00000000d6580000, 0x00000000e7600000, 0x0000000100000000)
  eden space 141312K, 0% used [0x00000000d6580000,0x00000000d6580000,0x00000000def80000)
  from space 512K, 6% used [0x00000000e7580000,0x00000000e7588000,0x00000000e7600000)
  to   space 1024K, 0% used [0x00000000e7400000,0x00000000e7400000,0x00000000e7500000)
 ParOldGen       total 86016K, used 13348K [0x0000000083000000, 0x0000000088400000, 0x00000000d6580000)
  object space 86016K, 15% used [0x0000000083000000,0x0000000083d09028,0x0000000088400000)
 Metaspace       used 10674K, capacity 11291K, committed 11520K, reserved 1058816K
  class space    used 1114K, capacity 1246K, committed 1280K, reserved 1048576K
}
Event: 17.973 GC heap before
{Heap before GC invocations=51 (full 0):
 PSYoungGen      total 141824K, used 141344K [0x00000000d6580000, 0x00000000e7600000, 0x0000000100000000)
  eden space 141312K, 100% used [0x00000000d6580000,0x00000000def80000,0x00000000def80000)
  from space 512K, 6% used [0x00000000e7580000,0x00000000e7588000,0x00000000e7600000)
  to   space 1024K, 0% used [0x00000000e7400000,0x00000000e7400000,0x00000000e7500000)
 ParOldGen       total 86016K, used 13348K [0x0000000083000000, 0x0000000088400000, 0x00000000d6580000)
  object space 86016K, 15% used [0x0000000083000000,0x0000000083d09028,0x0000000088400000)
 Metaspace       used 10674K, capacity 11291K, committed 11520K, reserved 1058816K
  class space    used 1114K, capacity 1246K, committed 1280K, reserved 1048576K
Event: 17.973 GC heap after
Heap after GC invocations=51 (full 0):
 PSYoungGen      total 136704K, used 32K [0x00000000d6580000, 0x00000000e7600000, 0x0000000100000000)
  eden space 135680K, 0% used [0x00000000d6580000,0x00000000d6580000,0x00000000dea00000)
  from space 1024K, 3% used [0x00000000e7400000,0x00000000e7408000,0x00000000e7500000)
  to   space 1024K, 0% used [0x00000000e7500000,0x00000000e7500000,0x00000000e7600000)
 ParOldGen       total 86016K, used 13356K [0x0000000083000000, 0x0000000088400000, 0x00000000d6580000)
  object space 86016K, 15% used [0x0000000083000000,0x0000000083d0b028,0x0000000088400000)
 Metaspace       used 10674K, capacity 11291K, committed 11520K, reserved 1058816K
  class space    used 1114K, capacity 1246K, committed 1280K, reserved 1048576K
}

Deoptimization events (10 events):
Event: 16.726 Thread 0x000000000241f000 Uncommon trap: reason=bimorphic action=maybe_recompile pc=0x0000000002ec06b4 method=java.util.stream.AbstractPipeline.<init>(Ljava/util/stream/AbstractPipeline;I)V @ 66
Event: 16.726 Thread 0x000000000241f000 Uncommon trap: reason=bimorphic action=maybe_recompile pc=0x0000000002ee8410 method=java.util.stream.AbstractPipeline.copyInto(Ljava/util/stream/Sink;Ljava/util/Spliterator;)V @ 20
Event: 16.726 Thread 0x000000000241f000 Uncommon trap: reason=bimorphic action=maybe_recompile pc=0x0000000002ec1a3c method=java.util.stream.AbstractPipeline.wrapSink(Ljava/util/stream/Sink;)Ljava/util/stream/Sink; @ 23
Event: 17.255 Thread 0x000000000241f000 Uncommon trap: reason=bimorphic action=maybe_recompile pc=0x0000000002ec06b4 method=java.util.stream.AbstractPipeline.<init>(Ljava/util/stream/AbstractPipeline;I)V @ 66
Event: 17.255 Thread 0x000000000241f000 Uncommon trap: reason=bimorphic action=maybe_recompile pc=0x0000000002ee8410 method=java.util.stream.AbstractPipeline.copyInto(Ljava/util/stream/Sink;Ljava/util/Spliterator;)V @ 20
Event: 17.255 Thread 0x000000000241f000 Uncommon trap: reason=bimorphic action=maybe_recompile pc=0x0000000002ec1a3c method=java.util.stream.AbstractPipeline.wrapSink(Ljava/util/stream/Sink;)Ljava/util/stream/Sink; @ 23
Event: 17.896 Thread 0x000000000241f000 Uncommon trap: reason=bimorphic action=maybe_recompile pc=0x0000000002ec06b4 method=java.util.stream.AbstractPipeline.<init>(Ljava/util/stream/AbstractPipeline;I)V @ 66
Event: 17.896 Thread 0x000000000241f000 Uncommon trap: reason=bimorphic action=maybe_recompile pc=0x0000000002ee8410 method=java.util.stream.AbstractPipeline.copyInto(Ljava/util/stream/Sink;Ljava/util/Spliterator;)V @ 20
Event: 17.896 Thread 0x000000000241f000 Uncommon trap: reason=bimorphic action=maybe_recompile pc=0x0000000002ec1a3c method=java.util.stream.AbstractPipeline.wrapSink(Ljava/util/stream/Sink;)Ljava/util/stream/Sink; @ 23
Event: 17.896 Thread 0x000000000241f000 Uncommon trap: reason=bimorphic action=maybe_recompile pc=0x0000000002dcc3cc method=java.util.stream.ReferencePipeline$2$1.accept(Ljava/lang/Object;)V @ 21

Internal exceptions (10 events):
Event: 0.606 Thread 0x000000000241f000 Exception <a 'java/lang/NoSuchFieldError': method resolution failed> (0x00000000d6b2da58) thrown at [C:\workspace\8-2-build-windows-amd64-cygwin\jdk8u65\4987\hotspot\src\share\vm\prims\methodHandles.cpp, line 1146]
Event: 0.633 Thread 0x000000000241f000 Exception <a 'java/security/PrivilegedActionException'> (0x00000000d6bee508) thrown at [C:\workspace\8-2-build-windows-amd64-cygwin\jdk8u65\4987\hotspot\src\share\vm\prims\jvm.cpp, line 1386]
Event: 0.633 Thread 0x000000000241f000 Exception <a 'java/security/PrivilegedActionException'> (0x00000000d6bee718) thrown at [C:\workspace\8-2-build-windows-amd64-cygwin\jdk8u65\4987\hotspot\src\share\vm\prims\jvm.cpp, line 1386]
Event: 0.634 Thread 0x000000000241f000 Exception <a 'java/security/PrivilegedActionException'> (0x00000000d6bf2560) thrown at [C:\workspace\8-2-build-windows-amd64-cygwin\jdk8u65\4987\hotspot\src\share\vm\prims\jvm.cpp, line 1386]
Event: 0.634 Thread 0x000000000241f000 Exception <a 'java/security/PrivilegedActionException'> (0x00000000d6bf2770) thrown at [C:\workspace\8-2-build-windows-amd64-cygwin\jdk8u65\4987\hotspot\src\share\vm\prims\jvm.cpp, line 1386]
Event: 0.636 Thread 0x000000000241f000 Exception <a 'java/io/FileNotFoundException'> (0x00000000d6bf4b58) thrown at [C:\workspace\8-2-build-windows-amd64-cygwin\jdk8u65\4987\hotspot\src\share\vm\prims\jni.cpp, line 709]
Event: 0.663 Thread 0x000000000241f000 Exception <a 'java/io/FileNotFoundException'> (0x00000000d6c36538) thrown at [C:\workspace\8-2-build-windows-amd64-cygwin\jdk8u65\4987\hotspot\src\share\vm\prims\jni.cpp, line 709]
Event: 0.682 Thread 0x000000000241f000 Implicit null exception at 0x0000000002b6034b to 0x0000000002b604fd
Event: 5.169 Thread 0x000000000241f000 Implicit null exception at 0x0000000002dfb288 to 0x0000000002dfb316
Event: 5.169 Thread 0x000000000241f000 Implicit null exception at 0x0000000002bd06af to 0x0000000002bd0761

Events (10 events):
Event: 17.896 Thread 0x000000000241f000 Uncommon trap: trap_request=0xffffffc6 fr.pc=0x0000000002ec1a3c
Event: 17.896 Thread 0x000000000241f000 DEOPT PACKING pc=0x0000000002ec1a3c sp=0x00000000026edf70
Event: 17.896 Thread 0x000000000241f000 DEOPT UNPACKING pc=0x0000000002a0582a sp=0x00000000026edf30 mode 2
Event: 17.896 Thread 0x000000000241f000 Uncommon trap: trap_request=0xffffffc6 fr.pc=0x0000000002dcc3cc
Event: 17.896 Thread 0x000000000241f000 DEOPT PACKING pc=0x0000000002dcc3cc sp=0x00000000026ee520
Event: 17.896 Thread 0x000000000241f000 DEOPT UNPACKING pc=0x0000000002a0582a sp=0x00000000026ee480 mode 2
Event: 17.923 Executing VM operation: ParallelGCFailedAllocation
Event: 17.924 Executing VM operation: ParallelGCFailedAllocation done
Event: 17.973 Executing VM operation: ParallelGCFailedAllocation
Event: 17.973 Executing VM operation: ParallelGCFailedAllocation done


Dynamic libraries:
0x000000013f330000 - 0x000000013f367000 	C:\Program Files\Java\jdk1.8.0_65\bin\java.exe
0x00000000774d0000 - 0x000000007767a000 	C:\Windows\SYSTEM32\ntdll.dll
0x00000000772b0000 - 0x00000000773cf000 	C:\Windows\system32\kernel32.dll
0x000007fefd370000 - 0x000007fefd3db000 	C:\Windows\system32\KERNELBASE.dll
0x000007feff110000 - 0x000007feff1eb000 	C:\Windows\system32\ADVAPI32.dll
0x000007fefe040000 - 0x000007fefe0df000 	C:\Windows\system32\msvcrt.dll
0x000007fefd910000 - 0x000007fefd92f000 	C:\Windows\SYSTEM32\sechost.dll
0x000007feff6b0000 - 0x000007feff7dd000 	C:\Windows\system32\RPCRT4.dll
0x00000000773d0000 - 0x00000000774ca000 	C:\Windows\system32\USER32.dll
0x000007feff430000 - 0x000007feff497000 	C:\Windows\system32\GDI32.dll
0x000007fefe0e0000 - 0x000007fefe0ee000 	C:\Windows\system32\LPK.dll
0x000007fefd930000 - 0x000007fefd9fa000 	C:\Windows\system32\USP10.dll
0x000007fefbb00000 - 0x000007fefbcf4000 	C:\Windows\WinSxS\amd64_microsoft.windows.common-controls_6595b64144ccf1df_6.0.7601.18837_none_fa3b1e3d17594757\COMCTL32.dll
0x000007feff200000 - 0x000007feff271000 	C:\Windows\system32\SHLWAPI.dll
0x000007fefd8e0000 - 0x000007fefd90e000 	C:\Windows\system32\IMM32.DLL
0x000007fefda00000 - 0x000007fefdb09000 	C:\Windows\system32\MSCTF.dll
0x0000000073230000 - 0x0000000073302000 	C:\Program Files\Java\jdk1.8.0_65\jre\bin\msvcr100.dll
0x0000000063520000 - 0x0000000063da9000 	C:\Program Files\Java\jdk1.8.0_65\jre\bin\server\jvm.dll
0x000007fef77a0000 - 0x000007fef77a9000 	C:\Windows\system32\WSOCK32.dll
0x000007fefd890000 - 0x000007fefd8dd000 	C:\Windows\system32\WS2_32.dll
0x000007feff1f0000 - 0x000007feff1f8000 	C:\Windows\system32\NSI.dll
0x000007fefa030000 - 0x000007fefa06b000 	C:\Windows\system32\WINMM.dll
0x000007fefc3b0000 - 0x000007fefc3bc000 	C:\Windows\system32\VERSION.dll
0x0000000077690000 - 0x0000000077697000 	C:\Windows\system32\PSAPI.DLL
0x00000000737e0000 - 0x00000000737ef000 	C:\Program Files\Java\jdk1.8.0_65\jre\bin\verify.dll
0x00000000737b0000 - 0x00000000737d9000 	C:\Program Files\Java\jdk1.8.0_65\jre\bin\java.dll
0x0000000073790000 - 0x00000000737a6000 	C:\Program Files\Java\jdk1.8.0_65\jre\bin\zip.dll
0x000007fefe380000 - 0x000007feff10a000 	C:\Windows\system32\SHELL32.dll
0x000007feff4a0000 - 0x000007feff6a3000 	C:\Windows\system32\ole32.dll
0x000007fefd250000 - 0x000007fefd25f000 	C:\Windows\system32\profapi.dll
0x0000000180000000 - 0x0000000180051000 	G:\OGPC 2016\OGPC 2016 Java\natives\lwjgl64.dll
0x000007fef3cb0000 - 0x000007fef3dcd000 	C:\Windows\system32\OPENGL32.dll
0x000007fef7300000 - 0x000007fef732d000 	C:\Windows\system32\GLU32.dll
0x000007fef24c0000 - 0x000007fef25b1000 	C:\Windows\system32\DDRAW.dll
0x000007fefa360000 - 0x000007fefa368000 	C:\Windows\system32\DCIMAN32.dll
0x000007fefd6b0000 - 0x000007fefd887000 	C:\Windows\system32\SETUPAPI.dll
0x000007fefd3e0000 - 0x000007fefd416000 	C:\Windows\system32\CFGMGR32.dll
0x000007fefdf60000 - 0x000007fefe038000 	C:\Windows\system32\OLEAUT32.dll
0x000007fefd270000 - 0x000007fefd28a000 	C:\Windows\system32\DEVOBJ.dll
0x000007fefa410000 - 0x000007fefa428000 	C:\Windows\system32\dwmapi.dll
0x000007fefbaa0000 - 0x000007fefbaf6000 	C:\Windows\system32\uxtheme.dll
0x0000000001d50000 - 0x0000000001d91000 	C:\Program Files (x86)\NetSupport\NetSupport School\pciappctrl64.dll
0x000007fef4f70000 - 0x000007fef5095000 	C:\Windows\system32\dbghelp.dll
0x000007fef5b70000 - 0x000007fef5b88000 	C:\Windows\system32\MPR.dll
0x0000000001da0000 - 0x0000000001dc5000 	C:\Program Files (x86)\Common Files\NSL\NSCommonHook64.dll
0x000007feea9e0000 - 0x000007feeb213000 	C:\Windows\system32\ig7icd64.dll
0x000007feed520000 - 0x000007feed97f000 	C:\Windows\system32\igdusc64.dll
0x000007fefc100000 - 0x000007fefc111000 	C:\Windows\system32\WTSAPI32.dll
0x000007fefd0b0000 - 0x000007fefd0bf000 	C:\Windows\system32\CRYPTBASE.dll
0x000007fef40a0000 - 0x000007fef413c000 	C:\Windows\system32\mscms.dll
0x000007fefd350000 - 0x000007fefd36e000 	C:\Windows\system32\USERENV.dll
0x000007fef4050000 - 0x000007fef4092000 	C:\Windows\system32\icm32.dll
0x0000000072b90000 - 0x0000000072d28000 	C:\Program Files\Java\jdk1.8.0_65\jre\bin\awt.dll
0x000007fefa440000 - 0x000007fefa44a000 	C:\Windows\System32\drprov.dll
0x000007fefd160000 - 0x000007fefd19d000 	C:\Windows\System32\WINSTA.dll
0x000007fefa270000 - 0x000007fefa292000 	C:\Windows\System32\ntlanman.dll
0x000007fef9fe0000 - 0x000007fef9ffd000 	C:\Windows\System32\davclnt.dll
0x000007fefa480000 - 0x000007fefa48a000 	C:\Windows\System32\DAVHLPR.dll
0x0000000073580000 - 0x00000000735c7000 	C:\Program Files\Java\jdk1.8.0_65\jre\bin\fontmanager.dll
0x00000000735f0000 - 0x000000007360a000 	C:\Program Files\Java\jdk1.8.0_65\jre\bin\net.dll
0x0000000002420000 - 0x0000000002444000 	C:\Program Files (x86)\Common Files\NSL\nslsp64.dll
0x000007fefc9f0000 - 0x000007fefca45000 	C:\Windows\system32\mswsock.dll
0x000007fefc9e0000 - 0x000007fefc9e7000 	C:\Windows\System32\wship6.dll
0x00000000735d0000 - 0x00000000735e1000 	C:\Program Files\Java\jdk1.8.0_65\jre\bin\nio.dll
0x0000000071f60000 - 0x0000000071fa2000 	C:\Program Files\Java\jdk1.8.0_65\jre\bin\t2k.dll

VM Arguments:
jvm_args: -Dfile.encoding=UTF-8 -Dorg.lwjgl.opengl.Display.allowSoftwareOpenGL=true 
java_command: invisibleman.Client
java_class_path (initial): G:\OGPC 2016\OGPC 2016 Java\lib\jfxrt.jar;G:\OGPC 2016\OGPC 2016 Java\lib\jinput.jar;G:\OGPC 2016\OGPC 2016 Java\lib\lwjgl.jar;G:\OGPC 2016\OGPC 2016 Java\lib\lwjgl_util.jar;G:\OGPC 2016\OGPC 2016 Java\lib\slick-util.jar;G:\OGPC 2016\OGPC 2016 Java\lib\protonpack-1.1.jar;G:\OGPC 2016\OGPC 2016 Java\lib\Forge.jar;G:\OGPC 2016\OGPC 2016 Java\build\classes
Launcher Type: SUN_STANDARD

Environment Variables:
PATH=C:\Program Files\Common Files\Microsoft Shared\Windows Live;C:\Program Files (x86)\Common Files\Microsoft Shared\Windows Live;C:\ProgramData\Oracle\Java\javapath;C:\Windows\system32;C:\Windows;C:\Windows\System32\Wbem;C:\Windows\System32\WindowsPowerShell\v1.0\;C:\Program Files\Intel\WiFi\bin\;C:\Program Files\Common Files\Intel\WirelessCommon\;C:\Program Files (x86)\Intel\OpenCL SDK\2.0\bin\x86;C:\Program Files (x86)\Intel\OpenCL SDK\2.0\bin\x64;C:\SWTOOLS\ReadyApps;C:\Program Files (x86)\QuickTime\QTSystem\;C:\Program Files (x86)\Windows Live\Shared;C:\Program Files\Intel\WiFi\bin\;C:\Program Files\Common Files\Intel\WirelessCommon\
USERNAME=isedgewick17
OS=Windows_NT
PROCESSOR_IDENTIFIER=Intel64 Family 6 Model 58 Stepping 9, GenuineIntel



---------------  S Y S T E M  ---------------

OS: Windows 7 , 64 bit Build 7601 (6.1.7601.19160)

CPU:total 4 (2 cores per cpu, 2 threads per core) family 6 model 58 stepping 9, cmov, cx8, fxsr, mmx, sse, sse2, sse3, ssse3, sse4.1, sse4.2, popcnt, avx, clmul, erms, ht, tsc, tscinvbit, tscinv

Memory: 4k page, physical 8186072k(5237896k free), swap 16370308k(12589764k free)

vm_info: Java HotSpot(TM) 64-Bit Server VM (25.65-b01) for windows-amd64 JRE (1.8.0_65-b17), built on Oct  6 2015 16:39:20 by "java_re" with MS VC++ 10.0 (VS2010)

time: Tue Apr 19 15:07:43 2016
elapsed time: 18 seconds (0d 0h 0m 18s)

