#
# A fatal error has been detected by the Java Runtime Environment:
#
#  EXCEPTION_ACCESS_VIOLATION (0xc0000005) at pc=0x000007fee8dc1f44, pid=6736, tid=7384
#
# JRE version: Java(TM) SE Runtime Environment (8.0_65-b17) (build 1.8.0_65-b17)
# Java VM: Java HotSpot(TM) 64-Bit Server VM (25.65-b01 mixed mode windows-amd64 compressed oops)
# Problematic frame:
# C  [ig7icd64.dll+0x21f44]
#
# Failed to write core dump. Minidumps are not enabled by default on client versions of Windows
#
# If you would like to submit a bug report, please visit:
#   http://bugreport.java.com/bugreport/crash.jsp
# The crash happened outside the Java Virtual Machine in native code.
# See problematic frame for where to report the bug.
#

---------------  T H R E A D  ---------------

Current thread (0x000000000223f000):  JavaThread "main" [_thread_in_native, id=7384, stack(0x00000000025a0000,0x00000000026a0000)]

siginfo: ExceptionCode=0xc0000005, writing address 0x0000000001cca000

Registers:
RAX=0x0000000000000001, RBX=0x0000000059dce000, RCX=0x0000000001cca010, RDX=0x000000005c8e58e0
RSP=0x000000000269e1a0, RBP=0x000000005b738df0, RSI=0x000000005b73ab00, RDI=0x000000005c8e5560
R8 =0x0000000000000020, R9 =0x0000000000000000, R10=0x0000000000000001, R11=0x0000000000000002
R12=0x0000000000000000, R13=0x000000005b79d000, R14=0x0000000000000000, R15=0x0000000000000000
RIP=0x000007fee8dc1f44, EFLAGS=0x0000000000010202

Top of Stack: (sp=0x000000000269e1a0)
0x000000000269e1a0:   0000000056fab370 0000000000000000
0x000000000269e1b0:   0000000000479980 000007fef3ba4d9b
0x000000000269e1c0:   0000000059ddb530 000000000269e2d9
0x000000000269e1d0:   0000000000000000 000007fee921e09f
0x000000000269e1e0:   0000000059e4d6a0 000007fee8fbcc57
0x000000000269e1f0:   0000000059dce000 c2885384bfae14c9
0x000000000269e200:   c287f6d4c2225513 000000003fae0be0
0x000000000269e210:   0000000000000001 000007fee8fdbbd3
0x000000000269e220:   000000005c8e58d0 0000000000000000
0x000000000269e230:   3ff0000000000000 0000000000000000
0x000000000269e240:   000000005c9abf90 0000000059e39470
0x000000000269e250:   000000005c8e56c8 000000005c8e5560
0x000000000269e260:   0000000000000001 000000005c97e870
0x000000000269e270:   0000000059dce000 000007fee8ff4e78
0x000000000269e280:   0000000000000002 000000005c97eb01
0x000000000269e290:   000000005c8e56c8 0000000000000000 

Instructions: (pc=0x000007fee8dc1f44)
0x000007fee8dc1f24:   d1 49 c1 eb 04 4d 85 db 0f 84 24 02 00 00 f3 0f
0x000007fee8dc1f34:   6f 02 41 ff c2 48 83 c1 10 41 8b c2 48 83 c2 10
0x000007fee8dc1f44:   f3 0f 7f 41 f0 49 3b c3 72 e4 e9 03 02 00 00 48
0x000007fee8dc1f54:   89 7c 24 40 8b f9 83 e7 0f 74 68 48 89 5c 24 50 


Register to memory mapping:

RAX=0x0000000000000001 is an unknown value
RBX=0x0000000059dce000 is an unknown value
RCX=0x0000000001cca010 is an unknown value
RDX=0x000000005c8e58e0 is an unknown value
RSP=0x000000000269e1a0 is pointing into the stack for thread: 0x000000000223f000
RBP=0x000000005b738df0 is an unknown value
RSI=0x000000005b73ab00 is an unknown value
RDI=0x000000005c8e5560 is an unknown value
R8 =0x0000000000000020 is an unknown value
R9 =0x0000000000000000 is an unknown value
R10=0x0000000000000001 is an unknown value
R11=0x0000000000000002 is an unknown value
R12=0x0000000000000000 is an unknown value
R13=0x000000005b79d000 is an unknown value
R14=0x0000000000000000 is an unknown value
R15=0x0000000000000000 is an unknown value


Stack: [0x00000000025a0000,0x00000000026a0000],  sp=0x000000000269e1a0,  free space=1016k
Native frames: (J=compiled Java code, j=interpreted, Vv=VM code, C=native code)
C  [ig7icd64.dll+0x21f44]
C  [ig7icd64.dll+0x21cc57]
C  [ig7icd64.dll+0x254e78]
C  [ig7icd64.dll+0x1fe146]
C  [ig7icd64.dll+0x156d58]
C  [ig7icd64.dll+0x2dc07c]
C  [ig7icd64.dll+0x3ba832]
C  [ig7icd64.dll+0x4f6201]
C  [ig7icd64.dll+0x47433f]
C  [ig7icd64.dll+0x474abc]
C  0x0000000002f2220a

Java frames: (J=compiled Java code, j=interpreted, Vv=VM code)
J 1763  org.lwjgl.opengl.GL11.nglCallList(IJ)V (0 bytes) @ 0x0000000002f22184 [0x0000000002f22140+0x44]
J 1828 C2 map.CubeMap$$Lambda$125.accept(Ljava/lang/Object;)V (16 bytes) @ 0x0000000002f73cc8 [0x0000000002f73c00+0xc8]
J 1476 C2 util.Util.forRange(IILjava/util/function/Consumer;)V (24 bytes) @ 0x0000000002e4b8e8 [0x0000000002e4b620+0x2c8]
J 1769 C1 map.CubeMap$$Lambda$124.accept(Ljava/lang/Object;Ljava/lang/Object;)V (12 bytes) @ 0x0000000002f2463c [0x0000000002f24020+0x61c]
J 1702 C2 util.Util$$Lambda$66.accept(Ljava/lang/Object;)V (20 bytes) @ 0x0000000002ecf7c0 [0x0000000002ecf740+0x80]
J 1476 C2 util.Util.forRange(IILjava/util/function/Consumer;)V (24 bytes) @ 0x0000000002e4b8e8 [0x0000000002e4b620+0x2c8]
J 1691 C1 util.Util.forRange(IIIILjava/util/function/BiConsumer;)V (15 bytes) @ 0x0000000002ea8af4 [0x0000000002ea83c0+0x734]
j  map.CubeMap.drawAll()V+45
j  map.Editor.lambda$start$168()V+0
j  map.Editor$$Lambda$83.run()V+0
J 982 C1 engine.EventStream$$Lambda$2.accept(Ljava/lang/Object;)V (12 bytes) @ 0x0000000002cc25cc [0x0000000002cc23a0+0x22c]
J 976 C1 engine.EventStream$$Lambda$3.run()V (12 bytes) @ 0x0000000002cc014c [0x0000000002cc0000+0x14c]
J 975 C1 engine.EventStream$$Lambda$34.accept(Ljava/lang/Object;)V (10 bytes) @ 0x0000000002cbfcb4 [0x0000000002cbfac0+0x1f4]
J 1808 C2 java.util.ArrayList.forEach(Ljava/util/function/Consumer;)V (75 bytes) @ 0x0000000002f634c8 [0x0000000002f63420+0xa8]
J 1784 C1 engine.Core$$Lambda$54.accept(Ljava/lang/Object;)V (8 bytes) @ 0x0000000002f34854 [0x0000000002f34400+0x454]
J 1077 C1 java.lang.Iterable.forEach(Ljava/util/function/Consumer;)V (39 bytes) @ 0x0000000002cff73c [0x0000000002cff460+0x2dc]
J 907% C2 engine.Core.run()V (114 bytes) @ 0x0000000002c9cfe8 [0x0000000002c9cf20+0xc8]
j  map.Editor.start(Ljava/lang/String;Ljava/lang/String;)V+489
j  guis.Play.recieve(Ljava/lang/String;Ljava/lang/Object;)V+295
j  gui.components.GUIButton.send()V+68
j  gui.TypingManager.compOpen(Lgui/types/GUIInputComponent;)V+24
j  gui.TypingManager.lambda$null$7()V+93
j  gui.TypingManager$$Lambda$36.run()V+0
J 982 C1 engine.EventStream$$Lambda$2.accept(Ljava/lang/Object;)V (12 bytes) @ 0x0000000002cc25cc [0x0000000002cc23a0+0x22c]
J 976 C1 engine.EventStream$$Lambda$3.run()V (12 bytes) @ 0x0000000002cc014c [0x0000000002cc0000+0x14c]
J 975 C1 engine.EventStream$$Lambda$34.accept(Ljava/lang/Object;)V (10 bytes) @ 0x0000000002cbfcb4 [0x0000000002cbfac0+0x1f4]
J 928 C1 java.util.ArrayList.forEach(Ljava/util/function/Consumer;)V (75 bytes) @ 0x0000000002cabfc4 [0x0000000002cabdc0+0x204]
J 990 C1 engine.Signal.set(Ljava/lang/Object;)V (10 bytes) @ 0x0000000002cc5c14 [0x0000000002cc5880+0x394]
j  engine.Signal.lambda$filter$27(Ljava/util/function/Predicate;Lengine/Signal;)V+18
j  engine.Signal$$Lambda$5.accept(Ljava/lang/Object;)V+12
J 976 C1 engine.EventStream$$Lambda$3.run()V (12 bytes) @ 0x0000000002cc014c [0x0000000002cc0000+0x14c]
J 975 C1 engine.EventStream$$Lambda$34.accept(Ljava/lang/Object;)V (10 bytes) @ 0x0000000002cbfcb4 [0x0000000002cbfac0+0x1f4]
J 928 C1 java.util.ArrayList.forEach(Ljava/util/function/Consumer;)V (75 bytes) @ 0x0000000002cabfc4 [0x0000000002cabdc0+0x204]
J 990 C1 engine.Signal.set(Ljava/lang/Object;)V (10 bytes) @ 0x0000000002cc5c14 [0x0000000002cc5880+0x394]
j  engine.Input.lambda$static$45()V+156
j  engine.Input$$Lambda$1.run()V+0
J 982 C1 engine.EventStream$$Lambda$2.accept(Ljava/lang/Object;)V (12 bytes) @ 0x0000000002cc25cc [0x0000000002cc23a0+0x22c]
J 976 C1 engine.EventStream$$Lambda$3.run()V (12 bytes) @ 0x0000000002cc014c [0x0000000002cc0000+0x14c]
J 975 C1 engine.EventStream$$Lambda$34.accept(Ljava/lang/Object;)V (10 bytes) @ 0x0000000002cbfcb4 [0x0000000002cbfac0+0x1f4]
J 928 C1 java.util.ArrayList.forEach(Ljava/util/function/Consumer;)V (75 bytes) @ 0x0000000002cabfc4 [0x0000000002cabdc0+0x204]
J 990 C1 engine.Signal.set(Ljava/lang/Object;)V (10 bytes) @ 0x0000000002cc5c14 [0x0000000002cc5880+0x394]
j  engine.Core.lambda$run$36(DLengine/Signal;)V+5
j  engine.Core$$Lambda$50.accept(Ljava/lang/Object;)V+8
J 1077 C1 java.lang.Iterable.forEach(Ljava/util/function/Consumer;)V (39 bytes) @ 0x0000000002cff73c [0x0000000002cff460+0x2dc]
J 907% C2 engine.Core.run()V (114 bytes) @ 0x0000000002c9cfb4 [0x0000000002c9cf20+0x94]
j  invisibleman.Client.main([Ljava/lang/String;)V+146
v  ~StubRoutines::call_stub

---------------  P R O C E S S  ---------------

Java Threads: ( => current thread )
  0x0000000058d49800 JavaThread "AWT-Windows" daemon [_thread_in_native, id=7800, stack(0x000000005ec10000,0x000000005ed10000)]
  0x0000000058d3c800 JavaThread "Java2D Disposer" daemon [_thread_blocked, id=6744, stack(0x000000005e830000,0x000000005e930000)]
  0x0000000058aa7000 JavaThread "Service Thread" daemon [_thread_blocked, id=2380, stack(0x0000000059430000,0x0000000059530000)]
  0x0000000058a5e800 JavaThread "C1 CompilerThread2" daemon [_thread_blocked, id=7744, stack(0x0000000059280000,0x0000000059380000)]
  0x0000000058a49800 JavaThread "C2 CompilerThread1" daemon [_thread_in_native, id=5988, stack(0x00000000590e0000,0x00000000591e0000)]
  0x0000000058a42800 JavaThread "C2 CompilerThread0" daemon [_thread_blocked, id=5236, stack(0x0000000058830000,0x0000000058930000)]
  0x00000000574c6800 JavaThread "Attach Listener" daemon [_thread_blocked, id=7144, stack(0x0000000058f80000,0x0000000059080000)]
  0x00000000574c4000 JavaThread "Signal Dispatcher" daemon [_thread_blocked, id=2484, stack(0x0000000058e60000,0x0000000058f60000)]
  0x000000005746a800 JavaThread "Finalizer" daemon [_thread_blocked, id=532, stack(0x0000000058940000,0x0000000058a40000)]
  0x0000000057463800 JavaThread "Reference Handler" daemon [_thread_blocked, id=5052, stack(0x00000000584f0000,0x00000000585f0000)]
=>0x000000000223f000 JavaThread "main" [_thread_in_native, id=7384, stack(0x00000000025a0000,0x00000000026a0000)]

Other Threads:
  0x000000005745e800 VMThread [stack: 0x0000000058690000,0x0000000058790000] [id=7484]
  0x0000000058ac0000 WatcherThread [stack: 0x00000000595a0000,0x00000000596a0000] [id=7840]

VM state:not at safepoint (normal execution)

VM Mutex/Monitor currently owned by a thread: None

Heap:
 PSYoungGen      total 233984K, used 89022K [0x00000000d6580000, 0x00000000f4000000, 0x0000000100000000)
  eden space 233472K, 38% used [0x00000000d6580000,0x00000000dbc67a28,0x00000000e4980000)
  from space 512K, 6% used [0x00000000f3f80000,0x00000000f3f88000,0x00000000f4000000)
  to   space 4096K, 0% used [0x00000000f3800000,0x00000000f3800000,0x00000000f3c00000)
 ParOldGen       total 86016K, used 13490K [0x0000000083000000, 0x0000000088400000, 0x00000000d6580000)
  object space 86016K, 15% used [0x0000000083000000,0x0000000083d2ca20,0x0000000088400000)
 Metaspace       used 10619K, capacity 11203K, committed 11264K, reserved 1058816K
  class space    used 1114K, capacity 1246K, committed 1280K, reserved 1048576K

Card table byte_map: [0x0000000011d30000,0x0000000012120000] byte_map_base: 0x0000000011918000

Marking Bits: (ParMarkBitMap*) 0x000000006c9aa5b0
 Begin Bits: [0x0000000012860000, 0x00000000147a0000)
 End Bits:   [0x00000000147a0000, 0x00000000166e0000)

Polling page: 0x0000000000130000

CodeCache: size=245760Kb used=6319Kb max_used=6330Kb free=239440Kb
 bounds [0x0000000002970000, 0x0000000002fb0000, 0x0000000011970000]
 total_blobs=2473 nmethods=1904 adapters=482
 compilation: enabled

Compilation events (10 events):
Event: 8.927 Thread 0x0000000058a5e800 1904       3       map.Chunk$$Lambda$119/842741472::apply (12 bytes)
Event: 8.927 Thread 0x0000000058a42800 1905       4       map.CubeMap::getCube (80 bytes)
Event: 8.927 Thread 0x0000000058a5e800 nmethod 1904 0x0000000002f995d0 code [0x0000000002f997a0, 0x0000000002f99eb0]
Event: 8.932 Thread 0x0000000058a42800 nmethod 1905 0x0000000002f9d410 code [0x0000000002f9d5c0, 0x0000000002f9db58]
Event: 8.933 Thread 0x0000000058a42800 1906       4       map.CubeMap::isSolid (20 bytes)
Event: 8.943 Thread 0x0000000058a42800 nmethod 1906 0x0000000002f9e650 code [0x0000000002f9e860, 0x0000000002f9f3d8]
Event: 8.946 Thread 0x0000000058a42800 1907       4       map.Chunk$$Lambda$119/842741472::apply (12 bytes)
Event: 8.947 Thread 0x0000000058a42800 nmethod 1907 0x0000000002f98cd0 code [0x0000000002f98e40, 0x0000000002f98f78]
Event: 8.961 Thread 0x0000000058a42800 1908       4       util.Vec3::glVertex (16 bytes)
Event: 8.963 Thread 0x0000000058a42800 nmethod 1908 0x0000000002f990d0 code [0x0000000002f99220, 0x0000000002f99368]

GC Heap History (10 events):
Event: 7.113 GC heap before
{Heap before GC invocations=28 (full 0):
 PSYoungGen      total 297984K, used 291872K [0x00000000d6580000, 0x00000000f4d00000, 0x0000000100000000)
  eden space 291840K, 100% used [0x00000000d6580000,0x00000000e8280000,0x00000000e8280000)
  from space 6144K, 0% used [0x00000000f4100000,0x00000000f4108000,0x00000000f4700000)
  to   space 5632K, 0% used [0x00000000f4780000,0x00000000f4780000,0x00000000f4d00000)
 ParOldGen       total 86016K, used 13490K [0x0000000083000000, 0x0000000088400000, 0x00000000d6580000)
  object space 86016K, 15% used [0x0000000083000000,0x0000000083d2ca20,0x0000000088400000)
 Metaspace       used 10439K, capacity 10995K, committed 11264K, reserved 1058816K
  class space    used 1093K, capacity 1232K, committed 1280K, reserved 1048576K
Event: 7.114 GC heap after
Heap after GC invocations=28 (full 0):
 PSYoungGen      total 279552K, used 64K [0x00000000d6580000, 0x00000000f4800000, 0x0000000100000000)
  eden space 279040K, 0% used [0x00000000d6580000,0x00000000d6580000,0x00000000e7600000)
  from space 512K, 12% used [0x00000000f4780000,0x00000000f4790000,0x00000000f4800000)
  to   space 5120K, 0% used [0x00000000f3e00000,0x00000000f3e00000,0x00000000f4300000)
 ParOldGen       total 86016K, used 13490K [0x0000000083000000, 0x0000000088400000, 0x00000000d6580000)
  object space 86016K, 15% used [0x0000000083000000,0x0000000083d2ca20,0x0000000088400000)
 Metaspace       used 10439K, capacity 10995K, committed 11264K, reserved 1058816K
  class space    used 1093K, capacity 1232K, committed 1280K, reserved 1048576K
}
Event: 7.205 GC heap before
{Heap before GC invocations=29 (full 0):
 PSYoungGen      total 279552K, used 279104K [0x00000000d6580000, 0x00000000f4800000, 0x0000000100000000)
  eden space 279040K, 100% used [0x00000000d6580000,0x00000000e7600000,0x00000000e7600000)
  from space 512K, 12% used [0x00000000f4780000,0x00000000f4790000,0x00000000f4800000)
  to   space 5120K, 0% used [0x00000000f3e00000,0x00000000f3e00000,0x00000000f4300000)
 ParOldGen       total 86016K, used 13490K [0x0000000083000000, 0x0000000088400000, 0x00000000d6580000)
  object space 86016K, 15% used [0x0000000083000000,0x0000000083d2ca20,0x0000000088400000)
 Metaspace       used 10439K, capacity 10995K, committed 11264K, reserved 1058816K
  class space    used 1093K, capacity 1232K, committed 1280K, reserved 1048576K
Event: 7.206 GC heap after
Heap after GC invocations=29 (full 0):
 PSYoungGen      total 271872K, used 64K [0x00000000d6580000, 0x00000000f4800000, 0x0000000100000000)
  eden space 266752K, 0% used [0x00000000d6580000,0x00000000d6580000,0x00000000e6a00000)
  from space 5120K, 1% used [0x00000000f3e00000,0x00000000f3e10000,0x00000000f4300000)
  to   space 5120K, 0% used [0x00000000f4300000,0x00000000f4300000,0x00000000f4800000)
 ParOldGen       total 86016K, used 13490K [0x0000000083000000, 0x0000000088400000, 0x00000000d6580000)
  object space 86016K, 15% used [0x0000000083000000,0x0000000083d2ca20,0x0000000088400000)
 Metaspace       used 10439K, capacity 10995K, committed 11264K, reserved 1058816K
  class space    used 1093K, capacity 1232K, committed 1280K, reserved 1048576K
}
Event: 7.292 GC heap before
{Heap before GC invocations=30 (full 0):
 PSYoungGen      total 271872K, used 266816K [0x00000000d6580000, 0x00000000f4800000, 0x0000000100000000)
  eden space 266752K, 100% used [0x00000000d6580000,0x00000000e6a00000,0x00000000e6a00000)
  from space 5120K, 1% used [0x00000000f3e00000,0x00000000f3e10000,0x00000000f4300000)
  to   space 5120K, 0% used [0x00000000f4300000,0x00000000f4300000,0x00000000f4800000)
 ParOldGen       total 86016K, used 13490K [0x0000000083000000, 0x0000000088400000, 0x00000000d6580000)
  object space 86016K, 15% used [0x0000000083000000,0x0000000083d2ca20,0x0000000088400000)
 Metaspace       used 10439K, capacity 10995K, committed 11264K, reserved 1058816K
  class space    used 1093K, capacity 1232K, committed 1280K, reserved 1048576K
Event: 7.293 GC heap after
Heap after GC invocations=30 (full 0):
 PSYoungGen      total 255488K, used 32K [0x00000000d6580000, 0x00000000f4380000, 0x0000000100000000)
  eden space 254976K, 0% used [0x00000000d6580000,0x00000000d6580000,0x00000000e5e80000)
  from space 512K, 6% used [0x00000000f4300000,0x00000000f4308000,0x00000000f4380000)
  to   space 4608K, 0% used [0x00000000f3a80000,0x00000000f3a80000,0x00000000f3f00000)
 ParOldGen       total 86016K, used 13490K [0x0000000083000000, 0x0000000088400000, 0x00000000d6580000)
  object space 86016K, 15% used [0x0000000083000000,0x0000000083d2ca20,0x0000000088400000)
 Metaspace       used 10439K, capacity 10995K, committed 11264K, reserved 1058816K
  class space    used 1093K, capacity 1232K, committed 1280K, reserved 1048576K
}
Event: 7.356 GC heap before
{Heap before GC invocations=31 (full 0):
 PSYoungGen      total 255488K, used 255008K [0x00000000d6580000, 0x00000000f4380000, 0x0000000100000000)
  eden space 254976K, 100% used [0x00000000d6580000,0x00000000e5e80000,0x00000000e5e80000)
  from space 512K, 6% used [0x00000000f4300000,0x00000000f4308000,0x00000000f4380000)
  to   space 4608K, 0% used [0x00000000f3a80000,0x00000000f3a80000,0x00000000f3f00000)
 ParOldGen       total 86016K, used 13490K [0x0000000083000000, 0x0000000088400000, 0x00000000d6580000)
  object space 86016K, 15% used [0x0000000083000000,0x0000000083d2ca20,0x0000000088400000)
 Metaspace       used 10439K, capacity 10995K, committed 11264K, reserved 1058816K
  class space    used 1093K, capacity 1232K, committed 1280K, reserved 1048576K
Event: 7.357 GC heap after
Heap after GC invocations=31 (full 0):
 PSYoungGen      total 248320K, used 64K [0x00000000d6580000, 0x00000000f4380000, 0x0000000100000000)
  eden space 243712K, 0% used [0x00000000d6580000,0x00000000d6580000,0x00000000e5380000)
  from space 4608K, 1% used [0x00000000f3a80000,0x00000000f3a90000,0x00000000f3f00000)
  to   space 4096K, 0% used [0x00000000f3f80000,0x00000000f3f80000,0x00000000f4380000)
 ParOldGen       total 86016K, used 13490K [0x0000000083000000, 0x0000000088400000, 0x00000000d6580000)
  object space 86016K, 15% used [0x0000000083000000,0x0000000083d2ca20,0x0000000088400000)
 Metaspace       used 10439K, capacity 10995K, committed 11264K, reserved 1058816K
  class space    used 1093K, capacity 1232K, committed 1280K, reserved 1048576K
}
Event: 7.424 GC heap before
{Heap before GC invocations=32 (full 0):
 PSYoungGen      total 248320K, used 243776K [0x00000000d6580000, 0x00000000f4380000, 0x0000000100000000)
  eden space 243712K, 100% used [0x00000000d6580000,0x00000000e5380000,0x00000000e5380000)
  from space 4608K, 1% used [0x00000000f3a80000,0x00000000f3a90000,0x00000000f3f00000)
  to   space 4096K, 0% used [0x00000000f3f80000,0x00000000f3f80000,0x00000000f4380000)
 ParOldGen       total 86016K, used 13490K [0x0000000083000000, 0x0000000088400000, 0x00000000d6580000)
  object space 86016K, 15% used [0x0000000083000000,0x0000000083d2ca20,0x0000000088400000)
 Metaspace       used 10439K, capacity 10995K, committed 11264K, reserved 1058816K
  class space    used 1093K, capacity 1232K, committed 1280K, reserved 1048576K
Event: 7.425 GC heap after
Heap after GC invocations=32 (full 0):
 PSYoungGen      total 233984K, used 32K [0x00000000d6580000, 0x00000000f4000000, 0x0000000100000000)
  eden space 233472K, 0% used [0x00000000d6580000,0x00000000d6580000,0x00000000e4980000)
  from space 512K, 6% used [0x00000000f3f80000,0x00000000f3f88000,0x00000000f4000000)
  to   space 4096K, 0% used [0x00000000f3800000,0x00000000f3800000,0x00000000f3c00000)
 ParOldGen       total 86016K, used 13490K [0x0000000083000000, 0x0000000088400000, 0x00000000d6580000)
  object space 86016K, 15% used [0x0000000083000000,0x0000000083d2ca20,0x0000000088400000)
 Metaspace       used 10439K, capacity 10995K, committed 11264K, reserved 1058816K
  class space    used 1093K, capacity 1232K, committed 1280K, reserved 1048576K
}

Deoptimization events (10 events):
Event: 6.905 Thread 0x000000000223f000 Uncommon trap: reason=unstable_if action=reinterpret pc=0x0000000002eed824 method=map.CubeMap.getCube(Lutil/Vec3;)Lmap/CubeData; @ 35
Event: 6.906 Thread 0x000000000223f000 Uncommon trap: reason=unstable_if action=reinterpret pc=0x0000000002ed2f2c method=map.CubeMap.getCube(Lutil/Vec3;)Lmap/CubeData; @ 35
Event: 6.923 Thread 0x000000000223f000 Uncommon trap: reason=unstable_if action=reinterpret pc=0x0000000002ee37e8 method=map.CubeMap.getCube(Lutil/Vec3;)Lmap/CubeData; @ 35
Event: 8.852 Thread 0x000000000223f000 Uncommon trap: reason=bimorphic action=maybe_recompile pc=0x0000000002e580b4 method=java.util.stream.AbstractPipeline.<init>(Ljava/util/stream/AbstractPipeline;I)V @ 66
Event: 8.866 Thread 0x000000000223f000 Uncommon trap: reason=bimorphic action=maybe_recompile pc=0x0000000002e69338 method=java.util.stream.AbstractPipeline.copyInto(Ljava/util/stream/Sink;Ljava/util/Spliterator;)V @ 20
Event: 8.866 Thread 0x000000000223f000 Uncommon trap: reason=unstable_if action=reinterpret pc=0x0000000002e54288 method=java.util.Spliterator.getExactSizeIfKnown()J @ 9
Event: 8.868 Thread 0x000000000223f000 Uncommon trap: reason=bimorphic action=maybe_recompile pc=0x0000000002e55d80 method=java.util.stream.AbstractPipeline.wrapSink(Ljava/util/stream/Sink;)Ljava/util/stream/Sink; @ 23
Event: 8.869 Thread 0x000000000223f000 Uncommon trap: reason=unstable_if action=reinterpret pc=0x0000000002f000c0 method=java.lang.StrictMath.floorOrCeil(DDDD)D @ 90
Event: 8.869 Thread 0x000000000223f000 Uncommon trap: reason=unstable_if action=reinterpret pc=0x0000000002e6e618 method=java.lang.StrictMath.floorOrCeil(DDDD)D @ 90
Event: 8.869 Thread 0x000000000223f000 Uncommon trap: reason=unstable_if action=reinterpret pc=0x0000000002e4f560 method=java.lang.StrictMath.floorOrCeil(DDDD)D @ 90

Internal exceptions (10 events):
Event: 0.632 Thread 0x000000000223f000 Exception <a 'java/lang/NoSuchFieldError': method resolution failed> (0x00000000d6b2d9d8) thrown at [C:\workspace\8-2-build-windows-amd64-cygwin\jdk8u65\4987\hotspot\src\share\vm\prims\methodHandles.cpp, line 1146]
Event: 0.663 Thread 0x000000000223f000 Exception <a 'java/security/PrivilegedActionException'> (0x00000000d6bee230) thrown at [C:\workspace\8-2-build-windows-amd64-cygwin\jdk8u65\4987\hotspot\src\share\vm\prims\jvm.cpp, line 1386]
Event: 0.663 Thread 0x000000000223f000 Exception <a 'java/security/PrivilegedActionException'> (0x00000000d6bee440) thrown at [C:\workspace\8-2-build-windows-amd64-cygwin\jdk8u65\4987\hotspot\src\share\vm\prims\jvm.cpp, line 1386]
Event: 0.663 Thread 0x000000000223f000 Exception <a 'java/security/PrivilegedActionException'> (0x00000000d6bf2288) thrown at [C:\workspace\8-2-build-windows-amd64-cygwin\jdk8u65\4987\hotspot\src\share\vm\prims\jvm.cpp, line 1386]
Event: 0.663 Thread 0x000000000223f000 Exception <a 'java/security/PrivilegedActionException'> (0x00000000d6bf2498) thrown at [C:\workspace\8-2-build-windows-amd64-cygwin\jdk8u65\4987\hotspot\src\share\vm\prims\jvm.cpp, line 1386]
Event: 0.666 Thread 0x000000000223f000 Exception <a 'java/io/FileNotFoundException'> (0x00000000d6bf4880) thrown at [C:\workspace\8-2-build-windows-amd64-cygwin\jdk8u65\4987\hotspot\src\share\vm\prims\jni.cpp, line 709]
Event: 0.695 Thread 0x000000000223f000 Exception <a 'java/io/FileNotFoundException'> (0x00000000d6c36c20) thrown at [C:\workspace\8-2-build-windows-amd64-cygwin\jdk8u65\4987\hotspot\src\share\vm\prims\jni.cpp, line 709]
Event: 0.714 Thread 0x000000000223f000 Implicit null exception at 0x0000000002b0f88b to 0x0000000002b0fa3d
Event: 4.046 Thread 0x000000000223f000 Implicit null exception at 0x0000000002d8bb88 to 0x0000000002d8bc16
Event: 4.046 Thread 0x000000000223f000 Implicit null exception at 0x0000000002b8186f to 0x0000000002b81921

Events (10 events):
Event: 8.870 loading class map/CubeData
Event: 8.870 loading class map/CubeData done
Event: 8.870 loading class util/Mutable
Event: 8.870 loading class util/Mutable done
Event: 8.870 loading class java/lang/Math$RandomNumberGeneratorHolder
Event: 8.870 loading class java/lang/Math$RandomNumberGeneratorHolder done
Event: 8.870 loading class java/util/Random
Event: 8.870 loading class java/util/Random done
Event: 8.870 loading class java/util/concurrent/atomic/AtomicLong
Event: 8.870 loading class java/util/concurrent/atomic/AtomicLong done


Dynamic libraries:
0x000000013fde0000 - 0x000000013fe17000 	C:\Program Files\Java\jdk1.8.0_65\bin\java.exe
0x0000000077470000 - 0x000000007761a000 	C:\Windows\SYSTEM32\ntdll.dll
0x0000000077350000 - 0x000000007746f000 	C:\Windows\system32\kernel32.dll
0x000007fefd510000 - 0x000007fefd57b000 	C:\Windows\system32\KERNELBASE.dll
0x000007fefe370000 - 0x000007fefe44b000 	C:\Windows\system32\ADVAPI32.dll
0x000007fefe100000 - 0x000007fefe19f000 	C:\Windows\system32\msvcrt.dll
0x000007fefda50000 - 0x000007fefda6f000 	C:\Windows\SYSTEM32\sechost.dll
0x000007fefe450000 - 0x000007fefe57d000 	C:\Windows\system32\RPCRT4.dll
0x0000000077250000 - 0x000000007734a000 	C:\Windows\system32\USER32.dll
0x000007fefe1a0000 - 0x000007fefe207000 	C:\Windows\system32\GDI32.dll
0x000007fefe210000 - 0x000007fefe21e000 	C:\Windows\system32\LPK.dll
0x000007fefe2a0000 - 0x000007fefe36a000 	C:\Windows\system32\USP10.dll
0x000007fefbaa0000 - 0x000007fefbc94000 	C:\Windows\WinSxS\amd64_microsoft.windows.common-controls_6595b64144ccf1df_6.0.7601.18837_none_fa3b1e3d17594757\COMCTL32.dll
0x000007fefd5e0000 - 0x000007fefd651000 	C:\Windows\system32\SHLWAPI.dll
0x000007fefd5b0000 - 0x000007fefd5de000 	C:\Windows\system32\IMM32.DLL
0x000007fefdff0000 - 0x000007fefe0f9000 	C:\Windows\system32\MSCTF.dll
0x0000000072c60000 - 0x0000000072d32000 	C:\Program Files\Java\jdk1.8.0_65\jre\bin\msvcr100.dll
0x000000006c1a0000 - 0x000000006ca29000 	C:\Program Files\Java\jdk1.8.0_65\jre\bin\server\jvm.dll
0x000007fef7530000 - 0x000007fef7539000 	C:\Windows\system32\WSOCK32.dll
0x000007fefdef0000 - 0x000007fefdf3d000 	C:\Windows\system32\WS2_32.dll
0x000007fefdfe0000 - 0x000007fefdfe8000 	C:\Windows\system32\NSI.dll
0x000007fefae40000 - 0x000007fefae7b000 	C:\Windows\system32\WINMM.dll
0x000007fefc350000 - 0x000007fefc35c000 	C:\Windows\system32\VERSION.dll
0x0000000077640000 - 0x0000000077647000 	C:\Windows\system32\PSAPI.DLL
0x0000000073be0000 - 0x0000000073bef000 	C:\Program Files\Java\jdk1.8.0_65\jre\bin\verify.dll
0x00000000739e0000 - 0x0000000073a09000 	C:\Program Files\Java\jdk1.8.0_65\jre\bin\java.dll
0x00000000739c0000 - 0x00000000739d6000 	C:\Program Files\Java\jdk1.8.0_65\jre\bin\zip.dll
0x000007fefe580000 - 0x000007feff30a000 	C:\Windows\system32\SHELL32.dll
0x000007fefdc00000 - 0x000007fefde03000 	C:\Windows\system32\ole32.dll
0x000007fefd1f0000 - 0x000007fefd1ff000 	C:\Windows\system32\profapi.dll
0x0000000180000000 - 0x0000000180051000 	G:\OGPC 2016\OGPC 2016 Java\natives\lwjgl64.dll
0x000007fef3b80000 - 0x000007fef3c9d000 	C:\Windows\system32\OPENGL32.dll
0x000007fef8e70000 - 0x000007fef8e9d000 	C:\Windows\system32\GLU32.dll
0x000007feee740000 - 0x000007feee831000 	C:\Windows\system32\DDRAW.dll
0x000007fef9f60000 - 0x000007fef9f68000 	C:\Windows\system32\DCIMAN32.dll
0x000007feff5a0000 - 0x000007feff777000 	C:\Windows\system32\SETUPAPI.dll
0x000007fefd490000 - 0x000007fefd4c6000 	C:\Windows\system32\CFGMGR32.dll
0x000007fefde10000 - 0x000007fefdee8000 	C:\Windows\system32\OLEAUT32.dll
0x000007fefd3b0000 - 0x000007fefd3ca000 	C:\Windows\system32\DEVOBJ.dll
0x000007fefb4f0000 - 0x000007fefb508000 	C:\Windows\system32\dwmapi.dll
0x000007fefba40000 - 0x000007fefba96000 	C:\Windows\system32\uxtheme.dll
0x00000000003a0000 - 0x00000000003e1000 	C:\Program Files (x86)\NetSupport\NetSupport School\pciappctrl64.dll
0x000007fef4da0000 - 0x000007fef4ec5000 	C:\Windows\system32\dbghelp.dll
0x000007fef9f30000 - 0x000007fef9f48000 	C:\Windows\system32\MPR.dll
0x00000000006b0000 - 0x00000000006d5000 	C:\Program Files (x86)\Common Files\NSL\NSCommonHook64.dll
0x000007fee8da0000 - 0x000007fee95d3000 	C:\Windows\system32\ig7icd64.dll
0x000007feee840000 - 0x000007feeec9f000 	C:\Windows\system32\igdusc64.dll
0x000007fefc070000 - 0x000007fefc081000 	C:\Windows\system32\WTSAPI32.dll
0x000007fefd130000 - 0x000007fefd13f000 	C:\Windows\system32\CRYPTBASE.dll
0x000007fef3f10000 - 0x000007fef3fac000 	C:\Windows\system32\mscms.dll
0x000007fefd580000 - 0x000007fefd59e000 	C:\Windows\system32\USERENV.dll
0x000007fef4000000 - 0x000007fef4042000 	C:\Windows\system32\icm32.dll
0x0000000072710000 - 0x00000000728a8000 	C:\Program Files\Java\jdk1.8.0_65\jre\bin\awt.dll
0x000007fefbd30000 - 0x000007fefbd3a000 	C:\Windows\System32\drprov.dll
0x000007fefd0f0000 - 0x000007fefd12d000 	C:\Windows\System32\WINSTA.dll
0x000007fef9d70000 - 0x000007fef9d92000 	C:\Windows\System32\ntlanman.dll
0x000007fefa120000 - 0x000007fefa13d000 	C:\Windows\System32\davclnt.dll
0x000007fefb760000 - 0x000007fefb76a000 	C:\Windows\System32\DAVHLPR.dll
0x0000000072c10000 - 0x0000000072c57000 	C:\Program Files\Java\jdk1.8.0_65\jre\bin\fontmanager.dll
0x0000000073340000 - 0x000000007335a000 	C:\Program Files\Java\jdk1.8.0_65\jre\bin\net.dll
0x0000000001cf0000 - 0x0000000001d14000 	C:\Program Files (x86)\Common Files\NSL\nslsp64.dll
0x000007fefc990000 - 0x000007fefc9e5000 	C:\Windows\system32\mswsock.dll
0x000007fefc980000 - 0x000007fefc987000 	C:\Windows\System32\wship6.dll
0x00000000733b0000 - 0x00000000733c1000 	C:\Program Files\Java\jdk1.8.0_65\jre\bin\nio.dll
0x0000000072bc0000 - 0x0000000072c02000 	C:\Program Files\Java\jdk1.8.0_65\jre\bin\t2k.dll

VM Arguments:
jvm_args: -Dfile.encoding=UTF-8 -Dorg.lwjgl.opengl.Display.allowSoftwareOpenGL=true 
java_command: invisibleman.Client
java_class_path (initial): G:\OGPC 2016\OGPC 2016 Java\lib\jfxrt.jar;G:\OGPC 2016\OGPC 2016 Java\lib\jinput.jar;G:\OGPC 2016\OGPC 2016 Java\lib\lwjgl.jar;G:\OGPC 2016\OGPC 2016 Java\lib\lwjgl_util.jar;G:\OGPC 2016\OGPC 2016 Java\lib\slick-util.jar;G:\OGPC 2016\OGPC 2016 Java\lib\protonpack-1.1.jar;G:\OGPC 2016\OGPC 2016 Java\lib\Forge.jar;G:\OGPC 2016\OGPC 2016 Java\build\classes
Launcher Type: SUN_STANDARD

Environment Variables:
PATH=C:\Program Files\Common Files\Microsoft Shared\Windows Live;C:\Program Files (x86)\Common Files\Microsoft Shared\Windows Live;C:\ProgramData\Oracle\Java\javapath;C:\Windows\system32;C:\Windows;C:\Windows\System32\Wbem;C:\Windows\System32\WindowsPowerShell\v1.0\;C:\Program Files\Intel\WiFi\bin\;C:\Program Files\Common Files\Intel\WirelessCommon\;C:\Program Files (x86)\Intel\OpenCL SDK\2.0\bin\x86;C:\Program Files (x86)\Intel\OpenCL SDK\2.0\bin\x64;C:\SWTOOLS\ReadyApps;C:\Program Files (x86)\QuickTime\QTSystem\;C:\Program Files (x86)\Windows Live\Shared;C:\Program Files\Intel\WiFi\bin\;C:\Program Files\Common Files\Intel\WirelessCommon\
USERNAME=RSoiffer16
OS=Windows_NT
PROCESSOR_IDENTIFIER=Intel64 Family 6 Model 58 Stepping 9, GenuineIntel



---------------  S Y S T E M  ---------------

OS: Windows 7 , 64 bit Build 7601 (6.1.7601.19160)

CPU:total 4 (2 cores per cpu, 2 threads per core) family 6 model 58 stepping 9, cmov, cx8, fxsr, mmx, sse, sse2, sse3, ssse3, sse4.1, sse4.2, popcnt, avx, clmul, erms, ht, tsc, tscinvbit, tscinv

Memory: 4k page, physical 8186072k(4634212k free), swap 16370308k(11920408k free)

vm_info: Java HotSpot(TM) 64-Bit Server VM (25.65-b01) for windows-amd64 JRE (1.8.0_65-b17), built on Oct  6 2015 16:39:20 by "java_re" with MS VC++ 10.0 (VS2010)

time: Tue Apr 19 15:38:02 2016
elapsed time: 9 seconds (0d 0h 0m 9s)

