#
# A fatal error has been detected by the Java Runtime Environment:
#
#  EXCEPTION_ACCESS_VIOLATION (0xc0000005) at pc=0x000000001a1dd184, pid=7700, tid=6060
#
# JRE version: Java(TM) SE Runtime Environment (8.0_51-b16) (build 1.8.0_51-b16)
# Java VM: Java HotSpot(TM) 64-Bit Server VM (25.51-b03 mixed mode windows-amd64 compressed oops)
# Problematic frame:
# C  [ig7icd64.dll+0x1d184]
#
# Failed to write core dump. Minidumps are not enabled by default on client versions of Windows
#
# If you would like to submit a bug report, please visit:
#   http://bugreport.java.com/bugreport/crash.jsp
# The crash happened outside the Java Virtual Machine in native code.
# See problematic frame for where to report the bug.
#

---------------  T H R E A D  ---------------

Current thread (0x0000000000a1d800):  JavaThread "main" [_thread_in_native, id=6060, stack(0x0000000002170000,0x0000000002270000)]

siginfo: ExceptionCode=0xc0000005, writing address 0x0000000019f9a000

Registers:
RAX=0x0000000000000001, RBX=0x000000001a97e000, RCX=0x0000000019f9a010, RDX=0x000000001eec34e0
RSP=0x000000000226e560, RBP=0x0000000000000000, RSI=0x000000001bf134f0, RDI=0x000000001eec3180
R8 =0x0000000000000020, R9 =0x0000000000000000, R10=0x0000000000000001, R11=0x0000000000000002
R12=0x0000000000000000, R13=0x000000001ee4bec0, R14=0x000000001bf15200, R15=0x0000000000000000
RIP=0x000000001a1dd184, EFLAGS=0x0000000000010202

Top of Stack: (sp=0x000000000226e560)
0x000000000226e560:   2c03400000000000 0000000000000000
0x000000000226e570:   3003400000000000 0000000000000000
0x000000000226e580:   3403400000000000 0000000000000000
0x000000000226e590:   3803400000000000 0000000000000000
0x000000000226e5a0:   3c03400000000000 000000001a3e0ac8
0x000000000226e5b0:   000000001a97e000 0000000000000000
0x000000000226e5c0:   4403400000000000 0000000000000000
0x000000000226e5d0:   4803400000000000 0000000000000000
0x000000000226e5e0:   000000001eec34d0 0000000000000000
0x000000000226e5f0:   0000000000000000 0000000000000000
0x000000000226e600:   000000001f214760 0000000000000002
0x000000000226e610:   0000000000000002 000000002294d010
0x000000000226e620:   000000001a97e000 000000001eec32dc
0x000000000226e630:   000000001eec3180 000000001a412a54
0x000000000226e640:   000000000226e6d9 000000002294d101
0x000000000226e650:   000000001eec32dc 0000000000000000 

Instructions: (pc=0x000000001a1dd184)
0x000000001a1dd164:   d1 49 c1 eb 04 4d 85 db 0f 84 24 02 00 00 f3 0f
0x000000001a1dd174:   6f 02 41 ff c2 48 83 c1 10 41 8b c2 48 83 c2 10
0x000000001a1dd184:   f3 0f 7f 41 f0 49 3b c3 72 e4 e9 03 02 00 00 48
0x000000001a1dd194:   89 7c 24 40 8b f9 83 e7 0f 74 68 48 89 5c 24 50 


Register to memory mapping:

RAX=0x0000000000000001 is an unknown value
RBX=0x000000001a97e000 is an unknown value
RCX=0x0000000019f9a010 is an unknown value
RDX=0x000000001eec34e0 is an unknown value
RSP=0x000000000226e560 is pointing into the stack for thread: 0x0000000000a1d800
RBP=0x0000000000000000 is an unknown value
RSI=0x000000001bf134f0 is an unknown value
RDI=0x000000001eec3180 is an unknown value
R8 =0x0000000000000020 is an unknown value
R9 =0x0000000000000000 is an unknown value
R10=0x0000000000000001 is an unknown value
R11=0x0000000000000002 is an unknown value
R12=0x0000000000000000 is an unknown value
R13=0x000000001ee4bec0 is an unknown value
R14=0x000000001bf15200 is an unknown value
R15=0x0000000000000000 is an unknown value


Stack: [0x0000000002170000,0x0000000002270000],  sp=0x000000000226e560,  free space=1017k
Native frames: (J=compiled Java code, j=interpreted, Vv=VM code, C=native code)

Java frames: (J=compiled Java code, j=interpreted, Vv=VM code)
J 1829  org.lwjgl.opengl.GL11.nglCallList(IJ)V (0 bytes) @ 0x000000000252c544 [0x000000000252c500+0x44]
J 1916 C2 map.CubeMap$$Lambda$124.accept(Ljava/lang/Object;Ljava/lang/Object;)V (12 bytes) @ 0x000000000277cc98 [0x000000000277cb80+0x118]
J 1752 C2 util.Util$$Lambda$65.accept(Ljava/lang/Object;)V (20 bytes) @ 0x00000000029b4a48 [0x00000000029b4960+0xe8]
J 1510 C2 util.Util.forRange(IILjava/util/function/Consumer;)V (24 bytes) @ 0x0000000002917c60 [0x00000000029179a0+0x2c0]
J 1956 C1 map.CubeMap.drawAll()V (49 bytes) @ 0x0000000002851104 [0x000000000284ffa0+0x1164]
J 1938 C1 map.Editor$$Lambda$96.run()V (4 bytes) @ 0x000000000256153c [0x0000000002561480+0xbc]
J 1967 C2 engine.EventStream$$Lambda$2.accept(Ljava/lang/Object;)V (12 bytes) @ 0x0000000002849218 [0x00000000028491c0+0x58]
J 1976 C2 engine.EventStream.sendEvent()V (27 bytes) @ 0x000000000284589c [0x0000000002845600+0x29c]
J 2071 C2 java.lang.Iterable.forEach(Ljava/util/function/Consumer;)V (39 bytes) @ 0x0000000002a97b78 [0x0000000002a979e0+0x198]
J 933% C2 engine.Core.run()V (114 bytes) @ 0x00000000027763a8 [0x00000000027762e0+0xc8]
j  map.Editor.start(Ljava/lang/String;)V+481
j  guis.Play.recieve(Ljava/lang/String;Ljava/lang/Object;)V+131
j  gui.components.GUIButton.send()V+68
j  gui.TypingManager.compOpen(Lgui/types/GUIInputComponent;)V+24
j  gui.TypingManager.lambda$null$1()V+93
j  gui.TypingManager$$Lambda$35.run()V+0
J 999 C1 engine.EventStream$$Lambda$2.accept(Ljava/lang/Object;)V (12 bytes) @ 0x0000000002797d94 [0x0000000002797b60+0x234]
J 994 C1 engine.EventStream$$Lambda$3.run()V (12 bytes) @ 0x00000000027957d4 [0x0000000002795680+0x154]
J 993 C1 engine.EventStream$$Lambda$33.accept(Ljava/lang/Object;)V (10 bytes) @ 0x0000000002795304 [0x0000000002795100+0x204]
J 1171 C2 java.util.ArrayList.forEach(Ljava/util/function/Consumer;)V (75 bytes) @ 0x000000000281bd24 [0x000000000281bc60+0xc4]
J 1101 C1 engine.Signal$$Lambda$5.accept(Ljava/lang/Object;)V (16 bytes) @ 0x00000000027d670c [0x00000000027d5f40+0x7cc]
J 994 C1 engine.EventStream$$Lambda$3.run()V (12 bytes) @ 0x00000000027957d4 [0x0000000002795680+0x154]
J 993 C1 engine.EventStream$$Lambda$33.accept(Ljava/lang/Object;)V (10 bytes) @ 0x0000000002795304 [0x0000000002795100+0x204]
J 1171 C2 java.util.ArrayList.forEach(Ljava/util/function/Consumer;)V (75 bytes) @ 0x000000000281bd24 [0x000000000281bc60+0xc4]
J 1166 C1 engine.Input.lambda$static$0()V (417 bytes) @ 0x000000000280c2b4 [0x0000000002808460+0x3e54]
J 1165 C1 engine.Input$$Lambda$1.run()V (4 bytes) @ 0x0000000002816ebc [0x0000000002816e40+0x7c]
J 999 C1 engine.EventStream$$Lambda$2.accept(Ljava/lang/Object;)V (12 bytes) @ 0x0000000002797d94 [0x0000000002797b60+0x234]
J 994 C1 engine.EventStream$$Lambda$3.run()V (12 bytes) @ 0x00000000027957d4 [0x0000000002795680+0x154]
J 993 C1 engine.EventStream$$Lambda$33.accept(Ljava/lang/Object;)V (10 bytes) @ 0x0000000002795304 [0x0000000002795100+0x204]
J 1171 C2 java.util.ArrayList.forEach(Ljava/util/function/Consumer;)V (75 bytes) @ 0x000000000281bd24 [0x000000000281bc60+0xc4]
J 1122 C1 engine.Core$$Lambda$49.accept(Ljava/lang/Object;)V (12 bytes) @ 0x00000000027eadfc [0x00000000027ea700+0x6fc]
J 1124 C1 java.lang.Iterable.forEach(Ljava/util/function/Consumer;)V (39 bytes) @ 0x00000000027e718c [0x00000000027e6ea0+0x2ec]
J 933% C2 engine.Core.run()V (114 bytes) @ 0x0000000002776374 [0x00000000027762e0+0x94]
j  invisibleman.Client.main([Ljava/lang/String;)V+139
v  ~StubRoutines::call_stub

---------------  P R O C E S S  ---------------

Java Threads: ( => current thread )
  0x000000001972d800 JavaThread "AWT-Windows" daemon [_thread_in_native, id=9920, stack(0x000000001f820000,0x000000001f920000)]
  0x000000001971a000 JavaThread "Java2D Disposer" daemon [_thread_blocked, id=7948, stack(0x000000001f620000,0x000000001f720000)]
  0x0000000019409800 JavaThread "Service Thread" daemon [_thread_blocked, id=7972, stack(0x0000000019d50000,0x0000000019e50000)]
  0x0000000019389800 JavaThread "C1 CompilerThread3" daemon [_thread_blocked, id=10548, stack(0x0000000019c50000,0x0000000019d50000)]
  0x0000000019378000 JavaThread "C2 CompilerThread2" daemon [_thread_blocked, id=1500, stack(0x0000000019b50000,0x0000000019c50000)]
  0x0000000019372800 JavaThread "C2 CompilerThread1" daemon [_thread_blocked, id=9040, stack(0x0000000019a50000,0x0000000019b50000)]
  0x0000000019383000 JavaThread "C2 CompilerThread0" daemon [_thread_blocked, id=8836, stack(0x0000000019950000,0x0000000019a50000)]
  0x0000000019381000 JavaThread "Attach Listener" daemon [_thread_blocked, id=9908, stack(0x0000000019850000,0x0000000019950000)]
  0x000000001937f800 JavaThread "Signal Dispatcher" daemon [_thread_blocked, id=1784, stack(0x0000000019750000,0x0000000019850000)]
  0x0000000002419000 JavaThread "Finalizer" daemon [_thread_blocked, id=3668, stack(0x0000000019250000,0x0000000019350000)]
  0x0000000002412000 JavaThread "Reference Handler" daemon [_thread_blocked, id=8864, stack(0x0000000019150000,0x0000000019250000)]
=>0x0000000000a1d800 JavaThread "main" [_thread_in_native, id=6060, stack(0x0000000002170000,0x0000000002270000)]

Other Threads:
  0x0000000017359800 VMThread [stack: 0x0000000019050000,0x0000000019150000] [id=7308]
  0x0000000019415000 WatcherThread [stack: 0x0000000019e50000,0x0000000019f50000] [id=10184]

VM state:not at safepoint (normal execution)

VM Mutex/Monitor currently owned by a thread: None

Heap:
 PSYoungGen      total 70656K, used 35232K [0x00000000d6000000, 0x00000000f2780000, 0x0000000100000000)
  eden space 70144K, 50% used [0x00000000d6000000,0x00000000d82400a8,0x00000000da480000)
  from space 512K, 31% used [0x00000000f2700000,0x00000000f2728000,0x00000000f2780000)
  to   space 512K, 0% used [0x00000000f2680000,0x00000000f2680000,0x00000000f2700000)
 ParOldGen       total 86016K, used 14114K [0x0000000082000000, 0x0000000087400000, 0x00000000d6000000)
  object space 86016K, 16% used [0x0000000082000000,0x0000000082dc8868,0x0000000087400000)
 Metaspace       used 10758K, capacity 11443K, committed 11520K, reserved 1058816K
  class space    used 1117K, capacity 1248K, committed 1280K, reserved 1048576K

Card table byte_map: [0x00000000117e0000,0x0000000011be0000] byte_map_base: 0x00000000113d0000

Marking Bits: (ParMarkBitMap*) 0x0000000058f24040
 Begin Bits: [0x0000000012680000, 0x0000000014600000)
 End Bits:   [0x0000000014600000, 0x0000000016580000)

Polling page: 0x00000000009e0000

CodeCache: size=245760Kb used=6542Kb max_used=6635Kb free=239217Kb
 bounds [0x0000000002420000, 0x0000000002ab0000, 0x0000000011420000]
 total_blobs=2439 nmethods=1869 adapters=483
 compilation: enabled

Compilation events (10 events):
Event: 40.976 Thread 0x0000000019389800 2093       3       com.codepoetics.protonpack.TakeWhileSpliterator::lambda$tryAdvance$17 (26 bytes)
Event: 40.976 Thread 0x0000000019389800 nmethod 2093 0x00000000027674d0 code [0x0000000002767640, 0x0000000002767978]
Event: 40.976 Thread 0x0000000019389800 2094       3       map.Editor$$Lambda$128/1803669141::test (8 bytes)
Event: 40.976 Thread 0x0000000019389800 nmethod 2094 0x000000000278d690 code [0x000000000278d800, 0x000000000278db10]
Event: 40.976 Thread 0x0000000019389800 2095       3       map.Editor::lambda$null$36 (13 bytes)
Event: 40.976 Thread 0x0000000019389800 nmethod 2095 0x00000000027a0dd0 code [0x00000000027a0f20, 0x00000000027a10b0]
Event: 40.976 Thread 0x0000000019389800 2097       3       java.util.stream.SpinedBuffer::get (123 bytes)
Event: 40.977 Thread 0x0000000019389800 nmethod 2097 0x0000000002829350 code [0x0000000002829560, 0x0000000002829c78]
Event: 43.029 Thread 0x0000000019372800 2098       4       java.lang.Math::min (45 bytes)
Event: 43.029 Thread 0x0000000019372800 nmethod 2098 0x00000000028a0410 code [0x00000000028a0580, 0x00000000028a0658]

GC Heap History (10 events):
Event: 46.615 GC heap before
{Heap before GC invocations=86 (full 0):
 PSYoungGen      total 82944K, used 82592K [0x00000000d6000000, 0x00000000f2780000, 0x0000000100000000)
  eden space 82432K, 100% used [0x00000000d6000000,0x00000000db080000,0x00000000db080000)
  from space 512K, 31% used [0x00000000f2680000,0x00000000f26a8000,0x00000000f2700000)
  to   space 512K, 0% used [0x00000000f2700000,0x00000000f2700000,0x00000000f2780000)
 ParOldGen       total 86016K, used 14058K [0x0000000082000000, 0x0000000087400000, 0x00000000d6000000)
  object space 86016K, 16% used [0x0000000082000000,0x0000000082dba868,0x0000000087400000)
 Metaspace       used 10758K, capacity 11443K, committed 11520K, reserved 1058816K
  class space    used 1117K, capacity 1248K, committed 1280K, reserved 1048576K
Event: 46.615 GC heap after
Heap after GC invocations=86 (full 0):
 PSYoungGen      total 80384K, used 160K [0x00000000d6000000, 0x00000000f2780000, 0x0000000100000000)
  eden space 79872K, 0% used [0x00000000d6000000,0x00000000d6000000,0x00000000dae00000)
  from space 512K, 31% used [0x00000000f2700000,0x00000000f2728000,0x00000000f2780000)
  to   space 512K, 0% used [0x00000000f2680000,0x00000000f2680000,0x00000000f2700000)
 ParOldGen       total 86016K, used 14058K [0x0000000082000000, 0x0000000087400000, 0x00000000d6000000)
  object space 86016K, 16% used [0x0000000082000000,0x0000000082dba868,0x0000000087400000)
 Metaspace       used 10758K, capacity 11443K, committed 11520K, reserved 1058816K
  class space    used 1117K, capacity 1248K, committed 1280K, reserved 1048576K
}
Event: 46.938 GC heap before
{Heap before GC invocations=87 (full 0):
 PSYoungGen      total 80384K, used 80032K [0x00000000d6000000, 0x00000000f2780000, 0x0000000100000000)
  eden space 79872K, 100% used [0x00000000d6000000,0x00000000dae00000,0x00000000dae00000)
  from space 512K, 31% used [0x00000000f2700000,0x00000000f2728000,0x00000000f2780000)
  to   space 512K, 0% used [0x00000000f2680000,0x00000000f2680000,0x00000000f2700000)
 ParOldGen       total 86016K, used 14058K [0x0000000082000000, 0x0000000087400000, 0x00000000d6000000)
  object space 86016K, 16% used [0x0000000082000000,0x0000000082dba868,0x0000000087400000)
 Metaspace       used 10758K, capacity 11443K, committed 11520K, reserved 1058816K
  class space    used 1117K, capacity 1248K, committed 1280K, reserved 1048576K
Event: 46.939 GC heap after
Heap after GC invocations=87 (full 0):
 PSYoungGen      total 77824K, used 128K [0x00000000d6000000, 0x00000000f2780000, 0x0000000100000000)
  eden space 77312K, 0% used [0x00000000d6000000,0x00000000d6000000,0x00000000dab80000)
  from space 512K, 25% used [0x00000000f2680000,0x00000000f26a0000,0x00000000f2700000)
  to   space 512K, 0% used [0x00000000f2700000,0x00000000f2700000,0x00000000f2780000)
 ParOldGen       total 86016K, used 14074K [0x0000000082000000, 0x0000000087400000, 0x00000000d6000000)
  object space 86016K, 16% used [0x0000000082000000,0x0000000082dbe868,0x0000000087400000)
 Metaspace       used 10758K, capacity 11443K, committed 11520K, reserved 1058816K
  class space    used 1117K, capacity 1248K, committed 1280K, reserved 1048576K
}
Event: 47.231 GC heap before
{Heap before GC invocations=88 (full 0):
 PSYoungGen      total 77824K, used 77440K [0x00000000d6000000, 0x00000000f2780000, 0x0000000100000000)
  eden space 77312K, 100% used [0x00000000d6000000,0x00000000dab80000,0x00000000dab80000)
  from space 512K, 25% used [0x00000000f2680000,0x00000000f26a0000,0x00000000f2700000)
  to   space 512K, 0% used [0x00000000f2700000,0x00000000f2700000,0x00000000f2780000)
 ParOldGen       total 86016K, used 14074K [0x0000000082000000, 0x0000000087400000, 0x00000000d6000000)
  object space 86016K, 16% used [0x0000000082000000,0x0000000082dbe868,0x0000000087400000)
 Metaspace       used 10758K, capacity 11443K, committed 11520K, reserved 1058816K
  class space    used 1117K, capacity 1248K, committed 1280K, reserved 1048576K
Event: 47.231 GC heap after
Heap after GC invocations=88 (full 0):
 PSYoungGen      total 75264K, used 160K [0x00000000d6000000, 0x00000000f2780000, 0x0000000100000000)
  eden space 74752K, 0% used [0x00000000d6000000,0x00000000d6000000,0x00000000da900000)
  from space 512K, 31% used [0x00000000f2700000,0x00000000f2728000,0x00000000f2780000)
  to   space 512K, 0% used [0x00000000f2680000,0x00000000f2680000,0x00000000f2700000)
 ParOldGen       total 86016K, used 14074K [0x0000000082000000, 0x0000000087400000, 0x00000000d6000000)
  object space 86016K, 16% used [0x0000000082000000,0x0000000082dbe868,0x0000000087400000)
 Metaspace       used 10758K, capacity 11443K, committed 11520K, reserved 1058816K
  class space    used 1117K, capacity 1248K, committed 1280K, reserved 1048576K
}
Event: 47.252 GC heap before
{Heap before GC invocations=89 (full 0):
 PSYoungGen      total 75264K, used 74912K [0x00000000d6000000, 0x00000000f2780000, 0x0000000100000000)
  eden space 74752K, 100% used [0x00000000d6000000,0x00000000da900000,0x00000000da900000)
  from space 512K, 31% used [0x00000000f2700000,0x00000000f2728000,0x00000000f2780000)
  to   space 512K, 0% used [0x00000000f2680000,0x00000000f2680000,0x00000000f2700000)
 ParOldGen       total 86016K, used 14074K [0x0000000082000000, 0x0000000087400000, 0x00000000d6000000)
  object space 86016K, 16% used [0x0000000082000000,0x0000000082dbe868,0x0000000087400000)
 Metaspace       used 10758K, capacity 11443K, committed 11520K, reserved 1058816K
  class space    used 1117K, capacity 1248K, committed 1280K, reserved 1048576K
Event: 47.253 GC heap after
Heap after GC invocations=89 (full 0):
 PSYoungGen      total 72704K, used 32K [0x00000000d6000000, 0x00000000f2780000, 0x0000000100000000)
  eden space 72192K, 0% used [0x00000000d6000000,0x00000000d6000000,0x00000000da680000)
  from space 512K, 6% used [0x00000000f2680000,0x00000000f2688000,0x00000000f2700000)
  to   space 512K, 0% used [0x00000000f2700000,0x00000000f2700000,0x00000000f2780000)
 ParOldGen       total 86016K, used 14114K [0x0000000082000000, 0x0000000087400000, 0x00000000d6000000)
  object space 86016K, 16% used [0x0000000082000000,0x0000000082dc8868,0x0000000087400000)
 Metaspace       used 10758K, capacity 11443K, committed 11520K, reserved 1058816K
  class space    used 1117K, capacity 1248K, committed 1280K, reserved 1048576K
}
Event: 48.521 GC heap before
{Heap before GC invocations=90 (full 0):
 PSYoungGen      total 72704K, used 72224K [0x00000000d6000000, 0x00000000f2780000, 0x0000000100000000)
  eden space 72192K, 100% used [0x00000000d6000000,0x00000000da680000,0x00000000da680000)
  from space 512K, 6% used [0x00000000f2680000,0x00000000f2688000,0x00000000f2700000)
  to   space 512K, 0% used [0x00000000f2700000,0x00000000f2700000,0x00000000f2780000)
 ParOldGen       total 86016K, used 14114K [0x0000000082000000, 0x0000000087400000, 0x00000000d6000000)
  object space 86016K, 16% used [0x0000000082000000,0x0000000082dc8868,0x0000000087400000)
 Metaspace       used 10758K, capacity 11443K, committed 11520K, reserved 1058816K
  class space    used 1117K, capacity 1248K, committed 1280K, reserved 1048576K
Event: 48.522 GC heap after
Heap after GC invocations=90 (full 0):
 PSYoungGen      total 70656K, used 160K [0x00000000d6000000, 0x00000000f2780000, 0x0000000100000000)
  eden space 70144K, 0% used [0x00000000d6000000,0x00000000d6000000,0x00000000da480000)
  from space 512K, 31% used [0x00000000f2700000,0x00000000f2728000,0x00000000f2780000)
  to   space 512K, 0% used [0x00000000f2680000,0x00000000f2680000,0x00000000f2700000)
 ParOldGen       total 86016K, used 14114K [0x0000000082000000, 0x0000000087400000, 0x00000000d6000000)
  object space 86016K, 16% used [0x0000000082000000,0x0000000082dc8868,0x0000000087400000)
 Metaspace       used 10758K, capacity 11443K, committed 11520K, reserved 1058816K
  class space    used 1117K, capacity 1248K, committed 1280K, reserved 1048576K
}

Deoptimization events (10 events):
Event: 17.094 Thread 0x0000000000a1d800 Uncommon trap: reason=bimorphic action=maybe_recompile pc=0x0000000002577fac method=java.util.stream.AbstractPipeline.copyInto(Ljava/util/stream/Sink;Ljava/util/Spliterator;)V @ 20
Event: 17.094 Thread 0x0000000000a1d800 Uncommon trap: reason=bimorphic action=maybe_recompile pc=0x0000000002983acc method=java.util.stream.AbstractPipeline.wrapSink(Ljava/util/stream/Sink;)Ljava/util/stream/Sink; @ 23
Event: 17.826 Thread 0x0000000000a1d800 Uncommon trap: reason=class_check action=maybe_recompile pc=0x0000000002577e28 method=java.util.stream.AbstractPipeline.copyIntoWithCancel(Ljava/util/stream/Sink;Ljava/util/Spliterator;)V @ 19
Event: 18.407 Thread 0x0000000000a1d800 Uncommon trap: reason=bimorphic action=maybe_recompile pc=0x000000000294cd18 method=java.util.stream.AbstractPipeline.<init>(Ljava/util/stream/AbstractPipeline;I)V @ 66
Event: 18.407 Thread 0x0000000000a1d800 Uncommon trap: reason=bimorphic action=maybe_recompile pc=0x0000000002577fac method=java.util.stream.AbstractPipeline.copyInto(Ljava/util/stream/Sink;Ljava/util/Spliterator;)V @ 20
Event: 18.407 Thread 0x0000000000a1d800 Uncommon trap: reason=bimorphic action=maybe_recompile pc=0x0000000002983acc method=java.util.stream.AbstractPipeline.wrapSink(Ljava/util/stream/Sink;)Ljava/util/stream/Sink; @ 23
Event: 19.153 Thread 0x0000000000a1d800 Uncommon trap: reason=class_check action=maybe_recompile pc=0x0000000002577e28 method=java.util.stream.AbstractPipeline.copyIntoWithCancel(Ljava/util/stream/Sink;Ljava/util/Spliterator;)V @ 19
Event: 19.640 Thread 0x0000000000a1d800 Uncommon trap: reason=bimorphic action=maybe_recompile pc=0x000000000294cd18 method=java.util.stream.AbstractPipeline.<init>(Ljava/util/stream/AbstractPipeline;I)V @ 66
Event: 19.640 Thread 0x0000000000a1d800 Uncommon trap: reason=bimorphic action=maybe_recompile pc=0x0000000002577fac method=java.util.stream.AbstractPipeline.copyInto(Ljava/util/stream/Sink;Ljava/util/Spliterator;)V @ 20
Event: 19.640 Thread 0x0000000000a1d800 Uncommon trap: reason=bimorphic action=maybe_recompile pc=0x0000000002983acc method=java.util.stream.AbstractPipeline.wrapSink(Ljava/util/stream/Sink;)Ljava/util/stream/Sink; @ 23

Internal exceptions (10 events):
Event: 0.080 Thread 0x0000000000a1d800 Exception <a 'java/security/PrivilegedActionException'> (0x00000000d61fc5c8) thrown at [C:\re\workspace\8-2-build-windows-amd64-cygwin\jdk8u51\3951\hotspot\src\share\vm\prims\jvm.cpp, line 1382]
Event: 0.080 Thread 0x0000000000a1d800 Exception <a 'java/security/PrivilegedActionException'> (0x00000000d61fc780) thrown at [C:\re\workspace\8-2-build-windows-amd64-cygwin\jdk8u51\3951\hotspot\src\share\vm\prims\jvm.cpp, line 1382]
Event: 0.281 Thread 0x0000000000a1d800 Exception <a 'java/lang/NoSuchFieldError': method resolution failed> (0x00000000d65eb0f8) thrown at [C:\re\workspace\8-2-build-windows-amd64-cygwin\jdk8u51\3951\hotspot\src\share\vm\prims\methodHandles.cpp, line 1125]
Event: 0.283 Thread 0x0000000000a1d800 Exception <a 'java/lang/NoSuchFieldError': method resolution failed> (0x00000000d65f97c8) thrown at [C:\re\workspace\8-2-build-windows-amd64-cygwin\jdk8u51\3951\hotspot\src\share\vm\prims\methodHandles.cpp, line 1125]
Event: 0.308 Thread 0x0000000000a1d800 Exception <a 'java/security/PrivilegedActionException'> (0x00000000d66bcab0) thrown at [C:\re\workspace\8-2-build-windows-amd64-cygwin\jdk8u51\3951\hotspot\src\share\vm\prims\jvm.cpp, line 1382]
Event: 0.308 Thread 0x0000000000a1d800 Exception <a 'java/security/PrivilegedActionException'> (0x00000000d66bcc68) thrown at [C:\re\workspace\8-2-build-windows-amd64-cygwin\jdk8u51\3951\hotspot\src\share\vm\prims\jvm.cpp, line 1382]
Event: 0.308 Thread 0x0000000000a1d800 Exception <a 'java/security/PrivilegedActionException'> (0x00000000d66c0a00) thrown at [C:\re\workspace\8-2-build-windows-amd64-cygwin\jdk8u51\3951\hotspot\src\share\vm\prims\jvm.cpp, line 1382]
Event: 0.308 Thread 0x0000000000a1d800 Exception <a 'java/security/PrivilegedActionException'> (0x00000000d66c0bb8) thrown at [C:\re\workspace\8-2-build-windows-amd64-cygwin\jdk8u51\3951\hotspot\src\share\vm\prims\jvm.cpp, line 1382]
Event: 0.312 Thread 0x0000000000a1d800 Exception <a 'java/io/FileNotFoundException'> (0x00000000d66c2ee0) thrown at [C:\re\workspace\8-2-build-windows-amd64-cygwin\jdk8u51\3951\hotspot\src\share\vm\prims\jni.cpp, line 709]
Event: 0.334 Thread 0x0000000000a1d800 Exception <a 'java/io/FileNotFoundException'> (0x00000000d6703148) thrown at [C:\re\workspace\8-2-build-windows-amd64-cygwin\jdk8u51\3951\hotspot\src\share\vm\prims\jni.cpp, line 709]

Events (10 events):
Event: 46.615 Executing VM operation: ParallelGCFailedAllocation
Event: 46.615 Executing VM operation: ParallelGCFailedAllocation done
Event: 46.938 Executing VM operation: ParallelGCFailedAllocation
Event: 46.939 Executing VM operation: ParallelGCFailedAllocation done
Event: 47.231 Executing VM operation: ParallelGCFailedAllocation
Event: 47.231 Executing VM operation: ParallelGCFailedAllocation done
Event: 47.252 Executing VM operation: ParallelGCFailedAllocation
Event: 47.253 Executing VM operation: ParallelGCFailedAllocation done
Event: 48.521 Executing VM operation: ParallelGCFailedAllocation
Event: 48.522 Executing VM operation: ParallelGCFailedAllocation done


Dynamic libraries:
0x00007ff6687b0000 - 0x00007ff6687e7000 	C:\Program Files\Java\jdk1.8.0_51\bin\java.exe
0x00007ffae4ee0000 - 0x00007ffae508d000 	C:\WINDOWS\SYSTEM32\ntdll.dll
0x00007ffae2600000 - 0x00007ffae273e000 	C:\WINDOWS\system32\KERNEL32.DLL
0x00007ffae21b0000 - 0x00007ffae22c5000 	C:\WINDOWS\system32\KERNELBASE.dll
0x00007ffae0bd0000 - 0x00007ffae0c5e000 	C:\WINDOWS\system32\apphelp.dll
0x00007ffad13c0000 - 0x00007ffad1413000 	C:\WINDOWS\AppPatch\AppPatch64\AcGenral.DLL
0x00007ffae2ea0000 - 0x00007ffae2f4a000 	C:\WINDOWS\system32\msvcrt.dll
0x00007ffae1e80000 - 0x00007ffae1eae000 	C:\WINDOWS\SYSTEM32\SspiCli.dll
0x00007ffae29f0000 - 0x00007ffae2a44000 	C:\WINDOWS\system32\SHLWAPI.dll
0x00007ffae27b0000 - 0x00007ffae2927000 	C:\WINDOWS\system32\USER32.dll
0x00007ffae4870000 - 0x00007ffae4a04000 	C:\WINDOWS\system32\ole32.dll
0x00007ffae32b0000 - 0x00007ffae47da000 	C:\WINDOWS\system32\SHELL32.dll
0x00007ffae15d0000 - 0x00007ffae15f1000 	C:\WINDOWS\SYSTEM32\USERENV.dll
0x00007ffae2ab0000 - 0x00007ffae2b5a000 	C:\WINDOWS\system32\ADVAPI32.dll
0x00007ffad4490000 - 0x00007ffad44ae000 	C:\WINDOWS\SYSTEM32\MPR.dll
0x00007ffae4d90000 - 0x00007ffae4ed1000 	C:\WINDOWS\system32\RPCRT4.dll
0x00007ffae25a0000 - 0x00007ffae25f9000 	C:\WINDOWS\SYSTEM32\sechost.dll
0x00007ffae4b70000 - 0x00007ffae4d81000 	C:\WINDOWS\SYSTEM32\combase.dll
0x00007ffae2d50000 - 0x00007ffae2ea0000 	C:\WINDOWS\system32\GDI32.dll
0x00007ffae2030000 - 0x00007ffae2045000 	C:\WINDOWS\SYSTEM32\profapi.dll
0x00007ffae0ac0000 - 0x00007ffae0b72000 	C:\WINDOWS\SYSTEM32\SHCORE.dll
0x00007ffae2560000 - 0x00007ffae2596000 	C:\WINDOWS\system32\IMM32.DLL
0x00007ffae4a10000 - 0x00007ffae4b62000 	C:\WINDOWS\system32\MSCTF.dll
0x00007ffadfbf0000 - 0x00007ffadfe6b000 	C:\WINDOWS\WinSxS\amd64_microsoft.windows.common-controls_6595b64144ccf1df_6.0.9600.18006_none_623f33d3ecbe86e8\COMCTL32.dll
0x0000000058640000 - 0x0000000058712000 	C:\Program Files\Java\jdk1.8.0_51\jre\bin\msvcr100.dll
0x0000000058720000 - 0x0000000058fa3000 	C:\Program Files\Java\jdk1.8.0_51\jre\bin\server\jvm.dll
0x00007ffad3810000 - 0x00007ffad3819000 	C:\WINDOWS\SYSTEM32\WSOCK32.dll
0x00007ffaddee0000 - 0x00007ffaddf02000 	C:\WINDOWS\SYSTEM32\WINMM.dll
0x00007ffadf3c0000 - 0x00007ffadf3ca000 	C:\WINDOWS\SYSTEM32\VERSION.dll
0x00007ffae2b60000 - 0x00007ffae2b67000 	C:\WINDOWS\system32\PSAPI.DLL
0x00007ffae4810000 - 0x00007ffae486a000 	C:\WINDOWS\system32\WS2_32.dll
0x00007ffaddeb0000 - 0x00007ffaddeda000 	C:\WINDOWS\SYSTEM32\WINMMBASE.dll
0x00007ffae47f0000 - 0x00007ffae47f9000 	C:\WINDOWS\system32\NSI.dll
0x00007ffae22d0000 - 0x00007ffae231f000 	C:\WINDOWS\SYSTEM32\cfgmgr32.dll
0x00007ffae0e20000 - 0x00007ffae0e48000 	C:\WINDOWS\SYSTEM32\DEVOBJ.dll
0x00000000585f0000 - 0x00000000585ff000 	C:\Program Files\Java\jdk1.8.0_51\jre\bin\verify.dll
0x00000000585c0000 - 0x00000000585e9000 	C:\Program Files\Java\jdk1.8.0_51\jre\bin\java.dll
0x00000000585a0000 - 0x00000000585b6000 	C:\Program Files\Java\jdk1.8.0_51\jre\bin\zip.dll
0x0000000180000000 - 0x0000000180051000 	C:\Users\Rory\Desktop\Programs\Current Projects\OGPC 2016 Java\natives\lwjgl64.dll
0x00007ffad0000000 - 0x00007ffad012b000 	C:\WINDOWS\SYSTEM32\OPENGL32.dll
0x00007ffadafb0000 - 0x00007ffadafde000 	C:\WINDOWS\SYSTEM32\GLU32.dll
0x00007ffadafe0000 - 0x00007ffadb0d8000 	C:\WINDOWS\SYSTEM32\DDRAW.dll
0x00007ffaddd40000 - 0x00007ffaddd49000 	C:\WINDOWS\SYSTEM32\DCIMAN32.dll
0x00007ffae0ca0000 - 0x00007ffae0dc9000 	C:\WINDOWS\system32\uxtheme.dll
0x00007ffadfe70000 - 0x00007ffadfe91000 	C:\WINDOWS\system32\dwmapi.dll
0x00007ffad3ea0000 - 0x00007ffad3ecc000 	C:\WINDOWS\SYSTEM32\nvoglshim64.dll
0x000000001a1c0000 - 0x000000001a93e000 	C:\WINDOWS\system32\ig7icd64.dll
0x00007ffade1c0000 - 0x00007ffade600000 	C:\WINDOWS\SYSTEM32\igdusc64.dll
0x00007ffae0e70000 - 0x00007ffae0e7b000 	C:\WINDOWS\SYSTEM32\kernel.appcore.dll
0x00007ffae1f20000 - 0x00007ffae1f2b000 	C:\WINDOWS\SYSTEM32\CRYPTBASE.dll
0x00007ffae1eb0000 - 0x00007ffae1f13000 	C:\WINDOWS\SYSTEM32\bcryptPrimitives.dll
0x00007ffadd500000 - 0x00007ffadd592000 	C:\WINDOWS\SYSTEM32\mscms.dll
0x00007ffad1260000 - 0x00007ffad12a1000 	C:\WINDOWS\SYSTEM32\icm32.dll
0x00007ffae1fd0000 - 0x00007ffae2016000 	C:\WINDOWS\SYSTEM32\powrprof.dll
0x00000000583c0000 - 0x0000000058558000 	C:\Program Files\Java\jdk1.8.0_51\jre\bin\awt.dll
0x00007ffae3120000 - 0x00007ffae31e1000 	C:\WINDOWS\system32\OLEAUT32.dll
0x0000000058370000 - 0x00000000583b7000 	C:\Program Files\Java\jdk1.8.0_51\jre\bin\fontmanager.dll
0x0000000058580000 - 0x000000005859a000 	C:\Program Files\Java\jdk1.8.0_51\jre\bin\net.dll
0x00007ffae1840000 - 0x00007ffae1899000 	C:\WINDOWS\system32\mswsock.dll
0x0000000058560000 - 0x0000000058571000 	C:\Program Files\Java\jdk1.8.0_51\jre\bin\nio.dll
0x0000000058320000 - 0x0000000058362000 	C:\Program Files\Java\jdk1.8.0_51\jre\bin\t2k.dll
0x00007ffae2930000 - 0x00007ffae29e6000 	C:\WINDOWS\SYSTEM32\clbcatq.dll
0x00007ffad5a40000 - 0x00007ffad5bc9000 	C:\WINDOWS\SYSTEM32\dbghelp.dll

VM Arguments:
jvm_args: -Dfile.encoding=UTF-8 -Dorg.lwjgl.opengl.Display.allowSoftwareOpenGL=true 
java_command: invisibleman.Client
java_class_path (initial): C:\Users\Rory\Desktop\Programs\Current Projects\OGPC 2016 Java\lib\jfxrt.jar;C:\Users\Rory\Desktop\Programs\Current Projects\OGPC 2016 Java\lib\jinput.jar;C:\Users\Rory\Desktop\Programs\Current Projects\OGPC 2016 Java\lib\lwjgl.jar;C:\Users\Rory\Desktop\Programs\Current Projects\OGPC 2016 Java\lib\lwjgl_util.jar;C:\Users\Rory\Desktop\Programs\Current Projects\OGPC 2016 Java\lib\slick-util.jar;C:\Users\Rory\Desktop\Programs\Current Projects\OGPC 2016 Java\lib\protonpack-1.1.jar;C:\Users\Rory\Desktop\Programs\Current Projects\OGPC 2016 Java\lib\Forge.jar;C:\Users\Rory\Desktop\Programs\Current Projects\OGPC 2016 Java\build\classes
Launcher Type: SUN_STANDARD

Environment Variables:
PATH=C:\ProgramData\Oracle\Java\javapath;C:\Program Files (x86)\Intel\iCLS Client\;C:\Program Files\Intel\iCLS Client\;C:\WINDOWS\system32;C:\WINDOWS;C:\WINDOWS\System32\Wbem;C:\WINDOWS\System32\WindowsPowerShell\v1.0\;C:\Program Files (x86)\Intel\OpenCL SDK\2.0\bin\x86;C:\Program Files (x86)\Intel\OpenCL SDK\2.0\bin\x64;C:\Program Files\Intel\Intel(R) Management Engine Components\DAL;C:\Program Files\Intel\Intel(R) Management Engine Components\IPT;C:\Program Files (x86)\Intel\Intel(R) Management Engine Components\DAL;C:\Program Files (x86)\Intel\Intel(R) Management Engine Components\IPT;C:\Program Files\Lenovo\Bluetooth Software\;C:\Program Files\Lenovo\Bluetooth Software\syswow64;C:\Program Files\Intel\WiFi\bin\;C:\Program Files\Common Files\Intel\WirelessCommon\;C:\Program Files\SlikSvn\bin;C:\Program Files (x86)\NVIDIA Corporation\PhysX\Common;C:\Program Files (x86)\Skype\Phone\
USERNAME=Rory
OS=Windows_NT
PROCESSOR_IDENTIFIER=Intel64 Family 6 Model 58 Stepping 9, GenuineIntel



---------------  S Y S T E M  ---------------

OS: Windows 8.1 , 64 bit Build 9600 (6.3.9600.17415)

CPU:total 8 (4 cores per cpu, 2 threads per core) family 6 model 58 stepping 9, cmov, cx8, fxsr, mmx, sse, sse2, sse3, ssse3, sse4.1, sse4.2, popcnt, avx, aes, clmul, erms, ht, tsc, tscinvbit, tscinv

Memory: 4k page, physical 8251156k(2583148k free), swap 9561876k(3240644k free)

vm_info: Java HotSpot(TM) 64-Bit Server VM (25.51-b03) for windows-amd64 JRE (1.8.0_51-b16), built on Jun  8 2015 18:03:07 by "java_re" with MS VC++ 10.0 (VS2010)

time: Mon Apr 18 21:53:48 2016
elapsed time: 48 seconds (0d 0h 0m 48s)

