#
# A fatal error has been detected by the Java Runtime Environment:
#
#  EXCEPTION_ACCESS_VIOLATION (0xc0000005) at pc=0x000007fee8dc1f44, pid=6856, tid=5272
#
# JRE version: Java(TM) SE Runtime Environment (8.0_65-b17) (build 1.8.0_65-b17)
# Java VM: Java HotSpot(TM) 64-Bit Server VM (25.65-b01 mixed mode windows-amd64 compressed oops)
# Problematic frame:
# C  [ig7icd64.dll+0x21f44]
#
# Failed to write core dump. Minidumps are not enabled by default on client versions of Windows
#
# If you would like to submit a bug report, please visit:
#   http://bugreport.java.com/bugreport/crash.jsp
# The crash happened outside the Java Virtual Machine in native code.
# See problematic frame for where to report the bug.
#

---------------  T H R E A D  ---------------

Current thread (0x00000000021af000):  JavaThread "main" [_thread_in_native, id=5272, stack(0x0000000002310000,0x0000000002410000)]

siginfo: ExceptionCode=0xc0000005, writing address 0x00000000022fa000

Registers:
RAX=0x0000000000000001, RBX=0x0000000059e3e000, RCX=0x00000000022fa010, RDX=0x000000005c2d5a20
RSP=0x000000000240db60, RBP=0x000000005b1544e0, RSI=0x000000005b1561f0, RDI=0x000000005c2d56a0
R8 =0x0000000000000020, R9 =0x0000000000000000, R10=0x0000000000000001, R11=0x0000000000000002
R12=0x0000000000000000, R13=0x000000005b1b91e0, R14=0x0000000000000000, R15=0x0000000000000000
RIP=0x000007fee8dc1f44, EFLAGS=0x0000000000010202

Top of Stack: (sp=0x000000000240db60)
0x000000000240db60:   0000000000000028 000007fee92572e8
0x000000000240db70:   00000000021af000 0000000059e3e000
0x000000000240db80:   fffffffffffffffe 000007fee8da0000
0x000000000240db90:   000000005c2e0d90 000007fee921dcc9
0x000000000240dba0:   0000000059eba7c0 000007fee8fbcc57
0x000000000240dbb0:   0000000059e3e000 c288520fbfae14cb
0x000000000240dbc0:   c287f0dcc222543d 000000003fae0be3
0x000000000240dbd0:   0000000000000001 000007fee8fdbbd3
0x000000000240dbe0:   000000005c2d5a10 000007fe00000000
0x000000000240dbf0:   3ff0000000000000 0000000000000000
0x000000000240dc00:   000000005c3cefd0 0000000059ea9470
0x000000000240dc10:   000000005c2d5808 000000005c2d56a0
0x000000000240dc20:   0000000000000001 000000005c35d400
0x000000000240dc30:   0000000059e3e000 000007fee8ff4e78
0x000000000240dc40:   0000000000000002 000000005c35d701
0x000000000240dc50:   000000005c2d5808 0000000000000000 

Instructions: (pc=0x000007fee8dc1f44)
0x000007fee8dc1f24:   d1 49 c1 eb 04 4d 85 db 0f 84 24 02 00 00 f3 0f
0x000007fee8dc1f34:   6f 02 41 ff c2 48 83 c1 10 41 8b c2 48 83 c2 10
0x000007fee8dc1f44:   f3 0f 7f 41 f0 49 3b c3 72 e4 e9 03 02 00 00 48
0x000007fee8dc1f54:   89 7c 24 40 8b f9 83 e7 0f 74 68 48 89 5c 24 50 


Register to memory mapping:

RAX=0x0000000000000001 is an unknown value
RBX=0x0000000059e3e000 is an unknown value
RCX=0x00000000022fa010 is an unknown value
RDX=0x000000005c2d5a20 is an unknown value
RSP=0x000000000240db60 is pointing into the stack for thread: 0x00000000021af000
RBP=0x000000005b1544e0 is an unknown value
RSI=0x000000005b1561f0 is an unknown value
RDI=0x000000005c2d56a0 is an unknown value
R8 =0x0000000000000020 is an unknown value
R9 =0x0000000000000000 is an unknown value
R10=0x0000000000000001 is an unknown value
R11=0x0000000000000002 is an unknown value
R12=0x0000000000000000 is an unknown value
R13=0x000000005b1b91e0 is an unknown value
R14=0x0000000000000000 is an unknown value
R15=0x0000000000000000 is an unknown value


Stack: [0x0000000002310000,0x0000000002410000],  sp=0x000000000240db60,  free space=1014k
Native frames: (J=compiled Java code, j=interpreted, Vv=VM code, C=native code)
C  [ig7icd64.dll+0x21f44]
C  [ig7icd64.dll+0x21cc57]
C  [ig7icd64.dll+0x254e78]
C  [ig7icd64.dll+0x1fe146]
C  [ig7icd64.dll+0x156d58]
C  [ig7icd64.dll+0x2dc07c]
C  [ig7icd64.dll+0x3ba832]
C  [ig7icd64.dll+0x4f6201]
C  [ig7icd64.dll+0x47433f]
C  [ig7icd64.dll+0x474abc]
C  0x0000000002d0508a

Java frames: (J=compiled Java code, j=interpreted, Vv=VM code)
J 1791  org.lwjgl.opengl.GL11.nglCallList(IJ)V (0 bytes) @ 0x0000000002d05004 [0x0000000002d04fc0+0x44]
J 1787 C1 map.CubeMap$$Lambda$125.accept(Ljava/lang/Object;)V (16 bytes) @ 0x0000000002d0b7e4 [0x0000000002d0b060+0x784]
J 1459 C2 util.Util.forRange(IILjava/util/function/Consumer;)V (24 bytes) @ 0x0000000002b964d0 [0x0000000002b96460+0x70]
J 1803 C1 map.CubeMap$$Lambda$124.accept(Ljava/lang/Object;Ljava/lang/Object;)V (12 bytes) @ 0x0000000002d16cbc [0x0000000002d166a0+0x61c]
J 1691 C2 util.Util$$Lambda$66.accept(Ljava/lang/Object;)V (20 bytes) @ 0x0000000002c672b8 [0x0000000002c671e0+0xd8]
J 1459 C2 util.Util.forRange(IILjava/util/function/Consumer;)V (24 bytes) @ 0x0000000002b964d0 [0x0000000002b96460+0x70]
J 1674 C1 util.Util.forRange(IIIILjava/util/function/BiConsumer;)V (15 bytes) @ 0x0000000002c1c1b4 [0x0000000002c1ba80+0x734]
j  map.CubeMap.drawAll()V+45
j  map.Editor.lambda$start$168()V+0
j  map.Editor$$Lambda$83.run()V+0
J 966 C1 engine.EventStream$$Lambda$2.accept(Ljava/lang/Object;)V (12 bytes) @ 0x0000000002a3504c [0x0000000002a34e20+0x22c]
J 961 C1 engine.EventStream$$Lambda$3.run()V (12 bytes) @ 0x0000000002a3324c [0x0000000002a33100+0x14c]
J 960 C1 engine.EventStream$$Lambda$34.accept(Ljava/lang/Object;)V (10 bytes) @ 0x0000000002a32db4 [0x0000000002a32bc0+0x1f4]
J 1406 C2 java.util.ArrayList.forEach(Ljava/util/function/Consumer;)V (75 bytes) @ 0x0000000002b5e1c8 [0x0000000002b5e120+0xa8]
J 1818 C1 engine.Core$$Lambda$54.accept(Ljava/lang/Object;)V (8 bytes) @ 0x0000000002d3a354 [0x0000000002d39f00+0x454]
J 1040 C1 java.lang.Iterable.forEach(Ljava/util/function/Consumer;)V (39 bytes) @ 0x0000000002a64cfc [0x0000000002a64a20+0x2dc]
J 892% C2 engine.Core.run()V (114 bytes) @ 0x0000000002a0fde8 [0x0000000002a0fd20+0xc8]
j  map.Editor.start(Ljava/lang/String;Ljava/lang/String;)V+489
j  guis.Play.recieve(Ljava/lang/String;Ljava/lang/Object;)V+295
j  gui.components.GUIButton.send()V+68
j  gui.TypingManager.compOpen(Lgui/types/GUIInputComponent;)V+24
j  gui.TypingManager.lambda$null$7()V+93
j  gui.TypingManager$$Lambda$36.run()V+0
J 966 C1 engine.EventStream$$Lambda$2.accept(Ljava/lang/Object;)V (12 bytes) @ 0x0000000002a3504c [0x0000000002a34e20+0x22c]
J 961 C1 engine.EventStream$$Lambda$3.run()V (12 bytes) @ 0x0000000002a3324c [0x0000000002a33100+0x14c]
J 960 C1 engine.EventStream$$Lambda$34.accept(Ljava/lang/Object;)V (10 bytes) @ 0x0000000002a32db4 [0x0000000002a32bc0+0x1f4]
J 913 C1 java.util.ArrayList.forEach(Ljava/util/function/Consumer;)V (75 bytes) @ 0x0000000002a1ed44 [0x0000000002a1eb40+0x204]
J 976 C1 engine.Signal.set(Ljava/lang/Object;)V (10 bytes) @ 0x0000000002a39294 [0x0000000002a38f00+0x394]
j  engine.Signal.lambda$filter$27(Ljava/util/function/Predicate;Lengine/Signal;)V+18
j  engine.Signal$$Lambda$5.accept(Ljava/lang/Object;)V+12
J 961 C1 engine.EventStream$$Lambda$3.run()V (12 bytes) @ 0x0000000002a3324c [0x0000000002a33100+0x14c]
J 960 C1 engine.EventStream$$Lambda$34.accept(Ljava/lang/Object;)V (10 bytes) @ 0x0000000002a32db4 [0x0000000002a32bc0+0x1f4]
J 913 C1 java.util.ArrayList.forEach(Ljava/util/function/Consumer;)V (75 bytes) @ 0x0000000002a1ed44 [0x0000000002a1eb40+0x204]
J 976 C1 engine.Signal.set(Ljava/lang/Object;)V (10 bytes) @ 0x0000000002a39294 [0x0000000002a38f00+0x394]
j  engine.Input.lambda$static$45()V+156
j  engine.Input$$Lambda$1.run()V+0
J 966 C1 engine.EventStream$$Lambda$2.accept(Ljava/lang/Object;)V (12 bytes) @ 0x0000000002a3504c [0x0000000002a34e20+0x22c]
J 961 C1 engine.EventStream$$Lambda$3.run()V (12 bytes) @ 0x0000000002a3324c [0x0000000002a33100+0x14c]
J 960 C1 engine.EventStream$$Lambda$34.accept(Ljava/lang/Object;)V (10 bytes) @ 0x0000000002a32db4 [0x0000000002a32bc0+0x1f4]
J 913 C1 java.util.ArrayList.forEach(Ljava/util/function/Consumer;)V (75 bytes) @ 0x0000000002a1ed44 [0x0000000002a1eb40+0x204]
J 976 C1 engine.Signal.set(Ljava/lang/Object;)V (10 bytes) @ 0x0000000002a39294 [0x0000000002a38f00+0x394]
j  engine.Core.lambda$run$36(DLengine/Signal;)V+5
j  engine.Core$$Lambda$50.accept(Ljava/lang/Object;)V+8
J 1040 C1 java.lang.Iterable.forEach(Ljava/util/function/Consumer;)V (39 bytes) @ 0x0000000002a64cfc [0x0000000002a64a20+0x2dc]
J 892% C2 engine.Core.run()V (114 bytes) @ 0x0000000002a0fdb4 [0x0000000002a0fd20+0x94]
j  invisibleman.Client.main([Ljava/lang/String;)V+146
v  ~StubRoutines::call_stub

---------------  P R O C E S S  ---------------

Java Threads: ( => current thread )
  0x0000000058a11800 JavaThread "AWT-Windows" daemon [_thread_in_native, id=6760, stack(0x000000005e290000,0x000000005e390000)]
  0x0000000058a03800 JavaThread "Java2D Disposer" daemon [_thread_blocked, id=7348, stack(0x000000005e190000,0x000000005e290000)]
  0x0000000058774800 JavaThread "Service Thread" daemon [_thread_blocked, id=1928, stack(0x0000000059170000,0x0000000059270000)]
  0x000000005871c000 JavaThread "C1 CompilerThread2" daemon [_thread_blocked, id=4248, stack(0x0000000059070000,0x0000000059170000)]
  0x000000005871a800 JavaThread "C2 CompilerThread1" daemon [_thread_blocked, id=5144, stack(0x0000000058dc0000,0x0000000058ec0000)]
  0x0000000058713000 JavaThread "C2 CompilerThread0" daemon [_thread_in_native, id=3572, stack(0x0000000058cb0000,0x0000000058db0000)]
  0x0000000057325800 JavaThread "Attach Listener" daemon [_thread_blocked, id=5772, stack(0x0000000058b60000,0x0000000058c60000)]
  0x0000000057323000 JavaThread "Signal Dispatcher" daemon [_thread_blocked, id=6536, stack(0x00000000584f0000,0x00000000585f0000)]
  0x00000000572c7000 JavaThread "Finalizer" daemon [_thread_blocked, id=1452, stack(0x0000000058610000,0x0000000058710000)]
  0x00000000572c0000 JavaThread "Reference Handler" daemon [_thread_blocked, id=6780, stack(0x00000000583a0000,0x00000000584a0000)]
=>0x00000000021af000 JavaThread "main" [_thread_in_native, id=5272, stack(0x0000000002310000,0x0000000002410000)]

Other Threads:
  0x00000000572ba800 VMThread [stack: 0x00000000581a0000,0x00000000582a0000] [id=4888]
  0x00000000587a2800 WatcherThread [stack: 0x00000000592c0000,0x00000000593c0000] [id=7068]

VM state:not at safepoint (normal execution)

VM Mutex/Monitor currently owned by a thread: None

Heap:
 PSYoungGen      total 521728K, used 473583K [0x00000000d6580000, 0x00000000fff00000, 0x0000000100000000)
  eden space 514048K, 92% used [0x00000000d6580000,0x00000000f33ebf08,0x00000000f5b80000)
  from space 7680K, 0% used [0x00000000f6280000,0x00000000f6290000,0x00000000f6a00000)
  to   space 7168K, 0% used [0x00000000f5b80000,0x00000000f5b80000,0x00000000f6280000)
 ParOldGen       total 86016K, used 14591K [0x0000000083000000, 0x0000000088400000, 0x00000000d6580000)
  object space 86016K, 16% used [0x0000000083000000,0x0000000083e3ff88,0x0000000088400000)
 Metaspace       used 10592K, capacity 11191K, committed 11264K, reserved 1058816K
  class space    used 1113K, capacity 1246K, committed 1280K, reserved 1048576K

Card table byte_map: [0x0000000011aa0000,0x0000000011e90000] byte_map_base: 0x0000000011688000

Marking Bits: (ParMarkBitMap*) 0x000000006c9aa5b0
 Begin Bits: [0x00000000126c0000, 0x0000000014600000)
 End Bits:   [0x0000000014600000, 0x0000000016540000)

Polling page: 0x0000000000340000

CodeCache: size=245760Kb used=6732Kb max_used=6744Kb free=239027Kb
 bounds [0x00000000026e0000, 0x0000000002d80000, 0x00000000116e0000]
 total_blobs=2443 nmethods=1874 adapters=482
 compilation: enabled

Compilation events (10 events):
Event: 8.093 Thread 0x000000005871a800 1884       4       map.CubeMap::isSolid (20 bytes)
Event: 8.110 Thread 0x000000005871a800 nmethod 1884 0x0000000002d74f90 code [0x0000000002d751a0, 0x0000000002d75d18]
Event: 8.110 Thread 0x000000005871a800 1886       4       java.lang.StrictMath::floorOrCeil (128 bytes)
Event: 8.110 Thread 0x000000005871a800 nmethod 1886 0x0000000002d72fd0 code [0x0000000002d73140, 0x0000000002d73278]
Event: 8.110 Thread 0x000000005871a800 1887       4       map.CubeMap::getCube (80 bytes)
Event: 8.118 Thread 0x000000005871a800 nmethod 1887 0x0000000002d774d0 code [0x0000000002d77680, 0x0000000002d77c18]
Event: 8.118 Thread 0x000000005871a800 1885       4       map.CubeMap$$Lambda$113/350068407::apply (14 bytes)
Event: 8.120 Thread 0x000000005871a800 nmethod 1885 0x0000000002d73650 code [0x0000000002d737e0, 0x0000000002d739d8]
Event: 8.154 Thread 0x000000005871a800 1888       4       util.Vec3::subtract (35 bytes)
Event: 8.155 Thread 0x000000005871a800 nmethod 1888 0x0000000002d73dd0 code [0x0000000002d73f20, 0x0000000002d74038]

GC Heap History (10 events):
Event: 6.017 GC heap before
{Heap before GC invocations=20 (full 0):
 PSYoungGen      total 431616K, used 421920K [0x00000000d6580000, 0x00000000f6800000, 0x0000000100000000)
  eden space 421888K, 100% used [0x00000000d6580000,0x00000000f0180000,0x00000000f0180000)
  from space 9728K, 0% used [0x00000000f5500000,0x00000000f5508000,0x00000000f5e80000)
  to   space 9216K, 0% used [0x00000000f5f00000,0x00000000f5f00000,0x00000000f6800000)
 ParOldGen       total 86016K, used 14591K [0x0000000083000000, 0x0000000088400000, 0x00000000d6580000)
  object space 86016K, 16% used [0x0000000083000000,0x0000000083e3ff88,0x0000000088400000)
 Metaspace       used 10412K, capacity 10995K, committed 11264K, reserved 1058816K
  class space    used 1092K, capacity 1232K, committed 1280K, reserved 1048576K
Event: 6.018 GC heap after
Heap after GC invocations=20 (full 0):
 PSYoungGen      total 402944K, used 64K [0x00000000d6580000, 0x00000000f5f80000, 0x0000000100000000)
  eden space 402432K, 0% used [0x00000000d6580000,0x00000000d6580000,0x00000000eee80000)
  from space 512K, 12% used [0x00000000f5f00000,0x00000000f5f10000,0x00000000f5f80000)
  to   space 8704K, 0% used [0x00000000f4e80000,0x00000000f4e80000,0x00000000f5700000)
 ParOldGen       total 86016K, used 14591K [0x0000000083000000, 0x0000000088400000, 0x00000000d6580000)
  object space 86016K, 16% used [0x0000000083000000,0x0000000083e3ff88,0x0000000088400000)
 Metaspace       used 10412K, capacity 10995K, committed 11264K, reserved 1058816K
  class space    used 1092K, capacity 1232K, committed 1280K, reserved 1048576K
}
Event: 6.146 GC heap before
{Heap before GC invocations=21 (full 0):
 PSYoungGen      total 402944K, used 402496K [0x00000000d6580000, 0x00000000f5f80000, 0x0000000100000000)
  eden space 402432K, 100% used [0x00000000d6580000,0x00000000eee80000,0x00000000eee80000)
  from space 512K, 12% used [0x00000000f5f00000,0x00000000f5f10000,0x00000000f5f80000)
  to   space 8704K, 0% used [0x00000000f4e80000,0x00000000f4e80000,0x00000000f5700000)
 ParOldGen       total 86016K, used 14591K [0x0000000083000000, 0x0000000088400000, 0x00000000d6580000)
  object space 86016K, 16% used [0x0000000083000000,0x0000000083e3ff88,0x0000000088400000)
 Metaspace       used 10412K, capacity 10995K, committed 11264K, reserved 1058816K
  class space    used 1092K, capacity 1232K, committed 1280K, reserved 1048576K
Event: 6.146 GC heap after
Heap after GC invocations=21 (full 0):
 PSYoungGen      total 392704K, used 32K [0x00000000d6580000, 0x00000000f5f80000, 0x0000000100000000)
  eden space 384000K, 0% used [0x00000000d6580000,0x00000000d6580000,0x00000000edc80000)
  from space 8704K, 0% used [0x00000000f4e80000,0x00000000f4e88000,0x00000000f5700000)
  to   space 8192K, 0% used [0x00000000f5780000,0x00000000f5780000,0x00000000f5f80000)
 ParOldGen       total 86016K, used 14591K [0x0000000083000000, 0x0000000088400000, 0x00000000d6580000)
  object space 86016K, 16% used [0x0000000083000000,0x0000000083e3ff88,0x0000000088400000)
 Metaspace       used 10412K, capacity 10995K, committed 11264K, reserved 1058816K
  class space    used 1092K, capacity 1232K, committed 1280K, reserved 1048576K
}
Event: 6.270 GC heap before
{Heap before GC invocations=22 (full 0):
 PSYoungGen      total 392704K, used 384032K [0x00000000d6580000, 0x00000000f5f80000, 0x0000000100000000)
  eden space 384000K, 100% used [0x00000000d6580000,0x00000000edc80000,0x00000000edc80000)
  from space 8704K, 0% used [0x00000000f4e80000,0x00000000f4e88000,0x00000000f5700000)
  to   space 8192K, 0% used [0x00000000f5780000,0x00000000f5780000,0x00000000f5f80000)
 ParOldGen       total 86016K, used 14591K [0x0000000083000000, 0x0000000088400000, 0x00000000d6580000)
  object space 86016K, 16% used [0x0000000083000000,0x0000000083e3ff88,0x0000000088400000)
 Metaspace       used 10415K, capacity 10995K, committed 11264K, reserved 1058816K
  class space    used 1092K, capacity 1232K, committed 1280K, reserved 1048576K
Event: 6.271 GC heap after
Heap after GC invocations=22 (full 0):
 PSYoungGen      total 367104K, used 32K [0x00000000d6580000, 0x00000000f5800000, 0x0000000100000000)
  eden space 366592K, 0% used [0x00000000d6580000,0x00000000d6580000,0x00000000ecb80000)
  from space 512K, 6% used [0x00000000f5780000,0x00000000f5788000,0x00000000f5800000)
  to   space 7680K, 0% used [0x00000000f4900000,0x00000000f4900000,0x00000000f5080000)
 ParOldGen       total 86016K, used 14591K [0x0000000083000000, 0x0000000088400000, 0x00000000d6580000)
  object space 86016K, 16% used [0x0000000083000000,0x0000000083e3ff88,0x0000000088400000)
 Metaspace       used 10415K, capacity 10995K, committed 11264K, reserved 1058816K
  class space    used 1092K, capacity 1232K, committed 1280K, reserved 1048576K
}
Event: 6.473 GC heap before
{Heap before GC invocations=23 (full 0):
 PSYoungGen      total 367104K, used 366624K [0x00000000d6580000, 0x00000000f5800000, 0x0000000100000000)
  eden space 366592K, 100% used [0x00000000d6580000,0x00000000ecb80000,0x00000000ecb80000)
  from space 512K, 6% used [0x00000000f5780000,0x00000000f5788000,0x00000000f5800000)
  to   space 7680K, 0% used [0x00000000f4900000,0x00000000f4900000,0x00000000f5080000)
 ParOldGen       total 86016K, used 14591K [0x0000000083000000, 0x0000000088400000, 0x00000000d6580000)
  object space 86016K, 16% used [0x0000000083000000,0x0000000083e3ff88,0x0000000088400000)
 Metaspace       used 10415K, capacity 10995K, committed 11264K, reserved 1058816K
  class space    used 1092K, capacity 1232K, committed 1280K, reserved 1048576K
Event: 6.481 GC heap after
Heap after GC invocations=23 (full 0):
 PSYoungGen      total 502784K, used 32K [0x00000000d6580000, 0x00000000f6a00000, 0x0000000100000000)
  eden space 495104K, 0% used [0x00000000d6580000,0x00000000d6580000,0x00000000f4900000)
  from space 7680K, 0% used [0x00000000f4900000,0x00000000f4908000,0x00000000f5080000)
  to   space 7680K, 0% used [0x00000000f6280000,0x00000000f6280000,0x00000000f6a00000)
 ParOldGen       total 86016K, used 14591K [0x0000000083000000, 0x0000000088400000, 0x00000000d6580000)
  object space 86016K, 16% used [0x0000000083000000,0x0000000083e3ff88,0x0000000088400000)
 Metaspace       used 10415K, capacity 10995K, committed 11264K, reserved 1058816K
  class space    used 1092K, capacity 1232K, committed 1280K, reserved 1048576K
}
Event: 6.695 GC heap before
{Heap before GC invocations=24 (full 0):
 PSYoungGen      total 502784K, used 495136K [0x00000000d6580000, 0x00000000f6a00000, 0x0000000100000000)
  eden space 495104K, 100% used [0x00000000d6580000,0x00000000f4900000,0x00000000f4900000)
  from space 7680K, 0% used [0x00000000f4900000,0x00000000f4908000,0x00000000f5080000)
  to   space 7680K, 0% used [0x00000000f6280000,0x00000000f6280000,0x00000000f6a00000)
 ParOldGen       total 86016K, used 14591K [0x0000000083000000, 0x0000000088400000, 0x00000000d6580000)
  object space 86016K, 16% used [0x0000000083000000,0x0000000083e3ff88,0x0000000088400000)
 Metaspace       used 10415K, capacity 10995K, committed 11264K, reserved 1058816K
  class space    used 1092K, capacity 1232K, committed 1280K, reserved 1048576K
Event: 6.695 GC heap after
Heap after GC invocations=24 (full 0):
 PSYoungGen      total 521728K, used 64K [0x00000000d6580000, 0x00000000fff00000, 0x0000000100000000)
  eden space 514048K, 0% used [0x00000000d6580000,0x00000000d6580000,0x00000000f5b80000)
  from space 7680K, 0% used [0x00000000f6280000,0x00000000f6290000,0x00000000f6a00000)
  to   space 7168K, 0% used [0x00000000f5b80000,0x00000000f5b80000,0x00000000f6280000)
 ParOldGen       total 86016K, used 14591K [0x0000000083000000, 0x0000000088400000, 0x00000000d6580000)
  object space 86016K, 16% used [0x0000000083000000,0x0000000083e3ff88,0x0000000088400000)
 Metaspace       used 10415K, capacity 10995K, committed 11264K, reserved 1058816K
  class space    used 1092K, capacity 1232K, committed 1280K, reserved 1048576K
}

Deoptimization events (10 events):
Event: 6.305 Thread 0x00000000021af000 Uncommon trap: reason=unstable_if action=reinterpret pc=0x0000000002cb0db0 method=map.CubeMap.getCube(Lutil/Vec3;)Lmap/CubeData; @ 35
Event: 6.305 Thread 0x00000000021af000 Uncommon trap: reason=unstable_if action=reinterpret pc=0x0000000002c63b9c method=map.CubeMap.getCube(Lutil/Vec3;)Lmap/CubeData; @ 35
Event: 6.367 Thread 0x00000000021af000 Uncommon trap: reason=unstable_if action=reinterpret pc=0x0000000002c96bac method=map.CubeMap.getCube(Lutil/Vec3;)Lmap/CubeData; @ 35
Event: 8.075 Thread 0x00000000021af000 Uncommon trap: reason=bimorphic action=maybe_recompile pc=0x0000000002bc0f88 method=java.util.stream.AbstractPipeline.<init>(Ljava/util/stream/AbstractPipeline;I)V @ 66
Event: 8.080 Thread 0x00000000021af000 Uncommon trap: reason=bimorphic action=maybe_recompile pc=0x0000000002c0262c method=java.util.stream.AbstractPipeline.copyInto(Ljava/util/stream/Sink;Ljava/util/Spliterator;)V @ 20
Event: 8.080 Thread 0x00000000021af000 Uncommon trap: reason=unstable_if action=reinterpret pc=0x0000000002be2a48 method=java.util.Spliterator.getExactSizeIfKnown()J @ 9
Event: 8.081 Thread 0x00000000021af000 Uncommon trap: reason=bimorphic action=maybe_recompile pc=0x0000000002be33bc method=java.util.stream.AbstractPipeline.wrapSink(Ljava/util/stream/Sink;)Ljava/util/stream/Sink; @ 23
Event: 8.082 Thread 0x00000000021af000 Uncommon trap: reason=unstable_if action=reinterpret pc=0x0000000002caa2e0 method=java.lang.StrictMath.floorOrCeil(DDDD)D @ 90
Event: 8.082 Thread 0x00000000021af000 Uncommon trap: reason=unstable_if action=reinterpret pc=0x0000000002bbe154 method=java.lang.StrictMath.floorOrCeil(DDDD)D @ 90
Event: 8.082 Thread 0x00000000021af000 Uncommon trap: reason=unstable_if action=reinterpret pc=0x0000000002b2e6dc method=java.lang.StrictMath.floorOrCeil(DDDD)D @ 90

Internal exceptions (10 events):
Event: 0.655 Thread 0x00000000021af000 Exception <a 'java/lang/NoSuchFieldError': method resolution failed> (0x00000000d6b2da28) thrown at [C:\workspace\8-2-build-windows-amd64-cygwin\jdk8u65\4987\hotspot\src\share\vm\prims\methodHandles.cpp, line 1146]
Event: 0.684 Thread 0x00000000021af000 Exception <a 'java/security/PrivilegedActionException'> (0x00000000d6bee1f0) thrown at [C:\workspace\8-2-build-windows-amd64-cygwin\jdk8u65\4987\hotspot\src\share\vm\prims\jvm.cpp, line 1386]
Event: 0.684 Thread 0x00000000021af000 Exception <a 'java/security/PrivilegedActionException'> (0x00000000d6bee400) thrown at [C:\workspace\8-2-build-windows-amd64-cygwin\jdk8u65\4987\hotspot\src\share\vm\prims\jvm.cpp, line 1386]
Event: 0.685 Thread 0x00000000021af000 Exception <a 'java/security/PrivilegedActionException'> (0x00000000d6bf2248) thrown at [C:\workspace\8-2-build-windows-amd64-cygwin\jdk8u65\4987\hotspot\src\share\vm\prims\jvm.cpp, line 1386]
Event: 0.685 Thread 0x00000000021af000 Exception <a 'java/security/PrivilegedActionException'> (0x00000000d6bf2458) thrown at [C:\workspace\8-2-build-windows-amd64-cygwin\jdk8u65\4987\hotspot\src\share\vm\prims\jvm.cpp, line 1386]
Event: 0.687 Thread 0x00000000021af000 Exception <a 'java/io/FileNotFoundException'> (0x00000000d6bf4840) thrown at [C:\workspace\8-2-build-windows-amd64-cygwin\jdk8u65\4987\hotspot\src\share\vm\prims\jni.cpp, line 709]
Event: 0.715 Thread 0x00000000021af000 Exception <a 'java/io/FileNotFoundException'> (0x00000000d6c36c70) thrown at [C:\workspace\8-2-build-windows-amd64-cygwin\jdk8u65\4987\hotspot\src\share\vm\prims\jni.cpp, line 709]
Event: 0.733 Thread 0x00000000021af000 Implicit null exception at 0x000000000287cdcb to 0x000000000287cf7d
Event: 3.552 Thread 0x00000000021af000 Implicit null exception at 0x0000000002af5b08 to 0x0000000002af5b96
Event: 3.552 Thread 0x00000000021af000 Implicit null exception at 0x00000000028f322f to 0x00000000028f32e1

Events (10 events):
Event: 8.082 loading class map/CubeData
Event: 8.082 loading class map/CubeData done
Event: 8.082 loading class util/Mutable
Event: 8.082 loading class util/Mutable done
Event: 8.083 loading class java/lang/Math$RandomNumberGeneratorHolder
Event: 8.083 loading class java/lang/Math$RandomNumberGeneratorHolder done
Event: 8.083 loading class java/util/Random
Event: 8.083 loading class java/util/Random done
Event: 8.083 loading class java/util/concurrent/atomic/AtomicLong
Event: 8.083 loading class java/util/concurrent/atomic/AtomicLong done


Dynamic libraries:
0x000000013f3d0000 - 0x000000013f407000 	C:\Program Files\Java\jdk1.8.0_65\bin\java.exe
0x0000000077470000 - 0x000000007761a000 	C:\Windows\SYSTEM32\ntdll.dll
0x0000000077350000 - 0x000000007746f000 	C:\Windows\system32\kernel32.dll
0x000007fefd510000 - 0x000007fefd57b000 	C:\Windows\system32\KERNELBASE.dll
0x000007fefe370000 - 0x000007fefe44b000 	C:\Windows\system32\ADVAPI32.dll
0x000007fefe100000 - 0x000007fefe19f000 	C:\Windows\system32\msvcrt.dll
0x000007fefda50000 - 0x000007fefda6f000 	C:\Windows\SYSTEM32\sechost.dll
0x000007fefe450000 - 0x000007fefe57d000 	C:\Windows\system32\RPCRT4.dll
0x0000000077250000 - 0x000000007734a000 	C:\Windows\system32\USER32.dll
0x000007fefe1a0000 - 0x000007fefe207000 	C:\Windows\system32\GDI32.dll
0x000007fefe210000 - 0x000007fefe21e000 	C:\Windows\system32\LPK.dll
0x000007fefe2a0000 - 0x000007fefe36a000 	C:\Windows\system32\USP10.dll
0x000007fefbaa0000 - 0x000007fefbc94000 	C:\Windows\WinSxS\amd64_microsoft.windows.common-controls_6595b64144ccf1df_6.0.7601.18837_none_fa3b1e3d17594757\COMCTL32.dll
0x000007fefd5e0000 - 0x000007fefd651000 	C:\Windows\system32\SHLWAPI.dll
0x000007fefd5b0000 - 0x000007fefd5de000 	C:\Windows\system32\IMM32.DLL
0x000007fefdff0000 - 0x000007fefe0f9000 	C:\Windows\system32\MSCTF.dll
0x0000000072c60000 - 0x0000000072d32000 	C:\Program Files\Java\jdk1.8.0_65\jre\bin\msvcr100.dll
0x000000006c1a0000 - 0x000000006ca29000 	C:\Program Files\Java\jdk1.8.0_65\jre\bin\server\jvm.dll
0x000007fef7530000 - 0x000007fef7539000 	C:\Windows\system32\WSOCK32.dll
0x000007fefdef0000 - 0x000007fefdf3d000 	C:\Windows\system32\WS2_32.dll
0x000007fefdfe0000 - 0x000007fefdfe8000 	C:\Windows\system32\NSI.dll
0x000007fefae40000 - 0x000007fefae7b000 	C:\Windows\system32\WINMM.dll
0x000007fefc350000 - 0x000007fefc35c000 	C:\Windows\system32\VERSION.dll
0x0000000077640000 - 0x0000000077647000 	C:\Windows\system32\PSAPI.DLL
0x0000000073be0000 - 0x0000000073bef000 	C:\Program Files\Java\jdk1.8.0_65\jre\bin\verify.dll
0x00000000739e0000 - 0x0000000073a09000 	C:\Program Files\Java\jdk1.8.0_65\jre\bin\java.dll
0x00000000739c0000 - 0x00000000739d6000 	C:\Program Files\Java\jdk1.8.0_65\jre\bin\zip.dll
0x000007fefe580000 - 0x000007feff30a000 	C:\Windows\system32\SHELL32.dll
0x000007fefdc00000 - 0x000007fefde03000 	C:\Windows\system32\ole32.dll
0x000007fefd1f0000 - 0x000007fefd1ff000 	C:\Windows\system32\profapi.dll
0x0000000180000000 - 0x0000000180051000 	G:\OGPC 2016\OGPC 2016 Java\natives\lwjgl64.dll
0x000007fef3b80000 - 0x000007fef3c9d000 	C:\Windows\system32\OPENGL32.dll
0x000007fef8e70000 - 0x000007fef8e9d000 	C:\Windows\system32\GLU32.dll
0x000007feee740000 - 0x000007feee831000 	C:\Windows\system32\DDRAW.dll
0x000007fef9f60000 - 0x000007fef9f68000 	C:\Windows\system32\DCIMAN32.dll
0x000007feff5a0000 - 0x000007feff777000 	C:\Windows\system32\SETUPAPI.dll
0x000007fefd490000 - 0x000007fefd4c6000 	C:\Windows\system32\CFGMGR32.dll
0x000007fefde10000 - 0x000007fefdee8000 	C:\Windows\system32\OLEAUT32.dll
0x000007fefd3b0000 - 0x000007fefd3ca000 	C:\Windows\system32\DEVOBJ.dll
0x000007fefb4f0000 - 0x000007fefb508000 	C:\Windows\system32\dwmapi.dll
0x000007fefba40000 - 0x000007fefba96000 	C:\Windows\system32\uxtheme.dll
0x0000000058100000 - 0x0000000058141000 	C:\Program Files (x86)\NetSupport\NetSupport School\pciappctrl64.dll
0x000007fef4da0000 - 0x000007fef4ec5000 	C:\Windows\system32\dbghelp.dll
0x000007fef9f30000 - 0x000007fef9f48000 	C:\Windows\system32\MPR.dll
0x0000000002160000 - 0x0000000002185000 	C:\Program Files (x86)\Common Files\NSL\NSCommonHook64.dll
0x000007fee8da0000 - 0x000007fee95d3000 	C:\Windows\system32\ig7icd64.dll
0x000007feee840000 - 0x000007feeec9f000 	C:\Windows\system32\igdusc64.dll
0x000007fefc070000 - 0x000007fefc081000 	C:\Windows\system32\WTSAPI32.dll
0x000007fefd130000 - 0x000007fefd13f000 	C:\Windows\system32\CRYPTBASE.dll
0x000007fef3f30000 - 0x000007fef3fcc000 	C:\Windows\system32\mscms.dll
0x000007fefd580000 - 0x000007fefd59e000 	C:\Windows\system32\USERENV.dll
0x000007fef8eb0000 - 0x000007fef8ef2000 	C:\Windows\system32\icm32.dll
0x0000000072710000 - 0x00000000728a8000 	C:\Program Files\Java\jdk1.8.0_65\jre\bin\awt.dll
0x000007fefbd30000 - 0x000007fefbd3a000 	C:\Windows\System32\drprov.dll
0x000007fefd0f0000 - 0x000007fefd12d000 	C:\Windows\System32\WINSTA.dll
0x000007fef9d70000 - 0x000007fef9d92000 	C:\Windows\System32\ntlanman.dll
0x000007fefa120000 - 0x000007fefa13d000 	C:\Windows\System32\davclnt.dll
0x000007fefb760000 - 0x000007fefb76a000 	C:\Windows\System32\DAVHLPR.dll
0x0000000072c10000 - 0x0000000072c57000 	C:\Program Files\Java\jdk1.8.0_65\jre\bin\fontmanager.dll
0x0000000073340000 - 0x000000007335a000 	C:\Program Files\Java\jdk1.8.0_65\jre\bin\net.dll
0x0000000058150000 - 0x0000000058174000 	C:\Program Files (x86)\Common Files\NSL\nslsp64.dll
0x000007fefc990000 - 0x000007fefc9e5000 	C:\Windows\system32\mswsock.dll
0x000007fefc980000 - 0x000007fefc987000 	C:\Windows\System32\wship6.dll
0x00000000733b0000 - 0x00000000733c1000 	C:\Program Files\Java\jdk1.8.0_65\jre\bin\nio.dll
0x0000000072bc0000 - 0x0000000072c02000 	C:\Program Files\Java\jdk1.8.0_65\jre\bin\t2k.dll

VM Arguments:
jvm_args: -Dfile.encoding=UTF-8 -Dorg.lwjgl.opengl.Display.allowSoftwareOpenGL=true 
java_command: invisibleman.Client
java_class_path (initial): G:\OGPC 2016\OGPC 2016 Java\lib\jfxrt.jar;G:\OGPC 2016\OGPC 2016 Java\lib\jinput.jar;G:\OGPC 2016\OGPC 2016 Java\lib\lwjgl.jar;G:\OGPC 2016\OGPC 2016 Java\lib\lwjgl_util.jar;G:\OGPC 2016\OGPC 2016 Java\lib\slick-util.jar;G:\OGPC 2016\OGPC 2016 Java\lib\protonpack-1.1.jar;G:\OGPC 2016\OGPC 2016 Java\lib\Forge.jar;G:\OGPC 2016\OGPC 2016 Java\build\classes
Launcher Type: SUN_STANDARD

Environment Variables:
PATH=C:\Program Files\Common Files\Microsoft Shared\Windows Live;C:\Program Files (x86)\Common Files\Microsoft Shared\Windows Live;C:\ProgramData\Oracle\Java\javapath;C:\Windows\system32;C:\Windows;C:\Windows\System32\Wbem;C:\Windows\System32\WindowsPowerShell\v1.0\;C:\Program Files\Intel\WiFi\bin\;C:\Program Files\Common Files\Intel\WirelessCommon\;C:\Program Files (x86)\Intel\OpenCL SDK\2.0\bin\x86;C:\Program Files (x86)\Intel\OpenCL SDK\2.0\bin\x64;C:\SWTOOLS\ReadyApps;C:\Program Files (x86)\QuickTime\QTSystem\;C:\Program Files (x86)\Windows Live\Shared;C:\Program Files\Intel\WiFi\bin\;C:\Program Files\Common Files\Intel\WirelessCommon\
USERNAME=RSoiffer16
OS=Windows_NT
PROCESSOR_IDENTIFIER=Intel64 Family 6 Model 58 Stepping 9, GenuineIntel



---------------  S Y S T E M  ---------------

OS: Windows 7 , 64 bit Build 7601 (6.1.7601.19160)

CPU:total 4 (2 cores per cpu, 2 threads per core) family 6 model 58 stepping 9, cmov, cx8, fxsr, mmx, sse, sse2, sse3, ssse3, sse4.1, sse4.2, popcnt, avx, clmul, erms, ht, tsc, tscinvbit, tscinv

Memory: 4k page, physical 8186072k(4529652k free), swap 16370308k(11621144k free)

vm_info: Java HotSpot(TM) 64-Bit Server VM (25.65-b01) for windows-amd64 JRE (1.8.0_65-b17), built on Oct  6 2015 16:39:20 by "java_re" with MS VC++ 10.0 (VS2010)

time: Tue Apr 19 15:43:29 2016
elapsed time: 8 seconds (0d 0h 0m 8s)

