#
# A fatal error has been detected by the Java Runtime Environment:
#
#  EXCEPTION_ACCESS_VIOLATION (0xc0000005) at pc=0x000007fee8dc1f44, pid=2292, tid=8140
#
# JRE version: Java(TM) SE Runtime Environment (8.0_65-b17) (build 1.8.0_65-b17)
# Java VM: Java HotSpot(TM) 64-Bit Server VM (25.65-b01 mixed mode windows-amd64 compressed oops)
# Problematic frame:
# C  [ig7icd64.dll+0x21f44]
#
# Failed to write core dump. Minidumps are not enabled by default on client versions of Windows
#
# If you would like to submit a bug report, please visit:
#   http://bugreport.java.com/bugreport/crash.jsp
# The crash happened outside the Java Virtual Machine in native code.
# See problematic frame for where to report the bug.
#

---------------  T H R E A D  ---------------

Current thread (0x000000000208f000):  JavaThread "main" [_thread_in_native, id=8140, stack(0x00000000023b0000,0x00000000024b0000)]

siginfo: ExceptionCode=0xc0000005, writing address 0x000000000238a000

Registers:
RAX=0x0000000000000001, RBX=0x000000005995e000, RCX=0x000000000238a010, RDX=0x000000005c4319e0
RSP=0x00000000024add00, RBP=0x000000005b2c0e30, RSI=0x000000005b2c2b40, RDI=0x000000005c431660
R8 =0x0000000000000020, R9 =0x0000000000000000, R10=0x0000000000000001, R11=0x0000000000000002
R12=0x0000000000000000, R13=0x000000005b325140, R14=0x0000000000000000, R15=0x0000000000000000
RIP=0x000007fee8dc1f44, EFLAGS=0x0000000000010202

Top of Stack: (sp=0x00000000024add00)
0x00000000024add00:   0000000200000002 0000000200000002
0x00000000024add10:   00000000d7a0be48 00000000d7a0bdd8
0x00000000024add20:   0000000000000000 0000000000000014
0x00000000024add30:   000007fffffdcf08 00000000fc1800a8
0x00000000024add40:   00000000599e2760 000007fee8fbcc57
0x00000000024add50:   000000005995e000 c2885334bfae14c6
0x00000000024add60:   c287ffe1c22253d0 000000003fae0bde
0x00000000024add70:   0000000000000001 000007fee8fdbbd3
0x00000000024add80:   000000005c4319d0 0000000000000000
0x00000000024add90:   c054000000000000 0000000000000000
0x00000000024adda0:   000000005c4d93f0 00000000599c9470
0x00000000024addb0:   000000005c4317c8 000000005c431660
0x00000000024addc0:   0000000000000001 000000005c4c2060
0x00000000024addd0:   000000005995e000 000007fee8ff4e78
0x00000000024adde0:   0000000000000002 000000005c4c2301
0x00000000024addf0:   000000005c4317c8 0000000000000000 

Instructions: (pc=0x000007fee8dc1f44)
0x000007fee8dc1f24:   d1 49 c1 eb 04 4d 85 db 0f 84 24 02 00 00 f3 0f
0x000007fee8dc1f34:   6f 02 41 ff c2 48 83 c1 10 41 8b c2 48 83 c2 10
0x000007fee8dc1f44:   f3 0f 7f 41 f0 49 3b c3 72 e4 e9 03 02 00 00 48
0x000007fee8dc1f54:   89 7c 24 40 8b f9 83 e7 0f 74 68 48 89 5c 24 50 


Register to memory mapping:

RAX=0x0000000000000001 is an unknown value
RBX=0x000000005995e000 is an unknown value
RCX=0x000000000238a010 is an unknown value
RDX=0x000000005c4319e0 is an unknown value
RSP=0x00000000024add00 is pointing into the stack for thread: 0x000000000208f000
RBP=0x000000005b2c0e30 is an unknown value
RSI=0x000000005b2c2b40 is an unknown value
RDI=0x000000005c431660 is an unknown value
R8 =0x0000000000000020 is an unknown value
R9 =0x0000000000000000 is an unknown value
R10=0x0000000000000001 is an unknown value
R11=0x0000000000000002 is an unknown value
R12=0x0000000000000000 is an unknown value
R13=0x000000005b325140 is an unknown value
R14=0x0000000000000000 is an unknown value
R15=0x0000000000000000 is an unknown value


Stack: [0x00000000023b0000,0x00000000024b0000],  sp=0x00000000024add00,  free space=1015k
Native frames: (J=compiled Java code, j=interpreted, Vv=VM code, C=native code)
C  [ig7icd64.dll+0x21f44]
C  [ig7icd64.dll+0x21cc57]
C  [ig7icd64.dll+0x254e78]
C  [ig7icd64.dll+0x1fe146]
C  [ig7icd64.dll+0x156d58]
C  [ig7icd64.dll+0x2dc07c]
C  [ig7icd64.dll+0x3ba832]
C  [ig7icd64.dll+0x4f6201]
C  [ig7icd64.dll+0x47433f]
C  [ig7icd64.dll+0x474abc]
C  0x0000000002d1628a

Java frames: (J=compiled Java code, j=interpreted, Vv=VM code)
J 1744  org.lwjgl.opengl.GL11.nglCallList(IJ)V (0 bytes) @ 0x0000000002d16204 [0x0000000002d161c0+0x44]
J 1926 C2 map.CubeMap$$Lambda$124.accept(Ljava/lang/Object;Ljava/lang/Object;)V (12 bytes) @ 0x0000000002df2348 [0x0000000002df2240+0x108]
J 1709 C2 util.Util$$Lambda$66.accept(Ljava/lang/Object;)V (20 bytes) @ 0x0000000002d06480 [0x0000000002d06400+0x80]
J 1465 C2 util.Util.forRange(IILjava/util/function/Consumer;)V (24 bytes) @ 0x0000000002c6a0e8 [0x0000000002c69e20+0x2c8]
J 1988 C1 map.CubeMap.drawAll()V (49 bytes) @ 0x0000000002e2c56c [0x0000000002e2b420+0x114c]
J 1951 C1 map.Editor$$Lambda$83.run()V (4 bytes) @ 0x0000000002e0543c [0x0000000002e05380+0xbc]
J 2003 C2 engine.EventStream$$Lambda$2.accept(Ljava/lang/Object;)V (12 bytes) @ 0x0000000002e38688 [0x0000000002e38640+0x48]
J 1907 C2 engine.EventStream$$Lambda$34.accept(Ljava/lang/Object;)V (10 bytes) @ 0x0000000002dc0da8 [0x0000000002dc0d60+0x48]
J 1411 C2 java.util.ArrayList.forEach(Ljava/util/function/Consumer;)V (75 bytes) @ 0x0000000002c69348 [0x0000000002c692a0+0xa8]
J 1753 C1 engine.Core$$Lambda$54.accept(Ljava/lang/Object;)V (8 bytes) @ 0x0000000002d37154 [0x0000000002d36d00+0x454]
J 1049 C1 java.lang.Iterable.forEach(Ljava/util/function/Consumer;)V (39 bytes) @ 0x0000000002b0ce7c [0x0000000002b0cba0+0x2dc]
J 893% C2 engine.Core.run()V (114 bytes) @ 0x0000000002ab0b28 [0x0000000002ab0a60+0xc8]
j  map.Editor.start(Ljava/lang/String;Ljava/lang/String;)V+489
j  guis.Play.recieve(Ljava/lang/String;Ljava/lang/Object;)V+295
j  gui.components.GUIButton.send()V+68
j  gui.TypingManager.compOpen(Lgui/types/GUIInputComponent;)V+24
j  gui.TypingManager.lambda$null$7()V+93
j  gui.TypingManager$$Lambda$36.run()V+0
J 965 C1 engine.EventStream$$Lambda$2.accept(Ljava/lang/Object;)V (12 bytes) @ 0x0000000002ad21cc [0x0000000002ad1fa0+0x22c]
J 957 C1 engine.EventStream$$Lambda$3.run()V (12 bytes) @ 0x0000000002ad124c [0x0000000002ad1100+0x14c]
J 956 C1 engine.EventStream$$Lambda$34.accept(Ljava/lang/Object;)V (10 bytes) @ 0x0000000002ad0db4 [0x0000000002ad0bc0+0x1f4]
J 914 C1 java.util.ArrayList.forEach(Ljava/util/function/Consumer;)V (75 bytes) @ 0x0000000002abfb04 [0x0000000002abf900+0x204]
J 977 C1 engine.Signal.set(Ljava/lang/Object;)V (10 bytes) @ 0x0000000002ad9594 [0x0000000002ad9200+0x394]
j  engine.Signal.lambda$filter$27(Ljava/util/function/Predicate;Lengine/Signal;)V+18
j  engine.Signal$$Lambda$5.accept(Ljava/lang/Object;)V+12
J 957 C1 engine.EventStream$$Lambda$3.run()V (12 bytes) @ 0x0000000002ad124c [0x0000000002ad1100+0x14c]
J 956 C1 engine.EventStream$$Lambda$34.accept(Ljava/lang/Object;)V (10 bytes) @ 0x0000000002ad0db4 [0x0000000002ad0bc0+0x1f4]
J 914 C1 java.util.ArrayList.forEach(Ljava/util/function/Consumer;)V (75 bytes) @ 0x0000000002abfb04 [0x0000000002abf900+0x204]
J 977 C1 engine.Signal.set(Ljava/lang/Object;)V (10 bytes) @ 0x0000000002ad9594 [0x0000000002ad9200+0x394]
j  engine.Input.lambda$static$45()V+156
j  engine.Input$$Lambda$1.run()V+0
J 965 C1 engine.EventStream$$Lambda$2.accept(Ljava/lang/Object;)V (12 bytes) @ 0x0000000002ad21cc [0x0000000002ad1fa0+0x22c]
J 957 C1 engine.EventStream$$Lambda$3.run()V (12 bytes) @ 0x0000000002ad124c [0x0000000002ad1100+0x14c]
J 956 C1 engine.EventStream$$Lambda$34.accept(Ljava/lang/Object;)V (10 bytes) @ 0x0000000002ad0db4 [0x0000000002ad0bc0+0x1f4]
J 914 C1 java.util.ArrayList.forEach(Ljava/util/function/Consumer;)V (75 bytes) @ 0x0000000002abfb04 [0x0000000002abf900+0x204]
J 977 C1 engine.Signal.set(Ljava/lang/Object;)V (10 bytes) @ 0x0000000002ad9594 [0x0000000002ad9200+0x394]
j  engine.Core.lambda$run$36(DLengine/Signal;)V+5
j  engine.Core$$Lambda$50.accept(Ljava/lang/Object;)V+8
J 1049 C1 java.lang.Iterable.forEach(Ljava/util/function/Consumer;)V (39 bytes) @ 0x0000000002b0ce7c [0x0000000002b0cba0+0x2dc]
J 893% C2 engine.Core.run()V (114 bytes) @ 0x0000000002ab0af4 [0x0000000002ab0a60+0x94]
j  invisibleman.Client.main([Ljava/lang/String;)V+146
v  ~StubRoutines::call_stub

---------------  P R O C E S S  ---------------

Java Threads: ( => current thread )
  0x0000000058b84000 JavaThread "AWT-Windows" daemon [_thread_in_native, id=1212, stack(0x000000005e720000,0x000000005e820000)]
  0x0000000058b77800 JavaThread "Java2D Disposer" daemon [_thread_blocked, id=2440, stack(0x000000005e350000,0x000000005e450000)]
  0x0000000058965000 JavaThread "Service Thread" daemon [_thread_blocked, id=3876, stack(0x00000000593e0000,0x00000000594e0000)]
  0x000000005890b000 JavaThread "C1 CompilerThread2" daemon [_thread_blocked, id=1504, stack(0x00000000591f0000,0x00000000592f0000)]
  0x0000000058909800 JavaThread "C2 CompilerThread1" daemon [_thread_blocked, id=6836, stack(0x00000000586d0000,0x00000000587d0000)]
  0x0000000058902800 JavaThread "C2 CompilerThread0" daemon [_thread_blocked, id=6080, stack(0x0000000058f00000,0x0000000059000000)]
  0x0000000057556000 JavaThread "Attach Listener" daemon [_thread_blocked, id=7212, stack(0x0000000058d00000,0x0000000058e00000)]
  0x0000000057554000 JavaThread "Signal Dispatcher" daemon [_thread_blocked, id=3672, stack(0x0000000058e00000,0x0000000058f00000)]
  0x00000000574fc800 JavaThread "Finalizer" daemon [_thread_blocked, id=7328, stack(0x0000000058800000,0x0000000058900000)]
  0x00000000574f3800 JavaThread "Reference Handler" daemon [_thread_blocked, id=2560, stack(0x00000000585a0000,0x00000000586a0000)]
=>0x000000000208f000 JavaThread "main" [_thread_in_native, id=8140, stack(0x00000000023b0000,0x00000000024b0000)]

Other Threads:
  0x00000000574ea800 VMThread [stack: 0x0000000058450000,0x0000000058550000] [id=6024]
  0x000000005897c000 WatcherThread [stack: 0x00000000590f0000,0x00000000591f0000] [id=4076]

VM state:not at safepoint (normal execution)

VM Mutex/Monitor currently owned by a thread: None

Heap:
 PSYoungGen      total 230400K, used 22740K [0x00000000d6580000, 0x00000000fc880000, 0x0000000100000000)
  eden space 226816K, 9% used [0x00000000d6580000,0x00000000d7ba5288,0x00000000e4300000)
  from space 3584K, 1% used [0x00000000fc180000,0x00000000fc190000,0x00000000fc500000)
  to   space 3584K, 0% used [0x00000000fc500000,0x00000000fc500000,0x00000000fc880000)
 ParOldGen       total 86016K, used 14550K [0x0000000083000000, 0x0000000088400000, 0x00000000d6580000)
  object space 86016K, 16% used [0x0000000083000000,0x0000000083e35a70,0x0000000088400000)
 Metaspace       used 10692K, capacity 11311K, committed 11520K, reserved 1058816K
  class space    used 1116K, capacity 1248K, committed 1280K, reserved 1048576K

Card table byte_map: [0x0000000011b40000,0x0000000011f30000] byte_map_base: 0x0000000011728000

Marking Bits: (ParMarkBitMap*) 0x000000006c9aa5b0
 Begin Bits: [0x00000000128f0000, 0x0000000014830000)
 End Bits:   [0x0000000014830000, 0x0000000016770000)

Polling page: 0x0000000000340000

CodeCache: size=245760Kb used=7005Kb max_used=7016Kb free=238754Kb
 bounds [0x0000000002780000, 0x0000000002e70000, 0x0000000011780000]
 total_blobs=2621 nmethods=2052 adapters=482
 compilation: enabled

Compilation events (10 events):
Event: 17.966 Thread 0x000000005890b000 2052       3       map.Editor::lambda$null$196 (2 bytes)
Event: 17.966 Thread 0x000000005890b000 nmethod 2052 0x0000000002e4bbd0 code [0x0000000002e4bd20, 0x0000000002e4be50]
Event: 18.794 Thread 0x0000000058902800 2054       4       java.nio.HeapByteBuffer::compact (52 bytes)
Event: 18.796 Thread 0x0000000058902800 nmethod 2054 0x0000000002e51810 code [0x0000000002e51960, 0x0000000002e51b38]
Event: 19.240 Thread 0x0000000058902800 2055       4       map.Editor::lambda$start$169 (330 bytes)
Event: 19.314 Thread 0x0000000058902800 nmethod 2055 0x0000000002e55650 code [0x0000000002e55d20, 0x0000000002e58d80]
Event: 19.487 Thread 0x000000005890b000 2056       3       java.util.stream.SliceOps$1$1::accept (52 bytes)
Event: 19.487 Thread 0x000000005890b000 nmethod 2056 0x0000000002e51310 code [0x0000000002e51480, 0x0000000002e51768]
Event: 19.488 Thread 0x000000005890b000 2057       3       com.codepoetics.protonpack.TakeWhileSpliterator::tryAdvance (32 bytes)
Event: 19.488 Thread 0x000000005890b000 nmethod 2057 0x0000000002e50710 code [0x0000000002e508c0, 0x0000000002e50fc8]

GC Heap History (10 events):
Event: 7.135 GC heap before
{Heap before GC invocations=31 (full 0):
 PSYoungGen      total 283648K, used 283200K [0x00000000d6580000, 0x00000000fcf80000, 0x0000000100000000)
  eden space 283136K, 100% used [0x00000000d6580000,0x00000000e7a00000,0x00000000e7a00000)
  from space 512K, 12% used [0x00000000fcf00000,0x00000000fcf10000,0x00000000fcf80000)
  to   space 4608K, 0% used [0x00000000fc680000,0x00000000fc680000,0x00000000fcb00000)
 ParOldGen       total 86016K, used 14494K [0x0000000083000000, 0x0000000088400000, 0x00000000d6580000)
  object space 86016K, 16% used [0x0000000083000000,0x0000000083e27a70,0x0000000088400000)
 Metaspace       used 10439K, capacity 10995K, committed 11264K, reserved 1058816K
  class space    used 1094K, capacity 1232K, committed 1280K, reserved 1048576K
Event: 7.136 GC heap after
Heap after GC invocations=31 (full 0):
 PSYoungGen      total 275456K, used 32K [0x00000000d6580000, 0x00000000fcf80000, 0x0000000100000000)
  eden space 270848K, 0% used [0x00000000d6580000,0x00000000d6580000,0x00000000e6e00000)
  from space 4608K, 0% used [0x00000000fc680000,0x00000000fc688000,0x00000000fcb00000)
  to   space 4608K, 0% used [0x00000000fcb00000,0x00000000fcb00000,0x00000000fcf80000)
 ParOldGen       total 86016K, used 14494K [0x0000000083000000, 0x0000000088400000, 0x00000000d6580000)
  object space 86016K, 16% used [0x0000000083000000,0x0000000083e27a70,0x0000000088400000)
 Metaspace       used 10439K, capacity 10995K, committed 11264K, reserved 1058816K
  class space    used 1094K, capacity 1232K, committed 1280K, reserved 1048576K
}
Event: 10.097 GC heap before
{Heap before GC invocations=32 (full 0):
 PSYoungGen      total 275456K, used 270880K [0x00000000d6580000, 0x00000000fcf80000, 0x0000000100000000)
  eden space 270848K, 100% used [0x00000000d6580000,0x00000000e6e00000,0x00000000e6e00000)
  from space 4608K, 0% used [0x00000000fc680000,0x00000000fc688000,0x00000000fcb00000)
  to   space 4608K, 0% used [0x00000000fcb00000,0x00000000fcb00000,0x00000000fcf80000)
 ParOldGen       total 86016K, used 14494K [0x0000000083000000, 0x0000000088400000, 0x00000000d6580000)
  object space 86016K, 16% used [0x0000000083000000,0x0000000083e27a70,0x0000000088400000)
 Metaspace       used 10651K, capacity 11287K, committed 11520K, reserved 1058816K
  class space    used 1116K, capacity 1248K, committed 1280K, reserved 1048576K
Event: 10.098 GC heap after
Heap after GC invocations=32 (full 0):
 PSYoungGen      total 259584K, used 96K [0x00000000d6580000, 0x00000000fcb80000, 0x0000000100000000)
  eden space 259072K, 0% used [0x00000000d6580000,0x00000000d6580000,0x00000000e6280000)
  from space 512K, 18% used [0x00000000fcb00000,0x00000000fcb18000,0x00000000fcb80000)
  to   space 4096K, 0% used [0x00000000fc380000,0x00000000fc380000,0x00000000fc780000)
 ParOldGen       total 86016K, used 14502K [0x0000000083000000, 0x0000000088400000, 0x00000000d6580000)
  object space 86016K, 16% used [0x0000000083000000,0x0000000083e29a70,0x0000000088400000)
 Metaspace       used 10651K, capacity 11287K, committed 11520K, reserved 1058816K
  class space    used 1116K, capacity 1248K, committed 1280K, reserved 1048576K
}
Event: 15.350 GC heap before
{Heap before GC invocations=33 (full 0):
 PSYoungGen      total 259584K, used 259168K [0x00000000d6580000, 0x00000000fcb80000, 0x0000000100000000)
  eden space 259072K, 100% used [0x00000000d6580000,0x00000000e6280000,0x00000000e6280000)
  from space 512K, 18% used [0x00000000fcb00000,0x00000000fcb18000,0x00000000fcb80000)
  to   space 4096K, 0% used [0x00000000fc380000,0x00000000fc380000,0x00000000fc780000)
 ParOldGen       total 86016K, used 14502K [0x0000000083000000, 0x0000000088400000, 0x00000000d6580000)
  object space 86016K, 16% used [0x0000000083000000,0x0000000083e29a70,0x0000000088400000)
 Metaspace       used 10681K, capacity 11303K, committed 11520K, reserved 1058816K
  class space    used 1116K, capacity 1248K, committed 1280K, reserved 1048576K
Event: 15.350 GC heap after
Heap after GC invocations=33 (full 0):
 PSYoungGen      total 251904K, used 64K [0x00000000d6580000, 0x00000000fcb80000, 0x0000000100000000)
  eden space 247808K, 0% used [0x00000000d6580000,0x00000000d6580000,0x00000000e5780000)
  from space 4096K, 1% used [0x00000000fc380000,0x00000000fc390000,0x00000000fc780000)
  to   space 3584K, 0% used [0x00000000fc800000,0x00000000fc800000,0x00000000fcb80000)
 ParOldGen       total 86016K, used 14542K [0x0000000083000000, 0x0000000088400000, 0x00000000d6580000)
  object space 86016K, 16% used [0x0000000083000000,0x0000000083e33a70,0x0000000088400000)
 Metaspace       used 10681K, capacity 11303K, committed 11520K, reserved 1058816K
  class space    used 1116K, capacity 1248K, committed 1280K, reserved 1048576K
}
Event: 17.651 GC heap before
{Heap before GC invocations=34 (full 0):
 PSYoungGen      total 251904K, used 247872K [0x00000000d6580000, 0x00000000fcb80000, 0x0000000100000000)
  eden space 247808K, 100% used [0x00000000d6580000,0x00000000e5780000,0x00000000e5780000)
  from space 4096K, 1% used [0x00000000fc380000,0x00000000fc390000,0x00000000fc780000)
  to   space 3584K, 0% used [0x00000000fc800000,0x00000000fc800000,0x00000000fcb80000)
 ParOldGen       total 86016K, used 14542K [0x0000000083000000, 0x0000000088400000, 0x00000000d6580000)
  object space 86016K, 16% used [0x0000000083000000,0x0000000083e33a70,0x0000000088400000)
 Metaspace       used 10688K, capacity 11307K, committed 11520K, reserved 1058816K
  class space    used 1116K, capacity 1248K, committed 1280K, reserved 1048576K
Event: 17.652 GC heap after
Heap after GC invocations=34 (full 0):
 PSYoungGen      total 237568K, used 32K [0x00000000d6580000, 0x00000000fc880000, 0x0000000100000000)
  eden space 237056K, 0% used [0x00000000d6580000,0x00000000d6580000,0x00000000e4d00000)
  from space 512K, 6% used [0x00000000fc800000,0x00000000fc808000,0x00000000fc880000)
  to   space 3584K, 0% used [0x00000000fc180000,0x00000000fc180000,0x00000000fc500000)
 ParOldGen       total 86016K, used 14550K [0x0000000083000000, 0x0000000088400000, 0x00000000d6580000)
  object space 86016K, 16% used [0x0000000083000000,0x0000000083e35a70,0x0000000088400000)
 Metaspace       used 10688K, capacity 11307K, committed 11520K, reserved 1058816K
  class space    used 1116K, capacity 1248K, committed 1280K, reserved 1048576K
}
Event: 19.500 GC heap before
{Heap before GC invocations=35 (full 0):
 PSYoungGen      total 237568K, used 237088K [0x00000000d6580000, 0x00000000fc880000, 0x0000000100000000)
  eden space 237056K, 100% used [0x00000000d6580000,0x00000000e4d00000,0x00000000e4d00000)
  from space 512K, 6% used [0x00000000fc800000,0x00000000fc808000,0x00000000fc880000)
  to   space 3584K, 0% used [0x00000000fc180000,0x00000000fc180000,0x00000000fc500000)
 ParOldGen       total 86016K, used 14550K [0x0000000083000000, 0x0000000088400000, 0x00000000d6580000)
  object space 86016K, 16% used [0x0000000083000000,0x0000000083e35a70,0x0000000088400000)
 Metaspace       used 10692K, capacity 11311K, committed 11520K, reserved 1058816K
  class space    used 1116K, capacity 1248K, committed 1280K, reserved 1048576K
Event: 19.501 GC heap after
Heap after GC invocations=35 (full 0):
 PSYoungGen      total 230400K, used 64K [0x00000000d6580000, 0x00000000fc880000, 0x0000000100000000)
  eden space 226816K, 0% used [0x00000000d6580000,0x00000000d6580000,0x00000000e4300000)
  from space 3584K, 1% used [0x00000000fc180000,0x00000000fc190000,0x00000000fc500000)
  to   space 3584K, 0% used [0x00000000fc500000,0x00000000fc500000,0x00000000fc880000)
 ParOldGen       total 86016K, used 14550K [0x0000000083000000, 0x0000000088400000, 0x00000000d6580000)
  object space 86016K, 16% used [0x0000000083000000,0x0000000083e35a70,0x0000000088400000)
 Metaspace       used 10692K, capacity 11311K, committed 11520K, reserved 1058816K
  class space    used 1116K, capacity 1248K, committed 1280K, reserved 1048576K
}

Deoptimization events (10 events):
Event: 10.078 Thread 0x000000000208f000 Uncommon trap: reason=bimorphic action=maybe_recompile pc=0x0000000002d83efc method=java.util.stream.AbstractPipeline.copyInto(Ljava/util/stream/Sink;Ljava/util/Spliterator;)V @ 20
Event: 10.078 Thread 0x000000000208f000 Uncommon trap: reason=bimorphic action=maybe_recompile pc=0x0000000002c69a40 method=java.util.stream.AbstractPipeline.wrapSink(Ljava/util/stream/Sink;)Ljava/util/stream/Sink; @ 23
Event: 10.576 Thread 0x000000000208f000 Uncommon trap: reason=class_check action=maybe_recompile pc=0x0000000002d83dfc method=java.util.stream.AbstractPipeline.copyIntoWithCancel(Ljava/util/stream/Sink;Ljava/util/Spliterator;)V @ 19
Event: 14.523 Thread 0x000000000208f000 Uncommon trap: reason=bimorphic action=maybe_recompile pc=0x0000000002c6ac48 method=java.util.stream.AbstractPipeline.<init>(Ljava/util/stream/AbstractPipeline;I)V @ 66
Event: 14.523 Thread 0x000000000208f000 Uncommon trap: reason=bimorphic action=maybe_recompile pc=0x0000000002d83efc method=java.util.stream.AbstractPipeline.copyInto(Ljava/util/stream/Sink;Ljava/util/Spliterator;)V @ 20
Event: 14.523 Thread 0x000000000208f000 Uncommon trap: reason=bimorphic action=maybe_recompile pc=0x0000000002c69a40 method=java.util.stream.AbstractPipeline.wrapSink(Ljava/util/stream/Sink;)Ljava/util/stream/Sink; @ 23
Event: 15.069 Thread 0x000000000208f000 Uncommon trap: reason=class_check action=maybe_recompile pc=0x0000000002d83dfc method=java.util.stream.AbstractPipeline.copyIntoWithCancel(Ljava/util/stream/Sink;Ljava/util/Spliterator;)V @ 19
Event: 15.332 Thread 0x000000000208f000 Uncommon trap: reason=bimorphic action=maybe_recompile pc=0x0000000002c6ac48 method=java.util.stream.AbstractPipeline.<init>(Ljava/util/stream/AbstractPipeline;I)V @ 66
Event: 15.332 Thread 0x000000000208f000 Uncommon trap: reason=bimorphic action=maybe_recompile pc=0x0000000002d83efc method=java.util.stream.AbstractPipeline.copyInto(Ljava/util/stream/Sink;Ljava/util/Spliterator;)V @ 20
Event: 15.332 Thread 0x000000000208f000 Uncommon trap: reason=bimorphic action=maybe_recompile pc=0x0000000002c69a40 method=java.util.stream.AbstractPipeline.wrapSink(Ljava/util/stream/Sink;)Ljava/util/stream/Sink; @ 23

Internal exceptions (10 events):
Event: 0.596 Thread 0x000000000208f000 Exception <a 'java/lang/NoSuchFieldError': method resolution failed> (0x00000000d6b2dd00) thrown at [C:\workspace\8-2-build-windows-amd64-cygwin\jdk8u65\4987\hotspot\src\share\vm\prims\methodHandles.cpp, line 1146]
Event: 0.628 Thread 0x000000000208f000 Exception <a 'java/security/PrivilegedActionException'> (0x00000000d6bee4c8) thrown at [C:\workspace\8-2-build-windows-amd64-cygwin\jdk8u65\4987\hotspot\src\share\vm\prims\jvm.cpp, line 1386]
Event: 0.628 Thread 0x000000000208f000 Exception <a 'java/security/PrivilegedActionException'> (0x00000000d6bee6d8) thrown at [C:\workspace\8-2-build-windows-amd64-cygwin\jdk8u65\4987\hotspot\src\share\vm\prims\jvm.cpp, line 1386]
Event: 0.629 Thread 0x000000000208f000 Exception <a 'java/security/PrivilegedActionException'> (0x00000000d6bf2520) thrown at [C:\workspace\8-2-build-windows-amd64-cygwin\jdk8u65\4987\hotspot\src\share\vm\prims\jvm.cpp, line 1386]
Event: 0.629 Thread 0x000000000208f000 Exception <a 'java/security/PrivilegedActionException'> (0x00000000d6bf2730) thrown at [C:\workspace\8-2-build-windows-amd64-cygwin\jdk8u65\4987\hotspot\src\share\vm\prims\jvm.cpp, line 1386]
Event: 0.632 Thread 0x000000000208f000 Exception <a 'java/io/FileNotFoundException'> (0x00000000d6bf4b18) thrown at [C:\workspace\8-2-build-windows-amd64-cygwin\jdk8u65\4987\hotspot\src\share\vm\prims\jni.cpp, line 709]
Event: 0.660 Thread 0x000000000208f000 Exception <a 'java/io/FileNotFoundException'> (0x00000000d6c36480) thrown at [C:\workspace\8-2-build-windows-amd64-cygwin\jdk8u65\4987\hotspot\src\share\vm\prims\jni.cpp, line 709]
Event: 0.680 Thread 0x000000000208f000 Implicit null exception at 0x0000000002919d4b to 0x0000000002919efd
Event: 3.706 Thread 0x000000000208f000 Implicit null exception at 0x0000000002b9de08 to 0x0000000002b9de96
Event: 3.706 Thread 0x000000000208f000 Implicit null exception at 0x000000000298ecaf to 0x000000000298ed61

Events (10 events):
Event: 15.332 Thread 0x000000000208f000 DEOPT UNPACKING pc=0x00000000027c582a sp=0x00000000024ad940 mode 2
Event: 15.350 Executing VM operation: ParallelGCFailedAllocation
Event: 15.350 Executing VM operation: ParallelGCFailedAllocation done
Event: 17.638 Thread 0x000000005890b000 flushing nmethod 0x0000000002889290
Event: 17.638 Thread 0x000000005890b000 flushing nmethod 0x0000000002889d50
Event: 17.638 Thread 0x000000005890b000 flushing nmethod 0x000000000288af50
Event: 17.651 Executing VM operation: ParallelGCFailedAllocation
Event: 17.652 Executing VM operation: ParallelGCFailedAllocation done
Event: 19.500 Executing VM operation: ParallelGCFailedAllocation
Event: 19.501 Executing VM operation: ParallelGCFailedAllocation done


Dynamic libraries:
0x000000013f3b0000 - 0x000000013f3e7000 	C:\Program Files\Java\jdk1.8.0_65\bin\java.exe
0x0000000077470000 - 0x000000007761a000 	C:\Windows\SYSTEM32\ntdll.dll
0x0000000077350000 - 0x000000007746f000 	C:\Windows\system32\kernel32.dll
0x000007fefd510000 - 0x000007fefd57b000 	C:\Windows\system32\KERNELBASE.dll
0x000007fefe370000 - 0x000007fefe44b000 	C:\Windows\system32\ADVAPI32.dll
0x000007fefe100000 - 0x000007fefe19f000 	C:\Windows\system32\msvcrt.dll
0x000007fefda50000 - 0x000007fefda6f000 	C:\Windows\SYSTEM32\sechost.dll
0x000007fefe450000 - 0x000007fefe57d000 	C:\Windows\system32\RPCRT4.dll
0x0000000077250000 - 0x000000007734a000 	C:\Windows\system32\USER32.dll
0x000007fefe1a0000 - 0x000007fefe207000 	C:\Windows\system32\GDI32.dll
0x000007fefe210000 - 0x000007fefe21e000 	C:\Windows\system32\LPK.dll
0x000007fefe2a0000 - 0x000007fefe36a000 	C:\Windows\system32\USP10.dll
0x000007fefbaa0000 - 0x000007fefbc94000 	C:\Windows\WinSxS\amd64_microsoft.windows.common-controls_6595b64144ccf1df_6.0.7601.18837_none_fa3b1e3d17594757\COMCTL32.dll
0x000007fefd5e0000 - 0x000007fefd651000 	C:\Windows\system32\SHLWAPI.dll
0x000007fefd5b0000 - 0x000007fefd5de000 	C:\Windows\system32\IMM32.DLL
0x000007fefdff0000 - 0x000007fefe0f9000 	C:\Windows\system32\MSCTF.dll
0x0000000072c60000 - 0x0000000072d32000 	C:\Program Files\Java\jdk1.8.0_65\jre\bin\msvcr100.dll
0x000000006c1a0000 - 0x000000006ca29000 	C:\Program Files\Java\jdk1.8.0_65\jre\bin\server\jvm.dll
0x000007fef7530000 - 0x000007fef7539000 	C:\Windows\system32\WSOCK32.dll
0x000007fefdef0000 - 0x000007fefdf3d000 	C:\Windows\system32\WS2_32.dll
0x000007fefdfe0000 - 0x000007fefdfe8000 	C:\Windows\system32\NSI.dll
0x000007fefae40000 - 0x000007fefae7b000 	C:\Windows\system32\WINMM.dll
0x000007fefc350000 - 0x000007fefc35c000 	C:\Windows\system32\VERSION.dll
0x0000000077640000 - 0x0000000077647000 	C:\Windows\system32\PSAPI.DLL
0x0000000073be0000 - 0x0000000073bef000 	C:\Program Files\Java\jdk1.8.0_65\jre\bin\verify.dll
0x00000000739e0000 - 0x0000000073a09000 	C:\Program Files\Java\jdk1.8.0_65\jre\bin\java.dll
0x00000000739c0000 - 0x00000000739d6000 	C:\Program Files\Java\jdk1.8.0_65\jre\bin\zip.dll
0x000007fefe580000 - 0x000007feff30a000 	C:\Windows\system32\SHELL32.dll
0x000007fefdc00000 - 0x000007fefde03000 	C:\Windows\system32\ole32.dll
0x000007fefd1f0000 - 0x000007fefd1ff000 	C:\Windows\system32\profapi.dll
0x0000000180000000 - 0x0000000180051000 	G:\OGPC 2016\OGPC 2016 Java\natives\lwjgl64.dll
0x000007fef3b80000 - 0x000007fef3c9d000 	C:\Windows\system32\OPENGL32.dll
0x000007fef8e70000 - 0x000007fef8e9d000 	C:\Windows\system32\GLU32.dll
0x000007feee740000 - 0x000007feee831000 	C:\Windows\system32\DDRAW.dll
0x000007fef9f60000 - 0x000007fef9f68000 	C:\Windows\system32\DCIMAN32.dll
0x000007feff5a0000 - 0x000007feff777000 	C:\Windows\system32\SETUPAPI.dll
0x000007fefd490000 - 0x000007fefd4c6000 	C:\Windows\system32\CFGMGR32.dll
0x000007fefde10000 - 0x000007fefdee8000 	C:\Windows\system32\OLEAUT32.dll
0x000007fefd3b0000 - 0x000007fefd3ca000 	C:\Windows\system32\DEVOBJ.dll
0x000007fefb4f0000 - 0x000007fefb508000 	C:\Windows\system32\dwmapi.dll
0x000007fefba40000 - 0x000007fefba96000 	C:\Windows\system32\uxtheme.dll
0x00000000022d0000 - 0x0000000002311000 	C:\Program Files (x86)\NetSupport\NetSupport School\pciappctrl64.dll
0x000007fef4da0000 - 0x000007fef4ec5000 	C:\Windows\system32\dbghelp.dll
0x000007fef9f30000 - 0x000007fef9f48000 	C:\Windows\system32\MPR.dll
0x0000000002320000 - 0x0000000002345000 	C:\Program Files (x86)\Common Files\NSL\NSCommonHook64.dll
0x000007fee8da0000 - 0x000007fee95d3000 	C:\Windows\system32\ig7icd64.dll
0x000007feee840000 - 0x000007feeec9f000 	C:\Windows\system32\igdusc64.dll
0x000007fefc070000 - 0x000007fefc081000 	C:\Windows\system32\WTSAPI32.dll
0x000007fefd130000 - 0x000007fefd13f000 	C:\Windows\system32\CRYPTBASE.dll
0x000007fef3fb0000 - 0x000007fef404c000 	C:\Windows\system32\mscms.dll
0x000007fefd580000 - 0x000007fefd59e000 	C:\Windows\system32\USERENV.dll
0x000007fef3f60000 - 0x000007fef3fa2000 	C:\Windows\system32\icm32.dll
0x0000000072710000 - 0x00000000728a8000 	C:\Program Files\Java\jdk1.8.0_65\jre\bin\awt.dll
0x000007fefbd30000 - 0x000007fefbd3a000 	C:\Windows\System32\drprov.dll
0x000007fefd0f0000 - 0x000007fefd12d000 	C:\Windows\System32\WINSTA.dll
0x000007fef9d70000 - 0x000007fef9d92000 	C:\Windows\System32\ntlanman.dll
0x000007fefa120000 - 0x000007fefa13d000 	C:\Windows\System32\davclnt.dll
0x000007fefb760000 - 0x000007fefb76a000 	C:\Windows\System32\DAVHLPR.dll
0x0000000072c10000 - 0x0000000072c57000 	C:\Program Files\Java\jdk1.8.0_65\jre\bin\fontmanager.dll
0x0000000073340000 - 0x000000007335a000 	C:\Program Files\Java\jdk1.8.0_65\jre\bin\net.dll
0x00000000121e0000 - 0x0000000012204000 	C:\Program Files (x86)\Common Files\NSL\nslsp64.dll
0x000007fefc990000 - 0x000007fefc9e5000 	C:\Windows\system32\mswsock.dll
0x000007fefc980000 - 0x000007fefc987000 	C:\Windows\System32\wship6.dll
0x00000000733b0000 - 0x00000000733c1000 	C:\Program Files\Java\jdk1.8.0_65\jre\bin\nio.dll
0x0000000072bc0000 - 0x0000000072c02000 	C:\Program Files\Java\jdk1.8.0_65\jre\bin\t2k.dll

VM Arguments:
jvm_args: -Dfile.encoding=UTF-8 -Dorg.lwjgl.opengl.Display.allowSoftwareOpenGL=true 
java_command: invisibleman.Client
java_class_path (initial): G:\OGPC 2016\OGPC 2016 Java\lib\jfxrt.jar;G:\OGPC 2016\OGPC 2016 Java\lib\jinput.jar;G:\OGPC 2016\OGPC 2016 Java\lib\lwjgl.jar;G:\OGPC 2016\OGPC 2016 Java\lib\lwjgl_util.jar;G:\OGPC 2016\OGPC 2016 Java\lib\slick-util.jar;G:\OGPC 2016\OGPC 2016 Java\lib\protonpack-1.1.jar;G:\OGPC 2016\OGPC 2016 Java\lib\Forge.jar;G:\OGPC 2016\OGPC 2016 Java\build\classes
Launcher Type: SUN_STANDARD

Environment Variables:
PATH=C:\Program Files\Common Files\Microsoft Shared\Windows Live;C:\Program Files (x86)\Common Files\Microsoft Shared\Windows Live;C:\ProgramData\Oracle\Java\javapath;C:\Windows\system32;C:\Windows;C:\Windows\System32\Wbem;C:\Windows\System32\WindowsPowerShell\v1.0\;C:\Program Files\Intel\WiFi\bin\;C:\Program Files\Common Files\Intel\WirelessCommon\;C:\Program Files (x86)\Intel\OpenCL SDK\2.0\bin\x86;C:\Program Files (x86)\Intel\OpenCL SDK\2.0\bin\x64;C:\SWTOOLS\ReadyApps;C:\Program Files (x86)\QuickTime\QTSystem\;C:\Program Files (x86)\Windows Live\Shared;C:\Program Files\Intel\WiFi\bin\;C:\Program Files\Common Files\Intel\WirelessCommon\
USERNAME=RSoiffer16
OS=Windows_NT
PROCESSOR_IDENTIFIER=Intel64 Family 6 Model 58 Stepping 9, GenuineIntel



---------------  S Y S T E M  ---------------

OS: Windows 7 , 64 bit Build 7601 (6.1.7601.19160)

CPU:total 4 (2 cores per cpu, 2 threads per core) family 6 model 58 stepping 9, cmov, cx8, fxsr, mmx, sse, sse2, sse3, ssse3, sse4.1, sse4.2, popcnt, avx, clmul, erms, ht, tsc, tscinvbit, tscinv

Memory: 4k page, physical 8186072k(4567992k free), swap 16370308k(11701884k free)

vm_info: Java HotSpot(TM) 64-Bit Server VM (25.65-b01) for windows-amd64 JRE (1.8.0_65-b17), built on Oct  6 2015 16:39:20 by "java_re" with MS VC++ 10.0 (VS2010)

time: Tue Apr 19 15:38:59 2016
elapsed time: 19 seconds (0d 0h 0m 19s)

