#
# A fatal error has been detected by the Java Runtime Environment:
#
#  EXCEPTION_ACCESS_VIOLATION (0xc0000005) at pc=0x000000001a2ad184, pid=11240, tid=4156
#
# JRE version: Java(TM) SE Runtime Environment (8.0_51-b16) (build 1.8.0_51-b16)
# Java VM: Java HotSpot(TM) 64-Bit Server VM (25.51-b03 mixed mode windows-amd64 compressed oops)
# Problematic frame:
# C  [ig7icd64.dll+0x1d184]
#
# Failed to write core dump. Minidumps are not enabled by default on client versions of Windows
#
# If you would like to submit a bug report, please visit:
#   http://bugreport.java.com/bugreport/crash.jsp
# The crash happened outside the Java Virtual Machine in native code.
# See problematic frame for where to report the bug.
#

---------------  T H R E A D  ---------------

Current thread (0x0000000000bcd800):  JavaThread "main" [_thread_in_native, id=4156, stack(0x0000000002300000,0x0000000002400000)]

siginfo: ExceptionCode=0xc0000005, writing address 0x000000001a0ba000

Registers:
RAX=0x0000000000000001, RBX=0x000000001aa4e000, RCX=0x000000001a0ba010, RDX=0x000000001ef9c1c0
RSP=0x00000000023fe1a0, RBP=0x0000000000000000, RSI=0x000000001bfe34f0, RDI=0x000000001ef9be60
R8 =0x0000000000000020, R9 =0x0000000000000000, R10=0x0000000000000001, R11=0x0000000000000002
R12=0x0000000000000000, R13=0x000000001ef1b2f0, R14=0x000000001bfe5200, R15=0x0000000000000000
RIP=0x000000001a2ad184, EFLAGS=0x0000000000010206

Top of Stack: (sp=0x00000000023fe1a0)
0x00000000023fe1a0:   00000000023fe350 0000000000000000
0x00000000023fe1b0:   000000001aa4e000 000000001aa4e000
0x00000000023fe1c0:   0000000000bcd800 00007ffad002ae51
0x00000000023fe1d0:   0000000000000000 0000000000000000
0x00000000023fe1e0:   000000001aa4e000 000000001a4b0ac8
0x00000000023fe1f0:   000000001aa4e000 404e000000000000
0x00000000023fe200:   000000001aa5b420 000000001a6a8b5e
0x00000000023fe210:   000000001aa4e000 00000000023fe350
0x00000000023fe220:   000000001ef9c1b0 0000000000000000
0x00000000023fe230:   0000000000000000 0000000000000000
0x00000000023fe240:   000000001f0de930 0000000000000002
0x00000000023fe250:   0000000000000002 000000001f0e3c70
0x00000000023fe260:   000000001aa4e000 000000001ef9bfbc
0x00000000023fe270:   000000001ef9be60 000000001a4e2a54
0x00000000023fe280:   00000000023fe319 000000001f043101
0x00000000023fe290:   000000001ef9bfbc 0000000000000000 

Instructions: (pc=0x000000001a2ad184)
0x000000001a2ad164:   d1 49 c1 eb 04 4d 85 db 0f 84 24 02 00 00 f3 0f
0x000000001a2ad174:   6f 02 41 ff c2 48 83 c1 10 41 8b c2 48 83 c2 10
0x000000001a2ad184:   f3 0f 7f 41 f0 49 3b c3 72 e4 e9 03 02 00 00 48
0x000000001a2ad194:   89 7c 24 40 8b f9 83 e7 0f 74 68 48 89 5c 24 50 


Register to memory mapping:

RAX=0x0000000000000001 is an unknown value
RBX=0x000000001aa4e000 is an unknown value
RCX=0x000000001a0ba010 is an unknown value
RDX=0x000000001ef9c1c0 is an unknown value
RSP=0x00000000023fe1a0 is pointing into the stack for thread: 0x0000000000bcd800
RBP=0x0000000000000000 is an unknown value
RSI=0x000000001bfe34f0 is an unknown value
RDI=0x000000001ef9be60 is an unknown value
R8 =0x0000000000000020 is an unknown value
R9 =0x0000000000000000 is an unknown value
R10=0x0000000000000001 is an unknown value
R11=0x0000000000000002 is an unknown value
R12=0x0000000000000000 is an unknown value
R13=0x000000001ef1b2f0 is an unknown value
R14=0x000000001bfe5200 is an unknown value
R15=0x0000000000000000 is an unknown value


Stack: [0x0000000002300000,0x0000000002400000],  sp=0x00000000023fe1a0,  free space=1016k
Native frames: (J=compiled Java code, j=interpreted, Vv=VM code, C=native code)

Java frames: (J=compiled Java code, j=interpreted, Vv=VM code)
J 1809  org.lwjgl.opengl.GL11.nglCallList(IJ)V (0 bytes) @ 0x0000000002b80c04 [0x0000000002b80bc0+0x44]
J 1925 C2 map.CubeMap$$Lambda$123.accept(Ljava/lang/Object;Ljava/lang/Object;)V (12 bytes) @ 0x0000000002c2d898 [0x0000000002c2d780+0x118]
J 1752 C2 util.Util$$Lambda$65.accept(Ljava/lang/Object;)V (20 bytes) @ 0x0000000002b21188 [0x0000000002b210a0+0xe8]
J 1520 C2 util.Util.forRange(IILjava/util/function/Consumer;)V (24 bytes) @ 0x0000000002a79ce0 [0x0000000002a799e0+0x300]
J 2019 C1 map.CubeMap.drawAll()V (49 bytes) @ 0x0000000002c7af04 [0x0000000002c79da0+0x1164]
J 1948 C1 map.Editor$$Lambda$82.run()V (4 bytes) @ 0x0000000002c3cc3c [0x0000000002c3cb80+0xbc]
J 2038 C2 engine.EventStream$$Lambda$2.accept(Ljava/lang/Object;)V (12 bytes) @ 0x0000000002c86858 [0x0000000002c86800+0x58]
J 1922 C2 engine.EventStream$$Lambda$33.accept(Ljava/lang/Object;)V (10 bytes) @ 0x0000000002c2c6b8 [0x0000000002c2c660+0x58]
J 1462 C2 java.util.ArrayList.forEach(Ljava/util/function/Consumer;)V (75 bytes) @ 0x0000000002a370d8 [0x0000000002a37020+0xb8]
J 1818 C1 engine.Core$$Lambda$53.accept(Ljava/lang/Object;)V (8 bytes) @ 0x0000000002ba7ca4 [0x0000000002ba7840+0x464]
J 1853 C1 java.lang.Iterable.forEach(Ljava/util/function/Consumer;)V (39 bytes) @ 0x0000000002bda00c [0x0000000002bd9d20+0x2ec]
J 937% C2 engine.Core.run()V (114 bytes) @ 0x00000000028e69a8 [0x00000000028e68e0+0xc8]
j  map.Editor.start(Ljava/lang/String;)V+481
j  guis.Play.recieve(Ljava/lang/String;Ljava/lang/Object;)V+131
j  gui.components.GUIButton.send()V+68
j  gui.TypingManager.compOpen(Lgui/types/GUIInputComponent;)V+24
j  gui.TypingManager.lambda$null$1()V+93
j  gui.TypingManager$$Lambda$35.run()V+0
J 1014 C1 engine.EventStream$$Lambda$2.accept(Ljava/lang/Object;)V (12 bytes) @ 0x000000000290ed94 [0x000000000290eb60+0x234]
J 1009 C1 engine.EventStream$$Lambda$3.run()V (12 bytes) @ 0x000000000290a894 [0x000000000290a740+0x154]
J 1008 C1 engine.EventStream$$Lambda$33.accept(Ljava/lang/Object;)V (10 bytes) @ 0x000000000290ae44 [0x000000000290ac40+0x204]
J 960 C1 java.util.ArrayList.forEach(Ljava/util/function/Consumer;)V (75 bytes) @ 0x00000000028f8acc [0x00000000028f88c0+0x20c]
J 1017 C1 engine.Signal.set(Ljava/lang/Object;)V (10 bytes) @ 0x0000000002910adc [0x0000000002910740+0x39c]
j  engine.Signal.lambda$filter$27(Ljava/util/function/Predicate;Lengine/Signal;)V+18
j  engine.Signal$$Lambda$5.accept(Ljava/lang/Object;)V+12
J 1009 C1 engine.EventStream$$Lambda$3.run()V (12 bytes) @ 0x000000000290a894 [0x000000000290a740+0x154]
J 1008 C1 engine.EventStream$$Lambda$33.accept(Ljava/lang/Object;)V (10 bytes) @ 0x000000000290ae44 [0x000000000290ac40+0x204]
J 960 C1 java.util.ArrayList.forEach(Ljava/util/function/Consumer;)V (75 bytes) @ 0x00000000028f8acc [0x00000000028f88c0+0x20c]
J 1017 C1 engine.Signal.set(Ljava/lang/Object;)V (10 bytes) @ 0x0000000002910adc [0x0000000002910740+0x39c]
j  engine.Input.lambda$static$0()V+156
j  engine.Input$$Lambda$1.run()V+0
J 1014 C1 engine.EventStream$$Lambda$2.accept(Ljava/lang/Object;)V (12 bytes) @ 0x000000000290ed94 [0x000000000290eb60+0x234]
J 1009 C1 engine.EventStream$$Lambda$3.run()V (12 bytes) @ 0x000000000290a894 [0x000000000290a740+0x154]
J 1008 C1 engine.EventStream$$Lambda$33.accept(Ljava/lang/Object;)V (10 bytes) @ 0x000000000290ae44 [0x000000000290ac40+0x204]
J 960 C1 java.util.ArrayList.forEach(Ljava/util/function/Consumer;)V (75 bytes) @ 0x00000000028f8acc [0x00000000028f88c0+0x20c]
J 1017 C1 engine.Signal.set(Ljava/lang/Object;)V (10 bytes) @ 0x0000000002910adc [0x0000000002910740+0x39c]
j  engine.Core.lambda$run$36(DLengine/Signal;)V+5
j  engine.Core$$Lambda$49.accept(Ljava/lang/Object;)V+8
j  java.lang.Iterable.forEach(Ljava/util/function/Consumer;)V+30
J 937% C2 engine.Core.run()V (114 bytes) @ 0x00000000028e6974 [0x00000000028e68e0+0x94]
j  invisibleman.Client.main([Ljava/lang/String;)V+139
v  ~StubRoutines::call_stub

---------------  P R O C E S S  ---------------

Java Threads: ( => current thread )
  0x000000001e382800 JavaThread "AWT-Windows" daemon [_thread_in_native, id=7196, stack(0x000000001f8f0000,0x000000001f9f0000)]
  0x000000001e379000 JavaThread "Java2D Disposer" daemon [_thread_blocked, id=9848, stack(0x000000001f6f0000,0x000000001f7f0000)]
  0x0000000019570000 JavaThread "Service Thread" daemon [_thread_blocked, id=8000, stack(0x0000000019eb0000,0x0000000019fb0000)]
  0x00000000194e9800 JavaThread "C1 CompilerThread3" daemon [_thread_blocked, id=6292, stack(0x0000000019db0000,0x0000000019eb0000)]
  0x00000000194db800 JavaThread "C2 CompilerThread2" daemon [_thread_blocked, id=11672, stack(0x0000000019cb0000,0x0000000019db0000)]
  0x00000000194d2800 JavaThread "C2 CompilerThread1" daemon [_thread_blocked, id=11232, stack(0x0000000019bb0000,0x0000000019cb0000)]
  0x00000000194e3800 JavaThread "C2 CompilerThread0" daemon [_thread_blocked, id=11156, stack(0x0000000019ab0000,0x0000000019bb0000)]
  0x00000000194e1000 JavaThread "Attach Listener" daemon [_thread_blocked, id=10712, stack(0x00000000199b0000,0x0000000019ab0000)]
  0x00000000194df800 JavaThread "Signal Dispatcher" daemon [_thread_blocked, id=7756, stack(0x00000000198b0000,0x00000000199b0000)]
  0x0000000002589000 JavaThread "Finalizer" daemon [_thread_blocked, id=5280, stack(0x00000000193b0000,0x00000000194b0000)]
  0x0000000002582000 JavaThread "Reference Handler" daemon [_thread_blocked, id=8772, stack(0x00000000192b0000,0x00000000193b0000)]
=>0x0000000000bcd800 JavaThread "main" [_thread_in_native, id=4156, stack(0x0000000002300000,0x0000000002400000)]

Other Threads:
  0x00000000174c9800 VMThread [stack: 0x00000000191b0000,0x00000000192b0000] [id=6540]
  0x0000000019582000 WatcherThread [stack: 0x0000000019fb0000,0x000000001a0b0000] [id=4512]

VM state:not at safepoint (normal execution)

VM Mutex/Monitor currently owned by a thread: None

Heap:
 PSYoungGen      total 297984K, used 46829K [0x00000000d6000000, 0x00000000f4580000, 0x0000000100000000)
  eden space 291840K, 15% used [0x00000000d6000000,0x00000000d8d93718,0x00000000e7d00000)
  from space 6144K, 2% used [0x00000000f3980000,0x00000000f39a8000,0x00000000f3f80000)
  to   space 5632K, 0% used [0x00000000f4000000,0x00000000f4000000,0x00000000f4580000)
 ParOldGen       total 86016K, used 14093K [0x0000000082000000, 0x0000000087400000, 0x00000000d6000000)
  object space 86016K, 16% used [0x0000000082000000,0x0000000082dc3590,0x0000000087400000)
 Metaspace       used 10712K, capacity 11359K, committed 11520K, reserved 1058816K
  class space    used 1115K, capacity 1246K, committed 1280K, reserved 1048576K

Card table byte_map: [0x0000000011950000,0x0000000011d50000] byte_map_base: 0x0000000011540000

Marking Bits: (ParMarkBitMap*) 0x0000000058f24040
 Begin Bits: [0x00000000127f0000, 0x0000000014770000)
 End Bits:   [0x0000000014770000, 0x00000000166f0000)

Polling page: 0x0000000000b00000

CodeCache: size=245760Kb used=7162Kb max_used=7169Kb free=238597Kb
 bounds [0x0000000002590000, 0x0000000002ca0000, 0x0000000011590000]
 total_blobs=2617 nmethods=2047 adapters=483
 compilation: enabled

Compilation events (10 events):
Event: 17.090 Thread 0x00000000194e9800 2060       1       org.lwjgl.opengl.WindowsDisplayPeerInfo::doLockAndInitHandle (1 bytes)
Event: 17.090 Thread 0x00000000194e9800 nmethod 2060 0x0000000002c6de10 code [0x0000000002c6df60, 0x0000000002c6e070]
Event: 17.160 Thread 0x00000000194d2800 2061       4       java.nio.HeapByteBuffer::compact (52 bytes)
Event: 17.162 Thread 0x00000000194d2800 nmethod 2061 0x0000000002691590 code [0x00000000026916e0, 0x00000000026918d8]
Event: 18.201 Thread 0x00000000194e9800 2062       1       java.util.stream.Sink::cancellationRequested (2 bytes)
Event: 18.201 Thread 0x00000000194e9800 nmethod 2062 0x00000000026912d0 code [0x0000000002691420, 0x0000000002691530]
Event: 18.201 Thread 0x00000000194e9800 2063       3       java.util.Spliterators$IteratorSpliterator::tryAdvance (77 bytes)
Event: 18.201 Thread 0x00000000194e9800 nmethod 2063 0x0000000002c8c7d0 code [0x0000000002c8c9a0, 0x0000000002c8d078]
Event: 18.201 Thread 0x00000000194e9800 2064       3       map.CubeMap$1::hasNext (22 bytes)
Event: 18.201 Thread 0x00000000194e9800 nmethod 2064 0x0000000002c958d0 code [0x0000000002c95a40, 0x0000000002c95d28]

GC Heap History (10 events):
Event: 6.183 GC heap before
{Heap before GC invocations=23 (full 0):
 PSYoungGen      total 367104K, used 366752K [0x00000000d6000000, 0x00000000f5280000, 0x0000000100000000)
  eden space 366592K, 100% used [0x00000000d6000000,0x00000000ec600000,0x00000000ec600000)
  from space 512K, 31% used [0x00000000f5200000,0x00000000f5228000,0x00000000f5280000)
  to   space 8192K, 0% used [0x00000000f4280000,0x00000000f4280000,0x00000000f4a80000)
 ParOldGen       total 86016K, used 14021K [0x0000000082000000, 0x0000000087400000, 0x00000000d6000000)
  object space 86016K, 16% used [0x0000000082000000,0x0000000082db1590,0x0000000087400000)
 Metaspace       used 10473K, capacity 11053K, committed 11264K, reserved 1058816K
  class space    used 1093K, capacity 1231K, committed 1280K, reserved 1048576K
Event: 6.183 GC heap after
Heap after GC invocations=23 (full 0):
 PSYoungGen      total 358400K, used 96K [0x00000000d6000000, 0x00000000f5280000, 0x0000000100000000)
  eden space 350208K, 0% used [0x00000000d6000000,0x00000000d6000000,0x00000000eb600000)
  from space 8192K, 1% used [0x00000000f4280000,0x00000000f4298000,0x00000000f4a80000)
  to   space 7680K, 0% used [0x00000000f4b00000,0x00000000f4b00000,0x00000000f5280000)
 ParOldGen       total 86016K, used 14021K [0x0000000082000000, 0x0000000087400000, 0x00000000d6000000)
  object space 86016K, 16% used [0x0000000082000000,0x0000000082db1590,0x0000000087400000)
 Metaspace       used 10473K, capacity 11053K, committed 11264K, reserved 1058816K
  class space    used 1093K, capacity 1231K, committed 1280K, reserved 1048576K
}
Event: 6.300 GC heap before
{Heap before GC invocations=24 (full 0):
 PSYoungGen      total 358400K, used 350304K [0x00000000d6000000, 0x00000000f5280000, 0x0000000100000000)
  eden space 350208K, 100% used [0x00000000d6000000,0x00000000eb600000,0x00000000eb600000)
  from space 8192K, 1% used [0x00000000f4280000,0x00000000f4298000,0x00000000f4a80000)
  to   space 7680K, 0% used [0x00000000f4b00000,0x00000000f4b00000,0x00000000f5280000)
 ParOldGen       total 86016K, used 14021K [0x0000000082000000, 0x0000000087400000, 0x00000000d6000000)
  object space 86016K, 16% used [0x0000000082000000,0x0000000082db1590,0x0000000087400000)
 Metaspace       used 10473K, capacity 11053K, committed 11264K, reserved 1058816K
  class space    used 1093K, capacity 1231K, committed 1280K, reserved 1048576K
Event: 6.301 GC heap after
Heap after GC invocations=24 (full 0):
 PSYoungGen      total 334848K, used 96K [0x00000000d6000000, 0x00000000f4b80000, 0x0000000100000000)
  eden space 334336K, 0% used [0x00000000d6000000,0x00000000d6000000,0x00000000ea680000)
  from space 512K, 18% used [0x00000000f4b00000,0x00000000f4b18000,0x00000000f4b80000)
  to   space 7168K, 0% used [0x00000000f3d80000,0x00000000f3d80000,0x00000000f4480000)
 ParOldGen       total 86016K, used 14021K [0x0000000082000000, 0x0000000087400000, 0x00000000d6000000)
  object space 86016K, 16% used [0x0000000082000000,0x0000000082db1590,0x0000000087400000)
 Metaspace       used 10473K, capacity 11053K, committed 11264K, reserved 1058816K
  class space    used 1093K, capacity 1231K, committed 1280K, reserved 1048576K
}
Event: 6.411 GC heap before
{Heap before GC invocations=25 (full 0):
 PSYoungGen      total 334848K, used 334432K [0x00000000d6000000, 0x00000000f4b80000, 0x0000000100000000)
  eden space 334336K, 100% used [0x00000000d6000000,0x00000000ea680000,0x00000000ea680000)
  from space 512K, 18% used [0x00000000f4b00000,0x00000000f4b18000,0x00000000f4b80000)
  to   space 7168K, 0% used [0x00000000f3d80000,0x00000000f3d80000,0x00000000f4480000)
 ParOldGen       total 86016K, used 14021K [0x0000000082000000, 0x0000000087400000, 0x00000000d6000000)
  object space 86016K, 16% used [0x0000000082000000,0x0000000082db1590,0x0000000087400000)
 Metaspace       used 10473K, capacity 11053K, committed 11264K, reserved 1058816K
  class space    used 1093K, capacity 1231K, committed 1280K, reserved 1048576K
Event: 6.411 GC heap after
Heap after GC invocations=25 (full 0):
 PSYoungGen      total 326656K, used 96K [0x00000000d6000000, 0x00000000f4b80000, 0x0000000100000000)
  eden space 319488K, 0% used [0x00000000d6000000,0x00000000d6000000,0x00000000e9800000)
  from space 7168K, 1% used [0x00000000f3d80000,0x00000000f3d98000,0x00000000f4480000)
  to   space 6656K, 0% used [0x00000000f4500000,0x00000000f4500000,0x00000000f4b80000)
 ParOldGen       total 86016K, used 14021K [0x0000000082000000, 0x0000000087400000, 0x00000000d6000000)
  object space 86016K, 16% used [0x0000000082000000,0x0000000082db1590,0x0000000087400000)
 Metaspace       used 10473K, capacity 11053K, committed 11264K, reserved 1058816K
  class space    used 1093K, capacity 1231K, committed 1280K, reserved 1048576K
}
Event: 13.033 GC heap before
{Heap before GC invocations=26 (full 0):
 PSYoungGen      total 326656K, used 319584K [0x00000000d6000000, 0x00000000f4b80000, 0x0000000100000000)
  eden space 319488K, 100% used [0x00000000d6000000,0x00000000e9800000,0x00000000e9800000)
  from space 7168K, 1% used [0x00000000f3d80000,0x00000000f3d98000,0x00000000f4480000)
  to   space 6656K, 0% used [0x00000000f4500000,0x00000000f4500000,0x00000000f4b80000)
 ParOldGen       total 86016K, used 14021K [0x0000000082000000, 0x0000000087400000, 0x00000000d6000000)
  object space 86016K, 16% used [0x0000000082000000,0x0000000082db1590,0x0000000087400000)
 Metaspace       used 10710K, capacity 11359K, committed 11520K, reserved 1058816K
  class space    used 1115K, capacity 1246K, committed 1280K, reserved 1048576K
Event: 13.034 GC heap after
Heap after GC invocations=26 (full 0):
 PSYoungGen      total 305664K, used 256K [0x00000000d6000000, 0x00000000f4580000, 0x0000000100000000)
  eden space 305152K, 0% used [0x00000000d6000000,0x00000000d6000000,0x00000000e8a00000)
  from space 512K, 50% used [0x00000000f4500000,0x00000000f4540000,0x00000000f4580000)
  to   space 6144K, 0% used [0x00000000f3980000,0x00000000f3980000,0x00000000f3f80000)
 ParOldGen       total 86016K, used 14029K [0x0000000082000000, 0x0000000087400000, 0x00000000d6000000)
  object space 86016K, 16% used [0x0000000082000000,0x0000000082db3590,0x0000000087400000)
 Metaspace       used 10710K, capacity 11359K, committed 11520K, reserved 1058816K
  class space    used 1115K, capacity 1246K, committed 1280K, reserved 1048576K
}
Event: 18.227 GC heap before
{Heap before GC invocations=27 (full 0):
 PSYoungGen      total 305664K, used 305408K [0x00000000d6000000, 0x00000000f4580000, 0x0000000100000000)
  eden space 305152K, 100% used [0x00000000d6000000,0x00000000e8a00000,0x00000000e8a00000)
  from space 512K, 50% used [0x00000000f4500000,0x00000000f4540000,0x00000000f4580000)
  to   space 6144K, 0% used [0x00000000f3980000,0x00000000f3980000,0x00000000f3f80000)
 ParOldGen       total 86016K, used 14029K [0x0000000082000000, 0x0000000087400000, 0x00000000d6000000)
  object space 86016K, 16% used [0x0000000082000000,0x0000000082db3590,0x0000000087400000)
 Metaspace       used 10712K, capacity 11359K, committed 11520K, reserved 1058816K
  class space    used 1115K, capacity 1246K, committed 1280K, reserved 1048576K
Event: 18.228 GC heap after
Heap after GC invocations=27 (full 0):
 PSYoungGen      total 297984K, used 160K [0x00000000d6000000, 0x00000000f4580000, 0x0000000100000000)
  eden space 291840K, 0% used [0x00000000d6000000,0x00000000d6000000,0x00000000e7d00000)
  from space 6144K, 2% used [0x00000000f3980000,0x00000000f39a8000,0x00000000f3f80000)
  to   space 5632K, 0% used [0x00000000f4000000,0x00000000f4000000,0x00000000f4580000)
 ParOldGen       total 86016K, used 14093K [0x0000000082000000, 0x0000000087400000, 0x00000000d6000000)
  object space 86016K, 16% used [0x0000000082000000,0x0000000082dc3590,0x0000000087400000)
 Metaspace       used 10712K, capacity 11359K, committed 11520K, reserved 1058816K
  class space    used 1115K, capacity 1246K, committed 1280K, reserved 1048576K
}

Deoptimization events (10 events):
Event: 9.901 Thread 0x0000000000bcd800 Uncommon trap: reason=unstable_if action=reinterpret pc=0x0000000002ad25b8 method=java.util.stream.FindOps$FindOp.getOpFlags()I @ 7
Event: 9.901 Thread 0x0000000000bcd800 Uncommon trap: reason=class_check action=maybe_recompile pc=0x0000000002ae1800 method=java.util.stream.AbstractPipeline.copyIntoWithCancel(Ljava/util/stream/Sink;Ljava/util/Spliterator;)V @ 19
Event: 11.823 Thread 0x0000000000bcd800 Uncommon trap: reason=bimorphic action=maybe_recompile pc=0x0000000002aae558 method=java.util.stream.AbstractPipeline.<init>(Ljava/util/stream/AbstractPipeline;I)V @ 66
Event: 11.824 Thread 0x0000000000bcd800 Uncommon trap: reason=bimorphic action=maybe_recompile pc=0x0000000002ae1964 method=java.util.stream.AbstractPipeline.copyInto(Ljava/util/stream/Sink;Ljava/util/Spliterator;)V @ 20
Event: 13.020 Thread 0x0000000000bcd800 Uncommon trap: reason=class_check action=maybe_recompile pc=0x0000000002ae1800 method=java.util.stream.AbstractPipeline.copyIntoWithCancel(Ljava/util/stream/Sink;Ljava/util/Spliterator;)V @ 19
Event: 13.755 Thread 0x0000000000bcd800 Uncommon trap: reason=bimorphic action=maybe_recompile pc=0x0000000002aae558 method=java.util.stream.AbstractPipeline.<init>(Ljava/util/stream/AbstractPipeline;I)V @ 66
Event: 13.755 Thread 0x0000000000bcd800 Uncommon trap: reason=bimorphic action=maybe_recompile pc=0x0000000002ae1964 method=java.util.stream.AbstractPipeline.copyInto(Ljava/util/stream/Sink;Ljava/util/Spliterator;)V @ 20
Event: 14.743 Thread 0x0000000000bcd800 Uncommon trap: reason=class_check action=maybe_recompile pc=0x0000000002ae1800 method=java.util.stream.AbstractPipeline.copyIntoWithCancel(Ljava/util/stream/Sink;Ljava/util/Spliterator;)V @ 19
Event: 16.551 Thread 0x0000000000bcd800 Uncommon trap: reason=bimorphic action=maybe_recompile pc=0x0000000002aae558 method=java.util.stream.AbstractPipeline.<init>(Ljava/util/stream/AbstractPipeline;I)V @ 66
Event: 16.551 Thread 0x0000000000bcd800 Uncommon trap: reason=bimorphic action=maybe_recompile pc=0x0000000002ae1964 method=java.util.stream.AbstractPipeline.copyInto(Ljava/util/stream/Sink;Ljava/util/Spliterator;)V @ 20

Internal exceptions (10 events):
Event: 0.086 Thread 0x0000000000bcd800 Exception <a 'java/security/PrivilegedActionException'> (0x00000000d61fc798) thrown at [C:\re\workspace\8-2-build-windows-amd64-cygwin\jdk8u51\3951\hotspot\src\share\vm\prims\jvm.cpp, line 1382]
Event: 0.086 Thread 0x0000000000bcd800 Exception <a 'java/security/PrivilegedActionException'> (0x00000000d61fc950) thrown at [C:\re\workspace\8-2-build-windows-amd64-cygwin\jdk8u51\3951\hotspot\src\share\vm\prims\jvm.cpp, line 1382]
Event: 0.324 Thread 0x0000000000bcd800 Exception <a 'java/lang/NoSuchFieldError': method resolution failed> (0x00000000d65eb1c0) thrown at [C:\re\workspace\8-2-build-windows-amd64-cygwin\jdk8u51\3951\hotspot\src\share\vm\prims\methodHandles.cpp, line 1125]
Event: 0.326 Thread 0x0000000000bcd800 Exception <a 'java/lang/NoSuchFieldError': method resolution failed> (0x00000000d65f9890) thrown at [C:\re\workspace\8-2-build-windows-amd64-cygwin\jdk8u51\3951\hotspot\src\share\vm\prims\methodHandles.cpp, line 1125]
Event: 0.352 Thread 0x0000000000bcd800 Exception <a 'java/security/PrivilegedActionException'> (0x00000000d66bcb78) thrown at [C:\re\workspace\8-2-build-windows-amd64-cygwin\jdk8u51\3951\hotspot\src\share\vm\prims\jvm.cpp, line 1382]
Event: 0.352 Thread 0x0000000000bcd800 Exception <a 'java/security/PrivilegedActionException'> (0x00000000d66bcd30) thrown at [C:\re\workspace\8-2-build-windows-amd64-cygwin\jdk8u51\3951\hotspot\src\share\vm\prims\jvm.cpp, line 1382]
Event: 0.352 Thread 0x0000000000bcd800 Exception <a 'java/security/PrivilegedActionException'> (0x00000000d66c0ac8) thrown at [C:\re\workspace\8-2-build-windows-amd64-cygwin\jdk8u51\3951\hotspot\src\share\vm\prims\jvm.cpp, line 1382]
Event: 0.352 Thread 0x0000000000bcd800 Exception <a 'java/security/PrivilegedActionException'> (0x00000000d66c0c80) thrown at [C:\re\workspace\8-2-build-windows-amd64-cygwin\jdk8u51\3951\hotspot\src\share\vm\prims\jvm.cpp, line 1382]
Event: 0.356 Thread 0x0000000000bcd800 Exception <a 'java/io/FileNotFoundException'> (0x00000000d66c2fa8) thrown at [C:\re\workspace\8-2-build-windows-amd64-cygwin\jdk8u51\3951\hotspot\src\share\vm\prims\jni.cpp, line 709]
Event: 0.387 Thread 0x0000000000bcd800 Exception <a 'java/io/FileNotFoundException'> (0x00000000d6703210) thrown at [C:\re\workspace\8-2-build-windows-amd64-cygwin\jdk8u51\3951\hotspot\src\share\vm\prims\jni.cpp, line 709]

Events (10 events):
Event: 16.200 Thread 0x00000000194d2800 flushing nmethod 0x0000000002691610
Event: 16.200 Thread 0x00000000194d2800 flushing nmethod 0x00000000026ca410
Event: 16.550 Thread 0x0000000000bcd800 Uncommon trap: trap_request=0xffffffc6 fr.pc=0x0000000002aae558
Event: 16.551 Thread 0x0000000000bcd800 DEOPT PACKING pc=0x0000000002aae558 sp=0x00000000023fdfe0
Event: 16.551 Thread 0x0000000000bcd800 DEOPT UNPACKING pc=0x00000000025d582a sp=0x00000000023fdf90 mode 2
Event: 16.551 Thread 0x0000000000bcd800 Uncommon trap: trap_request=0xffffffc6 fr.pc=0x0000000002ae1964
Event: 16.551 Thread 0x0000000000bcd800 DEOPT PACKING pc=0x0000000002ae1964 sp=0x00000000023fe110
Event: 16.551 Thread 0x0000000000bcd800 DEOPT UNPACKING pc=0x00000000025d582a sp=0x00000000023fe080 mode 2
Event: 18.227 Executing VM operation: ParallelGCFailedAllocation
Event: 18.228 Executing VM operation: ParallelGCFailedAllocation done


Dynamic libraries:
0x00007ff6687b0000 - 0x00007ff6687e7000 	C:\Program Files\Java\jdk1.8.0_51\bin\java.exe
0x00007ffae4ee0000 - 0x00007ffae508d000 	C:\WINDOWS\SYSTEM32\ntdll.dll
0x00007ffae2600000 - 0x00007ffae273e000 	C:\WINDOWS\system32\KERNEL32.DLL
0x00007ffae21b0000 - 0x00007ffae22c5000 	C:\WINDOWS\system32\KERNELBASE.dll
0x00007ffae0bd0000 - 0x00007ffae0c5e000 	C:\WINDOWS\system32\apphelp.dll
0x00007ffad1110000 - 0x00007ffad1163000 	C:\WINDOWS\AppPatch\AppPatch64\AcGenral.DLL
0x00007ffae2ea0000 - 0x00007ffae2f4a000 	C:\WINDOWS\system32\msvcrt.dll
0x00007ffae1e80000 - 0x00007ffae1eae000 	C:\WINDOWS\SYSTEM32\SspiCli.dll
0x00007ffae29f0000 - 0x00007ffae2a44000 	C:\WINDOWS\system32\SHLWAPI.dll
0x00007ffae27b0000 - 0x00007ffae2927000 	C:\WINDOWS\system32\USER32.dll
0x00007ffae4870000 - 0x00007ffae4a04000 	C:\WINDOWS\system32\ole32.dll
0x00007ffae32b0000 - 0x00007ffae47da000 	C:\WINDOWS\system32\SHELL32.dll
0x00007ffae15d0000 - 0x00007ffae15f1000 	C:\WINDOWS\SYSTEM32\USERENV.dll
0x00007ffae2ab0000 - 0x00007ffae2b5a000 	C:\WINDOWS\system32\ADVAPI32.dll
0x00007ffad4490000 - 0x00007ffad44ae000 	C:\WINDOWS\SYSTEM32\MPR.dll
0x00007ffae4d90000 - 0x00007ffae4ed1000 	C:\WINDOWS\system32\RPCRT4.dll
0x00007ffae25a0000 - 0x00007ffae25f9000 	C:\WINDOWS\SYSTEM32\sechost.dll
0x00007ffae4b70000 - 0x00007ffae4d81000 	C:\WINDOWS\SYSTEM32\combase.dll
0x00007ffae2d50000 - 0x00007ffae2ea0000 	C:\WINDOWS\system32\GDI32.dll
0x00007ffae2030000 - 0x00007ffae2045000 	C:\WINDOWS\SYSTEM32\profapi.dll
0x00007ffae0ac0000 - 0x00007ffae0b72000 	C:\WINDOWS\SYSTEM32\SHCORE.dll
0x00007ffae2560000 - 0x00007ffae2596000 	C:\WINDOWS\system32\IMM32.DLL
0x00007ffae4a10000 - 0x00007ffae4b62000 	C:\WINDOWS\system32\MSCTF.dll
0x00007ffadfbf0000 - 0x00007ffadfe6b000 	C:\WINDOWS\WinSxS\amd64_microsoft.windows.common-controls_6595b64144ccf1df_6.0.9600.18006_none_623f33d3ecbe86e8\COMCTL32.dll
0x0000000058640000 - 0x0000000058712000 	C:\Program Files\Java\jdk1.8.0_51\jre\bin\msvcr100.dll
0x0000000058720000 - 0x0000000058fa3000 	C:\Program Files\Java\jdk1.8.0_51\jre\bin\server\jvm.dll
0x00007ffad3810000 - 0x00007ffad3819000 	C:\WINDOWS\SYSTEM32\WSOCK32.dll
0x00007ffaddee0000 - 0x00007ffaddf02000 	C:\WINDOWS\SYSTEM32\WINMM.dll
0x00007ffadf3c0000 - 0x00007ffadf3ca000 	C:\WINDOWS\SYSTEM32\VERSION.dll
0x00007ffae2b60000 - 0x00007ffae2b67000 	C:\WINDOWS\system32\PSAPI.DLL
0x00007ffae4810000 - 0x00007ffae486a000 	C:\WINDOWS\system32\WS2_32.dll
0x00007ffaddeb0000 - 0x00007ffaddeda000 	C:\WINDOWS\SYSTEM32\WINMMBASE.dll
0x00007ffae47f0000 - 0x00007ffae47f9000 	C:\WINDOWS\system32\NSI.dll
0x00007ffae22d0000 - 0x00007ffae231f000 	C:\WINDOWS\SYSTEM32\cfgmgr32.dll
0x00007ffae0e20000 - 0x00007ffae0e48000 	C:\WINDOWS\SYSTEM32\DEVOBJ.dll
0x00000000585f0000 - 0x00000000585ff000 	C:\Program Files\Java\jdk1.8.0_51\jre\bin\verify.dll
0x00000000585c0000 - 0x00000000585e9000 	C:\Program Files\Java\jdk1.8.0_51\jre\bin\java.dll
0x00000000585a0000 - 0x00000000585b6000 	C:\Program Files\Java\jdk1.8.0_51\jre\bin\zip.dll
0x0000000180000000 - 0x0000000180051000 	C:\Users\Rory\Desktop\Programs\Current Projects\OGPC 2016 Java\natives\lwjgl64.dll
0x00007ffad0000000 - 0x00007ffad012b000 	C:\WINDOWS\SYSTEM32\OPENGL32.dll
0x00007ffadafb0000 - 0x00007ffadafde000 	C:\WINDOWS\SYSTEM32\GLU32.dll
0x00007ffadafe0000 - 0x00007ffadb0d8000 	C:\WINDOWS\SYSTEM32\DDRAW.dll
0x00007ffaddd40000 - 0x00007ffaddd49000 	C:\WINDOWS\SYSTEM32\DCIMAN32.dll
0x00007ffae0ca0000 - 0x00007ffae0dc9000 	C:\WINDOWS\system32\uxtheme.dll
0x00007ffadfe70000 - 0x00007ffadfe91000 	C:\WINDOWS\system32\dwmapi.dll
0x00007ffad3ea0000 - 0x00007ffad3ecc000 	C:\WINDOWS\SYSTEM32\nvoglshim64.dll
0x000000001a290000 - 0x000000001aa0e000 	C:\WINDOWS\system32\ig7icd64.dll
0x00007ffade1c0000 - 0x00007ffade600000 	C:\WINDOWS\SYSTEM32\igdusc64.dll
0x00007ffae0e70000 - 0x00007ffae0e7b000 	C:\WINDOWS\SYSTEM32\kernel.appcore.dll
0x00007ffae1f20000 - 0x00007ffae1f2b000 	C:\WINDOWS\SYSTEM32\CRYPTBASE.dll
0x00007ffae1eb0000 - 0x00007ffae1f13000 	C:\WINDOWS\SYSTEM32\bcryptPrimitives.dll
0x00007ffadd500000 - 0x00007ffadd592000 	C:\WINDOWS\SYSTEM32\mscms.dll
0x00007ffad1260000 - 0x00007ffad12a1000 	C:\WINDOWS\SYSTEM32\icm32.dll
0x00007ffae1fd0000 - 0x00007ffae2016000 	C:\WINDOWS\SYSTEM32\powrprof.dll
0x00000000583c0000 - 0x0000000058558000 	C:\Program Files\Java\jdk1.8.0_51\jre\bin\awt.dll
0x00007ffae3120000 - 0x00007ffae31e1000 	C:\WINDOWS\system32\OLEAUT32.dll
0x0000000058370000 - 0x00000000583b7000 	C:\Program Files\Java\jdk1.8.0_51\jre\bin\fontmanager.dll
0x0000000058580000 - 0x000000005859a000 	C:\Program Files\Java\jdk1.8.0_51\jre\bin\net.dll
0x00007ffae1840000 - 0x00007ffae1899000 	C:\WINDOWS\system32\mswsock.dll
0x0000000058560000 - 0x0000000058571000 	C:\Program Files\Java\jdk1.8.0_51\jre\bin\nio.dll
0x0000000058320000 - 0x0000000058362000 	C:\Program Files\Java\jdk1.8.0_51\jre\bin\t2k.dll
0x00007ffae2930000 - 0x00007ffae29e6000 	C:\WINDOWS\SYSTEM32\clbcatq.dll
0x00007ffad5a40000 - 0x00007ffad5bc9000 	C:\WINDOWS\SYSTEM32\dbghelp.dll

VM Arguments:
jvm_args: -Dfile.encoding=UTF-8 -Dorg.lwjgl.opengl.Display.allowSoftwareOpenGL=true 
java_command: invisibleman.Client
java_class_path (initial): C:\Users\Rory\Desktop\Programs\Current Projects\OGPC 2016 Java\lib\jfxrt.jar;C:\Users\Rory\Desktop\Programs\Current Projects\OGPC 2016 Java\lib\jinput.jar;C:\Users\Rory\Desktop\Programs\Current Projects\OGPC 2016 Java\lib\lwjgl.jar;C:\Users\Rory\Desktop\Programs\Current Projects\OGPC 2016 Java\lib\lwjgl_util.jar;C:\Users\Rory\Desktop\Programs\Current Projects\OGPC 2016 Java\lib\slick-util.jar;C:\Users\Rory\Desktop\Programs\Current Projects\OGPC 2016 Java\lib\protonpack-1.1.jar;C:\Users\Rory\Desktop\Programs\Current Projects\OGPC 2016 Java\lib\Forge.jar;C:\Users\Rory\Desktop\Programs\Current Projects\OGPC 2016 Java\build\classes
Launcher Type: SUN_STANDARD

Environment Variables:
PATH=C:\ProgramData\Oracle\Java\javapath;C:\Program Files (x86)\Intel\iCLS Client\;C:\Program Files\Intel\iCLS Client\;C:\WINDOWS\system32;C:\WINDOWS;C:\WINDOWS\System32\Wbem;C:\WINDOWS\System32\WindowsPowerShell\v1.0\;C:\Program Files (x86)\Intel\OpenCL SDK\2.0\bin\x86;C:\Program Files (x86)\Intel\OpenCL SDK\2.0\bin\x64;C:\Program Files\Intel\Intel(R) Management Engine Components\DAL;C:\Program Files\Intel\Intel(R) Management Engine Components\IPT;C:\Program Files (x86)\Intel\Intel(R) Management Engine Components\DAL;C:\Program Files (x86)\Intel\Intel(R) Management Engine Components\IPT;C:\Program Files\Lenovo\Bluetooth Software\;C:\Program Files\Lenovo\Bluetooth Software\syswow64;C:\Program Files\Intel\WiFi\bin\;C:\Program Files\Common Files\Intel\WirelessCommon\;C:\Program Files\SlikSvn\bin;C:\Program Files (x86)\NVIDIA Corporation\PhysX\Common;C:\Program Files (x86)\Skype\Phone\
USERNAME=Rory
OS=Windows_NT
PROCESSOR_IDENTIFIER=Intel64 Family 6 Model 58 Stepping 9, GenuineIntel



---------------  S Y S T E M  ---------------

OS: Windows 8.1 , 64 bit Build 9600 (6.3.9600.17415)

CPU:total 8 (4 cores per cpu, 2 threads per core) family 6 model 58 stepping 9, cmov, cx8, fxsr, mmx, sse, sse2, sse3, ssse3, sse4.1, sse4.2, popcnt, avx, aes, clmul, erms, ht, tsc, tscinvbit, tscinv

Memory: 4k page, physical 8251156k(2501328k free), swap 9561876k(3193016k free)

vm_info: Java HotSpot(TM) 64-Bit Server VM (25.51-b03) for windows-amd64 JRE (1.8.0_51-b16), built on Jun  8 2015 18:03:07 by "java_re" with MS VC++ 10.0 (VS2010)

time: Mon Apr 18 21:59:22 2016
elapsed time: 18 seconds (0d 0h 0m 18s)

