#
# A fatal error has been detected by the Java Runtime Environment:
#
#  EXCEPTION_ACCESS_VIOLATION (0xc0000005) at pc=0x000007feeaa01f44, pid=7068, tid=4600
#
# JRE version: Java(TM) SE Runtime Environment (8.0_65-b17) (build 1.8.0_65-b17)
# Java VM: Java HotSpot(TM) 64-Bit Server VM (25.65-b01 mixed mode windows-amd64 compressed oops)
# Problematic frame:
# C  [ig7icd64.dll+0x21f44]
#
# Failed to write core dump. Minidumps are not enabled by default on client versions of Windows
#
# If you would like to submit a bug report, please visit:
#   http://bugreport.java.com/bugreport/crash.jsp
# The crash happened outside the Java Virtual Machine in native code.
# See problematic frame for where to report the bug.
#

---------------  T H R E A D  ---------------

Current thread (0x00000000021af000):  JavaThread "main" [_thread_in_native, id=4600, stack(0x00000000021c0000,0x00000000022c0000)]

siginfo: ExceptionCode=0xc0000005, writing address 0x00000000122ca000

Registers:
RAX=0x0000000000000001, RBX=0x0000000059abe000, RCX=0x00000000122ca010, RDX=0x000000005c5f01e0
RSP=0x00000000022be2d0, RBP=0x000000005b455ad0, RSI=0x000000005b4577e0, RDI=0x000000005c5efe60
R8 =0x0000000000000020, R9 =0x0000000000000000, R10=0x0000000000000001, R11=0x0000000000000002
R12=0x0000000000000000, R13=0x000000005c5ffed0, R14=0x0000000000000000, R15=0x0000000000000000
RIP=0x000007feeaa01f44, EFLAGS=0x0000000000010202

Top of Stack: (sp=0x00000000022be2d0)
0x00000000022be2d0:   3f847ae147ae147b 00000000d6db6a28
0x00000000022be2e0:   00000000d6db8908 00000002d6db8930
0x00000000022be2f0:   00000000837e7188 0000000000000000
0x00000000022be300:   00000000d6db6a80 0000000000000000
0x00000000022be310:   0000000059b40b20 000007feeabfcc57
0x00000000022be320:   0000000059abe000 c1f5defebfae14cc
0x00000000022be330:   c2b425c8c216e55d 000000003fae0be4
0x00000000022be340:   0000000000000001 000007feeac1bbd3
0x00000000022be350:   000000005c5f01d0 0000000000000000
0x00000000022be360:   c034000000000000 0000000000000000
0x00000000022be370:   000000005c6c6620 0000000059b29470
0x00000000022be380:   000000005c5effc8 000000005c5efe60
0x00000000022be390:   0000000000000001 000000005c692a90
0x00000000022be3a0:   0000000059abe000 000007feeac34e78
0x00000000022be3b0:   0000000000000002 000000005c692e01
0x00000000022be3c0:   000000005c5effc8 0000000000000000 

Instructions: (pc=0x000007feeaa01f44)
0x000007feeaa01f24:   d1 49 c1 eb 04 4d 85 db 0f 84 24 02 00 00 f3 0f
0x000007feeaa01f34:   6f 02 41 ff c2 48 83 c1 10 41 8b c2 48 83 c2 10
0x000007feeaa01f44:   f3 0f 7f 41 f0 49 3b c3 72 e4 e9 03 02 00 00 48
0x000007feeaa01f54:   89 7c 24 40 8b f9 83 e7 0f 74 68 48 89 5c 24 50 


Register to memory mapping:

RAX=0x0000000000000001 is an unknown value
RBX=0x0000000059abe000 is an unknown value
RCX=0x00000000122ca010 is an unknown value
RDX=0x000000005c5f01e0 is an unknown value
RSP=0x00000000022be2d0 is pointing into the stack for thread: 0x00000000021af000
RBP=0x000000005b455ad0 is an unknown value
RSI=0x000000005b4577e0 is an unknown value
RDI=0x000000005c5efe60 is an unknown value
R8 =0x0000000000000020 is an unknown value
R9 =0x0000000000000000 is an unknown value
R10=0x0000000000000001 is an unknown value
R11=0x0000000000000002 is an unknown value
R12=0x0000000000000000 is an unknown value
R13=0x000000005c5ffed0 is an unknown value
R14=0x0000000000000000 is an unknown value
R15=0x0000000000000000 is an unknown value


Stack: [0x00000000021c0000,0x00000000022c0000],  sp=0x00000000022be2d0,  free space=1016k
Native frames: (J=compiled Java code, j=interpreted, Vv=VM code, C=native code)
C  [ig7icd64.dll+0x21f44]
C  [ig7icd64.dll+0x21cc57]
C  [ig7icd64.dll+0x254e78]
C  [ig7icd64.dll+0x1fe146]
C  [ig7icd64.dll+0x156d58]
C  [ig7icd64.dll+0x2dc07c]
C  [ig7icd64.dll+0x3ba832]
C  [ig7icd64.dll+0x4f6201]
C  [ig7icd64.dll+0x47433f]
C  [ig7icd64.dll+0x474abc]
C  0x00000000026ebdca

Java frames: (J=compiled Java code, j=interpreted, Vv=VM code)
J 1810  org.lwjgl.opengl.GL11.nglCallList(IJ)V (0 bytes) @ 0x00000000026ebd44 [0x00000000026ebd00+0x44]
J 1908 C2 map.CubeMap$$Lambda$124.accept(Ljava/lang/Object;Ljava/lang/Object;)V (12 bytes) @ 0x0000000002842688 [0x0000000002842580+0x108]
J 1743 C2 util.Util$$Lambda$66.accept(Ljava/lang/Object;)V (20 bytes) @ 0x0000000002afc2f0 [0x0000000002afc280+0x70]
J 1544 C2 util.Util.forRange(IILjava/util/function/Consumer;)V (24 bytes) @ 0x0000000002aa9350 [0x0000000002aa92e0+0x70]
J 1959 C1 map.CubeMap.drawAll()V (49 bytes) @ 0x0000000002bb049c [0x0000000002baf260+0x123c]
J 1957 C1 map.Editor$$Lambda$83.run()V (4 bytes) @ 0x0000000002ba24fc [0x0000000002ba2440+0xbc]
J 1964 C2 engine.EventStream$$Lambda$2.accept(Ljava/lang/Object;)V (12 bytes) @ 0x0000000002bb64e4 [0x0000000002bb64a0+0x44]
J 1944 C2 engine.EventStream.sendEvent()V (27 bytes) @ 0x0000000002ba588c [0x0000000002ba5600+0x28c]
J 2084 C2 java.lang.Iterable.forEach(Ljava/util/function/Consumer;)V (39 bytes) @ 0x00000000029f7d64 [0x00000000029f7be0+0x184]
J 901% C2 engine.Core.run()V (114 bytes) @ 0x00000000028c4128 [0x00000000028c4060+0xc8]
j  map.Editor.start(Ljava/lang/String;Ljava/lang/String;)V+489
j  guis.Play.recieve(Ljava/lang/String;Ljava/lang/Object;)V+297
j  gui.components.GUIButton.send()V+68
j  gui.TypingManager.compOpen(Lgui/types/GUIInputComponent;)V+24
j  gui.TypingManager.lambda$null$7()V+93
j  gui.TypingManager$$Lambda$36.run()V+0
J 977 C1 engine.EventStream$$Lambda$2.accept(Ljava/lang/Object;)V (12 bytes) @ 0x00000000028e804c [0x00000000028e7e20+0x22c]
J 943 C1 engine.EventStream$$Lambda$3.run()V (12 bytes) @ 0x00000000028db34c [0x00000000028db200+0x14c]
J 970 C1 engine.EventStream$$Lambda$34.accept(Ljava/lang/Object;)V (10 bytes) @ 0x00000000028e74b4 [0x00000000028e72c0+0x1f4]
J 923 C1 java.util.ArrayList.forEach(Ljava/util/function/Consumer;)V (75 bytes) @ 0x00000000028d33c4 [0x00000000028d31c0+0x204]
J 1067 C1 engine.Signal$$Lambda$5.accept(Ljava/lang/Object;)V (16 bytes) @ 0x000000000292406c [0x00000000029238c0+0x7ac]
J 943 C1 engine.EventStream$$Lambda$3.run()V (12 bytes) @ 0x00000000028db34c [0x00000000028db200+0x14c]
J 970 C1 engine.EventStream$$Lambda$34.accept(Ljava/lang/Object;)V (10 bytes) @ 0x00000000028e74b4 [0x00000000028e72c0+0x1f4]
J 923 C1 java.util.ArrayList.forEach(Ljava/util/function/Consumer;)V (75 bytes) @ 0x00000000028d33c4 [0x00000000028d31c0+0x204]
J 983 C1 engine.Signal.set(Ljava/lang/Object;)V (10 bytes) @ 0x00000000028ec454 [0x00000000028ec0c0+0x394]
j  engine.Input.lambda$static$45()V+156
j  engine.Input$$Lambda$1.run()V+0
J 977 C1 engine.EventStream$$Lambda$2.accept(Ljava/lang/Object;)V (12 bytes) @ 0x00000000028e804c [0x00000000028e7e20+0x22c]
J 943 C1 engine.EventStream$$Lambda$3.run()V (12 bytes) @ 0x00000000028db34c [0x00000000028db200+0x14c]
J 970 C1 engine.EventStream$$Lambda$34.accept(Ljava/lang/Object;)V (10 bytes) @ 0x00000000028e74b4 [0x00000000028e72c0+0x1f4]
J 923 C1 java.util.ArrayList.forEach(Ljava/util/function/Consumer;)V (75 bytes) @ 0x00000000028d33c4 [0x00000000028d31c0+0x204]
J 1088 C1 engine.Core$$Lambda$50.accept(Ljava/lang/Object;)V (12 bytes) @ 0x000000000293309c [0x00000000029329c0+0x6dc]
J 1057 C1 java.lang.Iterable.forEach(Ljava/util/function/Consumer;)V (39 bytes) @ 0x000000000291e8bc [0x000000000291e5e0+0x2dc]
J 901% C2 engine.Core.run()V (114 bytes) @ 0x00000000028c40f4 [0x00000000028c4060+0x94]
j  invisibleman.Client.main([Ljava/lang/String;)V+146
v  ~StubRoutines::call_stub

---------------  P R O C E S S  ---------------

Java Threads: ( => current thread )
  0x000000005904f000 JavaThread "AWT-Windows" daemon [_thread_in_native, id=6516, stack(0x000000005e760000,0x000000005e860000)]
  0x0000000059041800 JavaThread "Java2D Disposer" daemon [_thread_blocked, id=3968, stack(0x000000005e4d0000,0x000000005e5d0000)]
  0x0000000058d93800 JavaThread "Service Thread" daemon [_thread_blocked, id=6780, stack(0x0000000059470000,0x0000000059570000)]
  0x0000000058d30800 JavaThread "C1 CompilerThread2" daemon [_thread_blocked, id=5176, stack(0x00000000592f0000,0x00000000593f0000)]
  0x000000005735e800 JavaThread "C2 CompilerThread1" daemon [_thread_blocked, id=4348, stack(0x0000000058c30000,0x0000000058d30000)]
  0x0000000057357000 JavaThread "C2 CompilerThread0" daemon [_thread_blocked, id=5836, stack(0x0000000058a90000,0x0000000058b90000)]
  0x0000000057353800 JavaThread "Attach Listener" daemon [_thread_blocked, id=6368, stack(0x0000000058960000,0x0000000058a60000)]
  0x0000000057351000 JavaThread "Signal Dispatcher" daemon [_thread_blocked, id=4796, stack(0x00000000583e0000,0x00000000584e0000)]
  0x00000000572f7000 JavaThread "Finalizer" daemon [_thread_blocked, id=5680, stack(0x0000000058790000,0x0000000058890000)]
  0x00000000572f0000 JavaThread "Reference Handler" daemon [_thread_blocked, id=1884, stack(0x00000000585f0000,0x00000000586f0000)]
=>0x00000000021af000 JavaThread "main" [_thread_in_native, id=4600, stack(0x00000000021c0000,0x00000000022c0000)]

Other Threads:
  0x00000000572ea800 VMThread [stack: 0x00000000584e0000,0x00000000585e0000] [id=6040]
  0x0000000058dcc800 WatcherThread [stack: 0x0000000059600000,0x0000000059700000] [id=3452]

VM state:not at safepoint (normal execution)

VM Mutex/Monitor currently owned by a thread: None

Heap:
 PSYoungGen      total 120320K, used 9616K [0x00000000d6580000, 0x00000000fa580000, 0x0000000100000000)
  eden space 119808K, 7% used [0x00000000d6580000,0x00000000d6edc090,0x00000000dda80000)
  from space 512K, 6% used [0x00000000fa500000,0x00000000fa508000,0x00000000fa580000)
  to   space 2048K, 0% used [0x00000000fa180000,0x00000000fa180000,0x00000000fa380000)
 ParOldGen       total 86016K, used 11605K [0x0000000083000000, 0x0000000088400000, 0x00000000d6580000)
  object space 86016K, 13% used [0x0000000083000000,0x0000000083b554f8,0x0000000088400000)
 Metaspace       used 10712K, capacity 11401K, committed 11520K, reserved 1058816K
  class space    used 1120K, capacity 1255K, committed 1280K, reserved 1048576K

Card table byte_map: [0x0000000011950000,0x0000000011d40000] byte_map_base: 0x0000000011538000

Marking Bits: (ParMarkBitMap*) 0x0000000063d2a5b0
 Begin Bits: [0x00000000126f0000, 0x0000000014630000)
 End Bits:   [0x0000000014630000, 0x0000000016570000)

Polling page: 0x0000000000330000

CodeCache: size=245760Kb used=6584Kb max_used=6584Kb free=239175Kb
 bounds [0x0000000002590000, 0x0000000002c10000, 0x0000000011590000]
 total_blobs=2488 nmethods=1919 adapters=482
 compilation: enabled

Compilation events (10 events):
Event: 33.419 Thread 0x0000000058d30800 2095       3       invisibleman.Client::sendMessage (74 bytes)
Event: 33.420 Thread 0x0000000058d30800 nmethod 2095 0x0000000002c0bd10 code [0x0000000002c0c000, 0x0000000002c0d628]
Event: 33.420 Thread 0x0000000058d30800 2096       3       map.CubeType::getRandom (35 bytes)
Event: 33.420 Thread 0x0000000058d30800 nmethod 2096 0x0000000002a20ad0 code [0x0000000002a20d00, 0x0000000002a215d8]
Event: 33.420 Thread 0x0000000058d30800 2097       3       java.lang.Math::random (7 bytes)
Event: 33.421 Thread 0x0000000058d30800 nmethod 2097 0x0000000002937590 code [0x0000000002937720, 0x0000000002937978]
Event: 33.421 Thread 0x0000000058d30800 2098       3       java.util.Random::nextDouble (24 bytes)
Event: 33.421 Thread 0x0000000058d30800 nmethod 2098 0x00000000029ff710 code [0x00000000029ff8a0, 0x00000000029ffa98]
Event: 33.421 Thread 0x0000000058d30800 2099       3       map.Editor$$Lambda$143/2044903525::accept (20 bytes)
Event: 33.421 Thread 0x0000000058d30800 nmethod 2099 0x0000000002a26bd0 code [0x0000000002a26d40, 0x0000000002a26fc8]

GC Heap History (10 events):
Event: 33.427 GC heap before
{Heap before GC invocations=36 (full 0):
 PSYoungGen      total 149504K, used 145952K [0x00000000d6580000, 0x00000000fac00000, 0x0000000100000000)
  eden space 145920K, 100% used [0x00000000d6580000,0x00000000df400000,0x00000000df400000)
  from space 3584K, 0% used [0x00000000fa500000,0x00000000fa508000,0x00000000fa880000)
  to   space 3072K, 0% used [0x00000000fa900000,0x00000000fa900000,0x00000000fac00000)
 ParOldGen       total 86016K, used 11573K [0x0000000083000000, 0x0000000088400000, 0x00000000d6580000)
  object space 86016K, 13% used [0x0000000083000000,0x0000000083b4d4f8,0x0000000088400000)
 Metaspace       used 10712K, capacity 11401K, committed 11520K, reserved 1058816K
  class space    used 1120K, capacity 1255K, committed 1280K, reserved 1048576K
Event: 33.428 GC heap after
Heap after GC invocations=36 (full 0):
 PSYoungGen      total 140800K, used 64K [0x00000000d6580000, 0x00000000fa980000, 0x0000000100000000)
  eden space 140288K, 0% used [0x00000000d6580000,0x00000000d6580000,0x00000000dee80000)
  from space 512K, 12% used [0x00000000fa900000,0x00000000fa910000,0x00000000fa980000)
  to   space 3072K, 0% used [0x00000000fa380000,0x00000000fa380000,0x00000000fa680000)
 ParOldGen       total 86016K, used 11581K [0x0000000083000000, 0x0000000088400000, 0x00000000d6580000)
  object space 86016K, 13% used [0x0000000083000000,0x0000000083b4f4f8,0x0000000088400000)
 Metaspace       used 10712K, capacity 11401K, committed 11520K, reserved 1058816K
  class space    used 1120K, capacity 1255K, committed 1280K, reserved 1048576K
}
Event: 33.479 GC heap before
{Heap before GC invocations=37 (full 0):
 PSYoungGen      total 140800K, used 140352K [0x00000000d6580000, 0x00000000fa980000, 0x0000000100000000)
  eden space 140288K, 100% used [0x00000000d6580000,0x00000000dee80000,0x00000000dee80000)
  from space 512K, 12% used [0x00000000fa900000,0x00000000fa910000,0x00000000fa980000)
  to   space 3072K, 0% used [0x00000000fa380000,0x00000000fa380000,0x00000000fa680000)
 ParOldGen       total 86016K, used 11581K [0x0000000083000000, 0x0000000088400000, 0x00000000d6580000)
  object space 86016K, 13% used [0x0000000083000000,0x0000000083b4f4f8,0x0000000088400000)
 Metaspace       used 10712K, capacity 11401K, committed 11520K, reserved 1058816K
  class space    used 1120K, capacity 1255K, committed 1280K, reserved 1048576K
Event: 33.479 GC heap after
Heap after GC invocations=37 (full 0):
 PSYoungGen      total 137728K, used 32K [0x00000000d6580000, 0x00000000fa980000, 0x0000000100000000)
  eden space 134656K, 0% used [0x00000000d6580000,0x00000000d6580000,0x00000000de900000)
  from space 3072K, 1% used [0x00000000fa380000,0x00000000fa388000,0x00000000fa680000)
  to   space 2560K, 0% used [0x00000000fa700000,0x00000000fa700000,0x00000000fa980000)
 ParOldGen       total 86016K, used 11605K [0x0000000083000000, 0x0000000088400000, 0x00000000d6580000)
  object space 86016K, 13% used [0x0000000083000000,0x0000000083b554f8,0x0000000088400000)
 Metaspace       used 10712K, capacity 11401K, committed 11520K, reserved 1058816K
  class space    used 1120K, capacity 1255K, committed 1280K, reserved 1048576K
}
Event: 33.528 GC heap before
{Heap before GC invocations=38 (full 0):
 PSYoungGen      total 137728K, used 134688K [0x00000000d6580000, 0x00000000fa980000, 0x0000000100000000)
  eden space 134656K, 100% used [0x00000000d6580000,0x00000000de900000,0x00000000de900000)
  from space 3072K, 1% used [0x00000000fa380000,0x00000000fa388000,0x00000000fa680000)
  to   space 2560K, 0% used [0x00000000fa700000,0x00000000fa700000,0x00000000fa980000)
 ParOldGen       total 86016K, used 11605K [0x0000000083000000, 0x0000000088400000, 0x00000000d6580000)
  object space 86016K, 13% used [0x0000000083000000,0x0000000083b554f8,0x0000000088400000)
 Metaspace       used 10712K, capacity 11401K, committed 11520K, reserved 1058816K
  class space    used 1120K, capacity 1255K, committed 1280K, reserved 1048576K
Event: 33.529 GC heap after
Heap after GC invocations=38 (full 0):
 PSYoungGen      total 130048K, used 32K [0x00000000d6580000, 0x00000000fa780000, 0x0000000100000000)
  eden space 129536K, 0% used [0x00000000d6580000,0x00000000d6580000,0x00000000de400000)
  from space 512K, 6% used [0x00000000fa700000,0x00000000fa708000,0x00000000fa780000)
  to   space 2560K, 0% used [0x00000000fa280000,0x00000000fa280000,0x00000000fa500000)
 ParOldGen       total 86016K, used 11605K [0x0000000083000000, 0x0000000088400000, 0x00000000d6580000)
  object space 86016K, 13% used [0x0000000083000000,0x0000000083b554f8,0x0000000088400000)
 Metaspace       used 10712K, capacity 11401K, committed 11520K, reserved 1058816K
  class space    used 1120K, capacity 1255K, committed 1280K, reserved 1048576K
}
Event: 33.576 GC heap before
{Heap before GC invocations=39 (full 0):
 PSYoungGen      total 130048K, used 129568K [0x00000000d6580000, 0x00000000fa780000, 0x0000000100000000)
  eden space 129536K, 100% used [0x00000000d6580000,0x00000000de400000,0x00000000de400000)
  from space 512K, 6% used [0x00000000fa700000,0x00000000fa708000,0x00000000fa780000)
  to   space 2560K, 0% used [0x00000000fa280000,0x00000000fa280000,0x00000000fa500000)
 ParOldGen       total 86016K, used 11605K [0x0000000083000000, 0x0000000088400000, 0x00000000d6580000)
  object space 86016K, 13% used [0x0000000083000000,0x0000000083b554f8,0x0000000088400000)
 Metaspace       used 10712K, capacity 11401K, committed 11520K, reserved 1058816K
  class space    used 1120K, capacity 1255K, committed 1280K, reserved 1048576K
Event: 33.576 GC heap after
Heap after GC invocations=39 (full 0):
 PSYoungGen      total 126976K, used 32K [0x00000000d6580000, 0x00000000fa780000, 0x0000000100000000)
  eden space 124416K, 0% used [0x00000000d6580000,0x00000000d6580000,0x00000000ddf00000)
  from space 2560K, 1% used [0x00000000fa280000,0x00000000fa288000,0x00000000fa500000)
  to   space 2560K, 0% used [0x00000000fa500000,0x00000000fa500000,0x00000000fa780000)
 ParOldGen       total 86016K, used 11605K [0x0000000083000000, 0x0000000088400000, 0x00000000d6580000)
  object space 86016K, 13% used [0x0000000083000000,0x0000000083b554f8,0x0000000088400000)
 Metaspace       used 10712K, capacity 11401K, committed 11520K, reserved 1058816K
  class space    used 1120K, capacity 1255K, committed 1280K, reserved 1048576K
}
Event: 33.619 GC heap before
{Heap before GC invocations=40 (full 0):
 PSYoungGen      total 126976K, used 124448K [0x00000000d6580000, 0x00000000fa780000, 0x0000000100000000)
  eden space 124416K, 100% used [0x00000000d6580000,0x00000000ddf00000,0x00000000ddf00000)
  from space 2560K, 1% used [0x00000000fa280000,0x00000000fa288000,0x00000000fa500000)
  to   space 2560K, 0% used [0x00000000fa500000,0x00000000fa500000,0x00000000fa780000)
 ParOldGen       total 86016K, used 11605K [0x0000000083000000, 0x0000000088400000, 0x00000000d6580000)
  object space 86016K, 13% used [0x0000000083000000,0x0000000083b554f8,0x0000000088400000)
 Metaspace       used 10712K, capacity 11401K, committed 11520K, reserved 1058816K
  class space    used 1120K, capacity 1255K, committed 1280K, reserved 1048576K
Event: 33.620 GC heap after
Heap after GC invocations=40 (full 0):
 PSYoungGen      total 120320K, used 32K [0x00000000d6580000, 0x00000000fa580000, 0x0000000100000000)
  eden space 119808K, 0% used [0x00000000d6580000,0x00000000d6580000,0x00000000dda80000)
  from space 512K, 6% used [0x00000000fa500000,0x00000000fa508000,0x00000000fa580000)
  to   space 2048K, 0% used [0x00000000fa180000,0x00000000fa180000,0x00000000fa380000)
 ParOldGen       total 86016K, used 11605K [0x0000000083000000, 0x0000000088400000, 0x00000000d6580000)
  object space 86016K, 13% used [0x0000000083000000,0x0000000083b554f8,0x0000000088400000)
 Metaspace       used 10712K, capacity 11401K, committed 11520K, reserved 1058816K
  class space    used 1120K, capacity 1255K, committed 1280K, reserved 1048576K
}

Deoptimization events (10 events):
Event: 20.400 Thread 0x00000000021af000 Uncommon trap: reason=bimorphic action=maybe_recompile pc=0x0000000002a9cbf4 method=java.util.stream.AbstractPipeline.<init>(Ljava/util/stream/AbstractPipeline;I)V @ 66
Event: 20.400 Thread 0x00000000021af000 Uncommon trap: reason=bimorphic action=maybe_recompile pc=0x0000000002ab0b04 method=java.util.stream.AbstractPipeline.copyInto(Ljava/util/stream/Sink;Ljava/util/Spliterator;)V @ 20
Event: 20.400 Thread 0x00000000021af000 Uncommon trap: reason=bimorphic action=maybe_recompile pc=0x0000000002a9dfc0 method=java.util.stream.AbstractPipeline.wrapSink(Ljava/util/stream/Sink;)Ljava/util/stream/Sink; @ 23
Event: 20.876 Thread 0x00000000021af000 Uncommon trap: reason=bimorphic action=maybe_recompile pc=0x0000000002a9cbf4 method=java.util.stream.AbstractPipeline.<init>(Ljava/util/stream/AbstractPipeline;I)V @ 66
Event: 20.876 Thread 0x00000000021af000 Uncommon trap: reason=bimorphic action=maybe_recompile pc=0x0000000002ab0b04 method=java.util.stream.AbstractPipeline.copyInto(Ljava/util/stream/Sink;Ljava/util/Spliterator;)V @ 20
Event: 20.876 Thread 0x00000000021af000 Uncommon trap: reason=bimorphic action=maybe_recompile pc=0x0000000002a9dfc0 method=java.util.stream.AbstractPipeline.wrapSink(Ljava/util/stream/Sink;)Ljava/util/stream/Sink; @ 23
Event: 21.650 Thread 0x00000000021af000 Uncommon trap: reason=bimorphic action=maybe_recompile pc=0x0000000002a9cbf4 method=java.util.stream.AbstractPipeline.<init>(Ljava/util/stream/AbstractPipeline;I)V @ 66
Event: 21.650 Thread 0x00000000021af000 Uncommon trap: reason=bimorphic action=maybe_recompile pc=0x0000000002ab0b04 method=java.util.stream.AbstractPipeline.copyInto(Ljava/util/stream/Sink;Ljava/util/Spliterator;)V @ 20
Event: 21.650 Thread 0x00000000021af000 Uncommon trap: reason=bimorphic action=maybe_recompile pc=0x0000000002a9dfc0 method=java.util.stream.AbstractPipeline.wrapSink(Ljava/util/stream/Sink;)Ljava/util/stream/Sink; @ 23
Event: 33.417 Thread 0x00000000021af000 Uncommon trap: reason=unstable_if action=reinterpret pc=0x0000000002af0d3c method=map.CubeMap.setCube(IIILmap/CubeType;)V @ 10

Internal exceptions (10 events):
Event: 0.644 Thread 0x00000000021af000 Exception <a 'java/lang/NoSuchFieldError': method resolution failed> (0x00000000d6b2dcc8) thrown at [C:\workspace\8-2-build-windows-amd64-cygwin\jdk8u65\4987\hotspot\src\share\vm\prims\methodHandles.cpp, line 1146]
Event: 0.670 Thread 0x00000000021af000 Exception <a 'java/security/PrivilegedActionException'> (0x00000000d6bee490) thrown at [C:\workspace\8-2-build-windows-amd64-cygwin\jdk8u65\4987\hotspot\src\share\vm\prims\jvm.cpp, line 1386]
Event: 0.670 Thread 0x00000000021af000 Exception <a 'java/security/PrivilegedActionException'> (0x00000000d6bee6a0) thrown at [C:\workspace\8-2-build-windows-amd64-cygwin\jdk8u65\4987\hotspot\src\share\vm\prims\jvm.cpp, line 1386]
Event: 0.670 Thread 0x00000000021af000 Exception <a 'java/security/PrivilegedActionException'> (0x00000000d6bf24e8) thrown at [C:\workspace\8-2-build-windows-amd64-cygwin\jdk8u65\4987\hotspot\src\share\vm\prims\jvm.cpp, line 1386]
Event: 0.670 Thread 0x00000000021af000 Exception <a 'java/security/PrivilegedActionException'> (0x00000000d6bf26f8) thrown at [C:\workspace\8-2-build-windows-amd64-cygwin\jdk8u65\4987\hotspot\src\share\vm\prims\jvm.cpp, line 1386]
Event: 0.672 Thread 0x00000000021af000 Exception <a 'java/io/FileNotFoundException'> (0x00000000d6bf4ae0) thrown at [C:\workspace\8-2-build-windows-amd64-cygwin\jdk8u65\4987\hotspot\src\share\vm\prims\jni.cpp, line 709]
Event: 0.701 Thread 0x00000000021af000 Exception <a 'java/io/FileNotFoundException'> (0x00000000d6c36bc8) thrown at [C:\workspace\8-2-build-windows-amd64-cygwin\jdk8u65\4987\hotspot\src\share\vm\prims\jni.cpp, line 709]
Event: 0.719 Thread 0x00000000021af000 Implicit null exception at 0x000000000273114b to 0x00000000027312fd
Event: 5.215 Thread 0x00000000021af000 Implicit null exception at 0x00000000029d66c8 to 0x00000000029d6756
Event: 5.215 Thread 0x00000000021af000 Implicit null exception at 0x00000000027a436f to 0x00000000027a43d5

Events (10 events):
Event: 33.427 Executing VM operation: ParallelGCFailedAllocation
Event: 33.428 Executing VM operation: ParallelGCFailedAllocation done
Event: 33.479 Executing VM operation: ParallelGCFailedAllocation
Event: 33.479 Executing VM operation: ParallelGCFailedAllocation done
Event: 33.528 Executing VM operation: ParallelGCFailedAllocation
Event: 33.529 Executing VM operation: ParallelGCFailedAllocation done
Event: 33.576 Executing VM operation: ParallelGCFailedAllocation
Event: 33.576 Executing VM operation: ParallelGCFailedAllocation done
Event: 33.619 Executing VM operation: ParallelGCFailedAllocation
Event: 33.620 Executing VM operation: ParallelGCFailedAllocation done


Dynamic libraries:
0x000000013fd90000 - 0x000000013fdc7000 	C:\Program Files\Java\jdk1.8.0_65\bin\java.exe
0x00000000774d0000 - 0x000000007767a000 	C:\Windows\SYSTEM32\ntdll.dll
0x00000000772b0000 - 0x00000000773cf000 	C:\Windows\system32\kernel32.dll
0x000007fefd370000 - 0x000007fefd3db000 	C:\Windows\system32\KERNELBASE.dll
0x000007feff110000 - 0x000007feff1eb000 	C:\Windows\system32\ADVAPI32.dll
0x000007fefe040000 - 0x000007fefe0df000 	C:\Windows\system32\msvcrt.dll
0x000007fefd910000 - 0x000007fefd92f000 	C:\Windows\SYSTEM32\sechost.dll
0x000007feff6b0000 - 0x000007feff7dd000 	C:\Windows\system32\RPCRT4.dll
0x00000000773d0000 - 0x00000000774ca000 	C:\Windows\system32\USER32.dll
0x000007feff430000 - 0x000007feff497000 	C:\Windows\system32\GDI32.dll
0x000007fefe0e0000 - 0x000007fefe0ee000 	C:\Windows\system32\LPK.dll
0x000007fefd930000 - 0x000007fefd9fa000 	C:\Windows\system32\USP10.dll
0x000007fefbb00000 - 0x000007fefbcf4000 	C:\Windows\WinSxS\amd64_microsoft.windows.common-controls_6595b64144ccf1df_6.0.7601.18837_none_fa3b1e3d17594757\COMCTL32.dll
0x000007feff200000 - 0x000007feff271000 	C:\Windows\system32\SHLWAPI.dll
0x000007fefd8e0000 - 0x000007fefd90e000 	C:\Windows\system32\IMM32.DLL
0x000007fefda00000 - 0x000007fefdb09000 	C:\Windows\system32\MSCTF.dll
0x0000000073230000 - 0x0000000073302000 	C:\Program Files\Java\jdk1.8.0_65\jre\bin\msvcr100.dll
0x0000000063520000 - 0x0000000063da9000 	C:\Program Files\Java\jdk1.8.0_65\jre\bin\server\jvm.dll
0x000007fef77a0000 - 0x000007fef77a9000 	C:\Windows\system32\WSOCK32.dll
0x000007fefd890000 - 0x000007fefd8dd000 	C:\Windows\system32\WS2_32.dll
0x000007feff1f0000 - 0x000007feff1f8000 	C:\Windows\system32\NSI.dll
0x000007fefa030000 - 0x000007fefa06b000 	C:\Windows\system32\WINMM.dll
0x000007fefc3b0000 - 0x000007fefc3bc000 	C:\Windows\system32\VERSION.dll
0x0000000077690000 - 0x0000000077697000 	C:\Windows\system32\PSAPI.DLL
0x00000000737e0000 - 0x00000000737ef000 	C:\Program Files\Java\jdk1.8.0_65\jre\bin\verify.dll
0x00000000737b0000 - 0x00000000737d9000 	C:\Program Files\Java\jdk1.8.0_65\jre\bin\java.dll
0x0000000073790000 - 0x00000000737a6000 	C:\Program Files\Java\jdk1.8.0_65\jre\bin\zip.dll
0x000007fefe380000 - 0x000007feff10a000 	C:\Windows\system32\SHELL32.dll
0x000007feff4a0000 - 0x000007feff6a3000 	C:\Windows\system32\ole32.dll
0x000007fefd250000 - 0x000007fefd25f000 	C:\Windows\system32\profapi.dll
0x0000000180000000 - 0x0000000180051000 	G:\OGPC 2016\OGPC 2016 Java\natives\lwjgl64.dll
0x000007fef3cb0000 - 0x000007fef3dcd000 	C:\Windows\system32\OPENGL32.dll
0x000007fef7300000 - 0x000007fef732d000 	C:\Windows\system32\GLU32.dll
0x000007fef24c0000 - 0x000007fef25b1000 	C:\Windows\system32\DDRAW.dll
0x000007fefa360000 - 0x000007fefa368000 	C:\Windows\system32\DCIMAN32.dll
0x000007fefd6b0000 - 0x000007fefd887000 	C:\Windows\system32\SETUPAPI.dll
0x000007fefd3e0000 - 0x000007fefd416000 	C:\Windows\system32\CFGMGR32.dll
0x000007fefdf60000 - 0x000007fefe038000 	C:\Windows\system32\OLEAUT32.dll
0x000007fefd270000 - 0x000007fefd28a000 	C:\Windows\system32\DEVOBJ.dll
0x000007fefa410000 - 0x000007fefa428000 	C:\Windows\system32\dwmapi.dll
0x000007fefbaa0000 - 0x000007fefbaf6000 	C:\Windows\system32\uxtheme.dll
0x00000000123d0000 - 0x0000000012411000 	C:\Program Files (x86)\NetSupport\NetSupport School\pciappctrl64.dll
0x000007fef4f70000 - 0x000007fef5095000 	C:\Windows\system32\dbghelp.dll
0x000007fef5b70000 - 0x000007fef5b88000 	C:\Windows\system32\MPR.dll
0x0000000002160000 - 0x0000000002185000 	C:\Program Files (x86)\Common Files\NSL\NSCommonHook64.dll
0x000007feea9e0000 - 0x000007feeb213000 	C:\Windows\system32\ig7icd64.dll
0x000007feed520000 - 0x000007feed97f000 	C:\Windows\system32\igdusc64.dll
0x000007fefc100000 - 0x000007fefc111000 	C:\Windows\system32\WTSAPI32.dll
0x000007fefd0b0000 - 0x000007fefd0bf000 	C:\Windows\system32\CRYPTBASE.dll
0x000007fef40a0000 - 0x000007fef413c000 	C:\Windows\system32\mscms.dll
0x000007fefd350000 - 0x000007fefd36e000 	C:\Windows\system32\USERENV.dll
0x000007fef4850000 - 0x000007fef4892000 	C:\Windows\system32\icm32.dll
0x0000000072b90000 - 0x0000000072d28000 	C:\Program Files\Java\jdk1.8.0_65\jre\bin\awt.dll
0x000007fefa440000 - 0x000007fefa44a000 	C:\Windows\System32\drprov.dll
0x000007fefd160000 - 0x000007fefd19d000 	C:\Windows\System32\WINSTA.dll
0x000007fefa270000 - 0x000007fefa292000 	C:\Windows\System32\ntlanman.dll
0x000007fef9fe0000 - 0x000007fef9ffd000 	C:\Windows\System32\davclnt.dll
0x000007fefa480000 - 0x000007fefa48a000 	C:\Windows\System32\DAVHLPR.dll
0x0000000073580000 - 0x00000000735c7000 	C:\Program Files\Java\jdk1.8.0_65\jre\bin\fontmanager.dll
0x00000000735f0000 - 0x000000007360a000 	C:\Program Files\Java\jdk1.8.0_65\jre\bin\net.dll
0x0000000012540000 - 0x0000000012564000 	C:\Program Files (x86)\Common Files\NSL\nslsp64.dll
0x000007fefc9f0000 - 0x000007fefca45000 	C:\Windows\system32\mswsock.dll
0x000007fefc9e0000 - 0x000007fefc9e7000 	C:\Windows\System32\wship6.dll
0x00000000735d0000 - 0x00000000735e1000 	C:\Program Files\Java\jdk1.8.0_65\jre\bin\nio.dll
0x0000000071f60000 - 0x0000000071fa2000 	C:\Program Files\Java\jdk1.8.0_65\jre\bin\t2k.dll

VM Arguments:
jvm_args: -Dfile.encoding=UTF-8 -Dorg.lwjgl.opengl.Display.allowSoftwareOpenGL=true 
java_command: invisibleman.Client
java_class_path (initial): G:\OGPC 2016\OGPC 2016 Java\lib\jfxrt.jar;G:\OGPC 2016\OGPC 2016 Java\lib\jinput.jar;G:\OGPC 2016\OGPC 2016 Java\lib\lwjgl.jar;G:\OGPC 2016\OGPC 2016 Java\lib\lwjgl_util.jar;G:\OGPC 2016\OGPC 2016 Java\lib\slick-util.jar;G:\OGPC 2016\OGPC 2016 Java\lib\protonpack-1.1.jar;G:\OGPC 2016\OGPC 2016 Java\lib\Forge.jar;G:\OGPC 2016\OGPC 2016 Java\build\classes
Launcher Type: SUN_STANDARD

Environment Variables:
PATH=C:\Program Files\Common Files\Microsoft Shared\Windows Live;C:\Program Files (x86)\Common Files\Microsoft Shared\Windows Live;C:\ProgramData\Oracle\Java\javapath;C:\Windows\system32;C:\Windows;C:\Windows\System32\Wbem;C:\Windows\System32\WindowsPowerShell\v1.0\;C:\Program Files\Intel\WiFi\bin\;C:\Program Files\Common Files\Intel\WirelessCommon\;C:\Program Files (x86)\Intel\OpenCL SDK\2.0\bin\x86;C:\Program Files (x86)\Intel\OpenCL SDK\2.0\bin\x64;C:\SWTOOLS\ReadyApps;C:\Program Files (x86)\QuickTime\QTSystem\;C:\Program Files (x86)\Windows Live\Shared;C:\Program Files\Intel\WiFi\bin\;C:\Program Files\Common Files\Intel\WirelessCommon\
USERNAME=isedgewick17
OS=Windows_NT
PROCESSOR_IDENTIFIER=Intel64 Family 6 Model 58 Stepping 9, GenuineIntel



---------------  S Y S T E M  ---------------

OS: Windows 7 , 64 bit Build 7601 (6.1.7601.19160)

CPU:total 4 (2 cores per cpu, 2 threads per core) family 6 model 58 stepping 9, cmov, cx8, fxsr, mmx, sse, sse2, sse3, ssse3, sse4.1, sse4.2, popcnt, avx, clmul, erms, ht, tsc, tscinvbit, tscinv

Memory: 4k page, physical 8186072k(5106476k free), swap 16370308k(12309456k free)

vm_info: Java HotSpot(TM) 64-Bit Server VM (25.65-b01) for windows-amd64 JRE (1.8.0_65-b17), built on Oct  6 2015 16:39:20 by "java_re" with MS VC++ 10.0 (VS2010)

time: Tue Apr 19 15:03:30 2016
elapsed time: 33 seconds (0d 0h 0m 33s)

