#
# A fatal error has been detected by the Java Runtime Environment:
#
#  EXCEPTION_ACCESS_VIOLATION (0xc0000005) at pc=0x000007fee8dc1f44, pid=1804, tid=3624
#
# JRE version: Java(TM) SE Runtime Environment (8.0_65-b17) (build 1.8.0_65-b17)
# Java VM: Java HotSpot(TM) 64-Bit Server VM (25.65-b01 mixed mode windows-amd64 compressed oops)
# Problematic frame:
# C  [ig7icd64.dll+0x21f44]
#
# Failed to write core dump. Minidumps are not enabled by default on client versions of Windows
#
# If you would like to submit a bug report, please visit:
#   http://bugreport.java.com/bugreport/crash.jsp
# The crash happened outside the Java Virtual Machine in native code.
# See problematic frame for where to report the bug.
#

---------------  T H R E A D  ---------------

Current thread (0x000000000220f000):  JavaThread "main" [_thread_in_native, id=3624, stack(0x00000000022d0000,0x00000000023d0000)]

siginfo: ExceptionCode=0xc0000005, writing address 0x00000000022ca000

Registers:
RAX=0x0000000000000001, RBX=0x0000000059ede000, RCX=0x00000000022ca010, RDX=0x000000005cbab940
RSP=0x00000000023cec50, RBP=0x000000005b8c0f90, RSI=0x000000005b8c2ca0, RDI=0x000000005cbab5c0
R8 =0x0000000000000020, R9 =0x0000000000000000, R10=0x0000000000000001, R11=0x0000000000000002
R12=0x0000000000000000, R13=0x000000005cb57420, R14=0x0000000000000000, R15=0x0000000000000000
RIP=0x000007fee8dc1f44, EFLAGS=0x0000000000010202

Top of Stack: (sp=0x00000000023cec50)
0x00000000023cec50:   3403400000000000 0000000000000000
0x00000000023cec60:   00000000605c2258 000000000220f000
0x00000000023cec70:   0000000000000000 000000000214bf40
0x00000000023cec80:   00000000023ced78 000000006c3d5d64
0x00000000023cec90:   0000000059f57a70 000007fee8fbcc57
0x00000000023ceca0:   0000000059ede000 c27791ccbfae14cc
0x00000000023cecb0:   c2863fa0c26f7a97 000000003fae0be3
0x00000000023cecc0:   0000000000000001 000007fee8fdbbd3
0x00000000023cecd0:   000000005cbab930 0000000000000000
0x00000000023cece0:   3c91a62633145c07 0000000000000000
0x00000000023cecf0:   000000005cad85e0 0000000059f49470
0x00000000023ced00:   000000005cbab728 000000005cbab5c0
0x00000000023ced10:   0000000000000001 000000005caa61e0
0x00000000023ced20:   0000000059ede000 000007fee8ff4e78
0x00000000023ced30:   0000000000000002 000000005caa6501
0x00000000023ced40:   000000005cbab728 0000000000000000 

Instructions: (pc=0x000007fee8dc1f44)
0x000007fee8dc1f24:   d1 49 c1 eb 04 4d 85 db 0f 84 24 02 00 00 f3 0f
0x000007fee8dc1f34:   6f 02 41 ff c2 48 83 c1 10 41 8b c2 48 83 c2 10
0x000007fee8dc1f44:   f3 0f 7f 41 f0 49 3b c3 72 e4 e9 03 02 00 00 48
0x000007fee8dc1f54:   89 7c 24 40 8b f9 83 e7 0f 74 68 48 89 5c 24 50 


Register to memory mapping:

RAX=0x0000000000000001 is an unknown value
RBX=0x0000000059ede000 is an unknown value
RCX=0x00000000022ca010 is an unknown value
RDX=0x000000005cbab940 is an unknown value
RSP=0x00000000023cec50 is pointing into the stack for thread: 0x000000000220f000
RBP=0x000000005b8c0f90 is an unknown value
RSI=0x000000005b8c2ca0 is an unknown value
RDI=0x000000005cbab5c0 is an unknown value
R8 =0x0000000000000020 is an unknown value
R9 =0x0000000000000000 is an unknown value
R10=0x0000000000000001 is an unknown value
R11=0x0000000000000002 is an unknown value
R12=0x0000000000000000 is an unknown value
R13=0x000000005cb57420 is an unknown value
R14=0x0000000000000000 is an unknown value
R15=0x0000000000000000 is an unknown value


Stack: [0x00000000022d0000,0x00000000023d0000],  sp=0x00000000023cec50,  free space=1019k
Native frames: (J=compiled Java code, j=interpreted, Vv=VM code, C=native code)
C  [ig7icd64.dll+0x21f44]
C  [ig7icd64.dll+0x21cc57]
C  [ig7icd64.dll+0x254e78]
C  [ig7icd64.dll+0x1fe146]
C  [ig7icd64.dll+0x156d58]
C  [ig7icd64.dll+0x2dc07c]
C  [ig7icd64.dll+0x3ba832]
C  [ig7icd64.dll+0x4f6201]
C  [ig7icd64.dll+0x47433f]
C  [ig7icd64.dll+0x474abc]
C  0x0000000002c37ac2

Java frames: (J=compiled Java code, j=interpreted, Vv=VM code)
J 1606  org.lwjgl.opengl.GL11.nglCallList(IJ)V (0 bytes) @ 0x0000000002c37a44 [0x0000000002c37a00+0x44]
J 1714 C2 map.CubeMap$$Lambda$102.accept(Ljava/lang/Object;Ljava/lang/Object;)V (12 bytes) @ 0x0000000002ce6e88 [0x0000000002ce6d80+0x108]
J 1541 C2 util.Util$$Lambda$69.accept(Ljava/lang/Object;)V (20 bytes) @ 0x0000000002c1dc08 [0x0000000002c1db80+0x88]
J 1307 C2 util.Util.forRange(IILjava/util/function/Consumer;)V (24 bytes) @ 0x0000000002bb2c68 [0x0000000002bb29a0+0x2c8]
J 2018 C1 map.CubeMap.drawAll()V (49 bytes) @ 0x000000000297abec [0x0000000002979aa0+0x114c]
J 2016 C1 invisibleman.Server$$Lambda$52.run()V (4 bytes) @ 0x000000000283f97c [0x000000000283f8c0+0xbc]
J 1836 C2 engine.EventStream$$Lambda$24.accept(Ljava/lang/Object;)V (12 bytes) @ 0x0000000002d5398c [0x0000000002d53940+0x4c]
J 1752 C2 engine.EventStream$$Lambda$25.run()V (12 bytes) @ 0x0000000002ce9ffc [0x0000000002ce9fc0+0x3c]
J 1669 C2 java.util.ArrayList.forEach(Ljava/util/function/Consumer;)V (75 bytes) @ 0x0000000002cc6b18 [0x0000000002cc6020+0xaf8]
J 1838 C2 engine.EventStream.sendEvent()V (27 bytes) @ 0x0000000002d57a18 [0x0000000002d57740+0x2d8]
J 1869 C2 java.lang.Iterable.forEach(Ljava/util/function/Consumer;)V (39 bytes) @ 0x0000000002d599e0 [0x0000000002d59860+0x180]
J 1601% C2 engine.Core.run()V (114 bytes) @ 0x0000000002c749a8 [0x0000000002c748e0+0xc8]
j  invisibleman.Server.runGraphicalInterface()V+302
j  invisibleman.Server.main([Ljava/lang/String;)V+11
v  ~StubRoutines::call_stub

---------------  P R O C E S S  ---------------

Java Threads: ( => current thread )
  0x0000000061972800 JavaThread "Thread-3" [_thread_in_native, id=5092, stack(0x000000005ffe0000,0x00000000600e0000)]
  0x000000005dfae000 JavaThread "AWT-Windows" daemon [_thread_in_native, id=6220, stack(0x000000005ed80000,0x000000005ee80000)]
  0x000000005dfa0000 JavaThread "Java2D Disposer" daemon [_thread_blocked, id=6312, stack(0x000000005ea90000,0x000000005eb90000)]
  0x000000005923f000 JavaThread "Thread-0" [_thread_in_native, id=6736, stack(0x0000000059410000,0x0000000059510000)]
  0x0000000058f51000 JavaThread "Service Thread" daemon [_thread_blocked, id=2384, stack(0x0000000058cd0000,0x0000000058dd0000)]
  0x0000000058ee3800 JavaThread "C1 CompilerThread2" daemon [_thread_blocked, id=3788, stack(0x0000000059530000,0x0000000059630000)]
  0x0000000058ed1000 JavaThread "C2 CompilerThread1" daemon [_thread_blocked, id=4756, stack(0x00000000592e0000,0x00000000593e0000)]
  0x000000005745a800 JavaThread "C2 CompilerThread0" daemon [_thread_blocked, id=7312, stack(0x0000000058dd0000,0x0000000058ed0000)]
  0x0000000057453800 JavaThread "Attach Listener" daemon [_thread_blocked, id=5976, stack(0x0000000058a40000,0x0000000058b40000)]
  0x0000000057451000 JavaThread "Signal Dispatcher" daemon [_thread_blocked, id=7032, stack(0x0000000058b60000,0x0000000058c60000)]
  0x00000000573f7000 JavaThread "Finalizer" daemon [_thread_blocked, id=680, stack(0x00000000588a0000,0x00000000589a0000)]
  0x00000000573f0000 JavaThread "Reference Handler" daemon [_thread_blocked, id=7856, stack(0x0000000058700000,0x0000000058800000)]
=>0x000000000220f000 JavaThread "main" [_thread_in_native, id=3624, stack(0x00000000022d0000,0x00000000023d0000)]

Other Threads:
  0x00000000573ea800 VMThread [stack: 0x0000000058560000,0x0000000058660000] [id=8048]
  0x0000000058f6f800 WatcherThread [stack: 0x00000000596d0000,0x00000000597d0000] [id=4560]

VM state:not at safepoint (normal execution)

VM Mutex/Monitor currently owned by a thread: None

Heap:
 PSYoungGen      total 222720K, used 120084K [0x00000000d6580000, 0x00000000ffa80000, 0x0000000100000000)
  eden space 222208K, 54% used [0x00000000d6580000,0x00000000ddabd108,0x00000000e3e80000)
  from space 512K, 6% used [0x00000000ff980000,0x00000000ff988000,0x00000000ffa00000)
  to   space 512K, 0% used [0x00000000ffa00000,0x00000000ffa00000,0x00000000ffa80000)
 ParOldGen       total 86016K, used 12483K [0x0000000083000000, 0x0000000088400000, 0x00000000d6580000)
  object space 86016K, 14% used [0x0000000083000000,0x0000000083c30e30,0x0000000088400000)
 Metaspace       used 10777K, capacity 11417K, committed 11520K, reserved 1058816K
  class space    used 1117K, capacity 1271K, committed 1280K, reserved 1048576K

Card table byte_map: [0x0000000011af0000,0x0000000011ee0000] byte_map_base: 0x00000000116d8000

Marking Bits: (ParMarkBitMap*) 0x000000006c9aa5b0
 Begin Bits: [0x00000000127f0000, 0x0000000014730000)
 End Bits:   [0x0000000014730000, 0x0000000016670000)

Polling page: 0x0000000000140000

CodeCache: size=245760Kb used=5681Kb max_used=6347Kb free=240078Kb
 bounds [0x0000000002730000, 0x0000000002d80000, 0x0000000011730000]
 total_blobs=2328 nmethods=1759 adapters=482
 compilation: enabled

Compilation events (10 events):
Event: 109.571 Thread 0x0000000058ed1000 2052       4       graphics.Graphics3D::drawQuadFast (99 bytes)
Event: 109.577 Thread 0x0000000058ed1000 nmethod 2052 0x0000000002b3ec50 code [0x0000000002b3ee20, 0x0000000002b3f5c8]
Event: 115.433 Thread 0x000000005745a800 2053       4       java.net.SocketInputStream::read (44 bytes)
Event: 115.435 Thread 0x000000005745a800 nmethod 2053 0x0000000002a754d0 code [0x0000000002a75620, 0x0000000002a757e8]
Event: 115.440 Thread 0x000000005745a800 2054       4       network.NetworkUtils$$Lambda$4/931919113::read (12 bytes)
Event: 115.444 Thread 0x000000005745a800 nmethod 2054 0x0000000002b85e90 code [0x0000000002b86020, 0x0000000002b86338]
Event: 121.576 Thread 0x0000000058ed1000 2055   !   4       org.lwjgl.opengl.Display::update (154 bytes)
Event: 121.586 Thread 0x0000000058ed1000 nmethod 2055 0x0000000002ab2150 code [0x0000000002ab2360, 0x0000000002ab2e40]
Event: 129.142 Thread 0x0000000058ed1000 2056       4       java.util.concurrent.ConcurrentLinkedQueue::first (65 bytes)
Event: 129.143 Thread 0x0000000058ed1000 nmethod 2056 0x0000000002b7a7d0 code [0x0000000002b7a920, 0x0000000002b7aa58]

GC Heap History (10 events):
Event: 116.112 GC heap before
{Heap before GC invocations=63 (full 0):
 PSYoungGen      total 277504K, used 277024K [0x00000000d6580000, 0x00000000ffa80000, 0x0000000100000000)
  eden space 276992K, 100% used [0x00000000d6580000,0x00000000e7400000,0x00000000e7400000)
  from space 512K, 6% used [0x00000000ffa00000,0x00000000ffa08000,0x00000000ffa80000)
  to   space 512K, 0% used [0x00000000ff980000,0x00000000ff980000,0x00000000ffa00000)
 ParOldGen       total 86016K, used 12467K [0x0000000083000000, 0x0000000088400000, 0x00000000d6580000)
  object space 86016K, 14% used [0x0000000083000000,0x0000000083c2ce30,0x0000000088400000)
 Metaspace       used 10777K, capacity 11417K, committed 11520K, reserved 1058816K
  class space    used 1117K, capacity 1271K, committed 1280K, reserved 1048576K
Event: 116.112 GC heap after
Heap after GC invocations=63 (full 0):
 PSYoungGen      total 265216K, used 32K [0x00000000d6580000, 0x00000000ffa80000, 0x0000000100000000)
  eden space 264704K, 0% used [0x00000000d6580000,0x00000000d6580000,0x00000000e6800000)
  from space 512K, 6% used [0x00000000ff980000,0x00000000ff988000,0x00000000ffa00000)
  to   space 512K, 0% used [0x00000000ffa00000,0x00000000ffa00000,0x00000000ffa80000)
 ParOldGen       total 86016K, used 12467K [0x0000000083000000, 0x0000000088400000, 0x00000000d6580000)
  object space 86016K, 14% used [0x0000000083000000,0x0000000083c2ce30,0x0000000088400000)
 Metaspace       used 10777K, capacity 11417K, committed 11520K, reserved 1058816K
  class space    used 1117K, capacity 1271K, committed 1280K, reserved 1048576K
}
Event: 129.183 GC heap before
{Heap before GC invocations=64 (full 0):
 PSYoungGen      total 265216K, used 264736K [0x00000000d6580000, 0x00000000ffa80000, 0x0000000100000000)
  eden space 264704K, 100% used [0x00000000d6580000,0x00000000e6800000,0x00000000e6800000)
  from space 512K, 6% used [0x00000000ff980000,0x00000000ff988000,0x00000000ffa00000)
  to   space 512K, 0% used [0x00000000ffa00000,0x00000000ffa00000,0x00000000ffa80000)
 ParOldGen       total 86016K, used 12467K [0x0000000083000000, 0x0000000088400000, 0x00000000d6580000)
  object space 86016K, 14% used [0x0000000083000000,0x0000000083c2ce30,0x0000000088400000)
 Metaspace       used 10777K, capacity 11417K, committed 11520K, reserved 1058816K
  class space    used 1117K, capacity 1271K, committed 1280K, reserved 1048576K
Event: 129.183 GC heap after
Heap after GC invocations=64 (full 0):
 PSYoungGen      total 253440K, used 32K [0x00000000d6580000, 0x00000000ffa80000, 0x0000000100000000)
  eden space 252928K, 0% used [0x00000000d6580000,0x00000000d6580000,0x00000000e5c80000)
  from space 512K, 6% used [0x00000000ffa00000,0x00000000ffa08000,0x00000000ffa80000)
  to   space 512K, 0% used [0x00000000ff980000,0x00000000ff980000,0x00000000ffa00000)
 ParOldGen       total 86016K, used 12467K [0x0000000083000000, 0x0000000088400000, 0x00000000d6580000)
  object space 86016K, 14% used [0x0000000083000000,0x0000000083c2ce30,0x0000000088400000)
 Metaspace       used 10777K, capacity 11417K, committed 11520K, reserved 1058816K
  class space    used 1117K, capacity 1271K, committed 1280K, reserved 1048576K
}
Event: 129.231 GC heap before
{Heap before GC invocations=65 (full 0):
 PSYoungGen      total 253440K, used 252960K [0x00000000d6580000, 0x00000000ffa80000, 0x0000000100000000)
  eden space 252928K, 100% used [0x00000000d6580000,0x00000000e5c80000,0x00000000e5c80000)
  from space 512K, 6% used [0x00000000ffa00000,0x00000000ffa08000,0x00000000ffa80000)
  to   space 512K, 0% used [0x00000000ff980000,0x00000000ff980000,0x00000000ffa00000)
 ParOldGen       total 86016K, used 12467K [0x0000000083000000, 0x0000000088400000, 0x00000000d6580000)
  object space 86016K, 14% used [0x0000000083000000,0x0000000083c2ce30,0x0000000088400000)
 Metaspace       used 10777K, capacity 11417K, committed 11520K, reserved 1058816K
  class space    used 1117K, capacity 1271K, committed 1280K, reserved 1048576K
Event: 129.232 GC heap after
Heap after GC invocations=65 (full 0):
 PSYoungGen      total 242688K, used 32K [0x00000000d6580000, 0x00000000ffa80000, 0x0000000100000000)
  eden space 242176K, 0% used [0x00000000d6580000,0x00000000d6580000,0x00000000e5200000)
  from space 512K, 6% used [0x00000000ff980000,0x00000000ff988000,0x00000000ffa00000)
  to   space 512K, 0% used [0x00000000ffa00000,0x00000000ffa00000,0x00000000ffa80000)
 ParOldGen       total 86016K, used 12483K [0x0000000083000000, 0x0000000088400000, 0x00000000d6580000)
  object space 86016K, 14% used [0x0000000083000000,0x0000000083c30e30,0x0000000088400000)
 Metaspace       used 10777K, capacity 11417K, committed 11520K, reserved 1058816K
  class space    used 1117K, capacity 1271K, committed 1280K, reserved 1048576K
}
Event: 129.277 GC heap before
{Heap before GC invocations=66 (full 0):
 PSYoungGen      total 242688K, used 242208K [0x00000000d6580000, 0x00000000ffa80000, 0x0000000100000000)
  eden space 242176K, 100% used [0x00000000d6580000,0x00000000e5200000,0x00000000e5200000)
  from space 512K, 6% used [0x00000000ff980000,0x00000000ff988000,0x00000000ffa00000)
  to   space 512K, 0% used [0x00000000ffa00000,0x00000000ffa00000,0x00000000ffa80000)
 ParOldGen       total 86016K, used 12483K [0x0000000083000000, 0x0000000088400000, 0x00000000d6580000)
  object space 86016K, 14% used [0x0000000083000000,0x0000000083c30e30,0x0000000088400000)
 Metaspace       used 10777K, capacity 11417K, committed 11520K, reserved 1058816K
  class space    used 1117K, capacity 1271K, committed 1280K, reserved 1048576K
Event: 129.278 GC heap after
Heap after GC invocations=66 (full 0):
 PSYoungGen      total 232448K, used 32K [0x00000000d6580000, 0x00000000ffa80000, 0x0000000100000000)
  eden space 231936K, 0% used [0x00000000d6580000,0x00000000d6580000,0x00000000e4800000)
  from space 512K, 6% used [0x00000000ffa00000,0x00000000ffa08000,0x00000000ffa80000)
  to   space 512K, 0% used [0x00000000ff980000,0x00000000ff980000,0x00000000ffa00000)
 ParOldGen       total 86016K, used 12483K [0x0000000083000000, 0x0000000088400000, 0x00000000d6580000)
  object space 86016K, 14% used [0x0000000083000000,0x0000000083c30e30,0x0000000088400000)
 Metaspace       used 10777K, capacity 11417K, committed 11520K, reserved 1058816K
  class space    used 1117K, capacity 1271K, committed 1280K, reserved 1048576K
}
Event: 129.324 GC heap before
{Heap before GC invocations=67 (full 0):
 PSYoungGen      total 232448K, used 231968K [0x00000000d6580000, 0x00000000ffa80000, 0x0000000100000000)
  eden space 231936K, 100% used [0x00000000d6580000,0x00000000e4800000,0x00000000e4800000)
  from space 512K, 6% used [0x00000000ffa00000,0x00000000ffa08000,0x00000000ffa80000)
  to   space 512K, 0% used [0x00000000ff980000,0x00000000ff980000,0x00000000ffa00000)
 ParOldGen       total 86016K, used 12483K [0x0000000083000000, 0x0000000088400000, 0x00000000d6580000)
  object space 86016K, 14% used [0x0000000083000000,0x0000000083c30e30,0x0000000088400000)
 Metaspace       used 10777K, capacity 11417K, committed 11520K, reserved 1058816K
  class space    used 1117K, capacity 1271K, committed 1280K, reserved 1048576K
Event: 129.324 GC heap after
Heap after GC invocations=67 (full 0):
 PSYoungGen      total 222720K, used 32K [0x00000000d6580000, 0x00000000ffa80000, 0x0000000100000000)
  eden space 222208K, 0% used [0x00000000d6580000,0x00000000d6580000,0x00000000e3e80000)
  from space 512K, 6% used [0x00000000ff980000,0x00000000ff988000,0x00000000ffa00000)
  to   space 512K, 0% used [0x00000000ffa00000,0x00000000ffa00000,0x00000000ffa80000)
 ParOldGen       total 86016K, used 12483K [0x0000000083000000, 0x0000000088400000, 0x00000000d6580000)
  object space 86016K, 14% used [0x0000000083000000,0x0000000083c30e30,0x0000000088400000)
 Metaspace       used 10777K, capacity 11417K, committed 11520K, reserved 1058816K
  class space    used 1117K, capacity 1271K, committed 1280K, reserved 1048576K
}

Deoptimization events (10 events):
Event: 90.113 Thread 0x000000000220f000 Uncommon trap: reason=unstable_if action=reinterpret pc=0x0000000002be02d4 method=map.CubeMap.setCube(IIILmap/CubeType;)V @ 10
Event: 90.114 Thread 0x000000000220f000 Uncommon trap: reason=bimorphic action=maybe_recompile pc=0x0000000002bc6020 method=java.util.stream.AbstractPipeline.copyInto(Ljava/util/stream/Sink;Ljava/util/Spliterator;)V @ 20
Event: 90.115 Thread 0x000000000220f000 Uncommon trap: reason=bimorphic action=maybe_recompile pc=0x0000000002bc6020 method=java.util.stream.AbstractPipeline.copyInto(Ljava/util/stream/Sink;Ljava/util/Spliterator;)V @ 20
Event: 90.115 Thread 0x000000000220f000 Uncommon trap: reason=bimorphic action=maybe_recompile pc=0x0000000002bc6020 method=java.util.stream.AbstractPipeline.copyInto(Ljava/util/stream/Sink;Ljava/util/Spliterator;)V @ 20
Event: 90.115 Thread 0x000000000220f000 Uncommon trap: reason=bimorphic action=maybe_recompile pc=0x0000000002bc6020 method=java.util.stream.AbstractPipeline.copyInto(Ljava/util/stream/Sink;Ljava/util/Spliterator;)V @ 20
Event: 90.115 Thread 0x000000000220f000 Uncommon trap: reason=bimorphic action=maybe_recompile pc=0x0000000002bc011c method=java.util.stream.AbstractPipeline.copyInto(Ljava/util/stream/Sink;Ljava/util/Spliterator;)V @ 20
Event: 90.118 Thread 0x000000000220f000 Uncommon trap: reason=unstable_if action=reinterpret pc=0x0000000002d0b07c method=java.util.HashMap$KeySpliterator.forEachRemaining(Ljava/util/function/Consumer;)V @ 159
Event: 90.228 Thread 0x000000000220f000 Uncommon trap: reason=unstable_if action=reinterpret pc=0x0000000002bb1c6c method=java.util.HashMap.clear()V @ 23
Event: 90.266 Thread 0x000000000220f000 Uncommon trap: reason=unstable_if action=reinterpret pc=0x0000000002942bac method=java.util.HashMap.clear()V @ 23
Event: 90.374 Thread 0x000000000220f000 Uncommon trap: reason=unstable_if action=reinterpret pc=0x0000000002843564 method=java.util.HashMap.clear()V @ 23

Internal exceptions (10 events):
Event: 0.297 Thread 0x000000000220f000 Exception <a 'java/security/PrivilegedActionException'> (0x00000000d6603118) thrown at [C:\workspace\8-2-build-windows-amd64-cygwin\jdk8u65\4987\hotspot\src\share\vm\prims\jvm.cpp, line 1386]
Event: 0.363 Thread 0x000000000220f000 Exception <a 'java/lang/NoSuchFieldError': method resolution failed> (0x00000000d68335f8) thrown at [C:\workspace\8-2-build-windows-amd64-cygwin\jdk8u65\4987\hotspot\src\share\vm\prims\methodHandles.cpp, line 1146]
Event: 0.365 Thread 0x000000000220f000 Exception <a 'java/lang/NoSuchFieldError': method resolution failed> (0x00000000d68409f8) thrown at [C:\workspace\8-2-build-windows-amd64-cygwin\jdk8u65\4987\hotspot\src\share\vm\prims\methodHandles.cpp, line 1146]
Event: 0.677 Thread 0x000000000220f000 Exception <a 'java/security/PrivilegedActionException'> (0x00000000d6cfdd10) thrown at [C:\workspace\8-2-build-windows-amd64-cygwin\jdk8u65\4987\hotspot\src\share\vm\prims\jvm.cpp, line 1386]
Event: 0.677 Thread 0x000000000220f000 Exception <a 'java/security/PrivilegedActionException'> (0x00000000d6cfdf20) thrown at [C:\workspace\8-2-build-windows-amd64-cygwin\jdk8u65\4987\hotspot\src\share\vm\prims\jvm.cpp, line 1386]
Event: 0.678 Thread 0x000000000220f000 Exception <a 'java/security/PrivilegedActionException'> (0x00000000d6d01f50) thrown at [C:\workspace\8-2-build-windows-amd64-cygwin\jdk8u65\4987\hotspot\src\share\vm\prims\jvm.cpp, line 1386]
Event: 0.678 Thread 0x000000000220f000 Exception <a 'java/security/PrivilegedActionException'> (0x00000000d6d02160) thrown at [C:\workspace\8-2-build-windows-amd64-cygwin\jdk8u65\4987\hotspot\src\share\vm\prims\jvm.cpp, line 1386]
Event: 0.682 Thread 0x000000000220f000 Exception <a 'java/io/FileNotFoundException'> (0x00000000d6d05d40) thrown at [C:\workspace\8-2-build-windows-amd64-cygwin\jdk8u65\4987\hotspot\src\share\vm\prims\jni.cpp, line 709]
Event: 0.707 Thread 0x000000000220f000 Exception <a 'java/io/FileNotFoundException'> (0x00000000d6d452b8) thrown at [C:\workspace\8-2-build-windows-amd64-cygwin\jdk8u65\4987\hotspot\src\share\vm\prims\jni.cpp, line 709]
Event: 0.724 Thread 0x000000000220f000 Implicit null exception at 0x0000000002894192 to 0x0000000002894359

Events (10 events):
Event: 116.112 Executing VM operation: ParallelGCFailedAllocation
Event: 116.112 Executing VM operation: ParallelGCFailedAllocation done
Event: 129.183 Executing VM operation: ParallelGCFailedAllocation
Event: 129.183 Executing VM operation: ParallelGCFailedAllocation done
Event: 129.231 Executing VM operation: ParallelGCFailedAllocation
Event: 129.232 Executing VM operation: ParallelGCFailedAllocation done
Event: 129.277 Executing VM operation: ParallelGCFailedAllocation
Event: 129.278 Executing VM operation: ParallelGCFailedAllocation done
Event: 129.324 Executing VM operation: ParallelGCFailedAllocation
Event: 129.324 Executing VM operation: ParallelGCFailedAllocation done


Dynamic libraries:
0x000000013ff60000 - 0x000000013ff97000 	C:\Program Files\Java\jdk1.8.0_65\bin\java.exe
0x0000000077470000 - 0x000000007761a000 	C:\Windows\SYSTEM32\ntdll.dll
0x0000000077350000 - 0x000000007746f000 	C:\Windows\system32\kernel32.dll
0x000007fefd510000 - 0x000007fefd57b000 	C:\Windows\system32\KERNELBASE.dll
0x000007fefe370000 - 0x000007fefe44b000 	C:\Windows\system32\ADVAPI32.dll
0x000007fefe100000 - 0x000007fefe19f000 	C:\Windows\system32\msvcrt.dll
0x000007fefda50000 - 0x000007fefda6f000 	C:\Windows\SYSTEM32\sechost.dll
0x000007fefe450000 - 0x000007fefe57d000 	C:\Windows\system32\RPCRT4.dll
0x0000000077250000 - 0x000000007734a000 	C:\Windows\system32\USER32.dll
0x000007fefe1a0000 - 0x000007fefe207000 	C:\Windows\system32\GDI32.dll
0x000007fefe210000 - 0x000007fefe21e000 	C:\Windows\system32\LPK.dll
0x000007fefe2a0000 - 0x000007fefe36a000 	C:\Windows\system32\USP10.dll
0x000007fefbaa0000 - 0x000007fefbc94000 	C:\Windows\WinSxS\amd64_microsoft.windows.common-controls_6595b64144ccf1df_6.0.7601.18837_none_fa3b1e3d17594757\COMCTL32.dll
0x000007fefd5e0000 - 0x000007fefd651000 	C:\Windows\system32\SHLWAPI.dll
0x000007fefd5b0000 - 0x000007fefd5de000 	C:\Windows\system32\IMM32.DLL
0x000007fefdff0000 - 0x000007fefe0f9000 	C:\Windows\system32\MSCTF.dll
0x0000000072c60000 - 0x0000000072d32000 	C:\Program Files\Java\jdk1.8.0_65\jre\bin\msvcr100.dll
0x000000006c1a0000 - 0x000000006ca29000 	C:\Program Files\Java\jdk1.8.0_65\jre\bin\server\jvm.dll
0x000007fef7530000 - 0x000007fef7539000 	C:\Windows\system32\WSOCK32.dll
0x000007fefdef0000 - 0x000007fefdf3d000 	C:\Windows\system32\WS2_32.dll
0x000007fefdfe0000 - 0x000007fefdfe8000 	C:\Windows\system32\NSI.dll
0x000007fefae40000 - 0x000007fefae7b000 	C:\Windows\system32\WINMM.dll
0x000007fefc350000 - 0x000007fefc35c000 	C:\Windows\system32\VERSION.dll
0x0000000077640000 - 0x0000000077647000 	C:\Windows\system32\PSAPI.DLL
0x0000000073be0000 - 0x0000000073bef000 	C:\Program Files\Java\jdk1.8.0_65\jre\bin\verify.dll
0x00000000739e0000 - 0x0000000073a09000 	C:\Program Files\Java\jdk1.8.0_65\jre\bin\java.dll
0x00000000739c0000 - 0x00000000739d6000 	C:\Program Files\Java\jdk1.8.0_65\jre\bin\zip.dll
0x000007fefe580000 - 0x000007feff30a000 	C:\Windows\system32\SHELL32.dll
0x000007fefdc00000 - 0x000007fefde03000 	C:\Windows\system32\ole32.dll
0x000007fefd1f0000 - 0x000007fefd1ff000 	C:\Windows\system32\profapi.dll
0x0000000073340000 - 0x000000007335a000 	C:\Program Files\Java\jdk1.8.0_65\jre\bin\net.dll
0x0000000180000000 - 0x0000000180024000 	C:\Program Files (x86)\Common Files\NSL\nslsp64.dll
0x000007fefc990000 - 0x000007fefc9e5000 	C:\Windows\system32\mswsock.dll
0x000007fefc980000 - 0x000007fefc987000 	C:\Windows\System32\wship6.dll
0x0000000002210000 - 0x0000000002261000 	G:\OGPC 2016\OGPC 2016 Java\natives\lwjgl64.dll
0x000007fef3b80000 - 0x000007fef3c9d000 	C:\Windows\system32\OPENGL32.dll
0x000007fef8e70000 - 0x000007fef8e9d000 	C:\Windows\system32\GLU32.dll
0x000007feee740000 - 0x000007feee831000 	C:\Windows\system32\DDRAW.dll
0x000007fef9f60000 - 0x000007fef9f68000 	C:\Windows\system32\DCIMAN32.dll
0x000007feff5a0000 - 0x000007feff777000 	C:\Windows\system32\SETUPAPI.dll
0x000007fefd490000 - 0x000007fefd4c6000 	C:\Windows\system32\CFGMGR32.dll
0x000007fefde10000 - 0x000007fefdee8000 	C:\Windows\system32\OLEAUT32.dll
0x000007fefd3b0000 - 0x000007fefd3ca000 	C:\Windows\system32\DEVOBJ.dll
0x000007fefb4f0000 - 0x000007fefb508000 	C:\Windows\system32\dwmapi.dll
0x000007fefba40000 - 0x000007fefba96000 	C:\Windows\system32\uxtheme.dll
0x0000000012480000 - 0x00000000124c1000 	C:\Program Files (x86)\NetSupport\NetSupport School\pciappctrl64.dll
0x000007fef4da0000 - 0x000007fef4ec5000 	C:\Windows\system32\dbghelp.dll
0x000007fef9f30000 - 0x000007fef9f48000 	C:\Windows\system32\MPR.dll
0x0000000002270000 - 0x0000000002295000 	C:\Program Files (x86)\Common Files\NSL\NSCommonHook64.dll
0x000007fee8da0000 - 0x000007fee95d3000 	C:\Windows\system32\ig7icd64.dll
0x000007feee840000 - 0x000007feeec9f000 	C:\Windows\system32\igdusc64.dll
0x000007fefc070000 - 0x000007fefc081000 	C:\Windows\system32\WTSAPI32.dll
0x000007fefd130000 - 0x000007fefd13f000 	C:\Windows\system32\CRYPTBASE.dll
0x000007fef8ee0000 - 0x000007fef8f7c000 	C:\Windows\system32\mscms.dll
0x000007fefd580000 - 0x000007fefd59e000 	C:\Windows\system32\USERENV.dll
0x000007feee4d0000 - 0x000007feee512000 	C:\Windows\system32\icm32.dll
0x0000000072710000 - 0x00000000728a8000 	C:\Program Files\Java\jdk1.8.0_65\jre\bin\awt.dll
0x000007fefbd30000 - 0x000007fefbd3a000 	C:\Windows\System32\drprov.dll
0x000007fefd0f0000 - 0x000007fefd12d000 	C:\Windows\System32\WINSTA.dll
0x000007fef9d70000 - 0x000007fef9d92000 	C:\Windows\System32\ntlanman.dll
0x000007fefa120000 - 0x000007fefa13d000 	C:\Windows\System32\davclnt.dll
0x000007fefb760000 - 0x000007fefb76a000 	C:\Windows\System32\DAVHLPR.dll
0x0000000072c10000 - 0x0000000072c57000 	C:\Program Files\Java\jdk1.8.0_65\jre\bin\fontmanager.dll
0x00000000733b0000 - 0x00000000733c1000 	C:\Program Files\Java\jdk1.8.0_65\jre\bin\nio.dll
0x0000000072bc0000 - 0x0000000072c02000 	C:\Program Files\Java\jdk1.8.0_65\jre\bin\t2k.dll

VM Arguments:
jvm_args: -Dfile.encoding=UTF-8 -Dorg.lwjgl.opengl.Display.allowSoftwareOpenGL=true 
java_command: invisibleman.Server
java_class_path (initial): G:\OGPC 2016\OGPC 2016 Java\lib\jfxrt.jar;G:\OGPC 2016\OGPC 2016 Java\lib\jinput.jar;G:\OGPC 2016\OGPC 2016 Java\lib\lwjgl.jar;G:\OGPC 2016\OGPC 2016 Java\lib\lwjgl_util.jar;G:\OGPC 2016\OGPC 2016 Java\lib\slick-util.jar;G:\OGPC 2016\OGPC 2016 Java\lib\protonpack-1.1.jar;G:\OGPC 2016\OGPC 2016 Java\lib\Forge.jar;G:\OGPC 2016\OGPC 2016 Java\build\classes
Launcher Type: SUN_STANDARD

Environment Variables:
PATH=C:\Program Files\Common Files\Microsoft Shared\Windows Live;C:\Program Files (x86)\Common Files\Microsoft Shared\Windows Live;C:\ProgramData\Oracle\Java\javapath;C:\Windows\system32;C:\Windows;C:\Windows\System32\Wbem;C:\Windows\System32\WindowsPowerShell\v1.0\;C:\Program Files\Intel\WiFi\bin\;C:\Program Files\Common Files\Intel\WirelessCommon\;C:\Program Files (x86)\Intel\OpenCL SDK\2.0\bin\x86;C:\Program Files (x86)\Intel\OpenCL SDK\2.0\bin\x64;C:\SWTOOLS\ReadyApps;C:\Program Files (x86)\QuickTime\QTSystem\;C:\Program Files (x86)\Windows Live\Shared;C:\Program Files\Intel\WiFi\bin\;C:\Program Files\Common Files\Intel\WirelessCommon\
USERNAME=RSoiffer16
OS=Windows_NT
PROCESSOR_IDENTIFIER=Intel64 Family 6 Model 58 Stepping 9, GenuineIntel



---------------  S Y S T E M  ---------------

OS: Windows 7 , 64 bit Build 7601 (6.1.7601.19160)

CPU:total 4 (2 cores per cpu, 2 threads per core) family 6 model 58 stepping 9, cmov, cx8, fxsr, mmx, sse, sse2, sse3, ssse3, sse4.1, sse4.2, popcnt, avx, clmul, erms, ht, tsc, tscinvbit, tscinv

Memory: 4k page, physical 8186072k(4748080k free), swap 16370308k(12110184k free)

vm_info: Java HotSpot(TM) 64-Bit Server VM (25.65-b01) for windows-amd64 JRE (1.8.0_65-b17), built on Oct  6 2015 16:39:20 by "java_re" with MS VC++ 10.0 (VS2010)

time: Tue Apr 19 14:56:51 2016
elapsed time: 129 seconds (0d 0h 2m 9s)

