#
# A fatal error has been detected by the Java Runtime Environment:
#
#  EXCEPTION_ACCESS_VIOLATION (0xc0000005) at pc=0x0000000019ced184, pid=1472, tid=9692
#
# JRE version: Java(TM) SE Runtime Environment (8.0_51-b16) (build 1.8.0_51-b16)
# Java VM: Java HotSpot(TM) 64-Bit Server VM (25.51-b03 mixed mode windows-amd64 compressed oops)
# Problematic frame:
# C  [ig7icd64.dll+0x1d184]
#
# Failed to write core dump. Minidumps are not enabled by default on client versions of Windows
#
# If you would like to submit a bug report, please visit:
#   http://bugreport.java.com/bugreport/crash.jsp
# The crash happened outside the Java Virtual Machine in native code.
# See problematic frame for where to report the bug.
#

---------------  T H R E A D  ---------------

Current thread (0x0000000001edd800):  JavaThread "main" [_thread_in_native, id=9692, stack(0x0000000001d20000,0x0000000001e20000)]

siginfo: ExceptionCode=0xc0000005, writing address 0x0000000001e7a000

Registers:
RAX=0x0000000000000001, RBX=0x000000001a48e000, RCX=0x0000000001e7a010, RDX=0x000000001e9a1780
RSP=0x0000000001e1dde0, RBP=0x0000000000000000, RSI=0x000000001b92e6f0, RDI=0x000000001e9a1420
R8 =0x0000000000000020, R9 =0x0000000000000000, R10=0x0000000000000001, R11=0x0000000000000002
R12=0x0000000000000000, R13=0x000000001e954090, R14=0x000000001b930400, R15=0x0000000000000000
RIP=0x0000000019ced184, EFLAGS=0x0000000000010202

Top of Stack: (sp=0x0000000001e1dde0)
0x0000000001e1dde0:   2c03400000000000 0000000000000000
0x0000000001e1ddf0:   3003400000000000 0000000000000000
0x0000000001e1de00:   3403400000000000 0000000000000000
0x0000000001e1de10:   3803400000000000 0000000000000000
0x0000000001e1de20:   3c03400000000000 0000000019ef0ac8
0x0000000001e1de30:   000000001a48e000 0000000000000000
0x0000000001e1de40:   4403400000000000 0000000000000000
0x0000000001e1de50:   4803400000000000 0000000000000000
0x0000000001e1de60:   000000001e9a1770 0000000000000000
0x0000000001e1de70:   0000000000000000 0000000000000000
0x0000000001e1de80:   0000000023738530 0000000000000002
0x0000000001e1de90:   0000000000000002 000000001e9cf1f0
0x0000000001e1dea0:   000000001a48e000 000000001e9a157c
0x0000000001e1deb0:   000000001e9a1420 0000000019f22a54
0x0000000001e1dec0:   0000000001e1df59 000000002377c601
0x0000000001e1ded0:   000000001e9a157c 0000000000000000 

Instructions: (pc=0x0000000019ced184)
0x0000000019ced164:   d1 49 c1 eb 04 4d 85 db 0f 84 24 02 00 00 f3 0f
0x0000000019ced174:   6f 02 41 ff c2 48 83 c1 10 41 8b c2 48 83 c2 10
0x0000000019ced184:   f3 0f 7f 41 f0 49 3b c3 72 e4 e9 03 02 00 00 48
0x0000000019ced194:   89 7c 24 40 8b f9 83 e7 0f 74 68 48 89 5c 24 50 


Register to memory mapping:

RAX=0x0000000000000001 is an unknown value
RBX=0x000000001a48e000 is an unknown value
RCX=0x0000000001e7a010 is an unknown value
RDX=0x000000001e9a1780 is an unknown value
RSP=0x0000000001e1dde0 is pointing into the stack for thread: 0x0000000001edd800
RBP=0x0000000000000000 is an unknown value
RSI=0x000000001b92e6f0 is an unknown value
RDI=0x000000001e9a1420 is an unknown value
R8 =0x0000000000000020 is an unknown value
R9 =0x0000000000000000 is an unknown value
R10=0x0000000000000001 is an unknown value
R11=0x0000000000000002 is an unknown value
R12=0x0000000000000000 is an unknown value
R13=0x000000001e954090 is an unknown value
R14=0x000000001b930400 is an unknown value
R15=0x0000000000000000 is an unknown value


Stack: [0x0000000001d20000,0x0000000001e20000],  sp=0x0000000001e1dde0,  free space=1015k
Native frames: (J=compiled Java code, j=interpreted, Vv=VM code, C=native code)

Java frames: (J=compiled Java code, j=interpreted, Vv=VM code)
J 1819  org.lwjgl.opengl.GL11.nglCallList(IJ)V (0 bytes) @ 0x0000000002439184 [0x0000000002439140+0x44]
J 1959 C2 map.CubeMap$$Lambda$159.accept(Ljava/lang/Object;Ljava/lang/Object;)V (12 bytes) @ 0x0000000002631fd8 [0x0000000002631ec0+0x118]
J 1733 C2 util.Util$$Lambda$101.accept(Ljava/lang/Object;)V (20 bytes) @ 0x0000000002566088 [0x0000000002565fa0+0xe8]
J 1517 C2 util.Util.forRange(IILjava/util/function/Consumer;)V (24 bytes) @ 0x00000000024e2720 [0x00000000024e2460+0x2c0]
J 2013 C1 map.CubeMap.drawAll()V (49 bytes) @ 0x0000000002666184 [0x0000000002665020+0x1164]
J 1973 C1 map.Editor$$Lambda$132.run()V (4 bytes) @ 0x000000000263c83c [0x000000000263c780+0xbc]
J 2017 C2 engine.EventStream$$Lambda$2.accept(Ljava/lang/Object;)V (12 bytes) @ 0x000000000266aff4 [0x000000000266afa0+0x54]
J 1963 C2 engine.EventStream.sendEvent()V (27 bytes) @ 0x000000000263db48 [0x000000000263d880+0x2c8]
J 2109 C2 engine.Core$$Lambda$53.accept(Ljava/lang/Object;)V (8 bytes) @ 0x0000000002694e24 [0x0000000002694de0+0x44]
J 2177 C2 java.lang.Iterable.forEach(Ljava/util/function/Consumer;)V (39 bytes) @ 0x00000000026cfa18 [0x00000000026cf8c0+0x158]
J 936% C2 engine.Core.run()V (114 bytes) @ 0x0000000002342ae8 [0x0000000002342a20+0xc8]
j  map.Editor.start(Ljava/lang/String;)V+481
j  guis.Play.recieve(Ljava/lang/String;Ljava/lang/Object;)V+131
j  gui.components.GUIButton.send()V+68
j  gui.TypingManager.compOpen(Lgui/types/GUIInputComponent;)V+24
j  gui.TypingManager.lambda$null$1()V+93
j  gui.TypingManager$$Lambda$35.run()V+0
J 1013 C1 engine.EventStream$$Lambda$2.accept(Ljava/lang/Object;)V (12 bytes) @ 0x00000000023695d4 [0x00000000023693a0+0x234]
J 1006 C1 engine.EventStream$$Lambda$3.run()V (12 bytes) @ 0x0000000002365a54 [0x0000000002365900+0x154]
J 1005 C1 engine.EventStream$$Lambda$33.accept(Ljava/lang/Object;)V (10 bytes) @ 0x0000000002365584 [0x0000000002365380+0x204]
J 955 C1 java.util.ArrayList.forEach(Ljava/util/function/Consumer;)V (75 bytes) @ 0x0000000002351e8c [0x0000000002351c80+0x20c]
J 1017 C1 engine.Signal.set(Ljava/lang/Object;)V (10 bytes) @ 0x000000000236b31c [0x000000000236af80+0x39c]
j  engine.Signal.lambda$filter$27(Ljava/util/function/Predicate;Lengine/Signal;)V+18
j  engine.Signal$$Lambda$5.accept(Ljava/lang/Object;)V+12
J 1006 C1 engine.EventStream$$Lambda$3.run()V (12 bytes) @ 0x0000000002365a54 [0x0000000002365900+0x154]
J 1005 C1 engine.EventStream$$Lambda$33.accept(Ljava/lang/Object;)V (10 bytes) @ 0x0000000002365584 [0x0000000002365380+0x204]
J 955 C1 java.util.ArrayList.forEach(Ljava/util/function/Consumer;)V (75 bytes) @ 0x0000000002351e8c [0x0000000002351c80+0x20c]
J 1017 C1 engine.Signal.set(Ljava/lang/Object;)V (10 bytes) @ 0x000000000236b31c [0x000000000236af80+0x39c]
j  engine.Input.lambda$static$0()V+156
j  engine.Input$$Lambda$1.run()V+0
J 1013 C1 engine.EventStream$$Lambda$2.accept(Ljava/lang/Object;)V (12 bytes) @ 0x00000000023695d4 [0x00000000023693a0+0x234]
J 1006 C1 engine.EventStream$$Lambda$3.run()V (12 bytes) @ 0x0000000002365a54 [0x0000000002365900+0x154]
J 1005 C1 engine.EventStream$$Lambda$33.accept(Ljava/lang/Object;)V (10 bytes) @ 0x0000000002365584 [0x0000000002365380+0x204]
J 955 C1 java.util.ArrayList.forEach(Ljava/util/function/Consumer;)V (75 bytes) @ 0x0000000002351e8c [0x0000000002351c80+0x20c]
J 1017 C1 engine.Signal.set(Ljava/lang/Object;)V (10 bytes) @ 0x000000000236b31c [0x000000000236af80+0x39c]
j  engine.Core.lambda$run$36(DLengine/Signal;)V+5
j  engine.Core$$Lambda$49.accept(Ljava/lang/Object;)V+8
j  java.lang.Iterable.forEach(Ljava/util/function/Consumer;)V+30
J 936% C2 engine.Core.run()V (114 bytes) @ 0x0000000002342ab4 [0x0000000002342a20+0x94]
j  invisibleman.Client.main([Ljava/lang/String;)V+139
v  ~StubRoutines::call_stub

---------------  P R O C E S S  ---------------

Java Threads: ( => current thread )
  0x000000001f7d7800 JavaThread "Thread-2" [_thread_in_native, id=4496, stack(0x000000001f230000,0x000000001f330000)]
  0x0000000019252000 JavaThread "AWT-Windows" daemon [_thread_in_native, id=6180, stack(0x000000001f330000,0x000000001f430000)]
  0x00000000191fd000 JavaThread "Java2D Disposer" daemon [_thread_blocked, id=7748, stack(0x000000001f130000,0x000000001f230000)]
  0x0000000018faf000 JavaThread "Service Thread" daemon [_thread_blocked, id=5240, stack(0x00000000198f0000,0x00000000199f0000)]
  0x0000000018f2c000 JavaThread "C1 CompilerThread3" daemon [_thread_blocked, id=8788, stack(0x00000000197f0000,0x00000000198f0000)]
  0x0000000018f27000 JavaThread "C2 CompilerThread2" daemon [_thread_blocked, id=9732, stack(0x00000000196f0000,0x00000000197f0000)]
  0x0000000018f12800 JavaThread "C2 CompilerThread1" daemon [_thread_blocked, id=5880, stack(0x00000000195f0000,0x00000000196f0000)]
  0x0000000018f23800 JavaThread "C2 CompilerThread0" daemon [_thread_blocked, id=3000, stack(0x00000000194f0000,0x00000000195f0000)]
  0x0000000018f21000 JavaThread "Attach Listener" daemon [_thread_blocked, id=8784, stack(0x00000000193f0000,0x00000000194f0000)]
  0x0000000018f1f800 JavaThread "Signal Dispatcher" daemon [_thread_blocked, id=6580, stack(0x00000000192f0000,0x00000000193f0000)]
  0x0000000001fd9000 JavaThread "Finalizer" daemon [_thread_blocked, id=7976, stack(0x0000000018df0000,0x0000000018ef0000)]
  0x0000000016f1d000 JavaThread "Reference Handler" daemon [_thread_blocked, id=2112, stack(0x0000000018cf0000,0x0000000018df0000)]
=>0x0000000001edd800 JavaThread "main" [_thread_in_native, id=9692, stack(0x0000000001d20000,0x0000000001e20000)]

Other Threads:
  0x0000000016f18800 VMThread [stack: 0x0000000018bf0000,0x0000000018cf0000] [id=7552]
  0x0000000018fb1000 WatcherThread [stack: 0x00000000199f0000,0x0000000019af0000] [id=11632]

VM state:not at safepoint (normal execution)

VM Mutex/Monitor currently owned by a thread: None

Heap:
 PSYoungGen      total 186880K, used 115830K [0x00000000d6000000, 0x00000000fb100000, 0x0000000100000000)
  eden space 186368K, 61% used [0x00000000d6000000,0x00000000dd0d5b50,0x00000000e1600000)
  from space 512K, 56% used [0x00000000fb000000,0x00000000fb048000,0x00000000fb080000)
  to   space 512K, 0% used [0x00000000fb080000,0x00000000fb080000,0x00000000fb100000)
 ParOldGen       total 86016K, used 12774K [0x0000000082000000, 0x0000000087400000, 0x00000000d6000000)
  object space 86016K, 14% used [0x0000000082000000,0x0000000082c79948,0x0000000087400000)
 Metaspace       used 11653K, capacity 12393K, committed 12416K, reserved 1060864K
  class space    used 1244K, capacity 1397K, committed 1408K, reserved 1048576K

Card table byte_map: [0x00000000113a0000,0x00000000117a0000] byte_map_base: 0x0000000010f90000

Marking Bits: (ParMarkBitMap*) 0x0000000058f24040
 Begin Bits: [0x0000000012240000, 0x00000000141c0000)
 End Bits:   [0x00000000141c0000, 0x0000000016140000)

Polling page: 0x0000000000330000

CodeCache: size=245760Kb used=7244Kb max_used=7255Kb free=238515Kb
 bounds [0x0000000001fe0000, 0x0000000002700000, 0x0000000010fe0000]
 total_blobs=2602 nmethods=2025 adapters=490
 compilation: enabled

Compilation events (10 events):
Event: 111.742 Thread 0x0000000018f27000 2199       4       engine.Core$$Lambda$49/521960438::accept (12 bytes)
Event: 111.744 Thread 0x0000000018f27000 nmethod 2199 0x00000000026f4950 code [0x00000000026f4aa0, 0x00000000026f4be8]
Event: 111.759 Thread 0x0000000018f23800 2200       4       invisibleman.Client$$Lambda$32/1150284200::run (4 bytes)
Event: 111.771 Thread 0x0000000018f23800 nmethod 2200 0x00000000026f0210 code [0x00000000026f0480, 0x00000000026f0da0]
Event: 111.816 Thread 0x0000000018f12800 2201       4       org.lwjgl.input.Keyboard::readNext (89 bytes)
Event: 111.822 Thread 0x0000000018f12800 nmethod 2201 0x00000000026f4d90 code [0x00000000026f4f80, 0x00000000026f5550]
Event: 111.890 Thread 0x0000000018f27000 2202       4       java.lang.Math::min (45 bytes)
Event: 111.890 Thread 0x0000000018f27000 nmethod 2202 0x00000000026c1010 code [0x00000000026c1180, 0x00000000026c1258]
Event: 111.959 Thread 0x0000000018f23800 2203       4       java.lang.Character::isSurrogate (18 bytes)
Event: 111.959 Thread 0x0000000018f23800 nmethod 2203 0x0000000002478690 code [0x00000000024787c0, 0x0000000002478818]

GC Heap History (10 events):
Event: 15.819 GC heap before
{Heap before GC invocations=87 (full 0):
 PSYoungGen      total 231424K, used 231040K [0x00000000d6000000, 0x00000000fb100000, 0x0000000100000000)
  eden space 230912K, 100% used [0x00000000d6000000,0x00000000e4180000,0x00000000e4180000)
  from space 512K, 25% used [0x00000000fb080000,0x00000000fb0a0000,0x00000000fb100000)
  to   space 512K, 0% used [0x00000000fb000000,0x00000000fb000000,0x00000000fb080000)
 ParOldGen       total 86016K, used 12694K [0x0000000082000000, 0x0000000087400000, 0x00000000d6000000)
  object space 86016K, 14% used [0x0000000082000000,0x0000000082c65948,0x0000000087400000)
 Metaspace       used 11368K, capacity 12023K, committed 12160K, reserved 1060864K
  class space    used 1216K, capacity 1380K, committed 1408K, reserved 1048576K
Event: 15.820 GC heap after
Heap after GC invocations=87 (full 0):
 PSYoungGen      total 221696K, used 32K [0x00000000d6000000, 0x00000000fb100000, 0x0000000100000000)
  eden space 221184K, 0% used [0x00000000d6000000,0x00000000d6000000,0x00000000e3800000)
  from space 512K, 6% used [0x00000000fb000000,0x00000000fb008000,0x00000000fb080000)
  to   space 512K, 0% used [0x00000000fb080000,0x00000000fb080000,0x00000000fb100000)
 ParOldGen       total 86016K, used 12702K [0x0000000082000000, 0x0000000087400000, 0x00000000d6000000)
  object space 86016K, 14% used [0x0000000082000000,0x0000000082c67948,0x0000000087400000)
 Metaspace       used 11368K, capacity 12023K, committed 12160K, reserved 1060864K
  class space    used 1216K, capacity 1380K, committed 1408K, reserved 1048576K
}
Event: 34.641 GC heap before
{Heap before GC invocations=88 (full 0):
 PSYoungGen      total 221696K, used 221216K [0x00000000d6000000, 0x00000000fb100000, 0x0000000100000000)
  eden space 221184K, 100% used [0x00000000d6000000,0x00000000e3800000,0x00000000e3800000)
  from space 512K, 6% used [0x00000000fb000000,0x00000000fb008000,0x00000000fb080000)
  to   space 512K, 0% used [0x00000000fb080000,0x00000000fb080000,0x00000000fb100000)
 ParOldGen       total 86016K, used 12702K [0x0000000082000000, 0x0000000087400000, 0x00000000d6000000)
  object space 86016K, 14% used [0x0000000082000000,0x0000000082c67948,0x0000000087400000)
 Metaspace       used 11575K, capacity 12313K, committed 12416K, reserved 1060864K
  class space    used 1237K, capacity 1395K, committed 1408K, reserved 1048576K
Event: 34.642 GC heap after
Heap after GC invocations=88 (full 0):
 PSYoungGen      total 212480K, used 224K [0x00000000d6000000, 0x00000000fb100000, 0x0000000100000000)
  eden space 211968K, 0% used [0x00000000d6000000,0x00000000d6000000,0x00000000e2f00000)
  from space 512K, 43% used [0x00000000fb080000,0x00000000fb0b8000,0x00000000fb100000)
  to   space 512K, 0% used [0x00000000fb000000,0x00000000fb000000,0x00000000fb080000)
 ParOldGen       total 86016K, used 12710K [0x0000000082000000, 0x0000000087400000, 0x00000000d6000000)
  object space 86016K, 14% used [0x0000000082000000,0x0000000082c69948,0x0000000087400000)
 Metaspace       used 11575K, capacity 12313K, committed 12416K, reserved 1060864K
  class space    used 1237K, capacity 1395K, committed 1408K, reserved 1048576K
}
Event: 38.068 GC heap before
{Heap before GC invocations=89 (full 0):
 PSYoungGen      total 212480K, used 212192K [0x00000000d6000000, 0x00000000fb100000, 0x0000000100000000)
  eden space 211968K, 100% used [0x00000000d6000000,0x00000000e2f00000,0x00000000e2f00000)
  from space 512K, 43% used [0x00000000fb080000,0x00000000fb0b8000,0x00000000fb100000)
  to   space 512K, 0% used [0x00000000fb000000,0x00000000fb000000,0x00000000fb080000)
 ParOldGen       total 86016K, used 12710K [0x0000000082000000, 0x0000000087400000, 0x00000000d6000000)
  object space 86016K, 14% used [0x0000000082000000,0x0000000082c69948,0x0000000087400000)
 Metaspace       used 11575K, capacity 12313K, committed 12416K, reserved 1060864K
  class space    used 1237K, capacity 1395K, committed 1408K, reserved 1048576K
Event: 38.069 GC heap after
Heap after GC invocations=89 (full 0):
 PSYoungGen      total 203776K, used 224K [0x00000000d6000000, 0x00000000fb100000, 0x0000000100000000)
  eden space 203264K, 0% used [0x00000000d6000000,0x00000000d6000000,0x00000000e2680000)
  from space 512K, 43% used [0x00000000fb000000,0x00000000fb038000,0x00000000fb080000)
  to   space 512K, 0% used [0x00000000fb080000,0x00000000fb080000,0x00000000fb100000)
 ParOldGen       total 86016K, used 12766K [0x0000000082000000, 0x0000000087400000, 0x00000000d6000000)
  object space 86016K, 14% used [0x0000000082000000,0x0000000082c77948,0x0000000087400000)
 Metaspace       used 11575K, capacity 12313K, committed 12416K, reserved 1060864K
  class space    used 1237K, capacity 1395K, committed 1408K, reserved 1048576K
}
Event: 41.101 GC heap before
{Heap before GC invocations=90 (full 0):
 PSYoungGen      total 203776K, used 203488K [0x00000000d6000000, 0x00000000fb100000, 0x0000000100000000)
  eden space 203264K, 100% used [0x00000000d6000000,0x00000000e2680000,0x00000000e2680000)
  from space 512K, 43% used [0x00000000fb000000,0x00000000fb038000,0x00000000fb080000)
  to   space 512K, 0% used [0x00000000fb080000,0x00000000fb080000,0x00000000fb100000)
 ParOldGen       total 86016K, used 12766K [0x0000000082000000, 0x0000000087400000, 0x00000000d6000000)
  object space 86016K, 14% used [0x0000000082000000,0x0000000082c77948,0x0000000087400000)
 Metaspace       used 11576K, capacity 12317K, committed 12416K, reserved 1060864K
  class space    used 1237K, capacity 1395K, committed 1408K, reserved 1048576K
Event: 41.102 GC heap after
Heap after GC invocations=90 (full 0):
 PSYoungGen      total 195072K, used 128K [0x00000000d6000000, 0x00000000fb100000, 0x0000000100000000)
  eden space 194560K, 0% used [0x00000000d6000000,0x00000000d6000000,0x00000000e1e00000)
  from space 512K, 25% used [0x00000000fb080000,0x00000000fb0a0000,0x00000000fb100000)
  to   space 512K, 0% used [0x00000000fb000000,0x00000000fb000000,0x00000000fb080000)
 ParOldGen       total 86016K, used 12774K [0x0000000082000000, 0x0000000087400000, 0x00000000d6000000)
  object space 86016K, 14% used [0x0000000082000000,0x0000000082c79948,0x0000000087400000)
 Metaspace       used 11576K, capacity 12317K, committed 12416K, reserved 1060864K
  class space    used 1237K, capacity 1395K, committed 1408K, reserved 1048576K
}
Event: 112.467 GC heap before
{Heap before GC invocations=91 (full 0):
 PSYoungGen      total 195072K, used 194688K [0x00000000d6000000, 0x00000000fb100000, 0x0000000100000000)
  eden space 194560K, 100% used [0x00000000d6000000,0x00000000e1e00000,0x00000000e1e00000)
  from space 512K, 25% used [0x00000000fb080000,0x00000000fb0a0000,0x00000000fb100000)
  to   space 512K, 0% used [0x00000000fb000000,0x00000000fb000000,0x00000000fb080000)
 ParOldGen       total 86016K, used 12774K [0x0000000082000000, 0x0000000087400000, 0x00000000d6000000)
  object space 86016K, 14% used [0x0000000082000000,0x0000000082c79948,0x0000000087400000)
 Metaspace       used 11653K, capacity 12393K, committed 12416K, reserved 1060864K
  class space    used 1244K, capacity 1397K, committed 1408K, reserved 1048576K
Event: 112.468 GC heap after
Heap after GC invocations=91 (full 0):
 PSYoungGen      total 186880K, used 288K [0x00000000d6000000, 0x00000000fb100000, 0x0000000100000000)
  eden space 186368K, 0% used [0x00000000d6000000,0x00000000d6000000,0x00000000e1600000)
  from space 512K, 56% used [0x00000000fb000000,0x00000000fb048000,0x00000000fb080000)
  to   space 512K, 0% used [0x00000000fb080000,0x00000000fb080000,0x00000000fb100000)
 ParOldGen       total 86016K, used 12774K [0x0000000082000000, 0x0000000087400000, 0x00000000d6000000)
  object space 86016K, 14% used [0x0000000082000000,0x0000000082c79948,0x0000000087400000)
 Metaspace       used 11653K, capacity 12393K, committed 12416K, reserved 1060864K
  class space    used 1244K, capacity 1397K, committed 1408K, reserved 1048576K
}

Deoptimization events (10 events):
Event: 31.060 Thread 0x0000000001edd800 Uncommon trap: reason=class_check action=maybe_recompile pc=0x0000000002137f40 method=java.util.stream.AbstractPipeline.copyIntoWithCancel(Ljava/util/stream/Sink;Ljava/util/Spliterator;)V @ 19
Event: 34.629 Thread 0x0000000001edd800 Uncommon trap: reason=bimorphic action=maybe_recompile pc=0x0000000002510458 method=java.util.stream.AbstractPipeline.<init>(Ljava/util/stream/AbstractPipeline;I)V @ 66
Event: 34.629 Thread 0x0000000001edd800 Uncommon trap: reason=bimorphic action=maybe_recompile pc=0x00000000021380c0 method=java.util.stream.AbstractPipeline.copyInto(Ljava/util/stream/Sink;Ljava/util/Spliterator;)V @ 20
Event: 36.266 Thread 0x0000000001edd800 Uncommon trap: reason=class_check action=maybe_recompile pc=0x0000000002137f40 method=java.util.stream.AbstractPipeline.copyIntoWithCancel(Ljava/util/stream/Sink;Ljava/util/Spliterator;)V @ 19
Event: 38.047 Thread 0x0000000001edd800 Uncommon trap: reason=bimorphic action=maybe_recompile pc=0x0000000002510458 method=java.util.stream.AbstractPipeline.<init>(Ljava/util/stream/AbstractPipeline;I)V @ 66
Event: 38.047 Thread 0x0000000001edd800 Uncommon trap: reason=bimorphic action=maybe_recompile pc=0x00000000021380c0 method=java.util.stream.AbstractPipeline.copyInto(Ljava/util/stream/Sink;Ljava/util/Spliterator;)V @ 20
Event: 38.539 Thread 0x0000000001edd800 Uncommon trap: reason=class_check action=maybe_recompile pc=0x0000000002137f40 method=java.util.stream.AbstractPipeline.copyIntoWithCancel(Ljava/util/stream/Sink;Ljava/util/Spliterator;)V @ 19
Event: 40.358 Thread 0x0000000001edd800 Uncommon trap: reason=bimorphic action=maybe_recompile pc=0x0000000002510458 method=java.util.stream.AbstractPipeline.<init>(Ljava/util/stream/AbstractPipeline;I)V @ 66
Event: 40.358 Thread 0x0000000001edd800 Uncommon trap: reason=bimorphic action=maybe_recompile pc=0x00000000021380c0 method=java.util.stream.AbstractPipeline.copyInto(Ljava/util/stream/Sink;Ljava/util/Spliterator;)V @ 20
Event: 42.990 Thread 0x0000000001edd800 Uncommon trap: reason=unstable_if action=reinterpret pc=0x0000000002230454 method=java.nio.charset.CoderResult.isUnderflow()Z @ 4

Internal exceptions (10 events):
Event: 0.085 Thread 0x0000000001edd800 Exception <a 'java/security/PrivilegedActionException'> (0x00000000d61fc798) thrown at [C:\re\workspace\8-2-build-windows-amd64-cygwin\jdk8u51\3951\hotspot\src\share\vm\prims\jvm.cpp, line 1382]
Event: 0.085 Thread 0x0000000001edd800 Exception <a 'java/security/PrivilegedActionException'> (0x00000000d61fc950) thrown at [C:\re\workspace\8-2-build-windows-amd64-cygwin\jdk8u51\3951\hotspot\src\share\vm\prims\jvm.cpp, line 1382]
Event: 0.329 Thread 0x0000000001edd800 Exception <a 'java/lang/NoSuchFieldError': method resolution failed> (0x00000000d65eb1c0) thrown at [C:\re\workspace\8-2-build-windows-amd64-cygwin\jdk8u51\3951\hotspot\src\share\vm\prims\methodHandles.cpp, line 1125]
Event: 0.332 Thread 0x0000000001edd800 Exception <a 'java/lang/NoSuchFieldError': method resolution failed> (0x00000000d65f9890) thrown at [C:\re\workspace\8-2-build-windows-amd64-cygwin\jdk8u51\3951\hotspot\src\share\vm\prims\methodHandles.cpp, line 1125]
Event: 0.363 Thread 0x0000000001edd800 Exception <a 'java/security/PrivilegedActionException'> (0x00000000d66bcb78) thrown at [C:\re\workspace\8-2-build-windows-amd64-cygwin\jdk8u51\3951\hotspot\src\share\vm\prims\jvm.cpp, line 1382]
Event: 0.363 Thread 0x0000000001edd800 Exception <a 'java/security/PrivilegedActionException'> (0x00000000d66bcd30) thrown at [C:\re\workspace\8-2-build-windows-amd64-cygwin\jdk8u51\3951\hotspot\src\share\vm\prims\jvm.cpp, line 1382]
Event: 0.363 Thread 0x0000000001edd800 Exception <a 'java/security/PrivilegedActionException'> (0x00000000d66c0ac8) thrown at [C:\re\workspace\8-2-build-windows-amd64-cygwin\jdk8u51\3951\hotspot\src\share\vm\prims\jvm.cpp, line 1382]
Event: 0.363 Thread 0x0000000001edd800 Exception <a 'java/security/PrivilegedActionException'> (0x00000000d66c0c80) thrown at [C:\re\workspace\8-2-build-windows-amd64-cygwin\jdk8u51\3951\hotspot\src\share\vm\prims\jvm.cpp, line 1382]
Event: 0.368 Thread 0x0000000001edd800 Exception <a 'java/io/FileNotFoundException'> (0x00000000d66c2fa8) thrown at [C:\re\workspace\8-2-build-windows-amd64-cygwin\jdk8u51\3951\hotspot\src\share\vm\prims\jni.cpp, line 709]
Event: 0.393 Thread 0x0000000001edd800 Exception <a 'java/io/FileNotFoundException'> (0x00000000d6703210) thrown at [C:\re\workspace\8-2-build-windows-amd64-cygwin\jdk8u51\3951\hotspot\src\share\vm\prims\jni.cpp, line 709]

Events (10 events):
Event: 43.058 loading class java/io/FileOutputStream$1
Event: 43.058 loading class java/io/FileOutputStream$1 done
Event: 65.581 loading class java/util/ArrayList$1
Event: 65.581 loading class java/util/ArrayList$1 done
Event: 112.467 Executing VM operation: ParallelGCFailedAllocation
Event: 112.468 Executing VM operation: ParallelGCFailedAllocation done
Event: 112.468 Executing VM operation: RevokeBias
Event: 112.468 Executing VM operation: RevokeBias done
Event: 112.468 Executing VM operation: RevokeBias
Event: 112.468 Executing VM operation: RevokeBias done


Dynamic libraries:
0x00007ff6687b0000 - 0x00007ff6687e7000 	C:\Program Files\Java\jdk1.8.0_51\bin\java.exe
0x00007ffae4ee0000 - 0x00007ffae508d000 	C:\WINDOWS\SYSTEM32\ntdll.dll
0x00007ffae2600000 - 0x00007ffae273e000 	C:\WINDOWS\system32\KERNEL32.DLL
0x00007ffae21b0000 - 0x00007ffae22c5000 	C:\WINDOWS\system32\KERNELBASE.dll
0x00007ffae0bd0000 - 0x00007ffae0c5e000 	C:\WINDOWS\system32\apphelp.dll
0x00007ffad13c0000 - 0x00007ffad1413000 	C:\WINDOWS\AppPatch\AppPatch64\AcGenral.DLL
0x00007ffae2ea0000 - 0x00007ffae2f4a000 	C:\WINDOWS\system32\msvcrt.dll
0x00007ffae1e80000 - 0x00007ffae1eae000 	C:\WINDOWS\SYSTEM32\SspiCli.dll
0x00007ffae29f0000 - 0x00007ffae2a44000 	C:\WINDOWS\system32\SHLWAPI.dll
0x00007ffae27b0000 - 0x00007ffae2927000 	C:\WINDOWS\system32\USER32.dll
0x00007ffae4870000 - 0x00007ffae4a04000 	C:\WINDOWS\system32\ole32.dll
0x00007ffae32b0000 - 0x00007ffae47da000 	C:\WINDOWS\system32\SHELL32.dll
0x00007ffae15d0000 - 0x00007ffae15f1000 	C:\WINDOWS\SYSTEM32\USERENV.dll
0x00007ffae2ab0000 - 0x00007ffae2b5a000 	C:\WINDOWS\system32\ADVAPI32.dll
0x00007ffad4490000 - 0x00007ffad44ae000 	C:\WINDOWS\SYSTEM32\MPR.dll
0x00007ffae4d90000 - 0x00007ffae4ed1000 	C:\WINDOWS\system32\RPCRT4.dll
0x00007ffae25a0000 - 0x00007ffae25f9000 	C:\WINDOWS\SYSTEM32\sechost.dll
0x00007ffae4b70000 - 0x00007ffae4d81000 	C:\WINDOWS\SYSTEM32\combase.dll
0x00007ffae2d50000 - 0x00007ffae2ea0000 	C:\WINDOWS\system32\GDI32.dll
0x00007ffae2030000 - 0x00007ffae2045000 	C:\WINDOWS\SYSTEM32\profapi.dll
0x00007ffae0ac0000 - 0x00007ffae0b72000 	C:\WINDOWS\SYSTEM32\SHCORE.dll
0x00007ffae2560000 - 0x00007ffae2596000 	C:\WINDOWS\system32\IMM32.DLL
0x00007ffae4a10000 - 0x00007ffae4b62000 	C:\WINDOWS\system32\MSCTF.dll
0x00007ffadfbf0000 - 0x00007ffadfe6b000 	C:\WINDOWS\WinSxS\amd64_microsoft.windows.common-controls_6595b64144ccf1df_6.0.9600.18006_none_623f33d3ecbe86e8\COMCTL32.dll
0x0000000058640000 - 0x0000000058712000 	C:\Program Files\Java\jdk1.8.0_51\jre\bin\msvcr100.dll
0x0000000058720000 - 0x0000000058fa3000 	C:\Program Files\Java\jdk1.8.0_51\jre\bin\server\jvm.dll
0x00007ffad3810000 - 0x00007ffad3819000 	C:\WINDOWS\SYSTEM32\WSOCK32.dll
0x00007ffaddee0000 - 0x00007ffaddf02000 	C:\WINDOWS\SYSTEM32\WINMM.dll
0x00007ffadf3c0000 - 0x00007ffadf3ca000 	C:\WINDOWS\SYSTEM32\VERSION.dll
0x00007ffae2b60000 - 0x00007ffae2b67000 	C:\WINDOWS\system32\PSAPI.DLL
0x00007ffae4810000 - 0x00007ffae486a000 	C:\WINDOWS\system32\WS2_32.dll
0x00007ffaddeb0000 - 0x00007ffaddeda000 	C:\WINDOWS\SYSTEM32\WINMMBASE.dll
0x00007ffae47f0000 - 0x00007ffae47f9000 	C:\WINDOWS\system32\NSI.dll
0x00007ffae22d0000 - 0x00007ffae231f000 	C:\WINDOWS\SYSTEM32\cfgmgr32.dll
0x00007ffae0e20000 - 0x00007ffae0e48000 	C:\WINDOWS\SYSTEM32\DEVOBJ.dll
0x00000000585f0000 - 0x00000000585ff000 	C:\Program Files\Java\jdk1.8.0_51\jre\bin\verify.dll
0x00000000585c0000 - 0x00000000585e9000 	C:\Program Files\Java\jdk1.8.0_51\jre\bin\java.dll
0x00000000585a0000 - 0x00000000585b6000 	C:\Program Files\Java\jdk1.8.0_51\jre\bin\zip.dll
0x0000000180000000 - 0x0000000180051000 	C:\Users\Rory\Desktop\Programs\Current Projects\OGPC 2016 Java\natives\lwjgl64.dll
0x00007ffad0000000 - 0x00007ffad012b000 	C:\WINDOWS\SYSTEM32\OPENGL32.dll
0x00007ffadafb0000 - 0x00007ffadafde000 	C:\WINDOWS\SYSTEM32\GLU32.dll
0x00007ffadafe0000 - 0x00007ffadb0d8000 	C:\WINDOWS\SYSTEM32\DDRAW.dll
0x00007ffaddd40000 - 0x00007ffaddd49000 	C:\WINDOWS\SYSTEM32\DCIMAN32.dll
0x00007ffae0ca0000 - 0x00007ffae0dc9000 	C:\WINDOWS\system32\uxtheme.dll
0x00007ffadfe70000 - 0x00007ffadfe91000 	C:\WINDOWS\system32\dwmapi.dll
0x00007ffad3ea0000 - 0x00007ffad3ecc000 	C:\WINDOWS\SYSTEM32\nvoglshim64.dll
0x0000000019cd0000 - 0x000000001a44e000 	C:\WINDOWS\system32\ig7icd64.dll
0x00007ffade1c0000 - 0x00007ffade600000 	C:\WINDOWS\SYSTEM32\igdusc64.dll
0x00007ffae0e70000 - 0x00007ffae0e7b000 	C:\WINDOWS\SYSTEM32\kernel.appcore.dll
0x00007ffae1f20000 - 0x00007ffae1f2b000 	C:\WINDOWS\SYSTEM32\CRYPTBASE.dll
0x00007ffae1eb0000 - 0x00007ffae1f13000 	C:\WINDOWS\SYSTEM32\bcryptPrimitives.dll
0x00007ffadd500000 - 0x00007ffadd592000 	C:\WINDOWS\SYSTEM32\mscms.dll
0x00007ffad1260000 - 0x00007ffad12a1000 	C:\WINDOWS\SYSTEM32\icm32.dll
0x00007ffae1fd0000 - 0x00007ffae2016000 	C:\WINDOWS\SYSTEM32\powrprof.dll
0x00000000583c0000 - 0x0000000058558000 	C:\Program Files\Java\jdk1.8.0_51\jre\bin\awt.dll
0x00007ffae3120000 - 0x00007ffae31e1000 	C:\WINDOWS\system32\OLEAUT32.dll
0x0000000058370000 - 0x00000000583b7000 	C:\Program Files\Java\jdk1.8.0_51\jre\bin\fontmanager.dll
0x0000000058580000 - 0x000000005859a000 	C:\Program Files\Java\jdk1.8.0_51\jre\bin\net.dll
0x00007ffae1840000 - 0x00007ffae1899000 	C:\WINDOWS\system32\mswsock.dll
0x0000000058560000 - 0x0000000058571000 	C:\Program Files\Java\jdk1.8.0_51\jre\bin\nio.dll
0x0000000058320000 - 0x0000000058362000 	C:\Program Files\Java\jdk1.8.0_51\jre\bin\t2k.dll
0x00007ffae2930000 - 0x00007ffae29e6000 	C:\WINDOWS\SYSTEM32\clbcatq.dll
0x00007ffae1640000 - 0x00007ffae16e4000 	C:\WINDOWS\SYSTEM32\DNSAPI.dll
0x00007ffad7e00000 - 0x00007ffad7e0a000 	C:\Windows\System32\rasadhlp.dll
0x00007ffadc200000 - 0x00007ffadc26b000 	C:\WINDOWS\System32\fwpuclnt.dll
0x00007ffad5a40000 - 0x00007ffad5bc9000 	C:\WINDOWS\SYSTEM32\dbghelp.dll

VM Arguments:
jvm_args: -Dfile.encoding=UTF-8 -Dorg.lwjgl.opengl.Display.allowSoftwareOpenGL=true 
java_command: invisibleman.Client
java_class_path (initial): C:\Users\Rory\Desktop\Programs\Current Projects\OGPC 2016 Java\lib\jfxrt.jar;C:\Users\Rory\Desktop\Programs\Current Projects\OGPC 2016 Java\lib\jinput.jar;C:\Users\Rory\Desktop\Programs\Current Projects\OGPC 2016 Java\lib\lwjgl.jar;C:\Users\Rory\Desktop\Programs\Current Projects\OGPC 2016 Java\lib\lwjgl_util.jar;C:\Users\Rory\Desktop\Programs\Current Projects\OGPC 2016 Java\lib\slick-util.jar;C:\Users\Rory\Desktop\Programs\Current Projects\OGPC 2016 Java\lib\protonpack-1.1.jar;C:\Users\Rory\Desktop\Programs\Current Projects\OGPC 2016 Java\lib\Forge.jar;C:\Users\Rory\Desktop\Programs\Current Projects\OGPC 2016 Java\build\classes
Launcher Type: SUN_STANDARD

Environment Variables:
PATH=C:\ProgramData\Oracle\Java\javapath;C:\Program Files (x86)\Intel\iCLS Client\;C:\Program Files\Intel\iCLS Client\;C:\WINDOWS\system32;C:\WINDOWS;C:\WINDOWS\System32\Wbem;C:\WINDOWS\System32\WindowsPowerShell\v1.0\;C:\Program Files (x86)\Intel\OpenCL SDK\2.0\bin\x86;C:\Program Files (x86)\Intel\OpenCL SDK\2.0\bin\x64;C:\Program Files\Intel\Intel(R) Management Engine Components\DAL;C:\Program Files\Intel\Intel(R) Management Engine Components\IPT;C:\Program Files (x86)\Intel\Intel(R) Management Engine Components\DAL;C:\Program Files (x86)\Intel\Intel(R) Management Engine Components\IPT;C:\Program Files\Lenovo\Bluetooth Software\;C:\Program Files\Lenovo\Bluetooth Software\syswow64;C:\Program Files\Intel\WiFi\bin\;C:\Program Files\Common Files\Intel\WirelessCommon\;C:\Program Files\SlikSvn\bin;C:\Program Files (x86)\NVIDIA Corporation\PhysX\Common;C:\Program Files (x86)\Skype\Phone\
USERNAME=Rory
OS=Windows_NT
PROCESSOR_IDENTIFIER=Intel64 Family 6 Model 58 Stepping 9, GenuineIntel



---------------  S Y S T E M  ---------------

OS: Windows 8.1 , 64 bit Build 9600 (6.3.9600.17415)

CPU:total 8 (4 cores per cpu, 2 threads per core) family 6 model 58 stepping 9, cmov, cx8, fxsr, mmx, sse, sse2, sse3, ssse3, sse4.1, sse4.2, popcnt, avx, aes, clmul, erms, ht, tsc, tscinvbit, tscinv

Memory: 4k page, physical 8251156k(1999540k free), swap 9561876k(2130368k free)

vm_info: Java HotSpot(TM) 64-Bit Server VM (25.51-b03) for windows-amd64 JRE (1.8.0_51-b16), built on Jun  8 2015 18:03:07 by "java_re" with MS VC++ 10.0 (VS2010)

time: Mon Apr 18 21:32:09 2016
elapsed time: 112 seconds (0d 0h 1m 52s)

