#
# A fatal error has been detected by the Java Runtime Environment:
#
#  EXCEPTION_ACCESS_VIOLATION (0xc0000005) at pc=0x00000000570903a7, pid=5044, tid=2672
#
# JRE version: Java(TM) SE Runtime Environment (8.0_65-b17) (build 1.8.0_65-b17)
# Java VM: Java HotSpot(TM) 64-Bit Server VM (25.65-b01 mixed mode windows-amd64 compressed oops)
# Problematic frame:
# C  [ig4icd64.dll+0x2103a7]
#
# Failed to write core dump. Minidumps are not enabled by default on client versions of Windows
#
# If you would like to submit a bug report, please visit:
#   http://bugreport.java.com/bugreport/crash.jsp
# The crash happened outside the Java Virtual Machine in native code.
# See problematic frame for where to report the bug.
#

---------------  T H R E A D  ---------------

Current thread (0x000000000215e000):  JavaThread "main" [_thread_in_native, id=2672, stack(0x00000000024a0000,0x00000000025a0000)]

siginfo: ExceptionCode=0xc0000005, reading address 0x00000000000001c0

Registers:
RAX=0x000000005857c750, RBX=0x00000000584b00a0, RCX=0x00000000584b00a0, RDX=0x000000005857c750
RSP=0x000000000259e1e0, RBP=0x000000000000003c, RSI=0x0000000000000000, RDI=0x0000000000000000
R8 =0x0000000000000000, R9 =0x0000000000000000, R10=0x0000000000000000, R11=0x00000000596879f0
R12=0x0000000000000000, R13=0x000000000259e4a8, R14=0x000000000259e370, R15=0x000000000215e000
RIP=0x00000000570903a7, EFLAGS=0x0000000000010246

Top of Stack: (sp=0x000000000259e1e0)
0x000000000259e1e0:   00000000548b7550 000000000215e000
0x000000000259e1f0:   0000000000000000 0000000002033ce0
0x000000000259e200:   000000000259e2f8 000000000215e000
0x000000000259e210:   000000000259e4a8 0000000000000128
0x000000000259e220:   0000000000000000 0000000000080038
0x000000000259e230:   0000000000000128 000000000259e380
0x000000000259e240:   00000000584b00a0 0000000056f2422d
0x000000000259e250:   0000000000000000 0000000020000000
0x000000000259e260:   0000000000000000 0000000056ff6647
0x000000000259e270:   00000000000005ca 0000000056fee0e9
0x000000000259e280:   00000000584b00a0 00000000584b00a0
0x000000000259e290:   000000000259e4a8 0000000000000000
0x000000000259e2a0:   00000000584b00a0 0000000056fee925
0x000000000259e2b0:   0000000056eae620 000000000259e380
0x000000000259e2c0:   0000000000000128 0000000000000000
0x000000000259e2d0:   3fe5555555554b7a 0000000000000000 

Instructions: (pc=0x00000000570903a7)
0x0000000057090387:   48 83 ec 40 48 8b 81 58 b3 00 00 8b a9 98 a1 00
0x0000000057090397:   00 33 f6 48 8b b8 60 01 00 00 48 8b d9 4c 8b e6
0x00000000570903a7:   48 8b 87 c0 01 00 00 48 89 44 24 78 40 38 b7 59
0x00000000570903b7:   01 00 00 74 0f 8b 87 50 01 00 00 4c 8d 64 24 70 


Register to memory mapping:

RAX=0x000000005857c750 is an unknown value
RBX=0x00000000584b00a0 is an unknown value
RCX=0x00000000584b00a0 is an unknown value
RDX=0x000000005857c750 is an unknown value
RSP=0x000000000259e1e0 is pointing into the stack for thread: 0x000000000215e000
RBP=0x000000000000003c is an unknown value
RSI=0x0000000000000000 is an unknown value
RDI=0x0000000000000000 is an unknown value
R8 =0x0000000000000000 is an unknown value
R9 =0x0000000000000000 is an unknown value
R10=0x0000000000000000 is an unknown value
R11=0x00000000596879f0 is an unknown value
R12=0x0000000000000000 is an unknown value
R13=0x000000000259e4a8 is pointing into the stack for thread: 0x000000000215e000
R14=0x000000000259e370 is pointing into the stack for thread: 0x000000000215e000
R15=0x000000000215e000 is a thread


Stack: [0x00000000024a0000,0x00000000025a0000],  sp=0x000000000259e1e0,  free space=1016k
Native frames: (J=compiled Java code, j=interpreted, Vv=VM code, C=native code)
C  [ig4icd64.dll+0x2103a7]
C  [ig4icd64.dll+0xa422d]
C  [ig4icd64.dll+0x16e0e9]
C  [ig4icd64.dll+0x16e925]
C  0x0000000002bff4f3

Java frames: (J=compiled Java code, j=interpreted, Vv=VM code)
J 977  org.lwjgl.opengl.GL11.nglVertex3d(DDDJ)V (0 bytes) @ 0x0000000002bff451 [0x0000000002bff400+0x51]
J 976 C1 util.Vec3.glVertex()V (16 bytes) @ 0x0000000002c06914 [0x0000000002c06480+0x494]
j  graphics.Graphics3D.drawSpriteFast(Lgraphics/data/Texture;Lutil/Vec3;Lutil/Vec3;Lutil/Vec3;Lutil/Vec3;Lutil/Vec3;)V+15
j  invisibleman.Tile.draw3D()V+134
j  invisibleman.Client$$Lambda$130.accept(Ljava/lang/Object;)V+4
j  java.util.stream.ForEachOps$ForEachOp$OfRef.accept(Ljava/lang/Object;)V+5
j  java.util.stream.ForEachOps$ForEachOp$OfRef.accept(Ljava/lang/Object;)V+5
j  java.util.stream.IntPipeline$4$1.accept(I)V+17
j  java.util.stream.Streams$RangeIntSpliterator.forEachRemaining(Ljava/util/function/IntConsumer;)V+44
j  java.util.Spliterator$OfInt.forEachRemaining(Ljava/util/function/Consumer;)V+12
j  java.util.stream.AbstractPipeline.copyInto(Ljava/util/stream/Sink;Ljava/util/Spliterator;)V+32
j  java.util.stream.AbstractPipeline.wrapAndCopyInto(Ljava/util/stream/Sink;Ljava/util/Spliterator;)Ljava/util/stream/Sink;+13
j  java.util.stream.ForEachOps$ForEachOp.evaluateSequential(Ljava/util/stream/PipelineHelper;Ljava/util/Spliterator;)Ljava/lang/Void;+3
j  java.util.stream.ForEachOps$ForEachOp$OfRef.evaluateSequential(Ljava/util/stream/PipelineHelper;Ljava/util/Spliterator;)Ljava/lang/Object;+3
j  java.util.stream.AbstractPipeline.evaluate(Ljava/util/stream/TerminalOp;)Ljava/lang/Object;+88
j  java.util.stream.ReferencePipeline.forEach(Ljava/util/function/Consumer;)V+6
j  java.util.stream.ReferencePipeline$7$1.accept(Ljava/lang/Object;)V+36
j  java.util.stream.IntPipeline$4$1.accept(I)V+17
j  java.util.stream.Streams$RangeIntSpliterator.forEachRemaining(Ljava/util/function/IntConsumer;)V+44
j  java.util.Spliterator$OfInt.forEachRemaining(Ljava/util/function/Consumer;)V+12
j  java.util.stream.AbstractPipeline.copyInto(Ljava/util/stream/Sink;Ljava/util/Spliterator;)V+32
j  java.util.stream.AbstractPipeline.wrapAndCopyInto(Ljava/util/stream/Sink;Ljava/util/Spliterator;)Ljava/util/stream/Sink;+13
j  java.util.stream.ForEachOps$ForEachOp.evaluateSequential(Ljava/util/stream/PipelineHelper;Ljava/util/Spliterator;)Ljava/lang/Void;+3
j  java.util.stream.ForEachOps$ForEachOp$OfRef.evaluateSequential(Ljava/util/stream/PipelineHelper;Ljava/util/Spliterator;)Ljava/lang/Object;+3
j  java.util.stream.AbstractPipeline.evaluate(Ljava/util/stream/TerminalOp;)Ljava/lang/Object;+88
j  java.util.stream.ReferencePipeline.forEach(Ljava/util/function/Consumer;)V+6
j  invisibleman.Client.lambda$setupGraphics$19()V+30
j  invisibleman.Client$$Lambda$81.run()V+0
j  engine.EventStream.lambda$onEvent$14(Ljava/lang/Runnable;Lengine/EventStream;)V+1
j  engine.EventStream$$Lambda$28.accept(Ljava/lang/Object;)V+8
J 1166 C1 engine.EventStream$$Lambda$29.run()V (12 bytes) @ 0x0000000002c7c28c [0x0000000002c7c140+0x14c]
J 1161 C1 engine.EventStream$$Lambda$92.accept(Ljava/lang/Object;)V (10 bytes) @ 0x0000000002c73934 [0x0000000002c73740+0x1f4]
J 1068 C1 java.util.ArrayList.forEach(Ljava/util/function/Consumer;)V (75 bytes) @ 0x0000000002c3f104 [0x0000000002c3ef00+0x204]
J 1155 C1 engine.EventStream.sendEvent()V (27 bytes) @ 0x0000000002c7d3f4 [0x0000000002c7d140+0x2b4]
j  engine.Core$$Lambda$126.accept(Ljava/lang/Object;)V+4
j  java.lang.Iterable.forEach(Ljava/util/function/Consumer;)V+30
J 1125% C1 engine.Core.run()V (114 bytes) @ 0x0000000002c6d1d4 [0x0000000002c6c960+0x874]
j  invisibleman.Client.main([Ljava/lang/String;)V+207
v  ~StubRoutines::call_stub

---------------  P R O C E S S  ---------------

Java Threads: ( => current thread )
  0x00000000564ae000 JavaThread "AWT-Windows" daemon [_thread_in_native, id=4408, stack(0x000000005b5c0000,0x000000005b6c0000)]
  0x00000000564a6000 JavaThread "Java2D Disposer" daemon [_thread_blocked, id=4620, stack(0x000000005b450000,0x000000005b550000)]
  0x00000000563f1800 JavaThread "Thread-0" [_thread_in_native, id=2872, stack(0x0000000056c10000,0x0000000056d10000)]
  0x00000000560f8800 JavaThread "Service Thread" daemon [_thread_blocked, id=3600, stack(0x00000000565a0000,0x00000000566a0000)]
  0x0000000054cdc800 JavaThread "C1 CompilerThread1" daemon [_thread_blocked, id=3508, stack(0x0000000055fe0000,0x00000000560e0000)]
  0x0000000054cd8000 JavaThread "C2 CompilerThread0" daemon [_thread_blocked, id=3468, stack(0x0000000055d10000,0x0000000055e10000)]
  0x0000000054cd6800 JavaThread "Attach Listener" daemon [_thread_blocked, id=2728, stack(0x0000000055ba0000,0x0000000055ca0000)]
  0x0000000054cd5000 JavaThread "Signal Dispatcher" daemon [_thread_blocked, id=5020, stack(0x0000000055a90000,0x0000000055b90000)]
  0x0000000054c7c000 JavaThread "Finalizer" daemon [_thread_blocked, id=3264, stack(0x0000000055880000,0x0000000055980000)]
  0x0000000054c72800 JavaThread "Reference Handler" daemon [_thread_blocked, id=3960, stack(0x00000000556a0000,0x00000000557a0000)]
=>0x000000000215e000 JavaThread "main" [_thread_in_native, id=2672, stack(0x00000000024a0000,0x00000000025a0000)]

Other Threads:
  0x0000000054c6d000 VMThread [stack: 0x00000000554b0000,0x00000000555b0000] [id=3824]
  0x00000000560fb800 WatcherThread [stack: 0x0000000055ed0000,0x0000000055fd0000] [id=4104]

VM state:not at safepoint (normal execution)

VM Mutex/Monitor currently owned by a thread: None

Heap:
 PSYoungGen      total 67072K, used 9031K [0x00000000eb800000, 0x00000000efe00000, 0x0000000100000000)
  eden space 63488K, 10% used [0x00000000eb800000,0x00000000ebe8df10,0x00000000ef600000)
  from space 3584K, 64% used [0x00000000efa80000,0x00000000efcc4010,0x00000000efe00000)
  to   space 4096K, 0% used [0x00000000ef600000,0x00000000ef600000,0x00000000efa00000)
 ParOldGen       total 42496K, used 26287K [0x00000000c2800000, 0x00000000c5180000, 0x00000000eb800000)
  object space 42496K, 61% used [0x00000000c2800000,0x00000000c41abeb0,0x00000000c5180000)
 Metaspace       used 10804K, capacity 11401K, committed 11648K, reserved 1058816K
  class space    used 1163K, capacity 1299K, committed 1408K, reserved 1048576K

Card table byte_map: [0x0000000011c30000,0x0000000011e20000] byte_map_base: 0x000000001161c000

Marking Bits: (ParMarkBitMap*) 0x0000000071dca5b0
 Begin Bits: [0x0000000012290000, 0x00000000131f0000)
 End Bits:   [0x00000000131f0000, 0x0000000014150000)

Polling page: 0x0000000000330000

CodeCache: size=245760Kb used=4204Kb max_used=4211Kb free=241555Kb
 bounds [0x0000000002870000, 0x0000000002c90000, 0x0000000011870000]
 total_blobs=1748 nmethods=1192 adapters=471
 compilation: enabled

Compilation events (10 events):
Event: 3.067 Thread 0x0000000054cdc800 1189       3       java.lang.invoke.LambdaForm::returnType (26 bytes)
Event: 3.068 Thread 0x0000000054cdc800 nmethod 1189 0x0000000002c8a450 code [0x0000000002c8a5c0, 0x0000000002c8a790]
Event: 3.072 Thread 0x0000000054cdc800 1191  s    3       java.util.Vector::addElement (38 bytes)
Event: 3.073 Thread 0x0000000054cdc800 nmethod 1191 0x0000000002c8a890 code [0x0000000002c8aa20, 0x0000000002c8af28]
Event: 3.140 Thread 0x0000000054cd8000 1192       4       sun.java2d.pipe.Region::getIntersectionXYXY (108 bytes)
Event: 3.141 Thread 0x0000000054cd8000 nmethod 1192 0x0000000002c8e050 code [0x0000000002c8e1a0, 0x0000000002c8e2b8]
Event: 3.146 Thread 0x0000000054cdc800 1193       1       java.nio.charset.CharsetEncoder::implReset (1 bytes)
Event: 3.146 Thread 0x0000000054cdc800 nmethod 1193 0x0000000002c8dd90 code [0x0000000002c8dee0, 0x0000000002c8dff0]
Event: 3.147 Thread 0x0000000054cdc800 1194       3       org.lwjgl.opengl.GL11::glTexCoord2d (25 bytes)
Event: 3.147 Thread 0x0000000054cdc800 nmethod 1194 0x0000000002c8cc90 code [0x0000000002c8ce60, 0x0000000002c8d578]

GC Heap History (10 events):
Event: 2.182 GC heap before
{Heap before GC invocations=2 (full 0):
 PSYoungGen      total 18432K, used 18416K [0x00000000eb800000, 0x00000000ecc80000, 0x0000000100000000)
  eden space 15872K, 100% used [0x00000000eb800000,0x00000000ec780000,0x00000000ec780000)
  from space 2560K, 99% used [0x00000000ec780000,0x00000000ec9fc020,0x00000000eca00000)
  to   space 2560K, 0% used [0x00000000eca00000,0x00000000eca00000,0x00000000ecc80000)
 ParOldGen       total 42496K, used 1695K [0x00000000c2800000, 0x00000000c5180000, 0x00000000eb800000)
  object space 42496K, 3% used [0x00000000c2800000,0x00000000c29a7e50,0x00000000c5180000)
 Metaspace       used 9441K, capacity 9689K, committed 9856K, reserved 1058816K
  class space    used 997K, capacity 1075K, committed 1152K, reserved 1048576K
Event: 2.196 GC heap after
Heap after GC invocations=2 (full 0):
 PSYoungGen      total 18432K, used 1872K [0x00000000eb800000, 0x00000000edc00000, 0x0000000100000000)
  eden space 15872K, 0% used [0x00000000eb800000,0x00000000eb800000,0x00000000ec780000)
  from space 2560K, 73% used [0x00000000eca00000,0x00000000ecbd4010,0x00000000ecc80000)
  to   space 2560K, 0% used [0x00000000ec780000,0x00000000ec780000,0x00000000eca00000)
 ParOldGen       total 42496K, used 1703K [0x00000000c2800000, 0x00000000c5180000, 0x00000000eb800000)
  object space 42496K, 4% used [0x00000000c2800000,0x00000000c29a9e50,0x00000000c5180000)
 Metaspace       used 9441K, capacity 9689K, committed 9856K, reserved 1058816K
  class space    used 997K, capacity 1075K, committed 1152K, reserved 1048576K
}
Event: 2.650 GC heap before
{Heap before GC invocations=3 (full 0):
 PSYoungGen      total 18432K, used 14761K [0x00000000eb800000, 0x00000000edc00000, 0x0000000100000000)
  eden space 15872K, 81% used [0x00000000eb800000,0x00000000ec4965e0,0x00000000ec780000)
  from space 2560K, 73% used [0x00000000eca00000,0x00000000ecbd4010,0x00000000ecc80000)
  to   space 2560K, 0% used [0x00000000ec780000,0x00000000ec780000,0x00000000eca00000)
 ParOldGen       total 42496K, used 1703K [0x00000000c2800000, 0x00000000c5180000, 0x00000000eb800000)
  object space 42496K, 4% used [0x00000000c2800000,0x00000000c29a9e50,0x00000000c5180000)
 Metaspace       used 10297K, capacity 10635K, committed 10752K, reserved 1058816K
  class space    used 1087K, capacity 1206K, committed 1280K, reserved 1048576K
Event: 2.663 GC heap after
Heap after GC invocations=3 (full 0):
 PSYoungGen      total 18432K, used 1968K [0x00000000eb800000, 0x00000000edc00000, 0x0000000100000000)
  eden space 15872K, 0% used [0x00000000eb800000,0x00000000eb800000,0x00000000ec780000)
  from space 2560K, 76% used [0x00000000ec780000,0x00000000ec96c010,0x00000000eca00000)
  to   space 2560K, 0% used [0x00000000ed980000,0x00000000ed980000,0x00000000edc00000)
 ParOldGen       total 42496K, used 9895K [0x00000000c2800000, 0x00000000c5180000, 0x00000000eb800000)
  object space 42496K, 23% used [0x00000000c2800000,0x00000000c31a9e70,0x00000000c5180000)
 Metaspace       used 10297K, capacity 10635K, committed 10752K, reserved 1058816K
  class space    used 1087K, capacity 1206K, committed 1280K, reserved 1048576K
}
Event: 2.719 GC heap before
{Heap before GC invocations=4 (full 0):
 PSYoungGen      total 18432K, used 17840K [0x00000000eb800000, 0x00000000edc00000, 0x0000000100000000)
  eden space 15872K, 100% used [0x00000000eb800000,0x00000000ec780000,0x00000000ec780000)
  from space 2560K, 76% used [0x00000000ec780000,0x00000000ec96c010,0x00000000eca00000)
  to   space 2560K, 0% used [0x00000000ed980000,0x00000000ed980000,0x00000000edc00000)
 ParOldGen       total 42496K, used 9895K [0x00000000c2800000, 0x00000000c5180000, 0x00000000eb800000)
  object space 42496K, 23% used [0x00000000c2800000,0x00000000c31a9e70,0x00000000c5180000)
 Metaspace       used 10301K, capacity 10635K, committed 10752K, reserved 1058816K
  class space    used 1087K, capacity 1206K, committed 1280K, reserved 1048576K
Event: 2.732 GC heap after
Heap after GC invocations=4 (full 0):
 PSYoungGen      total 34304K, used 1936K [0x00000000eb800000, 0x00000000edc00000, 0x0000000100000000)
  eden space 31744K, 0% used [0x00000000eb800000,0x00000000eb800000,0x00000000ed700000)
  from space 2560K, 75% used [0x00000000ed980000,0x00000000edb64010,0x00000000edc00000)
  to   space 2560K, 0% used [0x00000000ed700000,0x00000000ed700000,0x00000000ed980000)
 ParOldGen       total 42496K, used 18087K [0x00000000c2800000, 0x00000000c5180000, 0x00000000eb800000)
  object space 42496K, 42% used [0x00000000c2800000,0x00000000c39a9e90,0x00000000c5180000)
 Metaspace       used 10301K, capacity 10635K, committed 10752K, reserved 1058816K
  class space    used 1087K, capacity 1206K, committed 1280K, reserved 1048576K
}
Event: 2.871 GC heap before
{Heap before GC invocations=5 (full 0):
 PSYoungGen      total 34304K, used 33680K [0x00000000eb800000, 0x00000000edc00000, 0x0000000100000000)
  eden space 31744K, 100% used [0x00000000eb800000,0x00000000ed700000,0x00000000ed700000)
  from space 2560K, 75% used [0x00000000ed980000,0x00000000edb64010,0x00000000edc00000)
  to   space 2560K, 0% used [0x00000000ed700000,0x00000000ed700000,0x00000000ed980000)
 ParOldGen       total 42496K, used 18087K [0x00000000c2800000, 0x00000000c5180000, 0x00000000eb800000)
  object space 42496K, 42% used [0x00000000c2800000,0x00000000c39a9e90,0x00000000c5180000)
 Metaspace       used 10316K, capacity 10635K, committed 10752K, reserved 1058816K
  class space    used 1090K, capacity 1206K, committed 1280K, reserved 1048576K
Event: 2.885 GC heap after
Heap after GC invocations=5 (full 0):
 PSYoungGen      total 34304K, used 1968K [0x00000000eb800000, 0x00000000eff00000, 0x0000000100000000)
  eden space 31744K, 0% used [0x00000000eb800000,0x00000000eb800000,0x00000000ed700000)
  from space 2560K, 76% used [0x00000000ed700000,0x00000000ed8ec010,0x00000000ed980000)
  to   space 4608K, 0% used [0x00000000efa80000,0x00000000efa80000,0x00000000eff00000)
 ParOldGen       total 42496K, used 26279K [0x00000000c2800000, 0x00000000c5180000, 0x00000000eb800000)
  object space 42496K, 61% used [0x00000000c2800000,0x00000000c41a9eb0,0x00000000c5180000)
 Metaspace       used 10316K, capacity 10635K, committed 10752K, reserved 1058816K
  class space    used 1090K, capacity 1206K, committed 1280K, reserved 1048576K
}
Event: 2.971 GC heap before
{Heap before GC invocations=6 (full 0):
 PSYoungGen      total 34304K, used 33712K [0x00000000eb800000, 0x00000000eff00000, 0x0000000100000000)
  eden space 31744K, 100% used [0x00000000eb800000,0x00000000ed700000,0x00000000ed700000)
  from space 2560K, 76% used [0x00000000ed700000,0x00000000ed8ec010,0x00000000ed980000)
  to   space 4608K, 0% used [0x00000000efa80000,0x00000000efa80000,0x00000000eff00000)
 ParOldGen       total 42496K, used 26279K [0x00000000c2800000, 0x00000000c5180000, 0x00000000eb800000)
  object space 42496K, 61% used [0x00000000c2800000,0x00000000c41a9eb0,0x00000000c5180000)
 Metaspace       used 10366K, capacity 10763K, committed 11008K, reserved 1058816K
  class space    used 1099K, capacity 1218K, committed 1280K, reserved 1048576K
Event: 2.979 GC heap after
Heap after GC invocations=6 (full 0):
 PSYoungGen      total 67072K, used 2320K [0x00000000eb800000, 0x00000000efe00000, 0x0000000100000000)
  eden space 63488K, 0% used [0x00000000eb800000,0x00000000eb800000,0x00000000ef600000)
  from space 3584K, 64% used [0x00000000efa80000,0x00000000efcc4010,0x00000000efe00000)
  to   space 4096K, 0% used [0x00000000ef600000,0x00000000ef600000,0x00000000efa00000)
 ParOldGen       total 42496K, used 26287K [0x00000000c2800000, 0x00000000c5180000, 0x00000000eb800000)
  object space 42496K, 61% used [0x00000000c2800000,0x00000000c41abeb0,0x00000000c5180000)
 Metaspace       used 10366K, capacity 10763K, committed 11008K, reserved 1058816K
  class space    used 1099K, capacity 1218K, committed 1280K, reserved 1048576K
}

Deoptimization events (6 events):
Event: 1.622 Thread 0x000000000215e000 Uncommon trap: reason=unstable_if action=reinterpret pc=0x0000000002a28308 method=org.lwjgl.opengl.WindowsDisplay.setIcon([Ljava/nio/ByteBuffer;)I @ 189
Event: 1.800 Thread 0x000000000215e000 Uncommon trap: reason=null_check action=make_not_entrant pc=0x00000000029e2128 method=java.lang.String.equals(Ljava/lang/Object;)Z @ 8
Event: 1.847 Thread 0x000000000215e000 Uncommon trap: reason=unstable_if action=reinterpret pc=0x0000000002a59080 method=java.lang.String.indexOf([CII[CIII)I @ 134
Event: 1.954 Thread 0x000000000215e000 Uncommon trap: reason=unstable_if action=reinterpret pc=0x0000000002acc440 method=sun.java2d.loops.GraphicsPrimitiveMgr.locate(Lsun/java2d/loops/GraphicsPrimitiveMgr$PrimitiveSpec;)Lsun/java2d/loops/GraphicsPrimitive; @ 85
Event: 2.324 Thread 0x000000000215e000 Uncommon trap: reason=unstable_if action=reinterpret pc=0x0000000002b00fec method=java.awt.image.ComponentColorModel.getDataElements(ILjava/lang/Object;)Ljava/lang/Object; @ 30
Event: 2.387 Thread 0x000000000215e000 Uncommon trap: reason=unstable_if action=reinterpret pc=0x0000000002b80d5c method=java.io.BufferedReader.readLine(Z)Ljava/lang/String; @ 153

Internal exceptions (10 events):
Event: 0.570 Thread 0x000000000215e000 Exception <a 'java/lang/NoSuchFieldError': method resolution failed> (0x00000000eba15a38) thrown at [C:\workspace\8-2-build-windows-amd64-cygwin\jdk8u65\4987\hotspot\src\share\vm\prims\methodHandles.cpp, line 1146]
Event: 0.619 Thread 0x000000000215e000 Exception <a 'java/security/PrivilegedActionException'> (0x00000000ebb1efc8) thrown at [C:\workspace\8-2-build-windows-amd64-cygwin\jdk8u65\4987\hotspot\src\share\vm\prims\jvm.cpp, line 1386]
Event: 0.619 Thread 0x000000000215e000 Exception <a 'java/security/PrivilegedActionException'> (0x00000000ebb1f3c0) thrown at [C:\workspace\8-2-build-windows-amd64-cygwin\jdk8u65\4987\hotspot\src\share\vm\prims\jvm.cpp, line 1386]
Event: 0.620 Thread 0x000000000215e000 Exception <a 'java/security/PrivilegedActionException'> (0x00000000ebb233f0) thrown at [C:\workspace\8-2-build-windows-amd64-cygwin\jdk8u65\4987\hotspot\src\share\vm\prims\jvm.cpp, line 1386]
Event: 0.620 Thread 0x000000000215e000 Exception <a 'java/security/PrivilegedActionException'> (0x00000000ebb237e8) thrown at [C:\workspace\8-2-build-windows-amd64-cygwin\jdk8u65\4987\hotspot\src\share\vm\prims\jvm.cpp, line 1386]
Event: 1.745 Thread 0x000000000215e000 Exception <a 'java/io/FileNotFoundException'> (0x00000000ebe5c4d8) thrown at [C:\workspace\8-2-build-windows-amd64-cygwin\jdk8u65\4987\hotspot\src\share\vm\prims\jni.cpp, line 709]
Event: 1.777 Thread 0x000000000215e000 Exception <a 'java/io/FileNotFoundException'> (0x00000000ebe9a388) thrown at [C:\workspace\8-2-build-windows-amd64-cygwin\jdk8u65\4987\hotspot\src\share\vm\prims\jni.cpp, line 709]
Event: 1.800 Thread 0x000000000215e000 Implicit null exception at 0x00000000029e1f52 to 0x00000000029e2119
Event: 2.209 Thread 0x000000000215e000 Exception <a 'java/lang/IncompatibleClassChangeError': Found class java.lang.Object, but interface was expected> (0x00000000eb8a0690) thrown at [C:\workspace\8-2-build-windows-amd64-cygwin\jdk8u65\4987\hotspot\src\share\vm\interpreter\linkResolver.cpp, lin
Event: 2.210 Thread 0x000000000215e000 Exception <a 'java/lang/IncompatibleClassChangeError': Found class java.lang.Object, but interface was expected> (0x00000000eb8a6d58) thrown at [C:\workspace\8-2-build-windows-amd64-cygwin\jdk8u65\4987\hotspot\src\share\vm\interpreter\linkResolver.cpp, linKÍ˜ˆü<â?

Events (10 events):
Event: 3.066 loading class invisibleman/Tile
Event: 3.066 loading class invisibleman/Tile done
Event: 3.073 loading class sun/nio/cs/ISO_8859_1$Decoder
Event: 3.073 loading class sun/nio/cs/ISO_8859_1$Decoder done
Event: 3.073 loading class javax/imageio/ImageTypeSpecifier$Indexed
Event: 3.133 loading class javax/imageio/ImageTypeSpecifier$Indexed done
Event: 3.133 loading class sun/awt/image/BytePackedRaster
Event: 3.133 loading class sun/awt/image/BytePackedRaster done
Event: 3.146 loading class graphics/Graphics3D
Event: 3.146 loading class graphics/Graphics3D done


Dynamic libraries:
0x000000013fc30000 - 0x000000013fc67000 	C:\Program Files\Java\jdk1.8.0_65\bin\java.exe
0x0000000077560000 - 0x0000000077709000 	C:\Windows\SYSTEM32\ntdll.dll
0x0000000077340000 - 0x000000007745f000 	C:\Windows\system32\kernel32.dll
0x000007fefd5c0000 - 0x000007fefd62c000 	C:\Windows\system32\KERNELBASE.dll
0x000007fefeca0000 - 0x000007fefed7b000 	C:\Windows\system32\ADVAPI32.dll
0x000007fefeaf0000 - 0x000007fefeb8f000 	C:\Windows\system32\msvcrt.dll
0x000007feff850000 - 0x000007feff86f000 	C:\Windows\SYSTEM32\sechost.dll
0x000007fefd6d0000 - 0x000007fefd7fd000 	C:\Windows\system32\RPCRT4.dll
0x0000000077460000 - 0x000000007755a000 	C:\Windows\system32\USER32.dll
0x000007fefeff0000 - 0x000007feff057000 	C:\Windows\system32\GDI32.dll
0x000007feff0e0000 - 0x000007feff0ee000 	C:\Windows\system32\LPK.dll
0x000007fefe810000 - 0x000007fefe8d9000 	C:\Windows\system32\USP10.dll
0x000007fefbc00000 - 0x000007fefbdf4000 	C:\Windows\WinSxS\amd64_microsoft.windows.common-controls_6595b64144ccf1df_6.0.7601.18837_none_fa3b1e3d17594757\COMCTL32.dll
0x000007feff060000 - 0x000007feff0d1000 	C:\Windows\system32\SHLWAPI.dll
0x000007feff550000 - 0x000007feff57e000 	C:\Windows\system32\IMM32.DLL
0x000007fefeb90000 - 0x000007fefec99000 	C:\Windows\system32\MSCTF.dll
0x0000000073f90000 - 0x0000000074062000 	C:\Program Files\Java\jdk1.8.0_65\jre\bin\msvcr100.dll
0x00000000715c0000 - 0x0000000071e49000 	C:\Program Files\Java\jdk1.8.0_65\jre\bin\server\jvm.dll
0x000007fefb210000 - 0x000007fefb219000 	C:\Windows\system32\WSOCK32.dll
0x000007fefefa0000 - 0x000007fefefed000 	C:\Windows\system32\WS2_32.dll
0x000007fefef90000 - 0x000007fefef98000 	C:\Windows\system32\NSI.dll
0x000007fef9e60000 - 0x000007fef9e9b000 	C:\Windows\system32\WINMM.dll
0x000007fefc3a0000 - 0x000007fefc3ac000 	C:\Windows\system32\VERSION.dll
0x0000000077720000 - 0x0000000077727000 	C:\Windows\system32\PSAPI.DLL
0x0000000074e20000 - 0x0000000074e2f000 	C:\Program Files\Java\jdk1.8.0_65\jre\bin\verify.dll
0x0000000074aa0000 - 0x0000000074ac9000 	C:\Program Files\Java\jdk1.8.0_65\jre\bin\java.dll
0x0000000074a40000 - 0x0000000074a56000 	C:\Program Files\Java\jdk1.8.0_65\jre\bin\zip.dll
0x000007fefd800000 - 0x000007fefe589000 	C:\Windows\system32\SHELL32.dll
0x000007fefe8e0000 - 0x000007fefeae3000 	C:\Windows\system32\ole32.dll
0x000007fefd310000 - 0x000007fefd31f000 	C:\Windows\system32\profapi.dll
0x0000000074650000 - 0x000000007466a000 	C:\Program Files\Java\jdk1.8.0_65\jre\bin\net.dll
0x000007fefcab0000 - 0x000007fefcb05000 	C:\Windows\system32\mswsock.dll
0x000007fefcaa0000 - 0x000007fefcaa7000 	C:\Windows\System32\wship6.dll
0x000007fefc470000 - 0x000007fefc477000 	C:\Windows\System32\wshtcpip.dll
0x000007fefc930000 - 0x000007fefc98b000 	C:\Windows\system32\DNSAPI.dll
0x000007fef8980000 - 0x000007fef89af000 	C:\Program Files\Common Files\Microsoft Shared\Windows Live\WLIDNSP.DLL
0x000007fef9bf0000 - 0x000007fef9c17000 	C:\Windows\system32\IPHLPAPI.DLL
0x000007fef9bb0000 - 0x000007fef9bbb000 	C:\Windows\system32\WINNSI.DLL
0x000007fef8970000 - 0x000007fef8978000 	C:\Windows\system32\rasadhlp.dll
0x000007fef9b50000 - 0x000007fef9ba3000 	C:\Windows\System32\fwpuclnt.dll
0x0000000180000000 - 0x0000000180051000 	G:\OGPC 2016\OGPC 2016 Java\natives\lwjgl64.dll
0x000007fef20a0000 - 0x000007fef21bd000 	C:\Windows\system32\OPENGL32.dll
0x000007fef7e30000 - 0x000007fef7e5d000 	C:\Windows\system32\GLU32.dll
0x000007fef1cc0000 - 0x000007fef1db1000 	C:\Windows\system32\DDRAW.dll
0x000007fefbe60000 - 0x000007fefbe68000 	C:\Windows\system32\DCIMAN32.dll
0x000007fefe630000 - 0x000007fefe807000 	C:\Windows\system32\SETUPAPI.dll
0x000007fefd3e0000 - 0x000007fefd416000 	C:\Windows\system32\CFGMGR32.dll
0x000007feff190000 - 0x000007feff267000 	C:\Windows\system32\OLEAUT32.dll
0x000007fefd370000 - 0x000007fefd38a000 	C:\Windows\system32\DEVOBJ.dll
0x000007fefb640000 - 0x000007fefb658000 	C:\Windows\system32\dwmapi.dll
0x000007fefbba0000 - 0x000007fefbbf6000 	C:\Windows\system32\uxtheme.dll
0x0000000056e80000 - 0x0000000057d75000 	C:\Windows\system32\ig4icd64.dll
0x000007fefd1b0000 - 0x000007fefd1bf000 	C:\Windows\system32\CRYPTBASE.dll
0x000007fef6030000 - 0x000007fef60cc000 	C:\Windows\system32\mscms.dll
0x000007fefd350000 - 0x000007fefd36e000 	C:\Windows\system32\USERENV.dll
0x000007fef77b0000 - 0x000007fef77f2000 	C:\Windows\system32\icm32.dll
0x00000000738b0000 - 0x0000000073a48000 	C:\Program Files\Java\jdk1.8.0_65\jre\bin\awt.dll
0x00000000745e0000 - 0x0000000074627000 	C:\Program Files\Java\jdk1.8.0_65\jre\bin\fontmanager.dll
0x0000000074630000 - 0x0000000074641000 	C:\Program Files\Java\jdk1.8.0_65\jre\bin\nio.dll
0x0000000074590000 - 0x00000000745d2000 	C:\Program Files\Java\jdk1.8.0_65\jre\bin\t2k.dll
0x000007fef6d90000 - 0x000007fef6eb5000 	C:\Windows\system32\dbghelp.dll

VM Arguments:
jvm_args: -Dfile.encoding=UTF-8 
java_command: invisibleman.Client
java_class_path (initial): G:\Forge\library-jars\Forge.jar;G:\Forge\library-jars\jfxrt.jar;G:\Forge\library-jars\jinput.jar;G:\Forge\library-jars\lwjgl.jar;G:\Forge\library-jars\lwjgl_util.jar;G:\Forge\library-jars\slick-util.jar;G:\LWJGL\jar\jinput.jar;G:\LWJGL\jar\lwjgl.jar;G:\LWJGL\jar\lwjgl_util.jar;G:\LWJGL\jar\slick-util.jar;G:\OGPC 2016\OGPC 2016 Java\build\classes
Launcher Type: SUN_STANDARD

Environment Variables:
PATH=C:\Program Files\Common Files\Microsoft Shared\Windows Live;C:\Program Files (x86)\Common Files\Microsoft Shared\Windows Live;C:\ProgramData\Oracle\Java\javapath;C:\Windows\system32;C:\Windows;C:\Windows\System32\Wbem;C:\Windows\System32\WindowsPowerShell\v1.0\;C:\Program Files (x86)\Intel\OpenCL SDK\2.0\bin\x86;C:\Program Files (x86)\Intel\OpenCL SDK\2.0\bin\x64;C:\Program Files (x86)\QuickTime\QTSystem\;C:\Program Files (x86)\Windows Live\Shared
USERNAME=RSoiffer16
OS=Windows_NT
PROCESSOR_IDENTIFIER=Intel64 Family 6 Model 23 Stepping 10, GenuineIntel



---------------  S Y S T E M  ---------------

OS: Windows 7 , 64 bit Build 7601 (6.1.7601.18933)

CPU:total 2 (2 cores per cpu, 1 threads per core) family 6 model 23 stepping 10, cmov, cx8, fxsr, mmx, sse, sse2, sse3, ssse3, sse4.1, tsc

Memory: 4k page, physical 4025952k(1746820k free), swap 8050064k(5066680k free)

vm_info: Java HotSpot(TM) 64-Bit Server VM (25.65-b01) for windows-amd64 JRE (1.8.0_65-b17), built on Oct  6 2015 16:39:20 by "java_re" with MS VC++ 10.0 (VS2010)

time: Thu Mar 10 11:57:31 2016
elapsed time: 3 seconds (0d 0h 0m 3s)

