#
# A fatal error has been detected by the Java Runtime Environment:
#
#  EXCEPTION_ACCESS_VIOLATION (0xc0000005) at pc=0x000000001aa6d184, pid=3692, tid=10036
#
# JRE version: Java(TM) SE Runtime Environment (8.0_51-b16) (build 1.8.0_51-b16)
# Java VM: Java HotSpot(TM) 64-Bit Server VM (25.51-b03 mixed mode windows-amd64 compressed oops)
# Problematic frame:
# C  [ig7icd64.dll+0x1d184]
#
# Failed to write core dump. Minidumps are not enabled by default on client versions of Windows
#
# If you would like to submit a bug report, please visit:
#   http://bugreport.java.com/bugreport/crash.jsp
# The crash happened outside the Java Virtual Machine in native code.
# See problematic frame for where to report the bug.
#

---------------  T H R E A D  ---------------

Current thread (0x0000000002c8d800):  JavaThread "main" [_thread_in_native, id=10036, stack(0x00000000029f0000,0x0000000002af0000)]

siginfo: ExceptionCode=0xc0000005, writing address 0x000000001a7ea000

Registers:
RAX=0x0000000000000001, RBX=0x000000001b20e680, RCX=0x000000001a7ea010, RDX=0x000000001f744860
RSP=0x0000000002aee240, RBP=0x0000000000000000, RSI=0x000000001d7a0090, RDI=0x000000001f744500
R8 =0x0000000000000020, R9 =0x0000000000000000, R10=0x0000000000000001, R11=0x0000000000000002
R12=0x0000000000000000, R13=0x000000001f7012d0, R14=0x000000001d7a1da0, R15=0x0000000000000000
RIP=0x000000001aa6d184, EFLAGS=0x0000000000010206

Top of Stack: (sp=0x0000000002aee240)
0x0000000002aee240:   000000001b20e680 0000000002aee434
0x0000000002aee250:   0000000000000000 0000000020000000
0x0000000002aee260:   4448000044960000 3f8000003f800000
0x0000000002aee270:   010000007a000003 0000000000000000
0x0000000002aee280:   0000000000000000 000000001ac70ac8
0x0000000002aee290:   000000001b20e680 000000001ada3bff
0x0000000002aee2a0:   00018981780e0000 000000001b20e680
0x0000000002aee2b0:   000000000106c4c0 0000000000000000
0x0000000002aee2c0:   000000001f744850 0000000000000000
0x0000000002aee2d0:   0000000000000000 0000000000000000
0x0000000002aee2e0:   0000000022f11960 0000000000000002
0x0000000002aee2f0:   0000000000000002 000000002301ffe0
0x0000000002aee300:   000000001b20e680 000000001f74465c
0x0000000002aee310:   000000001f744500 000000001aca2a54
0x0000000002aee320:   0000000002aee3b9 0000000022f50501
0x0000000002aee330:   000000001f74465c 0000000000000000 

Instructions: (pc=0x000000001aa6d184)
0x000000001aa6d164:   d1 49 c1 eb 04 4d 85 db 0f 84 24 02 00 00 f3 0f
0x000000001aa6d174:   6f 02 41 ff c2 48 83 c1 10 41 8b c2 48 83 c2 10
0x000000001aa6d184:   f3 0f 7f 41 f0 49 3b c3 72 e4 e9 03 02 00 00 48
0x000000001aa6d194:   89 7c 24 40 8b f9 83 e7 0f 74 68 48 89 5c 24 50 


Register to memory mapping:

RAX=0x0000000000000001 is an unknown value
RBX=0x000000001b20e680 is an unknown value
RCX=0x000000001a7ea010 is an unknown value
RDX=0x000000001f744860 is an unknown value
RSP=0x0000000002aee240 is pointing into the stack for thread: 0x0000000002c8d800
RBP=0x0000000000000000 is an unknown value
RSI=0x000000001d7a0090 is an unknown value
RDI=0x000000001f744500 is an unknown value
R8 =0x0000000000000020 is an unknown value
R9 =0x0000000000000000 is an unknown value
R10=0x0000000000000001 is an unknown value
R11=0x0000000000000002 is an unknown value
R12=0x0000000000000000 is an unknown value
R13=0x000000001f7012d0 is an unknown value
R14=0x000000001d7a1da0 is an unknown value
R15=0x0000000000000000 is an unknown value


Stack: [0x00000000029f0000,0x0000000002af0000],  sp=0x0000000002aee240,  free space=1016k
Native frames: (J=compiled Java code, j=interpreted, Vv=VM code, C=native code)

Java frames: (J=compiled Java code, j=interpreted, Vv=VM code)
J 1778  org.lwjgl.opengl.GL11.nglCallList(IJ)V (0 bytes) @ 0x00000000032a0404 [0x00000000032a03c0+0x44]
J 1897 C2 map.CubeMap$$Lambda$122.accept(Ljava/lang/Object;Ljava/lang/Object;)V (12 bytes) @ 0x00000000033222d8 [0x00000000033221c0+0x118]
J 2097 C2 map.Editor$$Lambda$96.run()V (4 bytes) @ 0x0000000002e24830 [0x0000000002e247a0+0x90]
J 1954 C2 engine.EventStream$$Lambda$2.accept(Ljava/lang/Object;)V (12 bytes) @ 0x000000000334e6f4 [0x000000000334e6a0+0x54]
J 1951 C2 engine.EventStream.sendEvent()V (27 bytes) @ 0x000000000334cf0c [0x000000000334cc80+0x28c]
J 1976 C2 engine.Core$$Lambda$53.accept(Ljava/lang/Object;)V (8 bytes) @ 0x00000000033543e4 [0x00000000033543a0+0x44]
J 2033 C2 java.lang.Iterable.forEach(Ljava/util/function/Consumer;)V (39 bytes) @ 0x0000000002dc64d8 [0x0000000002dc6380+0x158]
J 934% C2 engine.Core.run()V (114 bytes) @ 0x0000000002fe8de8 [0x0000000002fe8d20+0xc8]
j  map.Editor.start(Ljava/lang/String;)V+484
j  guis.Play.recieve(Ljava/lang/String;Ljava/lang/Object;)V+131
j  gui.components.GUIButton.send()V+68
j  gui.TypingManager.compOpen(Lgui/types/GUIInputComponent;)V+24
j  gui.TypingManager.lambda$null$1()V+93
j  gui.TypingManager$$Lambda$35.run()V+0
J 1013 C1 engine.EventStream$$Lambda$2.accept(Ljava/lang/Object;)V (12 bytes) @ 0x000000000300fe94 [0x000000000300fc60+0x234]
J 1008 C1 engine.EventStream$$Lambda$3.run()V (12 bytes) @ 0x000000000300ba54 [0x000000000300b900+0x154]
J 1007 C1 engine.EventStream$$Lambda$33.accept(Ljava/lang/Object;)V (10 bytes) @ 0x000000000300c004 [0x000000000300be00+0x204]
J 956 C1 java.util.ArrayList.forEach(Ljava/util/function/Consumer;)V (75 bytes) @ 0x0000000002ff898c [0x0000000002ff8780+0x20c]
J 1017 C1 engine.Signal.set(Ljava/lang/Object;)V (10 bytes) @ 0x000000000301191c [0x0000000003011580+0x39c]
j  engine.Signal.lambda$filter$27(Ljava/util/function/Predicate;Lengine/Signal;)V+18
j  engine.Signal$$Lambda$5.accept(Ljava/lang/Object;)V+12
J 1008 C1 engine.EventStream$$Lambda$3.run()V (12 bytes) @ 0x000000000300ba54 [0x000000000300b900+0x154]
J 1007 C1 engine.EventStream$$Lambda$33.accept(Ljava/lang/Object;)V (10 bytes) @ 0x000000000300c004 [0x000000000300be00+0x204]
J 956 C1 java.util.ArrayList.forEach(Ljava/util/function/Consumer;)V (75 bytes) @ 0x0000000002ff898c [0x0000000002ff8780+0x20c]
J 1017 C1 engine.Signal.set(Ljava/lang/Object;)V (10 bytes) @ 0x000000000301191c [0x0000000003011580+0x39c]
j  engine.Input.lambda$static$0()V+156
j  engine.Input$$Lambda$1.run()V+0
J 1013 C1 engine.EventStream$$Lambda$2.accept(Ljava/lang/Object;)V (12 bytes) @ 0x000000000300fe94 [0x000000000300fc60+0x234]
J 1008 C1 engine.EventStream$$Lambda$3.run()V (12 bytes) @ 0x000000000300ba54 [0x000000000300b900+0x154]
J 1007 C1 engine.EventStream$$Lambda$33.accept(Ljava/lang/Object;)V (10 bytes) @ 0x000000000300c004 [0x000000000300be00+0x204]
J 956 C1 java.util.ArrayList.forEach(Ljava/util/function/Consumer;)V (75 bytes) @ 0x0000000002ff898c [0x0000000002ff8780+0x20c]
J 1017 C1 engine.Signal.set(Ljava/lang/Object;)V (10 bytes) @ 0x000000000301191c [0x0000000003011580+0x39c]
j  engine.Core.lambda$run$36(DLengine/Signal;)V+5
j  engine.Core$$Lambda$49.accept(Ljava/lang/Object;)V+8
j  java.lang.Iterable.forEach(Ljava/util/function/Consumer;)V+30
J 934% C2 engine.Core.run()V (114 bytes) @ 0x0000000002fe8db4 [0x0000000002fe8d20+0x94]
j  invisibleman.Client.main([Ljava/lang/String;)V+139
v  ~StubRoutines::call_stub

---------------  P R O C E S S  ---------------

Java Threads: ( => current thread )
  0x0000000019f7a800 JavaThread "AWT-Windows" daemon [_thread_in_native, id=8880, stack(0x00000000200b0000,0x00000000201b0000)]
  0x0000000019f73000 JavaThread "Java2D Disposer" daemon [_thread_blocked, id=9408, stack(0x000000001feb0000,0x000000001ffb0000)]
  0x0000000019bce800 JavaThread "Service Thread" daemon [_thread_blocked, id=8028, stack(0x000000001a5a0000,0x000000001a6a0000)]
  0x0000000019be4000 JavaThread "C1 CompilerThread3" daemon [_thread_blocked, id=4292, stack(0x000000001a4a0000,0x000000001a5a0000)]
  0x0000000019bc7000 JavaThread "C2 CompilerThread2" daemon [_thread_blocked, id=4228, stack(0x000000001a3a0000,0x000000001a4a0000)]
  0x0000000019bc3800 JavaThread "C2 CompilerThread1" daemon [_thread_blocked, id=8484, stack(0x000000001a2a0000,0x000000001a3a0000)]
  0x0000000019bd3800 JavaThread "C2 CompilerThread0" daemon [_thread_blocked, id=9232, stack(0x000000001a1a0000,0x000000001a2a0000)]
  0x0000000019bd1800 JavaThread "Attach Listener" daemon [_thread_blocked, id=12072, stack(0x000000001a0a0000,0x000000001a1a0000)]
  0x0000000019bd0800 JavaThread "Signal Dispatcher" daemon [_thread_blocked, id=10872, stack(0x0000000019fa0000,0x000000001a0a0000)]
  0x0000000002c1a800 JavaThread "Finalizer" daemon [_thread_blocked, id=10468, stack(0x0000000019aa0000,0x0000000019ba0000)]
  0x0000000002c14000 JavaThread "Reference Handler" daemon [_thread_blocked, id=10576, stack(0x00000000199a0000,0x0000000019aa0000)]
=>0x0000000002c8d800 JavaThread "main" [_thread_in_native, id=10036, stack(0x00000000029f0000,0x0000000002af0000)]

Other Threads:
  0x0000000017bc9000 VMThread [stack: 0x00000000198a0000,0x00000000199a0000] [id=2508]
  0x0000000019c72000 WatcherThread [stack: 0x000000001a6a0000,0x000000001a7a0000] [id=8872]

VM state:not at safepoint (normal execution)

VM Mutex/Monitor currently owned by a thread: None

Heap:
 PSYoungGen      total 146944K, used 64525K [0x00000000d6000000, 0x00000000f8100000, 0x0000000100000000)
  eden space 146432K, 43% used [0x00000000d6000000,0x00000000d9eeb7c8,0x00000000def00000)
  from space 512K, 18% used [0x00000000f8080000,0x00000000f8098000,0x00000000f8100000)
  to   space 512K, 0% used [0x00000000f8000000,0x00000000f8000000,0x00000000f8080000)
 ParOldGen       total 86016K, used 28179K [0x0000000082000000, 0x0000000087400000, 0x00000000d6000000)
  object space 86016K, 32% used [0x0000000082000000,0x0000000083b84ea0,0x0000000087400000)
 Metaspace       used 10980K, capacity 11701K, committed 11904K, reserved 1060864K
  class space    used 1137K, capacity 1305K, committed 1408K, reserved 1048576K

Card table byte_map: [0x0000000012050000,0x0000000012450000] byte_map_base: 0x0000000011c40000

Marking Bits: (ParMarkBitMap*) 0x0000000058f24040
 Begin Bits: [0x0000000012ef0000, 0x0000000014e70000)
 End Bits:   [0x0000000014e70000, 0x0000000016df0000)

Polling page: 0x0000000001250000

CodeCache: size=245760Kb used=6161Kb max_used=7088Kb free=239599Kb
 bounds [0x0000000002c90000, 0x0000000003390000, 0x0000000011c90000]
 total_blobs=2516 nmethods=1944 adapters=485
 compilation: enabled

Compilation events (10 events):
Event: 824.239 Thread 0x0000000019be4000 2470       3       map.Editor::lambda$start$43 (98 bytes)
Event: 824.242 Thread 0x0000000019be4000 nmethod 2470 0x00000000031c1ad0 code [0x00000000031c2160, 0x00000000031c6518]
Event: 830.844 Thread 0x0000000019be4000 2471       3       map.CubeMap$$Lambda$125/306612792::<init> (20 bytes)
Event: 830.845 Thread 0x0000000019be4000 nmethod 2471 0x0000000002eb9dd0 code [0x0000000002eb9f20, 0x0000000002eba110]
Event: 918.865 Thread 0x0000000019be4000 2473       3       java.util.regex.Pattern$Branch::match (66 bytes)
Event: 918.865 Thread 0x0000000019be4000 nmethod 2473 0x0000000003115fd0 code [0x0000000003116160, 0x0000000003116638]
Event: 918.866 Thread 0x0000000019be4000 2472       3       java.util.regex.Pattern$BmpCharProperty::match (50 bytes)
Event: 918.866 Thread 0x0000000019be4000 nmethod 2472 0x0000000002ff9690 code [0x0000000002ff9820, 0x0000000002ff9cc8]
Event: 918.868 Thread 0x0000000019bd3800 2474       4       sun.nio.cs.UTF_8$Encoder::encodeLoop (28 bytes)
Event: 918.869 Thread 0x0000000019bd3800 nmethod 2474 0x0000000003342e50 code [0x0000000003342fa0, 0x00000000033430c8]

GC Heap History (10 events):
Event: 950.639 GC heap before
{Heap before GC invocations=1022 (full 0):
 PSYoungGen      total 142848K, used 142368K [0x00000000d6000000, 0x00000000f8100000, 0x0000000100000000)
  eden space 142336K, 100% used [0x00000000d6000000,0x00000000deb00000,0x00000000deb00000)
  from space 512K, 6% used [0x00000000f8000000,0x00000000f8008000,0x00000000f8080000)
  to   space 512K, 0% used [0x00000000f8080000,0x00000000f8080000,0x00000000f8100000)
 ParOldGen       total 86016K, used 28043K [0x0000000082000000, 0x0000000087400000, 0x00000000d6000000)
  object space 86016K, 32% used [0x0000000082000000,0x0000000083b62ea0,0x0000000087400000)
 Metaspace       used 10980K, capacity 11701K, committed 11904K, reserved 1060864K
  class space    used 1137K, capacity 1305K, committed 1408K, reserved 1048576K
Event: 950.639 GC heap after
Heap after GC invocations=1022 (full 0):
 PSYoungGen      total 137216K, used 160K [0x00000000d6000000, 0x00000000f8100000, 0x0000000100000000)
  eden space 136704K, 0% used [0x00000000d6000000,0x00000000d6000000,0x00000000de580000)
  from space 512K, 31% used [0x00000000f8080000,0x00000000f80a8000,0x00000000f8100000)
  to   space 512K, 0% used [0x00000000f8000000,0x00000000f8000000,0x00000000f8080000)
 ParOldGen       total 86016K, used 28043K [0x0000000082000000, 0x0000000087400000, 0x00000000d6000000)
  object space 86016K, 32% used [0x0000000082000000,0x0000000083b62ea0,0x0000000087400000)
 Metaspace       used 10980K, capacity 11701K, committed 11904K, reserved 1060864K
  class space    used 1137K, capacity 1305K, committed 1408K, reserved 1048576K
}
Event: 953.787 GC heap before
{Heap before GC invocations=1023 (full 0):
 PSYoungGen      total 137216K, used 136864K [0x00000000d6000000, 0x00000000f8100000, 0x0000000100000000)
  eden space 136704K, 100% used [0x00000000d6000000,0x00000000de580000,0x00000000de580000)
  from space 512K, 31% used [0x00000000f8080000,0x00000000f80a8000,0x00000000f8100000)
  to   space 512K, 0% used [0x00000000f8000000,0x00000000f8000000,0x00000000f8080000)
 ParOldGen       total 86016K, used 28043K [0x0000000082000000, 0x0000000087400000, 0x00000000d6000000)
  object space 86016K, 32% used [0x0000000082000000,0x0000000083b62ea0,0x0000000087400000)
 Metaspace       used 10980K, capacity 11701K, committed 11904K, reserved 1060864K
  class space    used 1137K, capacity 1305K, committed 1408K, reserved 1048576K
Event: 953.788 GC heap after
Heap after GC invocations=1023 (full 0):
 PSYoungGen      total 132096K, used 192K [0x00000000d6000000, 0x00000000f8100000, 0x0000000100000000)
  eden space 131584K, 0% used [0x00000000d6000000,0x00000000d6000000,0x00000000de080000)
  from space 512K, 37% used [0x00000000f8000000,0x00000000f8030000,0x00000000f8080000)
  to   space 512K, 0% used [0x00000000f8080000,0x00000000f8080000,0x00000000f8100000)
 ParOldGen       total 86016K, used 28075K [0x0000000082000000, 0x0000000087400000, 0x00000000d6000000)
  object space 86016K, 32% used [0x0000000082000000,0x0000000083b6aea0,0x0000000087400000)
 Metaspace       used 10980K, capacity 11701K, committed 11904K, reserved 1060864K
  class space    used 1137K, capacity 1305K, committed 1408K, reserved 1048576K
}
Event: 953.819 GC heap before
{Heap before GC invocations=1024 (full 0):
 PSYoungGen      total 132096K, used 131776K [0x00000000d6000000, 0x00000000f8100000, 0x0000000100000000)
  eden space 131584K, 100% used [0x00000000d6000000,0x00000000de080000,0x00000000de080000)
  from space 512K, 37% used [0x00000000f8000000,0x00000000f8030000,0x00000000f8080000)
  to   space 512K, 0% used [0x00000000f8080000,0x00000000f8080000,0x00000000f8100000)
 ParOldGen       total 86016K, used 28075K [0x0000000082000000, 0x0000000087400000, 0x00000000d6000000)
  object space 86016K, 32% used [0x0000000082000000,0x0000000083b6aea0,0x0000000087400000)
 Metaspace       used 10980K, capacity 11701K, committed 11904K, reserved 1060864K
  class space    used 1137K, capacity 1305K, committed 1408K, reserved 1048576K
Event: 953.820 GC heap after
Heap after GC invocations=1024 (full 0):
 PSYoungGen      total 126976K, used 96K [0x00000000d6000000, 0x00000000f8100000, 0x0000000100000000)
  eden space 126464K, 0% used [0x00000000d6000000,0x00000000d6000000,0x00000000ddb80000)
  from space 512K, 18% used [0x00000000f8080000,0x00000000f8098000,0x00000000f8100000)
  to   space 512K, 0% used [0x00000000f8000000,0x00000000f8000000,0x00000000f8080000)
 ParOldGen       total 86016K, used 28131K [0x0000000082000000, 0x0000000087400000, 0x00000000d6000000)
  object space 86016K, 32% used [0x0000000082000000,0x0000000083b78ea0,0x0000000087400000)
 Metaspace       used 10980K, capacity 11701K, committed 11904K, reserved 1060864K
  class space    used 1137K, capacity 1305K, committed 1408K, reserved 1048576K
}
Event: 955.025 GC heap before
{Heap before GC invocations=1025 (full 0):
 PSYoungGen      total 126976K, used 126560K [0x00000000d6000000, 0x00000000f8100000, 0x0000000100000000)
  eden space 126464K, 100% used [0x00000000d6000000,0x00000000ddb80000,0x00000000ddb80000)
  from space 512K, 18% used [0x00000000f8080000,0x00000000f8098000,0x00000000f8100000)
  to   space 512K, 0% used [0x00000000f8000000,0x00000000f8000000,0x00000000f8080000)
 ParOldGen       total 86016K, used 28131K [0x0000000082000000, 0x0000000087400000, 0x00000000d6000000)
  object space 86016K, 32% used [0x0000000082000000,0x0000000083b78ea0,0x0000000087400000)
 Metaspace       used 10980K, capacity 11701K, committed 11904K, reserved 1060864K
  class space    used 1137K, capacity 1305K, committed 1408K, reserved 1048576K
Event: 955.026 GC heap after
Heap after GC invocations=1025 (full 0):
 PSYoungGen      total 122368K, used 192K [0x00000000d6000000, 0x00000000f8100000, 0x0000000100000000)
  eden space 121856K, 0% used [0x00000000d6000000,0x00000000d6000000,0x00000000dd700000)
  from space 512K, 37% used [0x00000000f8000000,0x00000000f8030000,0x00000000f8080000)
  to   space 512K, 0% used [0x00000000f8080000,0x00000000f8080000,0x00000000f8100000)
 ParOldGen       total 86016K, used 28131K [0x0000000082000000, 0x0000000087400000, 0x00000000d6000000)
  object space 86016K, 32% used [0x0000000082000000,0x0000000083b78ea0,0x0000000087400000)
 Metaspace       used 10980K, capacity 11701K, committed 11904K, reserved 1060864K
  class space    used 1137K, capacity 1305K, committed 1408K, reserved 1048576K
}
Event: 955.055 GC heap before
{Heap before GC invocations=1026 (full 0):
 PSYoungGen      total 122368K, used 122048K [0x00000000d6000000, 0x00000000f8100000, 0x0000000100000000)
  eden space 121856K, 100% used [0x00000000d6000000,0x00000000dd700000,0x00000000dd700000)
  from space 512K, 37% used [0x00000000f8000000,0x00000000f8030000,0x00000000f8080000)
  to   space 512K, 0% used [0x00000000f8080000,0x00000000f8080000,0x00000000f8100000)
 ParOldGen       total 86016K, used 28131K [0x0000000082000000, 0x0000000087400000, 0x00000000d6000000)
  object space 86016K, 32% used [0x0000000082000000,0x0000000083b78ea0,0x0000000087400000)
 Metaspace       used 10980K, capacity 11701K, committed 11904K, reserved 1060864K
  class space    used 1137K, capacity 1305K, committed 1408K, reserved 1048576K
Event: 955.056 GC heap after
Heap after GC invocations=1026 (full 0):
 PSYoungGen      total 146944K, used 96K [0x00000000d6000000, 0x00000000f8100000, 0x0000000100000000)
  eden space 146432K, 0% used [0x00000000d6000000,0x00000000d6000000,0x00000000def00000)
  from space 512K, 18% used [0x00000000f8080000,0x00000000f8098000,0x00000000f8100000)
  to   space 512K, 0% used [0x00000000f8000000,0x00000000f8000000,0x00000000f8080000)
 ParOldGen       total 86016K, used 28179K [0x0000000082000000, 0x0000000087400000, 0x00000000d6000000)
  object space 86016K, 32% used [0x0000000082000000,0x0000000083b84ea0,0x0000000087400000)
 Metaspace       used 10980K, capacity 11701K, committed 11904K, reserved 1060864K
  class space    used 1137K, capacity 1305K, committed 1408K, reserved 1048576K
}

Deoptimization events (10 events):
Event: 203.655 Thread 0x0000000002c8d800 Uncommon trap: reason=unstable_if action=reinterpret pc=0x0000000002eba6e8 method=java.util.HashMap.hash(Ljava/lang/Object;)I @ 1
Event: 221.234 Thread 0x0000000002c8d800 Uncommon trap: reason=unstable_if action=reinterpret pc=0x0000000002ee9274 method=java.util.stream.ReferencePipeline.forEachWithCancel(Ljava/util/Spliterator;Ljava/util/stream/Sink;)V @ 16
Event: 221.234 Thread 0x0000000002c8d800 Uncommon trap: reason=unstable_if action=reinterpret pc=0x000000000313d59c method=java.util.stream.FindOps$FindSink$OfRef.get()Ljava/util/Optional; @ 4
Event: 528.598 Thread 0x0000000002c8d800 Uncommon trap: reason=null_check action=make_not_entrant pc=0x00000000031eb6c4 method=map.Editor$$Lambda$159/798981583.test(Ljava/lang/Object;)Z @ 1
Event: 528.600 Thread 0x0000000002c8d800 Uncommon trap: reason=null_check action=make_not_entrant pc=0x00000000031b1540 method=map.Editor$$Lambda$159/798981583.test(Ljava/lang/Object;)Z @ 1
Event: 528.799 Thread 0x0000000002c8d800 Uncommon trap: reason=unstable_if action=reinterpret pc=0x000000000328f62c method=java.util.BitSet.expandTo(I)V @ 9
Event: 528.861 Thread 0x0000000002c8d800 Uncommon trap: reason=unstable_if action=reinterpret pc=0x0000000002dbb13c method=map.Editor.lambda$start$53()V @ 59
Event: 533.491 Thread 0x0000000002c8d800 Uncommon trap: reason=unstable_if action=reinterpret pc=0x00000000033006b0 method=java.lang.StrictMath.floorOrCeil(DDDD)D @ 115
Event: 533.491 Thread 0x0000000002c8d800 Uncommon trap: reason=unstable_if action=reinterpret pc=0x00000000030399b0 method=java.lang.StrictMath.floorOrCeil(DDDD)D @ 115
Event: 533.502 Thread 0x0000000002c8d800 Uncommon trap: reason=unstable_if action=reinterpret pc=0x00000000030eae34 method=java.lang.StrictMath.floorOrCeil(DDDD)D @ 115

Internal exceptions (10 events):
Event: 0.311 Thread 0x0000000002c8d800 Exception <a 'java/lang/NoSuchFieldError': method resolution failed> (0x00000000d65f9890) thrown at [C:\re\workspace\8-2-build-windows-amd64-cygwin\jdk8u51\3951\hotspot\src\share\vm\prims\methodHandles.cpp, line 1125]
Event: 0.336 Thread 0x0000000002c8d800 Exception <a 'java/security/PrivilegedActionException'> (0x00000000d66bcb78) thrown at [C:\re\workspace\8-2-build-windows-amd64-cygwin\jdk8u51\3951\hotspot\src\share\vm\prims\jvm.cpp, line 1382]
Event: 0.336 Thread 0x0000000002c8d800 Exception <a 'java/security/PrivilegedActionException'> (0x00000000d66bcd30) thrown at [C:\re\workspace\8-2-build-windows-amd64-cygwin\jdk8u51\3951\hotspot\src\share\vm\prims\jvm.cpp, line 1382]
Event: 0.336 Thread 0x0000000002c8d800 Exception <a 'java/security/PrivilegedActionException'> (0x00000000d66c0ac8) thrown at [C:\re\workspace\8-2-build-windows-amd64-cygwin\jdk8u51\3951\hotspot\src\share\vm\prims\jvm.cpp, line 1382]
Event: 0.336 Thread 0x0000000002c8d800 Exception <a 'java/security/PrivilegedActionException'> (0x00000000d66c0c80) thrown at [C:\re\workspace\8-2-build-windows-amd64-cygwin\jdk8u51\3951\hotspot\src\share\vm\prims\jvm.cpp, line 1382]
Event: 0.339 Thread 0x0000000002c8d800 Exception <a 'java/io/FileNotFoundException'> (0x00000000d66c2fa8) thrown at [C:\re\workspace\8-2-build-windows-amd64-cygwin\jdk8u51\3951\hotspot\src\share\vm\prims\jni.cpp, line 709]
Event: 0.362 Thread 0x0000000002c8d800 Exception <a 'java/io/FileNotFoundException'> (0x00000000d6703210) thrown at [C:\re\workspace\8-2-build-windows-amd64-cygwin\jdk8u51\3951\hotspot\src\share\vm\prims\jni.cpp, line 709]
Event: 100.237 Thread 0x0000000002c8d800 Implicit null exception at 0x0000000003141ece to 0x00000000031431b9
Event: 203.655 Thread 0x0000000002c8d800 Implicit null exception at 0x0000000002eba66f to 0x0000000002eba6d9
Event: 528.600 Thread 0x0000000002c8d800 Implicit null exception at 0x00000000031b150c to 0x00000000031b1535

Events (10 events):
Event: 950.639 Executing VM operation: ParallelGCFailedAllocation
Event: 950.639 Executing VM operation: ParallelGCFailedAllocation done
Event: 953.787 Executing VM operation: ParallelGCFailedAllocation
Event: 953.788 Executing VM operation: ParallelGCFailedAllocation done
Event: 953.819 Executing VM operation: ParallelGCFailedAllocation
Event: 953.820 Executing VM operation: ParallelGCFailedAllocation done
Event: 955.025 Executing VM operation: ParallelGCFailedAllocation
Event: 955.026 Executing VM operation: ParallelGCFailedAllocation done
Event: 955.055 Executing VM operation: ParallelGCFailedAllocation
Event: 955.056 Executing VM operation: ParallelGCFailedAllocation done


Dynamic libraries:
0x00007ff6687b0000 - 0x00007ff6687e7000 	C:\Program Files\Java\jdk1.8.0_51\bin\java.exe
0x00007ffae4ee0000 - 0x00007ffae508d000 	C:\WINDOWS\SYSTEM32\ntdll.dll
0x00007ffae2600000 - 0x00007ffae273e000 	C:\WINDOWS\system32\KERNEL32.DLL
0x00007ffae21b0000 - 0x00007ffae22c5000 	C:\WINDOWS\system32\KERNELBASE.dll
0x00007ffae0bd0000 - 0x00007ffae0c5e000 	C:\WINDOWS\system32\apphelp.dll
0x00007ffad1250000 - 0x00007ffad12a3000 	C:\WINDOWS\AppPatch\AppPatch64\AcGenral.DLL
0x00007ffae2ea0000 - 0x00007ffae2f4a000 	C:\WINDOWS\system32\msvcrt.dll
0x00007ffae1e80000 - 0x00007ffae1eae000 	C:\WINDOWS\SYSTEM32\SspiCli.dll
0x00007ffae29f0000 - 0x00007ffae2a44000 	C:\WINDOWS\system32\SHLWAPI.dll
0x00007ffae27b0000 - 0x00007ffae2927000 	C:\WINDOWS\system32\USER32.dll
0x00007ffae4870000 - 0x00007ffae4a04000 	C:\WINDOWS\system32\ole32.dll
0x00007ffae32b0000 - 0x00007ffae47da000 	C:\WINDOWS\system32\SHELL32.dll
0x00007ffae15d0000 - 0x00007ffae15f1000 	C:\WINDOWS\SYSTEM32\USERENV.dll
0x00007ffae2ab0000 - 0x00007ffae2b5a000 	C:\WINDOWS\system32\ADVAPI32.dll
0x00007ffad4490000 - 0x00007ffad44ae000 	C:\WINDOWS\SYSTEM32\MPR.dll
0x00007ffae4d90000 - 0x00007ffae4ed1000 	C:\WINDOWS\system32\RPCRT4.dll
0x00007ffae25a0000 - 0x00007ffae25f9000 	C:\WINDOWS\SYSTEM32\sechost.dll
0x00007ffae4b70000 - 0x00007ffae4d81000 	C:\WINDOWS\SYSTEM32\combase.dll
0x00007ffae2d50000 - 0x00007ffae2ea0000 	C:\WINDOWS\system32\GDI32.dll
0x00007ffae2030000 - 0x00007ffae2045000 	C:\WINDOWS\SYSTEM32\profapi.dll
0x00007ffae0ac0000 - 0x00007ffae0b72000 	C:\WINDOWS\SYSTEM32\SHCORE.dll
0x00007ffae2560000 - 0x00007ffae2596000 	C:\WINDOWS\system32\IMM32.DLL
0x00007ffae4a10000 - 0x00007ffae4b62000 	C:\WINDOWS\system32\MSCTF.dll
0x00007ffadfbf0000 - 0x00007ffadfe6b000 	C:\WINDOWS\WinSxS\amd64_microsoft.windows.common-controls_6595b64144ccf1df_6.0.9600.18006_none_623f33d3ecbe86e8\COMCTL32.dll
0x0000000058640000 - 0x0000000058712000 	C:\Program Files\Java\jdk1.8.0_51\jre\bin\msvcr100.dll
0x0000000058720000 - 0x0000000058fa3000 	C:\Program Files\Java\jdk1.8.0_51\jre\bin\server\jvm.dll
0x00007ffad3810000 - 0x00007ffad3819000 	C:\WINDOWS\SYSTEM32\WSOCK32.dll
0x00007ffaddee0000 - 0x00007ffaddf02000 	C:\WINDOWS\SYSTEM32\WINMM.dll
0x00007ffadf3c0000 - 0x00007ffadf3ca000 	C:\WINDOWS\SYSTEM32\VERSION.dll
0x00007ffae2b60000 - 0x00007ffae2b67000 	C:\WINDOWS\system32\PSAPI.DLL
0x00007ffae4810000 - 0x00007ffae486a000 	C:\WINDOWS\system32\WS2_32.dll
0x00007ffaddeb0000 - 0x00007ffaddeda000 	C:\WINDOWS\SYSTEM32\WINMMBASE.dll
0x00007ffae47f0000 - 0x00007ffae47f9000 	C:\WINDOWS\system32\NSI.dll
0x00007ffae22d0000 - 0x00007ffae231f000 	C:\WINDOWS\SYSTEM32\cfgmgr32.dll
0x00007ffae0e20000 - 0x00007ffae0e48000 	C:\WINDOWS\SYSTEM32\DEVOBJ.dll
0x00000000585f0000 - 0x00000000585ff000 	C:\Program Files\Java\jdk1.8.0_51\jre\bin\verify.dll
0x00000000585c0000 - 0x00000000585e9000 	C:\Program Files\Java\jdk1.8.0_51\jre\bin\java.dll
0x00000000585a0000 - 0x00000000585b6000 	C:\Program Files\Java\jdk1.8.0_51\jre\bin\zip.dll
0x0000000180000000 - 0x0000000180051000 	C:\Users\Rory\Desktop\Programs\Current Projects\OGPC 2016 Java\natives\lwjgl64.dll
0x00007ffad0000000 - 0x00007ffad012b000 	C:\WINDOWS\SYSTEM32\OPENGL32.dll
0x00007ffadafb0000 - 0x00007ffadafde000 	C:\WINDOWS\SYSTEM32\GLU32.dll
0x00007ffadafe0000 - 0x00007ffadb0d8000 	C:\WINDOWS\SYSTEM32\DDRAW.dll
0x00007ffaddd40000 - 0x00007ffaddd49000 	C:\WINDOWS\SYSTEM32\DCIMAN32.dll
0x00007ffae0ca0000 - 0x00007ffae0dc9000 	C:\WINDOWS\system32\uxtheme.dll
0x00007ffadfe70000 - 0x00007ffadfe91000 	C:\WINDOWS\system32\dwmapi.dll
0x00007ffad3ea0000 - 0x00007ffad3ecc000 	C:\WINDOWS\SYSTEM32\nvoglshim64.dll
0x000000001aa50000 - 0x000000001b1ce000 	C:\WINDOWS\system32\ig7icd64.dll
0x00007ffade1c0000 - 0x00007ffade600000 	C:\WINDOWS\SYSTEM32\igdusc64.dll
0x00007ffae0e70000 - 0x00007ffae0e7b000 	C:\WINDOWS\SYSTEM32\kernel.appcore.dll
0x00007ffae1f20000 - 0x00007ffae1f2b000 	C:\WINDOWS\SYSTEM32\CRYPTBASE.dll
0x00007ffae1eb0000 - 0x00007ffae1f13000 	C:\WINDOWS\SYSTEM32\bcryptPrimitives.dll
0x00007ffadd500000 - 0x00007ffadd592000 	C:\WINDOWS\SYSTEM32\mscms.dll
0x00007ffad1200000 - 0x00007ffad1241000 	C:\WINDOWS\SYSTEM32\icm32.dll
0x00007ffae1fd0000 - 0x00007ffae2016000 	C:\WINDOWS\SYSTEM32\powrprof.dll
0x00000000583c0000 - 0x0000000058558000 	C:\Program Files\Java\jdk1.8.0_51\jre\bin\awt.dll
0x00007ffae3120000 - 0x00007ffae31e1000 	C:\WINDOWS\system32\OLEAUT32.dll
0x0000000058370000 - 0x00000000583b7000 	C:\Program Files\Java\jdk1.8.0_51\jre\bin\fontmanager.dll
0x0000000058580000 - 0x000000005859a000 	C:\Program Files\Java\jdk1.8.0_51\jre\bin\net.dll
0x00007ffae1840000 - 0x00007ffae1899000 	C:\WINDOWS\system32\mswsock.dll
0x0000000058560000 - 0x0000000058571000 	C:\Program Files\Java\jdk1.8.0_51\jre\bin\nio.dll
0x0000000058320000 - 0x0000000058362000 	C:\Program Files\Java\jdk1.8.0_51\jre\bin\t2k.dll
0x00007ffae2930000 - 0x00007ffae29e6000 	C:\WINDOWS\SYSTEM32\clbcatq.dll
0x00007ffad5a40000 - 0x00007ffad5bc9000 	C:\WINDOWS\SYSTEM32\dbghelp.dll

VM Arguments:
jvm_args: -Dfile.encoding=UTF-8 -Dorg.lwjgl.opengl.Display.allowSoftwareOpenGL=true 
java_command: invisibleman.Client
java_class_path (initial): C:\Users\Rory\Desktop\Programs\Current Projects\OGPC 2016 Java\lib\jfxrt.jar;C:\Users\Rory\Desktop\Programs\Current Projects\OGPC 2016 Java\lib\jinput.jar;C:\Users\Rory\Desktop\Programs\Current Projects\OGPC 2016 Java\lib\lwjgl.jar;C:\Users\Rory\Desktop\Programs\Current Projects\OGPC 2016 Java\lib\lwjgl_util.jar;C:\Users\Rory\Desktop\Programs\Current Projects\OGPC 2016 Java\lib\slick-util.jar;C:\Users\Rory\Desktop\Programs\Current Projects\OGPC 2016 Java\lib\protonpack-1.1.jar;C:\Users\Rory\Desktop\Programs\Current Projects\OGPC 2016 Java\lib\Forge.jar;C:\Users\Rory\Desktop\Programs\Current Projects\OGPC 2016 Java\build\classes
Launcher Type: SUN_STANDARD

Environment Variables:
PATH=C:\ProgramData\Oracle\Java\javapath;C:\Program Files (x86)\Intel\iCLS Client\;C:\Program Files\Intel\iCLS Client\;C:\WINDOWS\system32;C:\WINDOWS;C:\WINDOWS\System32\Wbem;C:\WINDOWS\System32\WindowsPowerShell\v1.0\;C:\Program Files (x86)\Intel\OpenCL SDK\2.0\bin\x86;C:\Program Files (x86)\Intel\OpenCL SDK\2.0\bin\x64;C:\Program Files\Intel\Intel(R) Management Engine Components\DAL;C:\Program Files\Intel\Intel(R) Management Engine Components\IPT;C:\Program Files (x86)\Intel\Intel(R) Management Engine Components\DAL;C:\Program Files (x86)\Intel\Intel(R) Management Engine Components\IPT;C:\Program Files\Lenovo\Bluetooth Software\;C:\Program Files\Lenovo\Bluetooth Software\syswow64;C:\Program Files\Intel\WiFi\bin\;C:\Program Files\Common Files\Intel\WirelessCommon\;C:\Program Files\SlikSvn\bin;C:\Program Files (x86)\NVIDIA Corporation\PhysX\Common;C:\Program Files (x86)\Skype\Phone\
USERNAME=Rory
OS=Windows_NT
PROCESSOR_IDENTIFIER=Intel64 Family 6 Model 58 Stepping 9, GenuineIntel



---------------  S Y S T E M  ---------------

OS: Windows 8.1 , 64 bit Build 9600 (6.3.9600.17415)

CPU:total 8 (4 cores per cpu, 2 threads per core) family 6 model 58 stepping 9, cmov, cx8, fxsr, mmx, sse, sse2, sse3, ssse3, sse4.1, sse4.2, popcnt, avx, aes, clmul, erms, ht, tsc, tscinvbit, tscinv

Memory: 4k page, physical 8251156k(3013368k free), swap 9561876k(3726512k free)

vm_info: Java HotSpot(TM) 64-Bit Server VM (25.51-b03) for windows-amd64 JRE (1.8.0_51-b16), built on Jun  8 2015 18:03:07 by "java_re" with MS VC++ 10.0 (VS2010)

time: Mon Apr 18 20:44:33 2016
elapsed time: 955 seconds (0d 0h 15m 55s)

