#
# A fatal error has been detected by the Java Runtime Environment:
#
#  EXCEPTION_ACCESS_VIOLATION (0xc0000005) at pc=0x000007fee8dc1f44, pid=6236, tid=6384
#
# JRE version: Java(TM) SE Runtime Environment (8.0_65-b17) (build 1.8.0_65-b17)
# Java VM: Java HotSpot(TM) 64-Bit Server VM (25.65-b01 mixed mode windows-amd64 compressed oops)
# Problematic frame:
# C  [ig7icd64.dll+0x21f44]
#
# Failed to write core dump. Minidumps are not enabled by default on client versions of Windows
#
# If you would like to submit a bug report, please visit:
#   http://bugreport.java.com/bugreport/crash.jsp
# The crash happened outside the Java Virtual Machine in native code.
# See problematic frame for where to report the bug.
#

---------------  T H R E A D  ---------------

Current thread (0x000000000215f000):  JavaThread "main" [_thread_in_native, id=6384, stack(0x0000000002390000,0x0000000002490000)]

siginfo: ExceptionCode=0xc0000005, writing address 0x00000000021fa000

Registers:
RAX=0x0000000000000001, RBX=0x000000005a93e000, RCX=0x00000000021fa010, RDX=0x000000005d4b5120
RSP=0x000000000248e980, RBP=0x000000005c2644e0, RSI=0x000000005c2661f0, RDI=0x000000005d4b4da0
R8 =0x0000000000000020, R9 =0x0000000000000000, R10=0x0000000000000001, R11=0x0000000000000002
R12=0x0000000000000000, R13=0x000000005d5082d0, R14=0x0000000000000000, R15=0x0000000000000000
RIP=0x000007fee8dc1f44, EFLAGS=0x0000000000010202

Top of Stack: (sp=0x000000000248e980)
0x000000000248e980:   000000005a93e000 00000000007afa00
0x000000000248e990:   0000000000000000 0000000000000400
0x000000000248e9a0:   000000005c2c5100 00000000000000ff
0x000000000248e9b0:   0000000000000000 0000000000000001
0x000000000248e9c0:   000000005a9c6cf0 000007fee8fbcc57
0x000000000248e9d0:   000000005a93e000 c28918a8bfae14c9
0x000000000248e9e0:   c2829f89c2391bb1 000000003fae0be0
0x000000000248e9f0:   0000000000000001 000007fee8fdbbd3
0x000000000248ea00:   000000005d4b5110 007afa9f00000000
0x000000000248ea10:   3ff0000000000000 0000000000000000
0x000000000248ea20:   000000005d4735a0 000000005a9a9470
0x000000000248ea30:   000000005d4b4f08 000000005d4b4da0
0x000000000248ea40:   0000000000000001 000000005d4419f0
0x000000000248ea50:   000000005a93e000 000007fee8ff4e78
0x000000000248ea60:   0000000000000002 000000005d441d01
0x000000000248ea70:   000000005d4b4f08 0000000000000000 

Instructions: (pc=0x000007fee8dc1f44)
0x000007fee8dc1f24:   d1 49 c1 eb 04 4d 85 db 0f 84 24 02 00 00 f3 0f
0x000007fee8dc1f34:   6f 02 41 ff c2 48 83 c1 10 41 8b c2 48 83 c2 10
0x000007fee8dc1f44:   f3 0f 7f 41 f0 49 3b c3 72 e4 e9 03 02 00 00 48
0x000007fee8dc1f54:   89 7c 24 40 8b f9 83 e7 0f 74 68 48 89 5c 24 50 


Register to memory mapping:

RAX=0x0000000000000001 is an unknown value
RBX=0x000000005a93e000 is an unknown value
RCX=0x00000000021fa010 is an unknown value
RDX=0x000000005d4b5120 is an unknown value
RSP=0x000000000248e980 is pointing into the stack for thread: 0x000000000215f000
RBP=0x000000005c2644e0 is an unknown value
RSI=0x000000005c2661f0 is an unknown value
RDI=0x000000005d4b4da0 is an unknown value
R8 =0x0000000000000020 is an unknown value
R9 =0x0000000000000000 is an unknown value
R10=0x0000000000000001 is an unknown value
R11=0x0000000000000002 is an unknown value
R12=0x0000000000000000 is an unknown value
R13=0x000000005d5082d0 is an unknown value
R14=0x0000000000000000 is an unknown value
R15=0x0000000000000000 is an unknown value


Stack: [0x0000000002390000,0x0000000002490000],  sp=0x000000000248e980,  free space=1018k
Native frames: (J=compiled Java code, j=interpreted, Vv=VM code, C=native code)
C  [ig7icd64.dll+0x21f44]
C  [ig7icd64.dll+0x21cc57]
C  [ig7icd64.dll+0x254e78]
C  [ig7icd64.dll+0x1fe146]
C  [ig7icd64.dll+0x156d58]
C  [ig7icd64.dll+0x2dc07c]
C  [ig7icd64.dll+0x3ba832]
C  [ig7icd64.dll+0x4f6201]
C  [ig7icd64.dll+0x47433f]
C  [ig7icd64.dll+0x474abc]
C  0x0000000002c85782

Java frames: (J=compiled Java code, j=interpreted, Vv=VM code)
J 1599  org.lwjgl.opengl.GL11.nglCallList(IJ)V (0 bytes) @ 0x0000000002c85704 [0x0000000002c856c0+0x44]
J 1701 C2 map.CubeMap$$Lambda$102.accept(Ljava/lang/Object;Ljava/lang/Object;)V (12 bytes) @ 0x0000000002d0dcc8 [0x0000000002d0dbc0+0x108]
J 1891 C2 invisibleman.Server$$Lambda$52.run()V (4 bytes) @ 0x0000000002dac970 [0x0000000002dac560+0x410]
J 1817 C2 engine.EventStream$$Lambda$24.accept(Ljava/lang/Object;)V (12 bytes) @ 0x0000000002d7160c [0x0000000002d715c0+0x4c]
J 1740 C2 engine.EventStream$$Lambda$25.run()V (12 bytes) @ 0x0000000002d2c43c [0x0000000002d2c400+0x3c]
J 1661 C2 java.util.ArrayList.forEach(Ljava/util/function/Consumer;)V (75 bytes) @ 0x0000000002ceb18c [0x0000000002cea6a0+0xaec]
J 1818 C2 engine.EventStream.sendEvent()V (27 bytes) @ 0x0000000002d73358 [0x0000000002d73080+0x2d8]
J 1825 C2 engine.Core$$Lambda$86.accept(Ljava/lang/Object;)V (8 bytes) @ 0x0000000002d757d4 [0x0000000002d757a0+0x34]
J 2006 C2 java.lang.Iterable.forEach(Ljava/util/function/Consumer;)V (39 bytes) @ 0x0000000002b9862c [0x0000000002b984e0+0x14c]
J 1594% C2 engine.Core.run()V (114 bytes) @ 0x0000000002cc4128 [0x0000000002cc4060+0xc8]
j  invisibleman.Server.runGraphicalInterface()V+302
j  invisibleman.Server.main([Ljava/lang/String;)V+11
v  ~StubRoutines::call_stub

---------------  P R O C E S S  ---------------

Java Threads: ( => current thread )
  0x00000000596e7000 JavaThread "AWT-Windows" daemon [_thread_in_native, id=2484, stack(0x000000005be70000,0x000000005bf70000)]
  0x00000000596de000 JavaThread "Java2D Disposer" daemon [_thread_blocked, id=6028, stack(0x000000005ea40000,0x000000005eb40000)]
  0x0000000058a64000 JavaThread "Thread-0" [_thread_in_native, id=4592, stack(0x0000000059550000,0x0000000059650000)]
  0x00000000586d8000 JavaThread "Service Thread" daemon [_thread_blocked, id=4156, stack(0x0000000058d70000,0x0000000058e70000)]
  0x00000000574d6000 JavaThread "C1 CompilerThread2" daemon [_thread_blocked, id=3604, stack(0x00000000591b0000,0x00000000592b0000)]
  0x00000000574d5000 JavaThread "C2 CompilerThread1" daemon [_thread_blocked, id=2748, stack(0x0000000058fa0000,0x00000000590a0000)]
  0x0000000058672800 JavaThread "C2 CompilerThread0" daemon [_thread_blocked, id=1260, stack(0x0000000058e70000,0x0000000058f70000)]
  0x00000000574d3800 JavaThread "Attach Listener" daemon [_thread_blocked, id=5788, stack(0x0000000058ae0000,0x0000000058be0000)]
  0x00000000574d1800 JavaThread "Signal Dispatcher" daemon [_thread_blocked, id=5220, stack(0x0000000058c20000,0x0000000058d20000)]
  0x0000000057478800 JavaThread "Finalizer" daemon [_thread_blocked, id=1876, stack(0x0000000058570000,0x0000000058670000)]
  0x0000000057471800 JavaThread "Reference Handler" daemon [_thread_blocked, id=3616, stack(0x0000000058410000,0x0000000058510000)]
=>0x000000000215f000 JavaThread "main" [_thread_in_native, id=6384, stack(0x0000000002390000,0x0000000002490000)]

Other Threads:
  0x000000005746c000 VMThread [stack: 0x00000000581c0000,0x00000000582c0000] [id=3600]
  0x00000000586f8800 WatcherThread [stack: 0x0000000059430000,0x0000000059530000] [id=7296]

VM state:not at safepoint (normal execution)

VM Mutex/Monitor currently owned by a thread: None

Heap:
 PSYoungGen      total 305664K, used 244023K [0x00000000d6580000, 0x00000000f8180000, 0x0000000100000000)
  eden space 305152K, 79% used [0x00000000d6580000,0x00000000e53c5e68,0x00000000e8f80000)
  from space 512K, 6% used [0x00000000f8080000,0x00000000f8088000,0x00000000f8100000)
  to   space 512K, 0% used [0x00000000f8100000,0x00000000f8100000,0x00000000f8180000)
 ParOldGen       total 86016K, used 13477K [0x0000000083000000, 0x0000000088400000, 0x00000000d6580000)
  object space 86016K, 15% used [0x0000000083000000,0x0000000083d29798,0x0000000088400000)
 Metaspace       used 10805K, capacity 11499K, committed 11520K, reserved 1058816K
  class space    used 1119K, capacity 1272K, committed 1280K, reserved 1048576K

Card table byte_map: [0x0000000011b20000,0x0000000011f10000] byte_map_base: 0x0000000011708000

Marking Bits: (ParMarkBitMap*) 0x000000006c9aa5b0
 Begin Bits: [0x0000000012870000, 0x00000000147b0000)
 End Bits:   [0x00000000147b0000, 0x00000000166f0000)

Polling page: 0x0000000000230000

CodeCache: size=245760Kb used=5299Kb max_used=6476Kb free=240460Kb
 bounds [0x0000000002760000, 0x0000000002de0000, 0x0000000011760000]
 total_blobs=2275 nmethods=1706 adapters=482
 compilation: enabled

Compilation events (10 events):
Event: 393.094 Thread 0x0000000058672800 nmethod 2105 0x0000000002a9c6d0 code [0x0000000002a9c800, 0x0000000002a9c898]
Event: 393.094 Thread 0x0000000058672800 2107       4       java.util.stream.StreamOpFlag::getMask (30 bytes)
Event: 393.094 Thread 0x0000000058672800 nmethod 2107 0x0000000002badd50 code [0x0000000002bade80, 0x0000000002badef8]
Event: 393.096 Thread 0x00000000574d5000 nmethod 2106 0x0000000002bf7990 code [0x0000000002bf7ae0, 0x0000000002bf7cd8]
Event: 441.812 Thread 0x00000000574d6000 2108       3       map.CubeMap$$Lambda$87/1276504061::test (8 bytes)
Event: 441.812 Thread 0x00000000574d6000 nmethod 2108 0x0000000002d63050 code [0x0000000002d631c0, 0x0000000002d634b0]
Event: 441.813 Thread 0x00000000574d6000 2109       3       map.CubeMap::lambda$drawAll$148 (10 bytes)
Event: 441.813 Thread 0x00000000574d6000 nmethod 2109 0x0000000002d62c90 code [0x0000000002d62de0, 0x0000000002d62f70]
Event: 448.009 Thread 0x00000000574d6000 2110       3       map.CubeMap$$Lambda$88/597190999::accept (8 bytes)
Event: 448.009 Thread 0x00000000574d6000 nmethod 2110 0x0000000002d90350 code [0x0000000002d904c0, 0x0000000002d90748]

GC Heap History (10 events):
Event: 457.653 GC heap before
{Heap before GC invocations=195 (full 0):
 PSYoungGen      total 243712K, used 243328K [0x00000000d6580000, 0x00000000f8180000, 0x0000000100000000)
  eden space 243200K, 100% used [0x00000000d6580000,0x00000000e5300000,0x00000000e5300000)
  from space 512K, 25% used [0x00000000f8100000,0x00000000f8120000,0x00000000f8180000)
  to   space 512K, 0% used [0x00000000f8080000,0x00000000f8080000,0x00000000f8100000)
 ParOldGen       total 86016K, used 13365K [0x0000000083000000, 0x0000000088400000, 0x00000000d6580000)
  object space 86016K, 15% used [0x0000000083000000,0x0000000083d0d798,0x0000000088400000)
 Metaspace       used 10805K, capacity 11499K, committed 11520K, reserved 1058816K
  class space    used 1119K, capacity 1272K, committed 1280K, reserved 1048576K
Event: 457.654 GC heap after
Heap after GC invocations=195 (full 0):
 PSYoungGen      total 292352K, used 32K [0x00000000d6580000, 0x00000000f8180000, 0x0000000100000000)
  eden space 291840K, 0% used [0x00000000d6580000,0x00000000d6580000,0x00000000e8280000)
  from space 512K, 6% used [0x00000000f8080000,0x00000000f8088000,0x00000000f8100000)
  to   space 512K, 0% used [0x00000000f8100000,0x00000000f8100000,0x00000000f8180000)
 ParOldGen       total 86016K, used 13469K [0x0000000083000000, 0x0000000088400000, 0x00000000d6580000)
  object space 86016K, 15% used [0x0000000083000000,0x0000000083d27798,0x0000000088400000)
 Metaspace       used 10805K, capacity 11499K, committed 11520K, reserved 1058816K
  class space    used 1119K, capacity 1272K, committed 1280K, reserved 1048576K
}
Event: 457.714 GC heap before
{Heap before GC invocations=196 (full 0):
 PSYoungGen      total 292352K, used 291872K [0x00000000d6580000, 0x00000000f8180000, 0x0000000100000000)
  eden space 291840K, 100% used [0x00000000d6580000,0x00000000e8280000,0x00000000e8280000)
  from space 512K, 6% used [0x00000000f8080000,0x00000000f8088000,0x00000000f8100000)
  to   space 512K, 0% used [0x00000000f8100000,0x00000000f8100000,0x00000000f8180000)
 ParOldGen       total 86016K, used 13469K [0x0000000083000000, 0x0000000088400000, 0x00000000d6580000)
  object space 86016K, 15% used [0x0000000083000000,0x0000000083d27798,0x0000000088400000)
 Metaspace       used 10805K, capacity 11499K, committed 11520K, reserved 1058816K
  class space    used 1119K, capacity 1272K, committed 1280K, reserved 1048576K
Event: 457.715 GC heap after
Heap after GC invocations=196 (full 0):
 PSYoungGen      total 350720K, used 32K [0x00000000d6580000, 0x00000000f8180000, 0x0000000100000000)
  eden space 350208K, 0% used [0x00000000d6580000,0x00000000d6580000,0x00000000ebb80000)
  from space 512K, 6% used [0x00000000f8100000,0x00000000f8108000,0x00000000f8180000)
  to   space 512K, 0% used [0x00000000f8080000,0x00000000f8080000,0x00000000f8100000)
 ParOldGen       total 86016K, used 13469K [0x0000000083000000, 0x0000000088400000, 0x00000000d6580000)
  object space 86016K, 15% used [0x0000000083000000,0x0000000083d27798,0x0000000088400000)
 Metaspace       used 10805K, capacity 11499K, committed 11520K, reserved 1058816K
  class space    used 1119K, capacity 1272K, committed 1280K, reserved 1048576K
}
Event: 457.786 GC heap before
{Heap before GC invocations=197 (full 0):
 PSYoungGen      total 350720K, used 350240K [0x00000000d6580000, 0x00000000f8180000, 0x0000000100000000)
  eden space 350208K, 100% used [0x00000000d6580000,0x00000000ebb80000,0x00000000ebb80000)
  from space 512K, 6% used [0x00000000f8100000,0x00000000f8108000,0x00000000f8180000)
  to   space 512K, 0% used [0x00000000f8080000,0x00000000f8080000,0x00000000f8100000)
 ParOldGen       total 86016K, used 13469K [0x0000000083000000, 0x0000000088400000, 0x00000000d6580000)
  object space 86016K, 15% used [0x0000000083000000,0x0000000083d27798,0x0000000088400000)
 Metaspace       used 10805K, capacity 11499K, committed 11520K, reserved 1058816K
  class space    used 1119K, capacity 1272K, committed 1280K, reserved 1048576K
Event: 457.787 GC heap after
Heap after GC invocations=197 (full 0):
 PSYoungGen      total 334848K, used 32K [0x00000000d6580000, 0x00000000f8180000, 0x0000000100000000)
  eden space 334336K, 0% used [0x00000000d6580000,0x00000000d6580000,0x00000000eac00000)
  from space 512K, 6% used [0x00000000f8080000,0x00000000f8088000,0x00000000f8100000)
  to   space 512K, 0% used [0x00000000f8100000,0x00000000f8100000,0x00000000f8180000)
 ParOldGen       total 86016K, used 13477K [0x0000000083000000, 0x0000000088400000, 0x00000000d6580000)
  object space 86016K, 15% used [0x0000000083000000,0x0000000083d29798,0x0000000088400000)
 Metaspace       used 10805K, capacity 11499K, committed 11520K, reserved 1058816K
  class space    used 1119K, capacity 1272K, committed 1280K, reserved 1048576K
}
Event: 457.852 GC heap before
{Heap before GC invocations=198 (full 0):
 PSYoungGen      total 334848K, used 334368K [0x00000000d6580000, 0x00000000f8180000, 0x0000000100000000)
  eden space 334336K, 100% used [0x00000000d6580000,0x00000000eac00000,0x00000000eac00000)
  from space 512K, 6% used [0x00000000f8080000,0x00000000f8088000,0x00000000f8100000)
  to   space 512K, 0% used [0x00000000f8100000,0x00000000f8100000,0x00000000f8180000)
 ParOldGen       total 86016K, used 13477K [0x0000000083000000, 0x0000000088400000, 0x00000000d6580000)
  object space 86016K, 15% used [0x0000000083000000,0x0000000083d29798,0x0000000088400000)
 Metaspace       used 10805K, capacity 11499K, committed 11520K, reserved 1058816K
  class space    used 1119K, capacity 1272K, committed 1280K, reserved 1048576K
Event: 457.853 GC heap after
Heap after GC invocations=198 (full 0):
 PSYoungGen      total 320000K, used 32K [0x00000000d6580000, 0x00000000f8180000, 0x0000000100000000)
  eden space 319488K, 0% used [0x00000000d6580000,0x00000000d6580000,0x00000000e9d80000)
  from space 512K, 6% used [0x00000000f8100000,0x00000000f8108000,0x00000000f8180000)
  to   space 512K, 0% used [0x00000000f8080000,0x00000000f8080000,0x00000000f8100000)
 ParOldGen       total 86016K, used 13477K [0x0000000083000000, 0x0000000088400000, 0x00000000d6580000)
  object space 86016K, 15% used [0x0000000083000000,0x0000000083d29798,0x0000000088400000)
 Metaspace       used 10805K, capacity 11499K, committed 11520K, reserved 1058816K
  class space    used 1119K, capacity 1272K, committed 1280K, reserved 1048576K
}
Event: 457.914 GC heap before
{Heap before GC invocations=199 (full 0):
 PSYoungGen      total 320000K, used 319520K [0x00000000d6580000, 0x00000000f8180000, 0x0000000100000000)
  eden space 319488K, 100% used [0x00000000d6580000,0x00000000e9d80000,0x00000000e9d80000)
  from space 512K, 6% used [0x00000000f8100000,0x00000000f8108000,0x00000000f8180000)
  to   space 512K, 0% used [0x00000000f8080000,0x00000000f8080000,0x00000000f8100000)
 ParOldGen       total 86016K, used 13477K [0x0000000083000000, 0x0000000088400000, 0x00000000d6580000)
  object space 86016K, 15% used [0x0000000083000000,0x0000000083d29798,0x0000000088400000)
 Metaspace       used 10805K, capacity 11499K, committed 11520K, reserved 1058816K
  class space    used 1119K, capacity 1272K, committed 1280K, reserved 1048576K
Event: 457.914 GC heap after
Heap after GC invocations=199 (full 0):
 PSYoungGen      total 305664K, used 32K [0x00000000d6580000, 0x00000000f8180000, 0x0000000100000000)
  eden space 305152K, 0% used [0x00000000d6580000,0x00000000d6580000,0x00000000e8f80000)
  from space 512K, 6% used [0x00000000f8080000,0x00000000f8088000,0x00000000f8100000)
  to   space 512K, 0% used [0x00000000f8100000,0x00000000f8100000,0x00000000f8180000)
 ParOldGen       total 86016K, used 13477K [0x0000000083000000, 0x0000000088400000, 0x00000000d6580000)
  object space 86016K, 15% used [0x0000000083000000,0x0000000083d29798,0x0000000088400000)
 Metaspace       used 10805K, capacity 11499K, committed 11520K, reserved 1058816K
  class space    used 1119K, capacity 1272K, committed 1280K, reserved 1048576K
}

Deoptimization events (10 events):
Event: 74.734 Thread 0x000000000215f000 Uncommon trap: reason=bimorphic action=maybe_recompile pc=0x0000000002bf83e0 method=java.util.stream.AbstractPipeline.copyInto(Ljava/util/stream/Sink;Ljava/util/Spliterator;)V @ 20
Event: 75.764 Thread 0x000000000215f000 Uncommon trap: reason=bimorphic action=maybe_recompile pc=0x0000000002bf83e0 method=java.util.stream.AbstractPipeline.copyInto(Ljava/util/stream/Sink;Ljava/util/Spliterator;)V @ 20
Event: 75.819 Thread 0x000000000215f000 Uncommon trap: reason=unstable_if action=reinterpret pc=0x0000000002d94f10 method=org.lwjgl.opengl.WindowsDisplay.update()V @ 40
Event: 75.829 Thread 0x000000000215f000 Uncommon trap: reason=unstable_if action=reinterpret pc=0x0000000002daa960 method=org.lwjgl.input.Mouse.next()Z @ 28
Event: 75.849 Thread 0x000000000215f000 Uncommon trap: reason=unstable_if action=reinterpret pc=0x0000000002d906e0 method=org.lwjgl.input.Mouse.next()Z @ 28
Event: 77.334 Thread 0x000000000215f000 Uncommon trap: reason=unstable_if action=reinterpret pc=0x0000000002c1b898 method=java.lang.StrictMath.floorOrCeil(DDDD)D @ 90
Event: 77.334 Thread 0x000000000215f000 Uncommon trap: reason=unstable_if action=reinterpret pc=0x0000000002bfce18 method=java.lang.StrictMath.floorOrCeil(DDDD)D @ 90
Event: 77.334 Thread 0x000000000215f000 Uncommon trap: reason=unstable_if action=reinterpret pc=0x0000000002bdd460 method=java.lang.StrictMath.floorOrCeil(DDDD)D @ 90
Event: 83.261 Thread 0x000000000215f000 Uncommon trap: reason=unstable_if action=reinterpret pc=0x0000000002c0bc54 method=map.CubeMap.setCube(IIILmap/CubeType;)V @ 10
Event: 123.196 Thread 0x000000006122a000 Uncommon trap: reason=predicate action=maybe_recompile pc=0x0000000002d8f094 method=java.lang.Iterable.forEach(Ljava/util/function/Consumer;)V @ 21

Internal exceptions (10 events):
Event: 0.658 Thread 0x000000000215f000 Exception <a 'java/security/PrivilegedActionException'> (0x00000000d6cfe0a8) thrown at [C:\workspace\8-2-build-windows-amd64-cygwin\jdk8u65\4987\hotspot\src\share\vm\prims\jvm.cpp, line 1386]
Event: 0.659 Thread 0x000000000215f000 Exception <a 'java/security/PrivilegedActionException'> (0x00000000d6d020d8) thrown at [C:\workspace\8-2-build-windows-amd64-cygwin\jdk8u65\4987\hotspot\src\share\vm\prims\jvm.cpp, line 1386]
Event: 0.659 Thread 0x000000000215f000 Exception <a 'java/security/PrivilegedActionException'> (0x00000000d6d022e8) thrown at [C:\workspace\8-2-build-windows-amd64-cygwin\jdk8u65\4987\hotspot\src\share\vm\prims\jvm.cpp, line 1386]
Event: 0.662 Thread 0x000000000215f000 Exception <a 'java/io/FileNotFoundException'> (0x00000000d6d05ec8) thrown at [C:\workspace\8-2-build-windows-amd64-cygwin\jdk8u65\4987\hotspot\src\share\vm\prims\jni.cpp, line 709]
Event: 0.687 Thread 0x000000000215f000 Exception <a 'java/io/FileNotFoundException'> (0x00000000d6d45440) thrown at [C:\workspace\8-2-build-windows-amd64-cygwin\jdk8u65\4987\hotspot\src\share\vm\prims\jni.cpp, line 709]
Event: 0.704 Thread 0x000000000215f000 Implicit null exception at 0x00000000028d4f52 to 0x00000000028d5119
Event: 123.195 Thread 0x000000006122a000 Exception <a 'sun/net/ConnectionResetException': > (0x00000000d927d1a8) thrown at [C:\workspace\8-2-build-windows-amd64-cygwin\jdk8u65\4987\hotspot\src\share\vm\prims\jni.cpp, line 735]
Event: 123.195 Thread 0x000000006122a000 Exception <a 'sun/net/ConnectionResetException': > (0x00000000d927d3d8) thrown at [C:\workspace\8-2-build-windows-amd64-cygwin\jdk8u65\4987\hotspot\src\share\vm\prims\jni.cpp, line 735]
Event: 457.890 Thread 0x0000000061225800 Exception <a 'sun/net/ConnectionResetException': > (0x00000000e3340c28) thrown at [C:\workspace\8-2-build-windows-amd64-cygwin\jdk8u65\4987\hotspot\src\share\vm\prims\jni.cpp, line 735]
Event: 457.890 Thread 0x0000000061225800 Exception <a 'sun/net/ConnectionResetException': > (0x00000000e3340e58) thrown at [C:\workspace\8-2-build-windows-amd64-cygwin\jdk8u65\4987\hotspot\src\share\vm\prims\jni.cpp, line 735]

Events (10 events):
Event: 457.715 Executing VM operation: ParallelGCFailedAllocation done
Event: 457.786 Executing VM operation: ParallelGCFailedAllocation
Event: 457.787 Executing VM operation: ParallelGCFailedAllocation done
Event: 457.852 Executing VM operation: ParallelGCFailedAllocation
Event: 457.853 Executing VM operation: ParallelGCFailedAllocation done
Event: 457.890 Executing VM operation: RevokeBias
Event: 457.891 Executing VM operation: RevokeBias done
Event: 457.891 Thread 0x0000000061225800 Thread exited: 0x0000000061225800
Event: 457.914 Executing VM operation: ParallelGCFailedAllocation
Event: 457.914 Executing VM operation: ParallelGCFailedAllocation done


Dynamic libraries:
0x000000013ffa0000 - 0x000000013ffd7000 	C:\Program Files\Java\jdk1.8.0_65\bin\java.exe
0x0000000077470000 - 0x000000007761a000 	C:\Windows\SYSTEM32\ntdll.dll
0x0000000077350000 - 0x000000007746f000 	C:\Windows\system32\kernel32.dll
0x000007fefd510000 - 0x000007fefd57b000 	C:\Windows\system32\KERNELBASE.dll
0x000007fefe370000 - 0x000007fefe44b000 	C:\Windows\system32\ADVAPI32.dll
0x000007fefe100000 - 0x000007fefe19f000 	C:\Windows\system32\msvcrt.dll
0x000007fefda50000 - 0x000007fefda6f000 	C:\Windows\SYSTEM32\sechost.dll
0x000007fefe450000 - 0x000007fefe57d000 	C:\Windows\system32\RPCRT4.dll
0x0000000077250000 - 0x000000007734a000 	C:\Windows\system32\USER32.dll
0x000007fefe1a0000 - 0x000007fefe207000 	C:\Windows\system32\GDI32.dll
0x000007fefe210000 - 0x000007fefe21e000 	C:\Windows\system32\LPK.dll
0x000007fefe2a0000 - 0x000007fefe36a000 	C:\Windows\system32\USP10.dll
0x000007fefbaa0000 - 0x000007fefbc94000 	C:\Windows\WinSxS\amd64_microsoft.windows.common-controls_6595b64144ccf1df_6.0.7601.18837_none_fa3b1e3d17594757\COMCTL32.dll
0x000007fefd5e0000 - 0x000007fefd651000 	C:\Windows\system32\SHLWAPI.dll
0x000007fefd5b0000 - 0x000007fefd5de000 	C:\Windows\system32\IMM32.DLL
0x000007fefdff0000 - 0x000007fefe0f9000 	C:\Windows\system32\MSCTF.dll
0x0000000072c60000 - 0x0000000072d32000 	C:\Program Files\Java\jdk1.8.0_65\jre\bin\msvcr100.dll
0x000000006c1a0000 - 0x000000006ca29000 	C:\Program Files\Java\jdk1.8.0_65\jre\bin\server\jvm.dll
0x000007fef7530000 - 0x000007fef7539000 	C:\Windows\system32\WSOCK32.dll
0x000007fefdef0000 - 0x000007fefdf3d000 	C:\Windows\system32\WS2_32.dll
0x000007fefdfe0000 - 0x000007fefdfe8000 	C:\Windows\system32\NSI.dll
0x000007fefae40000 - 0x000007fefae7b000 	C:\Windows\system32\WINMM.dll
0x000007fefc350000 - 0x000007fefc35c000 	C:\Windows\system32\VERSION.dll
0x0000000077640000 - 0x0000000077647000 	C:\Windows\system32\PSAPI.DLL
0x0000000073be0000 - 0x0000000073bef000 	C:\Program Files\Java\jdk1.8.0_65\jre\bin\verify.dll
0x00000000739e0000 - 0x0000000073a09000 	C:\Program Files\Java\jdk1.8.0_65\jre\bin\java.dll
0x00000000739c0000 - 0x00000000739d6000 	C:\Program Files\Java\jdk1.8.0_65\jre\bin\zip.dll
0x000007fefe580000 - 0x000007feff30a000 	C:\Windows\system32\SHELL32.dll
0x000007fefdc00000 - 0x000007fefde03000 	C:\Windows\system32\ole32.dll
0x000007fefd1f0000 - 0x000007fefd1ff000 	C:\Windows\system32\profapi.dll
0x0000000073340000 - 0x000000007335a000 	C:\Program Files\Java\jdk1.8.0_65\jre\bin\net.dll
0x0000000180000000 - 0x0000000180024000 	C:\Program Files (x86)\Common Files\NSL\nslsp64.dll
0x000007fefc990000 - 0x000007fefc9e5000 	C:\Windows\system32\mswsock.dll
0x000007fefc980000 - 0x000007fefc987000 	C:\Windows\System32\wship6.dll
0x0000000002160000 - 0x00000000021b1000 	G:\OGPC 2016\OGPC 2016 Java\natives\lwjgl64.dll
0x000007fef3b80000 - 0x000007fef3c9d000 	C:\Windows\system32\OPENGL32.dll
0x000007fef8e70000 - 0x000007fef8e9d000 	C:\Windows\system32\GLU32.dll
0x000007feee740000 - 0x000007feee831000 	C:\Windows\system32\DDRAW.dll
0x000007fef9f60000 - 0x000007fef9f68000 	C:\Windows\system32\DCIMAN32.dll
0x000007feff5a0000 - 0x000007feff777000 	C:\Windows\system32\SETUPAPI.dll
0x000007fefd490000 - 0x000007fefd4c6000 	C:\Windows\system32\CFGMGR32.dll
0x000007fefde10000 - 0x000007fefdee8000 	C:\Windows\system32\OLEAUT32.dll
0x000007fefd3b0000 - 0x000007fefd3ca000 	C:\Windows\system32\DEVOBJ.dll
0x000007fefb4f0000 - 0x000007fefb508000 	C:\Windows\system32\dwmapi.dll
0x000007fefba40000 - 0x000007fefba96000 	C:\Windows\system32\uxtheme.dll
0x00000000121b0000 - 0x00000000121f1000 	C:\Program Files (x86)\NetSupport\NetSupport School\pciappctrl64.dll
0x000007fef4da0000 - 0x000007fef4ec5000 	C:\Windows\system32\dbghelp.dll
0x000007fef9f30000 - 0x000007fef9f48000 	C:\Windows\system32\MPR.dll
0x0000000001d20000 - 0x0000000001d45000 	C:\Program Files (x86)\Common Files\NSL\NSCommonHook64.dll
0x000007fee8da0000 - 0x000007fee95d3000 	C:\Windows\system32\ig7icd64.dll
0x000007feee840000 - 0x000007feeec9f000 	C:\Windows\system32\igdusc64.dll
0x000007fefc070000 - 0x000007fefc081000 	C:\Windows\system32\WTSAPI32.dll
0x000007fefd130000 - 0x000007fefd13f000 	C:\Windows\system32\CRYPTBASE.dll
0x000007feedd20000 - 0x000007feeddbc000 	C:\Windows\system32\mscms.dll
0x000007fefd580000 - 0x000007fefd59e000 	C:\Windows\system32\USERENV.dll
0x000007fef8ed0000 - 0x000007fef8f12000 	C:\Windows\system32\icm32.dll
0x0000000072710000 - 0x00000000728a8000 	C:\Program Files\Java\jdk1.8.0_65\jre\bin\awt.dll
0x000007fefbd30000 - 0x000007fefbd3a000 	C:\Windows\System32\drprov.dll
0x000007fefd0f0000 - 0x000007fefd12d000 	C:\Windows\System32\WINSTA.dll
0x000007fef9d70000 - 0x000007fef9d92000 	C:\Windows\System32\ntlanman.dll
0x000007fefa120000 - 0x000007fefa13d000 	C:\Windows\System32\davclnt.dll
0x000007fefb760000 - 0x000007fefb76a000 	C:\Windows\System32\DAVHLPR.dll
0x0000000072c10000 - 0x0000000072c57000 	C:\Program Files\Java\jdk1.8.0_65\jre\bin\fontmanager.dll
0x00000000733b0000 - 0x00000000733c1000 	C:\Program Files\Java\jdk1.8.0_65\jre\bin\nio.dll
0x0000000072bc0000 - 0x0000000072c02000 	C:\Program Files\Java\jdk1.8.0_65\jre\bin\t2k.dll

VM Arguments:
jvm_args: -Dfile.encoding=UTF-8 -Dorg.lwjgl.opengl.Display.allowSoftwareOpenGL=true 
java_command: invisibleman.Server
java_class_path (initial): G:\OGPC 2016\OGPC 2016 Java\lib\jfxrt.jar;G:\OGPC 2016\OGPC 2016 Java\lib\jinput.jar;G:\OGPC 2016\OGPC 2016 Java\lib\lwjgl.jar;G:\OGPC 2016\OGPC 2016 Java\lib\lwjgl_util.jar;G:\OGPC 2016\OGPC 2016 Java\lib\slick-util.jar;G:\OGPC 2016\OGPC 2016 Java\lib\protonpack-1.1.jar;G:\OGPC 2016\OGPC 2016 Java\lib\Forge.jar;G:\OGPC 2016\OGPC 2016 Java\build\classes
Launcher Type: SUN_STANDARD

Environment Variables:
PATH=C:\Program Files\Common Files\Microsoft Shared\Windows Live;C:\Program Files (x86)\Common Files\Microsoft Shared\Windows Live;C:\ProgramData\Oracle\Java\javapath;C:\Windows\system32;C:\Windows;C:\Windows\System32\Wbem;C:\Windows\System32\WindowsPowerShell\v1.0\;C:\Program Files\Intel\WiFi\bin\;C:\Program Files\Common Files\Intel\WirelessCommon\;C:\Program Files (x86)\Intel\OpenCL SDK\2.0\bin\x86;C:\Program Files (x86)\Intel\OpenCL SDK\2.0\bin\x64;C:\SWTOOLS\ReadyApps;C:\Program Files (x86)\QuickTime\QTSystem\;C:\Program Files (x86)\Windows Live\Shared;C:\Program Files\Intel\WiFi\bin\;C:\Program Files\Common Files\Intel\WirelessCommon\
USERNAME=RSoiffer16
OS=Windows_NT
PROCESSOR_IDENTIFIER=Intel64 Family 6 Model 58 Stepping 9, GenuineIntel



---------------  S Y S T E M  ---------------

OS: Windows 7 , 64 bit Build 7601 (6.1.7601.19160)

CPU:total 4 (2 cores per cpu, 2 threads per core) family 6 model 58 stepping 9, cmov, cx8, fxsr, mmx, sse, sse2, sse3, ssse3, sse4.1, sse4.2, popcnt, avx, clmul, erms, ht, tsc, tscinvbit, tscinv

Memory: 4k page, physical 8186072k(4974512k free), swap 16370308k(12240936k free)

vm_info: Java HotSpot(TM) 64-Bit Server VM (25.65-b01) for windows-amd64 JRE (1.8.0_65-b17), built on Oct  6 2015 16:39:20 by "java_re" with MS VC++ 10.0 (VS2010)

time: Tue Apr 19 14:53:43 2016
elapsed time: 458 seconds (0d 0h 7m 38s)

