#
# A fatal error has been detected by the Java Runtime Environment:
#
#  EXCEPTION_ACCESS_VIOLATION (0xc0000005) at pc=0x000000001a0fd184, pid=2012, tid=9788
#
# JRE version: Java(TM) SE Runtime Environment (8.0_51-b16) (build 1.8.0_51-b16)
# Java VM: Java HotSpot(TM) 64-Bit Server VM (25.51-b03 mixed mode windows-amd64 compressed oops)
# Problematic frame:
# C  [ig7icd64.dll+0x1d184]
#
# Failed to write core dump. Minidumps are not enabled by default on client versions of Windows
#
# If you would like to submit a bug report, please visit:
#   http://bugreport.java.com/bugreport/crash.jsp
# The crash happened outside the Java Virtual Machine in native code.
# See problematic frame for where to report the bug.
#

---------------  T H R E A D  ---------------

Current thread (0x000000000218d800):  JavaThread "main" [_thread_in_native, id=9788, stack(0x00000000021e0000,0x00000000022e0000)]

siginfo: ExceptionCode=0xc0000005, writing address 0x000000001a0aa000

Registers:
RAX=0x0000000000000001, RBX=0x000000001a89e000, RCX=0x000000001a0aa010, RDX=0x000000001edd0300
RSP=0x00000000022ddc90, RBP=0x0000000000000000, RSI=0x000000001a94afb0, RDI=0x000000001edcffa0
R8 =0x0000000000000020, R9 =0x0000000000000000, R10=0x0000000000000001, R11=0x0000000000000002
R12=0x0000000000000000, R13=0x000000001ed82a30, R14=0x000000001a94ccc0, R15=0x0000000000000000
RIP=0x000000001a0fd184, EFLAGS=0x0000000000010206

Top of Stack: (sp=0x00000000022ddc90)
0x00000000022ddc90:   000000001a89e000 0000000000000001
0x00000000022ddca0:   000000001ef35570 0000000000000028
0x00000000022ddcb0:   000000001a9236a8 0000000000000028
0x00000000022ddcc0:   000000001bf24940 000000001a50af88
0x00000000022ddcd0:   000000001bf23520 000000001a300ac8
0x00000000022ddce0:   000000001a89e000 000000001bf236a0
0x00000000022ddcf0:   000000001bf24940 000000001a154c89
0x00000000022ddd00:   000000001bf23520 000000001a4d64de
0x00000000022ddd10:   000000001edd02f0 0000000000000000
0x00000000022ddd20:   0000000000000000 0000000000000000
0x00000000022ddd30:   000000001ee5fdd0 0000000000000002
0x00000000022ddd40:   0000000000000002 000000001ed84f80
0x00000000022ddd50:   000000001a89e000 000000001edd00fc
0x00000000022ddd60:   000000001edcffa0 000000001a332a54
0x00000000022ddd70:   00000000022dde09 000000001eea0e01
0x00000000022ddd80:   000000001edd00fc 0000000000000000 

Instructions: (pc=0x000000001a0fd184)
0x000000001a0fd164:   d1 49 c1 eb 04 4d 85 db 0f 84 24 02 00 00 f3 0f
0x000000001a0fd174:   6f 02 41 ff c2 48 83 c1 10 41 8b c2 48 83 c2 10
0x000000001a0fd184:   f3 0f 7f 41 f0 49 3b c3 72 e4 e9 03 02 00 00 48
0x000000001a0fd194:   89 7c 24 40 8b f9 83 e7 0f 74 68 48 89 5c 24 50 


Register to memory mapping:

RAX=0x0000000000000001 is an unknown value
RBX=0x000000001a89e000 is an unknown value
RCX=0x000000001a0aa010 is an unknown value
RDX=0x000000001edd0300 is an unknown value
RSP=0x00000000022ddc90 is pointing into the stack for thread: 0x000000000218d800
RBP=0x0000000000000000 is an unknown value
RSI=0x000000001a94afb0 is an unknown value
RDI=0x000000001edcffa0 is an unknown value
R8 =0x0000000000000020 is an unknown value
R9 =0x0000000000000000 is an unknown value
R10=0x0000000000000001 is an unknown value
R11=0x0000000000000002 is an unknown value
R12=0x0000000000000000 is an unknown value
R13=0x000000001ed82a30 is an unknown value
R14=0x000000001a94ccc0 is an unknown value
R15=0x0000000000000000 is an unknown value


Stack: [0x00000000021e0000,0x00000000022e0000],  sp=0x00000000022ddc90,  free space=1015k
Native frames: (J=compiled Java code, j=interpreted, Vv=VM code, C=native code)

Java frames: (J=compiled Java code, j=interpreted, Vv=VM code)
J 1811  org.lwjgl.opengl.GL11.nglCallList(IJ)V (0 bytes) @ 0x00000000029f3f84 [0x00000000029f3f40+0x44]
J 1877 C2 map.CubeMap$$Lambda$124.accept(Ljava/lang/Object;)V (16 bytes) @ 0x0000000002a78c98 [0x0000000002a78bc0+0xd8]
J 1506 C2 util.Util.forRange(IILjava/util/function/Consumer;)V (24 bytes) @ 0x00000000028ca890 [0x00000000028ca820+0x70]
J 1816 C1 map.CubeMap$$Lambda$123.accept(Ljava/lang/Object;Ljava/lang/Object;)V (12 bytes) @ 0x0000000002a16a8c [0x0000000002a16460+0x62c]
J 1731 C2 util.Util.lambda$null$313(Ljava/util/function/BiConsumer;Ljava/lang/Integer;Ljava/lang/Integer;)V (9 bytes) @ 0x000000000297a29c [0x000000000297a280+0x1c]
J 1730 C2 util.Util$$Lambda$65.accept(Ljava/lang/Object;)V (20 bytes) @ 0x0000000002981420 [0x0000000002981340+0xe0]
J 1506 C2 util.Util.forRange(IILjava/util/function/Consumer;)V (24 bytes) @ 0x00000000028ca890 [0x00000000028ca820+0x70]
J 1767 C1 util.Util.forRange(IIIILjava/util/function/BiConsumer;)V (15 bytes) @ 0x00000000029b3104 [0x00000000029b2cc0+0x444]
j  map.CubeMap.drawAll()V+45
j  map.Editor.lambda$start$9()V+0
j  map.Editor$$Lambda$82.run()V+0
J 1021 C1 engine.EventStream$$Lambda$2.accept(Ljava/lang/Object;)V (12 bytes) @ 0x0000000002768e14 [0x0000000002768be0+0x234]
J 1937 C2 engine.EventStream$$Lambda$33.accept(Ljava/lang/Object;)V (10 bytes) @ 0x0000000002aad978 [0x0000000002aad920+0x58]
J 1453 C2 java.util.ArrayList.forEach(Ljava/util/function/Consumer;)V (75 bytes) @ 0x000000000288b098 [0x000000000288afe0+0xb8]
J 1832 C1 engine.Core$$Lambda$53.accept(Ljava/lang/Object;)V (8 bytes) @ 0x0000000002a46024 [0x0000000002a45bc0+0x464]
J 1109 C1 java.lang.Iterable.forEach(Ljava/util/function/Consumer;)V (39 bytes) @ 0x00000000027a0acc [0x00000000027a07e0+0x2ec]
J 945% C2 engine.Core.run()V (114 bytes) @ 0x00000000027445e8 [0x0000000002744520+0xc8]
j  map.Editor.start(Ljava/lang/String;)V+481
j  guis.Play.recieve(Ljava/lang/String;Ljava/lang/Object;)V+131
j  gui.components.GUIButton.send()V+68
j  gui.TypingManager.compOpen(Lgui/types/GUIInputComponent;)V+24
j  gui.TypingManager.lambda$null$1()V+93
j  gui.TypingManager$$Lambda$35.run()V+0
J 1021 C1 engine.EventStream$$Lambda$2.accept(Ljava/lang/Object;)V (12 bytes) @ 0x0000000002768e14 [0x0000000002768be0+0x234]
J 1014 C1 engine.EventStream$$Lambda$3.run()V (12 bytes) @ 0x0000000002766894 [0x0000000002766740+0x154]
J 1013 C1 engine.EventStream$$Lambda$33.accept(Ljava/lang/Object;)V (10 bytes) @ 0x00000000027663c4 [0x00000000027661c0+0x204]
J 967 C1 java.util.ArrayList.forEach(Ljava/util/function/Consumer;)V (75 bytes) @ 0x000000000275404c [0x0000000002753e40+0x20c]
J 1024 C1 engine.Signal.set(Ljava/lang/Object;)V (10 bytes) @ 0x000000000276a89c [0x000000000276a500+0x39c]
j  engine.Signal.lambda$filter$27(Ljava/util/function/Predicate;Lengine/Signal;)V+18
j  engine.Signal$$Lambda$5.accept(Ljava/lang/Object;)V+12
J 1014 C1 engine.EventStream$$Lambda$3.run()V (12 bytes) @ 0x0000000002766894 [0x0000000002766740+0x154]
J 1013 C1 engine.EventStream$$Lambda$33.accept(Ljava/lang/Object;)V (10 bytes) @ 0x00000000027663c4 [0x00000000027661c0+0x204]
J 967 C1 java.util.ArrayList.forEach(Ljava/util/function/Consumer;)V (75 bytes) @ 0x000000000275404c [0x0000000002753e40+0x20c]
J 1024 C1 engine.Signal.set(Ljava/lang/Object;)V (10 bytes) @ 0x000000000276a89c [0x000000000276a500+0x39c]
j  engine.Input.lambda$static$0()V+156
j  engine.Input$$Lambda$1.run()V+0
J 1021 C1 engine.EventStream$$Lambda$2.accept(Ljava/lang/Object;)V (12 bytes) @ 0x0000000002768e14 [0x0000000002768be0+0x234]
J 1014 C1 engine.EventStream$$Lambda$3.run()V (12 bytes) @ 0x0000000002766894 [0x0000000002766740+0x154]
J 1013 C1 engine.EventStream$$Lambda$33.accept(Ljava/lang/Object;)V (10 bytes) @ 0x00000000027663c4 [0x00000000027661c0+0x204]
J 967 C1 java.util.ArrayList.forEach(Ljava/util/function/Consumer;)V (75 bytes) @ 0x000000000275404c [0x0000000002753e40+0x20c]
J 1024 C1 engine.Signal.set(Ljava/lang/Object;)V (10 bytes) @ 0x000000000276a89c [0x000000000276a500+0x39c]
j  engine.Core.lambda$run$36(DLengine/Signal;)V+5
j  engine.Core$$Lambda$49.accept(Ljava/lang/Object;)V+8
J 1109 C1 java.lang.Iterable.forEach(Ljava/util/function/Consumer;)V (39 bytes) @ 0x00000000027a0acc [0x00000000027a07e0+0x2ec]
J 945% C2 engine.Core.run()V (114 bytes) @ 0x00000000027445b4 [0x0000000002744520+0x94]
j  invisibleman.Client.main([Ljava/lang/String;)V+139
v  ~StubRoutines::call_stub

---------------  P R O C E S S  ---------------

Java Threads: ( => current thread )
  0x000000001e254800 JavaThread "AWT-Windows" daemon [_thread_in_native, id=6180, stack(0x000000001f760000,0x000000001f860000)]
  0x000000001e24f000 JavaThread "Java2D Disposer" daemon [_thread_blocked, id=9140, stack(0x000000001f560000,0x000000001f660000)]
  0x00000000193b3800 JavaThread "Service Thread" daemon [_thread_blocked, id=5640, stack(0x0000000019cf0000,0x0000000019df0000)]
  0x000000001931e800 JavaThread "C1 CompilerThread3" daemon [_thread_blocked, id=6368, stack(0x0000000019bf0000,0x0000000019cf0000)]
  0x0000000019319800 JavaThread "C2 CompilerThread2" daemon [_thread_in_native, id=2876, stack(0x0000000019af0000,0x0000000019bf0000)]
  0x0000000019315800 JavaThread "C2 CompilerThread1" daemon [_thread_blocked, id=9932, stack(0x00000000199f0000,0x0000000019af0000)]
  0x0000000019325000 JavaThread "C2 CompilerThread0" daemon [_thread_blocked, id=12280, stack(0x00000000198f0000,0x00000000199f0000)]
  0x0000000019322800 JavaThread "Attach Listener" daemon [_thread_blocked, id=9920, stack(0x00000000197f0000,0x00000000198f0000)]
  0x0000000019321800 JavaThread "Signal Dispatcher" daemon [_thread_blocked, id=3668, stack(0x00000000196f0000,0x00000000197f0000)]
  0x00000000023da800 JavaThread "Finalizer" daemon [_thread_blocked, id=5468, stack(0x00000000191f0000,0x00000000192f0000)]
  0x00000000023d4000 JavaThread "Reference Handler" daemon [_thread_blocked, id=11328, stack(0x00000000190f0000,0x00000000191f0000)]
=>0x000000000218d800 JavaThread "main" [_thread_in_native, id=9788, stack(0x00000000021e0000,0x00000000022e0000)]

Other Threads:
  0x0000000017319800 VMThread [stack: 0x0000000018ff0000,0x00000000190f0000] [id=9376]
  0x00000000193bd800 WatcherThread [stack: 0x0000000019df0000,0x0000000019ef0000] [id=9516]

VM state:not at safepoint (normal execution)

VM Mutex/Monitor currently owned by a thread: None

Heap:
 PSYoungGen      total 196096K, used 137168K [0x00000000d6000000, 0x00000000f2e80000, 0x0000000100000000)
  eden space 195584K, 70% used [0x00000000d6000000,0x00000000de5ec010,0x00000000e1f00000)
  from space 512K, 6% used [0x00000000f2e00000,0x00000000f2e08000,0x00000000f2e80000)
  to   space 3072K, 0% used [0x00000000f2880000,0x00000000f2880000,0x00000000f2b80000)
 ParOldGen       total 86016K, used 14134K [0x0000000082000000, 0x0000000087400000, 0x00000000d6000000)
  object space 86016K, 16% used [0x0000000082000000,0x0000000082dcd818,0x0000000087400000)
 Metaspace       used 10692K, capacity 11251K, committed 11520K, reserved 1058816K
  class space    used 1114K, capacity 1244K, committed 1280K, reserved 1048576K

Card table byte_map: [0x00000000117a0000,0x0000000011ba0000] byte_map_base: 0x0000000011390000

Marking Bits: (ParMarkBitMap*) 0x0000000058f24040
 Begin Bits: [0x0000000012640000, 0x00000000145c0000)
 End Bits:   [0x00000000145c0000, 0x0000000016540000)

Polling page: 0x00000000009c0000

CodeCache: size=245760Kb used=7047Kb max_used=7055Kb free=238712Kb
 bounds [0x00000000023e0000, 0x0000000002ad0000, 0x00000000113e0000]
 total_blobs=2530 nmethods=1960 adapters=483
 compilation: enabled

Compilation events (10 events):
Event: 8.551 Thread 0x0000000019315800 nmethod 1965 0x0000000002ac4dd0 code [0x0000000002ac4f20, 0x0000000002ac4ff8]
Event: 8.551 Thread 0x0000000019315800 1972       4       map.CubeMap$$Lambda$112/1021436681::apply (14 bytes)
Event: 8.551 Thread 0x0000000019325000 nmethod 1966 0x0000000002ac1f50 code [0x0000000002ac2080, 0x0000000002ac20f8]
Event: 8.551 Thread 0x0000000019325000 1970       4       map.CubeMap::isSolid (20 bytes)
Event: 8.553 Thread 0x0000000019315800 nmethod 1972 0x0000000002abebd0 code [0x0000000002abed60, 0x0000000002abef78]
Event: 8.553 Thread 0x0000000019315800 1974       4       map.CubeMap::getCube (80 bytes)
Event: 8.558 Thread 0x0000000019315800 nmethod 1974 0x0000000002ac2ed0 code [0x0000000002ac3080, 0x0000000002ac3618]
Event: 8.561 Thread 0x0000000019315800 1975       4       java.util.stream.ReferencePipeline$5::opWrapSink (10 bytes)
Event: 8.562 Thread 0x0000000019315800 nmethod 1975 0x0000000002ac4510 code [0x0000000002ac4660, 0x0000000002ac47d8]
Event: 8.562 Thread 0x0000000019325000 nmethod 1970 0x0000000002ac6bd0 code [0x0000000002ac6de0, 0x0000000002ac7958]

GC Heap History (10 events):
Event: 6.326 GC heap before
{Heap before GC invocations=34 (full 0):
 PSYoungGen      total 145408K, used 141472K [0x00000000d6000000, 0x00000000f3780000, 0x0000000100000000)
  eden space 141312K, 100% used [0x00000000d6000000,0x00000000dea00000,0x00000000dea00000)
  from space 4096K, 3% used [0x00000000f2f80000,0x00000000f2fa8000,0x00000000f3380000)
  to   space 4096K, 0% used [0x00000000f3380000,0x00000000f3380000,0x00000000f3780000)
 ParOldGen       total 86016K, used 14134K [0x0000000082000000, 0x0000000087400000, 0x00000000d6000000)
  object space 86016K, 16% used [0x0000000082000000,0x0000000082dcd818,0x0000000087400000)
 Metaspace       used 10478K, capacity 11045K, committed 11264K, reserved 1058816K
  class space    used 1093K, capacity 1231K, committed 1280K, reserved 1048576K
Event: 6.327 GC heap after
Heap after GC invocations=34 (full 0):
 PSYoungGen      total 136192K, used 96K [0x00000000d6000000, 0x00000000f3400000, 0x0000000100000000)
  eden space 135680K, 0% used [0x00000000d6000000,0x00000000d6000000,0x00000000de480000)
  from space 512K, 18% used [0x00000000f3380000,0x00000000f3398000,0x00000000f3400000)
  to   space 3584K, 0% used [0x00000000f2d00000,0x00000000f2d00000,0x00000000f3080000)
 ParOldGen       total 86016K, used 14134K [0x0000000082000000, 0x0000000087400000, 0x00000000d6000000)
  object space 86016K, 16% used [0x0000000082000000,0x0000000082dcd818,0x0000000087400000)
 Metaspace       used 10478K, capacity 11045K, committed 11264K, reserved 1058816K
  class space    used 1093K, capacity 1231K, committed 1280K, reserved 1048576K
}
Event: 6.373 GC heap before
{Heap before GC invocations=35 (full 0):
 PSYoungGen      total 136192K, used 135776K [0x00000000d6000000, 0x00000000f3400000, 0x0000000100000000)
  eden space 135680K, 100% used [0x00000000d6000000,0x00000000de480000,0x00000000de480000)
  from space 512K, 18% used [0x00000000f3380000,0x00000000f3398000,0x00000000f3400000)
  to   space 3584K, 0% used [0x00000000f2d00000,0x00000000f2d00000,0x00000000f3080000)
 ParOldGen       total 86016K, used 14134K [0x0000000082000000, 0x0000000087400000, 0x00000000d6000000)
  object space 86016K, 16% used [0x0000000082000000,0x0000000082dcd818,0x0000000087400000)
 Metaspace       used 10478K, capacity 11045K, committed 11264K, reserved 1058816K
  class space    used 1093K, capacity 1231K, committed 1280K, reserved 1048576K
Event: 6.374 GC heap after
Heap after GC invocations=35 (full 0):
 PSYoungGen      total 134144K, used 160K [0x00000000d6000000, 0x00000000f3400000, 0x0000000100000000)
  eden space 130560K, 0% used [0x00000000d6000000,0x00000000d6000000,0x00000000ddf80000)
  from space 3584K, 4% used [0x00000000f2d00000,0x00000000f2d28000,0x00000000f3080000)
  to   space 3584K, 0% used [0x00000000f3080000,0x00000000f3080000,0x00000000f3400000)
 ParOldGen       total 86016K, used 14134K [0x0000000082000000, 0x0000000087400000, 0x00000000d6000000)
  object space 86016K, 16% used [0x0000000082000000,0x0000000082dcd818,0x0000000087400000)
 Metaspace       used 10478K, capacity 11045K, committed 11264K, reserved 1058816K
  class space    used 1093K, capacity 1231K, committed 1280K, reserved 1048576K
}
Event: 6.414 GC heap before
{Heap before GC invocations=36 (full 0):
 PSYoungGen      total 134144K, used 130720K [0x00000000d6000000, 0x00000000f3400000, 0x0000000100000000)
  eden space 130560K, 100% used [0x00000000d6000000,0x00000000ddf80000,0x00000000ddf80000)
  from space 3584K, 4% used [0x00000000f2d00000,0x00000000f2d28000,0x00000000f3080000)
  to   space 3584K, 0% used [0x00000000f3080000,0x00000000f3080000,0x00000000f3400000)
 ParOldGen       total 86016K, used 14134K [0x0000000082000000, 0x0000000087400000, 0x00000000d6000000)
  object space 86016K, 16% used [0x0000000082000000,0x0000000082dcd818,0x0000000087400000)
 Metaspace       used 10478K, capacity 11045K, committed 11264K, reserved 1058816K
  class space    used 1093K, capacity 1231K, committed 1280K, reserved 1048576K
Event: 6.415 GC heap after
Heap after GC invocations=36 (full 0):
 PSYoungGen      total 163840K, used 96K [0x00000000d6000000, 0x00000000f3100000, 0x0000000100000000)
  eden space 163328K, 0% used [0x00000000d6000000,0x00000000d6000000,0x00000000dff80000)
  from space 512K, 18% used [0x00000000f3080000,0x00000000f3098000,0x00000000f3100000)
  to   space 3072K, 0% used [0x00000000f2b00000,0x00000000f2b00000,0x00000000f2e00000)
 ParOldGen       total 86016K, used 14134K [0x0000000082000000, 0x0000000087400000, 0x00000000d6000000)
  object space 86016K, 16% used [0x0000000082000000,0x0000000082dcd818,0x0000000087400000)
 Metaspace       used 10478K, capacity 11045K, committed 11264K, reserved 1058816K
  class space    used 1093K, capacity 1231K, committed 1280K, reserved 1048576K
}
Event: 6.470 GC heap before
{Heap before GC invocations=37 (full 0):
 PSYoungGen      total 163840K, used 163424K [0x00000000d6000000, 0x00000000f3100000, 0x0000000100000000)
  eden space 163328K, 100% used [0x00000000d6000000,0x00000000dff80000,0x00000000dff80000)
  from space 512K, 18% used [0x00000000f3080000,0x00000000f3098000,0x00000000f3100000)
  to   space 3072K, 0% used [0x00000000f2b00000,0x00000000f2b00000,0x00000000f2e00000)
 ParOldGen       total 86016K, used 14134K [0x0000000082000000, 0x0000000087400000, 0x00000000d6000000)
  object space 86016K, 16% used [0x0000000082000000,0x0000000082dcd818,0x0000000087400000)
 Metaspace       used 10478K, capacity 11045K, committed 11264K, reserved 1058816K
  class space    used 1093K, capacity 1231K, committed 1280K, reserved 1048576K
Event: 6.471 GC heap after
Heap after GC invocations=37 (full 0):
 PSYoungGen      total 207360K, used 64K [0x00000000d6000000, 0x00000000f3100000, 0x0000000100000000)
  eden space 204288K, 0% used [0x00000000d6000000,0x00000000d6000000,0x00000000e2780000)
  from space 3072K, 2% used [0x00000000f2b00000,0x00000000f2b10000,0x00000000f2e00000)
  to   space 3072K, 0% used [0x00000000f2e00000,0x00000000f2e00000,0x00000000f3100000)
 ParOldGen       total 86016K, used 14134K [0x0000000082000000, 0x0000000087400000, 0x00000000d6000000)
  object space 86016K, 16% used [0x0000000082000000,0x0000000082dcd818,0x0000000087400000)
 Metaspace       used 10478K, capacity 11045K, committed 11264K, reserved 1058816K
  class space    used 1093K, capacity 1231K, committed 1280K, reserved 1048576K
}
Event: 6.539 GC heap before
{Heap before GC invocations=38 (full 0):
 PSYoungGen      total 207360K, used 204352K [0x00000000d6000000, 0x00000000f3100000, 0x0000000100000000)
  eden space 204288K, 100% used [0x00000000d6000000,0x00000000e2780000,0x00000000e2780000)
  from space 3072K, 2% used [0x00000000f2b00000,0x00000000f2b10000,0x00000000f2e00000)
  to   space 3072K, 0% used [0x00000000f2e00000,0x00000000f2e00000,0x00000000f3100000)
 ParOldGen       total 86016K, used 14134K [0x0000000082000000, 0x0000000087400000, 0x00000000d6000000)
  object space 86016K, 16% used [0x0000000082000000,0x0000000082dcd818,0x0000000087400000)
 Metaspace       used 10478K, capacity 11045K, committed 11264K, reserved 1058816K
  class space    used 1093K, capacity 1231K, committed 1280K, reserved 1048576K
Event: 6.540 GC heap after
Heap after GC invocations=38 (full 0):
 PSYoungGen      total 196096K, used 32K [0x00000000d6000000, 0x00000000f2e80000, 0x0000000100000000)
  eden space 195584K, 0% used [0x00000000d6000000,0x00000000d6000000,0x00000000e1f00000)
  from space 512K, 6% used [0x00000000f2e00000,0x00000000f2e08000,0x00000000f2e80000)
  to   space 3072K, 0% used [0x00000000f2880000,0x00000000f2880000,0x00000000f2b80000)
 ParOldGen       total 86016K, used 14134K [0x0000000082000000, 0x0000000087400000, 0x00000000d6000000)
  object space 86016K, 16% used [0x0000000082000000,0x0000000082dcd818,0x0000000087400000)
 Metaspace       used 10478K, capacity 11045K, committed 11264K, reserved 1058816K
  class space    used 1093K, capacity 1231K, committed 1280K, reserved 1048576K
}

Deoptimization events (10 events):
Event: 6.031 Thread 0x000000000218d800 Uncommon trap: reason=unstable_if action=reinterpret pc=0x0000000002993e98 method=map.CubeMap.getCube(Lutil/Vec3;)Lmap/CubeData; @ 35
Event: 6.046 Thread 0x000000000218d800 Uncommon trap: reason=unstable_if action=reinterpret pc=0x00000000029d1fec method=map.CubeMap.getCube(Lutil/Vec3;)Lmap/CubeData; @ 35
Event: 6.046 Thread 0x000000000218d800 Uncommon trap: reason=unstable_if action=reinterpret pc=0x00000000029b48ec method=map.CubeMap.getCube(Lutil/Vec3;)Lmap/CubeData; @ 35
Event: 7.266 Thread 0x000000000218d800 Uncommon trap: reason=unstable_if action=reinterpret pc=0x00000000029f3164 method=java.lang.StrictMath.floorOrCeil(DDDD)D @ 90
Event: 7.267 Thread 0x000000000218d800 Uncommon trap: reason=unstable_if action=reinterpret pc=0x00000000028e38a8 method=java.lang.StrictMath.floorOrCeil(DDDD)D @ 90
Event: 7.267 Thread 0x000000000218d800 Uncommon trap: reason=unstable_if action=reinterpret pc=0x000000000285ec9c method=java.lang.StrictMath.floorOrCeil(DDDD)D @ 90
Event: 8.532 Thread 0x000000000218d800 Uncommon trap: reason=bimorphic action=maybe_recompile pc=0x0000000002927d58 method=java.util.stream.AbstractPipeline.<init>(Ljava/util/stream/AbstractPipeline;I)V @ 66
Event: 8.536 Thread 0x000000000218d800 Uncommon trap: reason=bimorphic action=maybe_recompile pc=0x000000000292d650 method=java.util.stream.AbstractPipeline.copyInto(Ljava/util/stream/Sink;Ljava/util/Spliterator;)V @ 20
Event: 8.536 Thread 0x000000000218d800 Uncommon trap: reason=unstable_if action=reinterpret pc=0x0000000002947018 method=java.util.Spliterator.getExactSizeIfKnown()J @ 9
Event: 8.537 Thread 0x000000000218d800 Uncommon trap: reason=bimorphic action=maybe_recompile pc=0x00000000029273c0 method=java.util.stream.AbstractPipeline.wrapSink(Ljava/util/stream/Sink;)Ljava/util/stream/Sink; @ 23

Internal exceptions (10 events):
Event: 0.203 Thread 0x000000000218d800 Exception <a 'java/security/PrivilegedActionException'> (0x00000000d61fc798) thrown at [C:\re\workspace\8-2-build-windows-amd64-cygwin\jdk8u51\3951\hotspot\src\share\vm\prims\jvm.cpp, line 1382]
Event: 0.203 Thread 0x000000000218d800 Exception <a 'java/security/PrivilegedActionException'> (0x00000000d61fc950) thrown at [C:\re\workspace\8-2-build-windows-amd64-cygwin\jdk8u51\3951\hotspot\src\share\vm\prims\jvm.cpp, line 1382]
Event: 0.426 Thread 0x000000000218d800 Exception <a 'java/lang/NoSuchFieldError': method resolution failed> (0x00000000d65eb1c0) thrown at [C:\re\workspace\8-2-build-windows-amd64-cygwin\jdk8u51\3951\hotspot\src\share\vm\prims\methodHandles.cpp, line 1125]
Event: 0.427 Thread 0x000000000218d800 Exception <a 'java/lang/NoSuchFieldError': method resolution failed> (0x00000000d65f9890) thrown at [C:\re\workspace\8-2-build-windows-amd64-cygwin\jdk8u51\3951\hotspot\src\share\vm\prims\methodHandles.cpp, line 1125]
Event: 0.454 Thread 0x000000000218d800 Exception <a 'java/security/PrivilegedActionException'> (0x00000000d66bcb78) thrown at [C:\re\workspace\8-2-build-windows-amd64-cygwin\jdk8u51\3951\hotspot\src\share\vm\prims\jvm.cpp, line 1382]
Event: 0.454 Thread 0x000000000218d800 Exception <a 'java/security/PrivilegedActionException'> (0x00000000d66bcd30) thrown at [C:\re\workspace\8-2-build-windows-amd64-cygwin\jdk8u51\3951\hotspot\src\share\vm\prims\jvm.cpp, line 1382]
Event: 0.455 Thread 0x000000000218d800 Exception <a 'java/security/PrivilegedActionException'> (0x00000000d66c0ac8) thrown at [C:\re\workspace\8-2-build-windows-amd64-cygwin\jdk8u51\3951\hotspot\src\share\vm\prims\jvm.cpp, line 1382]
Event: 0.455 Thread 0x000000000218d800 Exception <a 'java/security/PrivilegedActionException'> (0x00000000d66c0c80) thrown at [C:\re\workspace\8-2-build-windows-amd64-cygwin\jdk8u51\3951\hotspot\src\share\vm\prims\jvm.cpp, line 1382]
Event: 0.458 Thread 0x000000000218d800 Exception <a 'java/io/FileNotFoundException'> (0x00000000d66c2fa8) thrown at [C:\re\workspace\8-2-build-windows-amd64-cygwin\jdk8u51\3951\hotspot\src\share\vm\prims\jni.cpp, line 709]
Event: 0.480 Thread 0x000000000218d800 Exception <a 'java/io/FileNotFoundException'> (0x00000000d6703210) thrown at [C:\re\workspace\8-2-build-windows-amd64-cygwin\jdk8u51\3951\hotspot\src\share\vm\prims\jni.cpp, line 709]

Events (10 events):
Event: 8.538 loading class map/CubeData
Event: 8.538 loading class map/CubeData done
Event: 8.538 loading class util/Mutable
Event: 8.538 loading class util/Mutable done
Event: 8.539 loading class java/lang/Math$RandomNumberGeneratorHolder
Event: 8.539 loading class java/lang/Math$RandomNumberGeneratorHolder done
Event: 8.539 loading class java/util/Random
Event: 8.539 loading class java/util/Random done
Event: 8.539 loading class java/util/concurrent/atomic/AtomicLong
Event: 8.539 loading class java/util/concurrent/atomic/AtomicLong done


Dynamic libraries:
0x00007ff6687b0000 - 0x00007ff6687e7000 	C:\Program Files\Java\jdk1.8.0_51\bin\java.exe
0x00007ffae4ee0000 - 0x00007ffae508d000 	C:\WINDOWS\SYSTEM32\ntdll.dll
0x00007ffae2600000 - 0x00007ffae273e000 	C:\WINDOWS\system32\KERNEL32.DLL
0x00007ffae21b0000 - 0x00007ffae22c5000 	C:\WINDOWS\system32\KERNELBASE.dll
0x00007ffae0bd0000 - 0x00007ffae0c5e000 	C:\WINDOWS\system32\apphelp.dll
0x00007ffad0dc0000 - 0x00007ffad0e13000 	C:\WINDOWS\AppPatch\AppPatch64\AcGenral.DLL
0x00007ffae2ea0000 - 0x00007ffae2f4a000 	C:\WINDOWS\system32\msvcrt.dll
0x00007ffae1e80000 - 0x00007ffae1eae000 	C:\WINDOWS\SYSTEM32\SspiCli.dll
0x00007ffae29f0000 - 0x00007ffae2a44000 	C:\WINDOWS\system32\SHLWAPI.dll
0x00007ffae27b0000 - 0x00007ffae2927000 	C:\WINDOWS\system32\USER32.dll
0x00007ffae4870000 - 0x00007ffae4a04000 	C:\WINDOWS\system32\ole32.dll
0x00007ffae32b0000 - 0x00007ffae47da000 	C:\WINDOWS\system32\SHELL32.dll
0x00007ffae15d0000 - 0x00007ffae15f1000 	C:\WINDOWS\SYSTEM32\USERENV.dll
0x00007ffae2ab0000 - 0x00007ffae2b5a000 	C:\WINDOWS\system32\ADVAPI32.dll
0x00007ffad4490000 - 0x00007ffad44ae000 	C:\WINDOWS\SYSTEM32\MPR.dll
0x00007ffae4d90000 - 0x00007ffae4ed1000 	C:\WINDOWS\system32\RPCRT4.dll
0x00007ffae25a0000 - 0x00007ffae25f9000 	C:\WINDOWS\SYSTEM32\sechost.dll
0x00007ffae4b70000 - 0x00007ffae4d81000 	C:\WINDOWS\SYSTEM32\combase.dll
0x00007ffae2d50000 - 0x00007ffae2ea0000 	C:\WINDOWS\system32\GDI32.dll
0x00007ffae2030000 - 0x00007ffae2045000 	C:\WINDOWS\SYSTEM32\profapi.dll
0x00007ffae0ac0000 - 0x00007ffae0b72000 	C:\WINDOWS\SYSTEM32\SHCORE.dll
0x00007ffae2560000 - 0x00007ffae2596000 	C:\WINDOWS\system32\IMM32.DLL
0x00007ffae4a10000 - 0x00007ffae4b62000 	C:\WINDOWS\system32\MSCTF.dll
0x00007ffadfbf0000 - 0x00007ffadfe6b000 	C:\WINDOWS\WinSxS\amd64_microsoft.windows.common-controls_6595b64144ccf1df_6.0.9600.18006_none_623f33d3ecbe86e8\COMCTL32.dll
0x0000000058640000 - 0x0000000058712000 	C:\Program Files\Java\jdk1.8.0_51\jre\bin\msvcr100.dll
0x0000000058720000 - 0x0000000058fa3000 	C:\Program Files\Java\jdk1.8.0_51\jre\bin\server\jvm.dll
0x00007ffad3810000 - 0x00007ffad3819000 	C:\WINDOWS\SYSTEM32\WSOCK32.dll
0x00007ffaddee0000 - 0x00007ffaddf02000 	C:\WINDOWS\SYSTEM32\WINMM.dll
0x00007ffadf3c0000 - 0x00007ffadf3ca000 	C:\WINDOWS\SYSTEM32\VERSION.dll
0x00007ffae2b60000 - 0x00007ffae2b67000 	C:\WINDOWS\system32\PSAPI.DLL
0x00007ffae4810000 - 0x00007ffae486a000 	C:\WINDOWS\system32\WS2_32.dll
0x00007ffaddeb0000 - 0x00007ffaddeda000 	C:\WINDOWS\SYSTEM32\WINMMBASE.dll
0x00007ffae47f0000 - 0x00007ffae47f9000 	C:\WINDOWS\system32\NSI.dll
0x00007ffae22d0000 - 0x00007ffae231f000 	C:\WINDOWS\SYSTEM32\cfgmgr32.dll
0x00007ffae0e20000 - 0x00007ffae0e48000 	C:\WINDOWS\SYSTEM32\DEVOBJ.dll
0x00000000585f0000 - 0x00000000585ff000 	C:\Program Files\Java\jdk1.8.0_51\jre\bin\verify.dll
0x00000000585c0000 - 0x00000000585e9000 	C:\Program Files\Java\jdk1.8.0_51\jre\bin\java.dll
0x00000000585a0000 - 0x00000000585b6000 	C:\Program Files\Java\jdk1.8.0_51\jre\bin\zip.dll
0x0000000180000000 - 0x0000000180051000 	C:\Users\Rory\Desktop\Programs\Current Projects\OGPC 2016 Java\natives\lwjgl64.dll
0x00007ffad0000000 - 0x00007ffad012b000 	C:\WINDOWS\SYSTEM32\OPENGL32.dll
0x00007ffadafb0000 - 0x00007ffadafde000 	C:\WINDOWS\SYSTEM32\GLU32.dll
0x00007ffadafe0000 - 0x00007ffadb0d8000 	C:\WINDOWS\SYSTEM32\DDRAW.dll
0x00007ffaddd40000 - 0x00007ffaddd49000 	C:\WINDOWS\SYSTEM32\DCIMAN32.dll
0x00007ffae0ca0000 - 0x00007ffae0dc9000 	C:\WINDOWS\system32\uxtheme.dll
0x00007ffadfe70000 - 0x00007ffadfe91000 	C:\WINDOWS\system32\dwmapi.dll
0x00007ffad3ea0000 - 0x00007ffad3ecc000 	C:\WINDOWS\SYSTEM32\nvoglshim64.dll
0x000000001a0e0000 - 0x000000001a85e000 	C:\WINDOWS\system32\ig7icd64.dll
0x00007ffade1c0000 - 0x00007ffade600000 	C:\WINDOWS\SYSTEM32\igdusc64.dll
0x00007ffae0e70000 - 0x00007ffae0e7b000 	C:\WINDOWS\SYSTEM32\kernel.appcore.dll
0x00007ffae1f20000 - 0x00007ffae1f2b000 	C:\WINDOWS\SYSTEM32\CRYPTBASE.dll
0x00007ffae1eb0000 - 0x00007ffae1f13000 	C:\WINDOWS\SYSTEM32\bcryptPrimitives.dll
0x00007ffadd500000 - 0x00007ffadd592000 	C:\WINDOWS\SYSTEM32\mscms.dll
0x00007ffacf810000 - 0x00007ffacf851000 	C:\WINDOWS\SYSTEM32\icm32.dll
0x00007ffae1fd0000 - 0x00007ffae2016000 	C:\WINDOWS\SYSTEM32\powrprof.dll
0x00000000583c0000 - 0x0000000058558000 	C:\Program Files\Java\jdk1.8.0_51\jre\bin\awt.dll
0x00007ffae3120000 - 0x00007ffae31e1000 	C:\WINDOWS\system32\OLEAUT32.dll
0x0000000058370000 - 0x00000000583b7000 	C:\Program Files\Java\jdk1.8.0_51\jre\bin\fontmanager.dll
0x0000000058580000 - 0x000000005859a000 	C:\Program Files\Java\jdk1.8.0_51\jre\bin\net.dll
0x00007ffae1840000 - 0x00007ffae1899000 	C:\WINDOWS\system32\mswsock.dll
0x0000000058560000 - 0x0000000058571000 	C:\Program Files\Java\jdk1.8.0_51\jre\bin\nio.dll
0x0000000058320000 - 0x0000000058362000 	C:\Program Files\Java\jdk1.8.0_51\jre\bin\t2k.dll
0x00007ffae2930000 - 0x00007ffae29e6000 	C:\WINDOWS\SYSTEM32\clbcatq.dll
0x00007ffad5a40000 - 0x00007ffad5bc9000 	C:\WINDOWS\SYSTEM32\dbghelp.dll

VM Arguments:
jvm_args: -Dfile.encoding=UTF-8 -Dorg.lwjgl.opengl.Display.allowSoftwareOpenGL=true 
java_command: invisibleman.Client
java_class_path (initial): C:\Users\Rory\Desktop\Programs\Current Projects\OGPC 2016 Java\lib\jfxrt.jar;C:\Users\Rory\Desktop\Programs\Current Projects\OGPC 2016 Java\lib\jinput.jar;C:\Users\Rory\Desktop\Programs\Current Projects\OGPC 2016 Java\lib\lwjgl.jar;C:\Users\Rory\Desktop\Programs\Current Projects\OGPC 2016 Java\lib\lwjgl_util.jar;C:\Users\Rory\Desktop\Programs\Current Projects\OGPC 2016 Java\lib\slick-util.jar;C:\Users\Rory\Desktop\Programs\Current Projects\OGPC 2016 Java\lib\protonpack-1.1.jar;C:\Users\Rory\Desktop\Programs\Current Projects\OGPC 2016 Java\lib\Forge.jar;C:\Users\Rory\Desktop\Programs\Current Projects\OGPC 2016 Java\build\classes
Launcher Type: SUN_STANDARD

Environment Variables:
PATH=C:\ProgramData\Oracle\Java\javapath;C:\Program Files (x86)\Intel\iCLS Client\;C:\Program Files\Intel\iCLS Client\;C:\WINDOWS\system32;C:\WINDOWS;C:\WINDOWS\System32\Wbem;C:\WINDOWS\System32\WindowsPowerShell\v1.0\;C:\Program Files (x86)\Intel\OpenCL SDK\2.0\bin\x86;C:\Program Files (x86)\Intel\OpenCL SDK\2.0\bin\x64;C:\Program Files\Intel\Intel(R) Management Engine Components\DAL;C:\Program Files\Intel\Intel(R) Management Engine Components\IPT;C:\Program Files (x86)\Intel\Intel(R) Management Engine Components\DAL;C:\Program Files (x86)\Intel\Intel(R) Management Engine Components\IPT;C:\Program Files\Lenovo\Bluetooth Software\;C:\Program Files\Lenovo\Bluetooth Software\syswow64;C:\Program Files\Intel\WiFi\bin\;C:\Program Files\Common Files\Intel\WirelessCommon\;C:\Program Files\SlikSvn\bin;C:\Program Files (x86)\NVIDIA Corporation\PhysX\Common;C:\Program Files (x86)\Skype\Phone\
USERNAME=Rory
OS=Windows_NT
PROCESSOR_IDENTIFIER=Intel64 Family 6 Model 58 Stepping 9, GenuineIntel



---------------  S Y S T E M  ---------------

OS: Windows 8.1 , 64 bit Build 9600 (6.3.9600.17415)

CPU:total 8 (4 cores per cpu, 2 threads per core) family 6 model 58 stepping 9, cmov, cx8, fxsr, mmx, sse, sse2, sse3, ssse3, sse4.1, sse4.2, popcnt, avx, aes, clmul, erms, ht, tsc, tscinvbit, tscinv

Memory: 4k page, physical 8251156k(2495916k free), swap 9561876k(3069688k free)

vm_info: Java HotSpot(TM) 64-Bit Server VM (25.51-b03) for windows-amd64 JRE (1.8.0_51-b16), built on Jun  8 2015 18:03:07 by "java_re" with MS VC++ 10.0 (VS2010)

time: Mon Apr 18 22:19:32 2016
elapsed time: 8 seconds (0d 0h 0m 8s)

