#
# A fatal error has been detected by the Java Runtime Environment:
#
#  EXCEPTION_ACCESS_VIOLATION (0xc0000005) at pc=0x000007fee8dc1f44, pid=4708, tid=7248
#
# JRE version: Java(TM) SE Runtime Environment (8.0_65-b17) (build 1.8.0_65-b17)
# Java VM: Java HotSpot(TM) 64-Bit Server VM (25.65-b01 mixed mode windows-amd64 compressed oops)
# Problematic frame:
# C  [ig7icd64.dll+0x21f44]
#
# Failed to write core dump. Minidumps are not enabled by default on client versions of Windows
#
# If you would like to submit a bug report, please visit:
#   http://bugreport.java.com/bugreport/crash.jsp
# The crash happened outside the Java Virtual Machine in native code.
# See problematic frame for where to report the bug.
#

---------------  T H R E A D  ---------------

Current thread (0x000000000219f000):  JavaThread "main" [_thread_in_native, id=7248, stack(0x00000000023e0000,0x00000000024e0000)]

siginfo: ExceptionCode=0xc0000005, writing address 0x000000001222a000

Registers:
RAX=0x0000000000000001, RBX=0x0000000059b2e000, RCX=0x000000001222a010, RDX=0x000000005c75b120
RSP=0x00000000024de210, RBP=0x000000005b5b9dc0, RSI=0x000000005b5bbad0, RDI=0x000000005c75ada0
R8 =0x0000000000000020, R9 =0x0000000000000000, R10=0x0000000000000001, R11=0x0000000000000002
R12=0x0000000000000000, R13=0x000000005b61ebe0, R14=0x0000000000000000, R15=0x0000000000000000
RIP=0x000007fee8dc1f44, EFLAGS=0x0000000000010202

Top of Stack: (sp=0x00000000024de210)
0x00000000024de210:   00000000024de238 00000000024de288
0x00000000024de220:   00000000027b7710 0000000083b5b568
0x00000000024de230:   00000000027bf956 000007fee929e990
0x00000000024de240:   0000000083a16d48 00000000024de248
0x00000000024de250:   0000000059bad300 000007fee8fbcc57
0x00000000024de260:   0000000059b2e000 c288535cbfae14ca
0x00000000024de270:   c287eee3c22256c1 000000003fae0be3
0x00000000024de280:   0000000000000001 000007fee8fdbbd3
0x00000000024de290:   000000005c75b110 0000000000000000
0x00000000024de2a0:   c054000000000000 0000000000000000
0x00000000024de2b0:   000000005c8345b0 0000000059b99470
0x00000000024de2c0:   000000005c75af08 000000005c75ada0
0x00000000024de2d0:   0000000000000001 000000005c7c2200
0x00000000024de2e0:   0000000059b2e000 000007fee8ff4e78
0x00000000024de2f0:   0000000000000002 000000005c7c2501
0x00000000024de300:   000000005c75af08 0000000000000000 

Instructions: (pc=0x000007fee8dc1f44)
0x000007fee8dc1f24:   d1 49 c1 eb 04 4d 85 db 0f 84 24 02 00 00 f3 0f
0x000007fee8dc1f34:   6f 02 41 ff c2 48 83 c1 10 41 8b c2 48 83 c2 10
0x000007fee8dc1f44:   f3 0f 7f 41 f0 49 3b c3 72 e4 e9 03 02 00 00 48
0x000007fee8dc1f54:   89 7c 24 40 8b f9 83 e7 0f 74 68 48 89 5c 24 50 


Register to memory mapping:

RAX=0x0000000000000001 is an unknown value
RBX=0x0000000059b2e000 is an unknown value
RCX=0x000000001222a010 is an unknown value
RDX=0x000000005c75b120 is an unknown value
RSP=0x00000000024de210 is pointing into the stack for thread: 0x000000000219f000
RBP=0x000000005b5b9dc0 is an unknown value
RSI=0x000000005b5bbad0 is an unknown value
RDI=0x000000005c75ada0 is an unknown value
R8 =0x0000000000000020 is an unknown value
R9 =0x0000000000000000 is an unknown value
R10=0x0000000000000001 is an unknown value
R11=0x0000000000000002 is an unknown value
R12=0x0000000000000000 is an unknown value
R13=0x000000005b61ebe0 is an unknown value
R14=0x0000000000000000 is an unknown value
R15=0x0000000000000000 is an unknown value


Stack: [0x00000000023e0000,0x00000000024e0000],  sp=0x00000000024de210,  free space=1016k
Native frames: (J=compiled Java code, j=interpreted, Vv=VM code, C=native code)
C  [ig7icd64.dll+0x21f44]
C  [ig7icd64.dll+0x21cc57]
C  [ig7icd64.dll+0x254e78]
C  [ig7icd64.dll+0x1fe146]
C  [ig7icd64.dll+0x156d58]
C  [ig7icd64.dll+0x2dc07c]
C  [ig7icd64.dll+0x3ba832]
C  [ig7icd64.dll+0x4f6201]
C  [ig7icd64.dll+0x47433f]
C  [ig7icd64.dll+0x474abc]
C  0x0000000002d58fca

Java frames: (J=compiled Java code, j=interpreted, Vv=VM code)
J 1750  org.lwjgl.opengl.GL11.nglCallList(IJ)V (0 bytes) @ 0x0000000002d58f44 [0x0000000002d58f00+0x44]
J 1864 C2 map.CubeMap$$Lambda$124.accept(Ljava/lang/Object;Ljava/lang/Object;)V (12 bytes) @ 0x0000000002dfd008 [0x0000000002dfcf00+0x108]
J 1712 C2 util.Util$$Lambda$66.accept(Ljava/lang/Object;)V (20 bytes) @ 0x0000000002d269c0 [0x0000000002d26940+0x80]
J 1466 C2 util.Util.forRange(IILjava/util/function/Consumer;)V (24 bytes) @ 0x0000000002c958e8 [0x0000000002c95620+0x2c8]
J 1939 C1 map.CubeMap.drawAll()V (49 bytes) @ 0x0000000002e3576c [0x0000000002e34620+0x114c]
J 1914 C1 map.Editor$$Lambda$83.run()V (4 bytes) @ 0x0000000002e1e23c [0x0000000002e1e180+0xbc]
J 2009 C2 engine.EventStream$$Lambda$2.accept(Ljava/lang/Object;)V (12 bytes) @ 0x0000000002e57408 [0x0000000002e573c0+0x48]
J 1860 C2 engine.EventStream$$Lambda$34.accept(Ljava/lang/Object;)V (10 bytes) @ 0x0000000002dfc6e8 [0x0000000002dfc6a0+0x48]
J 1761 C2 java.util.ArrayList.forEach(Ljava/util/function/Consumer;)V (75 bytes) @ 0x0000000002d66108 [0x0000000002d66060+0xa8]
J 1776 C1 engine.Core$$Lambda$54.accept(Ljava/lang/Object;)V (8 bytes) @ 0x0000000002d7f994 [0x0000000002d7f540+0x454]
J 1051 C1 java.lang.Iterable.forEach(Ljava/util/function/Consumer;)V (39 bytes) @ 0x0000000002b3e87c [0x0000000002b3e5a0+0x2dc]
J 883% C2 engine.Core.run()V (114 bytes) @ 0x0000000002ad6ca8 [0x0000000002ad6be0+0xc8]
j  map.Editor.start(Ljava/lang/String;Ljava/lang/String;)V+489
j  guis.Play.recieve(Ljava/lang/String;Ljava/lang/Object;)V+295
j  gui.components.GUIButton.send()V+68
j  gui.TypingManager.compOpen(Lgui/types/GUIInputComponent;)V+24
j  gui.TypingManager.lambda$null$7()V+93
j  gui.TypingManager$$Lambda$36.run()V+0
J 957 C1 engine.EventStream$$Lambda$2.accept(Ljava/lang/Object;)V (12 bytes) @ 0x0000000002aff00c [0x0000000002afede0+0x22c]
J 951 C1 engine.EventStream$$Lambda$3.run()V (12 bytes) @ 0x0000000002afb98c [0x0000000002afb840+0x14c]
J 950 C1 engine.EventStream$$Lambda$34.accept(Ljava/lang/Object;)V (10 bytes) @ 0x0000000002afbf34 [0x0000000002afbd40+0x1f4]
J 904 C1 java.util.ArrayList.forEach(Ljava/util/function/Consumer;)V (75 bytes) @ 0x0000000002ae8d84 [0x0000000002ae8b80+0x204]
J 965 C1 engine.Signal.set(Ljava/lang/Object;)V (10 bytes) @ 0x0000000002b02094 [0x0000000002b01d00+0x394]
j  engine.Signal.lambda$filter$27(Ljava/util/function/Predicate;Lengine/Signal;)V+18
j  engine.Signal$$Lambda$5.accept(Ljava/lang/Object;)V+12
J 951 C1 engine.EventStream$$Lambda$3.run()V (12 bytes) @ 0x0000000002afb98c [0x0000000002afb840+0x14c]
J 950 C1 engine.EventStream$$Lambda$34.accept(Ljava/lang/Object;)V (10 bytes) @ 0x0000000002afbf34 [0x0000000002afbd40+0x1f4]
J 904 C1 java.util.ArrayList.forEach(Ljava/util/function/Consumer;)V (75 bytes) @ 0x0000000002ae8d84 [0x0000000002ae8b80+0x204]
J 965 C1 engine.Signal.set(Ljava/lang/Object;)V (10 bytes) @ 0x0000000002b02094 [0x0000000002b01d00+0x394]
j  engine.Input.lambda$static$45()V+156
j  engine.Input$$Lambda$1.run()V+0
J 957 C1 engine.EventStream$$Lambda$2.accept(Ljava/lang/Object;)V (12 bytes) @ 0x0000000002aff00c [0x0000000002afede0+0x22c]
J 951 C1 engine.EventStream$$Lambda$3.run()V (12 bytes) @ 0x0000000002afb98c [0x0000000002afb840+0x14c]
J 950 C1 engine.EventStream$$Lambda$34.accept(Ljava/lang/Object;)V (10 bytes) @ 0x0000000002afbf34 [0x0000000002afbd40+0x1f4]
J 904 C1 java.util.ArrayList.forEach(Ljava/util/function/Consumer;)V (75 bytes) @ 0x0000000002ae8d84 [0x0000000002ae8b80+0x204]
J 965 C1 engine.Signal.set(Ljava/lang/Object;)V (10 bytes) @ 0x0000000002b02094 [0x0000000002b01d00+0x394]
j  engine.Core.lambda$run$36(DLengine/Signal;)V+5
j  engine.Core$$Lambda$50.accept(Ljava/lang/Object;)V+8
J 1051 C1 java.lang.Iterable.forEach(Ljava/util/function/Consumer;)V (39 bytes) @ 0x0000000002b3e87c [0x0000000002b3e5a0+0x2dc]
J 883% C2 engine.Core.run()V (114 bytes) @ 0x0000000002ad6c74 [0x0000000002ad6be0+0x94]
j  invisibleman.Client.main([Ljava/lang/String;)V+146
v  ~StubRoutines::call_stub

---------------  P R O C E S S  ---------------

Java Threads: ( => current thread )
  0x0000000058c5b000 JavaThread "AWT-Windows" daemon [_thread_in_native, id=7288, stack(0x000000005e860000,0x000000005e960000)]
  0x0000000058b9e800 JavaThread "Java2D Disposer" daemon [_thread_blocked, id=8000, stack(0x000000005e6b0000,0x000000005e7b0000)]
  0x00000000588ec800 JavaThread "Service Thread" daemon [_thread_blocked, id=3500, stack(0x0000000059420000,0x0000000059520000)]
  0x00000000588d2000 JavaThread "C1 CompilerThread2" daemon [_thread_blocked, id=4168, stack(0x0000000059070000,0x0000000059170000)]
  0x00000000588c1000 JavaThread "C2 CompilerThread1" daemon [_thread_blocked, id=6796, stack(0x0000000059170000,0x0000000059270000)]
  0x0000000058883000 JavaThread "C2 CompilerThread0" daemon [_thread_blocked, id=2968, stack(0x0000000058ec0000,0x0000000058fc0000)]
  0x0000000058880800 JavaThread "Attach Listener" daemon [_thread_blocked, id=7892, stack(0x0000000058ca0000,0x0000000058da0000)]
  0x0000000057384800 JavaThread "Signal Dispatcher" daemon [_thread_blocked, id=5744, stack(0x0000000058310000,0x0000000058410000)]
  0x000000005732a800 JavaThread "Finalizer" daemon [_thread_blocked, id=4980, stack(0x0000000058780000,0x0000000058880000)]
  0x0000000057323800 JavaThread "Reference Handler" daemon [_thread_blocked, id=6908, stack(0x00000000585c0000,0x00000000586c0000)]
=>0x000000000219f000 JavaThread "main" [_thread_in_native, id=7248, stack(0x00000000023e0000,0x00000000024e0000)]

Other Threads:
  0x000000005731a800 VMThread [stack: 0x0000000058440000,0x0000000058540000] [id=4052]
  0x000000005890d800 WatcherThread [stack: 0x0000000059610000,0x0000000059710000] [id=3828]

VM state:not at safepoint (normal execution)

VM Mutex/Monitor currently owned by a thread: None

Heap:
 PSYoungGen      total 134144K, used 77539K [0x00000000d6580000, 0x00000000f3100000, 0x0000000100000000)
  eden space 133632K, 57% used [0x00000000d6580000,0x00000000db128d50,0x00000000de800000)
  from space 512K, 12% used [0x00000000f3080000,0x00000000f3090000,0x00000000f3100000)
  to   space 1536K, 0% used [0x00000000f2e00000,0x00000000f2e00000,0x00000000f2f80000)
 ParOldGen       total 86016K, used 13696K [0x0000000083000000, 0x0000000088400000, 0x00000000d6580000)
  object space 86016K, 15% used [0x0000000083000000,0x0000000083d603d8,0x0000000088400000)
 Metaspace       used 10675K, capacity 11299K, committed 11520K, reserved 1058816K
  class space    used 1116K, capacity 1248K, committed 1280K, reserved 1048576K

Card table byte_map: [0x0000000011b70000,0x0000000011f60000] byte_map_base: 0x0000000011758000

Marking Bits: (ParMarkBitMap*) 0x000000006c9aa5b0
 Begin Bits: [0x0000000012720000, 0x0000000014660000)
 End Bits:   [0x0000000014660000, 0x00000000165a0000)

Polling page: 0x0000000001c60000

CodeCache: size=245760Kb used=6875Kb max_used=6882Kb free=238884Kb
 bounds [0x00000000027b0000, 0x0000000002e70000, 0x00000000117b0000]
 total_blobs=2577 nmethods=2008 adapters=482
 compilation: enabled

Compilation events (10 events):
Event: 13.649 Thread 0x00000000588c1000 nmethod 2009 0x0000000002e57210 code [0x0000000002e573c0, 0x0000000002e57f48]
Event: 13.653 Thread 0x0000000058883000 nmethod 2010 0x0000000002e68a50 code [0x0000000002e68c00, 0x0000000002e697e8]
Event: 13.846 Thread 0x00000000588d2000 2011       3       org.lwjgl.opengl.WindowsDisplay$Rect::copyToBuffer (35 bytes)
Event: 13.846 Thread 0x00000000588d2000 nmethod 2011 0x0000000002e54b50 code [0x0000000002e54ce0, 0x0000000002e55178]
Event: 14.121 Thread 0x00000000588c1000 2012       4       java.nio.Bits::copyFromArray (70 bytes)
Event: 14.122 Thread 0x00000000588c1000 nmethod 2012 0x0000000002e45710 code [0x0000000002e45840, 0x0000000002e458d8]
Event: 14.172 Thread 0x00000000588d2000 2013       3       map.CubeMap$1$$Lambda$134/1549725679::apply (8 bytes)
Event: 14.172 Thread 0x00000000588d2000 nmethod 2013 0x0000000002e51c50 code [0x0000000002e51e00, 0x0000000002e52370]
Event: 14.172 Thread 0x00000000588d2000 2014       3       map.CubeMap$1::lambda$next$9 (10 bytes)
Event: 14.172 Thread 0x00000000588d2000 nmethod 2014 0x0000000002e51490 code [0x0000000002e51640, 0x0000000002e51a50]

GC Heap History (10 events):
Event: 7.480 GC heap before
{Heap before GC invocations=44 (full 0):
 PSYoungGen      total 165888K, used 163872K [0x00000000d6580000, 0x00000000f3480000, 0x0000000100000000)
  eden space 163840K, 100% used [0x00000000d6580000,0x00000000e0580000,0x00000000e0580000)
  from space 2048K, 1% used [0x00000000f3080000,0x00000000f3088000,0x00000000f3280000)
  to   space 2048K, 0% used [0x00000000f3280000,0x00000000f3280000,0x00000000f3480000)
 ParOldGen       total 86016K, used 13688K [0x0000000083000000, 0x0000000088400000, 0x00000000d6580000)
  object space 86016K, 15% used [0x0000000083000000,0x0000000083d5e3d8,0x0000000088400000)
 Metaspace       used 10441K, capacity 10995K, committed 11264K, reserved 1058816K
  class space    used 1094K, capacity 1232K, committed 1280K, reserved 1048576K
Event: 7.480 GC heap after
Heap after GC invocations=44 (full 0):
 PSYoungGen      total 157696K, used 64K [0x00000000d6580000, 0x00000000f3300000, 0x0000000100000000)
  eden space 157184K, 0% used [0x00000000d6580000,0x00000000d6580000,0x00000000dff00000)
  from space 512K, 12% used [0x00000000f3280000,0x00000000f3290000,0x00000000f3300000)
  to   space 1536K, 0% used [0x00000000f3000000,0x00000000f3000000,0x00000000f3180000)
 ParOldGen       total 86016K, used 13688K [0x0000000083000000, 0x0000000088400000, 0x00000000d6580000)
  object space 86016K, 15% used [0x0000000083000000,0x0000000083d5e3d8,0x0000000088400000)
 Metaspace       used 10441K, capacity 10995K, committed 11264K, reserved 1058816K
  class space    used 1094K, capacity 1232K, committed 1280K, reserved 1048576K
}
Event: 7.524 GC heap before
{Heap before GC invocations=45 (full 0):
 PSYoungGen      total 157696K, used 157248K [0x00000000d6580000, 0x00000000f3300000, 0x0000000100000000)
  eden space 157184K, 100% used [0x00000000d6580000,0x00000000dff00000,0x00000000dff00000)
  from space 512K, 12% used [0x00000000f3280000,0x00000000f3290000,0x00000000f3300000)
  to   space 1536K, 0% used [0x00000000f3000000,0x00000000f3000000,0x00000000f3180000)
 ParOldGen       total 86016K, used 13688K [0x0000000083000000, 0x0000000088400000, 0x00000000d6580000)
  object space 86016K, 15% used [0x0000000083000000,0x0000000083d5e3d8,0x0000000088400000)
 Metaspace       used 10441K, capacity 10995K, committed 11264K, reserved 1058816K
  class space    used 1094K, capacity 1232K, committed 1280K, reserved 1048576K
Event: 7.524 GC heap after
Heap after GC invocations=45 (full 0):
 PSYoungGen      total 152576K, used 64K [0x00000000d6580000, 0x00000000f3300000, 0x0000000100000000)
  eden space 151040K, 0% used [0x00000000d6580000,0x00000000d6580000,0x00000000df900000)
  from space 1536K, 4% used [0x00000000f3000000,0x00000000f3010000,0x00000000f3180000)
  to   space 1536K, 0% used [0x00000000f3180000,0x00000000f3180000,0x00000000f3300000)
 ParOldGen       total 86016K, used 13688K [0x0000000083000000, 0x0000000088400000, 0x00000000d6580000)
  object space 86016K, 15% used [0x0000000083000000,0x0000000083d5e3d8,0x0000000088400000)
 Metaspace       used 10441K, capacity 10995K, committed 11264K, reserved 1058816K
  class space    used 1094K, capacity 1232K, committed 1280K, reserved 1048576K
}
Event: 7.602 GC heap before
{Heap before GC invocations=46 (full 0):
 PSYoungGen      total 152576K, used 151104K [0x00000000d6580000, 0x00000000f3300000, 0x0000000100000000)
  eden space 151040K, 100% used [0x00000000d6580000,0x00000000df900000,0x00000000df900000)
  from space 1536K, 4% used [0x00000000f3000000,0x00000000f3010000,0x00000000f3180000)
  to   space 1536K, 0% used [0x00000000f3180000,0x00000000f3180000,0x00000000f3300000)
 ParOldGen       total 86016K, used 13688K [0x0000000083000000, 0x0000000088400000, 0x00000000d6580000)
  object space 86016K, 15% used [0x0000000083000000,0x0000000083d5e3d8,0x0000000088400000)
 Metaspace       used 10441K, capacity 10995K, committed 11264K, reserved 1058816K
  class space    used 1094K, capacity 1232K, committed 1280K, reserved 1048576K
Event: 7.603 GC heap after
Heap after GC invocations=46 (full 0):
 PSYoungGen      total 145408K, used 32K [0x00000000d6580000, 0x00000000f3200000, 0x0000000100000000)
  eden space 144896K, 0% used [0x00000000d6580000,0x00000000d6580000,0x00000000df300000)
  from space 512K, 6% used [0x00000000f3180000,0x00000000f3188000,0x00000000f3200000)
  to   space 1536K, 0% used [0x00000000f2f00000,0x00000000f2f00000,0x00000000f3080000)
 ParOldGen       total 86016K, used 13688K [0x0000000083000000, 0x0000000088400000, 0x00000000d6580000)
  object space 86016K, 15% used [0x0000000083000000,0x0000000083d5e3d8,0x0000000088400000)
 Metaspace       used 10441K, capacity 10995K, committed 11264K, reserved 1058816K
  class space    used 1094K, capacity 1232K, committed 1280K, reserved 1048576K
}
Event: 7.675 GC heap before
{Heap before GC invocations=47 (full 0):
 PSYoungGen      total 145408K, used 144928K [0x00000000d6580000, 0x00000000f3200000, 0x0000000100000000)
  eden space 144896K, 100% used [0x00000000d6580000,0x00000000df300000,0x00000000df300000)
  from space 512K, 6% used [0x00000000f3180000,0x00000000f3188000,0x00000000f3200000)
  to   space 1536K, 0% used [0x00000000f2f00000,0x00000000f2f00000,0x00000000f3080000)
 ParOldGen       total 86016K, used 13688K [0x0000000083000000, 0x0000000088400000, 0x00000000d6580000)
  object space 86016K, 15% used [0x0000000083000000,0x0000000083d5e3d8,0x0000000088400000)
 Metaspace       used 10441K, capacity 10995K, committed 11264K, reserved 1058816K
  class space    used 1094K, capacity 1232K, committed 1280K, reserved 1048576K
Event: 7.676 GC heap after
Heap after GC invocations=47 (full 0):
 PSYoungGen      total 140800K, used 32K [0x00000000d6580000, 0x00000000f3200000, 0x0000000100000000)
  eden space 139264K, 0% used [0x00000000d6580000,0x00000000d6580000,0x00000000ded80000)
  from space 1536K, 2% used [0x00000000f2f00000,0x00000000f2f08000,0x00000000f3080000)
  to   space 1536K, 0% used [0x00000000f3080000,0x00000000f3080000,0x00000000f3200000)
 ParOldGen       total 86016K, used 13688K [0x0000000083000000, 0x0000000088400000, 0x00000000d6580000)
  object space 86016K, 15% used [0x0000000083000000,0x0000000083d5e3d8,0x0000000088400000)
 Metaspace       used 10441K, capacity 10995K, committed 11264K, reserved 1058816K
  class space    used 1094K, capacity 1232K, committed 1280K, reserved 1048576K
}
Event: 13.538 GC heap before
{Heap before GC invocations=48 (full 0):
 PSYoungGen      total 140800K, used 139296K [0x00000000d6580000, 0x00000000f3200000, 0x0000000100000000)
  eden space 139264K, 100% used [0x00000000d6580000,0x00000000ded80000,0x00000000ded80000)
  from space 1536K, 2% used [0x00000000f2f00000,0x00000000f2f08000,0x00000000f3080000)
  to   space 1536K, 0% used [0x00000000f3080000,0x00000000f3080000,0x00000000f3200000)
 ParOldGen       total 86016K, used 13688K [0x0000000083000000, 0x0000000088400000, 0x00000000d6580000)
  object space 86016K, 15% used [0x0000000083000000,0x0000000083d5e3d8,0x0000000088400000)
 Metaspace       used 10674K, capacity 11295K, committed 11520K, reserved 1058816K
  class space    used 1116K, capacity 1248K, committed 1280K, reserved 1048576K
Event: 13.544 GC heap after
Heap after GC invocations=48 (full 0):
 PSYoungGen      total 134144K, used 64K [0x00000000d6580000, 0x00000000f3100000, 0x0000000100000000)
  eden space 133632K, 0% used [0x00000000d6580000,0x00000000d6580000,0x00000000de800000)
  from space 512K, 12% used [0x00000000f3080000,0x00000000f3090000,0x00000000f3100000)
  to   space 1536K, 0% used [0x00000000f2e00000,0x00000000f2e00000,0x00000000f2f80000)
 ParOldGen       total 86016K, used 13696K [0x0000000083000000, 0x0000000088400000, 0x00000000d6580000)
  object space 86016K, 15% used [0x0000000083000000,0x0000000083d603d8,0x0000000088400000)
 Metaspace       used 10674K, capacity 11295K, committed 11520K, reserved 1058816K
  class space    used 1116K, capacity 1248K, committed 1280K, reserved 1048576K
}

Deoptimization events (10 events):
Event: 12.923 Thread 0x000000000219f000 Uncommon trap: reason=bimorphic action=maybe_recompile pc=0x0000000002c96588 method=java.util.stream.AbstractPipeline.wrapSink(Ljava/util/stream/Sink;)Ljava/util/stream/Sink; @ 23
Event: 12.926 Thread 0x000000000219f000 Uncommon trap: reason=unstable_if action=reinterpret pc=0x0000000002d57f20 method=java.lang.StrictMath.floorOrCeil(DDDD)D @ 90
Event: 12.926 Thread 0x000000000219f000 Uncommon trap: reason=unstable_if action=reinterpret pc=0x0000000002cb6114 method=java.lang.StrictMath.floorOrCeil(DDDD)D @ 90
Event: 12.926 Thread 0x000000000219f000 Uncommon trap: reason=unstable_if action=reinterpret pc=0x0000000002c0059c method=java.lang.StrictMath.floorOrCeil(DDDD)D @ 90
Event: 12.928 Thread 0x000000000219f000 Uncommon trap: reason=unstable_if action=reinterpret pc=0x0000000002e0dd3c method=java.util.HashMap$KeySpliterator.forEachRemaining(Ljava/util/function/Consumer;)V @ 159
Event: 13.528 Thread 0x000000000219f000 Uncommon trap: reason=unstable_if action=reinterpret pc=0x0000000002ca13c4 method=java.util.stream.FindOps$FindOp.getOpFlags()I @ 7
Event: 13.528 Thread 0x000000000219f000 Uncommon trap: reason=class_check action=maybe_recompile pc=0x0000000002caf6b4 method=java.util.stream.AbstractPipeline.copyIntoWithCancel(Ljava/util/stream/Sink;Ljava/util/Spliterator;)V @ 19
Event: 14.171 Thread 0x000000000219f000 Uncommon trap: reason=bimorphic action=maybe_recompile pc=0x0000000002c98774 method=java.util.stream.AbstractPipeline.<init>(Ljava/util/stream/AbstractPipeline;I)V @ 66
Event: 14.171 Thread 0x000000000219f000 Uncommon trap: reason=bimorphic action=maybe_recompile pc=0x0000000002caf78c method=java.util.stream.AbstractPipeline.copyInto(Ljava/util/stream/Sink;Ljava/util/Spliterator;)V @ 20
Event: 14.171 Thread 0x000000000219f000 Uncommon trap: reason=bimorphic action=maybe_recompile pc=0x0000000002c96588 method=java.util.stream.AbstractPipeline.wrapSink(Ljava/util/stream/Sink;)Ljava/util/stream/Sink; @ 23

Internal exceptions (10 events):
Event: 0.772 Thread 0x000000000219f000 Exception <a 'java/lang/NoSuchFieldError': method resolution failed> (0x00000000d6b2dab8) thrown at [C:\workspace\8-2-build-windows-amd64-cygwin\jdk8u65\4987\hotspot\src\share\vm\prims\methodHandles.cpp, line 1146]
Event: 0.800 Thread 0x000000000219f000 Exception <a 'java/security/PrivilegedActionException'> (0x00000000d6bee280) thrown at [C:\workspace\8-2-build-windows-amd64-cygwin\jdk8u65\4987\hotspot\src\share\vm\prims\jvm.cpp, line 1386]
Event: 0.800 Thread 0x000000000219f000 Exception <a 'java/security/PrivilegedActionException'> (0x00000000d6bee490) thrown at [C:\workspace\8-2-build-windows-amd64-cygwin\jdk8u65\4987\hotspot\src\share\vm\prims\jvm.cpp, line 1386]
Event: 0.801 Thread 0x000000000219f000 Exception <a 'java/security/PrivilegedActionException'> (0x00000000d6bf22d8) thrown at [C:\workspace\8-2-build-windows-amd64-cygwin\jdk8u65\4987\hotspot\src\share\vm\prims\jvm.cpp, line 1386]
Event: 0.801 Thread 0x000000000219f000 Exception <a 'java/security/PrivilegedActionException'> (0x00000000d6bf24e8) thrown at [C:\workspace\8-2-build-windows-amd64-cygwin\jdk8u65\4987\hotspot\src\share\vm\prims\jvm.cpp, line 1386]
Event: 0.805 Thread 0x000000000219f000 Exception <a 'java/io/FileNotFoundException'> (0x00000000d6bf48d0) thrown at [C:\workspace\8-2-build-windows-amd64-cygwin\jdk8u65\4987\hotspot\src\share\vm\prims\jni.cpp, line 709]
Event: 0.837 Thread 0x000000000219f000 Exception <a 'java/io/FileNotFoundException'> (0x00000000d6c36c00) thrown at [C:\workspace\8-2-build-windows-amd64-cygwin\jdk8u65\4987\hotspot\src\share\vm\prims\jni.cpp, line 709]
Event: 0.856 Thread 0x000000000219f000 Implicit null exception at 0x0000000002947bcb to 0x0000000002947d7d
Event: 4.189 Thread 0x000000000219f000 Implicit null exception at 0x0000000002bd9988 to 0x0000000002bd9a16
Event: 4.189 Thread 0x000000000219f000 Implicit null exception at 0x00000000029b83af to 0x00000000029b8415

Events (10 events):
Event: 14.101 Thread 0x000000000219f000 DEOPT UNPACKING pc=0x00000000027f787f sp=0x00000000024de1a0 mode 0
Event: 14.171 Thread 0x000000000219f000 Uncommon trap: trap_request=0xffffffc6 fr.pc=0x0000000002c98774
Event: 14.171 Thread 0x000000000219f000 DEOPT PACKING pc=0x0000000002c98774 sp=0x00000000024ddf90
Event: 14.171 Thread 0x000000000219f000 DEOPT UNPACKING pc=0x00000000027f582a sp=0x00000000024ddf40 mode 2
Event: 14.171 Thread 0x000000000219f000 Uncommon trap: trap_request=0xffffffc6 fr.pc=0x0000000002caf78c
Event: 14.171 Thread 0x000000000219f000 DEOPT PACKING pc=0x0000000002caf78c sp=0x00000000024de0b0
Event: 14.171 Thread 0x000000000219f000 DEOPT UNPACKING pc=0x00000000027f582a sp=0x00000000024de068 mode 2
Event: 14.171 Thread 0x000000000219f000 Uncommon trap: trap_request=0xffffffc6 fr.pc=0x0000000002c96588
Event: 14.172 Thread 0x000000000219f000 DEOPT PACKING pc=0x0000000002c96588 sp=0x00000000024dde40
Event: 14.172 Thread 0x000000000219f000 DEOPT UNPACKING pc=0x00000000027f582a sp=0x00000000024dde00 mode 2


Dynamic libraries:
0x000000013fce0000 - 0x000000013fd17000 	C:\Program Files\Java\jdk1.8.0_65\bin\java.exe
0x0000000077470000 - 0x000000007761a000 	C:\Windows\SYSTEM32\ntdll.dll
0x0000000077350000 - 0x000000007746f000 	C:\Windows\system32\kernel32.dll
0x000007fefd510000 - 0x000007fefd57b000 	C:\Windows\system32\KERNELBASE.dll
0x000007fefe370000 - 0x000007fefe44b000 	C:\Windows\system32\ADVAPI32.dll
0x000007fefe100000 - 0x000007fefe19f000 	C:\Windows\system32\msvcrt.dll
0x000007fefda50000 - 0x000007fefda6f000 	C:\Windows\SYSTEM32\sechost.dll
0x000007fefe450000 - 0x000007fefe57d000 	C:\Windows\system32\RPCRT4.dll
0x0000000077250000 - 0x000000007734a000 	C:\Windows\system32\USER32.dll
0x000007fefe1a0000 - 0x000007fefe207000 	C:\Windows\system32\GDI32.dll
0x000007fefe210000 - 0x000007fefe21e000 	C:\Windows\system32\LPK.dll
0x000007fefe2a0000 - 0x000007fefe36a000 	C:\Windows\system32\USP10.dll
0x000007fefbaa0000 - 0x000007fefbc94000 	C:\Windows\WinSxS\amd64_microsoft.windows.common-controls_6595b64144ccf1df_6.0.7601.18837_none_fa3b1e3d17594757\COMCTL32.dll
0x000007fefd5e0000 - 0x000007fefd651000 	C:\Windows\system32\SHLWAPI.dll
0x000007fefd5b0000 - 0x000007fefd5de000 	C:\Windows\system32\IMM32.DLL
0x000007fefdff0000 - 0x000007fefe0f9000 	C:\Windows\system32\MSCTF.dll
0x0000000072c60000 - 0x0000000072d32000 	C:\Program Files\Java\jdk1.8.0_65\jre\bin\msvcr100.dll
0x000000006c1a0000 - 0x000000006ca29000 	C:\Program Files\Java\jdk1.8.0_65\jre\bin\server\jvm.dll
0x000007fef7530000 - 0x000007fef7539000 	C:\Windows\system32\WSOCK32.dll
0x000007fefdef0000 - 0x000007fefdf3d000 	C:\Windows\system32\WS2_32.dll
0x000007fefdfe0000 - 0x000007fefdfe8000 	C:\Windows\system32\NSI.dll
0x000007fefae40000 - 0x000007fefae7b000 	C:\Windows\system32\WINMM.dll
0x000007fefc350000 - 0x000007fefc35c000 	C:\Windows\system32\VERSION.dll
0x0000000077640000 - 0x0000000077647000 	C:\Windows\system32\PSAPI.DLL
0x0000000073be0000 - 0x0000000073bef000 	C:\Program Files\Java\jdk1.8.0_65\jre\bin\verify.dll
0x00000000739e0000 - 0x0000000073a09000 	C:\Program Files\Java\jdk1.8.0_65\jre\bin\java.dll
0x00000000739c0000 - 0x00000000739d6000 	C:\Program Files\Java\jdk1.8.0_65\jre\bin\zip.dll
0x000007fefe580000 - 0x000007feff30a000 	C:\Windows\system32\SHELL32.dll
0x000007fefdc00000 - 0x000007fefde03000 	C:\Windows\system32\ole32.dll
0x000007fefd1f0000 - 0x000007fefd1ff000 	C:\Windows\system32\profapi.dll
0x0000000180000000 - 0x0000000180051000 	G:\OGPC 2016\OGPC 2016 Java\natives\lwjgl64.dll
0x000007fef3b80000 - 0x000007fef3c9d000 	C:\Windows\system32\OPENGL32.dll
0x000007fef8e70000 - 0x000007fef8e9d000 	C:\Windows\system32\GLU32.dll
0x000007feee740000 - 0x000007feee831000 	C:\Windows\system32\DDRAW.dll
0x000007fef9f60000 - 0x000007fef9f68000 	C:\Windows\system32\DCIMAN32.dll
0x000007feff5a0000 - 0x000007feff777000 	C:\Windows\system32\SETUPAPI.dll
0x000007fefd490000 - 0x000007fefd4c6000 	C:\Windows\system32\CFGMGR32.dll
0x000007fefde10000 - 0x000007fefdee8000 	C:\Windows\system32\OLEAUT32.dll
0x000007fefd3b0000 - 0x000007fefd3ca000 	C:\Windows\system32\DEVOBJ.dll
0x000007fefb4f0000 - 0x000007fefb508000 	C:\Windows\system32\dwmapi.dll
0x000007fefba40000 - 0x000007fefba96000 	C:\Windows\system32\uxtheme.dll
0x0000000002340000 - 0x0000000002381000 	C:\Program Files (x86)\NetSupport\NetSupport School\pciappctrl64.dll
0x000007fef4da0000 - 0x000007fef4ec5000 	C:\Windows\system32\dbghelp.dll
0x000007fef9f30000 - 0x000007fef9f48000 	C:\Windows\system32\MPR.dll
0x0000000002390000 - 0x00000000023b5000 	C:\Program Files (x86)\Common Files\NSL\NSCommonHook64.dll
0x000007fee8da0000 - 0x000007fee95d3000 	C:\Windows\system32\ig7icd64.dll
0x000007feee840000 - 0x000007feeec9f000 	C:\Windows\system32\igdusc64.dll
0x000007fefc070000 - 0x000007fefc081000 	C:\Windows\system32\WTSAPI32.dll
0x000007fefd130000 - 0x000007fefd13f000 	C:\Windows\system32\CRYPTBASE.dll
0x000007fef3f30000 - 0x000007fef3fcc000 	C:\Windows\system32\mscms.dll
0x000007fefd580000 - 0x000007fefd59e000 	C:\Windows\system32\USERENV.dll
0x000007fef8eb0000 - 0x000007fef8ef2000 	C:\Windows\system32\icm32.dll
0x0000000072710000 - 0x00000000728a8000 	C:\Program Files\Java\jdk1.8.0_65\jre\bin\awt.dll
0x000007fefbd30000 - 0x000007fefbd3a000 	C:\Windows\System32\drprov.dll
0x000007fefd0f0000 - 0x000007fefd12d000 	C:\Windows\System32\WINSTA.dll
0x000007fef9d70000 - 0x000007fef9d92000 	C:\Windows\System32\ntlanman.dll
0x000007fefa120000 - 0x000007fefa13d000 	C:\Windows\System32\davclnt.dll
0x000007fefb760000 - 0x000007fefb76a000 	C:\Windows\System32\DAVHLPR.dll
0x0000000072c10000 - 0x0000000072c57000 	C:\Program Files\Java\jdk1.8.0_65\jre\bin\fontmanager.dll
0x0000000073340000 - 0x000000007335a000 	C:\Program Files\Java\jdk1.8.0_65\jre\bin\net.dll
0x0000000012360000 - 0x0000000012384000 	C:\Program Files (x86)\Common Files\NSL\nslsp64.dll
0x000007fefc990000 - 0x000007fefc9e5000 	C:\Windows\system32\mswsock.dll
0x000007fefc980000 - 0x000007fefc987000 	C:\Windows\System32\wship6.dll
0x00000000733b0000 - 0x00000000733c1000 	C:\Program Files\Java\jdk1.8.0_65\jre\bin\nio.dll
0x0000000072bc0000 - 0x0000000072c02000 	C:\Program Files\Java\jdk1.8.0_65\jre\bin\t2k.dll

VM Arguments:
jvm_args: -Dfile.encoding=UTF-8 -Dorg.lwjgl.opengl.Display.allowSoftwareOpenGL=true 
java_command: invisibleman.Client
java_class_path (initial): G:\OGPC 2016\OGPC 2016 Java\lib\jfxrt.jar;G:\OGPC 2016\OGPC 2016 Java\lib\jinput.jar;G:\OGPC 2016\OGPC 2016 Java\lib\lwjgl.jar;G:\OGPC 2016\OGPC 2016 Java\lib\lwjgl_util.jar;G:\OGPC 2016\OGPC 2016 Java\lib\slick-util.jar;G:\OGPC 2016\OGPC 2016 Java\lib\protonpack-1.1.jar;G:\OGPC 2016\OGPC 2016 Java\lib\Forge.jar;G:\OGPC 2016\OGPC 2016 Java\build\classes
Launcher Type: SUN_STANDARD

Environment Variables:
PATH=C:\Program Files\Common Files\Microsoft Shared\Windows Live;C:\Program Files (x86)\Common Files\Microsoft Shared\Windows Live;C:\ProgramData\Oracle\Java\javapath;C:\Windows\system32;C:\Windows;C:\Windows\System32\Wbem;C:\Windows\System32\WindowsPowerShell\v1.0\;C:\Program Files\Intel\WiFi\bin\;C:\Program Files\Common Files\Intel\WirelessCommon\;C:\Program Files (x86)\Intel\OpenCL SDK\2.0\bin\x86;C:\Program Files (x86)\Intel\OpenCL SDK\2.0\bin\x64;C:\SWTOOLS\ReadyApps;C:\Program Files (x86)\QuickTime\QTSystem\;C:\Program Files (x86)\Windows Live\Shared;C:\Program Files\Intel\WiFi\bin\;C:\Program Files\Common Files\Intel\WirelessCommon\
USERNAME=RSoiffer16
OS=Windows_NT
PROCESSOR_IDENTIFIER=Intel64 Family 6 Model 58 Stepping 9, GenuineIntel



---------------  S Y S T E M  ---------------

OS: Windows 7 , 64 bit Build 7601 (6.1.7601.19160)

CPU:total 4 (2 cores per cpu, 2 threads per core) family 6 model 58 stepping 9, cmov, cx8, fxsr, mmx, sse, sse2, sse3, ssse3, sse4.1, sse4.2, popcnt, avx, clmul, erms, ht, tsc, tscinvbit, tscinv

Memory: 4k page, physical 8186072k(4717304k free), swap 16370308k(11838620k free)

vm_info: Java HotSpot(TM) 64-Bit Server VM (25.65-b01) for windows-amd64 JRE (1.8.0_65-b17), built on Oct  6 2015 16:39:20 by "java_re" with MS VC++ 10.0 (VS2010)

time: Tue Apr 19 15:41:23 2016
elapsed time: 14 seconds (0d 0h 0m 14s)

