#
# A fatal error has been detected by the Java Runtime Environment:
#
#  EXCEPTION_ACCESS_VIOLATION (0xc0000005) at pc=0x000007fee8ec1f44, pid=5636, tid=3932
#
# JRE version: Java(TM) SE Runtime Environment (8.0_65-b17) (build 1.8.0_65-b17)
# Java VM: Java HotSpot(TM) 64-Bit Server VM (25.65-b01 mixed mode windows-amd64 compressed oops)
# Problematic frame:
# C  [ig7icd64.dll+0x21f44]
#
# Failed to write core dump. Minidumps are not enabled by default on client versions of Windows
#
# If you would like to submit a bug report, please visit:
#   http://bugreport.java.com/bugreport/crash.jsp
# The crash happened outside the Java Virtual Machine in native code.
# See problematic frame for where to report the bug.
#

---------------  T H R E A D  ---------------

Current thread (0x000000000220f000):  JavaThread "main" [_thread_in_native, id=3932, stack(0x0000000002420000,0x0000000002520000)]

siginfo: ExceptionCode=0xc0000005, writing address 0x0000000001dba000

Registers:
RAX=0x0000000000000001, RBX=0x0000000059a6e000, RCX=0x0000000001dba010, RDX=0x000000005c624120
RSP=0x000000000251e130, RBP=0x000000005b448df0, RSI=0x000000005b44ab00, RDI=0x000000005c623da0
R8 =0x0000000000000020, R9 =0x0000000000000000, R10=0x0000000000000001, R11=0x0000000000000002
R12=0x0000000000000000, R13=0x000000005b4abde0, R14=0x0000000000000000, R15=0x0000000000000000
RIP=0x000007fee8ec1f44, EFLAGS=0x0000000000010202

Top of Stack: (sp=0x000000000251e130)
0x000000000251e130:   0000000000000001 000007fee90bbadb
0x000000000251e140:   0000000000000000 0000000000000000
0x000000000251e150:   0000000000000000 0000000000000000
0x000000000251e160:   00000000606d4088 000000005c61dd90
0x000000000251e170:   0000000000466f50 000007fee90bcc57
0x000000000251e180:   0000000059a6e000 0000000059a6e000
0x000000000251e190:   0000000000000000 0000000000000000
0x000000000251e1a0:   0000000000000001 000007fee90dbbd3
0x000000000251e1b0:   000000005c624110 0000000000000000
0x000000000251e1c0:   0000000000000000 0000000000000000
0x000000000251e1d0:   000000005c61dd90 0000000059ad9470
0x000000000251e1e0:   000000005c623f08 000000005c623da0
0x000000000251e1f0:   0000000000000001 000000005c669670
0x000000000251e200:   0000000059a6e000 000007fee90f4e78
0x000000000251e210:   0000000000000002 000000005c669b01
0x000000000251e220:   000000005c623f08 0000000000000000 

Instructions: (pc=0x000007fee8ec1f44)
0x000007fee8ec1f24:   d1 49 c1 eb 04 4d 85 db 0f 84 24 02 00 00 f3 0f
0x000007fee8ec1f34:   6f 02 41 ff c2 48 83 c1 10 41 8b c2 48 83 c2 10
0x000007fee8ec1f44:   f3 0f 7f 41 f0 49 3b c3 72 e4 e9 03 02 00 00 48
0x000007fee8ec1f54:   89 7c 24 40 8b f9 83 e7 0f 74 68 48 89 5c 24 50 


Register to memory mapping:

RAX=0x0000000000000001 is an unknown value
RBX=0x0000000059a6e000 is an unknown value
RCX=0x0000000001dba010 is an unknown value
RDX=0x000000005c624120 is an unknown value
RSP=0x000000000251e130 is pointing into the stack for thread: 0x000000000220f000
RBP=0x000000005b448df0 is an unknown value
RSI=0x000000005b44ab00 is an unknown value
RDI=0x000000005c623da0 is an unknown value
R8 =0x0000000000000020 is an unknown value
R9 =0x0000000000000000 is an unknown value
R10=0x0000000000000001 is an unknown value
R11=0x0000000000000002 is an unknown value
R12=0x0000000000000000 is an unknown value
R13=0x000000005b4abde0 is an unknown value
R14=0x0000000000000000 is an unknown value
R15=0x0000000000000000 is an unknown value


Stack: [0x0000000002420000,0x0000000002520000],  sp=0x000000000251e130,  free space=1016k
Native frames: (J=compiled Java code, j=interpreted, Vv=VM code, C=native code)
C  [ig7icd64.dll+0x21f44]
C  [ig7icd64.dll+0x21cc57]
C  [ig7icd64.dll+0x254e78]
C  [ig7icd64.dll+0x1fe146]
C  [ig7icd64.dll+0x156d58]
C  [ig7icd64.dll+0x2dc07c]
C  [ig7icd64.dll+0x3ba832]
C  [ig7icd64.dll+0x4f6201]
C  [ig7icd64.dll+0x47433f]
C  [ig7icd64.dll+0x474abc]
C  0x0000000002805e14

Java frames: (J=compiled Java code, j=interpreted, Vv=VM code)
j  org.lwjgl.opengl.GL11.nglCallList(IJ)V+0
j  org.lwjgl.opengl.GL11.glCallList(I)V+15
j  map.Chunk.draw()V+4
j  map.CubeMap.lambda$null$3(Ljava/lang/Integer;Ljava/lang/Integer;Ljava/lang/Integer;)V+18
j  map.CubeMap$$Lambda$123.accept(Ljava/lang/Object;)V+12
J 1259 C2 util.Util.forRange(IILjava/util/function/Consumer;)V (24 bytes) @ 0x0000000002c3184c [0x0000000002c31560+0x2ec]
j  map.CubeMap.lambda$drawAll$4(Ljava/lang/Integer;Ljava/lang/Integer;)V+9
j  map.CubeMap$$Lambda$122.accept(Ljava/lang/Object;Ljava/lang/Object;)V+8
J 1713 C2 util.Util$$Lambda$63.accept(Ljava/lang/Object;)V (20 bytes) @ 0x0000000002d68878 [0x0000000002d687a0+0xd8]
J 1259 C2 util.Util.forRange(IILjava/util/function/Consumer;)V (24 bytes) @ 0x0000000002c3184c [0x0000000002c31560+0x2ec]
J 1708 C1 util.Util.forRange(IIIILjava/util/function/BiConsumer;)V (15 bytes) @ 0x0000000002d63f34 [0x0000000002d63800+0x734]
j  map.CubeMap.drawAll()V+45
j  map.Editor.lambda$start$181()V+0
j  map.Editor$$Lambda$79.run()V+0
J 949 C1 engine.EventStream$$Lambda$2.accept(Ljava/lang/Object;)V (12 bytes) @ 0x0000000002b4280c [0x0000000002b425e0+0x22c]
J 1192 C2 engine.EventStream$$Lambda$34.accept(Ljava/lang/Object;)V (10 bytes) @ 0x0000000002bf9ca8 [0x0000000002bf9c60+0x48]
J 1094 C2 java.util.ArrayList.forEach(Ljava/util/function/Consumer;)V (75 bytes) @ 0x0000000002b9d414 [0x0000000002b9d360+0xb4]
J 1030 C1 engine.Core$$Lambda$54.accept(Ljava/lang/Object;)V (8 bytes) @ 0x0000000002b75894 [0x0000000002b75440+0x454]
J 988 C1 java.lang.Iterable.forEach(Ljava/util/function/Consumer;)V (39 bytes) @ 0x0000000002b52ffc [0x0000000002b52d20+0x2dc]
J 882% C2 engine.Core.run()V (114 bytes) @ 0x0000000002b21968 [0x0000000002b218a0+0xc8]
j  map.Editor.start(Ljava/lang/String;Ljava/lang/String;)V+489
j  guis.Join.recieve(Ljava/lang/String;Ljava/lang/Object;)V+97
j  gui.components.GUICommandField.send()V+33
j  gui.TypingManager.lambda$null$8()V+9
j  gui.TypingManager$$Lambda$37.run()V+0
J 949 C1 engine.EventStream$$Lambda$2.accept(Ljava/lang/Object;)V (12 bytes) @ 0x0000000002b4280c [0x0000000002b425e0+0x22c]
J 1192 C2 engine.EventStream$$Lambda$34.accept(Ljava/lang/Object;)V (10 bytes) @ 0x0000000002bf9ca8 [0x0000000002bf9c60+0x48]
J 1094 C2 java.util.ArrayList.forEach(Ljava/util/function/Consumer;)V (75 bytes) @ 0x0000000002b9d414 [0x0000000002b9d360+0xb4]
J 1033 C1 engine.Signal$$Lambda$5.accept(Ljava/lang/Object;)V (16 bytes) @ 0x0000000002b79f6c [0x0000000002b797c0+0x7ac]
J 1192 C2 engine.EventStream$$Lambda$34.accept(Ljava/lang/Object;)V (10 bytes) @ 0x0000000002bf9ca8 [0x0000000002bf9c60+0x48]
J 1094 C2 java.util.ArrayList.forEach(Ljava/util/function/Consumer;)V (75 bytes) @ 0x0000000002b9d414 [0x0000000002b9d360+0xb4]
J 1111 C1 engine.Input.lambda$static$45()V (417 bytes) @ 0x0000000002bb9aac [0x0000000002bb7be0+0x1ecc]
J 1110 C1 engine.Input$$Lambda$1.run()V (4 bytes) @ 0x0000000002bc487c [0x0000000002bc4800+0x7c]
J 949 C1 engine.EventStream$$Lambda$2.accept(Ljava/lang/Object;)V (12 bytes) @ 0x0000000002b4280c [0x0000000002b425e0+0x22c]
J 1192 C2 engine.EventStream$$Lambda$34.accept(Ljava/lang/Object;)V (10 bytes) @ 0x0000000002bf9ca8 [0x0000000002bf9c60+0x48]
J 1094 C2 java.util.ArrayList.forEach(Ljava/util/function/Consumer;)V (75 bytes) @ 0x0000000002b9d414 [0x0000000002b9d360+0xb4]
J 1052 C1 engine.Core$$Lambda$50.accept(Ljava/lang/Object;)V (12 bytes) @ 0x0000000002b8689c [0x0000000002b861c0+0x6dc]
J 988 C1 java.lang.Iterable.forEach(Ljava/util/function/Consumer;)V (39 bytes) @ 0x0000000002b52ffc [0x0000000002b52d20+0x2dc]
J 882% C2 engine.Core.run()V (114 bytes) @ 0x0000000002b21934 [0x0000000002b218a0+0x94]
j  invisibleman.Client.main([Ljava/lang/String;)V+146
v  ~StubRoutines::call_stub

---------------  P R O C E S S  ---------------

Java Threads: ( => current thread )
  0x00000000590ac000 JavaThread "AWT-Windows" daemon [_thread_in_native, id=4864, stack(0x000000005e450000,0x000000005e550000)]
  0x000000005909d000 JavaThread "Java2D Disposer" daemon [_thread_blocked, id=5516, stack(0x000000005e6c0000,0x000000005e7c0000)]
  0x0000000058d29800 JavaThread "Service Thread" daemon [_thread_blocked, id=5744, stack(0x0000000059580000,0x0000000059680000)]
  0x00000000576bf000 JavaThread "C1 CompilerThread2" daemon [_thread_blocked, id=3476, stack(0x0000000059410000,0x0000000059510000)]
  0x0000000058d0f800 JavaThread "C2 CompilerThread1" daemon [_thread_blocked, id=5284, stack(0x0000000059240000,0x0000000059340000)]
  0x00000000576b7000 JavaThread "C2 CompilerThread0" daemon [_thread_blocked, id=688, stack(0x0000000058bc0000,0x0000000058cc0000)]
  0x00000000576b3800 JavaThread "Attach Listener" daemon [_thread_blocked, id=4516, stack(0x0000000058850000,0x0000000058950000)]
  0x00000000576b1000 JavaThread "Signal Dispatcher" daemon [_thread_blocked, id=4320, stack(0x0000000058a70000,0x0000000058b70000)]
  0x0000000057657000 JavaThread "Finalizer" daemon [_thread_blocked, id=1156, stack(0x0000000058950000,0x0000000058a50000)]
  0x0000000057650000 JavaThread "Reference Handler" daemon [_thread_blocked, id=1344, stack(0x00000000586d0000,0x00000000587d0000)]
=>0x000000000220f000 JavaThread "main" [_thread_in_native, id=3932, stack(0x0000000002420000,0x0000000002520000)]

Other Threads:
  0x000000005764a800 VMThread [stack: 0x0000000058490000,0x0000000058590000] [id=2972]
  0x0000000058d43800 WatcherThread [stack: 0x0000000059120000,0x0000000059220000] [id=5504]

VM state:not at safepoint (normal execution)

VM Mutex/Monitor currently owned by a thread: None

Heap:
 PSYoungGen      total 314880K, used 245238K [0x00000000d6580000, 0x00000000fda80000, 0x0000000100000000)
  eden space 314368K, 77% used [0x00000000d6580000,0x00000000e54f5be0,0x00000000e9880000)
  from space 512K, 6% used [0x00000000fda00000,0x00000000fda08000,0x00000000fda80000)
  to   space 1536K, 0% used [0x00000000fd780000,0x00000000fd780000,0x00000000fd900000)
 ParOldGen       total 86016K, used 5260K [0x0000000083000000, 0x0000000088400000, 0x00000000d6580000)
  object space 86016K, 6% used [0x0000000083000000,0x0000000083523148,0x0000000088400000)
 Metaspace       used 10507K, capacity 11087K, committed 11264K, reserved 1058816K
  class space    used 1092K, capacity 1230K, committed 1280K, reserved 1048576K

Card table byte_map: [0x0000000011bb0000,0x0000000011fa0000] byte_map_base: 0x0000000011798000

Marking Bits: (ParMarkBitMap*) 0x000000006c87a5b0
 Begin Bits: [0x0000000012a50000, 0x0000000014990000)
 End Bits:   [0x0000000014990000, 0x00000000168d0000)

Polling page: 0x0000000000230000

CodeCache: size=245760Kb used=5170Kb max_used=5677Kb free=240589Kb
 bounds [0x00000000027f0000, 0x0000000002d90000, 0x00000000117f0000]
 total_blobs=2164 nmethods=1596 adapters=481
 compilation: enabled

Compilation events (10 events):
Event: 16.149 Thread 0x0000000058d0f800 1754       4       org.lwjgl.opengl.GL11::glTexParameteri (24 bytes)
Event: 16.150 Thread 0x0000000058d0f800 nmethod 1754 0x0000000002b32fd0 code [0x0000000002b33120, 0x0000000002b33248]
Event: 16.368 Thread 0x00000000576bf000 1755       3       jdk.internal.org.objectweb.asm.ClassWriter::<init> (122 bytes)
Event: 16.369 Thread 0x00000000576bf000 nmethod 1755 0x0000000002d70c10 code [0x0000000002d70e20, 0x0000000002d71828]
Event: 16.369 Thread 0x00000000576bf000 1757       3       jdk.internal.org.objectweb.asm.ClassWriter::toByteArray (1289 bytes)
Event: 16.375 Thread 0x00000000576bf000 nmethod 1757 0x0000000002aad110 code [0x0000000002aad920, 0x0000000002ab1618]
Event: 16.375 Thread 0x00000000576bf000 1756       3       jdk.internal.org.objectweb.asm.ClassVisitor::<init> (7 bytes)
Event: 16.375 Thread 0x00000000576bf000 nmethod 1756 0x0000000002a515d0 code [0x0000000002a51760, 0x0000000002a51aa8]
Event: 16.375 Thread 0x00000000576bf000 1758       3       java.lang.invoke.TypeConvertingMethodAdapter::descriptorToName (36 bytes)
Event: 16.376 Thread 0x00000000576bf000 nmethod 1758 0x0000000002c2fdd0 code [0x0000000002c2ff80, 0x0000000002c30688]

GC Heap History (10 events):
Event: 16.107 GC heap before
{Heap before GC invocations=36 (full 0):
 PSYoungGen      total 303104K, used 300576K [0x00000000d6580000, 0x00000000fde80000, 0x0000000100000000)
  eden space 300544K, 100% used [0x00000000d6580000,0x00000000e8b00000,0x00000000e8b00000)
  from space 2560K, 1% used [0x00000000fd980000,0x00000000fd988000,0x00000000fdc00000)
  to   space 2048K, 0% used [0x00000000fdc80000,0x00000000fdc80000,0x00000000fde80000)
 ParOldGen       total 86016K, used 5260K [0x0000000083000000, 0x0000000088400000, 0x00000000d6580000)
  object space 86016K, 6% used [0x0000000083000000,0x0000000083523148,0x0000000088400000)
 Metaspace       used 10482K, capacity 11079K, committed 11264K, reserved 1058816K
  class space    used 1091K, capacity 1228K, committed 1280K, reserved 1048576K
Event: 16.107 GC heap after
Heap after GC invocations=36 (full 0):
 PSYoungGen      total 287744K, used 32K [0x00000000d6580000, 0x00000000fdd00000, 0x0000000100000000)
  eden space 287232K, 0% used [0x00000000d6580000,0x00000000d6580000,0x00000000e7e00000)
  from space 512K, 6% used [0x00000000fdc80000,0x00000000fdc88000,0x00000000fdd00000)
  to   space 2048K, 0% used [0x00000000fd900000,0x00000000fd900000,0x00000000fdb00000)
 ParOldGen       total 86016K, used 5260K [0x0000000083000000, 0x0000000088400000, 0x00000000d6580000)
  object space 86016K, 6% used [0x0000000083000000,0x0000000083523148,0x0000000088400000)
 Metaspace       used 10482K, capacity 11079K, committed 11264K, reserved 1058816K
  class space    used 1091K, capacity 1228K, committed 1280K, reserved 1048576K
}
Event: 16.159 GC heap before
{Heap before GC invocations=37 (full 0):
 PSYoungGen      total 287744K, used 287264K [0x00000000d6580000, 0x00000000fdd00000, 0x0000000100000000)
  eden space 287232K, 100% used [0x00000000d6580000,0x00000000e7e00000,0x00000000e7e00000)
  from space 512K, 6% used [0x00000000fdc80000,0x00000000fdc88000,0x00000000fdd00000)
  to   space 2048K, 0% used [0x00000000fd900000,0x00000000fd900000,0x00000000fdb00000)
 ParOldGen       total 86016K, used 5260K [0x0000000083000000, 0x0000000088400000, 0x00000000d6580000)
  object space 86016K, 6% used [0x0000000083000000,0x0000000083523148,0x0000000088400000)
 Metaspace       used 10482K, capacity 11079K, committed 11264K, reserved 1058816K
  class space    used 1091K, capacity 1228K, committed 1280K, reserved 1048576K
Event: 16.159 GC heap after
Heap after GC invocations=37 (full 0):
 PSYoungGen      total 276480K, used 32K [0x00000000d6580000, 0x00000000fdd00000, 0x0000000100000000)
  eden space 274432K, 0% used [0x00000000d6580000,0x00000000d6580000,0x00000000e7180000)
  from space 2048K, 1% used [0x00000000fd900000,0x00000000fd908000,0x00000000fdb00000)
  to   space 2048K, 0% used [0x00000000fdb00000,0x00000000fdb00000,0x00000000fdd00000)
 ParOldGen       total 86016K, used 5260K [0x0000000083000000, 0x0000000088400000, 0x00000000d6580000)
  object space 86016K, 6% used [0x0000000083000000,0x0000000083523148,0x0000000088400000)
 Metaspace       used 10482K, capacity 11079K, committed 11264K, reserved 1058816K
  class space    used 1091K, capacity 1228K, committed 1280K, reserved 1048576K
}
Event: 16.207 GC heap before
{Heap before GC invocations=38 (full 0):
 PSYoungGen      total 276480K, used 274464K [0x00000000d6580000, 0x00000000fdd00000, 0x0000000100000000)
  eden space 274432K, 100% used [0x00000000d6580000,0x00000000e7180000,0x00000000e7180000)
  from space 2048K, 1% used [0x00000000fd900000,0x00000000fd908000,0x00000000fdb00000)
  to   space 2048K, 0% used [0x00000000fdb00000,0x00000000fdb00000,0x00000000fdd00000)
 ParOldGen       total 86016K, used 5260K [0x0000000083000000, 0x0000000088400000, 0x00000000d6580000)
  object space 86016K, 6% used [0x0000000083000000,0x0000000083523148,0x0000000088400000)
 Metaspace       used 10482K, capacity 11079K, committed 11264K, reserved 1058816K
  class space    used 1091K, capacity 1228K, committed 1280K, reserved 1048576K
Event: 16.208 GC heap after
Heap after GC invocations=38 (full 0):
 PSYoungGen      total 263168K, used 32K [0x00000000d6580000, 0x00000000fdb80000, 0x0000000100000000)
  eden space 262656K, 0% used [0x00000000d6580000,0x00000000d6580000,0x00000000e6600000)
  from space 512K, 6% used [0x00000000fdb00000,0x00000000fdb08000,0x00000000fdb80000)
  to   space 2048K, 0% used [0x00000000fd780000,0x00000000fd780000,0x00000000fd980000)
 ParOldGen       total 86016K, used 5260K [0x0000000083000000, 0x0000000088400000, 0x00000000d6580000)
  object space 86016K, 6% used [0x0000000083000000,0x0000000083523148,0x0000000088400000)
 Metaspace       used 10482K, capacity 11079K, committed 11264K, reserved 1058816K
  class space    used 1091K, capacity 1228K, committed 1280K, reserved 1048576K
}
Event: 16.255 GC heap before
{Heap before GC invocations=39 (full 0):
 PSYoungGen      total 263168K, used 262688K [0x00000000d6580000, 0x00000000fdb80000, 0x0000000100000000)
  eden space 262656K, 100% used [0x00000000d6580000,0x00000000e6600000,0x00000000e6600000)
  from space 512K, 6% used [0x00000000fdb00000,0x00000000fdb08000,0x00000000fdb80000)
  to   space 2048K, 0% used [0x00000000fd780000,0x00000000fd780000,0x00000000fd980000)
 ParOldGen       total 86016K, used 5260K [0x0000000083000000, 0x0000000088400000, 0x00000000d6580000)
  object space 86016K, 6% used [0x0000000083000000,0x0000000083523148,0x0000000088400000)
 Metaspace       used 10482K, capacity 11079K, committed 11264K, reserved 1058816K
  class space    used 1091K, capacity 1228K, committed 1280K, reserved 1048576K
Event: 16.256 GC heap after
Heap after GC invocations=39 (full 0):
 PSYoungGen      total 253440K, used 32K [0x00000000d6580000, 0x00000000fdb80000, 0x0000000100000000)
  eden space 251392K, 0% used [0x00000000d6580000,0x00000000d6580000,0x00000000e5b00000)
  from space 2048K, 1% used [0x00000000fd780000,0x00000000fd788000,0x00000000fd980000)
  to   space 1536K, 0% used [0x00000000fda00000,0x00000000fda00000,0x00000000fdb80000)
 ParOldGen       total 86016K, used 5260K [0x0000000083000000, 0x0000000088400000, 0x00000000d6580000)
  object space 86016K, 6% used [0x0000000083000000,0x0000000083523148,0x0000000088400000)
 Metaspace       used 10482K, capacity 11079K, committed 11264K, reserved 1058816K
  class space    used 1091K, capacity 1228K, committed 1280K, reserved 1048576K
}
Event: 16.300 GC heap before
{Heap before GC invocations=40 (full 0):
 PSYoungGen      total 253440K, used 251424K [0x00000000d6580000, 0x00000000fdb80000, 0x0000000100000000)
  eden space 251392K, 100% used [0x00000000d6580000,0x00000000e5b00000,0x00000000e5b00000)
  from space 2048K, 1% used [0x00000000fd780000,0x00000000fd788000,0x00000000fd980000)
  to   space 1536K, 0% used [0x00000000fda00000,0x00000000fda00000,0x00000000fdb80000)
 ParOldGen       total 86016K, used 5260K [0x0000000083000000, 0x0000000088400000, 0x00000000d6580000)
  object space 86016K, 6% used [0x0000000083000000,0x0000000083523148,0x0000000088400000)
 Metaspace       used 10482K, capacity 11079K, committed 11264K, reserved 1058816K
  class space    used 1091K, capacity 1228K, committed 1280K, reserved 1048576K
Event: 16.323 GC heap after
Heap after GC invocations=40 (full 0):
 PSYoungGen      total 314880K, used 32K [0x00000000d6580000, 0x00000000fda80000, 0x0000000100000000)
  eden space 314368K, 0% used [0x00000000d6580000,0x00000000d6580000,0x00000000e9880000)
  from space 512K, 6% used [0x00000000fda00000,0x00000000fda08000,0x00000000fda80000)
  to   space 1536K, 0% used [0x00000000fd780000,0x00000000fd780000,0x00000000fd900000)
 ParOldGen       total 86016K, used 5260K [0x0000000083000000, 0x0000000088400000, 0x00000000d6580000)
  object space 86016K, 6% used [0x0000000083000000,0x0000000083523148,0x0000000088400000)
 Metaspace       used 10482K, capacity 11079K, committed 11264K, reserved 1058816K
  class space    used 1091K, capacity 1228K, committed 1280K, reserved 1048576K
}

Deoptimization events (10 events):
Event: 13.724 Thread 0x000000000220f000 Uncommon trap: reason=bimorphic action=maybe_recompile pc=0x0000000002d317d0 method=java.util.stream.ReferencePipeline$2$1.accept(Ljava/lang/Object;)V @ 8
Event: 13.726 Thread 0x000000000220f000 Uncommon trap: reason=unstable_if action=reinterpret pc=0x0000000002d31c10 method=map.CubeMap.getCube(Lutil/Vec3;)Lmap/CubeData; @ 55
Event: 13.727 Thread 0x000000000220f000 Uncommon trap: reason=unstable_if action=reinterpret pc=0x0000000002d2c6d4 method=map.CubeMap.getCube(Lutil/Vec3;)Lmap/CubeData; @ 55
Event: 13.727 Thread 0x000000000220f000 Uncommon trap: reason=unstable_if action=reinterpret pc=0x0000000002d40ae4 method=map.CubeMap.getCube(Lutil/Vec3;)Lmap/CubeData; @ 55
Event: 14.179 Thread 0x000000000220f000 Uncommon trap: reason=unstable_if action=reinterpret pc=0x0000000002d45dac method=map.CubeMap.getCube(Lutil/Vec3;)Lmap/CubeData; @ 45
Event: 14.179 Thread 0x000000000220f000 Uncommon trap: reason=unstable_if action=reinterpret pc=0x0000000002d58908 method=map.CubeMap.getCube(Lutil/Vec3;)Lmap/CubeData; @ 45
Event: 14.180 Thread 0x000000000220f000 Uncommon trap: reason=unstable_if action=reinterpret pc=0x0000000002d4bad0 method=map.CubeMap.getCube(Lutil/Vec3;)Lmap/CubeData; @ 45
Event: 15.886 Thread 0x000000000220f000 Uncommon trap: reason=unstable_if action=reinterpret pc=0x0000000002d6c318 method=map.CubeMap.getCube(Lutil/Vec3;)Lmap/CubeData; @ 35
Event: 15.886 Thread 0x000000000220f000 Uncommon trap: reason=unstable_if action=reinterpret pc=0x0000000002d691d0 method=map.CubeMap.getCube(Lutil/Vec3;)Lmap/CubeData; @ 35
Event: 15.886 Thread 0x000000000220f000 Uncommon trap: reason=unstable_if action=reinterpret pc=0x0000000002d6e320 method=map.CubeMap.getCube(Lutil/Vec3;)Lmap/CubeData; @ 35

Internal exceptions (10 events):
Event: 0.262 Thread 0x000000000220f000 Exception <a 'java/security/PrivilegedActionException'> (0x00000000d6603420) thrown at [C:\workspace\8-2-build-windows-amd64-cygwin\jdk8u65\4987\hotspot\src\share\vm\prims\jvm.cpp, line 1386]
Event: 0.637 Thread 0x000000000220f000 Exception <a 'java/lang/NoSuchFieldError': method resolution failed> (0x00000000d6b206d8) thrown at [C:\workspace\8-2-build-windows-amd64-cygwin\jdk8u65\4987\hotspot\src\share\vm\prims\methodHandles.cpp, line 1146]
Event: 0.639 Thread 0x000000000220f000 Exception <a 'java/lang/NoSuchFieldError': method resolution failed> (0x00000000d6b2da28) thrown at [C:\workspace\8-2-build-windows-amd64-cygwin\jdk8u65\4987\hotspot\src\share\vm\prims\methodHandles.cpp, line 1146]
Event: 0.665 Thread 0x000000000220f000 Exception <a 'java/security/PrivilegedActionException'> (0x00000000d6bee200) thrown at [C:\workspace\8-2-build-windows-amd64-cygwin\jdk8u65\4987\hotspot\src\share\vm\prims\jvm.cpp, line 1386]
Event: 0.666 Thread 0x000000000220f000 Exception <a 'java/security/PrivilegedActionException'> (0x00000000d6bee410) thrown at [C:\workspace\8-2-build-windows-amd64-cygwin\jdk8u65\4987\hotspot\src\share\vm\prims\jvm.cpp, line 1386]
Event: 0.666 Thread 0x000000000220f000 Exception <a 'java/security/PrivilegedActionException'> (0x00000000d6bf2258) thrown at [C:\workspace\8-2-build-windows-amd64-cygwin\jdk8u65\4987\hotspot\src\share\vm\prims\jvm.cpp, line 1386]
Event: 0.666 Thread 0x000000000220f000 Exception <a 'java/security/PrivilegedActionException'> (0x00000000d6bf2468) thrown at [C:\workspace\8-2-build-windows-amd64-cygwin\jdk8u65\4987\hotspot\src\share\vm\prims\jvm.cpp, line 1386]
Event: 0.669 Thread 0x000000000220f000 Exception <a 'java/io/FileNotFoundException'> (0x00000000d6bf4848) thrown at [C:\workspace\8-2-build-windows-amd64-cygwin\jdk8u65\4987\hotspot\src\share\vm\prims\jni.cpp, line 709]
Event: 0.697 Thread 0x000000000220f000 Exception <a 'java/io/FileNotFoundException'> (0x00000000d6c361f0) thrown at [C:\workspace\8-2-build-windows-amd64-cygwin\jdk8u65\4987\hotspot\src\share\vm\prims\jni.cpp, line 709]
Event: 0.716 Thread 0x000000000220f000 Implicit null exception at 0x000000000299238b to 0x000000000299253d

Events (10 events):
Event: 16.369 Thread 0x00000000576bf000 flushing nmethod 0x0000000002c27110
Event: 16.369 Thread 0x00000000576bf000 flushing nmethod 0x0000000002c27f50
Event: 16.369 Thread 0x00000000576bf000 flushing nmethod 0x0000000002c28cd0
Event: 16.369 Thread 0x00000000576bf000 flushing nmethod 0x0000000002c2c010
Event: 16.369 Thread 0x00000000576bf000 flushing nmethod 0x0000000002c2da50
Event: 16.369 Thread 0x00000000576bf000 flushing nmethod 0x0000000002c2e6d0
Event: 16.369 Thread 0x00000000576bf000 flushing nmethod 0x0000000002c2fdd0
Event: 16.375 Thread 0x00000000576bf000 flushing nmethod 0x0000000002c63fd0
Event: 16.375 Thread 0x00000000576bf000 flushing nmethod 0x0000000002c724d0
Event: 16.375 Thread 0x00000000576bf000 flushing nmethod 0x0000000002c7b850


Dynamic libraries:
0x000000013f480000 - 0x000000013f4b7000 	C:\Program Files\Java\jdk1.8.0_65\bin\java.exe
0x0000000076d70000 - 0x0000000076f1a000 	C:\Windows\SYSTEM32\ntdll.dll
0x0000000076b50000 - 0x0000000076c6f000 	C:\Windows\system32\kernel32.dll
0x000007fefcb10000 - 0x000007fefcb7b000 	C:\Windows\system32\KERNELBASE.dll
0x000007fefe9e0000 - 0x000007fefeabb000 	C:\Windows\system32\ADVAPI32.dll
0x000007fefe500000 - 0x000007fefe59f000 	C:\Windows\system32\msvcrt.dll
0x000007fefe4e0000 - 0x000007fefe4ff000 	C:\Windows\SYSTEM32\sechost.dll
0x000007fefceb0000 - 0x000007fefcfdd000 	C:\Windows\system32\RPCRT4.dll
0x0000000076c70000 - 0x0000000076d6a000 	C:\Windows\system32\USER32.dll
0x000007fefe970000 - 0x000007fefe9d7000 	C:\Windows\system32\GDI32.dll
0x000007fefe4d0000 - 0x000007fefe4de000 	C:\Windows\system32\LPK.dll
0x000007fefedc0000 - 0x000007fefee8a000 	C:\Windows\system32\USP10.dll
0x000007fefb3a0000 - 0x000007fefb594000 	C:\Windows\WinSxS\amd64_microsoft.windows.common-controls_6595b64144ccf1df_6.0.7601.18837_none_fa3b1e3d17594757\COMCTL32.dll
0x000007fefeee0000 - 0x000007fefef51000 	C:\Windows\system32\SHLWAPI.dll
0x000007fefed90000 - 0x000007fefedbe000 	C:\Windows\system32\IMM32.DLL
0x000007fefef70000 - 0x000007feff079000 	C:\Windows\system32\MSCTF.dll
0x000000006f420000 - 0x000000006f4f2000 	C:\Program Files\Java\jdk1.8.0_65\jre\bin\msvcr100.dll
0x000000006c070000 - 0x000000006c8f9000 	C:\Program Files\Java\jdk1.8.0_65\jre\bin\server\jvm.dll
0x000007fef6f80000 - 0x000007fef6f89000 	C:\Windows\system32\WSOCK32.dll
0x000007fefee90000 - 0x000007fefeedd000 	C:\Windows\system32\WS2_32.dll
0x000007fefef60000 - 0x000007fefef68000 	C:\Windows\system32\NSI.dll
0x000007fef95f0000 - 0x000007fef962b000 	C:\Windows\system32\WINMM.dll
0x000007fefbc50000 - 0x000007fefbc5c000 	C:\Windows\system32\VERSION.dll
0x0000000076f30000 - 0x0000000076f37000 	C:\Windows\system32\PSAPI.DLL
0x0000000072db0000 - 0x0000000072dbf000 	C:\Program Files\Java\jdk1.8.0_65\jre\bin\verify.dll
0x0000000070180000 - 0x00000000701a9000 	C:\Program Files\Java\jdk1.8.0_65\jre\bin\java.dll
0x0000000070770000 - 0x0000000070786000 	C:\Program Files\Java\jdk1.8.0_65\jre\bin\zip.dll
0x000007fefd2b0000 - 0x000007fefe03a000 	C:\Windows\system32\SHELL32.dll
0x000007fefe220000 - 0x000007fefe423000 	C:\Windows\system32\ole32.dll
0x000007fefcaf0000 - 0x000007fefcaff000 	C:\Windows\system32\profapi.dll
0x0000000180000000 - 0x0000000180051000 	G:\OGPC 2016\OGPC 2016 Java\natives\lwjgl64.dll
0x000007feedb80000 - 0x000007feedc9d000 	C:\Windows\system32\OPENGL32.dll
0x000007fef8e50000 - 0x000007fef8e7d000 	C:\Windows\system32\GLU32.dll
0x000007feefeb0000 - 0x000007feeffa1000 	C:\Windows\system32\DDRAW.dll
0x000007fef9640000 - 0x000007fef9648000 	C:\Windows\system32\DCIMAN32.dll
0x000007fefe040000 - 0x000007fefe217000 	C:\Windows\system32\SETUPAPI.dll
0x000007fefce20000 - 0x000007fefce56000 	C:\Windows\system32\CFGMGR32.dll
0x000007fefe600000 - 0x000007fefe6d8000 	C:\Windows\system32\OLEAUT32.dll
0x000007fefcb80000 - 0x000007fefcb9a000 	C:\Windows\system32\DEVOBJ.dll
0x000007fefadf0000 - 0x000007fefae08000 	C:\Windows\system32\dwmapi.dll
0x000007fefb340000 - 0x000007fefb396000 	C:\Windows\system32\uxtheme.dll
0x00000000002a0000 - 0x00000000002e1000 	C:\Program Files (x86)\NetSupport\NetSupport School\pciappctrl64.dll
0x000007fef4600000 - 0x000007fef4725000 	C:\Windows\system32\dbghelp.dll
0x000007fef34e0000 - 0x000007fef34f8000 	C:\Windows\system32\MPR.dll
0x0000000000310000 - 0x0000000000335000 	C:\Program Files (x86)\Common Files\NSL\NSCommonHook64.dll
0x000007fee8ea0000 - 0x000007fee96d3000 	C:\Windows\system32\ig7icd64.dll
0x000007feef580000 - 0x000007feef9df000 	C:\Windows\system32\igdusc64.dll
0x000007fefb9a0000 - 0x000007fefb9b1000 	C:\Windows\system32\WTSAPI32.dll
0x000007fefc950000 - 0x000007fefc95f000 	C:\Windows\system32\CRYPTBASE.dll
0x000007feedae0000 - 0x000007feedb7c000 	C:\Windows\system32\mscms.dll
0x000007fefcc70000 - 0x000007fefcc8e000 	C:\Windows\system32\USERENV.dll
0x000007fef56e0000 - 0x000007fef5722000 	C:\Windows\system32\icm32.dll
0x000000006e550000 - 0x000000006e6e8000 	C:\Program Files\Java\jdk1.8.0_65\jre\bin\awt.dll
0x000007fefaba0000 - 0x000007fefabaa000 	C:\Windows\System32\drprov.dll
0x000007fefca00000 - 0x000007fefca3d000 	C:\Windows\System32\WINSTA.dll
0x000007fefab70000 - 0x000007fefab92000 	C:\Windows\System32\ntlanman.dll
0x000007fefab50000 - 0x000007fefab6d000 	C:\Windows\System32\davclnt.dll
0x000007fefaf90000 - 0x000007fefaf9a000 	C:\Windows\System32\DAVHLPR.dll
0x000000006f090000 - 0x000000006f0d7000 	C:\Program Files\Java\jdk1.8.0_65\jre\bin\fontmanager.dll
0x0000000070930000 - 0x000000007094a000 	C:\Program Files\Java\jdk1.8.0_65\jre\bin\net.dll
0x00000000022d0000 - 0x00000000022f4000 	C:\Program Files (x86)\Common Files\NSL\nslsp64.dll
0x000007fefc290000 - 0x000007fefc2e5000 	C:\Windows\system32\mswsock.dll
0x000007fefc280000 - 0x000007fefc287000 	C:\Windows\System32\wship6.dll
0x000000006f810000 - 0x000000006f821000 	C:\Program Files\Java\jdk1.8.0_65\jre\bin\nio.dll
0x000000006f040000 - 0x000000006f082000 	C:\Program Files\Java\jdk1.8.0_65\jre\bin\t2k.dll

VM Arguments:
jvm_args: -Dfile.encoding=UTF-8 -Dorg.lwjgl.opengl.Display.allowSoftwareOpenGL=true 
java_command: invisibleman.Client
java_class_path (initial): G:\OGPC 2016\OGPC 2016 Java\lib\jfxrt.jar;G:\OGPC 2016\OGPC 2016 Java\lib\jinput.jar;G:\OGPC 2016\OGPC 2016 Java\lib\lwjgl.jar;G:\OGPC 2016\OGPC 2016 Java\lib\lwjgl_util.jar;G:\OGPC 2016\OGPC 2016 Java\lib\slick-util.jar;G:\OGPC 2016\OGPC 2016 Java\lib\protonpack-1.1.jar;G:\OGPC 2016\OGPC 2016 Java\lib\Forge.jar;G:\OGPC 2016\OGPC 2016 Java\build\classes
Launcher Type: SUN_STANDARD

Environment Variables:
PATH=C:\Program Files\Common Files\Microsoft Shared\Windows Live;C:\Program Files (x86)\Common Files\Microsoft Shared\Windows Live;C:\ProgramData\Oracle\Java\javapath;C:\Windows\system32;C:\Windows;C:\Windows\System32\Wbem;C:\Windows\System32\WindowsPowerShell\v1.0\;C:\Program Files\Intel\WiFi\bin\;C:\Program Files\Common Files\Intel\WirelessCommon\;C:\Program Files (x86)\Intel\OpenCL SDK\2.0\bin\x86;C:\Program Files (x86)\Intel\OpenCL SDK\2.0\bin\x64;C:\SWTOOLS\ReadyApps;C:\Program Files (x86)\QuickTime\QTSystem\;C:\Program Files (x86)\Windows Live\Shared;C:\Program Files\Intel\WiFi\bin\;C:\Program Files\Common Files\Intel\WirelessCommon\
USERNAME=cbarnum18
OS=Windows_NT
PROCESSOR_IDENTIFIER=Intel64 Family 6 Model 58 Stepping 9, GenuineIntel



---------------  S Y S T E M  ---------------

OS: Windows 7 , 64 bit Build 7601 (6.1.7601.19160)

CPU:total 4 (2 cores per cpu, 2 threads per core) family 6 model 58 stepping 9, cmov, cx8, fxsr, mmx, sse, sse2, sse3, ssse3, sse4.1, sse4.2, popcnt, avx, clmul, erms, ht, tsc, tscinvbit, tscinv

Memory: 4k page, physical 8186072k(5254768k free), swap 16370308k(12681196k free)

vm_info: Java HotSpot(TM) 64-Bit Server VM (25.65-b01) for windows-amd64 JRE (1.8.0_65-b17), built on Oct  6 2015 16:39:20 by "java_re" with MS VC++ 10.0 (VS2010)

time: Tue Apr 19 15:26:29 2016
elapsed time: 16 seconds (0d 0h 0m 16s)

