#
# A fatal error has been detected by the Java Runtime Environment:
#
#  EXCEPTION_ACCESS_VIOLATION (0xc0000005) at pc=0x000000001a78d184, pid=8484, tid=7052
#
# JRE version: Java(TM) SE Runtime Environment (8.0_51-b16) (build 1.8.0_51-b16)
# Java VM: Java HotSpot(TM) 64-Bit Server VM (25.51-b03 mixed mode windows-amd64 compressed oops)
# Problematic frame:
# C  [ig7icd64.dll+0x1d184]
#
# Failed to write core dump. Minidumps are not enabled by default on client versions of Windows
#
# If you would like to submit a bug report, please visit:
#   http://bugreport.java.com/bugreport/crash.jsp
# The crash happened outside the Java Virtual Machine in native code.
# See problematic frame for where to report the bug.
#

---------------  T H R E A D  ---------------

Current thread (0x000000000279d800):  JavaThread "main" [_thread_in_native, id=7052, stack(0x00000000027f0000,0x00000000028f0000)]

siginfo: ExceptionCode=0xc0000005, writing address 0x000000001a57a000

Registers:
RAX=0x0000000000000001, RBX=0x000000001af2e000, RCX=0x000000001a57a010, RDX=0x000000001d95be20
RSP=0x00000000028edfe0, RBP=0x0000000000000000, RSI=0x000000001c3e0e40, RDI=0x000000001d95bac0
R8 =0x0000000000000020, R9 =0x0000000000000000, R10=0x0000000000000001, R11=0x0000000000000002
R12=0x0000000000000000, R13=0x000000001d8f0fe0, R14=0x000000001c3e2b50, R15=0x0000000000000000
RIP=0x000000001a78d184, EFLAGS=0x0000000000010202

Top of Stack: (sp=0x00000000028edfe0)
0x00000000028edfe0:   0000000000000000 000000001ab6aba9
0x00000000028edff0:   000000001afb47f0 000000001afb47f0
0x00000000028ee000:   00000000028ee1b0 4033000000000000
0x00000000028ee010:   000000001af2e000 000000001af2e000
0x00000000028ee020:   000000000279d800 000000001a990ac8
0x00000000028ee030:   000000001af2e000 4033000000000000
0x00000000028ee040:   000000001af2e000 000000001af2e000
0x00000000028ee050:   000000001af1dc80 404e000000000000
0x00000000028ee060:   000000001d95be10 0000000000000000
0x00000000028ee070:   0000000000000000 0000000000000000
0x00000000028ee080:   000000001d9c8470 0000000000000002
0x00000000028ee090:   0000000000000002 000000001da99440
0x00000000028ee0a0:   000000001af2e000 000000001d95bc1c
0x00000000028ee0b0:   000000001d95bac0 000000001a9c2a54
0x00000000028ee0c0:   00000000028ee159 000000001da0d101
0x00000000028ee0d0:   000000001d95bc1c 0000000000000000 

Instructions: (pc=0x000000001a78d184)
0x000000001a78d164:   d1 49 c1 eb 04 4d 85 db 0f 84 24 02 00 00 f3 0f
0x000000001a78d174:   6f 02 41 ff c2 48 83 c1 10 41 8b c2 48 83 c2 10
0x000000001a78d184:   f3 0f 7f 41 f0 49 3b c3 72 e4 e9 03 02 00 00 48
0x000000001a78d194:   89 7c 24 40 8b f9 83 e7 0f 74 68 48 89 5c 24 50 


Register to memory mapping:

RAX=0x0000000000000001 is an unknown value
RBX=0x000000001af2e000 is an unknown value
RCX=0x000000001a57a010 is an unknown value
RDX=0x000000001d95be20 is an unknown value
RSP=0x00000000028edfe0 is pointing into the stack for thread: 0x000000000279d800
RBP=0x0000000000000000 is an unknown value
RSI=0x000000001c3e0e40 is an unknown value
RDI=0x000000001d95bac0 is an unknown value
R8 =0x0000000000000020 is an unknown value
R9 =0x0000000000000000 is an unknown value
R10=0x0000000000000001 is an unknown value
R11=0x0000000000000002 is an unknown value
R12=0x0000000000000000 is an unknown value
R13=0x000000001d8f0fe0 is an unknown value
R14=0x000000001c3e2b50 is an unknown value
R15=0x0000000000000000 is an unknown value


Stack: [0x00000000027f0000,0x00000000028f0000],  sp=0x00000000028edfe0,  free space=1015k
Native frames: (J=compiled Java code, j=interpreted, Vv=VM code, C=native code)

Java frames: (J=compiled Java code, j=interpreted, Vv=VM code)
J 1893  org.lwjgl.opengl.GL11.nglCallList(IJ)V (0 bytes) @ 0x0000000002b662c4 [0x0000000002b66280+0x44]
J 2010 C2 map.CubeMap$$Lambda$123.accept(Ljava/lang/Object;Ljava/lang/Object;)V (12 bytes) @ 0x0000000002cc3458 [0x0000000002cc3340+0x118]
J 1807 C2 util.Util$$Lambda$65.accept(Ljava/lang/Object;)V (20 bytes) @ 0x0000000002fcac08 [0x0000000002fcab20+0xe8]
J 1598 C2 util.Util.forRange(IILjava/util/function/Consumer;)V (24 bytes) @ 0x0000000002f32768 [0x0000000002f324a0+0x2c8]
J 2044 C1 map.CubeMap.drawAll()V (49 bytes) @ 0x00000000030b2784 [0x00000000030b1620+0x1164]
J 2026 C1 map.Editor$$Lambda$82.run()V (4 bytes) @ 0x0000000002e2dffc [0x0000000002e2df40+0xbc]
J 2050 C2 engine.EventStream$$Lambda$2.accept(Ljava/lang/Object;)V (12 bytes) @ 0x00000000030b74d8 [0x00000000030b7480+0x58]
J 1932 C2 engine.EventStream$$Lambda$33.accept(Ljava/lang/Object;)V (10 bytes) @ 0x0000000002c218f8 [0x0000000002c218a0+0x58]
J 1174 C2 java.util.ArrayList.forEach(Ljava/util/function/Consumer;)V (75 bytes) @ 0x0000000002de4aa4 [0x0000000002de49e0+0xc4]
J 1118 C1 engine.Core$$Lambda$53.accept(Ljava/lang/Object;)V (8 bytes) @ 0x0000000002dbbea4 [0x0000000002dbba40+0x464]
J 1112 C1 java.lang.Iterable.forEach(Ljava/util/function/Consumer;)V (39 bytes) @ 0x0000000002db8f4c [0x0000000002db8c60+0x2ec]
J 943% C2 engine.Core.run()V (114 bytes) @ 0x0000000002d55528 [0x0000000002d55460+0xc8]
j  map.Editor.start(Ljava/lang/String;)V+481
j  guis.Play.recieve(Ljava/lang/String;Ljava/lang/Object;)V+131
j  gui.components.GUIButton.send()V+68
j  gui.TypingManager.compOpen(Lgui/types/GUIInputComponent;)V+24
j  gui.TypingManager.lambda$null$1()V+93
j  gui.TypingManager$$Lambda$35.run()V+0
J 1018 C1 engine.EventStream$$Lambda$2.accept(Ljava/lang/Object;)V (12 bytes) @ 0x0000000002d79c94 [0x0000000002d79a60+0x234]
J 1012 C1 engine.EventStream$$Lambda$3.run()V (12 bytes) @ 0x0000000002d77a14 [0x0000000002d778c0+0x154]
J 1011 C1 engine.EventStream$$Lambda$33.accept(Ljava/lang/Object;)V (10 bytes) @ 0x0000000002d77544 [0x0000000002d77340+0x204]
J 1174 C2 java.util.ArrayList.forEach(Ljava/util/function/Consumer;)V (75 bytes) @ 0x0000000002de4aa4 [0x0000000002de49e0+0xc4]
J 1093 C1 engine.Signal$$Lambda$5.accept(Ljava/lang/Object;)V (16 bytes) @ 0x0000000002dadc8c [0x0000000002dad4c0+0x7cc]
J 1012 C1 engine.EventStream$$Lambda$3.run()V (12 bytes) @ 0x0000000002d77a14 [0x0000000002d778c0+0x154]
J 1011 C1 engine.EventStream$$Lambda$33.accept(Ljava/lang/Object;)V (10 bytes) @ 0x0000000002d77544 [0x0000000002d77340+0x204]
J 1174 C2 java.util.ArrayList.forEach(Ljava/util/function/Consumer;)V (75 bytes) @ 0x0000000002de4aa4 [0x0000000002de49e0+0xc4]
J 1168 C1 engine.Input.lambda$static$0()V (417 bytes) @ 0x0000000002deb9b4 [0x0000000002de7b60+0x3e54]
J 1167 C1 engine.Input$$Lambda$1.run()V (4 bytes) @ 0x0000000002de6bfc [0x0000000002de6b80+0x7c]
J 1018 C1 engine.EventStream$$Lambda$2.accept(Ljava/lang/Object;)V (12 bytes) @ 0x0000000002d79c94 [0x0000000002d79a60+0x234]
J 1012 C1 engine.EventStream$$Lambda$3.run()V (12 bytes) @ 0x0000000002d77a14 [0x0000000002d778c0+0x154]
J 1011 C1 engine.EventStream$$Lambda$33.accept(Ljava/lang/Object;)V (10 bytes) @ 0x0000000002d77544 [0x0000000002d77340+0x204]
J 1174 C2 java.util.ArrayList.forEach(Ljava/util/function/Consumer;)V (75 bytes) @ 0x0000000002de4aa4 [0x0000000002de49e0+0xc4]
J 1110 C1 engine.Core$$Lambda$49.accept(Ljava/lang/Object;)V (12 bytes) @ 0x0000000002dbcbbc [0x0000000002dbc4c0+0x6fc]
J 1112 C1 java.lang.Iterable.forEach(Ljava/util/function/Consumer;)V (39 bytes) @ 0x0000000002db8f4c [0x0000000002db8c60+0x2ec]
J 943% C2 engine.Core.run()V (114 bytes) @ 0x0000000002d554f4 [0x0000000002d55460+0x94]
j  invisibleman.Client.main([Ljava/lang/String;)V+139
v  ~StubRoutines::call_stub

---------------  P R O C E S S  ---------------

Java Threads: ( => current thread )
  0x0000000019cc4800 JavaThread "AWT-Windows" daemon [_thread_in_native, id=11992, stack(0x000000001fdd0000,0x000000001fed0000)]
  0x000000001ed3b000 JavaThread "Java2D Disposer" daemon [_thread_blocked, id=11512, stack(0x000000001fbd0000,0x000000001fcd0000)]
  0x00000000199bf000 JavaThread "Service Thread" daemon [_thread_blocked, id=11720, stack(0x000000001a300000,0x000000001a400000)]
  0x000000001992f800 JavaThread "C1 CompilerThread3" daemon [_thread_blocked, id=11048, stack(0x000000001a200000,0x000000001a300000)]
  0x0000000019927800 JavaThread "C2 CompilerThread2" daemon [_thread_blocked, id=10412, stack(0x000000001a100000,0x000000001a200000)]
  0x0000000019938800 JavaThread "C2 CompilerThread1" daemon [_thread_blocked, id=5684, stack(0x000000001a000000,0x000000001a100000)]
  0x0000000019935000 JavaThread "C2 CompilerThread0" daemon [_thread_blocked, id=7748, stack(0x0000000019f00000,0x000000001a000000)]
  0x0000000019933000 JavaThread "Attach Listener" daemon [_thread_blocked, id=10672, stack(0x0000000019e00000,0x0000000019f00000)]
  0x0000000019932000 JavaThread "Signal Dispatcher" daemon [_thread_blocked, id=5072, stack(0x0000000019d00000,0x0000000019e00000)]
  0x00000000029ec000 JavaThread "Finalizer" daemon [_thread_blocked, id=5588, stack(0x0000000019800000,0x0000000019900000)]
  0x00000000029e4000 JavaThread "Reference Handler" daemon [_thread_blocked, id=11736, stack(0x0000000019700000,0x0000000019800000)]
=>0x000000000279d800 JavaThread "main" [_thread_in_native, id=7052, stack(0x00000000027f0000,0x00000000028f0000)]

Other Threads:
  0x0000000017929800 VMThread [stack: 0x0000000019600000,0x0000000019700000] [id=7548]
  0x00000000199c1000 WatcherThread [stack: 0x000000001a400000,0x000000001a500000] [id=5956]

VM state:not at safepoint (normal execution)

VM Mutex/Monitor currently owned by a thread: None

Heap:
 PSYoungGen      total 147456K, used 78746K [0x00000000d6000000, 0x00000000f2a00000, 0x0000000100000000)
  eden space 145408K, 53% used [0x00000000d6000000,0x00000000daca6be0,0x00000000dee00000)
  from space 2048K, 12% used [0x00000000f2600000,0x00000000f2640000,0x00000000f2800000)
  to   space 1536K, 0% used [0x00000000f2880000,0x00000000f2880000,0x00000000f2a00000)
 ParOldGen       total 86016K, used 14144K [0x0000000082000000, 0x0000000087400000, 0x00000000d6000000)
  object space 86016K, 16% used [0x0000000082000000,0x0000000082dd0038,0x0000000087400000)
 Metaspace       used 10736K, capacity 11423K, committed 11520K, reserved 1058816K
  class space    used 1115K, capacity 1246K, committed 1280K, reserved 1048576K

Card table byte_map: [0x0000000011db0000,0x00000000121b0000] byte_map_base: 0x00000000119a0000

Marking Bits: (ParMarkBitMap*) 0x0000000058f24040
 Begin Bits: [0x0000000012c50000, 0x0000000014bd0000)
 End Bits:   [0x0000000014bd0000, 0x0000000016b50000)

Polling page: 0x0000000001130000

CodeCache: size=245760Kb used=6964Kb max_used=6983Kb free=238795Kb
 bounds [0x00000000029f0000, 0x00000000030d0000, 0x00000000119f0000]
 total_blobs=2498 nmethods=1928 adapters=483
 compilation: enabled

Compilation events (10 events):
Event: 20.579 Thread 0x000000001992f800 2085       3       map.CubeMap$1::hasNext (22 bytes)
Event: 20.579 Thread 0x000000001992f800 nmethod 2085 0x0000000002b0b410 code [0x0000000002b0b580, 0x0000000002b0b868]
Event: 20.599 Thread 0x0000000019927800 2086       4       util.Util::forRange (15 bytes)
Event: 20.604 Thread 0x0000000019927800 nmethod 2086 0x00000000030c9490 code [0x00000000030c95e0, 0x00000000030c9a98]
Event: 21.394 Thread 0x0000000019938800 2088       4       org.lwjgl.opengl.WindowsDisplay$Rect::offset (41 bytes)
Event: 21.394 Thread 0x0000000019938800 nmethod 2088 0x0000000002d5a710 code [0x0000000002d5a840, 0x0000000002d5a8b8]
Event: 21.497 Thread 0x000000001992f800 2089  s    3       java.io.BufferedOutputStream::flush (12 bytes)
Event: 21.497 Thread 0x000000001992f800 nmethod 2089 0x0000000002b11510 code [0x0000000002b116a0, 0x0000000002b11b98]
Event: 21.498 Thread 0x000000001992f800 2090       3       java.io.BufferedOutputStream::flushBuffer (29 bytes)
Event: 21.498 Thread 0x000000001992f800 nmethod 2090 0x0000000002b85210 code [0x0000000002b85380, 0x0000000002b85608]

GC Heap History (10 events):
Event: 9.922 GC heap before
{Heap before GC invocations=41 (full 0):
 PSYoungGen      total 140800K, used 140480K [0x00000000d6000000, 0x00000000f2d00000, 0x0000000100000000)
  eden space 140288K, 100% used [0x00000000d6000000,0x00000000de900000,0x00000000de900000)
  from space 512K, 37% used [0x00000000f2c80000,0x00000000f2cb0000,0x00000000f2d00000)
  to   space 2560K, 0% used [0x00000000f2800000,0x00000000f2800000,0x00000000f2a80000)
 ParOldGen       total 86016K, used 14016K [0x0000000082000000, 0x0000000087400000, 0x00000000d6000000)
  object space 86016K, 16% used [0x0000000082000000,0x0000000082db0038,0x0000000087400000)
 Metaspace       used 10549K, capacity 11149K, committed 11264K, reserved 1058816K
  class space    used 1093K, capacity 1231K, committed 1280K, reserved 1048576K
Event: 9.923 GC heap after
Heap after GC invocations=41 (full 0):
 PSYoungGen      total 174080K, used 96K [0x00000000d6000000, 0x00000000f2d00000, 0x0000000100000000)
  eden space 171520K, 0% used [0x00000000d6000000,0x00000000d6000000,0x00000000e0780000)
  from space 2560K, 3% used [0x00000000f2800000,0x00000000f2818000,0x00000000f2a80000)
  to   space 2048K, 0% used [0x00000000f2b00000,0x00000000f2b00000,0x00000000f2d00000)
 ParOldGen       total 86016K, used 14016K [0x0000000082000000, 0x0000000087400000, 0x00000000d6000000)
  object space 86016K, 16% used [0x0000000082000000,0x0000000082db0038,0x0000000087400000)
 Metaspace       used 10549K, capacity 11149K, committed 11264K, reserved 1058816K
  class space    used 1093K, capacity 1231K, committed 1280K, reserved 1048576K
}
Event: 11.880 GC heap before
{Heap before GC invocations=42 (full 0):
 PSYoungGen      total 174080K, used 171616K [0x00000000d6000000, 0x00000000f2d00000, 0x0000000100000000)
  eden space 171520K, 100% used [0x00000000d6000000,0x00000000e0780000,0x00000000e0780000)
  from space 2560K, 3% used [0x00000000f2800000,0x00000000f2818000,0x00000000f2a80000)
  to   space 2048K, 0% used [0x00000000f2b00000,0x00000000f2b00000,0x00000000f2d00000)
 ParOldGen       total 86016K, used 14016K [0x0000000082000000, 0x0000000087400000, 0x00000000d6000000)
  object space 86016K, 16% used [0x0000000082000000,0x0000000082db0038,0x0000000087400000)
 Metaspace       used 10698K, capacity 11271K, committed 11520K, reserved 1058816K
  class space    used 1114K, capacity 1244K, committed 1280K, reserved 1048576K
Event: 11.881 GC heap after
Heap after GC invocations=42 (full 0):
 PSYoungGen      total 164864K, used 288K [0x00000000d6000000, 0x00000000f2b80000, 0x0000000100000000)
  eden space 164352K, 0% used [0x00000000d6000000,0x00000000d6000000,0x00000000e0080000)
  from space 512K, 56% used [0x00000000f2b00000,0x00000000f2b48000,0x00000000f2b80000)
  to   space 2048K, 0% used [0x00000000f2780000,0x00000000f2780000,0x00000000f2980000)
 ParOldGen       total 86016K, used 14024K [0x0000000082000000, 0x0000000087400000, 0x00000000d6000000)
  object space 86016K, 16% used [0x0000000082000000,0x0000000082db2038,0x0000000087400000)
 Metaspace       used 10698K, capacity 11271K, committed 11520K, reserved 1058816K
  class space    used 1114K, capacity 1244K, committed 1280K, reserved 1048576K
}
Event: 15.014 GC heap before
{Heap before GC invocations=43 (full 0):
 PSYoungGen      total 164864K, used 164640K [0x00000000d6000000, 0x00000000f2b80000, 0x0000000100000000)
  eden space 164352K, 100% used [0x00000000d6000000,0x00000000e0080000,0x00000000e0080000)
  from space 512K, 56% used [0x00000000f2b00000,0x00000000f2b48000,0x00000000f2b80000)
  to   space 2048K, 0% used [0x00000000f2780000,0x00000000f2780000,0x00000000f2980000)
 ParOldGen       total 86016K, used 14024K [0x0000000082000000, 0x0000000087400000, 0x00000000d6000000)
  object space 86016K, 16% used [0x0000000082000000,0x0000000082db2038,0x0000000087400000)
 Metaspace       used 10721K, capacity 11295K, committed 11520K, reserved 1058816K
  class space    used 1115K, capacity 1246K, committed 1280K, reserved 1048576K
Event: 15.015 GC heap after
Heap after GC invocations=43 (full 0):
 PSYoungGen      total 159744K, used 192K [0x00000000d6000000, 0x00000000f2b80000, 0x0000000100000000)
  eden space 157696K, 0% used [0x00000000d6000000,0x00000000d6000000,0x00000000dfa00000)
  from space 2048K, 9% used [0x00000000f2780000,0x00000000f27b0000,0x00000000f2980000)
  to   space 2048K, 0% used [0x00000000f2980000,0x00000000f2980000,0x00000000f2b80000)
 ParOldGen       total 86016K, used 14080K [0x0000000082000000, 0x0000000087400000, 0x00000000d6000000)
  object space 86016K, 16% used [0x0000000082000000,0x0000000082dc0038,0x0000000087400000)
 Metaspace       used 10721K, capacity 11295K, committed 11520K, reserved 1058816K
  class space    used 1115K, capacity 1246K, committed 1280K, reserved 1048576K
}
Event: 18.201 GC heap before
{Heap before GC invocations=44 (full 0):
 PSYoungGen      total 159744K, used 157888K [0x00000000d6000000, 0x00000000f2b80000, 0x0000000100000000)
  eden space 157696K, 100% used [0x00000000d6000000,0x00000000dfa00000,0x00000000dfa00000)
  from space 2048K, 9% used [0x00000000f2780000,0x00000000f27b0000,0x00000000f2980000)
  to   space 2048K, 0% used [0x00000000f2980000,0x00000000f2980000,0x00000000f2b80000)
 ParOldGen       total 86016K, used 14080K [0x0000000082000000, 0x0000000087400000, 0x00000000d6000000)
  object space 86016K, 16% used [0x0000000082000000,0x0000000082dc0038,0x0000000087400000)
 Metaspace       used 10726K, capacity 11359K, committed 11520K, reserved 1058816K
  class space    used 1115K, capacity 1246K, committed 1280K, reserved 1048576K
Event: 18.202 GC heap after
Heap after GC invocations=44 (full 0):
 PSYoungGen      total 152064K, used 160K [0x00000000d6000000, 0x00000000f2a00000, 0x0000000100000000)
  eden space 151552K, 0% used [0x00000000d6000000,0x00000000d6000000,0x00000000df400000)
  from space 512K, 31% used [0x00000000f2980000,0x00000000f29a8000,0x00000000f2a00000)
  to   space 2048K, 0% used [0x00000000f2600000,0x00000000f2600000,0x00000000f2800000)
 ParOldGen       total 86016K, used 14136K [0x0000000082000000, 0x0000000087400000, 0x00000000d6000000)
  object space 86016K, 16% used [0x0000000082000000,0x0000000082dce038,0x0000000087400000)
 Metaspace       used 10726K, capacity 11359K, committed 11520K, reserved 1058816K
  class space    used 1115K, capacity 1246K, committed 1280K, reserved 1048576K
}
Event: 21.488 GC heap before
{Heap before GC invocations=45 (full 0):
 PSYoungGen      total 152064K, used 151712K [0x00000000d6000000, 0x00000000f2a00000, 0x0000000100000000)
  eden space 151552K, 100% used [0x00000000d6000000,0x00000000df400000,0x00000000df400000)
  from space 512K, 31% used [0x00000000f2980000,0x00000000f29a8000,0x00000000f2a00000)
  to   space 2048K, 0% used [0x00000000f2600000,0x00000000f2600000,0x00000000f2800000)
 ParOldGen       total 86016K, used 14136K [0x0000000082000000, 0x0000000087400000, 0x00000000d6000000)
  object space 86016K, 16% used [0x0000000082000000,0x0000000082dce038,0x0000000087400000)
 Metaspace       used 10736K, capacity 11423K, committed 11520K, reserved 1058816K
  class space    used 1115K, capacity 1246K, committed 1280K, reserved 1048576K
Event: 21.489 GC heap after
Heap after GC invocations=45 (full 0):
 PSYoungGen      total 147456K, used 256K [0x00000000d6000000, 0x00000000f2a00000, 0x0000000100000000)
  eden space 145408K, 0% used [0x00000000d6000000,0x00000000d6000000,0x00000000dee00000)
  from space 2048K, 12% used [0x00000000f2600000,0x00000000f2640000,0x00000000f2800000)
  to   space 1536K, 0% used [0x00000000f2880000,0x00000000f2880000,0x00000000f2a00000)
 ParOldGen       total 86016K, used 14144K [0x0000000082000000, 0x0000000087400000, 0x00000000d6000000)
  object space 86016K, 16% used [0x0000000082000000,0x0000000082dd0038,0x0000000087400000)
 Metaspace       used 10736K, capacity 11423K, committed 11520K, reserved 1058816K
  class space    used 1115K, capacity 1246K, committed 1280K, reserved 1048576K
}

Deoptimization events (10 events):
Event: 12.571 Thread 0x000000000279d800 Uncommon trap: reason=class_check action=maybe_recompile pc=0x0000000002f91e54 method=java.util.stream.AbstractPipeline.copyIntoWithCancel(Ljava/util/stream/Sink;Ljava/util/Spliterator;)V @ 19
Event: 13.061 Thread 0x000000000279d800 Uncommon trap: reason=bimorphic action=maybe_recompile pc=0x0000000002f8d044 method=java.util.stream.AbstractPipeline.<init>(Ljava/util/stream/AbstractPipeline;I)V @ 66
Event: 13.061 Thread 0x000000000279d800 Uncommon trap: reason=bimorphic action=maybe_recompile pc=0x0000000002f91ec8 method=java.util.stream.AbstractPipeline.copyInto(Ljava/util/stream/Sink;Ljava/util/Spliterator;)V @ 20
Event: 13.061 Thread 0x000000000279d800 Uncommon trap: reason=bimorphic action=maybe_recompile pc=0x0000000002f9581c method=java.util.stream.AbstractPipeline.wrapSink(Ljava/util/stream/Sink;)Ljava/util/stream/Sink; @ 23
Event: 15.008 Thread 0x000000000279d800 Uncommon trap: reason=bimorphic action=maybe_recompile pc=0x0000000002f8d044 method=java.util.stream.AbstractPipeline.<init>(Ljava/util/stream/AbstractPipeline;I)V @ 66
Event: 15.008 Thread 0x000000000279d800 Uncommon trap: reason=bimorphic action=maybe_recompile pc=0x0000000002f91ec8 method=java.util.stream.AbstractPipeline.copyInto(Ljava/util/stream/Sink;Ljava/util/Spliterator;)V @ 20
Event: 15.008 Thread 0x000000000279d800 Uncommon trap: reason=bimorphic action=maybe_recompile pc=0x0000000002f9581c method=java.util.stream.AbstractPipeline.wrapSink(Ljava/util/stream/Sink;)Ljava/util/stream/Sink; @ 23
Event: 16.306 Thread 0x000000000279d800 Uncommon trap: reason=bimorphic action=maybe_recompile pc=0x0000000002f8d044 method=java.util.stream.AbstractPipeline.<init>(Ljava/util/stream/AbstractPipeline;I)V @ 66
Event: 16.306 Thread 0x000000000279d800 Uncommon trap: reason=bimorphic action=maybe_recompile pc=0x0000000002f91ec8 method=java.util.stream.AbstractPipeline.copyInto(Ljava/util/stream/Sink;Ljava/util/Spliterator;)V @ 20
Event: 16.306 Thread 0x000000000279d800 Uncommon trap: reason=bimorphic action=maybe_recompile pc=0x0000000002f9581c method=java.util.stream.AbstractPipeline.wrapSink(Ljava/util/stream/Sink;)Ljava/util/stream/Sink; @ 23

Internal exceptions (10 events):
Event: 0.083 Thread 0x000000000279d800 Exception <a 'java/security/PrivilegedActionException'> (0x00000000d61fc798) thrown at [C:\re\workspace\8-2-build-windows-amd64-cygwin\jdk8u51\3951\hotspot\src\share\vm\prims\jvm.cpp, line 1382]
Event: 0.083 Thread 0x000000000279d800 Exception <a 'java/security/PrivilegedActionException'> (0x00000000d61fc950) thrown at [C:\re\workspace\8-2-build-windows-amd64-cygwin\jdk8u51\3951\hotspot\src\share\vm\prims\jvm.cpp, line 1382]
Event: 0.297 Thread 0x000000000279d800 Exception <a 'java/lang/NoSuchFieldError': method resolution failed> (0x00000000d65eb1c0) thrown at [C:\re\workspace\8-2-build-windows-amd64-cygwin\jdk8u51\3951\hotspot\src\share\vm\prims\methodHandles.cpp, line 1125]
Event: 0.299 Thread 0x000000000279d800 Exception <a 'java/lang/NoSuchFieldError': method resolution failed> (0x00000000d65f9890) thrown at [C:\re\workspace\8-2-build-windows-amd64-cygwin\jdk8u51\3951\hotspot\src\share\vm\prims\methodHandles.cpp, line 1125]
Event: 0.324 Thread 0x000000000279d800 Exception <a 'java/security/PrivilegedActionException'> (0x00000000d66bcb78) thrown at [C:\re\workspace\8-2-build-windows-amd64-cygwin\jdk8u51\3951\hotspot\src\share\vm\prims\jvm.cpp, line 1382]
Event: 0.324 Thread 0x000000000279d800 Exception <a 'java/security/PrivilegedActionException'> (0x00000000d66bcd30) thrown at [C:\re\workspace\8-2-build-windows-amd64-cygwin\jdk8u51\3951\hotspot\src\share\vm\prims\jvm.cpp, line 1382]
Event: 0.325 Thread 0x000000000279d800 Exception <a 'java/security/PrivilegedActionException'> (0x00000000d66c0ac8) thrown at [C:\re\workspace\8-2-build-windows-amd64-cygwin\jdk8u51\3951\hotspot\src\share\vm\prims\jvm.cpp, line 1382]
Event: 0.325 Thread 0x000000000279d800 Exception <a 'java/security/PrivilegedActionException'> (0x00000000d66c0c80) thrown at [C:\re\workspace\8-2-build-windows-amd64-cygwin\jdk8u51\3951\hotspot\src\share\vm\prims\jvm.cpp, line 1382]
Event: 0.328 Thread 0x000000000279d800 Exception <a 'java/io/FileNotFoundException'> (0x00000000d66c2fa8) thrown at [C:\re\workspace\8-2-build-windows-amd64-cygwin\jdk8u51\3951\hotspot\src\share\vm\prims\jni.cpp, line 709]
Event: 0.350 Thread 0x000000000279d800 Exception <a 'java/io/FileNotFoundException'> (0x00000000d6703210) thrown at [C:\re\workspace\8-2-build-windows-amd64-cygwin\jdk8u51\3951\hotspot\src\share\vm\prims\jni.cpp, line 709]

Events (10 events):
Event: 20.579 Thread 0x000000001992f800 flushing nmethod 0x0000000002b85010
Event: 20.579 Thread 0x000000001992f800 flushing nmethod 0x0000000002b90b90
Event: 20.604 Thread 0x0000000019927800 flushing nmethod 0x0000000002c06310
Event: 20.604 Thread 0x0000000019927800 flushing nmethod 0x0000000002c09f50
Event: 20.605 Thread 0x0000000019927800 flushing nmethod 0x0000000002c2db90
Event: 21.394 Thread 0x0000000019938800 flushing nmethod 0x0000000002c5f590
Event: 21.488 Executing VM operation: ParallelGCFailedAllocation
Event: 21.489 Executing VM operation: ParallelGCFailedAllocation done
Event: 21.498 Thread 0x000000001992f800 flushing nmethod 0x0000000002d18f10
Event: 21.498 Thread 0x000000001992f800 flushing nmethod 0x0000000002d30d50


Dynamic libraries:
0x00007ff6687b0000 - 0x00007ff6687e7000 	C:\Program Files\Java\jdk1.8.0_51\bin\java.exe
0x00007ffae4ee0000 - 0x00007ffae508d000 	C:\WINDOWS\SYSTEM32\ntdll.dll
0x00007ffae2600000 - 0x00007ffae273e000 	C:\WINDOWS\system32\KERNEL32.DLL
0x00007ffae21b0000 - 0x00007ffae22c5000 	C:\WINDOWS\system32\KERNELBASE.dll
0x00007ffae0bd0000 - 0x00007ffae0c5e000 	C:\WINDOWS\system32\apphelp.dll
0x00007ffad13c0000 - 0x00007ffad1413000 	C:\WINDOWS\AppPatch\AppPatch64\AcGenral.DLL
0x00007ffae2ea0000 - 0x00007ffae2f4a000 	C:\WINDOWS\system32\msvcrt.dll
0x00007ffae1e80000 - 0x00007ffae1eae000 	C:\WINDOWS\SYSTEM32\SspiCli.dll
0x00007ffae29f0000 - 0x00007ffae2a44000 	C:\WINDOWS\system32\SHLWAPI.dll
0x00007ffae27b0000 - 0x00007ffae2927000 	C:\WINDOWS\system32\USER32.dll
0x00007ffae4870000 - 0x00007ffae4a04000 	C:\WINDOWS\system32\ole32.dll
0x00007ffae32b0000 - 0x00007ffae47da000 	C:\WINDOWS\system32\SHELL32.dll
0x00007ffae15d0000 - 0x00007ffae15f1000 	C:\WINDOWS\SYSTEM32\USERENV.dll
0x00007ffae2ab0000 - 0x00007ffae2b5a000 	C:\WINDOWS\system32\ADVAPI32.dll
0x00007ffad4490000 - 0x00007ffad44ae000 	C:\WINDOWS\SYSTEM32\MPR.dll
0x00007ffae4d90000 - 0x00007ffae4ed1000 	C:\WINDOWS\system32\RPCRT4.dll
0x00007ffae25a0000 - 0x00007ffae25f9000 	C:\WINDOWS\SYSTEM32\sechost.dll
0x00007ffae4b70000 - 0x00007ffae4d81000 	C:\WINDOWS\SYSTEM32\combase.dll
0x00007ffae2d50000 - 0x00007ffae2ea0000 	C:\WINDOWS\system32\GDI32.dll
0x00007ffae2030000 - 0x00007ffae2045000 	C:\WINDOWS\SYSTEM32\profapi.dll
0x00007ffae0ac0000 - 0x00007ffae0b72000 	C:\WINDOWS\SYSTEM32\SHCORE.dll
0x00007ffae2560000 - 0x00007ffae2596000 	C:\WINDOWS\system32\IMM32.DLL
0x00007ffae4a10000 - 0x00007ffae4b62000 	C:\WINDOWS\system32\MSCTF.dll
0x00007ffadfbf0000 - 0x00007ffadfe6b000 	C:\WINDOWS\WinSxS\amd64_microsoft.windows.common-controls_6595b64144ccf1df_6.0.9600.18006_none_623f33d3ecbe86e8\COMCTL32.dll
0x0000000058640000 - 0x0000000058712000 	C:\Program Files\Java\jdk1.8.0_51\jre\bin\msvcr100.dll
0x0000000058720000 - 0x0000000058fa3000 	C:\Program Files\Java\jdk1.8.0_51\jre\bin\server\jvm.dll
0x00007ffad3810000 - 0x00007ffad3819000 	C:\WINDOWS\SYSTEM32\WSOCK32.dll
0x00007ffaddee0000 - 0x00007ffaddf02000 	C:\WINDOWS\SYSTEM32\WINMM.dll
0x00007ffadf3c0000 - 0x00007ffadf3ca000 	C:\WINDOWS\SYSTEM32\VERSION.dll
0x00007ffae2b60000 - 0x00007ffae2b67000 	C:\WINDOWS\system32\PSAPI.DLL
0x00007ffae4810000 - 0x00007ffae486a000 	C:\WINDOWS\system32\WS2_32.dll
0x00007ffaddeb0000 - 0x00007ffaddeda000 	C:\WINDOWS\SYSTEM32\WINMMBASE.dll
0x00007ffae47f0000 - 0x00007ffae47f9000 	C:\WINDOWS\system32\NSI.dll
0x00007ffae22d0000 - 0x00007ffae231f000 	C:\WINDOWS\SYSTEM32\cfgmgr32.dll
0x00007ffae0e20000 - 0x00007ffae0e48000 	C:\WINDOWS\SYSTEM32\DEVOBJ.dll
0x00000000585f0000 - 0x00000000585ff000 	C:\Program Files\Java\jdk1.8.0_51\jre\bin\verify.dll
0x00000000585c0000 - 0x00000000585e9000 	C:\Program Files\Java\jdk1.8.0_51\jre\bin\java.dll
0x00000000585a0000 - 0x00000000585b6000 	C:\Program Files\Java\jdk1.8.0_51\jre\bin\zip.dll
0x0000000180000000 - 0x0000000180051000 	C:\Users\Rory\Desktop\Programs\Current Projects\OGPC 2016 Java\natives\lwjgl64.dll
0x00007ffad0000000 - 0x00007ffad012b000 	C:\WINDOWS\SYSTEM32\OPENGL32.dll
0x00007ffadafb0000 - 0x00007ffadafde000 	C:\WINDOWS\SYSTEM32\GLU32.dll
0x00007ffadafe0000 - 0x00007ffadb0d8000 	C:\WINDOWS\SYSTEM32\DDRAW.dll
0x00007ffaddd40000 - 0x00007ffaddd49000 	C:\WINDOWS\SYSTEM32\DCIMAN32.dll
0x00007ffae0ca0000 - 0x00007ffae0dc9000 	C:\WINDOWS\system32\uxtheme.dll
0x00007ffadfe70000 - 0x00007ffadfe91000 	C:\WINDOWS\system32\dwmapi.dll
0x00007ffad3ea0000 - 0x00007ffad3ecc000 	C:\WINDOWS\SYSTEM32\nvoglshim64.dll
0x000000001a770000 - 0x000000001aeee000 	C:\WINDOWS\system32\ig7icd64.dll
0x00007ffade1c0000 - 0x00007ffade600000 	C:\WINDOWS\SYSTEM32\igdusc64.dll
0x00007ffae0e70000 - 0x00007ffae0e7b000 	C:\WINDOWS\SYSTEM32\kernel.appcore.dll
0x00007ffae1f20000 - 0x00007ffae1f2b000 	C:\WINDOWS\SYSTEM32\CRYPTBASE.dll
0x00007ffae1eb0000 - 0x00007ffae1f13000 	C:\WINDOWS\SYSTEM32\bcryptPrimitives.dll
0x00007ffadd500000 - 0x00007ffadd592000 	C:\WINDOWS\SYSTEM32\mscms.dll
0x00007ffad0dd0000 - 0x00007ffad0e11000 	C:\WINDOWS\SYSTEM32\icm32.dll
0x00007ffae1fd0000 - 0x00007ffae2016000 	C:\WINDOWS\SYSTEM32\powrprof.dll
0x00000000583c0000 - 0x0000000058558000 	C:\Program Files\Java\jdk1.8.0_51\jre\bin\awt.dll
0x00007ffae3120000 - 0x00007ffae31e1000 	C:\WINDOWS\system32\OLEAUT32.dll
0x0000000058370000 - 0x00000000583b7000 	C:\Program Files\Java\jdk1.8.0_51\jre\bin\fontmanager.dll
0x0000000058580000 - 0x000000005859a000 	C:\Program Files\Java\jdk1.8.0_51\jre\bin\net.dll
0x00007ffae1840000 - 0x00007ffae1899000 	C:\WINDOWS\system32\mswsock.dll
0x0000000058560000 - 0x0000000058571000 	C:\Program Files\Java\jdk1.8.0_51\jre\bin\nio.dll
0x0000000058320000 - 0x0000000058362000 	C:\Program Files\Java\jdk1.8.0_51\jre\bin\t2k.dll
0x00007ffae2930000 - 0x00007ffae29e6000 	C:\WINDOWS\SYSTEM32\clbcatq.dll
0x00007ffad5a40000 - 0x00007ffad5bc9000 	C:\WINDOWS\SYSTEM32\dbghelp.dll

VM Arguments:
jvm_args: -Dfile.encoding=UTF-8 -Dorg.lwjgl.opengl.Display.allowSoftwareOpenGL=true 
java_command: invisibleman.Client
java_class_path (initial): C:\Users\Rory\Desktop\Programs\Current Projects\OGPC 2016 Java\lib\jfxrt.jar;C:\Users\Rory\Desktop\Programs\Current Projects\OGPC 2016 Java\lib\jinput.jar;C:\Users\Rory\Desktop\Programs\Current Projects\OGPC 2016 Java\lib\lwjgl.jar;C:\Users\Rory\Desktop\Programs\Current Projects\OGPC 2016 Java\lib\lwjgl_util.jar;C:\Users\Rory\Desktop\Programs\Current Projects\OGPC 2016 Java\lib\slick-util.jar;C:\Users\Rory\Desktop\Programs\Current Projects\OGPC 2016 Java\lib\protonpack-1.1.jar;C:\Users\Rory\Desktop\Programs\Current Projects\OGPC 2016 Java\lib\Forge.jar;C:\Users\Rory\Desktop\Programs\Current Projects\OGPC 2016 Java\build\classes
Launcher Type: SUN_STANDARD

Environment Variables:
PATH=C:\ProgramData\Oracle\Java\javapath;C:\Program Files (x86)\Intel\iCLS Client\;C:\Program Files\Intel\iCLS Client\;C:\WINDOWS\system32;C:\WINDOWS;C:\WINDOWS\System32\Wbem;C:\WINDOWS\System32\WindowsPowerShell\v1.0\;C:\Program Files (x86)\Intel\OpenCL SDK\2.0\bin\x86;C:\Program Files (x86)\Intel\OpenCL SDK\2.0\bin\x64;C:\Program Files\Intel\Intel(R) Management Engine Components\DAL;C:\Program Files\Intel\Intel(R) Management Engine Components\IPT;C:\Program Files (x86)\Intel\Intel(R) Management Engine Components\DAL;C:\Program Files (x86)\Intel\Intel(R) Management Engine Components\IPT;C:\Program Files\Lenovo\Bluetooth Software\;C:\Program Files\Lenovo\Bluetooth Software\syswow64;C:\Program Files\Intel\WiFi\bin\;C:\Program Files\Common Files\Intel\WirelessCommon\;C:\Program Files\SlikSvn\bin;C:\Program Files (x86)\NVIDIA Corporation\PhysX\Common;C:\Program Files (x86)\Skype\Phone\
USERNAME=Rory
OS=Windows_NT
PROCESSOR_IDENTIFIER=Intel64 Family 6 Model 58 Stepping 9, GenuineIntel



---------------  S Y S T E M  ---------------

OS: Windows 8.1 , 64 bit Build 9600 (6.3.9600.17415)

CPU:total 8 (4 cores per cpu, 2 threads per core) family 6 model 58 stepping 9, cmov, cx8, fxsr, mmx, sse, sse2, sse3, ssse3, sse4.1, sse4.2, popcnt, avx, aes, clmul, erms, ht, tsc, tscinvbit, tscinv

Memory: 4k page, physical 8251156k(2529356k free), swap 9561876k(3092156k free)

vm_info: Java HotSpot(TM) 64-Bit Server VM (25.51-b03) for windows-amd64 JRE (1.8.0_51-b16), built on Jun  8 2015 18:03:07 by "java_re" with MS VC++ 10.0 (VS2010)

time: Mon Apr 18 22:22:42 2016
elapsed time: 21 seconds (0d 0h 0m 21s)

