#
# A fatal error has been detected by the Java Runtime Environment:
#
#  EXCEPTION_ACCESS_VIOLATION (0xc0000005) at pc=0x000000001a53d184, pid=4580, tid=12268
#
# JRE version: Java(TM) SE Runtime Environment (8.0_51-b16) (build 1.8.0_51-b16)
# Java VM: Java HotSpot(TM) 64-Bit Server VM (25.51-b03 mixed mode windows-amd64 compressed oops)
# Problematic frame:
# C  [ig7icd64.dll+0x1d184]
#
# Failed to write core dump. Minidumps are not enabled by default on client versions of Windows
#
# If you would like to submit a bug report, please visit:
#   http://bugreport.java.com/bugreport/crash.jsp
# The crash happened outside the Java Virtual Machine in native code.
# See problematic frame for where to report the bug.
#

---------------  T H R E A D  ---------------

Current thread (0x000000000279d800):  JavaThread "main" [_thread_in_native, id=12268, stack(0x0000000002620000,0x0000000002720000)]

siginfo: ExceptionCode=0xc0000005, writing address 0x000000000277a000

Registers:
RAX=0x0000000000000001, RBX=0x000000001acde000, RCX=0x000000000277a010, RDX=0x000000001c362a20
RSP=0x000000000271e170, RBP=0x0000000000000000, RSI=0x000000001c175fb0, RDI=0x000000001c3626c0
R8 =0x0000000000000020, R9 =0x0000000000000000, R10=0x0000000000000001, R11=0x0000000000000002
R12=0x0000000000000000, R13=0x000000001f88ebd0, R14=0x000000001c177cc0, R15=0x0000000000000000
RIP=0x000000001a53d184, EFLAGS=0x0000000000010202

Top of Stack: (sp=0x000000000271e170)
0x000000000271e170:   fffffffffffffffe 000000001c33b3c0
0x000000000271e180:   000000001c33c380 000000001a594c89
0x000000000271e190:   000000001c33b7e0 000000001a9164de
0x000000000271e1a0:   000000001ad49490 000000001c33b3c0
0x000000000271e1b0:   0000000000000000 000000001a740ac8
0x000000000271e1c0:   000000001acde000 000000001ad60d40
0x000000000271e1d0:   000000000271e380 0000000000000003
0x000000000271e1e0:   000000001acde000 000000001acde000
0x000000000271e1f0:   000000001c362a10 0000000000000000
0x000000000271e200:   0000000000000000 0000000000000000
0x000000000271e210:   000000001fc57b30 0000000000000002
0x000000000271e220:   0000000000000002 0000000022b4a6a0
0x000000000271e230:   000000001acde000 000000001c36281c
0x000000000271e240:   000000001c3626c0 000000001a772a54
0x000000000271e250:   000000000271e2e9 0000000022b50101
0x000000000271e260:   000000001c36281c 0000000000000000 

Instructions: (pc=0x000000001a53d184)
0x000000001a53d164:   d1 49 c1 eb 04 4d 85 db 0f 84 24 02 00 00 f3 0f
0x000000001a53d174:   6f 02 41 ff c2 48 83 c1 10 41 8b c2 48 83 c2 10
0x000000001a53d184:   f3 0f 7f 41 f0 49 3b c3 72 e4 e9 03 02 00 00 48
0x000000001a53d194:   89 7c 24 40 8b f9 83 e7 0f 74 68 48 89 5c 24 50 


Register to memory mapping:

RAX=0x0000000000000001 is an unknown value
RBX=0x000000001acde000 is an unknown value
RCX=0x000000000277a010 is an unknown value
RDX=0x000000001c362a20 is an unknown value
RSP=0x000000000271e170 is pointing into the stack for thread: 0x000000000279d800
RBP=0x0000000000000000 is an unknown value
RSI=0x000000001c175fb0 is an unknown value
RDI=0x000000001c3626c0 is an unknown value
R8 =0x0000000000000020 is an unknown value
R9 =0x0000000000000000 is an unknown value
R10=0x0000000000000001 is an unknown value
R11=0x0000000000000002 is an unknown value
R12=0x0000000000000000 is an unknown value
R13=0x000000001f88ebd0 is an unknown value
R14=0x000000001c177cc0 is an unknown value
R15=0x0000000000000000 is an unknown value


Stack: [0x0000000002620000,0x0000000002720000],  sp=0x000000000271e170,  free space=1016k
Native frames: (J=compiled Java code, j=interpreted, Vv=VM code, C=native code)

Java frames: (J=compiled Java code, j=interpreted, Vv=VM code)
J 1756  org.lwjgl.opengl.GL11.nglCallList(IJ)V (0 bytes) @ 0x0000000002ec0144 [0x0000000002ec0100+0x44]
J 1912 C2 map.CubeMap$$Lambda$124.accept(Ljava/lang/Object;Ljava/lang/Object;)V (12 bytes) @ 0x0000000002f4e358 [0x0000000002f4e240+0x118]
J 1664 C2 util.Util$$Lambda$65.accept(Ljava/lang/Object;)V (20 bytes) @ 0x0000000002e31b88 [0x0000000002e31aa0+0xe8]
J 1426 C2 util.Util.forRange(IILjava/util/function/Consumer;)V (24 bytes) @ 0x0000000002d8dee0 [0x0000000002d8dc20+0x2c0]
J 1659 C1 util.Util.forRange(IIIILjava/util/function/BiConsumer;)V (15 bytes) @ 0x0000000002e30c8c [0x0000000002e30540+0x74c]
j  map.CubeMap.drawAll()V+45
J 1984 C1 map.Editor$$Lambda$96.run()V (4 bytes) @ 0x0000000002dc22bc [0x0000000002dc2200+0xbc]
J 1013 C1 engine.EventStream$$Lambda$2.accept(Ljava/lang/Object;)V (12 bytes) @ 0x0000000002c55614 [0x0000000002c553e0+0x234]
J 1867 C2 engine.EventStream$$Lambda$33.accept(Ljava/lang/Object;)V (10 bytes) @ 0x0000000002f2eb78 [0x0000000002f2eb20+0x58]
J 1413 C2 java.util.ArrayList.forEach(Ljava/util/function/Consumer;)V (75 bytes) @ 0x0000000002d6f4d8 [0x0000000002d6f420+0xb8]
J 1767 C1 engine.Core$$Lambda$53.accept(Ljava/lang/Object;)V (8 bytes) @ 0x0000000002ecaca4 [0x0000000002eca840+0x464]
J 1782 C1 java.lang.Iterable.forEach(Ljava/util/function/Consumer;)V (39 bytes) @ 0x0000000002ef18cc [0x0000000002ef15e0+0x2ec]
J 940% C2 engine.Core.run()V (114 bytes) @ 0x0000000002c325e8 [0x0000000002c32520+0xc8]
j  map.Editor.start(Ljava/lang/String;)V+481
j  guis.Play.recieve(Ljava/lang/String;Ljava/lang/Object;)V+131
j  gui.components.GUIButton.send()V+68
j  gui.TypingManager.compOpen(Lgui/types/GUIInputComponent;)V+24
j  gui.TypingManager.lambda$null$1()V+93
j  gui.TypingManager$$Lambda$35.run()V+0
J 1013 C1 engine.EventStream$$Lambda$2.accept(Ljava/lang/Object;)V (12 bytes) @ 0x0000000002c55614 [0x0000000002c553e0+0x234]
J 1006 C1 engine.EventStream$$Lambda$3.run()V (12 bytes) @ 0x0000000002c52a94 [0x0000000002c52940+0x154]
J 1005 C1 engine.EventStream$$Lambda$33.accept(Ljava/lang/Object;)V (10 bytes) @ 0x0000000002c525c4 [0x0000000002c523c0+0x204]
J 962 C1 java.util.ArrayList.forEach(Ljava/util/function/Consumer;)V (75 bytes) @ 0x0000000002c4204c [0x0000000002c41e40+0x20c]
J 1023 C1 engine.Signal.set(Ljava/lang/Object;)V (10 bytes) @ 0x0000000002c5a0dc [0x0000000002c59d40+0x39c]
j  engine.Signal.lambda$filter$27(Ljava/util/function/Predicate;Lengine/Signal;)V+18
j  engine.Signal$$Lambda$5.accept(Ljava/lang/Object;)V+12
J 1006 C1 engine.EventStream$$Lambda$3.run()V (12 bytes) @ 0x0000000002c52a94 [0x0000000002c52940+0x154]
J 1005 C1 engine.EventStream$$Lambda$33.accept(Ljava/lang/Object;)V (10 bytes) @ 0x0000000002c525c4 [0x0000000002c523c0+0x204]
J 962 C1 java.util.ArrayList.forEach(Ljava/util/function/Consumer;)V (75 bytes) @ 0x0000000002c4204c [0x0000000002c41e40+0x20c]
J 1023 C1 engine.Signal.set(Ljava/lang/Object;)V (10 bytes) @ 0x0000000002c5a0dc [0x0000000002c59d40+0x39c]
j  engine.Input.lambda$static$0()V+156
j  engine.Input$$Lambda$1.run()V+0
J 1013 C1 engine.EventStream$$Lambda$2.accept(Ljava/lang/Object;)V (12 bytes) @ 0x0000000002c55614 [0x0000000002c553e0+0x234]
J 1006 C1 engine.EventStream$$Lambda$3.run()V (12 bytes) @ 0x0000000002c52a94 [0x0000000002c52940+0x154]
J 1005 C1 engine.EventStream$$Lambda$33.accept(Ljava/lang/Object;)V (10 bytes) @ 0x0000000002c525c4 [0x0000000002c523c0+0x204]
J 962 C1 java.util.ArrayList.forEach(Ljava/util/function/Consumer;)V (75 bytes) @ 0x0000000002c4204c [0x0000000002c41e40+0x20c]
J 1023 C1 engine.Signal.set(Ljava/lang/Object;)V (10 bytes) @ 0x0000000002c5a0dc [0x0000000002c59d40+0x39c]
j  engine.Core.lambda$run$36(DLengine/Signal;)V+5
j  engine.Core$$Lambda$49.accept(Ljava/lang/Object;)V+8
j  java.lang.Iterable.forEach(Ljava/util/function/Consumer;)V+30
J 940% C2 engine.Core.run()V (114 bytes) @ 0x0000000002c325b4 [0x0000000002c32520+0x94]
j  invisibleman.Client.main([Ljava/lang/String;)V+139
v  ~StubRoutines::call_stub

---------------  P R O C E S S  ---------------

Java Threads: ( => current thread )
  0x0000000019b7a000 JavaThread "AWT-Windows" daemon [_thread_in_native, id=5520, stack(0x000000001f780000,0x000000001f880000)]
  0x0000000019b72000 JavaThread "Java2D Disposer" daemon [_thread_blocked, id=11020, stack(0x000000001f580000,0x000000001f680000)]
  0x00000000198b0800 JavaThread "Service Thread" daemon [_thread_blocked, id=5724, stack(0x000000001a1f0000,0x000000001a2f0000)]
  0x000000001982c800 JavaThread "C1 CompilerThread3" daemon [_thread_blocked, id=12060, stack(0x000000001a0f0000,0x000000001a1f0000)]
  0x000000001982a000 JavaThread "C2 CompilerThread2" daemon [_thread_blocked, id=3896, stack(0x0000000019ff0000,0x000000001a0f0000)]
  0x0000000019815000 JavaThread "C2 CompilerThread1" daemon [_thread_blocked, id=6888, stack(0x0000000019ef0000,0x0000000019ff0000)]
  0x0000000019824800 JavaThread "C2 CompilerThread0" daemon [_thread_blocked, id=916, stack(0x0000000019df0000,0x0000000019ef0000)]
  0x0000000019822800 JavaThread "Attach Listener" daemon [_thread_blocked, id=12012, stack(0x0000000019cf0000,0x0000000019df0000)]
  0x0000000019821000 JavaThread "Signal Dispatcher" daemon [_thread_blocked, id=10268, stack(0x0000000019bf0000,0x0000000019cf0000)]
  0x00000000028ca800 JavaThread "Finalizer" daemon [_thread_blocked, id=8304, stack(0x00000000196f0000,0x00000000197f0000)]
  0x00000000028c4000 JavaThread "Reference Handler" daemon [_thread_blocked, id=2684, stack(0x00000000195f0000,0x00000000196f0000)]
=>0x000000000279d800 JavaThread "main" [_thread_in_native, id=12268, stack(0x0000000002620000,0x0000000002720000)]

Other Threads:
  0x0000000017809000 VMThread [stack: 0x00000000194f0000,0x00000000195f0000] [id=7960]
  0x000000001986c000 WatcherThread [stack: 0x000000001a2f0000,0x000000001a3f0000] [id=11988]

VM state:not at safepoint (normal execution)

VM Mutex/Monitor currently owned by a thread: None

Heap:
 PSYoungGen      total 201216K, used 108503K [0x00000000d6000000, 0x00000000fa300000, 0x0000000100000000)
  eden space 200704K, 53% used [0x00000000d6000000,0x00000000dc9cdc60,0x00000000e2400000)
  from space 512K, 31% used [0x00000000fa280000,0x00000000fa2a8000,0x00000000fa300000)
  to   space 2560K, 0% used [0x00000000f9e00000,0x00000000f9e00000,0x00000000fa080000)
 ParOldGen       total 86016K, used 13387K [0x0000000082000000, 0x0000000087400000, 0x00000000d6000000)
  object space 86016K, 15% used [0x0000000082000000,0x0000000082d12e00,0x0000000087400000)
 Metaspace       used 10721K, capacity 11291K, committed 11520K, reserved 1058816K
  class space    used 1116K, capacity 1248K, committed 1280K, reserved 1048576K

Card table byte_map: [0x0000000011c90000,0x0000000012090000] byte_map_base: 0x0000000011880000

Marking Bits: (ParMarkBitMap*) 0x0000000058f24040
 Begin Bits: [0x0000000012b30000, 0x0000000014ab0000)
 End Bits:   [0x0000000014ab0000, 0x0000000016a30000)

Polling page: 0x0000000000c80000

CodeCache: size=245760Kb used=6837Kb max_used=6879Kb free=238922Kb
 bounds [0x00000000028d0000, 0x0000000002fa0000, 0x00000000118d0000]
 total_blobs=2533 nmethods=1963 adapters=483
 compilation: enabled

Compilation events (10 events):
Event: 10.487 Thread 0x000000001982a000 1988       4       java.nio.DirectIntBufferU::put (18 bytes)
Event: 10.488 Thread 0x000000001982a000 nmethod 1988 0x00000000029f9950 code [0x00000000029f9a80, 0x00000000029f9b38]
Event: 10.680 Thread 0x000000001982c800 1989       3       map.CubeMap$$Lambda$126/1496355635::apply (12 bytes)
Event: 10.680 Thread 0x000000001982a000 1991       4       java.util.stream.Sink$ChainedReference::cancellationRequested (10 bytes)
Event: 10.680 Thread 0x000000001982c800 nmethod 1989 0x0000000002d7ee50 code [0x0000000002d7efc0, 0x0000000002d7f328]
Event: 10.680 Thread 0x000000001982c800 1990       3       map.CubeMap::lambda$rayCast$10 (37 bytes)
Event: 10.680 Thread 0x000000001982a000 nmethod 1991 0x0000000002d38250 code [0x0000000002d383a0, 0x0000000002d38438]
Event: 10.680 Thread 0x000000001982c800 nmethod 1990 0x0000000002d7e190 code [0x0000000002d7e360, 0x0000000002d7eb50]
Event: 10.982 Thread 0x000000001982c800 1992       3       java.util.stream.AbstractSpinedBuffer::count (31 bytes)
Event: 10.982 Thread 0x000000001982c800 nmethod 1992 0x0000000002d7dd50 code [0x0000000002d7dec0, 0x0000000002d7e0b0]

GC Heap History (10 events):
Event: 5.734 GC heap before
{Heap before GC invocations=34 (full 0):
 PSYoungGen      total 253440K, used 249376K [0x00000000d6000000, 0x00000000fab00000, 0x0000000100000000)
  eden space 249344K, 100% used [0x00000000d6000000,0x00000000e5380000,0x00000000e5380000)
  from space 4096K, 0% used [0x00000000fa300000,0x00000000fa308000,0x00000000fa700000)
  to   space 3584K, 0% used [0x00000000fa780000,0x00000000fa780000,0x00000000fab00000)
 ParOldGen       total 86016K, used 13147K [0x0000000082000000, 0x0000000087400000, 0x00000000d6000000)
  object space 86016K, 15% used [0x0000000082000000,0x0000000082cd6e00,0x0000000087400000)
 Metaspace       used 10245K, capacity 10683K, committed 11008K, reserved 1058816K
  class space    used 1065K, capacity 1190K, committed 1280K, reserved 1048576K
Event: 5.735 GC heap after
Heap after GC invocations=34 (full 0):
 PSYoungGen      total 239104K, used 128K [0x00000000d6000000, 0x00000000fa800000, 0x0000000100000000)
  eden space 238592K, 0% used [0x00000000d6000000,0x00000000d6000000,0x00000000e4900000)
  from space 512K, 25% used [0x00000000fa780000,0x00000000fa7a0000,0x00000000fa800000)
  to   space 3584K, 0% used [0x00000000fa100000,0x00000000fa100000,0x00000000fa480000)
 ParOldGen       total 86016K, used 13155K [0x0000000082000000, 0x0000000087400000, 0x00000000d6000000)
  object space 86016K, 15% used [0x0000000082000000,0x0000000082cd8e00,0x0000000087400000)
 Metaspace       used 10245K, capacity 10683K, committed 11008K, reserved 1058816K
  class space    used 1065K, capacity 1190K, committed 1280K, reserved 1048576K
}
Event: 8.009 GC heap before
{Heap before GC invocations=35 (full 0):
 PSYoungGen      total 239104K, used 238720K [0x00000000d6000000, 0x00000000fa800000, 0x0000000100000000)
  eden space 238592K, 100% used [0x00000000d6000000,0x00000000e4900000,0x00000000e4900000)
  from space 512K, 25% used [0x00000000fa780000,0x00000000fa7a0000,0x00000000fa800000)
  to   space 3584K, 0% used [0x00000000fa100000,0x00000000fa100000,0x00000000fa480000)
 ParOldGen       total 86016K, used 13155K [0x0000000082000000, 0x0000000087400000, 0x00000000d6000000)
  object space 86016K, 15% used [0x0000000082000000,0x0000000082cd8e00,0x0000000087400000)
 Metaspace       used 10671K, capacity 11251K, committed 11520K, reserved 1058816K
  class space    used 1114K, capacity 1246K, committed 1280K, reserved 1048576K
Event: 8.010 GC heap after
Heap after GC invocations=35 (full 0):
 PSYoungGen      total 231936K, used 316K [0x00000000d6000000, 0x00000000fa800000, 0x0000000100000000)
  eden space 228352K, 0% used [0x00000000d6000000,0x00000000d6000000,0x00000000e3f00000)
  from space 3584K, 8% used [0x00000000fa100000,0x00000000fa14f098,0x00000000fa480000)
  to   space 3072K, 0% used [0x00000000fa500000,0x00000000fa500000,0x00000000fa800000)
 ParOldGen       total 86016K, used 13163K [0x0000000082000000, 0x0000000087400000, 0x00000000d6000000)
  object space 86016K, 15% used [0x0000000082000000,0x0000000082cdae00,0x0000000087400000)
 Metaspace       used 10671K, capacity 11251K, committed 11520K, reserved 1058816K
  class space    used 1114K, capacity 1246K, committed 1280K, reserved 1048576K
}
Event: 9.713 GC heap before
{Heap before GC invocations=36 (full 0):
 PSYoungGen      total 231936K, used 228668K [0x00000000d6000000, 0x00000000fa800000, 0x0000000100000000)
  eden space 228352K, 100% used [0x00000000d6000000,0x00000000e3f00000,0x00000000e3f00000)
  from space 3584K, 8% used [0x00000000fa100000,0x00000000fa14f098,0x00000000fa480000)
  to   space 3072K, 0% used [0x00000000fa500000,0x00000000fa500000,0x00000000fa800000)
 ParOldGen       total 86016K, used 13163K [0x0000000082000000, 0x0000000087400000, 0x00000000d6000000)
  object space 86016K, 15% used [0x0000000082000000,0x0000000082cdae00,0x0000000087400000)
 Metaspace       used 10715K, capacity 11279K, committed 11520K, reserved 1058816K
  class space    used 1116K, capacity 1248K, committed 1280K, reserved 1048576K
Event: 9.714 GC heap after
Heap after GC invocations=36 (full 0):
 PSYoungGen      total 219136K, used 256K [0x00000000d6000000, 0x00000000fa580000, 0x0000000100000000)
  eden space 218624K, 0% used [0x00000000d6000000,0x00000000d6000000,0x00000000e3580000)
  from space 512K, 50% used [0x00000000fa500000,0x00000000fa540000,0x00000000fa580000)
  to   space 3072K, 0% used [0x00000000f9f80000,0x00000000f9f80000,0x00000000fa280000)
 ParOldGen       total 86016K, used 13307K [0x0000000082000000, 0x0000000087400000, 0x00000000d6000000)
  object space 86016K, 15% used [0x0000000082000000,0x0000000082cfee00,0x0000000087400000)
 Metaspace       used 10715K, capacity 11279K, committed 11520K, reserved 1058816K
  class space    used 1116K, capacity 1248K, committed 1280K, reserved 1048576K
}
Event: 10.692 GC heap before
{Heap before GC invocations=37 (full 0):
 PSYoungGen      total 219136K, used 218880K [0x00000000d6000000, 0x00000000fa580000, 0x0000000100000000)
  eden space 218624K, 100% used [0x00000000d6000000,0x00000000e3580000,0x00000000e3580000)
  from space 512K, 50% used [0x00000000fa500000,0x00000000fa540000,0x00000000fa580000)
  to   space 3072K, 0% used [0x00000000f9f80000,0x00000000f9f80000,0x00000000fa280000)
 ParOldGen       total 86016K, used 13307K [0x0000000082000000, 0x0000000087400000, 0x00000000d6000000)
  object space 86016K, 15% used [0x0000000082000000,0x0000000082cfee00,0x0000000087400000)
 Metaspace       used 10721K, capacity 11291K, committed 11520K, reserved 1058816K
  class space    used 1116K, capacity 1248K, committed 1280K, reserved 1048576K
Event: 10.693 GC heap after
Heap after GC invocations=37 (full 0):
 PSYoungGen      total 212480K, used 160K [0x00000000d6000000, 0x00000000fa580000, 0x0000000100000000)
  eden space 209408K, 0% used [0x00000000d6000000,0x00000000d6000000,0x00000000e2c80000)
  from space 3072K, 5% used [0x00000000f9f80000,0x00000000f9fa8000,0x00000000fa280000)
  to   space 3072K, 0% used [0x00000000fa280000,0x00000000fa280000,0x00000000fa580000)
 ParOldGen       total 86016K, used 13363K [0x0000000082000000, 0x0000000087400000, 0x00000000d6000000)
  object space 86016K, 15% used [0x0000000082000000,0x0000000082d0ce00,0x0000000087400000)
 Metaspace       used 10721K, capacity 11291K, committed 11520K, reserved 1058816K
  class space    used 1116K, capacity 1248K, committed 1280K, reserved 1048576K
}
Event: 11.002 GC heap before
{Heap before GC invocations=38 (full 0):
 PSYoungGen      total 212480K, used 209568K [0x00000000d6000000, 0x00000000fa580000, 0x0000000100000000)
  eden space 209408K, 100% used [0x00000000d6000000,0x00000000e2c80000,0x00000000e2c80000)
  from space 3072K, 5% used [0x00000000f9f80000,0x00000000f9fa8000,0x00000000fa280000)
  to   space 3072K, 0% used [0x00000000fa280000,0x00000000fa280000,0x00000000fa580000)
 ParOldGen       total 86016K, used 13363K [0x0000000082000000, 0x0000000087400000, 0x00000000d6000000)
  object space 86016K, 15% used [0x0000000082000000,0x0000000082d0ce00,0x0000000087400000)
 Metaspace       used 10721K, capacity 11291K, committed 11520K, reserved 1058816K
  class space    used 1116K, capacity 1248K, committed 1280K, reserved 1048576K
Event: 11.003 GC heap after
Heap after GC invocations=38 (full 0):
 PSYoungGen      total 201216K, used 160K [0x00000000d6000000, 0x00000000fa300000, 0x0000000100000000)
  eden space 200704K, 0% used [0x00000000d6000000,0x00000000d6000000,0x00000000e2400000)
  from space 512K, 31% used [0x00000000fa280000,0x00000000fa2a8000,0x00000000fa300000)
  to   space 2560K, 0% used [0x00000000f9e00000,0x00000000f9e00000,0x00000000fa080000)
 ParOldGen       total 86016K, used 13387K [0x0000000082000000, 0x0000000087400000, 0x00000000d6000000)
  object space 86016K, 15% used [0x0000000082000000,0x0000000082d12e00,0x0000000087400000)
 Metaspace       used 10721K, capacity 11291K, committed 11520K, reserved 1058816K
  class space    used 1116K, capacity 1248K, committed 1280K, reserved 1048576K
}

Deoptimization events (10 events):
Event: 7.857 Thread 0x000000000279d800 Uncommon trap: reason=bimorphic action=maybe_recompile pc=0x0000000002e1b144 method=java.util.stream.StreamOpFlag.fromCharacteristics(Ljava/util/Spliterator;)I @ 1
Event: 7.858 Thread 0x000000000279d800 Uncommon trap: reason=bimorphic action=maybe_recompile pc=0x0000000002dc4f58 method=java.util.stream.AbstractPipeline.<init>(Ljava/util/stream/AbstractPipeline;I)V @ 66
Event: 7.861 Thread 0x000000000279d800 Uncommon trap: reason=bimorphic action=maybe_recompile pc=0x0000000002ef9284 method=java.util.stream.AbstractPipeline.copyInto(Ljava/util/stream/Sink;Ljava/util/Spliterator;)V @ 20
Event: 9.125 Thread 0x000000000279d800 Uncommon trap: reason=unstable_if action=reinterpret pc=0x0000000002d70e94 method=java.util.stream.FindOps$FindOp.getOpFlags()I @ 7
Event: 9.125 Thread 0x000000000279d800 Uncommon trap: reason=class_check action=maybe_recompile pc=0x0000000002ef9100 method=java.util.stream.AbstractPipeline.copyIntoWithCancel(Ljava/util/stream/Sink;Ljava/util/Spliterator;)V @ 19
Event: 9.710 Thread 0x000000000279d800 Uncommon trap: reason=bimorphic action=maybe_recompile pc=0x0000000002dc4f58 method=java.util.stream.AbstractPipeline.<init>(Ljava/util/stream/AbstractPipeline;I)V @ 66
Event: 9.710 Thread 0x000000000279d800 Uncommon trap: reason=bimorphic action=maybe_recompile pc=0x0000000002ef9284 method=java.util.stream.AbstractPipeline.copyInto(Ljava/util/stream/Sink;Ljava/util/Spliterator;)V @ 20
Event: 10.679 Thread 0x000000000279d800 Uncommon trap: reason=class_check action=maybe_recompile pc=0x0000000002ef9100 method=java.util.stream.AbstractPipeline.copyIntoWithCancel(Ljava/util/stream/Sink;Ljava/util/Spliterator;)V @ 19
Event: 10.981 Thread 0x000000000279d800 Uncommon trap: reason=bimorphic action=maybe_recompile pc=0x0000000002dc4f58 method=java.util.stream.AbstractPipeline.<init>(Ljava/util/stream/AbstractPipeline;I)V @ 66
Event: 10.981 Thread 0x000000000279d800 Uncommon trap: reason=bimorphic action=maybe_recompile pc=0x0000000002ef9284 method=java.util.stream.AbstractPipeline.copyInto(Ljava/util/stream/Sink;Ljava/util/Spliterator;)V @ 20

Internal exceptions (10 events):
Event: 0.083 Thread 0x000000000279d800 Exception <a 'java/security/PrivilegedActionException'> (0x00000000d61fc798) thrown at [C:\re\workspace\8-2-build-windows-amd64-cygwin\jdk8u51\3951\hotspot\src\share\vm\prims\jvm.cpp, line 1382]
Event: 0.083 Thread 0x000000000279d800 Exception <a 'java/security/PrivilegedActionException'> (0x00000000d61fc950) thrown at [C:\re\workspace\8-2-build-windows-amd64-cygwin\jdk8u51\3951\hotspot\src\share\vm\prims\jvm.cpp, line 1382]
Event: 0.297 Thread 0x000000000279d800 Exception <a 'java/lang/NoSuchFieldError': method resolution failed> (0x00000000d65eb1c0) thrown at [C:\re\workspace\8-2-build-windows-amd64-cygwin\jdk8u51\3951\hotspot\src\share\vm\prims\methodHandles.cpp, line 1125]
Event: 0.298 Thread 0x000000000279d800 Exception <a 'java/lang/NoSuchFieldError': method resolution failed> (0x00000000d65f9890) thrown at [C:\re\workspace\8-2-build-windows-amd64-cygwin\jdk8u51\3951\hotspot\src\share\vm\prims\methodHandles.cpp, line 1125]
Event: 0.324 Thread 0x000000000279d800 Exception <a 'java/security/PrivilegedActionException'> (0x00000000d66bcb78) thrown at [C:\re\workspace\8-2-build-windows-amd64-cygwin\jdk8u51\3951\hotspot\src\share\vm\prims\jvm.cpp, line 1382]
Event: 0.324 Thread 0x000000000279d800 Exception <a 'java/security/PrivilegedActionException'> (0x00000000d66bcd30) thrown at [C:\re\workspace\8-2-build-windows-amd64-cygwin\jdk8u51\3951\hotspot\src\share\vm\prims\jvm.cpp, line 1382]
Event: 0.325 Thread 0x000000000279d800 Exception <a 'java/security/PrivilegedActionException'> (0x00000000d66c0ac8) thrown at [C:\re\workspace\8-2-build-windows-amd64-cygwin\jdk8u51\3951\hotspot\src\share\vm\prims\jvm.cpp, line 1382]
Event: 0.325 Thread 0x000000000279d800 Exception <a 'java/security/PrivilegedActionException'> (0x00000000d66c0c80) thrown at [C:\re\workspace\8-2-build-windows-amd64-cygwin\jdk8u51\3951\hotspot\src\share\vm\prims\jvm.cpp, line 1382]
Event: 0.328 Thread 0x000000000279d800 Exception <a 'java/io/FileNotFoundException'> (0x00000000d66c2fa8) thrown at [C:\re\workspace\8-2-build-windows-amd64-cygwin\jdk8u51\3951\hotspot\src\share\vm\prims\jni.cpp, line 709]
Event: 0.350 Thread 0x000000000279d800 Exception <a 'java/io/FileNotFoundException'> (0x00000000d6703210) thrown at [C:\re\workspace\8-2-build-windows-amd64-cygwin\jdk8u51\3951\hotspot\src\share\vm\prims\jni.cpp, line 709]

Events (10 events):
Event: 10.692 Executing VM operation: ParallelGCFailedAllocation
Event: 10.693 Executing VM operation: ParallelGCFailedAllocation done
Event: 10.981 Thread 0x000000000279d800 Uncommon trap: trap_request=0xffffffc6 fr.pc=0x0000000002dc4f58
Event: 10.981 Thread 0x000000000279d800 DEOPT PACKING pc=0x0000000002dc4f58 sp=0x000000000271df40
Event: 10.981 Thread 0x000000000279d800 DEOPT UNPACKING pc=0x000000000291582a sp=0x000000000271def0 mode 2
Event: 10.981 Thread 0x000000000279d800 Uncommon trap: trap_request=0xffffffc6 fr.pc=0x0000000002ef9284
Event: 10.981 Thread 0x000000000279d800 DEOPT PACKING pc=0x0000000002ef9284 sp=0x000000000271e070
Event: 10.981 Thread 0x000000000279d800 DEOPT UNPACKING pc=0x000000000291582a sp=0x000000000271dfe0 mode 2
Event: 11.002 Executing VM operation: ParallelGCFailedAllocation
Event: 11.003 Executing VM operation: ParallelGCFailedAllocation done


Dynamic libraries:
0x00007ff6687b0000 - 0x00007ff6687e7000 	C:\Program Files\Java\jdk1.8.0_51\bin\java.exe
0x00007ffae4ee0000 - 0x00007ffae508d000 	C:\WINDOWS\SYSTEM32\ntdll.dll
0x00007ffae2600000 - 0x00007ffae273e000 	C:\WINDOWS\system32\KERNEL32.DLL
0x00007ffae21b0000 - 0x00007ffae22c5000 	C:\WINDOWS\system32\KERNELBASE.dll
0x00007ffae0bd0000 - 0x00007ffae0c5e000 	C:\WINDOWS\system32\apphelp.dll
0x00007ffad1110000 - 0x00007ffad1163000 	C:\WINDOWS\AppPatch\AppPatch64\AcGenral.DLL
0x00007ffae2ea0000 - 0x00007ffae2f4a000 	C:\WINDOWS\system32\msvcrt.dll
0x00007ffae1e80000 - 0x00007ffae1eae000 	C:\WINDOWS\SYSTEM32\SspiCli.dll
0x00007ffae29f0000 - 0x00007ffae2a44000 	C:\WINDOWS\system32\SHLWAPI.dll
0x00007ffae27b0000 - 0x00007ffae2927000 	C:\WINDOWS\system32\USER32.dll
0x00007ffae4870000 - 0x00007ffae4a04000 	C:\WINDOWS\system32\ole32.dll
0x00007ffae32b0000 - 0x00007ffae47da000 	C:\WINDOWS\system32\SHELL32.dll
0x00007ffae15d0000 - 0x00007ffae15f1000 	C:\WINDOWS\SYSTEM32\USERENV.dll
0x00007ffae2ab0000 - 0x00007ffae2b5a000 	C:\WINDOWS\system32\ADVAPI32.dll
0x00007ffad4490000 - 0x00007ffad44ae000 	C:\WINDOWS\SYSTEM32\MPR.dll
0x00007ffae4d90000 - 0x00007ffae4ed1000 	C:\WINDOWS\system32\RPCRT4.dll
0x00007ffae25a0000 - 0x00007ffae25f9000 	C:\WINDOWS\SYSTEM32\sechost.dll
0x00007ffae4b70000 - 0x00007ffae4d81000 	C:\WINDOWS\SYSTEM32\combase.dll
0x00007ffae2d50000 - 0x00007ffae2ea0000 	C:\WINDOWS\system32\GDI32.dll
0x00007ffae2030000 - 0x00007ffae2045000 	C:\WINDOWS\SYSTEM32\profapi.dll
0x00007ffae0ac0000 - 0x00007ffae0b72000 	C:\WINDOWS\SYSTEM32\SHCORE.dll
0x00007ffae2560000 - 0x00007ffae2596000 	C:\WINDOWS\system32\IMM32.DLL
0x00007ffae4a10000 - 0x00007ffae4b62000 	C:\WINDOWS\system32\MSCTF.dll
0x00007ffadfbf0000 - 0x00007ffadfe6b000 	C:\WINDOWS\WinSxS\amd64_microsoft.windows.common-controls_6595b64144ccf1df_6.0.9600.18006_none_623f33d3ecbe86e8\COMCTL32.dll
0x0000000058640000 - 0x0000000058712000 	C:\Program Files\Java\jdk1.8.0_51\jre\bin\msvcr100.dll
0x0000000058720000 - 0x0000000058fa3000 	C:\Program Files\Java\jdk1.8.0_51\jre\bin\server\jvm.dll
0x00007ffad3810000 - 0x00007ffad3819000 	C:\WINDOWS\SYSTEM32\WSOCK32.dll
0x00007ffaddee0000 - 0x00007ffaddf02000 	C:\WINDOWS\SYSTEM32\WINMM.dll
0x00007ffadf3c0000 - 0x00007ffadf3ca000 	C:\WINDOWS\SYSTEM32\VERSION.dll
0x00007ffae2b60000 - 0x00007ffae2b67000 	C:\WINDOWS\system32\PSAPI.DLL
0x00007ffae4810000 - 0x00007ffae486a000 	C:\WINDOWS\system32\WS2_32.dll
0x00007ffaddeb0000 - 0x00007ffaddeda000 	C:\WINDOWS\SYSTEM32\WINMMBASE.dll
0x00007ffae47f0000 - 0x00007ffae47f9000 	C:\WINDOWS\system32\NSI.dll
0x00007ffae22d0000 - 0x00007ffae231f000 	C:\WINDOWS\SYSTEM32\cfgmgr32.dll
0x00007ffae0e20000 - 0x00007ffae0e48000 	C:\WINDOWS\SYSTEM32\DEVOBJ.dll
0x00000000585f0000 - 0x00000000585ff000 	C:\Program Files\Java\jdk1.8.0_51\jre\bin\verify.dll
0x00000000585c0000 - 0x00000000585e9000 	C:\Program Files\Java\jdk1.8.0_51\jre\bin\java.dll
0x00000000585a0000 - 0x00000000585b6000 	C:\Program Files\Java\jdk1.8.0_51\jre\bin\zip.dll
0x0000000180000000 - 0x0000000180051000 	C:\Users\Rory\Desktop\Programs\Current Projects\OGPC 2016 Java\natives\lwjgl64.dll
0x00007ffad0000000 - 0x00007ffad012b000 	C:\WINDOWS\SYSTEM32\OPENGL32.dll
0x00007ffadafb0000 - 0x00007ffadafde000 	C:\WINDOWS\SYSTEM32\GLU32.dll
0x00007ffadafe0000 - 0x00007ffadb0d8000 	C:\WINDOWS\SYSTEM32\DDRAW.dll
0x00007ffaddd40000 - 0x00007ffaddd49000 	C:\WINDOWS\SYSTEM32\DCIMAN32.dll
0x00007ffae0ca0000 - 0x00007ffae0dc9000 	C:\WINDOWS\system32\uxtheme.dll
0x00007ffadfe70000 - 0x00007ffadfe91000 	C:\WINDOWS\system32\dwmapi.dll
0x00007ffad3ea0000 - 0x00007ffad3ecc000 	C:\WINDOWS\SYSTEM32\nvoglshim64.dll
0x000000001a520000 - 0x000000001ac9e000 	C:\WINDOWS\system32\ig7icd64.dll
0x00007ffade1c0000 - 0x00007ffade600000 	C:\WINDOWS\SYSTEM32\igdusc64.dll
0x00007ffae0e70000 - 0x00007ffae0e7b000 	C:\WINDOWS\SYSTEM32\kernel.appcore.dll
0x00007ffae1f20000 - 0x00007ffae1f2b000 	C:\WINDOWS\SYSTEM32\CRYPTBASE.dll
0x00007ffae1eb0000 - 0x00007ffae1f13000 	C:\WINDOWS\SYSTEM32\bcryptPrimitives.dll
0x00007ffadd500000 - 0x00007ffadd592000 	C:\WINDOWS\SYSTEM32\mscms.dll
0x00007ffad1260000 - 0x00007ffad12a1000 	C:\WINDOWS\SYSTEM32\icm32.dll
0x00007ffae1fd0000 - 0x00007ffae2016000 	C:\WINDOWS\SYSTEM32\powrprof.dll
0x00000000583c0000 - 0x0000000058558000 	C:\Program Files\Java\jdk1.8.0_51\jre\bin\awt.dll
0x00007ffae3120000 - 0x00007ffae31e1000 	C:\WINDOWS\system32\OLEAUT32.dll
0x0000000058370000 - 0x00000000583b7000 	C:\Program Files\Java\jdk1.8.0_51\jre\bin\fontmanager.dll
0x0000000058580000 - 0x000000005859a000 	C:\Program Files\Java\jdk1.8.0_51\jre\bin\net.dll
0x00007ffae1840000 - 0x00007ffae1899000 	C:\WINDOWS\system32\mswsock.dll
0x0000000058560000 - 0x0000000058571000 	C:\Program Files\Java\jdk1.8.0_51\jre\bin\nio.dll
0x0000000058320000 - 0x0000000058362000 	C:\Program Files\Java\jdk1.8.0_51\jre\bin\t2k.dll
0x00007ffae2930000 - 0x00007ffae29e6000 	C:\WINDOWS\SYSTEM32\clbcatq.dll
0x00007ffad5a40000 - 0x00007ffad5bc9000 	C:\WINDOWS\SYSTEM32\dbghelp.dll

VM Arguments:
jvm_args: -Dfile.encoding=UTF-8 -Dorg.lwjgl.opengl.Display.allowSoftwareOpenGL=true 
java_command: invisibleman.Client
java_class_path (initial): C:\Users\Rory\Desktop\Programs\Current Projects\OGPC 2016 Java\lib\jfxrt.jar;C:\Users\Rory\Desktop\Programs\Current Projects\OGPC 2016 Java\lib\jinput.jar;C:\Users\Rory\Desktop\Programs\Current Projects\OGPC 2016 Java\lib\lwjgl.jar;C:\Users\Rory\Desktop\Programs\Current Projects\OGPC 2016 Java\lib\lwjgl_util.jar;C:\Users\Rory\Desktop\Programs\Current Projects\OGPC 2016 Java\lib\slick-util.jar;C:\Users\Rory\Desktop\Programs\Current Projects\OGPC 2016 Java\lib\protonpack-1.1.jar;C:\Users\Rory\Desktop\Programs\Current Projects\OGPC 2016 Java\lib\Forge.jar;C:\Users\Rory\Desktop\Programs\Current Projects\OGPC 2016 Java\build\classes
Launcher Type: SUN_STANDARD

Environment Variables:
PATH=C:\ProgramData\Oracle\Java\javapath;C:\Program Files (x86)\Intel\iCLS Client\;C:\Program Files\Intel\iCLS Client\;C:\WINDOWS\system32;C:\WINDOWS;C:\WINDOWS\System32\Wbem;C:\WINDOWS\System32\WindowsPowerShell\v1.0\;C:\Program Files (x86)\Intel\OpenCL SDK\2.0\bin\x86;C:\Program Files (x86)\Intel\OpenCL SDK\2.0\bin\x64;C:\Program Files\Intel\Intel(R) Management Engine Components\DAL;C:\Program Files\Intel\Intel(R) Management Engine Components\IPT;C:\Program Files (x86)\Intel\Intel(R) Management Engine Components\DAL;C:\Program Files (x86)\Intel\Intel(R) Management Engine Components\IPT;C:\Program Files\Lenovo\Bluetooth Software\;C:\Program Files\Lenovo\Bluetooth Software\syswow64;C:\Program Files\Intel\WiFi\bin\;C:\Program Files\Common Files\Intel\WirelessCommon\;C:\Program Files\SlikSvn\bin;C:\Program Files (x86)\NVIDIA Corporation\PhysX\Common;C:\Program Files (x86)\Skype\Phone\
USERNAME=Rory
OS=Windows_NT
PROCESSOR_IDENTIFIER=Intel64 Family 6 Model 58 Stepping 9, GenuineIntel



---------------  S Y S T E M  ---------------

OS: Windows 8.1 , 64 bit Build 9600 (6.3.9600.17415)

CPU:total 8 (4 cores per cpu, 2 threads per core) family 6 model 58 stepping 9, cmov, cx8, fxsr, mmx, sse, sse2, sse3, ssse3, sse4.1, sse4.2, popcnt, avx, aes, clmul, erms, ht, tsc, tscinvbit, tscinv

Memory: 4k page, physical 8251156k(2415968k free), swap 9561876k(3157024k free)

vm_info: Java HotSpot(TM) 64-Bit Server VM (25.51-b03) for windows-amd64 JRE (1.8.0_51-b16), built on Jun  8 2015 18:03:07 by "java_re" with MS VC++ 10.0 (VS2010)

time: Mon Apr 18 21:49:46 2016
elapsed time: 11 seconds (0d 0h 0m 11s)

