#
# A fatal error has been detected by the Java Runtime Environment:
#
#  EXCEPTION_ACCESS_VIOLATION (0xc0000005) at pc=0x000007feeaa01f44, pid=7028, tid=6608
#
# JRE version: Java(TM) SE Runtime Environment (8.0_65-b17) (build 1.8.0_65-b17)
# Java VM: Java HotSpot(TM) 64-Bit Server VM (25.65-b01 mixed mode windows-amd64 compressed oops)
# Problematic frame:
# C  [ig7icd64.dll+0x21f44]
#
# Failed to write core dump. Minidumps are not enabled by default on client versions of Windows
#
# If you would like to submit a bug report, please visit:
#   http://bugreport.java.com/bugreport/crash.jsp
# The crash happened outside the Java Virtual Machine in native code.
# See problematic frame for where to report the bug.
#

---------------  T H R E A D  ---------------

Current thread (0x000000000030f000):  JavaThread "main" [_thread_in_native, id=6608, stack(0x00000000023a0000,0x00000000024a0000)]

siginfo: ExceptionCode=0xc0000005, writing address 0x00000000003ba000

Registers:
RAX=0x0000000000000001, RBX=0x0000000059a9e000, RCX=0x00000000003ba010, RDX=0x000000005c666ae0
RSP=0x000000000249eaa0, RBP=0x000000005b48cd00, RSI=0x000000005b48ea10, RDI=0x000000005c666760
R8 =0x0000000000000020, R9 =0x0000000000000000, R10=0x0000000000000001, R11=0x0000000000000002
R12=0x0000000000000000, R13=0x000000005c646900, R14=0x0000000000000000, R15=0x0000000000000000
RIP=0x000007feeaa01f44, EFLAGS=0x0000000000010202

Top of Stack: (sp=0x000000000249eaa0)
0x000000000249eaa0:   0000000000000000 0000000000000400
0x000000000249eab0:   000000005b4e8500 00000000000000ff
0x000000000249eac0:   0000000000000000 0000000000000001
0x000000000249ead0:   0000000000000000 0000000000000000
0x000000000249eae0:   00000000004d6660 000007feeabfcc57
0x000000000249eaf0:   0000000059a9e000 c2280629bfae14ca
0x000000000249eb00:   c23917cec21ffd44 000000003fae0be2
0x000000000249eb10:   0000000000000001 000007feeac1bbd3
0x000000000249eb20:   000000005c666ad0 0000000000000000
0x000000000249eb30:   c034000000000000 0000000000000000
0x000000000249eb40:   000000005c6f80c0 0000000059b09470
0x000000000249eb50:   000000005c6668c8 000000005c666760
0x000000000249eb60:   0000000000000001 000000005c68a140
0x000000000249eb70:   0000000059a9e000 000007feeac34e78
0x000000000249eb80:   0000000000000002 000000005c68a401
0x000000000249eb90:   000000005c6668c8 0000000000000000 

Instructions: (pc=0x000007feeaa01f44)
0x000007feeaa01f24:   d1 49 c1 eb 04 4d 85 db 0f 84 24 02 00 00 f3 0f
0x000007feeaa01f34:   6f 02 41 ff c2 48 83 c1 10 41 8b c2 48 83 c2 10
0x000007feeaa01f44:   f3 0f 7f 41 f0 49 3b c3 72 e4 e9 03 02 00 00 48
0x000007feeaa01f54:   89 7c 24 40 8b f9 83 e7 0f 74 68 48 89 5c 24 50 


Register to memory mapping:

RAX=0x0000000000000001 is an unknown value
RBX=0x0000000059a9e000 is an unknown value
RCX=0x00000000003ba010 is an unknown value
RDX=0x000000005c666ae0 is an unknown value
RSP=0x000000000249eaa0 is pointing into the stack for thread: 0x000000000030f000
RBP=0x000000005b48cd00 is an unknown value
RSI=0x000000005b48ea10 is an unknown value
RDI=0x000000005c666760 is an unknown value
R8 =0x0000000000000020 is an unknown value
R9 =0x0000000000000000 is an unknown value
R10=0x0000000000000001 is an unknown value
R11=0x0000000000000002 is an unknown value
R12=0x0000000000000000 is an unknown value
R13=0x000000005c646900 is an unknown value
R14=0x0000000000000000 is an unknown value
R15=0x0000000000000000 is an unknown value


Stack: [0x00000000023a0000,0x00000000024a0000],  sp=0x000000000249eaa0,  free space=1018k
Native frames: (J=compiled Java code, j=interpreted, Vv=VM code, C=native code)
C  [ig7icd64.dll+0x21f44]
C  [ig7icd64.dll+0x21cc57]
C  [ig7icd64.dll+0x254e78]
C  [ig7icd64.dll+0x1fe146]
C  [ig7icd64.dll+0x156d58]
C  [ig7icd64.dll+0x2dc07c]
C  [ig7icd64.dll+0x3ba832]
C  [ig7icd64.dll+0x4f6201]
C  [ig7icd64.dll+0x47433f]
C  [ig7icd64.dll+0x474abc]
C  0x0000000002908eca

Java frames: (J=compiled Java code, j=interpreted, Vv=VM code)
J 1935  org.lwjgl.opengl.GL11.nglCallList(IJ)V (0 bytes) @ 0x0000000002908e44 [0x0000000002908e00+0x44]
J 2004 C2 map.CubeMap$$Lambda$159.accept(Ljava/lang/Object;Ljava/lang/Object;)V (12 bytes) @ 0x0000000002ab8548 [0x0000000002ab8440+0x108]
J 2218 C2 map.Editor$$Lambda$119.run()V (4 bytes) @ 0x0000000002ceaf70 [0x0000000002ceab40+0x430]
J 1211 C2 engine.EventStream$$Lambda$2.accept(Ljava/lang/Object;)V (12 bytes) @ 0x0000000002b814a4 [0x0000000002b81460+0x44]
J 1195 C2 engine.EventStream.sendEvent()V (27 bytes) @ 0x0000000002b77b4c [0x0000000002b778c0+0x28c]
J 2082 C2 engine.Core$$Lambda$54.accept(Ljava/lang/Object;)V (8 bytes) @ 0x00000000028869d4 [0x00000000028869a0+0x34]
J 2103 C2 java.lang.Iterable.forEach(Ljava/util/function/Consumer;)V (39 bytes) @ 0x0000000002c3f15c [0x0000000002c3f020+0x13c]
J 899% C2 engine.Core.run()V (114 bytes) @ 0x0000000002a9eba8 [0x0000000002a9eae0+0xc8]
j  map.Editor.start(Ljava/lang/String;Ljava/lang/String;)V+489
j  guis.Join.recieve(Ljava/lang/String;Ljava/lang/Object;)V+38
j  gui.components.GUICommandField.send()V+33
j  gui.TypingManager.lambda$null$8()V+9
j  gui.TypingManager$$Lambda$37.run()V+0
J 1211 C2 engine.EventStream$$Lambda$2.accept(Ljava/lang/Object;)V (12 bytes) @ 0x0000000002b814a4 [0x0000000002b81460+0x44]
J 1196 C2 engine.EventStream$$Lambda$34.accept(Ljava/lang/Object;)V (10 bytes) @ 0x0000000002b79ba8 [0x0000000002b79b60+0x48]
J 1115 C2 java.util.ArrayList.forEach(Ljava/util/function/Consumer;)V (75 bytes) @ 0x0000000002b2a614 [0x0000000002b2a560+0xb4]
J 1072 C1 engine.Signal$$Lambda$5.accept(Ljava/lang/Object;)V (16 bytes) @ 0x0000000002b051ac [0x0000000002b04a00+0x7ac]
J 1196 C2 engine.EventStream$$Lambda$34.accept(Ljava/lang/Object;)V (10 bytes) @ 0x0000000002b79ba8 [0x0000000002b79b60+0x48]
J 1115 C2 java.util.ArrayList.forEach(Ljava/util/function/Consumer;)V (75 bytes) @ 0x0000000002b2a614 [0x0000000002b2a560+0xb4]
J 1127 C1 engine.Input.lambda$static$45()V (417 bytes) @ 0x0000000002b331ac [0x0000000002b312e0+0x1ecc]
J 1126 C1 engine.Input$$Lambda$1.run()V (4 bytes) @ 0x0000000002b1d27c [0x0000000002b1d200+0x7c]
J 1211 C2 engine.EventStream$$Lambda$2.accept(Ljava/lang/Object;)V (12 bytes) @ 0x0000000002b814a4 [0x0000000002b81460+0x44]
J 1196 C2 engine.EventStream$$Lambda$34.accept(Ljava/lang/Object;)V (10 bytes) @ 0x0000000002b79ba8 [0x0000000002b79b60+0x48]
J 1115 C2 java.util.ArrayList.forEach(Ljava/util/function/Consumer;)V (75 bytes) @ 0x0000000002b2a614 [0x0000000002b2a560+0xb4]
J 1094 C1 engine.Core$$Lambda$50.accept(Ljava/lang/Object;)V (12 bytes) @ 0x0000000002b125dc [0x0000000002b11f00+0x6dc]
J 1065 C1 java.lang.Iterable.forEach(Ljava/util/function/Consumer;)V (39 bytes) @ 0x0000000002b022bc [0x0000000002b01fe0+0x2dc]
J 899% C2 engine.Core.run()V (114 bytes) @ 0x0000000002a9eb74 [0x0000000002a9eae0+0x94]
j  invisibleman.Client.main([Ljava/lang/String;)V+146
v  ~StubRoutines::call_stub

---------------  P R O C E S S  ---------------

Java Threads: ( => current thread )
  0x000000005d9ad800 JavaThread "Thread-2" [_thread_in_native, id=3776, stack(0x000000005e5d0000,0x000000005e6d0000)]
  0x0000000058a9a000 JavaThread "AWT-Windows" daemon [_thread_in_native, id=5592, stack(0x000000005e740000,0x000000005e840000)]
  0x0000000058a96000 JavaThread "Java2D Disposer" daemon [_thread_blocked, id=6412, stack(0x000000005e4a0000,0x000000005e5a0000)]
  0x00000000587ae800 JavaThread "Service Thread" daemon [_thread_blocked, id=6564, stack(0x0000000059430000,0x0000000059530000)]
  0x0000000058772000 JavaThread "C1 CompilerThread2" daemon [_thread_blocked, id=5904, stack(0x0000000059280000,0x0000000059380000)]
  0x0000000058771000 JavaThread "C2 CompilerThread1" daemon [_thread_blocked, id=6096, stack(0x0000000058b40000,0x0000000058c40000)]
  0x0000000058722800 JavaThread "C2 CompilerThread0" daemon [_thread_blocked, id=4084, stack(0x0000000059060000,0x0000000059160000)]
  0x0000000057665800 JavaThread "Attach Listener" daemon [_thread_blocked, id=3836, stack(0x0000000058e30000,0x0000000058f30000)]
  0x0000000057663800 JavaThread "Signal Dispatcher" daemon [_thread_blocked, id=5304, stack(0x0000000058cc0000,0x0000000058dc0000)]
  0x000000005760a800 JavaThread "Finalizer" daemon [_thread_blocked, id=1280, stack(0x0000000058620000,0x0000000058720000)]
  0x0000000057603800 JavaThread "Reference Handler" daemon [_thread_blocked, id=6876, stack(0x0000000058510000,0x0000000058610000)]
=>0x000000000030f000 JavaThread "main" [_thread_in_native, id=6608, stack(0x00000000023a0000,0x00000000024a0000)]

Other Threads:
  0x00000000575fa800 VMThread [stack: 0x0000000058340000,0x0000000058440000] [id=1876]
  0x00000000587b6000 WatcherThread [stack: 0x0000000059560000,0x0000000059660000] [id=4584]

VM state:not at safepoint (normal execution)

VM Mutex/Monitor currently owned by a thread: None

Heap:
 PSYoungGen      total 141312K, used 78880K [0x00000000d6580000, 0x00000000f2480000, 0x0000000100000000)
  eden space 140800K, 56% used [0x00000000d6580000,0x00000000db280050,0x00000000def00000)
  from space 512K, 6% used [0x00000000f2380000,0x00000000f2388000,0x00000000f2400000)
  to   space 512K, 0% used [0x00000000f2400000,0x00000000f2400000,0x00000000f2480000)
 ParOldGen       total 86016K, used 18261K [0x0000000083000000, 0x0000000088400000, 0x00000000d6580000)
  object space 86016K, 21% used [0x0000000083000000,0x00000000841d5408,0x0000000088400000)
 Metaspace       used 11248K, capacity 12031K, committed 12160K, reserved 1060864K
  class space    used 1189K, capacity 1340K, committed 1408K, reserved 1048576K

Card table byte_map: [0x0000000011b30000,0x0000000011f20000] byte_map_base: 0x0000000011718000

Marking Bits: (ParMarkBitMap*) 0x0000000063d2a5b0
 Begin Bits: [0x0000000012a00000, 0x0000000014940000)
 End Bits:   [0x0000000014940000, 0x0000000016880000)

Polling page: 0x0000000000130000

CodeCache: size=245760Kb used=6294Kb max_used=7322Kb free=239465Kb
 bounds [0x0000000002770000, 0x0000000002eb0000, 0x0000000011770000]
 total_blobs=2508 nmethods=1933 adapters=488
 compilation: enabled

Compilation events (10 events):
Event: 411.641 Thread 0x0000000058772000 2416       3       map.CubeMap$$Lambda$145/1162918744::accept (8 bytes)
Event: 411.641 Thread 0x0000000058772000 nmethod 2416 0x0000000002aa3990 code [0x0000000002aa3b00, 0x0000000002aa3d88]
Event: 412.342 Thread 0x0000000058771000 2419       4       org.lwjgl.opengl.WindowsKeycodes::mapVirtualKeyToLWJGLCode (1234 bytes)
Event: 412.345 Thread 0x0000000058771000 nmethod 2419 0x0000000002930750 code [0x0000000002931100, 0x0000000002931598]
Event: 417.936 Thread 0x0000000058772000 2420       3       java.util.stream.FindOps$FindOp::getOpFlags (19 bytes)
Event: 417.937 Thread 0x0000000058772000 nmethod 2420 0x0000000002b2a9d0 code [0x0000000002b2ab20, 0x0000000002b2acd0]
Event: 421.617 Thread 0x0000000058722800 2421       4       map.Editor$$Lambda$126/899644639::accept (16 bytes)
Event: 421.625 Thread 0x0000000058722800 nmethod 2421 0x0000000002b4c410 code [0x0000000002b4c600, 0x0000000002b4d0d8]
Event: 426.177 Thread 0x0000000058771000 2422       4       org.lwjgl.MemoryUtil$CharSequenceNT::length (12 bytes)
Event: 426.177 Thread 0x0000000058771000 nmethod 2422 0x000000000298b890 code [0x000000000298b9e0, 0x000000000298ba78]

GC Heap History (10 events):
Event: 427.504 GC heap before
{Heap before GC invocations=169 (full 0):
 PSYoungGen      total 137216K, used 136736K [0x00000000d6580000, 0x00000000f2480000, 0x0000000100000000)
  eden space 136704K, 100% used [0x00000000d6580000,0x00000000deb00000,0x00000000deb00000)
  from space 512K, 6% used [0x00000000f2400000,0x00000000f2408000,0x00000000f2480000)
  to   space 512K, 0% used [0x00000000f2380000,0x00000000f2380000,0x00000000f2400000)
 ParOldGen       total 86016K, used 18253K [0x0000000083000000, 0x0000000088400000, 0x00000000d6580000)
  object space 86016K, 21% used [0x0000000083000000,0x00000000841d3408,0x0000000088400000)
 Metaspace       used 11248K, capacity 12031K, committed 12160K, reserved 1060864K
  class space    used 1189K, capacity 1340K, committed 1408K, reserved 1048576K
Event: 427.504 GC heap after
Heap after GC invocations=169 (full 0):
 PSYoungGen      total 132096K, used 32K [0x00000000d6580000, 0x00000000f2480000, 0x0000000100000000)
  eden space 131584K, 0% used [0x00000000d6580000,0x00000000d6580000,0x00000000de600000)
  from space 512K, 6% used [0x00000000f2380000,0x00000000f2388000,0x00000000f2400000)
  to   space 512K, 0% used [0x00000000f2400000,0x00000000f2400000,0x00000000f2480000)
 ParOldGen       total 86016K, used 18253K [0x0000000083000000, 0x0000000088400000, 0x00000000d6580000)
  object space 86016K, 21% used [0x0000000083000000,0x00000000841d3408,0x0000000088400000)
 Metaspace       used 11248K, capacity 12031K, committed 12160K, reserved 1060864K
  class space    used 1189K, capacity 1340K, committed 1408K, reserved 1048576K
}
Event: 427.549 GC heap before
{Heap before GC invocations=170 (full 0):
 PSYoungGen      total 132096K, used 131616K [0x00000000d6580000, 0x00000000f2480000, 0x0000000100000000)
  eden space 131584K, 100% used [0x00000000d6580000,0x00000000de600000,0x00000000de600000)
  from space 512K, 6% used [0x00000000f2380000,0x00000000f2388000,0x00000000f2400000)
  to   space 512K, 0% used [0x00000000f2400000,0x00000000f2400000,0x00000000f2480000)
 ParOldGen       total 86016K, used 18253K [0x0000000083000000, 0x0000000088400000, 0x00000000d6580000)
  object space 86016K, 21% used [0x0000000083000000,0x00000000841d3408,0x0000000088400000)
 Metaspace       used 11248K, capacity 12031K, committed 12160K, reserved 1060864K
  class space    used 1189K, capacity 1340K, committed 1408K, reserved 1048576K
Event: 427.550 GC heap after
Heap after GC invocations=170 (full 0):
 PSYoungGen      total 126976K, used 32K [0x00000000d6580000, 0x00000000f2480000, 0x0000000100000000)
  eden space 126464K, 0% used [0x00000000d6580000,0x00000000d6580000,0x00000000de100000)
  from space 512K, 6% used [0x00000000f2400000,0x00000000f2408000,0x00000000f2480000)
  to   space 512K, 0% used [0x00000000f2380000,0x00000000f2380000,0x00000000f2400000)
 ParOldGen       total 86016K, used 18261K [0x0000000083000000, 0x0000000088400000, 0x00000000d6580000)
  object space 86016K, 21% used [0x0000000083000000,0x00000000841d5408,0x0000000088400000)
 Metaspace       used 11248K, capacity 12031K, committed 12160K, reserved 1060864K
  class space    used 1189K, capacity 1340K, committed 1408K, reserved 1048576K
}
Event: 427.595 GC heap before
{Heap before GC invocations=171 (full 0):
 PSYoungGen      total 126976K, used 126496K [0x00000000d6580000, 0x00000000f2480000, 0x0000000100000000)
  eden space 126464K, 100% used [0x00000000d6580000,0x00000000de100000,0x00000000de100000)
  from space 512K, 6% used [0x00000000f2400000,0x00000000f2408000,0x00000000f2480000)
  to   space 512K, 0% used [0x00000000f2380000,0x00000000f2380000,0x00000000f2400000)
 ParOldGen       total 86016K, used 18261K [0x0000000083000000, 0x0000000088400000, 0x00000000d6580000)
  object space 86016K, 21% used [0x0000000083000000,0x00000000841d5408,0x0000000088400000)
 Metaspace       used 11248K, capacity 12031K, committed 12160K, reserved 1060864K
  class space    used 1189K, capacity 1340K, committed 1408K, reserved 1048576K
Event: 427.596 GC heap after
Heap after GC invocations=171 (full 0):
 PSYoungGen      total 122368K, used 32K [0x00000000d6580000, 0x00000000f2480000, 0x0000000100000000)
  eden space 121856K, 0% used [0x00000000d6580000,0x00000000d6580000,0x00000000ddc80000)
  from space 512K, 6% used [0x00000000f2380000,0x00000000f2388000,0x00000000f2400000)
  to   space 512K, 0% used [0x00000000f2400000,0x00000000f2400000,0x00000000f2480000)
 ParOldGen       total 86016K, used 18261K [0x0000000083000000, 0x0000000088400000, 0x00000000d6580000)
  object space 86016K, 21% used [0x0000000083000000,0x00000000841d5408,0x0000000088400000)
 Metaspace       used 11248K, capacity 12031K, committed 12160K, reserved 1060864K
  class space    used 1189K, capacity 1340K, committed 1408K, reserved 1048576K
}
Event: 427.639 GC heap before
{Heap before GC invocations=172 (full 0):
 PSYoungGen      total 122368K, used 121888K [0x00000000d6580000, 0x00000000f2480000, 0x0000000100000000)
  eden space 121856K, 100% used [0x00000000d6580000,0x00000000ddc80000,0x00000000ddc80000)
  from space 512K, 6% used [0x00000000f2380000,0x00000000f2388000,0x00000000f2400000)
  to   space 512K, 0% used [0x00000000f2400000,0x00000000f2400000,0x00000000f2480000)
 ParOldGen       total 86016K, used 18261K [0x0000000083000000, 0x0000000088400000, 0x00000000d6580000)
  object space 86016K, 21% used [0x0000000083000000,0x00000000841d5408,0x0000000088400000)
 Metaspace       used 11248K, capacity 12031K, committed 12160K, reserved 1060864K
  class space    used 1189K, capacity 1340K, committed 1408K, reserved 1048576K
Event: 427.640 GC heap after
Heap after GC invocations=172 (full 0):
 PSYoungGen      total 117760K, used 32K [0x00000000d6580000, 0x00000000f2480000, 0x0000000100000000)
  eden space 117248K, 0% used [0x00000000d6580000,0x00000000d6580000,0x00000000dd800000)
  from space 512K, 6% used [0x00000000f2400000,0x00000000f2408000,0x00000000f2480000)
  to   space 512K, 0% used [0x00000000f2380000,0x00000000f2380000,0x00000000f2400000)
 ParOldGen       total 86016K, used 18261K [0x0000000083000000, 0x0000000088400000, 0x00000000d6580000)
  object space 86016K, 21% used [0x0000000083000000,0x00000000841d5408,0x0000000088400000)
 Metaspace       used 11248K, capacity 12031K, committed 12160K, reserved 1060864K
  class space    used 1189K, capacity 1340K, committed 1408K, reserved 1048576K
}
Event: 427.682 GC heap before
{Heap before GC invocations=173 (full 0):
 PSYoungGen      total 117760K, used 117280K [0x00000000d6580000, 0x00000000f2480000, 0x0000000100000000)
  eden space 117248K, 100% used [0x00000000d6580000,0x00000000dd800000,0x00000000dd800000)
  from space 512K, 6% used [0x00000000f2400000,0x00000000f2408000,0x00000000f2480000)
  to   space 512K, 0% used [0x00000000f2380000,0x00000000f2380000,0x00000000f2400000)
 ParOldGen       total 86016K, used 18261K [0x0000000083000000, 0x0000000088400000, 0x00000000d6580000)
  object space 86016K, 21% used [0x0000000083000000,0x00000000841d5408,0x0000000088400000)
 Metaspace       used 11248K, capacity 12031K, committed 12160K, reserved 1060864K
  class space    used 1189K, capacity 1340K, committed 1408K, reserved 1048576K
Event: 427.682 GC heap after
Heap after GC invocations=173 (full 0):
 PSYoungGen      total 141312K, used 32K [0x00000000d6580000, 0x00000000f2480000, 0x0000000100000000)
  eden space 140800K, 0% used [0x00000000d6580000,0x00000000d6580000,0x00000000def00000)
  from space 512K, 6% used [0x00000000f2380000,0x00000000f2388000,0x00000000f2400000)
  to   space 512K, 0% used [0x00000000f2400000,0x00000000f2400000,0x00000000f2480000)
 ParOldGen       total 86016K, used 18261K [0x0000000083000000, 0x0000000088400000, 0x00000000d6580000)
  object space 86016K, 21% used [0x0000000083000000,0x00000000841d5408,0x0000000088400000)
 Metaspace       used 11248K, capacity 12031K, committed 12160K, reserved 1060864K
  class space    used 1189K, capacity 1340K, committed 1408K, reserved 1048576K
}

Deoptimization events (10 events):
Event: 374.477 Thread 0x000000000030f000 Uncommon trap: reason=unstable_if action=reinterpret pc=0x0000000002c66650 method=java.lang.Integer.valueOf(I)Ljava/lang/Integer; @ 3
Event: 374.757 Thread 0x000000000030f000 Uncommon trap: reason=unstable_if action=reinterpret pc=0x0000000002ba768c method=java.lang.Integer.valueOf(I)Ljava/lang/Integer; @ 3
Event: 382.337 Thread 0x000000000030f000 Uncommon trap: reason=bimorphic action=maybe_recompile pc=0x0000000002c45180 method=engine.Signal.edit(Ljava/util/function/UnaryOperator;)V @ 6
Event: 382.337 Thread 0x000000000030f000 Uncommon trap: reason=class_check action=maybe_recompile pc=0x00000000028802d0 method=engine.Signal.lambda$map$30(Ljava/util/function/Function;)Ljava/lang/Object; @ 5
Event: 383.417 Thread 0x000000000030f000 Uncommon trap: reason=bimorphic action=maybe_recompile pc=0x0000000002c45180 method=engine.Signal.edit(Ljava/util/function/UnaryOperator;)V @ 6
Event: 383.417 Thread 0x000000000030f000 Uncommon trap: reason=class_check action=maybe_recompile pc=0x00000000028802d0 method=engine.Signal.lambda$map$30(Ljava/util/function/Function;)Ljava/lang/Object; @ 5
Event: 404.364 Thread 0x000000000030f000 Uncommon trap: reason=unstable_if action=reinterpret pc=0x0000000002c40c80 method=java.lang.StrictMath.floorOrCeil(DDDD)D @ 14
Event: 404.364 Thread 0x000000000030f000 Uncommon trap: reason=unstable_if action=reinterpret pc=0x0000000002e694dc method=java.lang.StrictMath.floorOrCeil(DDDD)D @ 14
Event: 404.364 Thread 0x000000000030f000 Uncommon trap: reason=unstable_if action=reinterpret pc=0x0000000002c07640 method=java.lang.StrictMath.floorOrCeil(DDDD)D @ 14
Event: 409.236 Thread 0x000000000030f000 Uncommon trap: reason=unstable_if action=reinterpret pc=0x0000000002ab60e0 method=java.lang.Math.max(DD)D @ 36

Internal exceptions (10 events):
Event: 0.644 Thread 0x000000000030f000 Exception <a 'java/lang/NoSuchFieldError': method resolution failed> (0x00000000d6b2da68) thrown at [C:\workspace\8-2-build-windows-amd64-cygwin\jdk8u65\4987\hotspot\src\share\vm\prims\methodHandles.cpp, line 1146]
Event: 0.671 Thread 0x000000000030f000 Exception <a 'java/security/PrivilegedActionException'> (0x00000000d6bee230) thrown at [C:\workspace\8-2-build-windows-amd64-cygwin\jdk8u65\4987\hotspot\src\share\vm\prims\jvm.cpp, line 1386]
Event: 0.671 Thread 0x000000000030f000 Exception <a 'java/security/PrivilegedActionException'> (0x00000000d6bee440) thrown at [C:\workspace\8-2-build-windows-amd64-cygwin\jdk8u65\4987\hotspot\src\share\vm\prims\jvm.cpp, line 1386]
Event: 0.672 Thread 0x000000000030f000 Exception <a 'java/security/PrivilegedActionException'> (0x00000000d6bf2288) thrown at [C:\workspace\8-2-build-windows-amd64-cygwin\jdk8u65\4987\hotspot\src\share\vm\prims\jvm.cpp, line 1386]
Event: 0.672 Thread 0x000000000030f000 Exception <a 'java/security/PrivilegedActionException'> (0x00000000d6bf2498) thrown at [C:\workspace\8-2-build-windows-amd64-cygwin\jdk8u65\4987\hotspot\src\share\vm\prims\jvm.cpp, line 1386]
Event: 0.674 Thread 0x000000000030f000 Exception <a 'java/io/FileNotFoundException'> (0x00000000d6bf4880) thrown at [C:\workspace\8-2-build-windows-amd64-cygwin\jdk8u65\4987\hotspot\src\share\vm\prims\jni.cpp, line 709]
Event: 0.707 Thread 0x000000000030f000 Exception <a 'java/io/FileNotFoundException'> (0x00000000d6c36bb0) thrown at [C:\workspace\8-2-build-windows-amd64-cygwin\jdk8u65\4987\hotspot\src\share\vm\prims\jni.cpp, line 709]
Event: 17.015 Thread 0x000000000030f000 Implicit null exception at 0x0000000002c07548 to 0x0000000002c075d6
Event: 17.015 Thread 0x000000000030f000 Implicit null exception at 0x00000000029815ef to 0x00000000029816a1
Event: 155.671 Thread 0x000000000030f000 Implicit null exception at 0x0000000002d01af5 to 0x0000000002d03164

Events (10 events):
Event: 427.504 Executing VM operation: ParallelGCFailedAllocation
Event: 427.505 Executing VM operation: ParallelGCFailedAllocation done
Event: 427.549 Executing VM operation: ParallelGCFailedAllocation
Event: 427.550 Executing VM operation: ParallelGCFailedAllocation done
Event: 427.595 Executing VM operation: ParallelGCFailedAllocation
Event: 427.596 Executing VM operation: ParallelGCFailedAllocation done
Event: 427.639 Executing VM operation: ParallelGCFailedAllocation
Event: 427.640 Executing VM operation: ParallelGCFailedAllocation done
Event: 427.682 Executing VM operation: ParallelGCFailedAllocation
Event: 427.682 Executing VM operation: ParallelGCFailedAllocation done


Dynamic libraries:
0x000000013f890000 - 0x000000013f8c7000 	C:\Program Files\Java\jdk1.8.0_65\bin\java.exe
0x00000000774d0000 - 0x000000007767a000 	C:\Windows\SYSTEM32\ntdll.dll
0x00000000772b0000 - 0x00000000773cf000 	C:\Windows\system32\kernel32.dll
0x000007fefd370000 - 0x000007fefd3db000 	C:\Windows\system32\KERNELBASE.dll
0x000007feff110000 - 0x000007feff1eb000 	C:\Windows\system32\ADVAPI32.dll
0x000007fefe040000 - 0x000007fefe0df000 	C:\Windows\system32\msvcrt.dll
0x000007fefd910000 - 0x000007fefd92f000 	C:\Windows\SYSTEM32\sechost.dll
0x000007feff6b0000 - 0x000007feff7dd000 	C:\Windows\system32\RPCRT4.dll
0x00000000773d0000 - 0x00000000774ca000 	C:\Windows\system32\USER32.dll
0x000007feff430000 - 0x000007feff497000 	C:\Windows\system32\GDI32.dll
0x000007fefe0e0000 - 0x000007fefe0ee000 	C:\Windows\system32\LPK.dll
0x000007fefd930000 - 0x000007fefd9fa000 	C:\Windows\system32\USP10.dll
0x000007fefbb00000 - 0x000007fefbcf4000 	C:\Windows\WinSxS\amd64_microsoft.windows.common-controls_6595b64144ccf1df_6.0.7601.18837_none_fa3b1e3d17594757\COMCTL32.dll
0x000007feff200000 - 0x000007feff271000 	C:\Windows\system32\SHLWAPI.dll
0x000007fefd8e0000 - 0x000007fefd90e000 	C:\Windows\system32\IMM32.DLL
0x000007fefda00000 - 0x000007fefdb09000 	C:\Windows\system32\MSCTF.dll
0x0000000073230000 - 0x0000000073302000 	C:\Program Files\Java\jdk1.8.0_65\jre\bin\msvcr100.dll
0x0000000063520000 - 0x0000000063da9000 	C:\Program Files\Java\jdk1.8.0_65\jre\bin\server\jvm.dll
0x000007fef77a0000 - 0x000007fef77a9000 	C:\Windows\system32\WSOCK32.dll
0x000007fefd890000 - 0x000007fefd8dd000 	C:\Windows\system32\WS2_32.dll
0x000007feff1f0000 - 0x000007feff1f8000 	C:\Windows\system32\NSI.dll
0x000007fefa030000 - 0x000007fefa06b000 	C:\Windows\system32\WINMM.dll
0x000007fefc3b0000 - 0x000007fefc3bc000 	C:\Windows\system32\VERSION.dll
0x0000000077690000 - 0x0000000077697000 	C:\Windows\system32\PSAPI.DLL
0x00000000737e0000 - 0x00000000737ef000 	C:\Program Files\Java\jdk1.8.0_65\jre\bin\verify.dll
0x00000000737b0000 - 0x00000000737d9000 	C:\Program Files\Java\jdk1.8.0_65\jre\bin\java.dll
0x0000000073790000 - 0x00000000737a6000 	C:\Program Files\Java\jdk1.8.0_65\jre\bin\zip.dll
0x000007fefe380000 - 0x000007feff10a000 	C:\Windows\system32\SHELL32.dll
0x000007feff4a0000 - 0x000007feff6a3000 	C:\Windows\system32\ole32.dll
0x000007fefd250000 - 0x000007fefd25f000 	C:\Windows\system32\profapi.dll
0x0000000180000000 - 0x0000000180051000 	G:\OGPC 2016\OGPC 2016 Java\natives\lwjgl64.dll
0x000007fef3cb0000 - 0x000007fef3dcd000 	C:\Windows\system32\OPENGL32.dll
0x000007fef7300000 - 0x000007fef732d000 	C:\Windows\system32\GLU32.dll
0x000007fef24c0000 - 0x000007fef25b1000 	C:\Windows\system32\DDRAW.dll
0x000007fefa360000 - 0x000007fefa368000 	C:\Windows\system32\DCIMAN32.dll
0x000007fefd6b0000 - 0x000007fefd887000 	C:\Windows\system32\SETUPAPI.dll
0x000007fefd3e0000 - 0x000007fefd416000 	C:\Windows\system32\CFGMGR32.dll
0x000007fefdf60000 - 0x000007fefe038000 	C:\Windows\system32\OLEAUT32.dll
0x000007fefd270000 - 0x000007fefd28a000 	C:\Windows\system32\DEVOBJ.dll
0x000007fefa410000 - 0x000007fefa428000 	C:\Windows\system32\dwmapi.dll
0x000007fefbaa0000 - 0x000007fefbaf6000 	C:\Windows\system32\uxtheme.dll
0x00000000002a0000 - 0x00000000002e1000 	C:\Program Files (x86)\NetSupport\NetSupport School\pciappctrl64.dll
0x000007fef4f70000 - 0x000007fef5095000 	C:\Windows\system32\dbghelp.dll
0x000007fef5b70000 - 0x000007fef5b88000 	C:\Windows\system32\MPR.dll
0x0000000000340000 - 0x0000000000365000 	C:\Program Files (x86)\Common Files\NSL\NSCommonHook64.dll
0x000007feea9e0000 - 0x000007feeb213000 	C:\Windows\system32\ig7icd64.dll
0x000007feed520000 - 0x000007feed97f000 	C:\Windows\system32\igdusc64.dll
0x000007fefc100000 - 0x000007fefc111000 	C:\Windows\system32\WTSAPI32.dll
0x000007fefd0b0000 - 0x000007fefd0bf000 	C:\Windows\system32\CRYPTBASE.dll
0x000007feede00000 - 0x000007feede9c000 	C:\Windows\system32\mscms.dll
0x000007fefd350000 - 0x000007fefd36e000 	C:\Windows\system32\USERENV.dll
0x000007feedc70000 - 0x000007feedcb2000 	C:\Windows\system32\icm32.dll
0x0000000072b90000 - 0x0000000072d28000 	C:\Program Files\Java\jdk1.8.0_65\jre\bin\awt.dll
0x000007fefa440000 - 0x000007fefa44a000 	C:\Windows\System32\drprov.dll
0x000007fefd160000 - 0x000007fefd19d000 	C:\Windows\System32\WINSTA.dll
0x000007fefa270000 - 0x000007fefa292000 	C:\Windows\System32\ntlanman.dll
0x000007fef9fe0000 - 0x000007fef9ffd000 	C:\Windows\System32\davclnt.dll
0x000007fefa480000 - 0x000007fefa48a000 	C:\Windows\System32\DAVHLPR.dll
0x0000000073580000 - 0x00000000735c7000 	C:\Program Files\Java\jdk1.8.0_65\jre\bin\fontmanager.dll
0x00000000735f0000 - 0x000000007360a000 	C:\Program Files\Java\jdk1.8.0_65\jre\bin\net.dll
0x0000000002350000 - 0x0000000002374000 	C:\Program Files (x86)\Common Files\NSL\nslsp64.dll
0x000007fefc9f0000 - 0x000007fefca45000 	C:\Windows\system32\mswsock.dll
0x000007fefc9e0000 - 0x000007fefc9e7000 	C:\Windows\System32\wship6.dll
0x00000000735d0000 - 0x00000000735e1000 	C:\Program Files\Java\jdk1.8.0_65\jre\bin\nio.dll
0x0000000071f60000 - 0x0000000071fa2000 	C:\Program Files\Java\jdk1.8.0_65\jre\bin\t2k.dll

VM Arguments:
jvm_args: -Dfile.encoding=UTF-8 -Dorg.lwjgl.opengl.Display.allowSoftwareOpenGL=true 
java_command: invisibleman.Client
java_class_path (initial): G:\OGPC 2016\OGPC 2016 Java\lib\jfxrt.jar;G:\OGPC 2016\OGPC 2016 Java\lib\jinput.jar;G:\OGPC 2016\OGPC 2016 Java\lib\lwjgl.jar;G:\OGPC 2016\OGPC 2016 Java\lib\lwjgl_util.jar;G:\OGPC 2016\OGPC 2016 Java\lib\slick-util.jar;G:\OGPC 2016\OGPC 2016 Java\lib\protonpack-1.1.jar;G:\OGPC 2016\OGPC 2016 Java\lib\Forge.jar;G:\OGPC 2016\OGPC 2016 Java\build\classes
Launcher Type: SUN_STANDARD

Environment Variables:
PATH=C:\Program Files\Common Files\Microsoft Shared\Windows Live;C:\Program Files (x86)\Common Files\Microsoft Shared\Windows Live;C:\ProgramData\Oracle\Java\javapath;C:\Windows\system32;C:\Windows;C:\Windows\System32\Wbem;C:\Windows\System32\WindowsPowerShell\v1.0\;C:\Program Files\Intel\WiFi\bin\;C:\Program Files\Common Files\Intel\WirelessCommon\;C:\Program Files (x86)\Intel\OpenCL SDK\2.0\bin\x86;C:\Program Files (x86)\Intel\OpenCL SDK\2.0\bin\x64;C:\SWTOOLS\ReadyApps;C:\Program Files (x86)\QuickTime\QTSystem\;C:\Program Files (x86)\Windows Live\Shared;C:\Program Files\Intel\WiFi\bin\;C:\Program Files\Common Files\Intel\WirelessCommon\
USERNAME=isedgewick17
OS=Windows_NT
PROCESSOR_IDENTIFIER=Intel64 Family 6 Model 58 Stepping 9, GenuineIntel



---------------  S Y S T E M  ---------------

OS: Windows 7 , 64 bit Build 7601 (6.1.7601.19160)

CPU:total 4 (2 cores per cpu, 2 threads per core) family 6 model 58 stepping 9, cmov, cx8, fxsr, mmx, sse, sse2, sse3, ssse3, sse4.1, sse4.2, popcnt, avx, clmul, erms, ht, tsc, tscinvbit, tscinv

Memory: 4k page, physical 8186072k(5232844k free), swap 16370308k(12483724k free)

vm_info: Java HotSpot(TM) 64-Bit Server VM (25.65-b01) for windows-amd64 JRE (1.8.0_65-b17), built on Oct  6 2015 16:39:20 by "java_re" with MS VC++ 10.0 (VS2010)

time: Tue Apr 19 14:53:42 2016
elapsed time: 427 seconds (0d 0h 7m 7s)

