#
# A fatal error has been detected by the Java Runtime Environment:
#
#  EXCEPTION_ACCESS_VIOLATION (0xc0000005) at pc=0x000000001aadd184, pid=10072, tid=9848
#
# JRE version: Java(TM) SE Runtime Environment (8.0_51-b16) (build 1.8.0_51-b16)
# Java VM: Java HotSpot(TM) 64-Bit Server VM (25.51-b03 mixed mode windows-amd64 compressed oops)
# Problematic frame:
# C  [ig7icd64.dll+0x1d184]
#
# Failed to write core dump. Minidumps are not enabled by default on client versions of Windows
#
# If you would like to submit a bug report, please visit:
#   http://bugreport.java.com/bugreport/crash.jsp
# The crash happened outside the Java Virtual Machine in native code.
# See problematic frame for where to report the bug.
#

---------------  T H R E A D  ---------------

Current thread (0x000000000248d800):  JavaThread "main" [_thread_in_native, id=9848, stack(0x00000000021e0000,0x00000000022e0000)]

siginfo: ExceptionCode=0xc0000005, writing address 0x000000001a94a000

Registers:
RAX=0x0000000000000001, RBX=0x000000001b27e500, RCX=0x000000001a94a010, RDX=0x000000001f76cac0
RSP=0x00000000022dee30, RBP=0x0000000000000000, RSI=0x000000001c725eb0, RDI=0x000000001f76c760
R8 =0x0000000000000020, R9 =0x0000000000000000, R10=0x0000000000000001, R11=0x0000000000000002
R12=0x0000000000000000, R13=0x000000001c8aadd0, R14=0x000000001c727bc0, R15=0x0000000000000000
RIP=0x000000001aadd184, EFLAGS=0x0000000000010206

Top of Stack: (sp=0x00000000022dee30)
0x00000000022dee30:   000000001b26eed0 00000000d8eef670
0x00000000022dee40:   000000001b28b920 000000001aed8b5e
0x00000000022dee50:   000000001b27e500 00000000022def90
0x00000000022dee60:   000000000248d800 dff6a430828985b0
0x00000000022dee70:   0000000100011300 000000001ace0ac8
0x00000000022dee80:   000000001b27e500 3ff0000000000000
0x00000000022dee90:   0000000016ed9c60 00000000d8eef670
0x00000000022deea0:   00000000dff6a430 00000000dff6b7a8
0x00000000022deeb0:   000000001f76cab0 0000000000000000
0x00000000022deec0:   0000000000000000 0000000000000000
0x00000000022deed0:   000000001f6663a0 0000000000000002
0x00000000022deee0:   0000000000000002 000000001f752a70
0x00000000022deef0:   000000001b27e500 000000001f76c8bc
0x00000000022def00:   000000001f76c760 000000001ad12a54
0x00000000022def10:   00000000022defa9 000000001c90d901
0x00000000022def20:   000000001f76c8bc 0000000000000000 

Instructions: (pc=0x000000001aadd184)
0x000000001aadd164:   d1 49 c1 eb 04 4d 85 db 0f 84 24 02 00 00 f3 0f
0x000000001aadd174:   6f 02 41 ff c2 48 83 c1 10 41 8b c2 48 83 c2 10
0x000000001aadd184:   f3 0f 7f 41 f0 49 3b c3 72 e4 e9 03 02 00 00 48
0x000000001aadd194:   89 7c 24 40 8b f9 83 e7 0f 74 68 48 89 5c 24 50 


Register to memory mapping:

RAX=0x0000000000000001 is an unknown value
RBX=0x000000001b27e500 is an unknown value
RCX=0x000000001a94a010 is an unknown value
RDX=0x000000001f76cac0 is an unknown value
RSP=0x00000000022dee30 is pointing into the stack for thread: 0x000000000248d800
RBP=0x0000000000000000 is an unknown value
RSI=0x000000001c725eb0 is an unknown value
RDI=0x000000001f76c760 is an unknown value
R8 =0x0000000000000020 is an unknown value
R9 =0x0000000000000000 is an unknown value
R10=0x0000000000000001 is an unknown value
R11=0x0000000000000002 is an unknown value
R12=0x0000000000000000 is an unknown value
R13=0x000000001c8aadd0 is an unknown value
R14=0x000000001c727bc0 is an unknown value
R15=0x0000000000000000 is an unknown value


Stack: [0x00000000021e0000,0x00000000022e0000],  sp=0x00000000022dee30,  free space=1019k
Native frames: (J=compiled Java code, j=interpreted, Vv=VM code, C=native code)

Java frames: (J=compiled Java code, j=interpreted, Vv=VM code)
J 1613  org.lwjgl.opengl.GL11.nglCallList(IJ)V (0 bytes) @ 0x0000000002a1f6c4 [0x0000000002a1f680+0x44]
J 1719 C2 map.CubeMap$$Lambda$102.accept(Ljava/lang/Object;Ljava/lang/Object;)V (12 bytes) @ 0x0000000002a67c18 [0x0000000002a67b00+0x118]
J 1557 C2 util.Util$$Lambda$68.accept(Ljava/lang/Object;)V (20 bytes) @ 0x000000000299f848 [0x000000000299f760+0xe8]
J 1302 C2 util.Util.forRange(IILjava/util/function/Consumer;)V (24 bytes) @ 0x00000000028f13e0 [0x00000000028f10e0+0x300]
J 1950 C1 map.CubeMap.drawAll()V (49 bytes) @ 0x0000000002b36fc4 [0x0000000002b35e60+0x1164]
J 1948 C1 invisibleman.Server$$Lambda$51.run()V (4 bytes) @ 0x0000000002b3187c [0x0000000002b317c0+0xbc]
J 1988 C2 engine.EventStream$$Lambda$24.accept(Ljava/lang/Object;)V (12 bytes) @ 0x0000000002b4d09c [0x0000000002b4d040+0x5c]
J 1753 C2 java.util.ArrayList.forEach(Ljava/util/function/Consumer;)V (75 bytes) @ 0x0000000002a83550 [0x0000000002a829e0+0xb70]
J 2024 C2 engine.EventStream.sendEvent()V (27 bytes) @ 0x0000000002b6ec2c [0x0000000002b6e940+0x2ec]
J 2074 C2 engine.Core$$Lambda$99.accept(Ljava/lang/Object;)V (8 bytes) @ 0x0000000002590f24 [0x0000000002590ee0+0x44]
J 2054 C2 java.lang.Iterable.forEach(Ljava/util/function/Consumer;)V (39 bytes) @ 0x0000000002b7ba7c [0x0000000002b7b9e0+0x9c]
J 1607% C2 engine.Core.run()V (114 bytes) @ 0x0000000002a1fb28 [0x0000000002a1fa60+0xc8]
j  invisibleman.Server.runGraphicalInterface()V+302
j  invisibleman.Server.main([Ljava/lang/String;)V+11
v  ~StubRoutines::call_stub

---------------  P R O C E S S  ---------------

Java Threads: ( => current thread )
  0x00000000219ac800 JavaThread "Thread-3" [_thread_in_native, id=7324, stack(0x000000001b9c0000,0x000000001bac0000)]
  0x000000001a302800 JavaThread "AWT-Windows" daemon [_thread_in_native, id=11820, stack(0x000000001f530000,0x000000001f630000)]
  0x000000001a428000 JavaThread "Java2D Disposer" daemon [_thread_blocked, id=12072, stack(0x000000001f330000,0x000000001f430000)]
  0x000000001974f000 JavaThread "Thread-0" [_thread_in_native, id=5460, stack(0x0000000019fa0000,0x000000001a0a0000)]
  0x000000001945d000 JavaThread "Service Thread" daemon [_thread_blocked, id=7360, stack(0x0000000019da0000,0x0000000019ea0000)]
  0x00000000193da000 JavaThread "C1 CompilerThread3" daemon [_thread_blocked, id=1484, stack(0x0000000019ca0000,0x0000000019da0000)]
  0x00000000193d7000 JavaThread "C2 CompilerThread2" daemon [_thread_blocked, id=9336, stack(0x0000000019ba0000,0x0000000019ca0000)]
  0x00000000193c2800 JavaThread "C2 CompilerThread1" daemon [_thread_blocked, id=9632, stack(0x0000000019aa0000,0x0000000019ba0000)]
  0x00000000193d3800 JavaThread "C2 CompilerThread0" daemon [_thread_blocked, id=8852, stack(0x00000000199a0000,0x0000000019aa0000)]
  0x00000000193d1000 JavaThread "Attach Listener" daemon [_thread_blocked, id=10524, stack(0x00000000198a0000,0x00000000199a0000)]
  0x00000000193cf800 JavaThread "Signal Dispatcher" daemon [_thread_blocked, id=10580, stack(0x00000000197a0000,0x00000000198a0000)]
  0x00000000023f9000 JavaThread "Finalizer" daemon [_thread_blocked, id=11824, stack(0x00000000192a0000,0x00000000193a0000)]
  0x00000000173cd000 JavaThread "Reference Handler" daemon [_thread_blocked, id=6540, stack(0x00000000191a0000,0x00000000192a0000)]
=>0x000000000248d800 JavaThread "main" [_thread_in_native, id=9848, stack(0x00000000021e0000,0x00000000022e0000)]

Other Threads:
  0x00000000173c8800 VMThread [stack: 0x00000000190a0000,0x00000000191a0000] [id=11020]
  0x00000000193f0800 WatcherThread [stack: 0x0000000019ea0000,0x0000000019fa0000] [id=11240]

VM state:not at safepoint (normal execution)

VM Mutex/Monitor currently owned by a thread: None

Heap:
 PSYoungGen      total 310784K, used 164454K [0x00000000d6000000, 0x00000000fa500000, 0x0000000100000000)
  eden space 309248K, 53% used [0x00000000d6000000,0x00000000e0049b78,0x00000000e8e00000)
  from space 1536K, 20% used [0x00000000fa200000,0x00000000fa250000,0x00000000fa380000)
  to   space 1024K, 0% used [0x00000000fa400000,0x00000000fa400000,0x00000000fa500000)
 ParOldGen       total 86016K, used 11899K [0x0000000082000000, 0x0000000087400000, 0x00000000d6000000)
  object space 86016K, 13% used [0x0000000082000000,0x0000000082b9ec48,0x0000000087400000)
 Metaspace       used 11005K, capacity 11719K, committed 11904K, reserved 1060864K
  class space    used 1146K, capacity 1306K, committed 1408K, reserved 1048576K

Card table byte_map: [0x0000000011850000,0x0000000011c50000] byte_map_base: 0x0000000011440000

Marking Bits: (ParMarkBitMap*) 0x0000000058f24040
 Begin Bits: [0x00000000126f0000, 0x0000000014670000)
 End Bits:   [0x0000000014670000, 0x00000000165f0000)

Polling page: 0x0000000000aa0000

CodeCache: size=245760Kb used=7399Kb max_used=7406Kb free=238360Kb
 bounds [0x0000000002490000, 0x0000000002bd0000, 0x0000000011490000]
 total_blobs=2711 nmethods=2140 adapters=484
 compilation: enabled

Compilation events (10 events):
Event: 39.105 Thread 0x00000000193da000 2155       3       sun.misc.PerfCounter::addElapsedTimeFrom (10 bytes)
Event: 39.106 Thread 0x00000000193da000 nmethod 2155 0x0000000002bc9410 code [0x0000000002bc95c0, 0x0000000002bc9d18]
Event: 43.977 Thread 0x00000000193d7000 2156       4       java.lang.ThreadLocal::get (38 bytes)
Event: 43.979 Thread 0x00000000193d7000 nmethod 2156 0x0000000002bb6fd0 code [0x0000000002bb7120, 0x0000000002bb7278]
Event: 50.131 Thread 0x00000000193c2800 2157       4       util.Util::forRange (15 bytes)
Event: 50.131 Thread 0x00000000193da000 2158       3       util.Vec3::perComponent (65 bytes)
Event: 50.132 Thread 0x00000000193da000 nmethod 2158 0x0000000002bcb390 code [0x0000000002bcb5e0, 0x0000000002bcc5e8]
Event: 50.133 Thread 0x00000000193d3800 2159       4       util.Vec3::perComponent (65 bytes)
Event: 50.136 Thread 0x00000000193c2800 nmethod 2157 0x0000000002bca890 code [0x0000000002bca9e0, 0x0000000002bcadf8]
Event: 50.144 Thread 0x00000000193d3800 nmethod 2159 0x0000000002bcd950 code [0x0000000002bcdb60, 0x0000000002bce518]

GC Heap History (10 events):
Event: 4.980 GC heap before
{Heap before GC invocations=45 (full 0):
 PSYoungGen      total 237568K, used 237152K [0x00000000d6000000, 0x00000000fa700000, 0x0000000100000000)
  eden space 237056K, 100% used [0x00000000d6000000,0x00000000e4780000,0x00000000e4780000)
  from space 512K, 18% used [0x00000000fa680000,0x00000000fa698000,0x00000000fa700000)
  to   space 1536K, 0% used [0x00000000fa400000,0x00000000fa400000,0x00000000fa580000)
 ParOldGen       total 86016K, used 11883K [0x0000000082000000, 0x0000000087400000, 0x00000000d6000000)
  object space 86016K, 13% used [0x0000000082000000,0x0000000082b9ac48,0x0000000087400000)
 Metaspace       used 10402K, capacity 10951K, committed 11008K, reserved 1058816K
  class space    used 1081K, capacity 1238K, committed 1280K, reserved 1048576K
Event: 4.980 GC heap after
Heap after GC invocations=45 (full 0):
 PSYoungGen      total 228352K, used 128K [0x00000000d6000000, 0x00000000fa700000, 0x0000000100000000)
  eden space 226816K, 0% used [0x00000000d6000000,0x00000000d6000000,0x00000000e3d80000)
  from space 1536K, 8% used [0x00000000fa400000,0x00000000fa420000,0x00000000fa580000)
  to   space 1536K, 0% used [0x00000000fa580000,0x00000000fa580000,0x00000000fa700000)
 ParOldGen       total 86016K, used 11883K [0x0000000082000000, 0x0000000087400000, 0x00000000d6000000)
  object space 86016K, 13% used [0x0000000082000000,0x0000000082b9ac48,0x0000000087400000)
 Metaspace       used 10402K, capacity 10951K, committed 11008K, reserved 1058816K
  class space    used 1081K, capacity 1238K, committed 1280K, reserved 1048576K
}
Event: 5.031 GC heap before
{Heap before GC invocations=46 (full 0):
 PSYoungGen      total 228352K, used 226944K [0x00000000d6000000, 0x00000000fa700000, 0x0000000100000000)
  eden space 226816K, 100% used [0x00000000d6000000,0x00000000e3d80000,0x00000000e3d80000)
  from space 1536K, 8% used [0x00000000fa400000,0x00000000fa420000,0x00000000fa580000)
  to   space 1536K, 0% used [0x00000000fa580000,0x00000000fa580000,0x00000000fa700000)
 ParOldGen       total 86016K, used 11883K [0x0000000082000000, 0x0000000087400000, 0x00000000d6000000)
  object space 86016K, 13% used [0x0000000082000000,0x0000000082b9ac48,0x0000000087400000)
 Metaspace       used 10402K, capacity 10951K, committed 11008K, reserved 1058816K
  class space    used 1081K, capacity 1238K, committed 1280K, reserved 1048576K
Event: 5.032 GC heap after
Heap after GC invocations=46 (full 0):
 PSYoungGen      total 217600K, used 32K [0x00000000d6000000, 0x00000000fa600000, 0x0000000100000000)
  eden space 217088K, 0% used [0x00000000d6000000,0x00000000d6000000,0x00000000e3400000)
  from space 512K, 6% used [0x00000000fa580000,0x00000000fa588000,0x00000000fa600000)
  to   space 1536K, 0% used [0x00000000fa300000,0x00000000fa300000,0x00000000fa480000)
 ParOldGen       total 86016K, used 11883K [0x0000000082000000, 0x0000000087400000, 0x00000000d6000000)
  object space 86016K, 13% used [0x0000000082000000,0x0000000082b9ac48,0x0000000087400000)
 Metaspace       used 10402K, capacity 10951K, committed 11008K, reserved 1058816K
  class space    used 1081K, capacity 1238K, committed 1280K, reserved 1048576K
}
Event: 5.078 GC heap before
{Heap before GC invocations=47 (full 0):
 PSYoungGen      total 217600K, used 217120K [0x00000000d6000000, 0x00000000fa600000, 0x0000000100000000)
  eden space 217088K, 100% used [0x00000000d6000000,0x00000000e3400000,0x00000000e3400000)
  from space 512K, 6% used [0x00000000fa580000,0x00000000fa588000,0x00000000fa600000)
  to   space 1536K, 0% used [0x00000000fa300000,0x00000000fa300000,0x00000000fa480000)
 ParOldGen       total 86016K, used 11883K [0x0000000082000000, 0x0000000087400000, 0x00000000d6000000)
  object space 86016K, 13% used [0x0000000082000000,0x0000000082b9ac48,0x0000000087400000)
 Metaspace       used 10402K, capacity 10951K, committed 11008K, reserved 1058816K
  class space    used 1081K, capacity 1238K, committed 1280K, reserved 1048576K
Event: 5.079 GC heap after
Heap after GC invocations=47 (full 0):
 PSYoungGen      total 266752K, used 128K [0x00000000d6000000, 0x00000000fa600000, 0x0000000100000000)
  eden space 265216K, 0% used [0x00000000d6000000,0x00000000d6000000,0x00000000e6300000)
  from space 1536K, 8% used [0x00000000fa300000,0x00000000fa320000,0x00000000fa480000)
  to   space 1536K, 0% used [0x00000000fa480000,0x00000000fa480000,0x00000000fa600000)
 ParOldGen       total 86016K, used 11891K [0x0000000082000000, 0x0000000087400000, 0x00000000d6000000)
  object space 86016K, 13% used [0x0000000082000000,0x0000000082b9cc48,0x0000000087400000)
 Metaspace       used 10402K, capacity 10951K, committed 11008K, reserved 1058816K
  class space    used 1081K, capacity 1238K, committed 1280K, reserved 1048576K
}
Event: 5.139 GC heap before
{Heap before GC invocations=48 (full 0):
 PSYoungGen      total 266752K, used 265344K [0x00000000d6000000, 0x00000000fa600000, 0x0000000100000000)
  eden space 265216K, 100% used [0x00000000d6000000,0x00000000e6300000,0x00000000e6300000)
  from space 1536K, 8% used [0x00000000fa300000,0x00000000fa320000,0x00000000fa480000)
  to   space 1536K, 0% used [0x00000000fa480000,0x00000000fa480000,0x00000000fa600000)
 ParOldGen       total 86016K, used 11891K [0x0000000082000000, 0x0000000087400000, 0x00000000d6000000)
  object space 86016K, 13% used [0x0000000082000000,0x0000000082b9cc48,0x0000000087400000)
 Metaspace       used 10402K, capacity 10951K, committed 11008K, reserved 1058816K
  class space    used 1081K, capacity 1238K, committed 1280K, reserved 1048576K
Event: 5.140 GC heap after
Heap after GC invocations=48 (full 0):
 PSYoungGen      total 324096K, used 160K [0x00000000d6000000, 0x00000000fa500000, 0x0000000100000000)
  eden space 323584K, 0% used [0x00000000d6000000,0x00000000d6000000,0x00000000e9c00000)
  from space 512K, 31% used [0x00000000fa480000,0x00000000fa4a8000,0x00000000fa500000)
  to   space 1536K, 0% used [0x00000000fa200000,0x00000000fa200000,0x00000000fa380000)
 ParOldGen       total 86016K, used 11891K [0x0000000082000000, 0x0000000087400000, 0x00000000d6000000)
  object space 86016K, 13% used [0x0000000082000000,0x0000000082b9cc48,0x0000000087400000)
 Metaspace       used 10402K, capacity 10951K, committed 11008K, reserved 1058816K
  class space    used 1081K, capacity 1238K, committed 1280K, reserved 1048576K
}
Event: 18.010 GC heap before
{Heap before GC invocations=49 (full 0):
 PSYoungGen      total 324096K, used 323744K [0x00000000d6000000, 0x00000000fa500000, 0x0000000100000000)
  eden space 323584K, 100% used [0x00000000d6000000,0x00000000e9c00000,0x00000000e9c00000)
  from space 512K, 31% used [0x00000000fa480000,0x00000000fa4a8000,0x00000000fa500000)
  to   space 1536K, 0% used [0x00000000fa200000,0x00000000fa200000,0x00000000fa380000)
 ParOldGen       total 86016K, used 11891K [0x0000000082000000, 0x0000000087400000, 0x00000000d6000000)
  object space 86016K, 13% used [0x0000000082000000,0x0000000082b9cc48,0x0000000087400000)
 Metaspace       used 10875K, capacity 11527K, committed 11904K, reserved 1060864K
  class space    used 1125K, capacity 1284K, committed 1408K, reserved 1048576K
Event: 18.011 GC heap after
Heap after GC invocations=49 (full 0):
 PSYoungGen      total 310784K, used 320K [0x00000000d6000000, 0x00000000fa500000, 0x0000000100000000)
  eden space 309248K, 0% used [0x00000000d6000000,0x00000000d6000000,0x00000000e8e00000)
  from space 1536K, 20% used [0x00000000fa200000,0x00000000fa250000,0x00000000fa380000)
  to   space 1024K, 0% used [0x00000000fa400000,0x00000000fa400000,0x00000000fa500000)
 ParOldGen       total 86016K, used 11899K [0x0000000082000000, 0x0000000087400000, 0x00000000d6000000)
  object space 86016K, 13% used [0x0000000082000000,0x0000000082b9ec48,0x0000000087400000)
 Metaspace       used 10875K, capacity 11527K, committed 11904K, reserved 1060864K
  class space    used 1125K, capacity 1284K, committed 1408K, reserved 1048576K
}

Deoptimization events (10 events):
Event: 50.079 Thread 0x00000000219ac800 Uncommon trap: reason=class_check action=maybe_recompile pc=0x0000000002883c28 method=java.io.DataInputStream.readFully([BII)V @ 34
Event: 50.079 Thread 0x00000000219ac800 Uncommon trap: reason=class_check action=maybe_recompile pc=0x0000000002883c28 method=java.io.DataInputStream.readFully([BII)V @ 34
Event: 50.079 Thread 0x00000000219ac800 Uncommon trap: reason=class_check action=maybe_recompile pc=0x0000000002883c28 method=java.io.DataInputStream.readFully([BII)V @ 34
Event: 50.104 Thread 0x000000000248d800 Uncommon trap: reason=bimorphic action=maybe_recompile pc=0x0000000002b3e640 method=util.Vec3.perComponent(Ljava/util/function/UnaryOperator;)Lutil/Vec3; @ 12
Event: 50.104 Thread 0x000000000248d800 Uncommon trap: reason=bimorphic action=maybe_recompile pc=0x0000000002b3e640 method=util.Vec3.perComponent(Ljava/util/function/UnaryOperator;)Lutil/Vec3; @ 12
Event: 50.104 Thread 0x000000000248d800 Uncommon trap: reason=bimorphic action=maybe_recompile pc=0x0000000002b3e640 method=util.Vec3.perComponent(Ljava/util/function/UnaryOperator;)Lutil/Vec3; @ 12
Event: 50.104 Thread 0x000000000248d800 Uncommon trap: reason=bimorphic action=maybe_recompile pc=0x0000000002b3e640 method=util.Vec3.perComponent(Ljava/util/function/UnaryOperator;)Lutil/Vec3; @ 12
Event: 50.104 Thread 0x000000000248d800 Uncommon trap: reason=bimorphic action=maybe_recompile pc=0x0000000002ac4138 method=java.util.Collection.stream()Ljava/util/stream/Stream; @ 1
Event: 50.127 Thread 0x000000000248d800 Uncommon trap: reason=bimorphic action=maybe_recompile pc=0x0000000002979ac4 method=java.util.stream.StreamOpFlag.fromCharacteristics(Ljava/util/Spliterator;)I @ 1
Event: 50.128 Thread 0x000000000248d800 Uncommon trap: reason=bimorphic action=maybe_recompile pc=0x0000000002a4af24 method=java.util.stream.AbstractPipeline.copyInto(Ljava/util/stream/Sink;Ljava/util/Spliterator;)V @ 20

Internal exceptions (10 events):
Event: 0.084 Thread 0x000000000248d800 Exception <a 'java/security/PrivilegedActionException'> (0x00000000d61fc798) thrown at [C:\re\workspace\8-2-build-windows-amd64-cygwin\jdk8u51\3951\hotspot\src\share\vm\prims\jvm.cpp, line 1382]
Event: 0.084 Thread 0x000000000248d800 Exception <a 'java/security/PrivilegedActionException'> (0x00000000d61fc950) thrown at [C:\re\workspace\8-2-build-windows-amd64-cygwin\jdk8u51\3951\hotspot\src\share\vm\prims\jvm.cpp, line 1382]
Event: 0.139 Thread 0x000000000248d800 Exception <a 'java/lang/NoSuchFieldError': method resolution failed> (0x00000000d62ec5f8) thrown at [C:\re\workspace\8-2-build-windows-amd64-cygwin\jdk8u51\3951\hotspot\src\share\vm\prims\methodHandles.cpp, line 1125]
Event: 0.142 Thread 0x000000000248d800 Exception <a 'java/lang/NoSuchFieldError': method resolution failed> (0x00000000d62fad18) thrown at [C:\re\workspace\8-2-build-windows-amd64-cygwin\jdk8u51\3951\hotspot\src\share\vm\prims\methodHandles.cpp, line 1125]
Event: 0.377 Thread 0x000000000248d800 Exception <a 'java/security/PrivilegedActionException'> (0x00000000d67cd170) thrown at [C:\re\workspace\8-2-build-windows-amd64-cygwin\jdk8u51\3951\hotspot\src\share\vm\prims\jvm.cpp, line 1382]
Event: 0.377 Thread 0x000000000248d800 Exception <a 'java/security/PrivilegedActionException'> (0x00000000d67cd328) thrown at [C:\re\workspace\8-2-build-windows-amd64-cygwin\jdk8u51\3951\hotspot\src\share\vm\prims\jvm.cpp, line 1382]
Event: 0.378 Thread 0x000000000248d800 Exception <a 'java/security/PrivilegedActionException'> (0x00000000d67d1250) thrown at [C:\re\workspace\8-2-build-windows-amd64-cygwin\jdk8u51\3951\hotspot\src\share\vm\prims\jvm.cpp, line 1382]
Event: 0.378 Thread 0x000000000248d800 Exception <a 'java/security/PrivilegedActionException'> (0x00000000d67d1408) thrown at [C:\re\workspace\8-2-build-windows-amd64-cygwin\jdk8u51\3951\hotspot\src\share\vm\prims\jvm.cpp, line 1382]
Event: 0.381 Thread 0x000000000248d800 Exception <a 'java/io/FileNotFoundException'> (0x00000000d67d4fd8) thrown at [C:\re\workspace\8-2-build-windows-amd64-cygwin\jdk8u51\3951\hotspot\src\share\vm\prims\jni.cpp, line 709]
Event: 0.405 Thread 0x000000000248d800 Exception <a 'java/io/FileNotFoundException'> (0x00000000d6812ec0) thrown at [C:\re\workspace\8-2-build-windows-amd64-cygwin\jdk8u51\3951\hotspot\src\share\vm\prims\jni.cpp, line 709]

Events (10 events):
Event: 50.128 loading class invisibleman/Server$ClientInfo done
Event: 50.128 loading class invisibleman/Server$ClientInfo
Event: 50.128 loading class invisibleman/Server$ClientInfo done
Event: 50.128 loading class invisibleman/MessageType
Event: 50.128 loading class invisibleman/MessageType done
Event: 50.128 loading class invisibleman/MessageType
Event: 50.128 loading class invisibleman/MessageType done
Event: 50.128 Thread 0x000000000248d800 Uncommon trap: trap_request=0xffffffc6 fr.pc=0x0000000002a4af24
Event: 50.128 Thread 0x000000000248d800 DEOPT PACKING pc=0x0000000002a4af24 sp=0x00000000022df000
Event: 50.128 Thread 0x000000000248d800 DEOPT UNPACKING pc=0x00000000024d582a sp=0x00000000022def70 mode 2


Dynamic libraries:
0x00007ff6687b0000 - 0x00007ff6687e7000 	C:\Program Files\Java\jdk1.8.0_51\bin\java.exe
0x00007ffae4ee0000 - 0x00007ffae508d000 	C:\WINDOWS\SYSTEM32\ntdll.dll
0x00007ffae2600000 - 0x00007ffae273e000 	C:\WINDOWS\system32\KERNEL32.DLL
0x00007ffae21b0000 - 0x00007ffae22c5000 	C:\WINDOWS\system32\KERNELBASE.dll
0x00007ffae0bd0000 - 0x00007ffae0c5e000 	C:\WINDOWS\system32\apphelp.dll
0x00007ffad1020000 - 0x00007ffad1073000 	C:\WINDOWS\AppPatch\AppPatch64\AcGenral.DLL
0x00007ffae2ea0000 - 0x00007ffae2f4a000 	C:\WINDOWS\system32\msvcrt.dll
0x00007ffae1e80000 - 0x00007ffae1eae000 	C:\WINDOWS\SYSTEM32\SspiCli.dll
0x00007ffae29f0000 - 0x00007ffae2a44000 	C:\WINDOWS\system32\SHLWAPI.dll
0x00007ffae27b0000 - 0x00007ffae2927000 	C:\WINDOWS\system32\USER32.dll
0x00007ffae4870000 - 0x00007ffae4a04000 	C:\WINDOWS\system32\ole32.dll
0x00007ffae32b0000 - 0x00007ffae47da000 	C:\WINDOWS\system32\SHELL32.dll
0x00007ffae15d0000 - 0x00007ffae15f1000 	C:\WINDOWS\SYSTEM32\USERENV.dll
0x00007ffae2ab0000 - 0x00007ffae2b5a000 	C:\WINDOWS\system32\ADVAPI32.dll
0x00007ffad4490000 - 0x00007ffad44ae000 	C:\WINDOWS\SYSTEM32\MPR.dll
0x00007ffae4d90000 - 0x00007ffae4ed1000 	C:\WINDOWS\system32\RPCRT4.dll
0x00007ffae25a0000 - 0x00007ffae25f9000 	C:\WINDOWS\SYSTEM32\sechost.dll
0x00007ffae4b70000 - 0x00007ffae4d81000 	C:\WINDOWS\SYSTEM32\combase.dll
0x00007ffae2d50000 - 0x00007ffae2ea0000 	C:\WINDOWS\system32\GDI32.dll
0x00007ffae2030000 - 0x00007ffae2045000 	C:\WINDOWS\SYSTEM32\profapi.dll
0x00007ffae0ac0000 - 0x00007ffae0b72000 	C:\WINDOWS\SYSTEM32\SHCORE.dll
0x00007ffae2560000 - 0x00007ffae2596000 	C:\WINDOWS\system32\IMM32.DLL
0x00007ffae4a10000 - 0x00007ffae4b62000 	C:\WINDOWS\system32\MSCTF.dll
0x00007ffadfbf0000 - 0x00007ffadfe6b000 	C:\WINDOWS\WinSxS\amd64_microsoft.windows.common-controls_6595b64144ccf1df_6.0.9600.18006_none_623f33d3ecbe86e8\COMCTL32.dll
0x0000000058640000 - 0x0000000058712000 	C:\Program Files\Java\jdk1.8.0_51\jre\bin\msvcr100.dll
0x0000000058720000 - 0x0000000058fa3000 	C:\Program Files\Java\jdk1.8.0_51\jre\bin\server\jvm.dll
0x00007ffad3810000 - 0x00007ffad3819000 	C:\WINDOWS\SYSTEM32\WSOCK32.dll
0x00007ffaddee0000 - 0x00007ffaddf02000 	C:\WINDOWS\SYSTEM32\WINMM.dll
0x00007ffadf3c0000 - 0x00007ffadf3ca000 	C:\WINDOWS\SYSTEM32\VERSION.dll
0x00007ffae2b60000 - 0x00007ffae2b67000 	C:\WINDOWS\system32\PSAPI.DLL
0x00007ffae4810000 - 0x00007ffae486a000 	C:\WINDOWS\system32\WS2_32.dll
0x00007ffaddeb0000 - 0x00007ffaddeda000 	C:\WINDOWS\SYSTEM32\WINMMBASE.dll
0x00007ffae47f0000 - 0x00007ffae47f9000 	C:\WINDOWS\system32\NSI.dll
0x00007ffae22d0000 - 0x00007ffae231f000 	C:\WINDOWS\SYSTEM32\cfgmgr32.dll
0x00007ffae0e20000 - 0x00007ffae0e48000 	C:\WINDOWS\SYSTEM32\DEVOBJ.dll
0x00000000585f0000 - 0x00000000585ff000 	C:\Program Files\Java\jdk1.8.0_51\jre\bin\verify.dll
0x00000000585c0000 - 0x00000000585e9000 	C:\Program Files\Java\jdk1.8.0_51\jre\bin\java.dll
0x00000000585a0000 - 0x00000000585b6000 	C:\Program Files\Java\jdk1.8.0_51\jre\bin\zip.dll
0x0000000058580000 - 0x000000005859a000 	C:\Program Files\Java\jdk1.8.0_51\jre\bin\net.dll
0x00007ffae1840000 - 0x00007ffae1899000 	C:\WINDOWS\system32\mswsock.dll
0x0000000180000000 - 0x0000000180051000 	C:\Users\Rory\Desktop\Programs\Current Projects\OGPC 2016 Java\natives\lwjgl64.dll
0x00007ffad0000000 - 0x00007ffad012b000 	C:\WINDOWS\SYSTEM32\OPENGL32.dll
0x00007ffadafb0000 - 0x00007ffadafde000 	C:\WINDOWS\SYSTEM32\GLU32.dll
0x00007ffadafe0000 - 0x00007ffadb0d8000 	C:\WINDOWS\SYSTEM32\DDRAW.dll
0x00007ffaddd40000 - 0x00007ffaddd49000 	C:\WINDOWS\SYSTEM32\DCIMAN32.dll
0x00007ffae0ca0000 - 0x00007ffae0dc9000 	C:\WINDOWS\system32\uxtheme.dll
0x00007ffadfe70000 - 0x00007ffadfe91000 	C:\WINDOWS\system32\dwmapi.dll
0x00007ffad3ea0000 - 0x00007ffad3ecc000 	C:\WINDOWS\SYSTEM32\nvoglshim64.dll
0x000000001aac0000 - 0x000000001b23e000 	C:\WINDOWS\system32\ig7icd64.dll
0x00007ffade1c0000 - 0x00007ffade600000 	C:\WINDOWS\SYSTEM32\igdusc64.dll
0x00007ffae0e70000 - 0x00007ffae0e7b000 	C:\WINDOWS\SYSTEM32\kernel.appcore.dll
0x00007ffae1f20000 - 0x00007ffae1f2b000 	C:\WINDOWS\SYSTEM32\CRYPTBASE.dll
0x00007ffae1eb0000 - 0x00007ffae1f13000 	C:\WINDOWS\SYSTEM32\bcryptPrimitives.dll
0x00007ffadd500000 - 0x00007ffadd592000 	C:\WINDOWS\SYSTEM32\mscms.dll
0x00007ffad0fd0000 - 0x00007ffad1011000 	C:\WINDOWS\SYSTEM32\icm32.dll
0x00007ffae1fd0000 - 0x00007ffae2016000 	C:\WINDOWS\SYSTEM32\powrprof.dll
0x00000000583c0000 - 0x0000000058558000 	C:\Program Files\Java\jdk1.8.0_51\jre\bin\awt.dll
0x00007ffae3120000 - 0x00007ffae31e1000 	C:\WINDOWS\system32\OLEAUT32.dll
0x0000000058370000 - 0x00000000583b7000 	C:\Program Files\Java\jdk1.8.0_51\jre\bin\fontmanager.dll
0x0000000058560000 - 0x0000000058571000 	C:\Program Files\Java\jdk1.8.0_51\jre\bin\nio.dll
0x0000000058320000 - 0x0000000058362000 	C:\Program Files\Java\jdk1.8.0_51\jre\bin\t2k.dll
0x00007ffae2930000 - 0x00007ffae29e6000 	C:\WINDOWS\SYSTEM32\clbcatq.dll
0x00007ffad5a40000 - 0x00007ffad5bc9000 	C:\WINDOWS\SYSTEM32\dbghelp.dll

VM Arguments:
jvm_args: -Dfile.encoding=UTF-8 -Dorg.lwjgl.opengl.Display.allowSoftwareOpenGL=true 
java_command: invisibleman.Server
java_class_path (initial): C:\Users\Rory\Desktop\Programs\Current Projects\OGPC 2016 Java\lib\jfxrt.jar;C:\Users\Rory\Desktop\Programs\Current Projects\OGPC 2016 Java\lib\jinput.jar;C:\Users\Rory\Desktop\Programs\Current Projects\OGPC 2016 Java\lib\lwjgl.jar;C:\Users\Rory\Desktop\Programs\Current Projects\OGPC 2016 Java\lib\lwjgl_util.jar;C:\Users\Rory\Desktop\Programs\Current Projects\OGPC 2016 Java\lib\slick-util.jar;C:\Users\Rory\Desktop\Programs\Current Projects\OGPC 2016 Java\lib\protonpack-1.1.jar;C:\Users\Rory\Desktop\Programs\Current Projects\OGPC 2016 Java\lib\Forge.jar;C:\Users\Rory\Desktop\Programs\Current Projects\OGPC 2016 Java\build\classes
Launcher Type: SUN_STANDARD

Environment Variables:
PATH=C:\ProgramData\Oracle\Java\javapath;C:\Program Files (x86)\Intel\iCLS Client\;C:\Program Files\Intel\iCLS Client\;C:\WINDOWS\system32;C:\WINDOWS;C:\WINDOWS\System32\Wbem;C:\WINDOWS\System32\WindowsPowerShell\v1.0\;C:\Program Files (x86)\Intel\OpenCL SDK\2.0\bin\x86;C:\Program Files (x86)\Intel\OpenCL SDK\2.0\bin\x64;C:\Program Files\Intel\Intel(R) Management Engine Components\DAL;C:\Program Files\Intel\Intel(R) Management Engine Components\IPT;C:\Program Files (x86)\Intel\Intel(R) Management Engine Components\DAL;C:\Program Files (x86)\Intel\Intel(R) Management Engine Components\IPT;C:\Program Files\Lenovo\Bluetooth Software\;C:\Program Files\Lenovo\Bluetooth Software\syswow64;C:\Program Files\Intel\WiFi\bin\;C:\Program Files\Common Files\Intel\WirelessCommon\;C:\Program Files\SlikSvn\bin;C:\Program Files (x86)\NVIDIA Corporation\PhysX\Common;C:\Program Files (x86)\Skype\Phone\
USERNAME=Rory
OS=Windows_NT
PROCESSOR_IDENTIFIER=Intel64 Family 6 Model 58 Stepping 9, GenuineIntel



---------------  S Y S T E M  ---------------

OS: Windows 8.1 , 64 bit Build 9600 (6.3.9600.17415)

CPU:total 8 (4 cores per cpu, 2 threads per core) family 6 model 58 stepping 9, cmov, cx8, fxsr, mmx, sse, sse2, sse3, ssse3, sse4.1, sse4.2, popcnt, avx, aes, clmul, erms, ht, tsc, tscinvbit, tscinv

Memory: 4k page, physical 8251156k(2099444k free), swap 9561876k(2465480k free)

vm_info: Java HotSpot(TM) 64-Bit Server VM (25.51-b03) for windows-amd64 JRE (1.8.0_51-b16), built on Jun  8 2015 18:03:07 by "java_re" with MS VC++ 10.0 (VS2010)

time: Mon Apr 18 21:37:58 2016
elapsed time: 50 seconds (0d 0h 0m 50s)

