#
# A fatal error has been detected by the Java Runtime Environment:
#
#  EXCEPTION_ACCESS_VIOLATION (0xc0000005) at pc=0x000007fee9701f44, pid=2120, tid=3712
#
# JRE version: Java(TM) SE Runtime Environment (8.0_65-b17) (build 1.8.0_65-b17)
# Java VM: Java HotSpot(TM) 64-Bit Server VM (25.65-b01 mixed mode windows-amd64 compressed oops)
# Problematic frame:
# C  [ig7icd64.dll+0x21f44]
#
# Failed to write core dump. Minidumps are not enabled by default on client versions of Windows
#
# If you would like to submit a bug report, please visit:
#   http://bugreport.java.com/bugreport/crash.jsp
# The crash happened outside the Java Virtual Machine in native code.
# See problematic frame for where to report the bug.
#

---------------  T H R E A D  ---------------

Current thread (0x00000000004ef000):  JavaThread "main" [_thread_in_native, id=3712, stack(0x0000000002210000,0x0000000002310000)]

siginfo: ExceptionCode=0xc0000005, writing address 0x000000001206a000

Registers:
RAX=0x0000000000000001, RBX=0x00000000599ae000, RCX=0x000000001206a010, RDX=0x000000005b645440
RSP=0x000000000230ded0, RBP=0x000000005b5ac6f0, RSI=0x000000005b5ae400, RDI=0x000000005b6450c0
R8 =0x0000000000000020, R9 =0x0000000000000000, R10=0x0000000000000001, R11=0x0000000000000002
R12=0x0000000000000000, R13=0x000000005b611100, R14=0x0000000000000000, R15=0x0000000000000000
RIP=0x000007fee9701f44, EFLAGS=0x0000000000010202

Top of Stack: (sp=0x000000000230ded0)
0x000000000230ded0:   0000000000000001 000007fee98fbadb
0x000000000230dee0:   0000000000000000 0000000000000000
0x000000000230def0:   000000003f520000 0000000000000000
0x000000000230df00:   000000005c7dfaa8 000000005c7d9940
0x000000000230df10:   0000000059a2cbe0 000007fee98fcc57
0x000000000230df20:   00000000599ae000 00000000599ae000
0x000000000230df30:   0000000000000000 0000000000000000
0x000000000230df40:   0000000000000001 000007fee991bbd3
0x000000000230df50:   000000005b645430 0000000000000000
0x000000000230df60:   000000003f520000 0000000000000000
0x000000000230df70:   000000005c7d9940 0000000059a19470
0x000000000230df80:   000000005b645228 000000005b6450c0
0x000000000230df90:   0000000000000001 000000005c7513e0
0x000000000230dfa0:   00000000599ae000 000007fee9934e78
0x000000000230dfb0:   0000000000000002 000000005c751901
0x000000000230dfc0:   000000005b645228 0000000000000000 

Instructions: (pc=0x000007fee9701f44)
0x000007fee9701f24:   d1 49 c1 eb 04 4d 85 db 0f 84 24 02 00 00 f3 0f
0x000007fee9701f34:   6f 02 41 ff c2 48 83 c1 10 41 8b c2 48 83 c2 10
0x000007fee9701f44:   f3 0f 7f 41 f0 49 3b c3 72 e4 e9 03 02 00 00 48
0x000007fee9701f54:   89 7c 24 40 8b f9 83 e7 0f 74 68 48 89 5c 24 50 


Register to memory mapping:

RAX=0x0000000000000001 is an unknown value
RBX=0x00000000599ae000 is an unknown value
RCX=0x000000001206a010 is an unknown value
RDX=0x000000005b645440 is an unknown value
RSP=0x000000000230ded0 is pointing into the stack for thread: 0x00000000004ef000
RBP=0x000000005b5ac6f0 is an unknown value
RSI=0x000000005b5ae400 is an unknown value
RDI=0x000000005b6450c0 is an unknown value
R8 =0x0000000000000020 is an unknown value
R9 =0x0000000000000000 is an unknown value
R10=0x0000000000000001 is an unknown value
R11=0x0000000000000002 is an unknown value
R12=0x0000000000000000 is an unknown value
R13=0x000000005b611100 is an unknown value
R14=0x0000000000000000 is an unknown value
R15=0x0000000000000000 is an unknown value


Stack: [0x0000000002210000,0x0000000002310000],  sp=0x000000000230ded0,  free space=1015k
Native frames: (J=compiled Java code, j=interpreted, Vv=VM code, C=native code)
C  [ig7icd64.dll+0x21f44]
C  [ig7icd64.dll+0x21cc57]
C  [ig7icd64.dll+0x254e78]
C  [ig7icd64.dll+0x1fe146]
C  [ig7icd64.dll+0x156d58]
C  [ig7icd64.dll+0x2dc07c]
C  [ig7icd64.dll+0x3ba832]
C  [ig7icd64.dll+0x4f6201]
C  [ig7icd64.dll+0x47433f]
C  [ig7icd64.dll+0x474abc]
C  0x00000000025f5e14

Java frames: (J=compiled Java code, j=interpreted, Vv=VM code)
j  org.lwjgl.opengl.GL11.nglCallList(IJ)V+0
j  org.lwjgl.opengl.GL11.glCallList(I)V+15
j  map.Chunk.draw()V+4
j  map.CubeMap.lambda$null$2(Ljava/lang/Integer;Ljava/lang/Integer;Ljava/lang/Integer;)V+18
j  map.CubeMap$$Lambda$117.accept(Ljava/lang/Object;)V+12
J 1270 C2 util.Util.forRange(IILjava/util/function/Consumer;)V (24 bytes) @ 0x0000000002a16120 [0x0000000002a15e60+0x2c0]
j  map.CubeMap.lambda$drawAll$3(Ljava/lang/Integer;Ljava/lang/Integer;)V+9
j  map.CubeMap$$Lambda$116.accept(Ljava/lang/Object;Ljava/lang/Object;)V+8
J 1522 C2 util.Util$$Lambda$71.accept(Ljava/lang/Object;)V (20 bytes) @ 0x0000000002ac1c38 [0x0000000002ac1b60+0xd8]
J 1270 C2 util.Util.forRange(IILjava/util/function/Consumer;)V (24 bytes) @ 0x0000000002a16120 [0x0000000002a15e60+0x2c0]
J 1518 C1 util.Util.forRange(IIIILjava/util/function/BiConsumer;)V (15 bytes) @ 0x0000000002ac9834 [0x0000000002ac9100+0x734]
j  map.CubeMap.drawAll()V+9
j  map.Editor.lambda$start$9()V+0
j  map.Editor$$Lambda$76.run()V+0
J 966 C1 engine.EventStream$$Lambda$2.accept(Ljava/lang/Object;)V (12 bytes) @ 0x00000000029300cc [0x000000000292fea0+0x22c]
J 960 C1 engine.EventStream$$Lambda$3.run()V (12 bytes) @ 0x000000000292d80c [0x000000000292d6c0+0x14c]
J 959 C1 engine.EventStream$$Lambda$34.accept(Ljava/lang/Object;)V (10 bytes) @ 0x000000000292d374 [0x000000000292d180+0x1f4]
J 915 C1 java.util.ArrayList.forEach(Ljava/util/function/Consumer;)V (75 bytes) @ 0x000000000291b584 [0x000000000291b380+0x204]
J 941 C1 engine.EventStream.sendEvent()V (27 bytes) @ 0x000000000292620c [0x0000000002925f00+0x30c]
j  engine.Core$$Lambda$54.accept(Ljava/lang/Object;)V+4
j  java.lang.Iterable.forEach(Ljava/util/function/Consumer;)V+30
J 893% C2 engine.Core.run()V (114 bytes) @ 0x000000000290b8a8 [0x000000000290b7e0+0xc8]
j  map.Editor.start(Ljava/lang/String;)V+457
j  guis.Play.recieve(Ljava/lang/String;Ljava/lang/Object;)V+131
j  gui.components.GUIButton.send()V+68
j  gui.TypingManager.compOpen(Lgui/types/GUIInputComponent;)V+24
j  gui.TypingManager.lambda$null$1()V+93
j  gui.TypingManager$$Lambda$36.run()V+0
J 966 C1 engine.EventStream$$Lambda$2.accept(Ljava/lang/Object;)V (12 bytes) @ 0x00000000029300cc [0x000000000292fea0+0x22c]
J 960 C1 engine.EventStream$$Lambda$3.run()V (12 bytes) @ 0x000000000292d80c [0x000000000292d6c0+0x14c]
J 959 C1 engine.EventStream$$Lambda$34.accept(Ljava/lang/Object;)V (10 bytes) @ 0x000000000292d374 [0x000000000292d180+0x1f4]
J 915 C1 java.util.ArrayList.forEach(Ljava/util/function/Consumer;)V (75 bytes) @ 0x000000000291b584 [0x000000000291b380+0x204]
J 983 C1 engine.Signal.set(Ljava/lang/Object;)V (10 bytes) @ 0x0000000002938f54 [0x0000000002938bc0+0x394]
j  engine.Signal.lambda$filter$27(Ljava/util/function/Predicate;Lengine/Signal;)V+18
j  engine.Signal$$Lambda$5.accept(Ljava/lang/Object;)V+12
J 960 C1 engine.EventStream$$Lambda$3.run()V (12 bytes) @ 0x000000000292d80c [0x000000000292d6c0+0x14c]
J 959 C1 engine.EventStream$$Lambda$34.accept(Ljava/lang/Object;)V (10 bytes) @ 0x000000000292d374 [0x000000000292d180+0x1f4]
J 915 C1 java.util.ArrayList.forEach(Ljava/util/function/Consumer;)V (75 bytes) @ 0x000000000291b584 [0x000000000291b380+0x204]
J 983 C1 engine.Signal.set(Ljava/lang/Object;)V (10 bytes) @ 0x0000000002938f54 [0x0000000002938bc0+0x394]
j  engine.Input.lambda$static$0()V+156
j  engine.Input$$Lambda$1.run()V+0
J 966 C1 engine.EventStream$$Lambda$2.accept(Ljava/lang/Object;)V (12 bytes) @ 0x00000000029300cc [0x000000000292fea0+0x22c]
J 960 C1 engine.EventStream$$Lambda$3.run()V (12 bytes) @ 0x000000000292d80c [0x000000000292d6c0+0x14c]
J 959 C1 engine.EventStream$$Lambda$34.accept(Ljava/lang/Object;)V (10 bytes) @ 0x000000000292d374 [0x000000000292d180+0x1f4]
J 915 C1 java.util.ArrayList.forEach(Ljava/util/function/Consumer;)V (75 bytes) @ 0x000000000291b584 [0x000000000291b380+0x204]
J 983 C1 engine.Signal.set(Ljava/lang/Object;)V (10 bytes) @ 0x0000000002938f54 [0x0000000002938bc0+0x394]
j  engine.Core.lambda$run$36(DLengine/Signal;)V+5
j  engine.Core$$Lambda$50.accept(Ljava/lang/Object;)V+8
j  java.lang.Iterable.forEach(Ljava/util/function/Consumer;)V+30
J 893% C2 engine.Core.run()V (114 bytes) @ 0x000000000290b874 [0x000000000290b7e0+0x94]
j  invisibleman.Client.main([Ljava/lang/String;)V+139
v  ~StubRoutines::call_stub

---------------  P R O C E S S  ---------------

Java Threads: ( => current thread )
  0x0000000058bb2800 JavaThread "AWT-Windows" daemon [_thread_in_native, id=5800, stack(0x000000005e9c0000,0x000000005eac0000)]
  0x0000000058b5c000 JavaThread "Java2D Disposer" daemon [_thread_blocked, id=4180, stack(0x000000005e5a0000,0x000000005e6a0000)]
  0x0000000058873000 JavaThread "Service Thread" daemon [_thread_blocked, id=4816, stack(0x0000000059330000,0x0000000059430000)]
  0x00000000587f8000 JavaThread "C1 CompilerThread2" daemon [_thread_blocked, id=4124, stack(0x0000000058ed0000,0x0000000058fd0000)]
  0x00000000587f7000 JavaThread "C2 CompilerThread1" daemon [_thread_blocked, id=2724, stack(0x0000000059050000,0x0000000059150000)]
  0x00000000587f3000 JavaThread "C2 CompilerThread0" daemon [_thread_blocked, id=6036, stack(0x0000000058c60000,0x0000000058d60000)]
  0x00000000587f0800 JavaThread "Attach Listener" daemon [_thread_blocked, id=1792, stack(0x0000000058d60000,0x0000000058e60000)]
  0x00000000572b4800 JavaThread "Signal Dispatcher" daemon [_thread_blocked, id=1596, stack(0x0000000058360000,0x0000000058460000)]
  0x000000005725a800 JavaThread "Finalizer" daemon [_thread_blocked, id=4252, stack(0x00000000586f0000,0x00000000587f0000)]
  0x0000000057253800 JavaThread "Reference Handler" daemon [_thread_blocked, id=3660, stack(0x0000000058590000,0x0000000058690000)]
=>0x00000000004ef000 JavaThread "main" [_thread_in_native, id=3712, stack(0x0000000002210000,0x0000000002310000)]

Other Threads:
  0x000000005724a800 VMThread [stack: 0x0000000058480000,0x0000000058580000] [id=4320]
  0x000000005887d800 WatcherThread [stack: 0x00000000594d0000,0x00000000595d0000] [id=4964]

VM state:not at safepoint (normal execution)

VM Mutex/Monitor currently owned by a thread: None

Heap:
 PSYoungGen      total 309760K, used 6206K [0x00000000d6580000, 0x00000000fd180000, 0x0000000100000000)
  eden space 308736K, 2% used [0x00000000d6580000,0x00000000d6b87b00,0x00000000e9300000)
  from space 1024K, 3% used [0x00000000fcf80000,0x00000000fcf88000,0x00000000fd080000)
  to   space 1024K, 0% used [0x00000000fd080000,0x00000000fd080000,0x00000000fd180000)
 ParOldGen       total 86016K, used 5100K [0x0000000083000000, 0x0000000088400000, 0x00000000d6580000)
  object space 86016K, 5% used [0x0000000083000000,0x00000000834fb110,0x0000000088400000)
 Metaspace       used 10300K, capacity 10881K, committed 11008K, reserved 1058816K
  class space    used 1083K, capacity 1223K, committed 1280K, reserved 1048576K

Card table byte_map: [0x00000000119a0000,0x0000000011d90000] byte_map_base: 0x0000000011588000

Marking Bits: (ParMarkBitMap*) 0x000000006c87a5b0
 Begin Bits: [0x0000000012650000, 0x0000000014590000)
 End Bits:   [0x0000000014590000, 0x00000000164d0000)

Polling page: 0x0000000000430000

CodeCache: size=245760Kb used=5317Kb max_used=5320Kb free=240442Kb
 bounds [0x00000000025e0000, 0x0000000002b20000, 0x00000000115e0000]
 total_blobs=2123 nmethods=1559 adapters=477
 compilation: enabled

Compilation events (10 events):
Event: 6.489 Thread 0x00000000587f8000 1556       1       java.lang.invoke.MemberName::getReferenceKind (12 bytes)
Event: 6.489 Thread 0x00000000587f8000 nmethod 1556 0x0000000002af0010 code [0x0000000002af0160, 0x0000000002af0270]
Event: 6.489 Thread 0x00000000587f8000 1557       3       java.lang.invoke.MethodHandleNatives::refKindIsMethod (19 bytes)
Event: 6.489 Thread 0x00000000587f8000 nmethod 1557 0x0000000002aff550 code [0x0000000002aff6c0, 0x0000000002aff950]
Event: 6.489 Thread 0x00000000587f8000 1558       3       java.lang.invoke.MemberName::flagsMods (72 bytes)
Event: 6.489 Thread 0x00000000587f8000 nmethod 1558 0x0000000002aff210 code [0x0000000002aff360, 0x0000000002aff4d0]
Event: 6.489 Thread 0x00000000587f8000 1559       3       java.lang.invoke.MemberName::init (66 bytes)
Event: 6.489 Thread 0x00000000587f8000 nmethod 1559 0x0000000002afee90 code [0x0000000002afefe0, 0x0000000002aff190]
Event: 6.489 Thread 0x00000000587f7000 1560       4       engine.Core::run (114 bytes)
Event: 6.493 Thread 0x00000000587f7000 nmethod 1560 0x0000000002b14a10 code [0x0000000002b14c00, 0x0000000002b14f90]

GC Heap History (10 events):
Event: 6.253 GC heap before
{Heap before GC invocations=45 (full 0):
 PSYoungGen      total 389632K, used 389152K [0x00000000d6580000, 0x00000000fd280000, 0x0000000100000000)
  eden space 389120K, 100% used [0x00000000d6580000,0x00000000ee180000,0x00000000ee180000)
  from space 512K, 6% used [0x00000000fd200000,0x00000000fd208000,0x00000000fd280000)
  to   space 1024K, 0% used [0x00000000fd080000,0x00000000fd080000,0x00000000fd180000)
 ParOldGen       total 86016K, used 5084K [0x0000000083000000, 0x0000000088400000, 0x00000000d6580000)
  object space 86016K, 5% used [0x0000000083000000,0x00000000834f7110,0x0000000088400000)
 Metaspace       used 10268K, capacity 10767K, committed 11008K, reserved 1058816K
  class space    used 1076K, capacity 1210K, committed 1280K, reserved 1048576K
Event: 6.253 GC heap after
Heap after GC invocations=45 (full 0):
 PSYoungGen      total 372224K, used 32K [0x00000000d6580000, 0x00000000fd280000, 0x0000000100000000)
  eden space 371200K, 0% used [0x00000000d6580000,0x00000000d6580000,0x00000000ed000000)
  from space 1024K, 3% used [0x00000000fd080000,0x00000000fd088000,0x00000000fd180000)
  to   space 1024K, 0% used [0x00000000fd180000,0x00000000fd180000,0x00000000fd280000)
 ParOldGen       total 86016K, used 5084K [0x0000000083000000, 0x0000000088400000, 0x00000000d6580000)
  object space 86016K, 5% used [0x0000000083000000,0x00000000834f7110,0x0000000088400000)
 Metaspace       used 10268K, capacity 10767K, committed 11008K, reserved 1058816K
  class space    used 1076K, capacity 1210K, committed 1280K, reserved 1048576K
}
Event: 6.315 GC heap before
{Heap before GC invocations=46 (full 0):
 PSYoungGen      total 372224K, used 371232K [0x00000000d6580000, 0x00000000fd280000, 0x0000000100000000)
  eden space 371200K, 100% used [0x00000000d6580000,0x00000000ed000000,0x00000000ed000000)
  from space 1024K, 3% used [0x00000000fd080000,0x00000000fd088000,0x00000000fd180000)
  to   space 1024K, 0% used [0x00000000fd180000,0x00000000fd180000,0x00000000fd280000)
 ParOldGen       total 86016K, used 5084K [0x0000000083000000, 0x0000000088400000, 0x00000000d6580000)
  object space 86016K, 5% used [0x0000000083000000,0x00000000834f7110,0x0000000088400000)
 Metaspace       used 10268K, capacity 10767K, committed 11008K, reserved 1058816K
  class space    used 1076K, capacity 1210K, committed 1280K, reserved 1048576K
Event: 6.315 GC heap after
Heap after GC invocations=46 (full 0):
 PSYoungGen      total 354816K, used 32K [0x00000000d6580000, 0x00000000fd200000, 0x0000000100000000)
  eden space 354304K, 0% used [0x00000000d6580000,0x00000000d6580000,0x00000000ebf80000)
  from space 512K, 6% used [0x00000000fd180000,0x00000000fd188000,0x00000000fd200000)
  to   space 1024K, 0% used [0x00000000fd000000,0x00000000fd000000,0x00000000fd100000)
 ParOldGen       total 86016K, used 5084K [0x0000000083000000, 0x0000000088400000, 0x00000000d6580000)
  object space 86016K, 5% used [0x0000000083000000,0x00000000834f7110,0x0000000088400000)
 Metaspace       used 10268K, capacity 10767K, committed 11008K, reserved 1058816K
  class space    used 1076K, capacity 1210K, committed 1280K, reserved 1048576K
}
Event: 6.374 GC heap before
{Heap before GC invocations=47 (full 0):
 PSYoungGen      total 354816K, used 354336K [0x00000000d6580000, 0x00000000fd200000, 0x0000000100000000)
  eden space 354304K, 100% used [0x00000000d6580000,0x00000000ebf80000,0x00000000ebf80000)
  from space 512K, 6% used [0x00000000fd180000,0x00000000fd188000,0x00000000fd200000)
  to   space 1024K, 0% used [0x00000000fd000000,0x00000000fd000000,0x00000000fd100000)
 ParOldGen       total 86016K, used 5084K [0x0000000083000000, 0x0000000088400000, 0x00000000d6580000)
  object space 86016K, 5% used [0x0000000083000000,0x00000000834f7110,0x0000000088400000)
 Metaspace       used 10268K, capacity 10767K, committed 11008K, reserved 1058816K
  class space    used 1076K, capacity 1210K, committed 1280K, reserved 1048576K
Event: 6.375 GC heap after
Heap after GC invocations=47 (full 0):
 PSYoungGen      total 339456K, used 32K [0x00000000d6580000, 0x00000000fd200000, 0x0000000100000000)
  eden space 338432K, 0% used [0x00000000d6580000,0x00000000d6580000,0x00000000eb000000)
  from space 1024K, 3% used [0x00000000fd000000,0x00000000fd008000,0x00000000fd100000)
  to   space 1024K, 0% used [0x00000000fd100000,0x00000000fd100000,0x00000000fd200000)
 ParOldGen       total 86016K, used 5092K [0x0000000083000000, 0x0000000088400000, 0x00000000d6580000)
  object space 86016K, 5% used [0x0000000083000000,0x00000000834f9110,0x0000000088400000)
 Metaspace       used 10268K, capacity 10767K, committed 11008K, reserved 1058816K
  class space    used 1076K, capacity 1210K, committed 1280K, reserved 1048576K
}
Event: 6.431 GC heap before
{Heap before GC invocations=48 (full 0):
 PSYoungGen      total 339456K, used 338464K [0x00000000d6580000, 0x00000000fd200000, 0x0000000100000000)
  eden space 338432K, 100% used [0x00000000d6580000,0x00000000eb000000,0x00000000eb000000)
  from space 1024K, 3% used [0x00000000fd000000,0x00000000fd008000,0x00000000fd100000)
  to   space 1024K, 0% used [0x00000000fd100000,0x00000000fd100000,0x00000000fd200000)
 ParOldGen       total 86016K, used 5092K [0x0000000083000000, 0x0000000088400000, 0x00000000d6580000)
  object space 86016K, 5% used [0x0000000083000000,0x00000000834f9110,0x0000000088400000)
 Metaspace       used 10268K, capacity 10767K, committed 11008K, reserved 1058816K
  class space    used 1076K, capacity 1210K, committed 1280K, reserved 1048576K
Event: 6.432 GC heap after
Heap after GC invocations=48 (full 0):
 PSYoungGen      total 323584K, used 32K [0x00000000d6580000, 0x00000000fd180000, 0x0000000100000000)
  eden space 323072K, 0% used [0x00000000d6580000,0x00000000d6580000,0x00000000ea100000)
  from space 512K, 6% used [0x00000000fd100000,0x00000000fd108000,0x00000000fd180000)
  to   space 1024K, 0% used [0x00000000fcf80000,0x00000000fcf80000,0x00000000fd080000)
 ParOldGen       total 86016K, used 5092K [0x0000000083000000, 0x0000000088400000, 0x00000000d6580000)
  object space 86016K, 5% used [0x0000000083000000,0x00000000834f9110,0x0000000088400000)
 Metaspace       used 10268K, capacity 10767K, committed 11008K, reserved 1058816K
  class space    used 1076K, capacity 1210K, committed 1280K, reserved 1048576K
}
Event: 6.485 GC heap before
{Heap before GC invocations=49 (full 0):
 PSYoungGen      total 323584K, used 323103K [0x00000000d6580000, 0x00000000fd180000, 0x0000000100000000)
  eden space 323072K, 99% used [0x00000000d6580000,0x00000000ea0ffff8,0x00000000ea100000)
  from space 512K, 6% used [0x00000000fd100000,0x00000000fd108000,0x00000000fd180000)
  to   space 1024K, 0% used [0x00000000fcf80000,0x00000000fcf80000,0x00000000fd080000)
 ParOldGen       total 86016K, used 5092K [0x0000000083000000, 0x0000000088400000, 0x00000000d6580000)
  object space 86016K, 5% used [0x0000000083000000,0x00000000834f9110,0x0000000088400000)
 Metaspace       used 10268K, capacity 10767K, committed 11008K, reserved 1058816K
  class space    used 1076K, capacity 1210K, committed 1280K, reserved 1048576K
Event: 6.485 GC heap after
Heap after GC invocations=49 (full 0):
 PSYoungGen      total 309760K, used 32K [0x00000000d6580000, 0x00000000fd180000, 0x0000000100000000)
  eden space 308736K, 0% used [0x00000000d6580000,0x00000000d6580000,0x00000000e9300000)
  from space 1024K, 3% used [0x00000000fcf80000,0x00000000fcf88000,0x00000000fd080000)
  to   space 1024K, 0% used [0x00000000fd080000,0x00000000fd080000,0x00000000fd180000)
 ParOldGen       total 86016K, used 5100K [0x0000000083000000, 0x0000000088400000, 0x00000000d6580000)
  object space 86016K, 5% used [0x0000000083000000,0x00000000834fb110,0x0000000088400000)
 Metaspace       used 10268K, capacity 10767K, committed 11008K, reserved 1058816K
  class space    used 1076K, capacity 1210K, committed 1280K, reserved 1048576K
}

Deoptimization events (10 events):
Event: 4.437 Thread 0x00000000004ef000 Uncommon trap: reason=unstable_if action=reinterpret pc=0x0000000002ab7fcc method=map.CubeMap.getCube(Lutil/Vec3;)Lmap/CubeData; @ 45
Event: 4.437 Thread 0x00000000004ef000 Uncommon trap: reason=unstable_if action=reinterpret pc=0x0000000002a95948 method=map.CubeMap.getCube(Lutil/Vec3;)Lmap/CubeData; @ 45
Event: 4.437 Thread 0x00000000004ef000 Uncommon trap: reason=unstable_if action=reinterpret pc=0x0000000002ab47ac method=map.CubeMap.getCube(Lutil/Vec3;)Lmap/CubeData; @ 45
Event: 4.437 Thread 0x00000000004ef000 Uncommon trap: reason=unstable_if action=reinterpret pc=0x0000000002a9b178 method=map.CubeMap.getCube(Lutil/Vec3;)Lmap/CubeData; @ 45
Event: 4.437 Thread 0x00000000004ef000 Uncommon trap: reason=unstable_if action=reinterpret pc=0x0000000002acbfd8 method=map.CubeType.lambda$null$3(Ljava/lang/Integer;Ljava/lang/Boolean;DLutil/Vec3;Lutil/Vec3;Ljava/lang/Boolean;)V @ 208
Event: 6.024 Thread 0x00000000004ef000 Uncommon trap: reason=unstable_if action=reinterpret pc=0x0000000002afa388 method=map.CubeMap.getCube(Lutil/Vec3;)Lmap/CubeData; @ 35
Event: 6.024 Thread 0x00000000004ef000 Uncommon trap: reason=unstable_if action=reinterpret pc=0x0000000002ad4e10 method=map.CubeMap.getCube(Lutil/Vec3;)Lmap/CubeData; @ 35
Event: 6.024 Thread 0x00000000004ef000 Uncommon trap: reason=unstable_if action=reinterpret pc=0x0000000002aed028 method=map.CubeMap.getCube(Lutil/Vec3;)Lmap/CubeData; @ 35
Event: 6.024 Thread 0x00000000004ef000 Uncommon trap: reason=unstable_if action=reinterpret pc=0x0000000002ad1420 method=map.CubeMap.getCube(Lutil/Vec3;)Lmap/CubeData; @ 35
Event: 6.094 Thread 0x00000000004ef000 Uncommon trap: reason=unstable_if action=reinterpret pc=0x0000000002af4400 method=map.CubeMap.getCube(Lutil/Vec3;)Lmap/CubeData; @ 35

Internal exceptions (10 events):
Event: 0.156 Thread 0x00000000004ef000 Exception <a 'java/security/PrivilegedActionException'> (0x00000000d6603420) thrown at [C:\workspace\8-2-build-windows-amd64-cygwin\jdk8u65\4987\hotspot\src\share\vm\prims\jvm.cpp, line 1386]
Event: 0.476 Thread 0x00000000004ef000 Exception <a 'java/lang/NoSuchFieldError': method resolution failed> (0x00000000d6b20670) thrown at [C:\workspace\8-2-build-windows-amd64-cygwin\jdk8u65\4987\hotspot\src\share\vm\prims\methodHandles.cpp, line 1146]
Event: 0.478 Thread 0x00000000004ef000 Exception <a 'java/lang/NoSuchFieldError': method resolution failed> (0x00000000d6b2d9c0) thrown at [C:\workspace\8-2-build-windows-amd64-cygwin\jdk8u65\4987\hotspot\src\share\vm\prims\methodHandles.cpp, line 1146]
Event: 0.622 Thread 0x00000000004ef000 Exception <a 'java/security/PrivilegedActionException'> (0x00000000d6bee448) thrown at [C:\workspace\8-2-build-windows-amd64-cygwin\jdk8u65\4987\hotspot\src\share\vm\prims\jvm.cpp, line 1386]
Event: 0.622 Thread 0x00000000004ef000 Exception <a 'java/security/PrivilegedActionException'> (0x00000000d6bee658) thrown at [C:\workspace\8-2-build-windows-amd64-cygwin\jdk8u65\4987\hotspot\src\share\vm\prims\jvm.cpp, line 1386]
Event: 0.623 Thread 0x00000000004ef000 Exception <a 'java/security/PrivilegedActionException'> (0x00000000d6bf24a0) thrown at [C:\workspace\8-2-build-windows-amd64-cygwin\jdk8u65\4987\hotspot\src\share\vm\prims\jvm.cpp, line 1386]
Event: 0.623 Thread 0x00000000004ef000 Exception <a 'java/security/PrivilegedActionException'> (0x00000000d6bf26b0) thrown at [C:\workspace\8-2-build-windows-amd64-cygwin\jdk8u65\4987\hotspot\src\share\vm\prims\jvm.cpp, line 1386]
Event: 0.626 Thread 0x00000000004ef000 Exception <a 'java/io/FileNotFoundException'> (0x00000000d6bf4a90) thrown at [C:\workspace\8-2-build-windows-amd64-cygwin\jdk8u65\4987\hotspot\src\share\vm\prims\jni.cpp, line 709]
Event: 0.657 Thread 0x00000000004ef000 Exception <a 'java/io/FileNotFoundException'> (0x00000000d6c36bf8) thrown at [C:\workspace\8-2-build-windows-amd64-cygwin\jdk8u65\4987\hotspot\src\share\vm\prims\jni.cpp, line 709]
Event: 3.233 Thread 0x00000000004ef000 Exception <a 'sun/nio/fs/WindowsException'> (0x00000000d7dfced0) thrown at [C:\workspace\8-2-build-windows-amd64-cygwin\jdk8u65\4987\hotspot\src\share\vm\prims\jni.cpp, line 709]

Events (10 events):
Event: 6.487 loading class util/Mutable
Event: 6.487 loading class util/Mutable done
Event: 6.488 loading class util/Mutable
Event: 6.488 loading class util/Mutable done
Event: 6.488 loading class util/Mutable
Event: 6.488 loading class util/Mutable done
Event: 6.488 loading class util/Mutable
Event: 6.488 loading class util/Mutable done
Event: 6.489 Thread 0x00000000004ef000 DEOPT PACKING pc=0x00000000028fb190 sp=0x000000000230eb00
Event: 6.489 Thread 0x00000000004ef000 DEOPT UNPACKING pc=0x000000000262787f sp=0x000000000230e850 mode 0


Dynamic libraries:
0x000000013f660000 - 0x000000013f697000 	C:\Program Files\Java\jdk1.8.0_65\bin\java.exe
0x0000000076d70000 - 0x0000000076f1a000 	C:\Windows\SYSTEM32\ntdll.dll
0x0000000076b50000 - 0x0000000076c6f000 	C:\Windows\system32\kernel32.dll
0x000007fefcb10000 - 0x000007fefcb7b000 	C:\Windows\system32\KERNELBASE.dll
0x000007fefe9e0000 - 0x000007fefeabb000 	C:\Windows\system32\ADVAPI32.dll
0x000007fefe500000 - 0x000007fefe59f000 	C:\Windows\system32\msvcrt.dll
0x000007fefe4e0000 - 0x000007fefe4ff000 	C:\Windows\SYSTEM32\sechost.dll
0x000007fefceb0000 - 0x000007fefcfdd000 	C:\Windows\system32\RPCRT4.dll
0x0000000076c70000 - 0x0000000076d6a000 	C:\Windows\system32\USER32.dll
0x000007fefe970000 - 0x000007fefe9d7000 	C:\Windows\system32\GDI32.dll
0x000007fefe4d0000 - 0x000007fefe4de000 	C:\Windows\system32\LPK.dll
0x000007fefedc0000 - 0x000007fefee8a000 	C:\Windows\system32\USP10.dll
0x000007fefb3a0000 - 0x000007fefb594000 	C:\Windows\WinSxS\amd64_microsoft.windows.common-controls_6595b64144ccf1df_6.0.7601.18837_none_fa3b1e3d17594757\COMCTL32.dll
0x000007fefeee0000 - 0x000007fefef51000 	C:\Windows\system32\SHLWAPI.dll
0x000007fefed90000 - 0x000007fefedbe000 	C:\Windows\system32\IMM32.DLL
0x000007fefef70000 - 0x000007feff079000 	C:\Windows\system32\MSCTF.dll
0x000000006f420000 - 0x000000006f4f2000 	C:\Program Files\Java\jdk1.8.0_65\jre\bin\msvcr100.dll
0x000000006c070000 - 0x000000006c8f9000 	C:\Program Files\Java\jdk1.8.0_65\jre\bin\server\jvm.dll
0x000007fef6f80000 - 0x000007fef6f89000 	C:\Windows\system32\WSOCK32.dll
0x000007fefee90000 - 0x000007fefeedd000 	C:\Windows\system32\WS2_32.dll
0x000007fefef60000 - 0x000007fefef68000 	C:\Windows\system32\NSI.dll
0x000007fef95f0000 - 0x000007fef962b000 	C:\Windows\system32\WINMM.dll
0x000007fefbc50000 - 0x000007fefbc5c000 	C:\Windows\system32\VERSION.dll
0x0000000076f30000 - 0x0000000076f37000 	C:\Windows\system32\PSAPI.DLL
0x0000000070760000 - 0x000000007076f000 	C:\Program Files\Java\jdk1.8.0_65\jre\bin\verify.dll
0x00000000701e0000 - 0x0000000070209000 	C:\Program Files\Java\jdk1.8.0_65\jre\bin\java.dll
0x0000000070170000 - 0x0000000070186000 	C:\Program Files\Java\jdk1.8.0_65\jre\bin\zip.dll
0x000007fefd2b0000 - 0x000007fefe03a000 	C:\Windows\system32\SHELL32.dll
0x000007fefe220000 - 0x000007fefe423000 	C:\Windows\system32\ole32.dll
0x000007fefcaf0000 - 0x000007fefcaff000 	C:\Windows\system32\profapi.dll
0x0000000180000000 - 0x0000000180051000 	G:\OGPC 2016\OGPC 2016 Java\natives\lwjgl64.dll
0x000007feeec90000 - 0x000007feeedad000 	C:\Windows\system32\OPENGL32.dll
0x000007fef8e50000 - 0x000007fef8e7d000 	C:\Windows\system32\GLU32.dll
0x000007feef8e0000 - 0x000007feef9d1000 	C:\Windows\system32\DDRAW.dll
0x000007fefab20000 - 0x000007fefab28000 	C:\Windows\system32\DCIMAN32.dll
0x000007fefe040000 - 0x000007fefe217000 	C:\Windows\system32\SETUPAPI.dll
0x000007fefce20000 - 0x000007fefce56000 	C:\Windows\system32\CFGMGR32.dll
0x000007fefe600000 - 0x000007fefe6d8000 	C:\Windows\system32\OLEAUT32.dll
0x000007fefcb80000 - 0x000007fefcb9a000 	C:\Windows\system32\DEVOBJ.dll
0x000007fefadf0000 - 0x000007fefae08000 	C:\Windows\system32\dwmapi.dll
0x000007fefb340000 - 0x000007fefb396000 	C:\Windows\system32\uxtheme.dll
0x0000000001d60000 - 0x0000000001da1000 	C:\Program Files (x86)\NetSupport\NetSupport School\pciappctrl64.dll
0x000007fef4600000 - 0x000007fef4725000 	C:\Windows\system32\dbghelp.dll
0x000007fef34e0000 - 0x000007fef34f8000 	C:\Windows\system32\MPR.dll
0x0000000001dc0000 - 0x0000000001de5000 	C:\Program Files (x86)\Common Files\NSL\NSCommonHook64.dll
0x000007fee96e0000 - 0x000007fee9f13000 	C:\Windows\system32\ig7icd64.dll
0x000007feef1e0000 - 0x000007feef63f000 	C:\Windows\system32\igdusc64.dll
0x000007fefb9a0000 - 0x000007fefb9b1000 	C:\Windows\system32\WTSAPI32.dll
0x000007fefc950000 - 0x000007fefc95f000 	C:\Windows\system32\CRYPTBASE.dll
0x000007feec3d0000 - 0x000007feec46c000 	C:\Windows\system32\mscms.dll
0x000007fefcc70000 - 0x000007fefcc8e000 	C:\Windows\system32\USERENV.dll
0x000007feeef50000 - 0x000007feeef92000 	C:\Windows\system32\icm32.dll
0x000000006e5d0000 - 0x000000006e768000 	C:\Program Files\Java\jdk1.8.0_65\jre\bin\awt.dll
0x000007fefada0000 - 0x000007fefadaa000 	C:\Windows\System32\drprov.dll
0x000007fefca00000 - 0x000007fefca3d000 	C:\Windows\System32\WINSTA.dll
0x000007fefad70000 - 0x000007fefad92000 	C:\Windows\System32\ntlanman.dll
0x000007fefad50000 - 0x000007fefad6d000 	C:\Windows\System32\davclnt.dll
0x000007fefb040000 - 0x000007fefb04a000 	C:\Windows\System32\DAVHLPR.dll
0x000000006e580000 - 0x000000006e5c7000 	C:\Program Files\Java\jdk1.8.0_65\jre\bin\fontmanager.dll
0x000000006f810000 - 0x000000006f82a000 	C:\Program Files\Java\jdk1.8.0_65\jre\bin\net.dll
0x0000000012090000 - 0x00000000120b4000 	C:\Program Files (x86)\Common Files\NSL\nslsp64.dll
0x000007fefc290000 - 0x000007fefc2e5000 	C:\Windows\system32\mswsock.dll
0x000007fefc280000 - 0x000007fefc287000 	C:\Windows\System32\wship6.dll
0x000000006f400000 - 0x000000006f411000 	C:\Program Files\Java\jdk1.8.0_65\jre\bin\nio.dll
0x000000006e530000 - 0x000000006e572000 	C:\Program Files\Java\jdk1.8.0_65\jre\bin\t2k.dll

VM Arguments:
jvm_args: -Dfile.encoding=UTF-8 -Dorg.lwjgl.opengl.Display.allowSoftwareOpenGL=true 
java_command: invisibleman.Client
java_class_path (initial): G:\OGPC 2016\OGPC 2016 Java\lib\jfxrt.jar;G:\OGPC 2016\OGPC 2016 Java\lib\jinput.jar;G:\OGPC 2016\OGPC 2016 Java\lib\lwjgl.jar;G:\OGPC 2016\OGPC 2016 Java\lib\lwjgl_util.jar;G:\OGPC 2016\OGPC 2016 Java\lib\slick-util.jar;G:\OGPC 2016\OGPC 2016 Java\lib\protonpack-1.1.jar;G:\OGPC 2016\OGPC 2016 Java\lib\Forge.jar;G:\OGPC 2016\OGPC 2016 Java\build\classes
Launcher Type: SUN_STANDARD

Environment Variables:
PATH=C:\Program Files\Common Files\Microsoft Shared\Windows Live;C:\Program Files (x86)\Common Files\Microsoft Shared\Windows Live;C:\ProgramData\Oracle\Java\javapath;C:\Windows\system32;C:\Windows;C:\Windows\System32\Wbem;C:\Windows\System32\WindowsPowerShell\v1.0\;C:\Program Files\Intel\WiFi\bin\;C:\Program Files\Common Files\Intel\WirelessCommon\;C:\Program Files (x86)\Intel\OpenCL SDK\2.0\bin\x86;C:\Program Files (x86)\Intel\OpenCL SDK\2.0\bin\x64;C:\SWTOOLS\ReadyApps;C:\Program Files (x86)\QuickTime\QTSystem\;C:\Program Files (x86)\Windows Live\Shared;C:\Program Files\Intel\WiFi\bin\;C:\Program Files\Common Files\Intel\WirelessCommon\
USERNAME=cbarnum18
OS=Windows_NT
PROCESSOR_IDENTIFIER=Intel64 Family 6 Model 58 Stepping 9, GenuineIntel



---------------  S Y S T E M  ---------------

OS: Windows 7 , 64 bit Build 7601 (6.1.7601.19160)

CPU:total 4 (2 cores per cpu, 2 threads per core) family 6 model 58 stepping 9, cmov, cx8, fxsr, mmx, sse, sse2, sse3, ssse3, sse4.1, sse4.2, popcnt, avx, clmul, erms, ht, tsc, tscinvbit, tscinv

Memory: 4k page, physical 8186072k(5127384k free), swap 16370308k(12423592k free)

vm_info: Java HotSpot(TM) 64-Bit Server VM (25.65-b01) for windows-amd64 JRE (1.8.0_65-b17), built on Oct  6 2015 16:39:20 by "java_re" with MS VC++ 10.0 (VS2010)

time: Mon Apr 18 15:32:02 2016
elapsed time: 6 seconds (0d 0h 0m 6s)

