#
# A fatal error has been detected by the Java Runtime Environment:
#
#  EXCEPTION_ACCESS_VIOLATION (0xc0000005) at pc=0x000007feeaa01f44, pid=2388, tid=6176
#
# JRE version: Java(TM) SE Runtime Environment (8.0_65-b17) (build 1.8.0_65-b17)
# Java VM: Java HotSpot(TM) 64-Bit Server VM (25.65-b01 mixed mode windows-amd64 compressed oops)
# Problematic frame:
# C  [ig7icd64.dll+0x21f44]
#
# Failed to write core dump. Minidumps are not enabled by default on client versions of Windows
#
# If you would like to submit a bug report, please visit:
#   http://bugreport.java.com/bugreport/crash.jsp
# The crash happened outside the Java Virtual Machine in native code.
# See problematic frame for where to report the bug.
#

---------------  T H R E A D  ---------------

Current thread (0x00000000001ff000):  JavaThread "main" [_thread_in_native, id=6176, stack(0x0000000002450000,0x0000000002550000)]

siginfo: ExceptionCode=0xc0000005, writing address 0x000000000240a000

Registers:
RAX=0x0000000000000001, RBX=0x00000000598be000, RCX=0x000000000240a010, RDX=0x000000005c6a9680
RSP=0x000000000254e6a0, RBP=0x000000005b4ad790, RSI=0x000000005b4af4a0, RDI=0x000000005c6a9300
R8 =0x0000000000000020, R9 =0x0000000000000000, R10=0x0000000000000001, R11=0x0000000000000002
R12=0x0000000000000000, R13=0x000000005c6d9310, R14=0x0000000000000000, R15=0x0000000000000000
RIP=0x000007feeaa01f44, EFLAGS=0x0000000000010202

Top of Stack: (sp=0x000000000254e6a0)
0x000000000254e6a0:   00000000598be000 00000000001e9b00
0x000000000254e6b0:   0000000000000000 0000000000000400
0x000000000254e6c0:   000000005b50d200 00000000000000ff
0x000000000254e6d0:   0000000000000000 0000000000000001
0x000000000254e6e0:   00000000002e65b0 000007feeabfcc57
0x000000000254e6f0:   00000000598be000 c2811f81bfae14cb
0x000000000254e700:   c170b7adc1b8d796 000000003fae0be3
0x000000000254e710:   0000000000000001 000007feeac1bbd3
0x000000000254e720:   000000005c6a9670 001e9b0000000000
0x000000000254e730:   c054000000000000 0000000000000000
0x000000000254e740:   000000005c7543e0 0000000059929470
0x000000000254e750:   000000005c6a9468 000000005c6a9300
0x000000000254e760:   0000000000000001 000000005c6fc9c0
0x000000000254e770:   00000000598be000 000007feeac34e78
0x000000000254e780:   0000000000000002 000000005c6fcd01
0x000000000254e790:   000000005c6a9468 0000000000000000 

Instructions: (pc=0x000007feeaa01f44)
0x000007feeaa01f24:   d1 49 c1 eb 04 4d 85 db 0f 84 24 02 00 00 f3 0f
0x000007feeaa01f34:   6f 02 41 ff c2 48 83 c1 10 41 8b c2 48 83 c2 10
0x000007feeaa01f44:   f3 0f 7f 41 f0 49 3b c3 72 e4 e9 03 02 00 00 48
0x000007feeaa01f54:   89 7c 24 40 8b f9 83 e7 0f 74 68 48 89 5c 24 50 


Register to memory mapping:

RAX=0x0000000000000001 is an unknown value
RBX=0x00000000598be000 is an unknown value
RCX=0x000000000240a010 is an unknown value
RDX=0x000000005c6a9680 is an unknown value
RSP=0x000000000254e6a0 is pointing into the stack for thread: 0x00000000001ff000
RBP=0x000000005b4ad790 is an unknown value
RSI=0x000000005b4af4a0 is an unknown value
RDI=0x000000005c6a9300 is an unknown value
R8 =0x0000000000000020 is an unknown value
R9 =0x0000000000000000 is an unknown value
R10=0x0000000000000001 is an unknown value
R11=0x0000000000000002 is an unknown value
R12=0x0000000000000000 is an unknown value
R13=0x000000005c6d9310 is an unknown value
R14=0x0000000000000000 is an unknown value
R15=0x0000000000000000 is an unknown value


Stack: [0x0000000002450000,0x0000000002550000],  sp=0x000000000254e6a0,  free space=1017k
Native frames: (J=compiled Java code, j=interpreted, Vv=VM code, C=native code)
C  [ig7icd64.dll+0x21f44]
C  [ig7icd64.dll+0x21cc57]
C  [ig7icd64.dll+0x254e78]
C  [ig7icd64.dll+0x1fe146]
C  [ig7icd64.dll+0x156d58]
C  [ig7icd64.dll+0x2dc07c]
C  [ig7icd64.dll+0x3ba832]
C  [ig7icd64.dll+0x4f6201]
C  [ig7icd64.dll+0x47433f]
C  [ig7icd64.dll+0x474abc]
C  0x000000000297614a

Java frames: (J=compiled Java code, j=interpreted, Vv=VM code)
J 1967  org.lwjgl.opengl.GL11.nglCallList(IJ)V (0 bytes) @ 0x00000000029760c4 [0x0000000002976080+0x44]
J 2042 C2 map.CubeMap$$Lambda$159.accept(Ljava/lang/Object;Ljava/lang/Object;)V (12 bytes) @ 0x0000000002ca64c8 [0x0000000002ca63c0+0x108]
J 2272 C2 map.Editor$$Lambda$119.run()V (4 bytes) @ 0x0000000002d43bd0 [0x0000000002d43720+0x4b0]
J 1205 C2 engine.EventStream$$Lambda$2.accept(Ljava/lang/Object;)V (12 bytes) @ 0x0000000002c2cf48 [0x0000000002c2cf00+0x48]
J 1207 C2 engine.EventStream.sendEvent()V (27 bytes) @ 0x0000000002c2f04c [0x0000000002c2edc0+0x28c]
J 1983 C2 engine.Core$$Lambda$54.accept(Ljava/lang/Object;)V (8 bytes) @ 0x0000000002bd8254 [0x0000000002bd8220+0x34]
J 2176 C2 java.lang.Iterable.forEach(Ljava/util/function/Consumer;)V (39 bytes) @ 0x0000000002d205dc [0x0000000002d204a0+0x13c]
J 891% C2 engine.Core.run()V (114 bytes) @ 0x0000000002b45aa8 [0x0000000002b459e0+0xc8]
j  map.Editor.start(Ljava/lang/String;Ljava/lang/String;)V+489
j  guis.Join.recieve(Ljava/lang/String;Ljava/lang/Object;)V+38
j  gui.components.GUICommandField.send()V+33
j  gui.TypingManager.lambda$null$8()V+9
j  gui.TypingManager$$Lambda$37.run()V+0
J 1205 C2 engine.EventStream$$Lambda$2.accept(Ljava/lang/Object;)V (12 bytes) @ 0x0000000002c2cf48 [0x0000000002c2cf00+0x48]
J 1191 C2 engine.EventStream$$Lambda$34.accept(Ljava/lang/Object;)V (10 bytes) @ 0x0000000002c243e8 [0x0000000002c243a0+0x48]
J 1102 C2 java.util.ArrayList.forEach(Ljava/util/function/Consumer;)V (75 bytes) @ 0x0000000002bc8b14 [0x0000000002bc8a60+0xb4]
J 1066 C1 engine.Signal$$Lambda$5.accept(Ljava/lang/Object;)V (16 bytes) @ 0x0000000002bad5ac [0x0000000002bace00+0x7ac]
J 1191 C2 engine.EventStream$$Lambda$34.accept(Ljava/lang/Object;)V (10 bytes) @ 0x0000000002c243e8 [0x0000000002c243a0+0x48]
J 1102 C2 java.util.ArrayList.forEach(Ljava/util/function/Consumer;)V (75 bytes) @ 0x0000000002bc8b14 [0x0000000002bc8a60+0xb4]
J 1134 C1 engine.Input.lambda$static$45()V (417 bytes) @ 0x0000000002be302c [0x0000000002be1160+0x1ecc]
J 1133 C1 engine.Input$$Lambda$1.run()V (4 bytes) @ 0x0000000002befc7c [0x0000000002befc00+0x7c]
J 1205 C2 engine.EventStream$$Lambda$2.accept(Ljava/lang/Object;)V (12 bytes) @ 0x0000000002c2cf48 [0x0000000002c2cf00+0x48]
J 1207 C2 engine.EventStream.sendEvent()V (27 bytes) @ 0x0000000002c2f04c [0x0000000002c2edc0+0x28c]
J 1230 C2 java.lang.Iterable.forEach(Ljava/util/function/Consumer;)V (39 bytes) @ 0x0000000002c313cc [0x0000000002c312a0+0x12c]
J 891% C2 engine.Core.run()V (114 bytes) @ 0x0000000002b45a74 [0x0000000002b459e0+0x94]
j  invisibleman.Client.main([Ljava/lang/String;)V+146
v  ~StubRoutines::call_stub

---------------  P R O C E S S  ---------------

Java Threads: ( => current thread )
  0x0000000058fd6800 JavaThread "AWT-Windows" daemon [_thread_in_native, id=3864, stack(0x000000005e810000,0x000000005e910000)]
  0x0000000058fca800 JavaThread "Java2D Disposer" daemon [_thread_blocked, id=2616, stack(0x000000005e520000,0x000000005e620000)]
  0x0000000058daa000 JavaThread "Service Thread" daemon [_thread_blocked, id=6280, stack(0x0000000059330000,0x0000000059430000)]
  0x000000005737c000 JavaThread "C1 CompilerThread2" daemon [_thread_blocked, id=5696, stack(0x0000000058aa0000,0x0000000058ba0000)]
  0x000000005737b000 JavaThread "C2 CompilerThread1" daemon [_thread_blocked, id=4576, stack(0x0000000058c50000,0x0000000058d50000)]
  0x0000000057376800 JavaThread "C2 CompilerThread0" daemon [_thread_blocked, id=3848, stack(0x00000000589a0000,0x0000000058aa0000)]
  0x0000000057373800 JavaThread "Attach Listener" daemon [_thread_blocked, id=3572, stack(0x00000000587b0000,0x00000000588b0000)]
  0x0000000057371000 JavaThread "Signal Dispatcher" daemon [_thread_blocked, id=5252, stack(0x0000000058520000,0x0000000058620000)]
  0x0000000057317000 JavaThread "Finalizer" daemon [_thread_blocked, id=5876, stack(0x0000000058680000,0x0000000058780000)]
  0x0000000057310000 JavaThread "Reference Handler" daemon [_thread_blocked, id=7080, stack(0x00000000583f0000,0x00000000584f0000)]
=>0x00000000001ff000 JavaThread "main" [_thread_in_native, id=6176, stack(0x0000000002450000,0x0000000002550000)]

Other Threads:
  0x000000005730a800 VMThread [stack: 0x00000000582a0000,0x00000000583a0000] [id=3364]
  0x0000000058db1000 WatcherThread [stack: 0x0000000059230000,0x0000000059330000] [id=6028]

VM state:not at safepoint (normal execution)

VM Mutex/Monitor currently owned by a thread: None

Heap:
 PSYoungGen      total 314880K, used 49892K [0x00000000d6580000, 0x00000000f6200000, 0x0000000100000000)
  eden space 313344K, 15% used [0x00000000d6580000,0x00000000d9629348,0x00000000e9780000)
  from space 1536K, 4% used [0x00000000f5f00000,0x00000000f5f10000,0x00000000f6080000)
  to   space 1024K, 0% used [0x00000000f6100000,0x00000000f6100000,0x00000000f6200000)
 ParOldGen       total 86016K, used 13323K [0x0000000083000000, 0x0000000088400000, 0x00000000d6580000)
  object space 86016K, 15% used [0x0000000083000000,0x0000000083d02e28,0x0000000088400000)
 Metaspace       used 11164K, capacity 11865K, committed 12160K, reserved 1060864K
  class space    used 1185K, capacity 1339K, committed 1408K, reserved 1048576K

Card table byte_map: [0x0000000011be0000,0x0000000011fd0000] byte_map_base: 0x00000000117c8000

Marking Bits: (ParMarkBitMap*) 0x0000000063d2a5b0
 Begin Bits: [0x0000000012710000, 0x0000000014650000)
 End Bits:   [0x0000000014650000, 0x0000000016590000)

Polling page: 0x0000000000440000

CodeCache: size=245760Kb used=6654Kb max_used=7116Kb free=239105Kb
 bounds [0x0000000002820000, 0x0000000002f20000, 0x0000000011820000]
 total_blobs=2512 nmethods=1938 adapters=486
 compilation: enabled

Compilation events (10 events):
Event: 96.964 Thread 0x000000005737b000 2277       4       map.CubeMap::getChunk (79 bytes)
Event: 96.969 Thread 0x000000005737b000 nmethod 2277 0x0000000002d3ff10 code [0x0000000002d400c0, 0x0000000002d40658]
Event: 96.969 Thread 0x000000005737b000 2278       4       java.net.SocketOutputStream::write (19 bytes)
Event: 96.971 Thread 0x000000005737b000 nmethod 2278 0x0000000002b63150 code [0x0000000002b632c0, 0x0000000002b63828]
Event: 96.973 Thread 0x000000005737b000 2279       4       network.NetworkUtils$$Lambda$65/688726285::write (13 bytes)
Event: 96.978 Thread 0x000000005737b000 nmethod 2279 0x0000000002d6fbd0 code [0x0000000002d6fd80, 0x0000000002d70598]
Event: 96.997 Thread 0x0000000057376800 2280       4       util.Vec3::glVertex (16 bytes)
Event: 96.999 Thread 0x0000000057376800 nmethod 2280 0x0000000002c2b050 code [0x0000000002c2b1a0, 0x0000000002c2b2e8]
Event: 97.283 Thread 0x000000005737c000 2281       3       java.lang.Byte::valueOf (10 bytes)
Event: 97.283 Thread 0x000000005737c000 nmethod 2281 0x0000000002d91d90 code [0x0000000002d91ee0, 0x0000000002d92050]

GC Heap History (10 events):
Event: 88.376 GC heap before
{Heap before GC invocations=45 (full 0):
 PSYoungGen      total 395264K, used 394784K [0x00000000d6580000, 0x00000000f6400000, 0x0000000100000000)
  eden space 394752K, 100% used [0x00000000d6580000,0x00000000ee700000,0x00000000ee700000)
  from space 512K, 6% used [0x00000000f6380000,0x00000000f6388000,0x00000000f6400000)
  to   space 1536K, 0% used [0x00000000f6100000,0x00000000f6100000,0x00000000f6280000)
 ParOldGen       total 86016K, used 13299K [0x0000000083000000, 0x0000000088400000, 0x00000000d6580000)
  object space 86016K, 15% used [0x0000000083000000,0x0000000083cfce28,0x0000000088400000)
 Metaspace       used 11149K, capacity 11859K, committed 12160K, reserved 1060864K
  class space    used 1181K, capacity 1338K, committed 1408K, reserved 1048576K
Event: 88.377 GC heap after
Heap after GC invocations=45 (full 0):
 PSYoungGen      total 378368K, used 32K [0x00000000d6580000, 0x00000000f6400000, 0x0000000100000000)
  eden space 376832K, 0% used [0x00000000d6580000,0x00000000d6580000,0x00000000ed580000)
  from space 1536K, 2% used [0x00000000f6100000,0x00000000f6108000,0x00000000f6280000)
  to   space 1536K, 0% used [0x00000000f6280000,0x00000000f6280000,0x00000000f6400000)
 ParOldGen       total 86016K, used 13307K [0x0000000083000000, 0x0000000088400000, 0x00000000d6580000)
  object space 86016K, 15% used [0x0000000083000000,0x0000000083cfee28,0x0000000088400000)
 Metaspace       used 11149K, capacity 11859K, committed 12160K, reserved 1060864K
  class space    used 1181K, capacity 1338K, committed 1408K, reserved 1048576K
}
Event: 96.992 GC heap before
{Heap before GC invocations=46 (full 0):
 PSYoungGen      total 378368K, used 376864K [0x00000000d6580000, 0x00000000f6400000, 0x0000000100000000)
  eden space 376832K, 100% used [0x00000000d6580000,0x00000000ed580000,0x00000000ed580000)
  from space 1536K, 2% used [0x00000000f6100000,0x00000000f6108000,0x00000000f6280000)
  to   space 1536K, 0% used [0x00000000f6280000,0x00000000f6280000,0x00000000f6400000)
 ParOldGen       total 86016K, used 13307K [0x0000000083000000, 0x0000000088400000, 0x00000000d6580000)
  object space 86016K, 15% used [0x0000000083000000,0x0000000083cfee28,0x0000000088400000)
 Metaspace       used 11154K, capacity 11863K, committed 12160K, reserved 1060864K
  class space    used 1182K, capacity 1338K, committed 1408K, reserved 1048576K
Event: 96.992 GC heap after
Heap after GC invocations=46 (full 0):
 PSYoungGen      total 360448K, used 64K [0x00000000d6580000, 0x00000000f6300000, 0x0000000100000000)
  eden space 359936K, 0% used [0x00000000d6580000,0x00000000d6580000,0x00000000ec500000)
  from space 512K, 12% used [0x00000000f6280000,0x00000000f6290000,0x00000000f6300000)
  to   space 1536K, 0% used [0x00000000f6000000,0x00000000f6000000,0x00000000f6180000)
 ParOldGen       total 86016K, used 13307K [0x0000000083000000, 0x0000000088400000, 0x00000000d6580000)
  object space 86016K, 15% used [0x0000000083000000,0x0000000083cfee28,0x0000000088400000)
 Metaspace       used 11154K, capacity 11863K, committed 12160K, reserved 1060864K
  class space    used 1182K, capacity 1338K, committed 1408K, reserved 1048576K
}
Event: 97.129 GC heap before
{Heap before GC invocations=47 (full 0):
 PSYoungGen      total 360448K, used 360000K [0x00000000d6580000, 0x00000000f6300000, 0x0000000100000000)
  eden space 359936K, 100% used [0x00000000d6580000,0x00000000ec500000,0x00000000ec500000)
  from space 512K, 12% used [0x00000000f6280000,0x00000000f6290000,0x00000000f6300000)
  to   space 1536K, 0% used [0x00000000f6000000,0x00000000f6000000,0x00000000f6180000)
 ParOldGen       total 86016K, used 13307K [0x0000000083000000, 0x0000000088400000, 0x00000000d6580000)
  object space 86016K, 15% used [0x0000000083000000,0x0000000083cfee28,0x0000000088400000)
 Metaspace       used 11154K, capacity 11863K, committed 12160K, reserved 1060864K
  class space    used 1182K, capacity 1338K, committed 1408K, reserved 1048576K
Event: 97.129 GC heap after
Heap after GC invocations=47 (full 0):
 PSYoungGen      total 345088K, used 32K [0x00000000d6580000, 0x00000000f6300000, 0x0000000100000000)
  eden space 343552K, 0% used [0x00000000d6580000,0x00000000d6580000,0x00000000eb500000)
  from space 1536K, 2% used [0x00000000f6000000,0x00000000f6008000,0x00000000f6180000)
  to   space 1536K, 0% used [0x00000000f6180000,0x00000000f6180000,0x00000000f6300000)
 ParOldGen       total 86016K, used 13323K [0x0000000083000000, 0x0000000088400000, 0x00000000d6580000)
  object space 86016K, 15% used [0x0000000083000000,0x0000000083d02e28,0x0000000088400000)
 Metaspace       used 11154K, capacity 11863K, committed 12160K, reserved 1060864K
  class space    used 1182K, capacity 1338K, committed 1408K, reserved 1048576K
}
Event: 97.260 GC heap before
{Heap before GC invocations=48 (full 0):
 PSYoungGen      total 345088K, used 343584K [0x00000000d6580000, 0x00000000f6300000, 0x0000000100000000)
  eden space 343552K, 100% used [0x00000000d6580000,0x00000000eb500000,0x00000000eb500000)
  from space 1536K, 2% used [0x00000000f6000000,0x00000000f6008000,0x00000000f6180000)
  to   space 1536K, 0% used [0x00000000f6180000,0x00000000f6180000,0x00000000f6300000)
 ParOldGen       total 86016K, used 13323K [0x0000000083000000, 0x0000000088400000, 0x00000000d6580000)
  object space 86016K, 15% used [0x0000000083000000,0x0000000083d02e28,0x0000000088400000)
 Metaspace       used 11154K, capacity 11863K, committed 12160K, reserved 1060864K
  class space    used 1182K, capacity 1338K, committed 1408K, reserved 1048576K
Event: 97.260 GC heap after
Heap after GC invocations=48 (full 0):
 PSYoungGen      total 328704K, used 32K [0x00000000d6580000, 0x00000000f6200000, 0x0000000100000000)
  eden space 328192K, 0% used [0x00000000d6580000,0x00000000d6580000,0x00000000ea600000)
  from space 512K, 6% used [0x00000000f6180000,0x00000000f6188000,0x00000000f6200000)
  to   space 1536K, 0% used [0x00000000f5f00000,0x00000000f5f00000,0x00000000f6080000)
 ParOldGen       total 86016K, used 13323K [0x0000000083000000, 0x0000000088400000, 0x00000000d6580000)
  object space 86016K, 15% used [0x0000000083000000,0x0000000083d02e28,0x0000000088400000)
 Metaspace       used 11154K, capacity 11863K, committed 12160K, reserved 1060864K
  class space    used 1182K, capacity 1338K, committed 1408K, reserved 1048576K
}
Event: 97.382 GC heap before
{Heap before GC invocations=49 (full 0):
 PSYoungGen      total 328704K, used 328224K [0x00000000d6580000, 0x00000000f6200000, 0x0000000100000000)
  eden space 328192K, 100% used [0x00000000d6580000,0x00000000ea600000,0x00000000ea600000)
  from space 512K, 6% used [0x00000000f6180000,0x00000000f6188000,0x00000000f6200000)
  to   space 1536K, 0% used [0x00000000f5f00000,0x00000000f5f00000,0x00000000f6080000)
 ParOldGen       total 86016K, used 13323K [0x0000000083000000, 0x0000000088400000, 0x00000000d6580000)
  object space 86016K, 15% used [0x0000000083000000,0x0000000083d02e28,0x0000000088400000)
 Metaspace       used 11164K, capacity 11865K, committed 12160K, reserved 1060864K
  class space    used 1185K, capacity 1339K, committed 1408K, reserved 1048576K
Event: 97.382 GC heap after
Heap after GC invocations=49 (full 0):
 PSYoungGen      total 314880K, used 64K [0x00000000d6580000, 0x00000000f6200000, 0x0000000100000000)
  eden space 313344K, 0% used [0x00000000d6580000,0x00000000d6580000,0x00000000e9780000)
  from space 1536K, 4% used [0x00000000f5f00000,0x00000000f5f10000,0x00000000f6080000)
  to   space 1024K, 0% used [0x00000000f6100000,0x00000000f6100000,0x00000000f6200000)
 ParOldGen       total 86016K, used 13323K [0x0000000083000000, 0x0000000088400000, 0x00000000d6580000)
  object space 86016K, 15% used [0x0000000083000000,0x0000000083d02e28,0x0000000088400000)
 Metaspace       used 11164K, capacity 11865K, committed 12160K, reserved 1060864K
  class space    used 1185K, capacity 1339K, committed 1408K, reserved 1048576K
}

Deoptimization events (10 events):
Event: 51.615 Thread 0x00000000001ff000 Uncommon trap: reason=predicate action=maybe_recompile pc=0x0000000002de1e44 method=java.util.stream.ReferencePipeline.forEachWithCancel(Ljava/util/Spliterator;Ljava/util/stream/Sink;)V @ 9
Event: 63.971 Thread 0x00000000001ff000 Uncommon trap: reason=class_check action=maybe_recompile pc=0x0000000002ecb17c method=java.util.stream.AbstractPipeline.copyIntoWithCancel(Ljava/util/stream/Sink;Ljava/util/Spliterator;)V @ 19
Event: 64.731 Thread 0x00000000001ff000 Uncommon trap: reason=unstable_if action=reinterpret pc=0x0000000002ed77c0 method=org.lwjgl.input.Keyboard.readNext(Lorg/lwjgl/input/Keyboard$KeyEvent;)Z @ 73
Event: 66.711 Thread 0x00000000001ff000 Uncommon trap: reason=class_check action=maybe_recompile pc=0x0000000002ecb17c method=java.util.stream.AbstractPipeline.copyIntoWithCancel(Ljava/util/stream/Sink;Ljava/util/Spliterator;)V @ 19
Event: 66.712 Thread 0x00000000001ff000 Uncommon trap: reason=unstable_if action=reinterpret pc=0x0000000002e2f9bc method=map.CubeMap.setCube(IIILmap/CubeType;)V @ 10
Event: 66.957 Thread 0x00000000001ff000 Uncommon trap: reason=unstable_if action=reinterpret pc=0x0000000002ec7594 method=map.Editor.lambda$start$182(Lutil/Mutable;)V @ 272
Event: 71.872 Thread 0x00000000001ff000 Uncommon trap: reason=class_check action=maybe_recompile pc=0x0000000002ecb17c method=java.util.stream.AbstractPipeline.copyIntoWithCancel(Ljava/util/stream/Sink;Ljava/util/Spliterator;)V @ 19
Event: 74.482 Thread 0x00000000001ff000 Uncommon trap: reason=unstable_if action=reinterpret pc=0x0000000002efd744 method=java.util.stream.ReferencePipeline.forEachWithCancel(Ljava/util/Spliterator;Ljava/util/stream/Sink;)V @ 16
Event: 74.482 Thread 0x00000000001ff000 Uncommon trap: reason=unstable_if action=reinterpret pc=0x0000000002dcb8f4 method=java.util.stream.FindOps$FindSink$OfRef.get()Ljava/util/Optional; @ 4
Event: 97.283 Thread 0x0000000060e77800 Uncommon trap: reason=bimorphic action=maybe_recompile pc=0x0000000002d20930 method=java.lang.Iterable.forEach(Ljava/util/function/Consumer;)V @ 6

Internal exceptions (10 events):
Event: 0.659 Thread 0x00000000001ff000 Exception <a 'java/security/PrivilegedActionException'> (0x00000000d6bee1a0) thrown at [C:\workspace\8-2-build-windows-amd64-cygwin\jdk8u65\4987\hotspot\src\share\vm\prims\jvm.cpp, line 1386]
Event: 0.659 Thread 0x00000000001ff000 Exception <a 'java/security/PrivilegedActionException'> (0x00000000d6bee3b0) thrown at [C:\workspace\8-2-build-windows-amd64-cygwin\jdk8u65\4987\hotspot\src\share\vm\prims\jvm.cpp, line 1386]
Event: 0.660 Thread 0x00000000001ff000 Exception <a 'java/security/PrivilegedActionException'> (0x00000000d6bf21f8) thrown at [C:\workspace\8-2-build-windows-amd64-cygwin\jdk8u65\4987\hotspot\src\share\vm\prims\jvm.cpp, line 1386]
Event: 0.660 Thread 0x00000000001ff000 Exception <a 'java/security/PrivilegedActionException'> (0x00000000d6bf2408) thrown at [C:\workspace\8-2-build-windows-amd64-cygwin\jdk8u65\4987\hotspot\src\share\vm\prims\jvm.cpp, line 1386]
Event: 0.662 Thread 0x00000000001ff000 Exception <a 'java/io/FileNotFoundException'> (0x00000000d6bf47f0) thrown at [C:\workspace\8-2-build-windows-amd64-cygwin\jdk8u65\4987\hotspot\src\share\vm\prims\jni.cpp, line 709]
Event: 0.691 Thread 0x00000000001ff000 Exception <a 'java/io/FileNotFoundException'> (0x00000000d6c361a8) thrown at [C:\workspace\8-2-build-windows-amd64-cygwin\jdk8u65\4987\hotspot\src\share\vm\prims\jni.cpp, line 709]
Event: 34.253 Thread 0x00000000001ff000 Implicit null exception at 0x0000000002cda448 to 0x0000000002cda4d6
Event: 34.253 Thread 0x00000000001ff000 Implicit null exception at 0x0000000002a3622f to 0x0000000002a362e1
Event: 97.282 Thread 0x0000000060e77800 Exception <a 'sun/net/ConnectionResetException': > (0x00000000d9ef5728) thrown at [C:\workspace\8-2-build-windows-amd64-cygwin\jdk8u65\4987\hotspot\src\share\vm\prims\jni.cpp, line 735]
Event: 97.282 Thread 0x0000000060e77800 Exception <a 'sun/net/ConnectionResetException': > (0x00000000d9ef5958) thrown at [C:\workspace\8-2-build-windows-amd64-cygwin\jdk8u65\4987\hotspot\src\share\vm\prims\jni.cpp, line 735]

Events (10 events):
Event: 97.283 Thread 0x0000000060e77800 Uncommon trap: trap_request=0xffffffc6 fr.pc=0x0000000002d20930
Event: 97.283 Thread 0x0000000060e77800 DEOPT PACKING pc=0x0000000002d20930 sp=0x000000005e72f390
Event: 97.283 Thread 0x0000000060e77800 DEOPT UNPACKING pc=0x000000000286582a sp=0x000000005e72f338 mode 2
Event: 97.283 loading class java/util/LinkedList$ListItr
Event: 97.283 loading class java/util/LinkedList$ListItr done
Event: 97.283 Executing VM operation: RevokeBias
Event: 97.284 Executing VM operation: RevokeBias done
Event: 97.284 Thread 0x0000000060e77800 Thread exited: 0x0000000060e77800
Event: 97.382 Executing VM operation: ParallelGCFailedAllocation
Event: 97.383 Executing VM operation: ParallelGCFailedAllocation done


Dynamic libraries:
0x000000013fcb0000 - 0x000000013fce7000 	C:\Program Files\Java\jdk1.8.0_65\bin\java.exe
0x00000000774d0000 - 0x000000007767a000 	C:\Windows\SYSTEM32\ntdll.dll
0x00000000772b0000 - 0x00000000773cf000 	C:\Windows\system32\kernel32.dll
0x000007fefd370000 - 0x000007fefd3db000 	C:\Windows\system32\KERNELBASE.dll
0x000007feff110000 - 0x000007feff1eb000 	C:\Windows\system32\ADVAPI32.dll
0x000007fefe040000 - 0x000007fefe0df000 	C:\Windows\system32\msvcrt.dll
0x000007fefd910000 - 0x000007fefd92f000 	C:\Windows\SYSTEM32\sechost.dll
0x000007feff6b0000 - 0x000007feff7dd000 	C:\Windows\system32\RPCRT4.dll
0x00000000773d0000 - 0x00000000774ca000 	C:\Windows\system32\USER32.dll
0x000007feff430000 - 0x000007feff497000 	C:\Windows\system32\GDI32.dll
0x000007fefe0e0000 - 0x000007fefe0ee000 	C:\Windows\system32\LPK.dll
0x000007fefd930000 - 0x000007fefd9fa000 	C:\Windows\system32\USP10.dll
0x000007fefbb00000 - 0x000007fefbcf4000 	C:\Windows\WinSxS\amd64_microsoft.windows.common-controls_6595b64144ccf1df_6.0.7601.18837_none_fa3b1e3d17594757\COMCTL32.dll
0x000007feff200000 - 0x000007feff271000 	C:\Windows\system32\SHLWAPI.dll
0x000007fefd8e0000 - 0x000007fefd90e000 	C:\Windows\system32\IMM32.DLL
0x000007fefda00000 - 0x000007fefdb09000 	C:\Windows\system32\MSCTF.dll
0x0000000073230000 - 0x0000000073302000 	C:\Program Files\Java\jdk1.8.0_65\jre\bin\msvcr100.dll
0x0000000063520000 - 0x0000000063da9000 	C:\Program Files\Java\jdk1.8.0_65\jre\bin\server\jvm.dll
0x000007fef77a0000 - 0x000007fef77a9000 	C:\Windows\system32\WSOCK32.dll
0x000007fefd890000 - 0x000007fefd8dd000 	C:\Windows\system32\WS2_32.dll
0x000007feff1f0000 - 0x000007feff1f8000 	C:\Windows\system32\NSI.dll
0x000007fefa030000 - 0x000007fefa06b000 	C:\Windows\system32\WINMM.dll
0x000007fefc3b0000 - 0x000007fefc3bc000 	C:\Windows\system32\VERSION.dll
0x0000000077690000 - 0x0000000077697000 	C:\Windows\system32\PSAPI.DLL
0x00000000737e0000 - 0x00000000737ef000 	C:\Program Files\Java\jdk1.8.0_65\jre\bin\verify.dll
0x00000000737b0000 - 0x00000000737d9000 	C:\Program Files\Java\jdk1.8.0_65\jre\bin\java.dll
0x0000000073790000 - 0x00000000737a6000 	C:\Program Files\Java\jdk1.8.0_65\jre\bin\zip.dll
0x000007fefe380000 - 0x000007feff10a000 	C:\Windows\system32\SHELL32.dll
0x000007feff4a0000 - 0x000007feff6a3000 	C:\Windows\system32\ole32.dll
0x000007fefd250000 - 0x000007fefd25f000 	C:\Windows\system32\profapi.dll
0x0000000180000000 - 0x0000000180051000 	G:\OGPC 2016\OGPC 2016 Java\natives\lwjgl64.dll
0x000007fef3cb0000 - 0x000007fef3dcd000 	C:\Windows\system32\OPENGL32.dll
0x000007fef7300000 - 0x000007fef732d000 	C:\Windows\system32\GLU32.dll
0x000007fef24c0000 - 0x000007fef25b1000 	C:\Windows\system32\DDRAW.dll
0x000007fefa360000 - 0x000007fefa368000 	C:\Windows\system32\DCIMAN32.dll
0x000007fefd6b0000 - 0x000007fefd887000 	C:\Windows\system32\SETUPAPI.dll
0x000007fefd3e0000 - 0x000007fefd416000 	C:\Windows\system32\CFGMGR32.dll
0x000007fefdf60000 - 0x000007fefe038000 	C:\Windows\system32\OLEAUT32.dll
0x000007fefd270000 - 0x000007fefd28a000 	C:\Windows\system32\DEVOBJ.dll
0x000007fefa410000 - 0x000007fefa428000 	C:\Windows\system32\dwmapi.dll
0x000007fefbaa0000 - 0x000007fefbaf6000 	C:\Windows\system32\uxtheme.dll
0x0000000001d20000 - 0x0000000001d61000 	C:\Program Files (x86)\NetSupport\NetSupport School\pciappctrl64.dll
0x000007fef4f70000 - 0x000007fef5095000 	C:\Windows\system32\dbghelp.dll
0x000007fef5b70000 - 0x000007fef5b88000 	C:\Windows\system32\MPR.dll
0x00000000004c0000 - 0x00000000004e5000 	C:\Program Files (x86)\Common Files\NSL\NSCommonHook64.dll
0x000007feea9e0000 - 0x000007feeb213000 	C:\Windows\system32\ig7icd64.dll
0x000007feed520000 - 0x000007feed97f000 	C:\Windows\system32\igdusc64.dll
0x000007fefc100000 - 0x000007fefc111000 	C:\Windows\system32\WTSAPI32.dll
0x000007fefd0b0000 - 0x000007fefd0bf000 	C:\Windows\system32\CRYPTBASE.dll
0x000007fef40a0000 - 0x000007fef413c000 	C:\Windows\system32\mscms.dll
0x000007fefd350000 - 0x000007fefd36e000 	C:\Windows\system32\USERENV.dll
0x000007fef47d0000 - 0x000007fef4812000 	C:\Windows\system32\icm32.dll
0x0000000072b90000 - 0x0000000072d28000 	C:\Program Files\Java\jdk1.8.0_65\jre\bin\awt.dll
0x000007fefa440000 - 0x000007fefa44a000 	C:\Windows\System32\drprov.dll
0x000007fefd160000 - 0x000007fefd19d000 	C:\Windows\System32\WINSTA.dll
0x000007fefa270000 - 0x000007fefa292000 	C:\Windows\System32\ntlanman.dll
0x000007fef9fe0000 - 0x000007fef9ffd000 	C:\Windows\System32\davclnt.dll
0x000007fefa480000 - 0x000007fefa48a000 	C:\Windows\System32\DAVHLPR.dll
0x0000000073580000 - 0x00000000735c7000 	C:\Program Files\Java\jdk1.8.0_65\jre\bin\fontmanager.dll
0x00000000735f0000 - 0x000000007360a000 	C:\Program Files\Java\jdk1.8.0_65\jre\bin\net.dll
0x0000000012370000 - 0x0000000012394000 	C:\Program Files (x86)\Common Files\NSL\nslsp64.dll
0x000007fefc9f0000 - 0x000007fefca45000 	C:\Windows\system32\mswsock.dll
0x000007fefc9e0000 - 0x000007fefc9e7000 	C:\Windows\System32\wship6.dll
0x00000000735d0000 - 0x00000000735e1000 	C:\Program Files\Java\jdk1.8.0_65\jre\bin\nio.dll
0x0000000071f60000 - 0x0000000071fa2000 	C:\Program Files\Java\jdk1.8.0_65\jre\bin\t2k.dll

VM Arguments:
jvm_args: -Dfile.encoding=UTF-8 -Dorg.lwjgl.opengl.Display.allowSoftwareOpenGL=true 
java_command: invisibleman.Client
java_class_path (initial): G:\OGPC 2016\OGPC 2016 Java\lib\jfxrt.jar;G:\OGPC 2016\OGPC 2016 Java\lib\jinput.jar;G:\OGPC 2016\OGPC 2016 Java\lib\lwjgl.jar;G:\OGPC 2016\OGPC 2016 Java\lib\lwjgl_util.jar;G:\OGPC 2016\OGPC 2016 Java\lib\slick-util.jar;G:\OGPC 2016\OGPC 2016 Java\lib\protonpack-1.1.jar;G:\OGPC 2016\OGPC 2016 Java\lib\Forge.jar;G:\OGPC 2016\OGPC 2016 Java\build\classes
Launcher Type: SUN_STANDARD

Environment Variables:
PATH=C:\Program Files\Common Files\Microsoft Shared\Windows Live;C:\Program Files (x86)\Common Files\Microsoft Shared\Windows Live;C:\ProgramData\Oracle\Java\javapath;C:\Windows\system32;C:\Windows;C:\Windows\System32\Wbem;C:\Windows\System32\WindowsPowerShell\v1.0\;C:\Program Files\Intel\WiFi\bin\;C:\Program Files\Common Files\Intel\WirelessCommon\;C:\Program Files (x86)\Intel\OpenCL SDK\2.0\bin\x86;C:\Program Files (x86)\Intel\OpenCL SDK\2.0\bin\x64;C:\SWTOOLS\ReadyApps;C:\Program Files (x86)\QuickTime\QTSystem\;C:\Program Files (x86)\Windows Live\Shared;C:\Program Files\Intel\WiFi\bin\;C:\Program Files\Common Files\Intel\WirelessCommon\
USERNAME=isedgewick17
OS=Windows_NT
PROCESSOR_IDENTIFIER=Intel64 Family 6 Model 58 Stepping 9, GenuineIntel



---------------  S Y S T E M  ---------------

OS: Windows 7 , 64 bit Build 7601 (6.1.7601.19160)

CPU:total 4 (2 cores per cpu, 2 threads per core) family 6 model 58 stepping 9, cmov, cx8, fxsr, mmx, sse, sse2, sse3, ssse3, sse4.1, sse4.2, popcnt, avx, clmul, erms, ht, tsc, tscinvbit, tscinv

Memory: 4k page, physical 8186072k(5019476k free), swap 16370308k(12397568k free)

vm_info: Java HotSpot(TM) 64-Bit Server VM (25.65-b01) for windows-amd64 JRE (1.8.0_65-b17), built on Oct  6 2015 16:39:20 by "java_re" with MS VC++ 10.0 (VS2010)

time: Tue Apr 19 15:00:53 2016
elapsed time: 97 seconds (0d 0h 1m 37s)

