#
# A fatal error has been detected by the Java Runtime Environment:
#
#  EXCEPTION_ACCESS_VIOLATION (0xc0000005) at pc=0x000007feeaa01f44, pid=4576, tid=5456
#
# JRE version: Java(TM) SE Runtime Environment (8.0_65-b17) (build 1.8.0_65-b17)
# Java VM: Java HotSpot(TM) 64-Bit Server VM (25.65-b01 mixed mode windows-amd64 compressed oops)
# Problematic frame:
# C  [ig7icd64.dll+0x21f44]
#
# Failed to write core dump. Minidumps are not enabled by default on client versions of Windows
#
# If you would like to submit a bug report, please visit:
#   http://bugreport.java.com/bugreport/crash.jsp
# The crash happened outside the Java Virtual Machine in native code.
# See problematic frame for where to report the bug.
#

---------------  T H R E A D  ---------------

Current thread (0x00000000021ef000):  JavaThread "main" [_thread_in_native, id=5456, stack(0x0000000002550000,0x0000000002650000)]

siginfo: ExceptionCode=0xc0000005, writing address 0x00000000021ca000

Registers:
RAX=0x0000000000000001, RBX=0x0000000059c6e000, RCX=0x00000000021ca010, RDX=0x000000005c644100
RSP=0x000000000264deb0, RBP=0x000000005b488340, RSI=0x000000005b48a050, RDI=0x000000005c643d80
R8 =0x0000000000000020, R9 =0x0000000000000000, R10=0x0000000000000001, R11=0x0000000000000002
R12=0x0000000000000000, R13=0x000000005c647b60, R14=0x0000000000000000, R15=0x0000000000000000
RIP=0x000007feeaa01f44, EFLAGS=0x0000000000010206

Top of Stack: (sp=0x000000000264deb0)
0x000000000264deb0:   000000000000003c 00000000f2cbeb88
0x000000000264dec0:   0000000016bb1320 0000000060700229
0x000000000264ded0:   000000000264df18 0000000060700428
0x000000000264dee0:   0000000000000000 0000000000000000
0x000000000264def0:   0000000059cf5620 000007feeabfcc57
0x000000000264df00:   0000000059c6e000 c1e3bcc6bfae14c8
0x000000000264df10:   c27e8edbc1f198c2 000000003fae0be0
0x000000000264df20:   0000000000000001 000007feeac1bbd3
0x000000000264df30:   000000005c6440f0 0000000000000000
0x000000000264df40:   c034000000000000 0000000000000000
0x000000000264df50:   000000005c6e01c0 0000000059cd9470
0x000000000264df60:   000000005c643ee8 000000005c643d80
0x000000000264df70:   0000000000000001 000000005c688e30
0x000000000264df80:   0000000059c6e000 000007feeac34e78
0x000000000264df90:   0000000000000002 000000005c689101
0x000000000264dfa0:   000000005c643ee8 0000000000000000 

Instructions: (pc=0x000007feeaa01f44)
0x000007feeaa01f24:   d1 49 c1 eb 04 4d 85 db 0f 84 24 02 00 00 f3 0f
0x000007feeaa01f34:   6f 02 41 ff c2 48 83 c1 10 41 8b c2 48 83 c2 10
0x000007feeaa01f44:   f3 0f 7f 41 f0 49 3b c3 72 e4 e9 03 02 00 00 48
0x000007feeaa01f54:   89 7c 24 40 8b f9 83 e7 0f 74 68 48 89 5c 24 50 


Register to memory mapping:

RAX=0x0000000000000001 is an unknown value
RBX=0x0000000059c6e000 is an unknown value
RCX=0x00000000021ca010 is an unknown value
RDX=0x000000005c644100 is an unknown value
RSP=0x000000000264deb0 is pointing into the stack for thread: 0x00000000021ef000
RBP=0x000000005b488340 is an unknown value
RSI=0x000000005b48a050 is an unknown value
RDI=0x000000005c643d80 is an unknown value
R8 =0x0000000000000020 is an unknown value
R9 =0x0000000000000000 is an unknown value
R10=0x0000000000000001 is an unknown value
R11=0x0000000000000002 is an unknown value
R12=0x0000000000000000 is an unknown value
R13=0x000000005c647b60 is an unknown value
R14=0x0000000000000000 is an unknown value
R15=0x0000000000000000 is an unknown value


Stack: [0x0000000002550000,0x0000000002650000],  sp=0x000000000264deb0,  free space=1015k
Native frames: (J=compiled Java code, j=interpreted, Vv=VM code, C=native code)
C  [ig7icd64.dll+0x21f44]
C  [ig7icd64.dll+0x21cc57]
C  [ig7icd64.dll+0x254e78]
C  [ig7icd64.dll+0x1fe146]
C  [ig7icd64.dll+0x156d58]
C  [ig7icd64.dll+0x2dc07c]
C  [ig7icd64.dll+0x3ba832]
C  [ig7icd64.dll+0x4f6201]
C  [ig7icd64.dll+0x47433f]
C  [ig7icd64.dll+0x474abc]
C  0x0000000002edfeca

Java frames: (J=compiled Java code, j=interpreted, Vv=VM code)
J 1766  org.lwjgl.opengl.GL11.nglCallList(IJ)V (0 bytes) @ 0x0000000002edfe44 [0x0000000002edfe00+0x44]
J 1889 C2 map.CubeMap$$Lambda$124.accept(Ljava/lang/Object;Ljava/lang/Object;)V (12 bytes) @ 0x0000000002f826c8 [0x0000000002f825c0+0x108]
J 1724 C2 util.Util$$Lambda$66.accept(Ljava/lang/Object;)V (20 bytes) @ 0x0000000002e8c3c0 [0x0000000002e8c340+0x80]
J 1464 C2 util.Util.forRange(IILjava/util/function/Consumer;)V (24 bytes) @ 0x0000000002dfdb28 [0x0000000002dfd860+0x2c8]
J 1966 C1 map.CubeMap.drawAll()V (49 bytes) @ 0x0000000002fc81ac [0x0000000002fc7060+0x114c]
J 1962 C1 map.Editor$$Lambda$83.run()V (4 bytes) @ 0x0000000002fc333c [0x0000000002fc3280+0xbc]
J 1985 C2 engine.EventStream$$Lambda$2.accept(Ljava/lang/Object;)V (12 bytes) @ 0x0000000002fd42c8 [0x0000000002fd4280+0x48]
J 1884 C2 engine.EventStream$$Lambda$34.accept(Ljava/lang/Object;)V (10 bytes) @ 0x0000000002f7d9e8 [0x0000000002f7d9a0+0x48]
J 1805 C2 java.util.ArrayList.forEach(Ljava/util/function/Consumer;)V (75 bytes) @ 0x0000000002f432c8 [0x0000000002f43220+0xa8]
J 1779 C1 engine.Core$$Lambda$54.accept(Ljava/lang/Object;)V (8 bytes) @ 0x0000000002f0f0d4 [0x0000000002f0ec80+0x454]
J 1800 C1 java.lang.Iterable.forEach(Ljava/util/function/Consumer;)V (39 bytes) @ 0x0000000002f3e53c [0x0000000002f3e260+0x2dc]
J 900% C2 engine.Core.run()V (114 bytes) @ 0x0000000002c4d7a8 [0x0000000002c4d6e0+0xc8]
j  map.Editor.start(Ljava/lang/String;Ljava/lang/String;)V+489
j  guis.Play.recieve(Ljava/lang/String;Ljava/lang/Object;)V+295
j  gui.components.GUIButton.send()V+68
j  gui.TypingManager.compOpen(Lgui/types/GUIInputComponent;)V+24
j  gui.TypingManager.lambda$null$7()V+93
j  gui.TypingManager$$Lambda$36.run()V+0
J 976 C1 engine.EventStream$$Lambda$2.accept(Ljava/lang/Object;)V (12 bytes) @ 0x0000000002c73e0c [0x0000000002c73be0+0x22c]
J 970 C1 engine.EventStream$$Lambda$3.run()V (12 bytes) @ 0x0000000002c70d4c [0x0000000002c70c00+0x14c]
J 969 C1 engine.EventStream$$Lambda$34.accept(Ljava/lang/Object;)V (10 bytes) @ 0x0000000002c708b4 [0x0000000002c706c0+0x1f4]
J 920 C1 java.util.ArrayList.forEach(Ljava/util/function/Consumer;)V (75 bytes) @ 0x0000000002c5c444 [0x0000000002c5c240+0x204]
J 982 C1 engine.Signal.set(Ljava/lang/Object;)V (10 bytes) @ 0x0000000002c76b94 [0x0000000002c76800+0x394]
j  engine.Signal.lambda$filter$27(Ljava/util/function/Predicate;Lengine/Signal;)V+18
j  engine.Signal$$Lambda$5.accept(Ljava/lang/Object;)V+12
J 970 C1 engine.EventStream$$Lambda$3.run()V (12 bytes) @ 0x0000000002c70d4c [0x0000000002c70c00+0x14c]
J 969 C1 engine.EventStream$$Lambda$34.accept(Ljava/lang/Object;)V (10 bytes) @ 0x0000000002c708b4 [0x0000000002c706c0+0x1f4]
J 920 C1 java.util.ArrayList.forEach(Ljava/util/function/Consumer;)V (75 bytes) @ 0x0000000002c5c444 [0x0000000002c5c240+0x204]
J 982 C1 engine.Signal.set(Ljava/lang/Object;)V (10 bytes) @ 0x0000000002c76b94 [0x0000000002c76800+0x394]
j  engine.Input.lambda$static$45()V+156
j  engine.Input$$Lambda$1.run()V+0
J 976 C1 engine.EventStream$$Lambda$2.accept(Ljava/lang/Object;)V (12 bytes) @ 0x0000000002c73e0c [0x0000000002c73be0+0x22c]
J 970 C1 engine.EventStream$$Lambda$3.run()V (12 bytes) @ 0x0000000002c70d4c [0x0000000002c70c00+0x14c]
J 969 C1 engine.EventStream$$Lambda$34.accept(Ljava/lang/Object;)V (10 bytes) @ 0x0000000002c708b4 [0x0000000002c706c0+0x1f4]
J 920 C1 java.util.ArrayList.forEach(Ljava/util/function/Consumer;)V (75 bytes) @ 0x0000000002c5c444 [0x0000000002c5c240+0x204]
J 982 C1 engine.Signal.set(Ljava/lang/Object;)V (10 bytes) @ 0x0000000002c76b94 [0x0000000002c76800+0x394]
j  engine.Core.lambda$run$36(DLengine/Signal;)V+5
j  engine.Core$$Lambda$50.accept(Ljava/lang/Object;)V+8
j  java.lang.Iterable.forEach(Ljava/util/function/Consumer;)V+30
J 900% C2 engine.Core.run()V (114 bytes) @ 0x0000000002c4d774 [0x0000000002c4d6e0+0x94]
j  invisibleman.Client.main([Ljava/lang/String;)V+146
v  ~StubRoutines::call_stub

---------------  P R O C E S S  ---------------

Java Threads: ( => current thread )
  0x00000000594c8800 JavaThread "AWT-Windows" daemon [_thread_in_native, id=3268, stack(0x000000005e970000,0x000000005ea70000)]
  0x000000005946a800 JavaThread "Java2D Disposer" daemon [_thread_blocked, id=2388, stack(0x000000005e4c0000,0x000000005e5c0000)]
  0x000000005917b800 JavaThread "Service Thread" daemon [_thread_blocked, id=5296, stack(0x0000000059540000,0x0000000059640000)]
  0x0000000059128800 JavaThread "C1 CompilerThread2" daemon [_thread_blocked, id=4644, stack(0x0000000058b40000,0x0000000058c40000)]
  0x000000005759f000 JavaThread "C2 CompilerThread1" daemon [_thread_blocked, id=5352, stack(0x0000000059020000,0x0000000059120000)]
  0x0000000057596800 JavaThread "C2 CompilerThread0" daemon [_thread_blocked, id=4112, stack(0x0000000058eb0000,0x0000000058fb0000)]
  0x0000000057593800 JavaThread "Attach Listener" daemon [_thread_blocked, id=4068, stack(0x0000000058c40000,0x0000000058d40000)]
  0x0000000057591000 JavaThread "Signal Dispatcher" daemon [_thread_blocked, id=6880, stack(0x0000000058880000,0x0000000058980000)]
  0x0000000057537000 JavaThread "Finalizer" daemon [_thread_blocked, id=6312, stack(0x0000000058a40000,0x0000000058b40000)]
  0x0000000057530000 JavaThread "Reference Handler" daemon [_thread_blocked, id=5920, stack(0x0000000058780000,0x0000000058880000)]
=>0x00000000021ef000 JavaThread "main" [_thread_in_native, id=5456, stack(0x0000000002550000,0x0000000002650000)]

Other Threads:
  0x000000005752a800 VMThread [stack: 0x0000000058560000,0x0000000058660000] [id=5900]
  0x0000000059185800 WatcherThread [stack: 0x0000000059690000,0x0000000059790000] [id=2240]

VM state:not at safepoint (normal execution)

VM Mutex/Monitor currently owned by a thread: None

Heap:
 PSYoungGen      total 580608K, used 568556K [0x00000000d6580000, 0x00000000f9e00000, 0x0000000100000000)
  eden space 579072K, 98% used [0x00000000d6580000,0x00000000f90b31b8,0x00000000f9b00000)
  from space 1536K, 2% used [0x00000000f9c80000,0x00000000f9c88000,0x00000000f9e00000)
  to   space 1536K, 0% used [0x00000000f9b00000,0x00000000f9b00000,0x00000000f9c80000)
 ParOldGen       total 86016K, used 13197K [0x0000000083000000, 0x0000000088400000, 0x00000000d6580000)
  object space 86016K, 15% used [0x0000000083000000,0x0000000083ce37b8,0x0000000088400000)
 Metaspace       used 10672K, capacity 11291K, committed 11520K, reserved 1058816K
  class space    used 1114K, capacity 1246K, committed 1280K, reserved 1048576K

Card table byte_map: [0x0000000011ce0000,0x00000000120d0000] byte_map_base: 0x00000000118c8000

Marking Bits: (ParMarkBitMap*) 0x0000000063d2a5b0
 Begin Bits: [0x0000000012930000, 0x0000000014870000)
 End Bits:   [0x0000000014870000, 0x00000000167b0000)

Polling page: 0x0000000000230000

CodeCache: size=245760Kb used=6998Kb max_used=7010Kb free=238761Kb
 bounds [0x0000000002920000, 0x0000000003010000, 0x0000000011920000]
 total_blobs=2599 nmethods=2030 adapters=482
 compilation: enabled

Compilation events (10 events):
Event: 13.821 Thread 0x0000000057596800 2029       4       util.Vec3::glVertex (16 bytes)
Event: 13.822 Thread 0x0000000057596800 nmethod 2029 0x0000000002fe6850 code [0x0000000002fe69a0, 0x0000000002fe6ae8]
Event: 13.937 Thread 0x0000000059128800 2030       3       java.util.HashMap$KeySpliterator::forEachRemaining (186 bytes)
Event: 13.938 Thread 0x0000000059128800 nmethod 2030 0x0000000002fe3390 code [0x0000000002fe3560, 0x0000000002fe3d28]
Event: 14.132 Thread 0x000000005759f000 2031       4       java.nio.Bits::copyFromArray (70 bytes)
Event: 14.133 Thread 0x000000005759f000 nmethod 2031 0x0000000002fe61d0 code [0x0000000002fe6300, 0x0000000002fe6398]
Event: 14.202 Thread 0x0000000057596800 2032       4       java.util.TreeMap$PrivateEntryIterator::hasNext (13 bytes)
Event: 14.202 Thread 0x0000000057596800 nmethod 2032 0x0000000002fe5310 code [0x0000000002fe5440, 0x0000000002fe5498]
Event: 14.472 Thread 0x000000005759f000 2033       4       graphics.data.Texture::bind (12 bytes)
Event: 14.473 Thread 0x000000005759f000 nmethod 2033 0x0000000002fe2f50 code [0x0000000002fe30a0, 0x0000000002fe31c8]

GC Heap History (10 events):
Event: 6.820 GC heap before
{Heap before GC invocations=42 (full 0):
 PSYoungGen      total 287744K, used 285760K [0x00000000d6580000, 0x00000000f3a00000, 0x0000000100000000)
  eden space 285696K, 100% used [0x00000000d6580000,0x00000000e7c80000,0x00000000e7c80000)
  from space 2048K, 3% used [0x00000000f3600000,0x00000000f3610000,0x00000000f3800000)
  to   space 2048K, 0% used [0x00000000f3800000,0x00000000f3800000,0x00000000f3a00000)
 ParOldGen       total 86016K, used 13197K [0x0000000083000000, 0x0000000088400000, 0x00000000d6580000)
  object space 86016K, 15% used [0x0000000083000000,0x0000000083ce37b8,0x0000000088400000)
 Metaspace       used 10427K, capacity 10991K, committed 11264K, reserved 1058816K
  class space    used 1093K, capacity 1232K, committed 1280K, reserved 1048576K
Event: 6.821 GC heap after
Heap after GC invocations=42 (full 0):
 PSYoungGen      total 349184K, used 32K [0x00000000d6580000, 0x00000000f3880000, 0x0000000100000000)
  eden space 348672K, 0% used [0x00000000d6580000,0x00000000d6580000,0x00000000eba00000)
  from space 512K, 6% used [0x00000000f3800000,0x00000000f3808000,0x00000000f3880000)
  to   space 2048K, 0% used [0x00000000f3480000,0x00000000f3480000,0x00000000f3680000)
 ParOldGen       total 86016K, used 13197K [0x0000000083000000, 0x0000000088400000, 0x00000000d6580000)
  object space 86016K, 15% used [0x0000000083000000,0x0000000083ce37b8,0x0000000088400000)
 Metaspace       used 10427K, capacity 10991K, committed 11264K, reserved 1058816K
  class space    used 1093K, capacity 1232K, committed 1280K, reserved 1048576K
}
Event: 6.994 GC heap before
{Heap before GC invocations=43 (full 0):
 PSYoungGen      total 349184K, used 348704K [0x00000000d6580000, 0x00000000f3880000, 0x0000000100000000)
  eden space 348672K, 100% used [0x00000000d6580000,0x00000000eba00000,0x00000000eba00000)
  from space 512K, 6% used [0x00000000f3800000,0x00000000f3808000,0x00000000f3880000)
  to   space 2048K, 0% used [0x00000000f3480000,0x00000000f3480000,0x00000000f3680000)
 ParOldGen       total 86016K, used 13197K [0x0000000083000000, 0x0000000088400000, 0x00000000d6580000)
  object space 86016K, 15% used [0x0000000083000000,0x0000000083ce37b8,0x0000000088400000)
 Metaspace       used 10427K, capacity 10991K, committed 11264K, reserved 1058816K
  class space    used 1093K, capacity 1232K, committed 1280K, reserved 1048576K
Event: 6.995 GC heap after
Heap after GC invocations=43 (full 0):
 PSYoungGen      total 427520K, used 32K [0x00000000d6580000, 0x00000000f3880000, 0x0000000100000000)
  eden space 425472K, 0% used [0x00000000d6580000,0x00000000d6580000,0x00000000f0500000)
  from space 2048K, 1% used [0x00000000f3480000,0x00000000f3488000,0x00000000f3680000)
  to   space 2048K, 0% used [0x00000000f3680000,0x00000000f3680000,0x00000000f3880000)
 ParOldGen       total 86016K, used 13197K [0x0000000083000000, 0x0000000088400000, 0x00000000d6580000)
  object space 86016K, 15% used [0x0000000083000000,0x0000000083ce37b8,0x0000000088400000)
 Metaspace       used 10427K, capacity 10991K, committed 11264K, reserved 1058816K
  class space    used 1093K, capacity 1232K, committed 1280K, reserved 1048576K
}
Event: 7.155 GC heap before
{Heap before GC invocations=44 (full 0):
 PSYoungGen      total 427520K, used 425504K [0x00000000d6580000, 0x00000000f3880000, 0x0000000100000000)
  eden space 425472K, 100% used [0x00000000d6580000,0x00000000f0500000,0x00000000f0500000)
  from space 2048K, 1% used [0x00000000f3480000,0x00000000f3488000,0x00000000f3680000)
  to   space 2048K, 0% used [0x00000000f3680000,0x00000000f3680000,0x00000000f3880000)
 ParOldGen       total 86016K, used 13197K [0x0000000083000000, 0x0000000088400000, 0x00000000d6580000)
  object space 86016K, 15% used [0x0000000083000000,0x0000000083ce37b8,0x0000000088400000)
 Metaspace       used 10427K, capacity 10991K, committed 11264K, reserved 1058816K
  class space    used 1093K, capacity 1232K, committed 1280K, reserved 1048576K
Event: 7.156 GC heap after
Heap after GC invocations=44 (full 0):
 PSYoungGen      total 476672K, used 32K [0x00000000d6580000, 0x00000000f6380000, 0x0000000100000000)
  eden space 474624K, 0% used [0x00000000d6580000,0x00000000d6580000,0x00000000f3500000)
  from space 2048K, 1% used [0x00000000f3680000,0x00000000f3688000,0x00000000f3880000)
  to   space 1536K, 0% used [0x00000000f3500000,0x00000000f3500000,0x00000000f3680000)
 ParOldGen       total 86016K, used 13197K [0x0000000083000000, 0x0000000088400000, 0x00000000d6580000)
  object space 86016K, 15% used [0x0000000083000000,0x0000000083ce37b8,0x0000000088400000)
 Metaspace       used 10427K, capacity 10991K, committed 11264K, reserved 1058816K
  class space    used 1093K, capacity 1232K, committed 1280K, reserved 1048576K
}
Event: 7.286 GC heap before
{Heap before GC invocations=45 (full 0):
 PSYoungGen      total 476672K, used 474656K [0x00000000d6580000, 0x00000000f6380000, 0x0000000100000000)
  eden space 474624K, 100% used [0x00000000d6580000,0x00000000f3500000,0x00000000f3500000)
  from space 2048K, 1% used [0x00000000f3680000,0x00000000f3688000,0x00000000f3880000)
  to   space 1536K, 0% used [0x00000000f3500000,0x00000000f3500000,0x00000000f3680000)
 ParOldGen       total 86016K, used 13197K [0x0000000083000000, 0x0000000088400000, 0x00000000d6580000)
  object space 86016K, 15% used [0x0000000083000000,0x0000000083ce37b8,0x0000000088400000)
 Metaspace       used 10427K, capacity 10991K, committed 11264K, reserved 1058816K
  class space    used 1093K, capacity 1232K, committed 1280K, reserved 1048576K
Event: 7.286 GC heap after
Heap after GC invocations=45 (full 0):
 PSYoungGen      total 476160K, used 32K [0x00000000d6580000, 0x00000000f9e00000, 0x0000000100000000)
  eden space 474624K, 0% used [0x00000000d6580000,0x00000000d6580000,0x00000000f3500000)
  from space 1536K, 2% used [0x00000000f3500000,0x00000000f3508000,0x00000000f3680000)
  to   space 1536K, 0% used [0x00000000f9c80000,0x00000000f9c80000,0x00000000f9e00000)
 ParOldGen       total 86016K, used 13197K [0x0000000083000000, 0x0000000088400000, 0x00000000d6580000)
  object space 86016K, 15% used [0x0000000083000000,0x0000000083ce37b8,0x0000000088400000)
 Metaspace       used 10427K, capacity 10991K, committed 11264K, reserved 1058816K
  class space    used 1093K, capacity 1232K, committed 1280K, reserved 1048576K
}
Event: 7.406 GC heap before
{Heap before GC invocations=46 (full 0):
 PSYoungGen      total 476160K, used 474656K [0x00000000d6580000, 0x00000000f9e00000, 0x0000000100000000)
  eden space 474624K, 100% used [0x00000000d6580000,0x00000000f3500000,0x00000000f3500000)
  from space 1536K, 2% used [0x00000000f3500000,0x00000000f3508000,0x00000000f3680000)
  to   space 1536K, 0% used [0x00000000f9c80000,0x00000000f9c80000,0x00000000f9e00000)
 ParOldGen       total 86016K, used 13197K [0x0000000083000000, 0x0000000088400000, 0x00000000d6580000)
  object space 86016K, 15% used [0x0000000083000000,0x0000000083ce37b8,0x0000000088400000)
 Metaspace       used 10427K, capacity 10991K, committed 11264K, reserved 1058816K
  class space    used 1093K, capacity 1232K, committed 1280K, reserved 1048576K
Event: 7.406 GC heap after
Heap after GC invocations=46 (full 0):
 PSYoungGen      total 580608K, used 32K [0x00000000d6580000, 0x00000000f9e00000, 0x0000000100000000)
  eden space 579072K, 0% used [0x00000000d6580000,0x00000000d6580000,0x00000000f9b00000)
  from space 1536K, 2% used [0x00000000f9c80000,0x00000000f9c88000,0x00000000f9e00000)
  to   space 1536K, 0% used [0x00000000f9b00000,0x00000000f9b00000,0x00000000f9c80000)
 ParOldGen       total 86016K, used 13197K [0x0000000083000000, 0x0000000088400000, 0x00000000d6580000)
  object space 86016K, 15% used [0x0000000083000000,0x0000000083ce37b8,0x0000000088400000)
 Metaspace       used 10427K, capacity 10991K, committed 11264K, reserved 1058816K
  class space    used 1093K, capacity 1232K, committed 1280K, reserved 1048576K
}

Deoptimization events (10 events):
Event: 7.435 Thread 0x00000000021ef000 Uncommon trap: reason=unstable_if action=reinterpret pc=0x0000000002e46c94 method=java.lang.StrictMath.floorOrCeil(DDDD)D @ 90
Event: 7.435 Thread 0x00000000021ef000 Uncommon trap: reason=unstable_if action=reinterpret pc=0x0000000002d609dc method=java.lang.StrictMath.floorOrCeil(DDDD)D @ 90
Event: 13.577 Thread 0x00000000021ef000 Uncommon trap: reason=bimorphic action=maybe_recompile pc=0x0000000002dffc74 method=java.util.stream.AbstractPipeline.<init>(Ljava/util/stream/AbstractPipeline;I)V @ 66
Event: 13.581 Thread 0x00000000021ef000 Uncommon trap: reason=bimorphic action=maybe_recompile pc=0x0000000002e50060 method=java.util.stream.AbstractPipeline.copyInto(Ljava/util/stream/Sink;Ljava/util/Spliterator;)V @ 20
Event: 13.581 Thread 0x00000000021ef000 Uncommon trap: reason=unstable_if action=reinterpret pc=0x0000000002e0e748 method=java.util.Spliterator.getExactSizeIfKnown()J @ 9
Event: 13.582 Thread 0x00000000021ef000 Uncommon trap: reason=bimorphic action=maybe_recompile pc=0x0000000002e06180 method=java.util.stream.AbstractPipeline.wrapSink(Ljava/util/stream/Sink;)Ljava/util/stream/Sink; @ 23
Event: 13.584 Thread 0x00000000021ef000 Uncommon trap: reason=unstable_if action=reinterpret pc=0x0000000002fac4fc method=java.util.HashMap$KeySpliterator.forEachRemaining(Ljava/util/function/Consumer;)V @ 159
Event: 14.437 Thread 0x00000000021ef000 Uncommon trap: reason=bimorphic action=maybe_recompile pc=0x0000000002dffc74 method=java.util.stream.AbstractPipeline.<init>(Ljava/util/stream/AbstractPipeline;I)V @ 66
Event: 14.437 Thread 0x00000000021ef000 Uncommon trap: reason=bimorphic action=maybe_recompile pc=0x0000000002e50060 method=java.util.stream.AbstractPipeline.copyInto(Ljava/util/stream/Sink;Ljava/util/Spliterator;)V @ 20
Event: 14.437 Thread 0x00000000021ef000 Uncommon trap: reason=bimorphic action=maybe_recompile pc=0x0000000002e06180 method=java.util.stream.AbstractPipeline.wrapSink(Ljava/util/stream/Sink;)Ljava/util/stream/Sink; @ 23

Internal exceptions (10 events):
Event: 0.614 Thread 0x00000000021ef000 Exception <a 'java/lang/NoSuchFieldError': method resolution failed> (0x00000000d6b20718) thrown at [C:\workspace\8-2-build-windows-amd64-cygwin\jdk8u65\4987\hotspot\src\share\vm\prims\methodHandles.cpp, line 1146]
Event: 0.616 Thread 0x00000000021ef000 Exception <a 'java/lang/NoSuchFieldError': method resolution failed> (0x00000000d6b2da68) thrown at [C:\workspace\8-2-build-windows-amd64-cygwin\jdk8u65\4987\hotspot\src\share\vm\prims\methodHandles.cpp, line 1146]
Event: 0.647 Thread 0x00000000021ef000 Exception <a 'java/security/PrivilegedActionException'> (0x00000000d6bee230) thrown at [C:\workspace\8-2-build-windows-amd64-cygwin\jdk8u65\4987\hotspot\src\share\vm\prims\jvm.cpp, line 1386]
Event: 0.647 Thread 0x00000000021ef000 Exception <a 'java/security/PrivilegedActionException'> (0x00000000d6bee440) thrown at [C:\workspace\8-2-build-windows-amd64-cygwin\jdk8u65\4987\hotspot\src\share\vm\prims\jvm.cpp, line 1386]
Event: 0.648 Thread 0x00000000021ef000 Exception <a 'java/security/PrivilegedActionException'> (0x00000000d6bf2288) thrown at [C:\workspace\8-2-build-windows-amd64-cygwin\jdk8u65\4987\hotspot\src\share\vm\prims\jvm.cpp, line 1386]
Event: 0.648 Thread 0x00000000021ef000 Exception <a 'java/security/PrivilegedActionException'> (0x00000000d6bf2498) thrown at [C:\workspace\8-2-build-windows-amd64-cygwin\jdk8u65\4987\hotspot\src\share\vm\prims\jvm.cpp, line 1386]
Event: 0.650 Thread 0x00000000021ef000 Exception <a 'java/io/FileNotFoundException'> (0x00000000d6bf4880) thrown at [C:\workspace\8-2-build-windows-amd64-cygwin\jdk8u65\4987\hotspot\src\share\vm\prims\jni.cpp, line 709]
Event: 0.680 Thread 0x00000000021ef000 Exception <a 'java/io/FileNotFoundException'> (0x00000000d6c361d8) thrown at [C:\workspace\8-2-build-windows-amd64-cygwin\jdk8u65\4987\hotspot\src\share\vm\prims\jni.cpp, line 709]
Event: 3.497 Thread 0x00000000021ef000 Implicit null exception at 0x0000000002d39d48 to 0x0000000002d39dd6
Event: 3.497 Thread 0x00000000021ef000 Implicit null exception at 0x0000000002b2c1af to 0x0000000002b2c261

Events (10 events):
Event: 14.217 Thread 0x00000000021ef000 DEOPT UNPACKING pc=0x000000000296787f sp=0x000000000264dea0 mode 0
Event: 14.437 Thread 0x00000000021ef000 Uncommon trap: trap_request=0xffffffc6 fr.pc=0x0000000002dffc74
Event: 14.437 Thread 0x00000000021ef000 DEOPT PACKING pc=0x0000000002dffc74 sp=0x000000000264dc30
Event: 14.437 Thread 0x00000000021ef000 DEOPT UNPACKING pc=0x000000000296582a sp=0x000000000264dbe0 mode 2
Event: 14.437 Thread 0x00000000021ef000 Uncommon trap: trap_request=0xffffffc6 fr.pc=0x0000000002e50060
Event: 14.437 Thread 0x00000000021ef000 DEOPT PACKING pc=0x0000000002e50060 sp=0x000000000264dd60
Event: 14.437 Thread 0x00000000021ef000 DEOPT UNPACKING pc=0x000000000296582a sp=0x000000000264dcd0 mode 2
Event: 14.437 Thread 0x00000000021ef000 Uncommon trap: trap_request=0xffffffc6 fr.pc=0x0000000002e06180
Event: 14.437 Thread 0x00000000021ef000 DEOPT PACKING pc=0x0000000002e06180 sp=0x000000000264daa0
Event: 14.437 Thread 0x00000000021ef000 DEOPT UNPACKING pc=0x000000000296582a sp=0x000000000264da60 mode 2


Dynamic libraries:
0x000000013f700000 - 0x000000013f737000 	C:\Program Files\Java\jdk1.8.0_65\bin\java.exe
0x00000000774d0000 - 0x000000007767a000 	C:\Windows\SYSTEM32\ntdll.dll
0x00000000772b0000 - 0x00000000773cf000 	C:\Windows\system32\kernel32.dll
0x000007fefd370000 - 0x000007fefd3db000 	C:\Windows\system32\KERNELBASE.dll
0x000007feff110000 - 0x000007feff1eb000 	C:\Windows\system32\ADVAPI32.dll
0x000007fefe040000 - 0x000007fefe0df000 	C:\Windows\system32\msvcrt.dll
0x000007fefd910000 - 0x000007fefd92f000 	C:\Windows\SYSTEM32\sechost.dll
0x000007feff6b0000 - 0x000007feff7dd000 	C:\Windows\system32\RPCRT4.dll
0x00000000773d0000 - 0x00000000774ca000 	C:\Windows\system32\USER32.dll
0x000007feff430000 - 0x000007feff497000 	C:\Windows\system32\GDI32.dll
0x000007fefe0e0000 - 0x000007fefe0ee000 	C:\Windows\system32\LPK.dll
0x000007fefd930000 - 0x000007fefd9fa000 	C:\Windows\system32\USP10.dll
0x000007fefbb00000 - 0x000007fefbcf4000 	C:\Windows\WinSxS\amd64_microsoft.windows.common-controls_6595b64144ccf1df_6.0.7601.18837_none_fa3b1e3d17594757\COMCTL32.dll
0x000007feff200000 - 0x000007feff271000 	C:\Windows\system32\SHLWAPI.dll
0x000007fefd8e0000 - 0x000007fefd90e000 	C:\Windows\system32\IMM32.DLL
0x000007fefda00000 - 0x000007fefdb09000 	C:\Windows\system32\MSCTF.dll
0x0000000073230000 - 0x0000000073302000 	C:\Program Files\Java\jdk1.8.0_65\jre\bin\msvcr100.dll
0x0000000063520000 - 0x0000000063da9000 	C:\Program Files\Java\jdk1.8.0_65\jre\bin\server\jvm.dll
0x000007fef77a0000 - 0x000007fef77a9000 	C:\Windows\system32\WSOCK32.dll
0x000007fefd890000 - 0x000007fefd8dd000 	C:\Windows\system32\WS2_32.dll
0x000007feff1f0000 - 0x000007feff1f8000 	C:\Windows\system32\NSI.dll
0x000007fefa030000 - 0x000007fefa06b000 	C:\Windows\system32\WINMM.dll
0x000007fefc3b0000 - 0x000007fefc3bc000 	C:\Windows\system32\VERSION.dll
0x0000000077690000 - 0x0000000077697000 	C:\Windows\system32\PSAPI.DLL
0x00000000737e0000 - 0x00000000737ef000 	C:\Program Files\Java\jdk1.8.0_65\jre\bin\verify.dll
0x00000000737b0000 - 0x00000000737d9000 	C:\Program Files\Java\jdk1.8.0_65\jre\bin\java.dll
0x0000000073790000 - 0x00000000737a6000 	C:\Program Files\Java\jdk1.8.0_65\jre\bin\zip.dll
0x000007fefe380000 - 0x000007feff10a000 	C:\Windows\system32\SHELL32.dll
0x000007feff4a0000 - 0x000007feff6a3000 	C:\Windows\system32\ole32.dll
0x000007fefd250000 - 0x000007fefd25f000 	C:\Windows\system32\profapi.dll
0x0000000180000000 - 0x0000000180051000 	G:\OGPC 2016\OGPC 2016 Java\natives\lwjgl64.dll
0x000007fef3cb0000 - 0x000007fef3dcd000 	C:\Windows\system32\OPENGL32.dll
0x000007fef7300000 - 0x000007fef732d000 	C:\Windows\system32\GLU32.dll
0x000007fef24c0000 - 0x000007fef25b1000 	C:\Windows\system32\DDRAW.dll
0x000007fefa360000 - 0x000007fefa368000 	C:\Windows\system32\DCIMAN32.dll
0x000007fefd6b0000 - 0x000007fefd887000 	C:\Windows\system32\SETUPAPI.dll
0x000007fefd3e0000 - 0x000007fefd416000 	C:\Windows\system32\CFGMGR32.dll
0x000007fefdf60000 - 0x000007fefe038000 	C:\Windows\system32\OLEAUT32.dll
0x000007fefd270000 - 0x000007fefd28a000 	C:\Windows\system32\DEVOBJ.dll
0x000007fefa410000 - 0x000007fefa428000 	C:\Windows\system32\dwmapi.dll
0x000007fefbaa0000 - 0x000007fefbaf6000 	C:\Windows\system32\uxtheme.dll
0x00000000003c0000 - 0x0000000000401000 	C:\Program Files (x86)\NetSupport\NetSupport School\pciappctrl64.dll
0x000007fef4f70000 - 0x000007fef5095000 	C:\Windows\system32\dbghelp.dll
0x000007fef5b70000 - 0x000007fef5b88000 	C:\Windows\system32\MPR.dll
0x0000000002180000 - 0x00000000021a5000 	C:\Program Files (x86)\Common Files\NSL\NSCommonHook64.dll
0x000007feea9e0000 - 0x000007feeb213000 	C:\Windows\system32\ig7icd64.dll
0x000007feed520000 - 0x000007feed97f000 	C:\Windows\system32\igdusc64.dll
0x000007fefc100000 - 0x000007fefc111000 	C:\Windows\system32\WTSAPI32.dll
0x000007fefd0b0000 - 0x000007fefd0bf000 	C:\Windows\system32\CRYPTBASE.dll
0x000007fef4000000 - 0x000007fef409c000 	C:\Windows\system32\mscms.dll
0x000007fefd350000 - 0x000007fefd36e000 	C:\Windows\system32\USERENV.dll
0x000007fef48d0000 - 0x000007fef4912000 	C:\Windows\system32\icm32.dll
0x0000000072b90000 - 0x0000000072d28000 	C:\Program Files\Java\jdk1.8.0_65\jre\bin\awt.dll
0x000007fefa440000 - 0x000007fefa44a000 	C:\Windows\System32\drprov.dll
0x000007fefd160000 - 0x000007fefd19d000 	C:\Windows\System32\WINSTA.dll
0x000007fefa270000 - 0x000007fefa292000 	C:\Windows\System32\ntlanman.dll
0x000007fef9fe0000 - 0x000007fef9ffd000 	C:\Windows\System32\davclnt.dll
0x000007fefa480000 - 0x000007fefa48a000 	C:\Windows\System32\DAVHLPR.dll
0x0000000073580000 - 0x00000000735c7000 	C:\Program Files\Java\jdk1.8.0_65\jre\bin\fontmanager.dll
0x00000000735f0000 - 0x000000007360a000 	C:\Program Files\Java\jdk1.8.0_65\jre\bin\net.dll
0x0000000002360000 - 0x0000000002384000 	C:\Program Files (x86)\Common Files\NSL\nslsp64.dll
0x000007fefc9f0000 - 0x000007fefca45000 	C:\Windows\system32\mswsock.dll
0x000007fefc9e0000 - 0x000007fefc9e7000 	C:\Windows\System32\wship6.dll
0x00000000735d0000 - 0x00000000735e1000 	C:\Program Files\Java\jdk1.8.0_65\jre\bin\nio.dll
0x0000000071f60000 - 0x0000000071fa2000 	C:\Program Files\Java\jdk1.8.0_65\jre\bin\t2k.dll

VM Arguments:
jvm_args: -Dfile.encoding=UTF-8 -Dorg.lwjgl.opengl.Display.allowSoftwareOpenGL=true 
java_command: invisibleman.Client
java_class_path (initial): G:\OGPC 2016\OGPC 2016 Java\lib\jfxrt.jar;G:\OGPC 2016\OGPC 2016 Java\lib\jinput.jar;G:\OGPC 2016\OGPC 2016 Java\lib\lwjgl.jar;G:\OGPC 2016\OGPC 2016 Java\lib\lwjgl_util.jar;G:\OGPC 2016\OGPC 2016 Java\lib\slick-util.jar;G:\OGPC 2016\OGPC 2016 Java\lib\protonpack-1.1.jar;G:\OGPC 2016\OGPC 2016 Java\lib\Forge.jar;G:\OGPC 2016\OGPC 2016 Java\build\classes
Launcher Type: SUN_STANDARD

Environment Variables:
PATH=C:\Program Files\Common Files\Microsoft Shared\Windows Live;C:\Program Files (x86)\Common Files\Microsoft Shared\Windows Live;C:\ProgramData\Oracle\Java\javapath;C:\Windows\system32;C:\Windows;C:\Windows\System32\Wbem;C:\Windows\System32\WindowsPowerShell\v1.0\;C:\Program Files\Intel\WiFi\bin\;C:\Program Files\Common Files\Intel\WirelessCommon\;C:\Program Files (x86)\Intel\OpenCL SDK\2.0\bin\x86;C:\Program Files (x86)\Intel\OpenCL SDK\2.0\bin\x64;C:\SWTOOLS\ReadyApps;C:\Program Files (x86)\QuickTime\QTSystem\;C:\Program Files (x86)\Windows Live\Shared;C:\Program Files\Intel\WiFi\bin\;C:\Program Files\Common Files\Intel\WirelessCommon\
USERNAME=isedgewick17
OS=Windows_NT
PROCESSOR_IDENTIFIER=Intel64 Family 6 Model 58 Stepping 9, GenuineIntel



---------------  S Y S T E M  ---------------

OS: Windows 7 , 64 bit Build 7601 (6.1.7601.19160)

CPU:total 4 (2 cores per cpu, 2 threads per core) family 6 model 58 stepping 9, cmov, cx8, fxsr, mmx, sse, sse2, sse3, ssse3, sse4.1, sse4.2, popcnt, avx, clmul, erms, ht, tsc, tscinvbit, tscinv

Memory: 4k page, physical 8186072k(4950308k free), swap 16370308k(12290060k free)

vm_info: Java HotSpot(TM) 64-Bit Server VM (25.65-b01) for windows-amd64 JRE (1.8.0_65-b17), built on Oct  6 2015 16:39:20 by "java_re" with MS VC++ 10.0 (VS2010)

time: Tue Apr 19 15:06:36 2016
elapsed time: 14 seconds (0d 0h 0m 14s)

