#
# A fatal error has been detected by the Java Runtime Environment:
#
#  EXCEPTION_ACCESS_VIOLATION (0xc0000005) at pc=0x000007fee8ec1f44, pid=5468, tid=1436
#
# JRE version: Java(TM) SE Runtime Environment (8.0_65-b17) (build 1.8.0_65-b17)
# Java VM: Java HotSpot(TM) 64-Bit Server VM (25.65-b01 mixed mode windows-amd64 compressed oops)
# Problematic frame:
# C  [ig7icd64.dll+0x21f44]
#
# Failed to write core dump. Minidumps are not enabled by default on client versions of Windows
#
# If you would like to submit a bug report, please visit:
#   http://bugreport.java.com/bugreport/crash.jsp
# The crash happened outside the Java Virtual Machine in native code.
# See problematic frame for where to report the bug.
#

---------------  T H R E A D  ---------------

Current thread (0x00000000020cf000):  JavaThread "main" [_thread_in_native, id=1436, stack(0x00000000023f0000,0x00000000024f0000)]

siginfo: ExceptionCode=0xc0000005, writing address 0x00000000023ea000

Registers:
RAX=0x0000000000000001, RBX=0x000000005998e000, RCX=0x00000000023ea010, RDX=0x000000005c73ca60
RSP=0x00000000024ee550, RBP=0x000000005b505e00, RSI=0x000000005b507b10, RDI=0x000000005c73c6e0
R8 =0x0000000000000020, R9 =0x0000000000000000, R10=0x0000000000000001, R11=0x0000000000000002
R12=0x0000000000000000, R13=0x000000005b56b7d0, R14=0x0000000000000000, R15=0x0000000000000000
RIP=0x000007fee8ec1f44, EFLAGS=0x0000000000010206

Top of Stack: (sp=0x00000000024ee550)
0x00000000024ee550:   0000000000000001 000007fee90bbadb
0x00000000024ee560:   0000000000000000 0000000000000000
0x00000000024ee570:   0000000000000000 0000000000000000
0x00000000024ee580:   000000005c7b1828 000000005c6be530
0x00000000024ee590:   0000000059a0f6a0 000007fee90bcc57
0x00000000024ee5a0:   000000005998e000 000000005998e000
0x00000000024ee5b0:   0000000000000000 0000000000000000
0x00000000024ee5c0:   0000000000000001 000007fee90dbbd3
0x00000000024ee5d0:   000000005c73ca50 0000000000000000
0x00000000024ee5e0:   0000000000000000 0000000000000000
0x00000000024ee5f0:   000000005c6be530 00000000599f9470
0x00000000024ee600:   000000005c73c848 000000005c73c6e0
0x00000000024ee610:   0000000000000001 000000005c6a26a0
0x00000000024ee620:   000000005998e000 000007fee90f4e78
0x00000000024ee630:   0000000000000002 000000005c6a2a01
0x00000000024ee640:   000000005c73c848 0000000000000000 

Instructions: (pc=0x000007fee8ec1f44)
0x000007fee8ec1f24:   d1 49 c1 eb 04 4d 85 db 0f 84 24 02 00 00 f3 0f
0x000007fee8ec1f34:   6f 02 41 ff c2 48 83 c1 10 41 8b c2 48 83 c2 10
0x000007fee8ec1f44:   f3 0f 7f 41 f0 49 3b c3 72 e4 e9 03 02 00 00 48
0x000007fee8ec1f54:   89 7c 24 40 8b f9 83 e7 0f 74 68 48 89 5c 24 50 


Register to memory mapping:

RAX=0x0000000000000001 is an unknown value
RBX=0x000000005998e000 is an unknown value
RCX=0x00000000023ea010 is an unknown value
RDX=0x000000005c73ca60 is an unknown value
RSP=0x00000000024ee550 is pointing into the stack for thread: 0x00000000020cf000
RBP=0x000000005b505e00 is an unknown value
RSI=0x000000005b507b10 is an unknown value
RDI=0x000000005c73c6e0 is an unknown value
R8 =0x0000000000000020 is an unknown value
R9 =0x0000000000000000 is an unknown value
R10=0x0000000000000001 is an unknown value
R11=0x0000000000000002 is an unknown value
R12=0x0000000000000000 is an unknown value
R13=0x000000005b56b7d0 is an unknown value
R14=0x0000000000000000 is an unknown value
R15=0x0000000000000000 is an unknown value


Stack: [0x00000000023f0000,0x00000000024f0000],  sp=0x00000000024ee550,  free space=1017k
Native frames: (J=compiled Java code, j=interpreted, Vv=VM code, C=native code)
C  [ig7icd64.dll+0x21f44]
C  [ig7icd64.dll+0x21cc57]
C  [ig7icd64.dll+0x254e78]
C  [ig7icd64.dll+0x1fe146]
C  [ig7icd64.dll+0x156d58]
C  [ig7icd64.dll+0x2dc07c]
C  [ig7icd64.dll+0x3ba832]
C  [ig7icd64.dll+0x4f6201]
C  [ig7icd64.dll+0x47433f]
C  [ig7icd64.dll+0x474abc]
C  0x00000000027d5e14

Java frames: (J=compiled Java code, j=interpreted, Vv=VM code)
j  org.lwjgl.opengl.GL11.nglCallList(IJ)V+0
j  org.lwjgl.opengl.GL11.glCallList(I)V+15
j  map.Chunk.draw()V+4
j  map.CubeMap.lambda$null$3(Ljava/lang/Integer;Ljava/lang/Integer;Ljava/lang/Integer;)V+18
j  map.CubeMap$$Lambda$123.accept(Ljava/lang/Object;)V+12
J 1265 C2 util.Util.forRange(IILjava/util/function/Consumer;)V (24 bytes) @ 0x0000000002bf834c [0x0000000002bf8020+0x32c]
j  map.CubeMap.lambda$drawAll$4(Ljava/lang/Integer;Ljava/lang/Integer;)V+9
j  map.CubeMap$$Lambda$122.accept(Ljava/lang/Object;Ljava/lang/Object;)V+8
J 1708 C2 util.Util$$Lambda$63.accept(Ljava/lang/Object;)V (20 bytes) @ 0x00000000028eaab8 [0x00000000028ea9e0+0xd8]
J 1265 C2 util.Util.forRange(IILjava/util/function/Consumer;)V (24 bytes) @ 0x0000000002bf834c [0x0000000002bf8020+0x32c]
J 1704 C1 util.Util.forRange(IIIILjava/util/function/BiConsumer;)V (15 bytes) @ 0x0000000002d222c4 [0x0000000002d21c00+0x6c4]
j  map.CubeMap.drawAll()V+45
j  map.Editor.lambda$start$168()V+0
j  map.Editor$$Lambda$79.run()V+0
J 1193 C2 engine.EventStream$$Lambda$2.accept(Ljava/lang/Object;)V (12 bytes) @ 0x0000000002bc92e4 [0x0000000002bc92a0+0x44]
J 1145 C2 engine.EventStream$$Lambda$34.accept(Ljava/lang/Object;)V (10 bytes) @ 0x0000000002ba9f68 [0x0000000002ba9f20+0x48]
J 1084 C2 java.util.ArrayList.forEach(Ljava/util/function/Consumer;)V (75 bytes) @ 0x0000000002b5b714 [0x0000000002b5b660+0xb4]
J 1068 C1 engine.Core$$Lambda$54.accept(Ljava/lang/Object;)V (8 bytes) @ 0x0000000002b512d4 [0x0000000002b50e80+0x454]
J 1039 C1 java.lang.Iterable.forEach(Ljava/util/function/Consumer;)V (39 bytes) @ 0x0000000002b41dfc [0x0000000002b41b20+0x2dc]
J 897% C2 engine.Core.run()V (114 bytes) @ 0x0000000002aee868 [0x0000000002aee7a0+0xc8]
j  map.Editor.start(Ljava/lang/String;Ljava/lang/String;)V+489
j  guis.Join.recieve(Ljava/lang/String;Ljava/lang/Object;)V+97
j  gui.components.GUICommandField.send()V+33
j  gui.TypingManager.lambda$null$8()V+9
j  gui.TypingManager$$Lambda$37.run()V+0
J 1193 C2 engine.EventStream$$Lambda$2.accept(Ljava/lang/Object;)V (12 bytes) @ 0x0000000002bc92e4 [0x0000000002bc92a0+0x44]
J 1145 C2 engine.EventStream$$Lambda$34.accept(Ljava/lang/Object;)V (10 bytes) @ 0x0000000002ba9f68 [0x0000000002ba9f20+0x48]
J 1084 C2 java.util.ArrayList.forEach(Ljava/util/function/Consumer;)V (75 bytes) @ 0x0000000002b5b714 [0x0000000002b5b660+0xb4]
J 1047 C1 engine.Signal$$Lambda$5.accept(Ljava/lang/Object;)V (16 bytes) @ 0x0000000002b4672c [0x0000000002b45f80+0x7ac]
J 1145 C2 engine.EventStream$$Lambda$34.accept(Ljava/lang/Object;)V (10 bytes) @ 0x0000000002ba9f68 [0x0000000002ba9f20+0x48]
J 1084 C2 java.util.ArrayList.forEach(Ljava/util/function/Consumer;)V (75 bytes) @ 0x0000000002b5b714 [0x0000000002b5b660+0xb4]
J 1099 C1 engine.Input.lambda$static$45()V (417 bytes) @ 0x0000000002b7406c [0x0000000002b721a0+0x1ecc]
J 1098 C1 engine.Input$$Lambda$1.run()V (4 bytes) @ 0x0000000002b6923c [0x0000000002b691c0+0x7c]
J 1193 C2 engine.EventStream$$Lambda$2.accept(Ljava/lang/Object;)V (12 bytes) @ 0x0000000002bc92e4 [0x0000000002bc92a0+0x44]
J 1145 C2 engine.EventStream$$Lambda$34.accept(Ljava/lang/Object;)V (10 bytes) @ 0x0000000002ba9f68 [0x0000000002ba9f20+0x48]
J 1084 C2 java.util.ArrayList.forEach(Ljava/util/function/Consumer;)V (75 bytes) @ 0x0000000002b5b714 [0x0000000002b5b660+0xb4]
J 1064 C1 engine.Core$$Lambda$50.accept(Ljava/lang/Object;)V (12 bytes) @ 0x0000000002b4f8dc [0x0000000002b4f200+0x6dc]
J 1039 C1 java.lang.Iterable.forEach(Ljava/util/function/Consumer;)V (39 bytes) @ 0x0000000002b41dfc [0x0000000002b41b20+0x2dc]
J 897% C2 engine.Core.run()V (114 bytes) @ 0x0000000002aee834 [0x0000000002aee7a0+0x94]
j  invisibleman.Client.main([Ljava/lang/String;)V+146
v  ~StubRoutines::call_stub

---------------  P R O C E S S  ---------------

Java Threads: ( => current thread )
  0x0000000058b97800 JavaThread "AWT-Windows" daemon [_thread_in_native, id=3672, stack(0x000000005ad90000,0x000000005ae90000)]
  0x0000000058b8f800 JavaThread "Java2D Disposer" daemon [_thread_blocked, id=5684, stack(0x000000005e570000,0x000000005e670000)]
  0x00000000588f5800 JavaThread "Service Thread" daemon [_thread_blocked, id=4652, stack(0x0000000059350000,0x0000000059450000)]
  0x000000005889b000 JavaThread "C1 CompilerThread2" daemon [_thread_blocked, id=3036, stack(0x0000000059210000,0x0000000059310000)]
  0x000000005889a000 JavaThread "C2 CompilerThread1" daemon [_thread_blocked, id=5668, stack(0x0000000059090000,0x0000000059190000)]
  0x0000000058892800 JavaThread "C2 CompilerThread0" daemon [_thread_blocked, id=4596, stack(0x0000000058df0000,0x0000000058ef0000)]
  0x0000000057506800 JavaThread "Attach Listener" daemon [_thread_blocked, id=2356, stack(0x0000000058f10000,0x0000000059010000)]
  0x0000000057504000 JavaThread "Signal Dispatcher" daemon [_thread_blocked, id=5788, stack(0x0000000058cb0000,0x0000000058db0000)]
  0x00000000574aa800 JavaThread "Finalizer" daemon [_thread_blocked, id=3160, stack(0x0000000058790000,0x0000000058890000)]
  0x00000000574a3800 JavaThread "Reference Handler" daemon [_thread_blocked, id=5300, stack(0x00000000585a0000,0x00000000586a0000)]
=>0x00000000020cf000 JavaThread "main" [_thread_in_native, id=1436, stack(0x00000000023f0000,0x00000000024f0000)]

Other Threads:
  0x000000005749e800 VMThread [stack: 0x0000000058350000,0x0000000058450000] [id=4460]
  0x0000000058914000 WatcherThread [stack: 0x00000000584a0000,0x00000000585a0000] [id=3704]

VM state:not at safepoint (normal execution)

VM Mutex/Monitor currently owned by a thread: None

Heap:
 PSYoungGen      total 288256K, used 80600K [0x00000000d6580000, 0x00000000fe100000, 0x0000000100000000)
  eden space 287744K, 28% used [0x00000000d6580000,0x00000000db42e240,0x00000000e7e80000)
  from space 512K, 6% used [0x00000000fe080000,0x00000000fe088000,0x00000000fe100000)
  to   space 2048K, 0% used [0x00000000fdd00000,0x00000000fdd00000,0x00000000fdf00000)
 ParOldGen       total 86016K, used 5259K [0x0000000083000000, 0x0000000088400000, 0x00000000d6580000)
  object space 86016K, 6% used [0x0000000083000000,0x0000000083522c98,0x0000000088400000)
 Metaspace       used 10491K, capacity 11083K, committed 11264K, reserved 1058816K
  class space    used 1093K, capacity 1230K, committed 1280K, reserved 1048576K

Card table byte_map: [0x0000000011b80000,0x0000000011f70000] byte_map_base: 0x0000000011768000

Marking Bits: (ParMarkBitMap*) 0x000000006c87a5b0
 Begin Bits: [0x00000000128a0000, 0x00000000147e0000)
 End Bits:   [0x00000000147e0000, 0x0000000016720000)

Polling page: 0x0000000001c60000

CodeCache: size=245760Kb used=5287Kb max_used=5531Kb free=240472Kb
 bounds [0x00000000027c0000, 0x0000000002d40000, 0x00000000117c0000]
 total_blobs=2183 nmethods=1615 adapters=481
 compilation: enabled

Compilation events (10 events):
Event: 27.947 Thread 0x000000005889b000 1733       1       sun.nio.cs.StreamEncoder::isOpen (5 bytes)
Event: 27.948 Thread 0x000000005889b000 nmethod 1733 0x0000000002d1d910 code [0x0000000002d1da60, 0x0000000002d1db70]
Event: 28.416 Thread 0x000000005889b000 1734       3       jdk.internal.org.objectweb.asm.ClassWriter::<init> (122 bytes)
Event: 28.416 Thread 0x000000005889b000 nmethod 1734 0x0000000002b02010 code [0x0000000002b02220, 0x0000000002b02c28]
Event: 28.416 Thread 0x000000005889b000 1736       3       jdk.internal.org.objectweb.asm.ClassWriter::visit (121 bytes)
Event: 28.417 Thread 0x000000005889b000 nmethod 1736 0x0000000002b1bb90 code [0x0000000002b1bd60, 0x0000000002b1c458]
Event: 28.417 Thread 0x000000005889b000 1735       3       jdk.internal.org.objectweb.asm.ClassVisitor::<init> (7 bytes)
Event: 28.417 Thread 0x000000005889b000 nmethod 1735 0x0000000002afe710 code [0x0000000002afe8a0, 0x0000000002afebe8]
Event: 28.418 Thread 0x000000005889b000 1737       3       java.lang.invoke.TypeConvertingMethodAdapter::descriptorToName (36 bytes)
Event: 28.418 Thread 0x000000005889b000 nmethod 1737 0x0000000002b12fd0 code [0x0000000002b13180, 0x0000000002b13888]

GC Heap History (10 events):
Event: 28.159 GC heap before
{Heap before GC invocations=34 (full 0):
 PSYoungGen      total 364032K, used 361504K [0x00000000d6580000, 0x00000000fe600000, 0x0000000100000000)
  eden space 361472K, 100% used [0x00000000d6580000,0x00000000ec680000,0x00000000ec680000)
  from space 2560K, 1% used [0x00000000fe100000,0x00000000fe108000,0x00000000fe380000)
  to   space 2560K, 0% used [0x00000000fe380000,0x00000000fe380000,0x00000000fe600000)
 ParOldGen       total 86016K, used 5259K [0x0000000083000000, 0x0000000088400000, 0x00000000d6580000)
  object space 86016K, 6% used [0x0000000083000000,0x0000000083522c98,0x0000000088400000)
 Metaspace       used 10485K, capacity 11075K, committed 11264K, reserved 1058816K
  class space    used 1092K, capacity 1228K, committed 1280K, reserved 1048576K
Event: 28.159 GC heap after
Heap after GC invocations=34 (full 0):
 PSYoungGen      total 345600K, used 32K [0x00000000d6580000, 0x00000000fe400000, 0x0000000100000000)
  eden space 345088K, 0% used [0x00000000d6580000,0x00000000d6580000,0x00000000eb680000)
  from space 512K, 6% used [0x00000000fe380000,0x00000000fe388000,0x00000000fe400000)
  to   space 2560K, 0% used [0x00000000fdf00000,0x00000000fdf00000,0x00000000fe180000)
 ParOldGen       total 86016K, used 5259K [0x0000000083000000, 0x0000000088400000, 0x00000000d6580000)
  object space 86016K, 6% used [0x0000000083000000,0x0000000083522c98,0x0000000088400000)
 Metaspace       used 10485K, capacity 11075K, committed 11264K, reserved 1058816K
  class space    used 1092K, capacity 1228K, committed 1280K, reserved 1048576K
}
Event: 28.224 GC heap before
{Heap before GC invocations=35 (full 0):
 PSYoungGen      total 345600K, used 345120K [0x00000000d6580000, 0x00000000fe400000, 0x0000000100000000)
  eden space 345088K, 100% used [0x00000000d6580000,0x00000000eb680000,0x00000000eb680000)
  from space 512K, 6% used [0x00000000fe380000,0x00000000fe388000,0x00000000fe400000)
  to   space 2560K, 0% used [0x00000000fdf00000,0x00000000fdf00000,0x00000000fe180000)
 ParOldGen       total 86016K, used 5259K [0x0000000083000000, 0x0000000088400000, 0x00000000d6580000)
  object space 86016K, 6% used [0x0000000083000000,0x0000000083522c98,0x0000000088400000)
 Metaspace       used 10485K, capacity 11075K, committed 11264K, reserved 1058816K
  class space    used 1092K, capacity 1228K, committed 1280K, reserved 1048576K
Event: 28.225 GC heap after
Heap after GC invocations=35 (full 0):
 PSYoungGen      total 332288K, used 32K [0x00000000d6580000, 0x00000000fe400000, 0x0000000100000000)
  eden space 329728K, 0% used [0x00000000d6580000,0x00000000d6580000,0x00000000ea780000)
  from space 2560K, 1% used [0x00000000fdf00000,0x00000000fdf08000,0x00000000fe180000)
  to   space 2048K, 0% used [0x00000000fe200000,0x00000000fe200000,0x00000000fe400000)
 ParOldGen       total 86016K, used 5259K [0x0000000083000000, 0x0000000088400000, 0x00000000d6580000)
  object space 86016K, 6% used [0x0000000083000000,0x0000000083522c98,0x0000000088400000)
 Metaspace       used 10485K, capacity 11075K, committed 11264K, reserved 1058816K
  class space    used 1092K, capacity 1228K, committed 1280K, reserved 1048576K
}
Event: 28.286 GC heap before
{Heap before GC invocations=36 (full 0):
 PSYoungGen      total 332288K, used 329760K [0x00000000d6580000, 0x00000000fe400000, 0x0000000100000000)
  eden space 329728K, 100% used [0x00000000d6580000,0x00000000ea780000,0x00000000ea780000)
  from space 2560K, 1% used [0x00000000fdf00000,0x00000000fdf08000,0x00000000fe180000)
  to   space 2048K, 0% used [0x00000000fe200000,0x00000000fe200000,0x00000000fe400000)
 ParOldGen       total 86016K, used 5259K [0x0000000083000000, 0x0000000088400000, 0x00000000d6580000)
  object space 86016K, 6% used [0x0000000083000000,0x0000000083522c98,0x0000000088400000)
 Metaspace       used 10485K, capacity 11075K, committed 11264K, reserved 1058816K
  class space    used 1092K, capacity 1228K, committed 1280K, reserved 1048576K
Event: 28.287 GC heap after
Heap after GC invocations=36 (full 0):
 PSYoungGen      total 315392K, used 32K [0x00000000d6580000, 0x00000000fe280000, 0x0000000100000000)
  eden space 314880K, 0% used [0x00000000d6580000,0x00000000d6580000,0x00000000e9900000)
  from space 512K, 6% used [0x00000000fe200000,0x00000000fe208000,0x00000000fe280000)
  to   space 2048K, 0% used [0x00000000fde80000,0x00000000fde80000,0x00000000fe080000)
 ParOldGen       total 86016K, used 5259K [0x0000000083000000, 0x0000000088400000, 0x00000000d6580000)
  object space 86016K, 6% used [0x0000000083000000,0x0000000083522c98,0x0000000088400000)
 Metaspace       used 10485K, capacity 11075K, committed 11264K, reserved 1058816K
  class space    used 1092K, capacity 1228K, committed 1280K, reserved 1048576K
}
Event: 28.344 GC heap before
{Heap before GC invocations=37 (full 0):
 PSYoungGen      total 315392K, used 314912K [0x00000000d6580000, 0x00000000fe280000, 0x0000000100000000)
  eden space 314880K, 100% used [0x00000000d6580000,0x00000000e9900000,0x00000000e9900000)
  from space 512K, 6% used [0x00000000fe200000,0x00000000fe208000,0x00000000fe280000)
  to   space 2048K, 0% used [0x00000000fde80000,0x00000000fde80000,0x00000000fe080000)
 ParOldGen       total 86016K, used 5259K [0x0000000083000000, 0x0000000088400000, 0x00000000d6580000)
  object space 86016K, 6% used [0x0000000083000000,0x0000000083522c98,0x0000000088400000)
 Metaspace       used 10485K, capacity 11075K, committed 11264K, reserved 1058816K
  class space    used 1092K, capacity 1228K, committed 1280K, reserved 1048576K
Event: 28.344 GC heap after
Heap after GC invocations=37 (full 0):
 PSYoungGen      total 303104K, used 32K [0x00000000d6580000, 0x00000000fe280000, 0x0000000100000000)
  eden space 301056K, 0% used [0x00000000d6580000,0x00000000d6580000,0x00000000e8b80000)
  from space 2048K, 1% used [0x00000000fde80000,0x00000000fde88000,0x00000000fe080000)
  to   space 2048K, 0% used [0x00000000fe080000,0x00000000fe080000,0x00000000fe280000)
 ParOldGen       total 86016K, used 5259K [0x0000000083000000, 0x0000000088400000, 0x00000000d6580000)
  object space 86016K, 6% used [0x0000000083000000,0x0000000083522c98,0x0000000088400000)
 Metaspace       used 10485K, capacity 11075K, committed 11264K, reserved 1058816K
  class space    used 1092K, capacity 1228K, committed 1280K, reserved 1048576K
}
Event: 28.401 GC heap before
{Heap before GC invocations=38 (full 0):
 PSYoungGen      total 303104K, used 301088K [0x00000000d6580000, 0x00000000fe280000, 0x0000000100000000)
  eden space 301056K, 100% used [0x00000000d6580000,0x00000000e8b80000,0x00000000e8b80000)
  from space 2048K, 1% used [0x00000000fde80000,0x00000000fde88000,0x00000000fe080000)
  to   space 2048K, 0% used [0x00000000fe080000,0x00000000fe080000,0x00000000fe280000)
 ParOldGen       total 86016K, used 5259K [0x0000000083000000, 0x0000000088400000, 0x00000000d6580000)
  object space 86016K, 6% used [0x0000000083000000,0x0000000083522c98,0x0000000088400000)
 Metaspace       used 10485K, capacity 11075K, committed 11264K, reserved 1058816K
  class space    used 1092K, capacity 1228K, committed 1280K, reserved 1048576K
Event: 28.401 GC heap after
Heap after GC invocations=38 (full 0):
 PSYoungGen      total 288256K, used 32K [0x00000000d6580000, 0x00000000fe100000, 0x0000000100000000)
  eden space 287744K, 0% used [0x00000000d6580000,0x00000000d6580000,0x00000000e7e80000)
  from space 512K, 6% used [0x00000000fe080000,0x00000000fe088000,0x00000000fe100000)
  to   space 2048K, 0% used [0x00000000fdd00000,0x00000000fdd00000,0x00000000fdf00000)
 ParOldGen       total 86016K, used 5259K [0x0000000083000000, 0x0000000088400000, 0x00000000d6580000)
  object space 86016K, 6% used [0x0000000083000000,0x0000000083522c98,0x0000000088400000)
 Metaspace       used 10485K, capacity 11075K, committed 11264K, reserved 1058816K
  class space    used 1092K, capacity 1228K, committed 1280K, reserved 1048576K
}

Deoptimization events (10 events):
Event: 25.561 Thread 0x00000000020cf000 Uncommon trap: reason=unstable_if action=reinterpret pc=0x0000000002cec850 method=map.CubeMap.getCube(Lutil/Vec3;)Lmap/CubeData; @ 55
Event: 25.561 Thread 0x00000000020cf000 Uncommon trap: reason=unstable_if action=reinterpret pc=0x000000000294d800 method=map.CubeMap.getCube(Lutil/Vec3;)Lmap/CubeData; @ 55
Event: 25.604 Thread 0x00000000020cf000 Uncommon trap: reason=bimorphic action=maybe_recompile pc=0x0000000002cf71ac method=java.util.stream.ReferencePipeline$2$1.accept(Ljava/lang/Object;)V @ 8
Event: 25.652 Thread 0x00000000020cf000 Uncommon trap: reason=bimorphic action=maybe_recompile pc=0x0000000002cf71ac method=java.util.stream.ReferencePipeline$2$1.accept(Ljava/lang/Object;)V @ 8
Event: 26.025 Thread 0x00000000020cf000 Uncommon trap: reason=unstable_if action=reinterpret pc=0x0000000002d01c6c method=map.CubeMap.getCube(Lutil/Vec3;)Lmap/CubeData; @ 45
Event: 26.025 Thread 0x00000000020cf000 Uncommon trap: reason=unstable_if action=reinterpret pc=0x0000000002d00988 method=map.CubeMap.getCube(Lutil/Vec3;)Lmap/CubeData; @ 45
Event: 26.025 Thread 0x00000000020cf000 Uncommon trap: reason=unstable_if action=reinterpret pc=0x0000000002d1e1e4 method=map.CubeMap.getCube(Lutil/Vec3;)Lmap/CubeData; @ 45
Event: 27.940 Thread 0x00000000020cf000 Uncommon trap: reason=unstable_if action=reinterpret pc=0x0000000002d29658 method=map.CubeMap.getCube(Lutil/Vec3;)Lmap/CubeData; @ 35
Event: 27.940 Thread 0x00000000020cf000 Uncommon trap: reason=unstable_if action=reinterpret pc=0x0000000002d22d10 method=map.CubeMap.getCube(Lutil/Vec3;)Lmap/CubeData; @ 35
Event: 27.940 Thread 0x00000000020cf000 Uncommon trap: reason=unstable_if action=reinterpret pc=0x0000000002d269e0 method=map.CubeMap.getCube(Lutil/Vec3;)Lmap/CubeData; @ 35

Internal exceptions (10 events):
Event: 0.253 Thread 0x00000000020cf000 Exception <a 'java/security/PrivilegedActionException'> (0x00000000d6603168) thrown at [C:\workspace\8-2-build-windows-amd64-cygwin\jdk8u65\4987\hotspot\src\share\vm\prims\jvm.cpp, line 1386]
Event: 0.253 Thread 0x00000000020cf000 Exception <a 'java/security/PrivilegedActionException'> (0x00000000d6603378) thrown at [C:\workspace\8-2-build-windows-amd64-cygwin\jdk8u65\4987\hotspot\src\share\vm\prims\jvm.cpp, line 1386]
Event: 0.611 Thread 0x00000000020cf000 Exception <a 'java/lang/NoSuchFieldError': method resolution failed> (0x00000000d6b206a0) thrown at [C:\workspace\8-2-build-windows-amd64-cygwin\jdk8u65\4987\hotspot\src\share\vm\prims\methodHandles.cpp, line 1146]
Event: 0.614 Thread 0x00000000020cf000 Exception <a 'java/lang/NoSuchFieldError': method resolution failed> (0x00000000d6b2d9f0) thrown at [C:\workspace\8-2-build-windows-amd64-cygwin\jdk8u65\4987\hotspot\src\share\vm\prims\methodHandles.cpp, line 1146]
Event: 0.647 Thread 0x00000000020cf000 Exception <a 'java/security/PrivilegedActionException'> (0x00000000d6bee1b8) thrown at [C:\workspace\8-2-build-windows-amd64-cygwin\jdk8u65\4987\hotspot\src\share\vm\prims\jvm.cpp, line 1386]
Event: 0.647 Thread 0x00000000020cf000 Exception <a 'java/security/PrivilegedActionException'> (0x00000000d6bee3c8) thrown at [C:\workspace\8-2-build-windows-amd64-cygwin\jdk8u65\4987\hotspot\src\share\vm\prims\jvm.cpp, line 1386]
Event: 0.647 Thread 0x00000000020cf000 Exception <a 'java/security/PrivilegedActionException'> (0x00000000d6bf2210) thrown at [C:\workspace\8-2-build-windows-amd64-cygwin\jdk8u65\4987\hotspot\src\share\vm\prims\jvm.cpp, line 1386]
Event: 0.647 Thread 0x00000000020cf000 Exception <a 'java/security/PrivilegedActionException'> (0x00000000d6bf2420) thrown at [C:\workspace\8-2-build-windows-amd64-cygwin\jdk8u65\4987\hotspot\src\share\vm\prims\jvm.cpp, line 1386]
Event: 0.651 Thread 0x00000000020cf000 Exception <a 'java/io/FileNotFoundException'> (0x00000000d6bf4800) thrown at [C:\workspace\8-2-build-windows-amd64-cygwin\jdk8u65\4987\hotspot\src\share\vm\prims\jni.cpp, line 709]
Event: 0.681 Thread 0x00000000020cf000 Exception <a 'java/io/FileNotFoundException'> (0x00000000d6c36138) thrown at [C:\workspace\8-2-build-windows-amd64-cygwin\jdk8u65\4987\hotspot\src\share\vm\prims\jni.cpp, line 709]

Events (10 events):
Event: 28.159 Executing VM operation: ParallelGCFailedAllocation
Event: 28.159 Executing VM operation: ParallelGCFailedAllocation done
Event: 28.224 Executing VM operation: ParallelGCFailedAllocation
Event: 28.225 Executing VM operation: ParallelGCFailedAllocation done
Event: 28.286 Executing VM operation: ParallelGCFailedAllocation
Event: 28.287 Executing VM operation: ParallelGCFailedAllocation done
Event: 28.344 Executing VM operation: ParallelGCFailedAllocation
Event: 28.345 Executing VM operation: ParallelGCFailedAllocation done
Event: 28.401 Executing VM operation: ParallelGCFailedAllocation
Event: 28.401 Executing VM operation: ParallelGCFailedAllocation done


Dynamic libraries:
0x000000013fc00000 - 0x000000013fc37000 	C:\Program Files\Java\jdk1.8.0_65\bin\java.exe
0x0000000076d70000 - 0x0000000076f1a000 	C:\Windows\SYSTEM32\ntdll.dll
0x0000000076b50000 - 0x0000000076c6f000 	C:\Windows\system32\kernel32.dll
0x000007fefcb10000 - 0x000007fefcb7b000 	C:\Windows\system32\KERNELBASE.dll
0x000007fefe9e0000 - 0x000007fefeabb000 	C:\Windows\system32\ADVAPI32.dll
0x000007fefe500000 - 0x000007fefe59f000 	C:\Windows\system32\msvcrt.dll
0x000007fefe4e0000 - 0x000007fefe4ff000 	C:\Windows\SYSTEM32\sechost.dll
0x000007fefceb0000 - 0x000007fefcfdd000 	C:\Windows\system32\RPCRT4.dll
0x0000000076c70000 - 0x0000000076d6a000 	C:\Windows\system32\USER32.dll
0x000007fefe970000 - 0x000007fefe9d7000 	C:\Windows\system32\GDI32.dll
0x000007fefe4d0000 - 0x000007fefe4de000 	C:\Windows\system32\LPK.dll
0x000007fefedc0000 - 0x000007fefee8a000 	C:\Windows\system32\USP10.dll
0x000007fefb3a0000 - 0x000007fefb594000 	C:\Windows\WinSxS\amd64_microsoft.windows.common-controls_6595b64144ccf1df_6.0.7601.18837_none_fa3b1e3d17594757\COMCTL32.dll
0x000007fefeee0000 - 0x000007fefef51000 	C:\Windows\system32\SHLWAPI.dll
0x000007fefed90000 - 0x000007fefedbe000 	C:\Windows\system32\IMM32.DLL
0x000007fefef70000 - 0x000007feff079000 	C:\Windows\system32\MSCTF.dll
0x000000006f420000 - 0x000000006f4f2000 	C:\Program Files\Java\jdk1.8.0_65\jre\bin\msvcr100.dll
0x000000006c070000 - 0x000000006c8f9000 	C:\Program Files\Java\jdk1.8.0_65\jre\bin\server\jvm.dll
0x000007fef6f80000 - 0x000007fef6f89000 	C:\Windows\system32\WSOCK32.dll
0x000007fefee90000 - 0x000007fefeedd000 	C:\Windows\system32\WS2_32.dll
0x000007fefef60000 - 0x000007fefef68000 	C:\Windows\system32\NSI.dll
0x000007fef95f0000 - 0x000007fef962b000 	C:\Windows\system32\WINMM.dll
0x000007fefbc50000 - 0x000007fefbc5c000 	C:\Windows\system32\VERSION.dll
0x0000000076f30000 - 0x0000000076f37000 	C:\Windows\system32\PSAPI.DLL
0x0000000072db0000 - 0x0000000072dbf000 	C:\Program Files\Java\jdk1.8.0_65\jre\bin\verify.dll
0x0000000070180000 - 0x00000000701a9000 	C:\Program Files\Java\jdk1.8.0_65\jre\bin\java.dll
0x0000000070770000 - 0x0000000070786000 	C:\Program Files\Java\jdk1.8.0_65\jre\bin\zip.dll
0x000007fefd2b0000 - 0x000007fefe03a000 	C:\Windows\system32\SHELL32.dll
0x000007fefe220000 - 0x000007fefe423000 	C:\Windows\system32\ole32.dll
0x000007fefcaf0000 - 0x000007fefcaff000 	C:\Windows\system32\profapi.dll
0x0000000180000000 - 0x0000000180051000 	G:\OGPC 2016\OGPC 2016 Java\natives\lwjgl64.dll
0x000007feedb80000 - 0x000007feedc9d000 	C:\Windows\system32\OPENGL32.dll
0x000007fef8e50000 - 0x000007fef8e7d000 	C:\Windows\system32\GLU32.dll
0x000007feefeb0000 - 0x000007feeffa1000 	C:\Windows\system32\DDRAW.dll
0x000007fef9640000 - 0x000007fef9648000 	C:\Windows\system32\DCIMAN32.dll
0x000007fefe040000 - 0x000007fefe217000 	C:\Windows\system32\SETUPAPI.dll
0x000007fefce20000 - 0x000007fefce56000 	C:\Windows\system32\CFGMGR32.dll
0x000007fefe600000 - 0x000007fefe6d8000 	C:\Windows\system32\OLEAUT32.dll
0x000007fefcb80000 - 0x000007fefcb9a000 	C:\Windows\system32\DEVOBJ.dll
0x000007fefadf0000 - 0x000007fefae08000 	C:\Windows\system32\dwmapi.dll
0x000007fefb340000 - 0x000007fefb396000 	C:\Windows\system32\uxtheme.dll
0x0000000002120000 - 0x0000000002161000 	C:\Program Files (x86)\NetSupport\NetSupport School\pciappctrl64.dll
0x000007fef4600000 - 0x000007fef4725000 	C:\Windows\system32\dbghelp.dll
0x000007fef34e0000 - 0x000007fef34f8000 	C:\Windows\system32\MPR.dll
0x0000000012240000 - 0x0000000012265000 	C:\Program Files (x86)\Common Files\NSL\NSCommonHook64.dll
0x000007fee8ea0000 - 0x000007fee96d3000 	C:\Windows\system32\ig7icd64.dll
0x000007feef580000 - 0x000007feef9df000 	C:\Windows\system32\igdusc64.dll
0x000007fefb9a0000 - 0x000007fefb9b1000 	C:\Windows\system32\WTSAPI32.dll
0x000007fefc950000 - 0x000007fefc95f000 	C:\Windows\system32\CRYPTBASE.dll
0x000007fef2e40000 - 0x000007fef2edc000 	C:\Windows\system32\mscms.dll
0x000007fefcc70000 - 0x000007fefcc8e000 	C:\Windows\system32\USERENV.dll
0x000007fef2f30000 - 0x000007fef2f72000 	C:\Windows\system32\icm32.dll
0x000000006e550000 - 0x000000006e6e8000 	C:\Program Files\Java\jdk1.8.0_65\jre\bin\awt.dll
0x000007fefaba0000 - 0x000007fefabaa000 	C:\Windows\System32\drprov.dll
0x000007fefca00000 - 0x000007fefca3d000 	C:\Windows\System32\WINSTA.dll
0x000007fefab70000 - 0x000007fefab92000 	C:\Windows\System32\ntlanman.dll
0x000007fefab50000 - 0x000007fefab6d000 	C:\Windows\System32\davclnt.dll
0x000007fefaf90000 - 0x000007fefaf9a000 	C:\Windows\System32\DAVHLPR.dll
0x000000006f090000 - 0x000000006f0d7000 	C:\Program Files\Java\jdk1.8.0_65\jre\bin\fontmanager.dll
0x0000000070930000 - 0x000000007094a000 	C:\Program Files\Java\jdk1.8.0_65\jre\bin\net.dll
0x0000000012270000 - 0x0000000012294000 	C:\Program Files (x86)\Common Files\NSL\nslsp64.dll
0x000007fefc290000 - 0x000007fefc2e5000 	C:\Windows\system32\mswsock.dll
0x000007fefc280000 - 0x000007fefc287000 	C:\Windows\System32\wship6.dll
0x000000006f810000 - 0x000000006f821000 	C:\Program Files\Java\jdk1.8.0_65\jre\bin\nio.dll
0x000000006f040000 - 0x000000006f082000 	C:\Program Files\Java\jdk1.8.0_65\jre\bin\t2k.dll

VM Arguments:
jvm_args: -Dfile.encoding=UTF-8 -Dorg.lwjgl.opengl.Display.allowSoftwareOpenGL=true 
java_command: invisibleman.Client
java_class_path (initial): G:\OGPC 2016\OGPC 2016 Java\lib\jfxrt.jar;G:\OGPC 2016\OGPC 2016 Java\lib\jinput.jar;G:\OGPC 2016\OGPC 2016 Java\lib\lwjgl.jar;G:\OGPC 2016\OGPC 2016 Java\lib\lwjgl_util.jar;G:\OGPC 2016\OGPC 2016 Java\lib\slick-util.jar;G:\OGPC 2016\OGPC 2016 Java\lib\protonpack-1.1.jar;G:\OGPC 2016\OGPC 2016 Java\lib\Forge.jar;G:\OGPC 2016\OGPC 2016 Java\build\classes
Launcher Type: SUN_STANDARD

Environment Variables:
PATH=C:\Program Files\Common Files\Microsoft Shared\Windows Live;C:\Program Files (x86)\Common Files\Microsoft Shared\Windows Live;C:\ProgramData\Oracle\Java\javapath;C:\Windows\system32;C:\Windows;C:\Windows\System32\Wbem;C:\Windows\System32\WindowsPowerShell\v1.0\;C:\Program Files\Intel\WiFi\bin\;C:\Program Files\Common Files\Intel\WirelessCommon\;C:\Program Files (x86)\Intel\OpenCL SDK\2.0\bin\x86;C:\Program Files (x86)\Intel\OpenCL SDK\2.0\bin\x64;C:\SWTOOLS\ReadyApps;C:\Program Files (x86)\QuickTime\QTSystem\;C:\Program Files (x86)\Windows Live\Shared;C:\Program Files\Intel\WiFi\bin\;C:\Program Files\Common Files\Intel\WirelessCommon\
USERNAME=cbarnum18
OS=Windows_NT
PROCESSOR_IDENTIFIER=Intel64 Family 6 Model 58 Stepping 9, GenuineIntel



---------------  S Y S T E M  ---------------

OS: Windows 7 , 64 bit Build 7601 (6.1.7601.19160)

CPU:total 4 (2 cores per cpu, 2 threads per core) family 6 model 58 stepping 9, cmov, cx8, fxsr, mmx, sse, sse2, sse3, ssse3, sse4.1, sse4.2, popcnt, avx, clmul, erms, ht, tsc, tscinvbit, tscinv

Memory: 4k page, physical 8186072k(5209016k free), swap 16370308k(12625800k free)

vm_info: Java HotSpot(TM) 64-Bit Server VM (25.65-b01) for windows-amd64 JRE (1.8.0_65-b17), built on Oct  6 2015 16:39:20 by "java_re" with MS VC++ 10.0 (VS2010)

time: Tue Apr 19 15:28:54 2016
elapsed time: 28 seconds (0d 0h 0m 28s)

