#
# A fatal error has been detected by the Java Runtime Environment:
#
#  EXCEPTION_ACCESS_VIOLATION (0xc0000005) at pc=0x000007fee8dc1f44, pid=6228, tid=6440
#
# JRE version: Java(TM) SE Runtime Environment (8.0_65-b17) (build 1.8.0_65-b17)
# Java VM: Java HotSpot(TM) 64-Bit Server VM (25.65-b01 mixed mode windows-amd64 compressed oops)
# Problematic frame:
# C  [ig7icd64.dll+0x21f44]
#
# Failed to write core dump. Minidumps are not enabled by default on client versions of Windows
#
# If you would like to submit a bug report, please visit:
#   http://bugreport.java.com/bugreport/crash.jsp
# The crash happened outside the Java Virtual Machine in native code.
# See problematic frame for where to report the bug.
#

---------------  T H R E A D  ---------------

Current thread (0x0000000001c1f000):  JavaThread "main" [_thread_in_native, id=6440, stack(0x00000000023d0000,0x00000000024d0000)]

siginfo: ExceptionCode=0xc0000005, writing address 0x000000001227a000

Registers:
RAX=0x0000000000000001, RBX=0x0000000059f8e000, RCX=0x000000001227a010, RDX=0x000000005ccd3520
RSP=0x00000000024cef60, RBP=0x000000005ba8d300, RSI=0x000000005ba8f010, RDI=0x000000005ccd31a0
R8 =0x0000000000000020, R9 =0x0000000000000000, R10=0x0000000000000001, R11=0x0000000000000002
R12=0x0000000000000000, R13=0x000000005cd16fb0, R14=0x0000000000000000, R15=0x0000000000000000
RIP=0x000007fee8dc1f44, EFLAGS=0x0000000000010202

Top of Stack: (sp=0x00000000024cef60)
0x00000000024cef60:   00000000832b1c40 0000000083893510
0x00000000024cef70:   00000de100000014 00000000e817ba20
0x00000000024cef80:   0000000000000035 0000000083c74450
0x00000000024cef90:   0000000000000000 0000000000000001
0x00000000024cefa0:   000000005a00b3d0 000007fee8fbcc57
0x00000000024cefb0:   0000000059f8e000 c288003cbfae14c8
0x00000000024cefc0:   c2888b7cc223337c 000000003fae0be0
0x00000000024cefd0:   0000000000000001 000007fee8fdbbd3
0x00000000024cefe0:   000000005ccd3510 001d229500000000
0x00000000024ceff0:   3fefae147ae147ae 0000000000000000
0x00000000024cf000:   000000005cc96a50 0000000059ff9470
0x00000000024cf010:   000000005ccd3308 000000005ccd31a0
0x00000000024cf020:   0000000000000001 000000005cc263a0
0x00000000024cf030:   0000000059f8e000 000007fee8ff4e78
0x00000000024cf040:   0000000000000002 000000005cc26701
0x00000000024cf050:   000000005ccd3308 0000000000000000 

Instructions: (pc=0x000007fee8dc1f44)
0x000007fee8dc1f24:   d1 49 c1 eb 04 4d 85 db 0f 84 24 02 00 00 f3 0f
0x000007fee8dc1f34:   6f 02 41 ff c2 48 83 c1 10 41 8b c2 48 83 c2 10
0x000007fee8dc1f44:   f3 0f 7f 41 f0 49 3b c3 72 e4 e9 03 02 00 00 48
0x000007fee8dc1f54:   89 7c 24 40 8b f9 83 e7 0f 74 68 48 89 5c 24 50 


Register to memory mapping:

RAX=0x0000000000000001 is an unknown value
RBX=0x0000000059f8e000 is an unknown value
RCX=0x000000001227a010 is an unknown value
RDX=0x000000005ccd3520 is an unknown value
RSP=0x00000000024cef60 is pointing into the stack for thread: 0x0000000001c1f000
RBP=0x000000005ba8d300 is an unknown value
RSI=0x000000005ba8f010 is an unknown value
RDI=0x000000005ccd31a0 is an unknown value
R8 =0x0000000000000020 is an unknown value
R9 =0x0000000000000000 is an unknown value
R10=0x0000000000000001 is an unknown value
R11=0x0000000000000002 is an unknown value
R12=0x0000000000000000 is an unknown value
R13=0x000000005cd16fb0 is an unknown value
R14=0x0000000000000000 is an unknown value
R15=0x0000000000000000 is an unknown value


Stack: [0x00000000023d0000,0x00000000024d0000],  sp=0x00000000024cef60,  free space=1019k
Native frames: (J=compiled Java code, j=interpreted, Vv=VM code, C=native code)
C  [ig7icd64.dll+0x21f44]
C  [ig7icd64.dll+0x21cc57]
C  [ig7icd64.dll+0x254e78]
C  [ig7icd64.dll+0x1fe146]
C  [ig7icd64.dll+0x156d58]
C  [ig7icd64.dll+0x2dc07c]
C  [ig7icd64.dll+0x3ba832]
C  [ig7icd64.dll+0x4f6201]
C  [ig7icd64.dll+0x47433f]
C  [ig7icd64.dll+0x474abc]
C  0x0000000002cc50c2

Java frames: (J=compiled Java code, j=interpreted, Vv=VM code)
J 1598  org.lwjgl.opengl.GL11.nglCallList(IJ)V (0 bytes) @ 0x0000000002cc5044 [0x0000000002cc5000+0x44]
J 1711 C2 map.CubeMap$$Lambda$102.accept(Ljava/lang/Object;Ljava/lang/Object;)V (12 bytes) @ 0x0000000002d6e608 [0x0000000002d6e500+0x108]
J 1992 C2 invisibleman.Server$$Lambda$52.run()V (4 bytes) @ 0x0000000002e59880 [0x0000000002e59460+0x420]
J 1838 C2 engine.EventStream$$Lambda$24.accept(Ljava/lang/Object;)V (12 bytes) @ 0x0000000002ddca0c [0x0000000002ddc9c0+0x4c]
J 1747 C2 engine.EventStream$$Lambda$25.run()V (12 bytes) @ 0x0000000002d46cfc [0x0000000002d46cc0+0x3c]
J 1664 C2 java.util.ArrayList.forEach(Ljava/util/function/Consumer;)V (75 bytes) @ 0x0000000002d4dae8 [0x0000000002d4cfe0+0xb08]
J 1839 C2 engine.EventStream.sendEvent()V (27 bytes) @ 0x0000000002dde758 [0x0000000002dde480+0x2d8]
J 1857 C2 java.lang.Iterable.forEach(Ljava/util/function/Consumer;)V (39 bytes) @ 0x0000000002de2ce0 [0x0000000002de2b60+0x180]
J 1599% C2 engine.Core.run()V (114 bytes) @ 0x0000000002d1b228 [0x0000000002d1b160+0xc8]
j  invisibleman.Server.runGraphicalInterface()V+302
j  invisibleman.Server.main([Ljava/lang/String;)V+11
v  ~StubRoutines::call_stub

---------------  P R O C E S S  ---------------

Java Threads: ( => current thread )
  0x0000000058bbf000 JavaThread "Thread-3" [_thread_in_native, id=6176, stack(0x000000005ea70000,0x000000005eb70000)]
  0x000000005def4000 JavaThread "AWT-Windows" daemon [_thread_in_native, id=3392, stack(0x000000005ecf0000,0x000000005edf0000)]
  0x000000005de92800 JavaThread "Java2D Disposer" daemon [_thread_blocked, id=5216, stack(0x000000005b580000,0x000000005b680000)]
  0x0000000058ec0800 JavaThread "Thread-0" [_thread_in_native, id=1884, stack(0x00000000590a0000,0x00000000591a0000)]
  0x0000000058bb9800 JavaThread "Service Thread" daemon [_thread_blocked, id=6392, stack(0x00000000592c0000,0x00000000593c0000)]
  0x0000000058b8f800 JavaThread "C1 CompilerThread2" daemon [_thread_blocked, id=4872, stack(0x00000000591b0000,0x00000000592b0000)]
  0x000000005746f000 JavaThread "C2 CompilerThread1" daemon [_thread_blocked, id=7452, stack(0x0000000058f80000,0x0000000059080000)]
  0x0000000057467000 JavaThread "C2 CompilerThread0" daemon [_thread_blocked, id=3960, stack(0x0000000058a50000,0x0000000058b50000)]
  0x0000000057463800 JavaThread "Attach Listener" daemon [_thread_blocked, id=8184, stack(0x00000000587b0000,0x00000000588b0000)]
  0x0000000057461000 JavaThread "Signal Dispatcher" daemon [_thread_blocked, id=2564, stack(0x00000000588b0000,0x00000000589b0000)]
  0x0000000057407000 JavaThread "Finalizer" daemon [_thread_blocked, id=7056, stack(0x0000000058610000,0x0000000058710000)]
  0x0000000057400000 JavaThread "Reference Handler" daemon [_thread_blocked, id=7592, stack(0x0000000058450000,0x0000000058550000)]
=>0x0000000001c1f000 JavaThread "main" [_thread_in_native, id=6440, stack(0x00000000023d0000,0x00000000024d0000)]

Other Threads:
  0x00000000573fa800 VMThread [stack: 0x0000000058350000,0x0000000058450000] [id=7000]
  0x0000000058bd3800 WatcherThread [stack: 0x0000000059570000,0x0000000059670000] [id=7552]

VM state:not at safepoint (normal execution)

VM Mutex/Monitor currently owned by a thread: None

Heap:
 PSYoungGen      total 569344K, used 396276K [0x00000000d6580000, 0x00000000ff300000, 0x0000000100000000)
  eden space 568832K, 69% used [0x00000000d6580000,0x00000000ee8651d0,0x00000000f9100000)
  from space 512K, 18% used [0x00000000ff280000,0x00000000ff298000,0x00000000ff300000)
  to   space 6144K, 0% used [0x00000000fe700000,0x00000000fe700000,0x00000000fed00000)
 ParOldGen       total 86016K, used 12960K [0x0000000083000000, 0x0000000088400000, 0x00000000d6580000)
  object space 86016K, 15% used [0x0000000083000000,0x0000000083ca82a8,0x0000000088400000)
 Metaspace       used 10768K, capacity 11353K, committed 11520K, reserved 1058816K
  class space    used 1117K, capacity 1271K, committed 1280K, reserved 1048576K

Card table byte_map: [0x0000000011b60000,0x0000000011f50000] byte_map_base: 0x0000000011748000

Marking Bits: (ParMarkBitMap*) 0x000000006c9aa5b0
 Begin Bits: [0x0000000012800000, 0x0000000014740000)
 End Bits:   [0x0000000014740000, 0x0000000016680000)

Polling page: 0x0000000000240000

CodeCache: size=245760Kb used=6882Kb max_used=6887Kb free=238877Kb
 bounds [0x00000000027a0000, 0x0000000002e70000, 0x00000000117a0000]
 total_blobs=2549 nmethods=1980 adapters=482
 compilation: enabled

Compilation events (10 events):
Event: 108.786 Thread 0x000000005746f000 2003       4       java.net.SocketInputStream::read (44 bytes)
Event: 108.788 Thread 0x000000005746f000 nmethod 2003 0x0000000002e5bb10 code [0x0000000002e5bc60, 0x0000000002e5be28]
Event: 108.791 Thread 0x000000005746f000 2004       4       network.NetworkUtils$$Lambda$4/931919113::read (12 bytes)
Event: 108.794 Thread 0x000000005746f000 nmethod 2004 0x0000000002e5b1d0 code [0x0000000002e5b360, 0x0000000002e5b678]
Event: 108.938 Thread 0x0000000058b8f800 2006       3       java.io.Writer::write (11 bytes)
Event: 108.938 Thread 0x0000000058b8f800 nmethod 2006 0x0000000002e5a890 code [0x0000000002e5aa00, 0x0000000002e5ad08]
Event: 108.938 Thread 0x0000000058b8f800 2007   !   3       java.io.BufferedWriter::write (117 bytes)
Event: 108.939 Thread 0x0000000058b8f800 nmethod 2007 0x0000000002e57ad0 code [0x0000000002e57ca0, 0x0000000002e583e8]
Event: 108.939 Thread 0x0000000058b8f800 2008       3       java.io.BufferedWriter::min (9 bytes)
Event: 108.939 Thread 0x0000000058b8f800 nmethod 2008 0x0000000002e57790 code [0x0000000002e578e0, 0x0000000002e57a70]

GC Heap History (10 events):
Event: 78.554 GC heap before
{Heap before GC invocations=22 (full 0):
 PSYoungGen      total 671744K, used 663136K [0x00000000d6580000, 0x00000000ffe80000, 0x0000000100000000)
  eden space 663040K, 100% used [0x00000000d6580000,0x00000000fed00000,0x00000000fed00000)
  from space 8704K, 1% used [0x00000000fed00000,0x00000000fed18000,0x00000000ff580000)
  to   space 8192K, 0% used [0x00000000ff680000,0x00000000ff680000,0x00000000ffe80000)
 ParOldGen       total 86016K, used 12912K [0x0000000083000000, 0x0000000088400000, 0x00000000d6580000)
  object space 86016K, 15% used [0x0000000083000000,0x0000000083c9c2a8,0x0000000088400000)
 Metaspace       used 10748K, capacity 11345K, committed 11520K, reserved 1058816K
  class space    used 1117K, capacity 1271K, committed 1280K, reserved 1048576K
Event: 78.554 GC heap after
Heap after GC invocations=22 (full 0):
 PSYoungGen      total 632320K, used 64K [0x00000000d6580000, 0x00000000ff700000, 0x0000000100000000)
  eden space 631808K, 0% used [0x00000000d6580000,0x00000000d6580000,0x00000000fce80000)
  from space 512K, 12% used [0x00000000ff680000,0x00000000ff690000,0x00000000ff700000)
  to   space 7680K, 0% used [0x00000000fe800000,0x00000000fe800000,0x00000000fef80000)
 ParOldGen       total 86016K, used 12952K [0x0000000083000000, 0x0000000088400000, 0x00000000d6580000)
  object space 86016K, 15% used [0x0000000083000000,0x0000000083ca62a8,0x0000000088400000)
 Metaspace       used 10748K, capacity 11345K, committed 11520K, reserved 1058816K
  class space    used 1117K, capacity 1271K, committed 1280K, reserved 1048576K
}
Event: 78.755 GC heap before
{Heap before GC invocations=23 (full 0):
 PSYoungGen      total 632320K, used 631872K [0x00000000d6580000, 0x00000000ff700000, 0x0000000100000000)
  eden space 631808K, 100% used [0x00000000d6580000,0x00000000fce80000,0x00000000fce80000)
  from space 512K, 12% used [0x00000000ff680000,0x00000000ff690000,0x00000000ff700000)
  to   space 7680K, 0% used [0x00000000fe800000,0x00000000fe800000,0x00000000fef80000)
 ParOldGen       total 86016K, used 12952K [0x0000000083000000, 0x0000000088400000, 0x00000000d6580000)
  object space 86016K, 15% used [0x0000000083000000,0x0000000083ca62a8,0x0000000088400000)
 Metaspace       used 10766K, capacity 11353K, committed 11520K, reserved 1058816K
  class space    used 1117K, capacity 1271K, committed 1280K, reserved 1048576K
Event: 78.760 GC heap after
Heap after GC invocations=23 (full 0):
 PSYoungGen      total 665600K, used 32K [0x00000000d6580000, 0x0000000100000000, 0x0000000100000000)
  eden space 657920K, 0% used [0x00000000d6580000,0x00000000d6580000,0x00000000fe800000)
  from space 7680K, 0% used [0x00000000fe800000,0x00000000fe808000,0x00000000fef80000)
  to   space 7680K, 0% used [0x00000000ff880000,0x00000000ff880000,0x0000000100000000)
 ParOldGen       total 86016K, used 12960K [0x0000000083000000, 0x0000000088400000, 0x00000000d6580000)
  object space 86016K, 15% used [0x0000000083000000,0x0000000083ca82a8,0x0000000088400000)
 Metaspace       used 10766K, capacity 11353K, committed 11520K, reserved 1058816K
  class space    used 1117K, capacity 1271K, committed 1280K, reserved 1048576K
}
Event: 91.664 GC heap before
{Heap before GC invocations=24 (full 0):
 PSYoungGen      total 665600K, used 657952K [0x00000000d6580000, 0x0000000100000000, 0x0000000100000000)
  eden space 657920K, 100% used [0x00000000d6580000,0x00000000fe800000,0x00000000fe800000)
  from space 7680K, 0% used [0x00000000fe800000,0x00000000fe808000,0x00000000fef80000)
  to   space 7680K, 0% used [0x00000000ff880000,0x00000000ff880000,0x0000000100000000)
 ParOldGen       total 86016K, used 12960K [0x0000000083000000, 0x0000000088400000, 0x00000000d6580000)
  object space 86016K, 15% used [0x0000000083000000,0x0000000083ca82a8,0x0000000088400000)
 Metaspace       used 10766K, capacity 11353K, committed 11520K, reserved 1058816K
  class space    used 1117K, capacity 1271K, committed 1280K, reserved 1048576K
Event: 91.665 GC heap after
Heap after GC invocations=24 (full 0):
 PSYoungGen      total 627200K, used 32K [0x00000000d6580000, 0x00000000ff900000, 0x0000000100000000)
  eden space 626688K, 0% used [0x00000000d6580000,0x00000000d6580000,0x00000000fc980000)
  from space 512K, 6% used [0x00000000ff880000,0x00000000ff888000,0x00000000ff900000)
  to   space 7168K, 0% used [0x00000000feb00000,0x00000000feb00000,0x00000000ff200000)
 ParOldGen       total 86016K, used 12960K [0x0000000083000000, 0x0000000088400000, 0x00000000d6580000)
  object space 86016K, 15% used [0x0000000083000000,0x0000000083ca82a8,0x0000000088400000)
 Metaspace       used 10766K, capacity 11353K, committed 11520K, reserved 1058816K
  class space    used 1117K, capacity 1271K, committed 1280K, reserved 1048576K
}
Event: 100.332 GC heap before
{Heap before GC invocations=25 (full 0):
 PSYoungGen      total 627200K, used 626720K [0x00000000d6580000, 0x00000000ff900000, 0x0000000100000000)
  eden space 626688K, 100% used [0x00000000d6580000,0x00000000fc980000,0x00000000fc980000)
  from space 512K, 6% used [0x00000000ff880000,0x00000000ff888000,0x00000000ff900000)
  to   space 7168K, 0% used [0x00000000feb00000,0x00000000feb00000,0x00000000ff200000)
 ParOldGen       total 86016K, used 12960K [0x0000000083000000, 0x0000000088400000, 0x00000000d6580000)
  object space 86016K, 15% used [0x0000000083000000,0x0000000083ca82a8,0x0000000088400000)
 Metaspace       used 10766K, capacity 11353K, committed 11520K, reserved 1058816K
  class space    used 1117K, capacity 1271K, committed 1280K, reserved 1048576K
Event: 100.332 GC heap after
Heap after GC invocations=25 (full 0):
 PSYoungGen      total 604160K, used 64K [0x00000000d6580000, 0x00000000ff900000, 0x0000000100000000)
  eden space 596992K, 0% used [0x00000000d6580000,0x00000000d6580000,0x00000000fac80000)
  from space 7168K, 0% used [0x00000000feb00000,0x00000000feb10000,0x00000000ff200000)
  to   space 6656K, 0% used [0x00000000ff280000,0x00000000ff280000,0x00000000ff900000)
 ParOldGen       total 86016K, used 12960K [0x0000000083000000, 0x0000000088400000, 0x00000000d6580000)
  object space 86016K, 15% used [0x0000000083000000,0x0000000083ca82a8,0x0000000088400000)
 Metaspace       used 10766K, capacity 11353K, committed 11520K, reserved 1058816K
  class space    used 1117K, capacity 1271K, committed 1280K, reserved 1048576K
}
Event: 108.852 GC heap before
{Heap before GC invocations=26 (full 0):
 PSYoungGen      total 604160K, used 597056K [0x00000000d6580000, 0x00000000ff900000, 0x0000000100000000)
  eden space 596992K, 100% used [0x00000000d6580000,0x00000000fac80000,0x00000000fac80000)
  from space 7168K, 0% used [0x00000000feb00000,0x00000000feb10000,0x00000000ff200000)
  to   space 6656K, 0% used [0x00000000ff280000,0x00000000ff280000,0x00000000ff900000)
 ParOldGen       total 86016K, used 12960K [0x0000000083000000, 0x0000000088400000, 0x00000000d6580000)
  object space 86016K, 15% used [0x0000000083000000,0x0000000083ca82a8,0x0000000088400000)
 Metaspace       used 10766K, capacity 11353K, committed 11520K, reserved 1058816K
  class space    used 1117K, capacity 1271K, committed 1280K, reserved 1048576K
Event: 108.853 GC heap after
Heap after GC invocations=26 (full 0):
 PSYoungGen      total 569344K, used 96K [0x00000000d6580000, 0x00000000ff300000, 0x0000000100000000)
  eden space 568832K, 0% used [0x00000000d6580000,0x00000000d6580000,0x00000000f9100000)
  from space 512K, 18% used [0x00000000ff280000,0x00000000ff298000,0x00000000ff300000)
  to   space 6144K, 0% used [0x00000000fe700000,0x00000000fe700000,0x00000000fed00000)
 ParOldGen       total 86016K, used 12960K [0x0000000083000000, 0x0000000088400000, 0x00000000d6580000)
  object space 86016K, 15% used [0x0000000083000000,0x0000000083ca82a8,0x0000000088400000)
 Metaspace       used 10766K, capacity 11353K, committed 11520K, reserved 1058816K
  class space    used 1117K, capacity 1271K, committed 1280K, reserved 1048576K
}

Deoptimization events (10 events):
Event: 45.292 Thread 0x0000000058ec0800 Uncommon trap: reason=class_check action=maybe_recompile pc=0x0000000002de2e00 method=java.lang.Iterable.forEach(Ljava/util/function/Consumer;)V @ 6
Event: 60.930 Thread 0x0000000001c1f000 Uncommon trap: reason=bimorphic action=maybe_recompile pc=0x0000000002c3d980 method=java.util.stream.AbstractPipeline.copyInto(Ljava/util/stream/Sink;Ljava/util/Spliterator;)V @ 20
Event: 60.930 Thread 0x0000000001c1f000 Uncommon trap: reason=unstable_if action=reinterpret pc=0x0000000002d8d77c method=java.util.HashMap$KeySpliterator.forEachRemaining(Ljava/util/function/Consumer;)V @ 159
Event: 60.931 Thread 0x0000000001c1f000 Uncommon trap: reason=unstable_if action=reinterpret pc=0x0000000002d201a8 method=map.Chunk.drawFaces(Lutil/Vec3;)V @ 102
Event: 60.953 Thread 0x0000000001c1f000 Uncommon trap: reason=unstable_if action=reinterpret pc=0x0000000002de0224 method=java.util.HashMap.clear()V @ 23
Event: 61.447 Thread 0x0000000001c1f000 Uncommon trap: reason=bimorphic action=maybe_recompile pc=0x0000000002c3d980 method=java.util.stream.AbstractPipeline.copyInto(Ljava/util/stream/Sink;Ljava/util/Spliterator;)V @ 20
Event: 61.449 Thread 0x0000000001c1f000 Uncommon trap: reason=unstable_if action=reinterpret pc=0x0000000002d36c90 method=map.Chunk.drawFaces(Lutil/Vec3;)V @ 102
Event: 62.155 Thread 0x0000000001c1f000 Uncommon trap: reason=bimorphic action=maybe_recompile pc=0x0000000002c3d980 method=java.util.stream.AbstractPipeline.copyInto(Ljava/util/stream/Sink;Ljava/util/Spliterator;)V @ 20
Event: 62.353 Thread 0x0000000001c1f000 Uncommon trap: reason=bimorphic action=maybe_recompile pc=0x0000000002c3d980 method=java.util.stream.AbstractPipeline.copyInto(Ljava/util/stream/Sink;Ljava/util/Spliterator;)V @ 20
Event: 78.543 Thread 0x0000000001c1f000 Uncommon trap: reason=unstable_if action=reinterpret pc=0x0000000002c580c4 method=map.CubeMap.setCube(IIILmap/CubeType;)V @ 10

Internal exceptions (10 events):
Event: 0.288 Thread 0x0000000001c1f000 Exception <a 'java/security/PrivilegedActionException'> (0x00000000d66033d8) thrown at [C:\workspace\8-2-build-windows-amd64-cygwin\jdk8u65\4987\hotspot\src\share\vm\prims\jvm.cpp, line 1386]
Event: 0.351 Thread 0x0000000001c1f000 Exception <a 'java/lang/NoSuchFieldError': method resolution failed> (0x00000000d6833b80) thrown at [C:\workspace\8-2-build-windows-amd64-cygwin\jdk8u65\4987\hotspot\src\share\vm\prims\methodHandles.cpp, line 1146]
Event: 0.352 Thread 0x0000000001c1f000 Exception <a 'java/lang/NoSuchFieldError': method resolution failed> (0x00000000d6840f80) thrown at [C:\workspace\8-2-build-windows-amd64-cygwin\jdk8u65\4987\hotspot\src\share\vm\prims\methodHandles.cpp, line 1146]
Event: 0.662 Thread 0x0000000001c1f000 Exception <a 'java/security/PrivilegedActionException'> (0x00000000d6cfde90) thrown at [C:\workspace\8-2-build-windows-amd64-cygwin\jdk8u65\4987\hotspot\src\share\vm\prims\jvm.cpp, line 1386]
Event: 0.662 Thread 0x0000000001c1f000 Exception <a 'java/security/PrivilegedActionException'> (0x00000000d6cfe0a0) thrown at [C:\workspace\8-2-build-windows-amd64-cygwin\jdk8u65\4987\hotspot\src\share\vm\prims\jvm.cpp, line 1386]
Event: 0.663 Thread 0x0000000001c1f000 Exception <a 'java/security/PrivilegedActionException'> (0x00000000d6d020d0) thrown at [C:\workspace\8-2-build-windows-amd64-cygwin\jdk8u65\4987\hotspot\src\share\vm\prims\jvm.cpp, line 1386]
Event: 0.663 Thread 0x0000000001c1f000 Exception <a 'java/security/PrivilegedActionException'> (0x00000000d6d022e0) thrown at [C:\workspace\8-2-build-windows-amd64-cygwin\jdk8u65\4987\hotspot\src\share\vm\prims\jvm.cpp, line 1386]
Event: 0.667 Thread 0x0000000001c1f000 Exception <a 'java/io/FileNotFoundException'> (0x00000000d6d05ec0) thrown at [C:\workspace\8-2-build-windows-amd64-cygwin\jdk8u65\4987\hotspot\src\share\vm\prims\jni.cpp, line 709]
Event: 0.692 Thread 0x0000000001c1f000 Exception <a 'java/io/FileNotFoundException'> (0x00000000d6d45438) thrown at [C:\workspace\8-2-build-windows-amd64-cygwin\jdk8u65\4987\hotspot\src\share\vm\prims\jni.cpp, line 709]
Event: 0.709 Thread 0x0000000001c1f000 Implicit null exception at 0x0000000002903e52 to 0x0000000002904019

Events (10 events):
Event: 78.556 Thread 0x0000000058b8f800 flushing nmethod 0x0000000002960d10
Event: 78.556 Thread 0x0000000058b8f800 flushing nmethod 0x00000000029666d0
Event: 78.755 Executing VM operation: ParallelGCFailedAllocation
Event: 78.760 Executing VM operation: ParallelGCFailedAllocation done
Event: 91.664 Executing VM operation: ParallelGCFailedAllocation
Event: 91.665 Executing VM operation: ParallelGCFailedAllocation done
Event: 100.332 Executing VM operation: ParallelGCFailedAllocation
Event: 100.332 Executing VM operation: ParallelGCFailedAllocation done
Event: 108.852 Executing VM operation: ParallelGCFailedAllocation
Event: 108.853 Executing VM operation: ParallelGCFailedAllocation done


Dynamic libraries:
0x000000013f600000 - 0x000000013f637000 	C:\Program Files\Java\jdk1.8.0_65\bin\java.exe
0x0000000077470000 - 0x000000007761a000 	C:\Windows\SYSTEM32\ntdll.dll
0x0000000077350000 - 0x000000007746f000 	C:\Windows\system32\kernel32.dll
0x000007fefd510000 - 0x000007fefd57b000 	C:\Windows\system32\KERNELBASE.dll
0x000007fefe370000 - 0x000007fefe44b000 	C:\Windows\system32\ADVAPI32.dll
0x000007fefe100000 - 0x000007fefe19f000 	C:\Windows\system32\msvcrt.dll
0x000007fefda50000 - 0x000007fefda6f000 	C:\Windows\SYSTEM32\sechost.dll
0x000007fefe450000 - 0x000007fefe57d000 	C:\Windows\system32\RPCRT4.dll
0x0000000077250000 - 0x000000007734a000 	C:\Windows\system32\USER32.dll
0x000007fefe1a0000 - 0x000007fefe207000 	C:\Windows\system32\GDI32.dll
0x000007fefe210000 - 0x000007fefe21e000 	C:\Windows\system32\LPK.dll
0x000007fefe2a0000 - 0x000007fefe36a000 	C:\Windows\system32\USP10.dll
0x000007fefbaa0000 - 0x000007fefbc94000 	C:\Windows\WinSxS\amd64_microsoft.windows.common-controls_6595b64144ccf1df_6.0.7601.18837_none_fa3b1e3d17594757\COMCTL32.dll
0x000007fefd5e0000 - 0x000007fefd651000 	C:\Windows\system32\SHLWAPI.dll
0x000007fefd5b0000 - 0x000007fefd5de000 	C:\Windows\system32\IMM32.DLL
0x000007fefdff0000 - 0x000007fefe0f9000 	C:\Windows\system32\MSCTF.dll
0x0000000072c60000 - 0x0000000072d32000 	C:\Program Files\Java\jdk1.8.0_65\jre\bin\msvcr100.dll
0x000000006c1a0000 - 0x000000006ca29000 	C:\Program Files\Java\jdk1.8.0_65\jre\bin\server\jvm.dll
0x000007fef7530000 - 0x000007fef7539000 	C:\Windows\system32\WSOCK32.dll
0x000007fefdef0000 - 0x000007fefdf3d000 	C:\Windows\system32\WS2_32.dll
0x000007fefdfe0000 - 0x000007fefdfe8000 	C:\Windows\system32\NSI.dll
0x000007fefae40000 - 0x000007fefae7b000 	C:\Windows\system32\WINMM.dll
0x000007fefc350000 - 0x000007fefc35c000 	C:\Windows\system32\VERSION.dll
0x0000000077640000 - 0x0000000077647000 	C:\Windows\system32\PSAPI.DLL
0x0000000073be0000 - 0x0000000073bef000 	C:\Program Files\Java\jdk1.8.0_65\jre\bin\verify.dll
0x00000000739e0000 - 0x0000000073a09000 	C:\Program Files\Java\jdk1.8.0_65\jre\bin\java.dll
0x00000000739c0000 - 0x00000000739d6000 	C:\Program Files\Java\jdk1.8.0_65\jre\bin\zip.dll
0x000007fefe580000 - 0x000007feff30a000 	C:\Windows\system32\SHELL32.dll
0x000007fefdc00000 - 0x000007fefde03000 	C:\Windows\system32\ole32.dll
0x000007fefd1f0000 - 0x000007fefd1ff000 	C:\Windows\system32\profapi.dll
0x0000000073340000 - 0x000000007335a000 	C:\Program Files\Java\jdk1.8.0_65\jre\bin\net.dll
0x0000000180000000 - 0x0000000180024000 	C:\Program Files (x86)\Common Files\NSL\nslsp64.dll
0x000007fefc990000 - 0x000007fefc9e5000 	C:\Windows\system32\mswsock.dll
0x000007fefc980000 - 0x000007fefc987000 	C:\Windows\System32\wship6.dll
0x0000000002230000 - 0x0000000002281000 	G:\OGPC 2016\OGPC 2016 Java\natives\lwjgl64.dll
0x000007fef3b80000 - 0x000007fef3c9d000 	C:\Windows\system32\OPENGL32.dll
0x000007fef8e70000 - 0x000007fef8e9d000 	C:\Windows\system32\GLU32.dll
0x000007feee740000 - 0x000007feee831000 	C:\Windows\system32\DDRAW.dll
0x000007fef9f60000 - 0x000007fef9f68000 	C:\Windows\system32\DCIMAN32.dll
0x000007feff5a0000 - 0x000007feff777000 	C:\Windows\system32\SETUPAPI.dll
0x000007fefd490000 - 0x000007fefd4c6000 	C:\Windows\system32\CFGMGR32.dll
0x000007fefde10000 - 0x000007fefdee8000 	C:\Windows\system32\OLEAUT32.dll
0x000007fefd3b0000 - 0x000007fefd3ca000 	C:\Windows\system32\DEVOBJ.dll
0x000007fefb4f0000 - 0x000007fefb508000 	C:\Windows\system32\dwmapi.dll
0x000007fefba40000 - 0x000007fefba96000 	C:\Windows\system32\uxtheme.dll
0x0000000002360000 - 0x00000000023a1000 	C:\Program Files (x86)\NetSupport\NetSupport School\pciappctrl64.dll
0x000007fef4da0000 - 0x000007fef4ec5000 	C:\Windows\system32\dbghelp.dll
0x000007fef9f30000 - 0x000007fef9f48000 	C:\Windows\system32\MPR.dll
0x0000000002290000 - 0x00000000022b5000 	C:\Program Files (x86)\Common Files\NSL\NSCommonHook64.dll
0x000007fee8da0000 - 0x000007fee95d3000 	C:\Windows\system32\ig7icd64.dll
0x000007feee840000 - 0x000007feeec9f000 	C:\Windows\system32\igdusc64.dll
0x000007fefc070000 - 0x000007fefc081000 	C:\Windows\system32\WTSAPI32.dll
0x000007fefd130000 - 0x000007fefd13f000 	C:\Windows\system32\CRYPTBASE.dll
0x000007feedd20000 - 0x000007feeddbc000 	C:\Windows\system32\mscms.dll
0x000007fefd580000 - 0x000007fefd59e000 	C:\Windows\system32\USERENV.dll
0x000007fef8ed0000 - 0x000007fef8f12000 	C:\Windows\system32\icm32.dll
0x0000000072710000 - 0x00000000728a8000 	C:\Program Files\Java\jdk1.8.0_65\jre\bin\awt.dll
0x000007fefbd30000 - 0x000007fefbd3a000 	C:\Windows\System32\drprov.dll
0x000007fefd0f0000 - 0x000007fefd12d000 	C:\Windows\System32\WINSTA.dll
0x000007fef9d70000 - 0x000007fef9d92000 	C:\Windows\System32\ntlanman.dll
0x000007fefa120000 - 0x000007fefa13d000 	C:\Windows\System32\davclnt.dll
0x000007fefb760000 - 0x000007fefb76a000 	C:\Windows\System32\DAVHLPR.dll
0x0000000072c10000 - 0x0000000072c57000 	C:\Program Files\Java\jdk1.8.0_65\jre\bin\fontmanager.dll
0x00000000733b0000 - 0x00000000733c1000 	C:\Program Files\Java\jdk1.8.0_65\jre\bin\nio.dll
0x0000000072bc0000 - 0x0000000072c02000 	C:\Program Files\Java\jdk1.8.0_65\jre\bin\t2k.dll

VM Arguments:
jvm_args: -Dfile.encoding=UTF-8 -Dorg.lwjgl.opengl.Display.allowSoftwareOpenGL=true 
java_command: invisibleman.Server
java_class_path (initial): G:\OGPC 2016\OGPC 2016 Java\lib\jfxrt.jar;G:\OGPC 2016\OGPC 2016 Java\lib\jinput.jar;G:\OGPC 2016\OGPC 2016 Java\lib\lwjgl.jar;G:\OGPC 2016\OGPC 2016 Java\lib\lwjgl_util.jar;G:\OGPC 2016\OGPC 2016 Java\lib\slick-util.jar;G:\OGPC 2016\OGPC 2016 Java\lib\protonpack-1.1.jar;G:\OGPC 2016\OGPC 2016 Java\lib\Forge.jar;G:\OGPC 2016\OGPC 2016 Java\build\classes
Launcher Type: SUN_STANDARD

Environment Variables:
PATH=C:\Program Files\Common Files\Microsoft Shared\Windows Live;C:\Program Files (x86)\Common Files\Microsoft Shared\Windows Live;C:\ProgramData\Oracle\Java\javapath;C:\Windows\system32;C:\Windows;C:\Windows\System32\Wbem;C:\Windows\System32\WindowsPowerShell\v1.0\;C:\Program Files\Intel\WiFi\bin\;C:\Program Files\Common Files\Intel\WirelessCommon\;C:\Program Files (x86)\Intel\OpenCL SDK\2.0\bin\x86;C:\Program Files (x86)\Intel\OpenCL SDK\2.0\bin\x64;C:\SWTOOLS\ReadyApps;C:\Program Files (x86)\QuickTime\QTSystem\;C:\Program Files (x86)\Windows Live\Shared;C:\Program Files\Intel\WiFi\bin\;C:\Program Files\Common Files\Intel\WirelessCommon\
USERNAME=RSoiffer16
OS=Windows_NT
PROCESSOR_IDENTIFIER=Intel64 Family 6 Model 58 Stepping 9, GenuineIntel



---------------  S Y S T E M  ---------------

OS: Windows 7 , 64 bit Build 7601 (6.1.7601.19160)

CPU:total 4 (2 cores per cpu, 2 threads per core) family 6 model 58 stepping 9, cmov, cx8, fxsr, mmx, sse, sse2, sse3, ssse3, sse4.1, sse4.2, popcnt, avx, clmul, erms, ht, tsc, tscinvbit, tscinv

Memory: 4k page, physical 8186072k(4770460k free), swap 16370308k(12138956k free)

vm_info: Java HotSpot(TM) 64-Bit Server VM (25.65-b01) for windows-amd64 JRE (1.8.0_65-b17), built on Oct  6 2015 16:39:20 by "java_re" with MS VC++ 10.0 (VS2010)

time: Tue Apr 19 15:00:53 2016
elapsed time: 109 seconds (0d 0h 1m 49s)

