#
# A fatal error has been detected by the Java Runtime Environment:
#
#  EXCEPTION_ACCESS_VIOLATION (0xc0000005) at pc=0x000007fee8dc1f44, pid=8124, tid=3744
#
# JRE version: Java(TM) SE Runtime Environment (8.0_65-b17) (build 1.8.0_65-b17)
# Java VM: Java HotSpot(TM) 64-Bit Server VM (25.65-b01 mixed mode windows-amd64 compressed oops)
# Problematic frame:
# C  [ig7icd64.dll+0x21f44]
#
# Failed to write core dump. Minidumps are not enabled by default on client versions of Windows
#
# If you would like to submit a bug report, please visit:
#   http://bugreport.java.com/bugreport/crash.jsp
# The crash happened outside the Java Virtual Machine in native code.
# See problematic frame for where to report the bug.
#

---------------  T H R E A D  ---------------

Current thread (0x0000000001faf000):  JavaThread "main" [_thread_in_native, id=3744, stack(0x0000000002200000,0x0000000002300000)]

siginfo: ExceptionCode=0xc0000005, writing address 0x00000000124aa000

Registers:
RAX=0x0000000000000001, RBX=0x000000005996e000, RCX=0x00000000124aa010, RDX=0x000000005c454000
RSP=0x00000000022fdfa0, RBP=0x000000005b28e510, RSI=0x000000005b290220, RDI=0x000000005c453c80
R8 =0x0000000000000020, R9 =0x0000000000000000, R10=0x0000000000000001, R11=0x0000000000000002
R12=0x0000000000000000, R13=0x000000005b2f3460, R14=0x0000000000000000, R15=0x0000000000000000
RIP=0x000007fee8dc1f44, EFLAGS=0x0000000000010206

Top of Stack: (sp=0x00000000022fdfa0)
0x00000000022fdfa0:   0000000016966428 00000000d941a550
0x00000000022fdfb0:   00000000d941a550 0000000000000000
0x00000000022fdfc0:   00000000022fe020 00000000025d7cc1
0x00000000022fdfd0:   000000000000003b 0000000002aabb90
0x00000000022fdfe0:   00000000599f70c0 000007fee8fbcc57
0x00000000022fdff0:   000000005996e000 c2885069bfae14cb
0x00000000022fe000:   c287f2d2c222515c 000000003fae0be3
0x00000000022fe010:   0000000000000001 000007fee8fdbbd3
0x00000000022fe020:   000000005c453ff0 0000000000000000
0x00000000022fe030:   c054000000000000 0000000000000000
0x00000000022fe040:   000000005c4e83e0 00000000599d9470
0x00000000022fe050:   000000005c453de8 000000005c453c80
0x00000000022fe060:   0000000000000001 000000005c491600
0x00000000022fe070:   000000005996e000 000007fee8ff4e78
0x00000000022fe080:   0000000000000002 000000005c491901
0x00000000022fe090:   000000005c453de8 0000000000000000 

Instructions: (pc=0x000007fee8dc1f44)
0x000007fee8dc1f24:   d1 49 c1 eb 04 4d 85 db 0f 84 24 02 00 00 f3 0f
0x000007fee8dc1f34:   6f 02 41 ff c2 48 83 c1 10 41 8b c2 48 83 c2 10
0x000007fee8dc1f44:   f3 0f 7f 41 f0 49 3b c3 72 e4 e9 03 02 00 00 48
0x000007fee8dc1f54:   89 7c 24 40 8b f9 83 e7 0f 74 68 48 89 5c 24 50 


Register to memory mapping:

RAX=0x0000000000000001 is an unknown value
RBX=0x000000005996e000 is an unknown value
RCX=0x00000000124aa010 is an unknown value
RDX=0x000000005c454000 is an unknown value
RSP=0x00000000022fdfa0 is pointing into the stack for thread: 0x0000000001faf000
RBP=0x000000005b28e510 is an unknown value
RSI=0x000000005b290220 is an unknown value
RDI=0x000000005c453c80 is an unknown value
R8 =0x0000000000000020 is an unknown value
R9 =0x0000000000000000 is an unknown value
R10=0x0000000000000001 is an unknown value
R11=0x0000000000000002 is an unknown value
R12=0x0000000000000000 is an unknown value
R13=0x000000005b2f3460 is an unknown value
R14=0x0000000000000000 is an unknown value
R15=0x0000000000000000 is an unknown value


Stack: [0x0000000002200000,0x0000000002300000],  sp=0x00000000022fdfa0,  free space=1015k
Native frames: (J=compiled Java code, j=interpreted, Vv=VM code, C=native code)
C  [ig7icd64.dll+0x21f44]
C  [ig7icd64.dll+0x21cc57]
C  [ig7icd64.dll+0x254e78]
C  [ig7icd64.dll+0x1fe146]
C  [ig7icd64.dll+0x156d58]
C  [ig7icd64.dll+0x2dc07c]
C  [ig7icd64.dll+0x3ba832]
C  [ig7icd64.dll+0x4f6201]
C  [ig7icd64.dll+0x47433f]
C  [ig7icd64.dll+0x474abc]
C  0x0000000002b4ef4a

Java frames: (J=compiled Java code, j=interpreted, Vv=VM code)
J 1732  org.lwjgl.opengl.GL11.nglCallList(IJ)V (0 bytes) @ 0x0000000002b4eec4 [0x0000000002b4ee80+0x44]
J 1914 C2 map.CubeMap$$Lambda$124.accept(Ljava/lang/Object;Ljava/lang/Object;)V (12 bytes) @ 0x0000000002c21208 [0x0000000002c21100+0x108]
J 1691 C2 util.Util$$Lambda$66.accept(Ljava/lang/Object;)V (20 bytes) @ 0x0000000002b33e40 [0x0000000002b33dc0+0x80]
J 1456 C2 util.Util.forRange(IILjava/util/function/Consumer;)V (24 bytes) @ 0x0000000002aabb90 [0x0000000002aabb20+0x70]
J 1662 C1 util.Util.forRange(IIIILjava/util/function/BiConsumer;)V (15 bytes) @ 0x0000000002addfb4 [0x0000000002add880+0x734]
j  map.CubeMap.drawAll()V+45
j  map.Editor.lambda$start$168()V+0
j  map.Editor$$Lambda$83.run()V+0
J 953 C1 engine.EventStream$$Lambda$2.accept(Ljava/lang/Object;)V (12 bytes) @ 0x000000000291e50c [0x000000000291e2e0+0x22c]
J 1904 C2 engine.EventStream$$Lambda$34.accept(Ljava/lang/Object;)V (10 bytes) @ 0x0000000002c01928 [0x0000000002c018e0+0x48]
J 1405 C2 java.util.ArrayList.forEach(Ljava/util/function/Consumer;)V (75 bytes) @ 0x0000000002aa3588 [0x0000000002aa34e0+0xa8]
J 1755 C1 engine.Core$$Lambda$54.accept(Ljava/lang/Object;)V (8 bytes) @ 0x0000000002b8afd4 [0x0000000002b8ab80+0x454]
J 1055 C1 java.lang.Iterable.forEach(Ljava/util/function/Consumer;)V (39 bytes) @ 0x0000000002959f3c [0x0000000002959c60+0x2dc]
J 885% C2 engine.Core.run()V (114 bytes) @ 0x00000000028fba28 [0x00000000028fb960+0xc8]
j  map.Editor.start(Ljava/lang/String;Ljava/lang/String;)V+489
j  guis.Play.recieve(Ljava/lang/String;Ljava/lang/Object;)V+295
j  gui.components.GUIButton.send()V+68
j  gui.TypingManager.compOpen(Lgui/types/GUIInputComponent;)V+24
j  gui.TypingManager.lambda$null$7()V+93
j  gui.TypingManager$$Lambda$36.run()V+0
J 953 C1 engine.EventStream$$Lambda$2.accept(Ljava/lang/Object;)V (12 bytes) @ 0x000000000291e50c [0x000000000291e2e0+0x22c]
J 947 C1 engine.EventStream$$Lambda$3.run()V (12 bytes) @ 0x000000000291c94c [0x000000000291c800+0x14c]
J 926 C1 engine.EventStream$$Lambda$34.accept(Ljava/lang/Object;)V (10 bytes) @ 0x0000000002914774 [0x0000000002914580+0x1f4]
J 905 C1 java.util.ArrayList.forEach(Ljava/util/function/Consumer;)V (75 bytes) @ 0x000000000290bd44 [0x000000000290bb40+0x204]
J 971 C1 engine.Signal.set(Ljava/lang/Object;)V (10 bytes) @ 0x0000000002926854 [0x00000000029264c0+0x394]
j  engine.Signal.lambda$filter$27(Ljava/util/function/Predicate;Lengine/Signal;)V+18
j  engine.Signal$$Lambda$5.accept(Ljava/lang/Object;)V+12
J 947 C1 engine.EventStream$$Lambda$3.run()V (12 bytes) @ 0x000000000291c94c [0x000000000291c800+0x14c]
J 926 C1 engine.EventStream$$Lambda$34.accept(Ljava/lang/Object;)V (10 bytes) @ 0x0000000002914774 [0x0000000002914580+0x1f4]
J 905 C1 java.util.ArrayList.forEach(Ljava/util/function/Consumer;)V (75 bytes) @ 0x000000000290bd44 [0x000000000290bb40+0x204]
J 971 C1 engine.Signal.set(Ljava/lang/Object;)V (10 bytes) @ 0x0000000002926854 [0x00000000029264c0+0x394]
j  engine.Input.lambda$static$45()V+156
j  engine.Input$$Lambda$1.run()V+0
J 953 C1 engine.EventStream$$Lambda$2.accept(Ljava/lang/Object;)V (12 bytes) @ 0x000000000291e50c [0x000000000291e2e0+0x22c]
J 947 C1 engine.EventStream$$Lambda$3.run()V (12 bytes) @ 0x000000000291c94c [0x000000000291c800+0x14c]
J 926 C1 engine.EventStream$$Lambda$34.accept(Ljava/lang/Object;)V (10 bytes) @ 0x0000000002914774 [0x0000000002914580+0x1f4]
J 905 C1 java.util.ArrayList.forEach(Ljava/util/function/Consumer;)V (75 bytes) @ 0x000000000290bd44 [0x000000000290bb40+0x204]
J 971 C1 engine.Signal.set(Ljava/lang/Object;)V (10 bytes) @ 0x0000000002926854 [0x00000000029264c0+0x394]
j  engine.Core.lambda$run$36(DLengine/Signal;)V+5
j  engine.Core$$Lambda$50.accept(Ljava/lang/Object;)V+8
J 1055 C1 java.lang.Iterable.forEach(Ljava/util/function/Consumer;)V (39 bytes) @ 0x0000000002959f3c [0x0000000002959c60+0x2dc]
J 885% C2 engine.Core.run()V (114 bytes) @ 0x00000000028fb9f4 [0x00000000028fb960+0x94]
j  invisibleman.Client.main([Ljava/lang/String;)V+146
v  ~StubRoutines::call_stub

---------------  P R O C E S S  ---------------

Java Threads: ( => current thread )
  0x0000000058ba8000 JavaThread "AWT-Windows" daemon [_thread_in_native, id=7036, stack(0x000000005e6d0000,0x000000005e7d0000)]
  0x0000000058b9e800 JavaThread "Java2D Disposer" daemon [_thread_blocked, id=7680, stack(0x000000005e3f0000,0x000000005e4f0000)]
  0x0000000058810800 JavaThread "Service Thread" daemon [_thread_blocked, id=5048, stack(0x00000000593a0000,0x00000000594a0000)]
  0x00000000587d7800 JavaThread "C1 CompilerThread2" daemon [_thread_blocked, id=4148, stack(0x0000000059230000,0x0000000059330000)]
  0x00000000587d6800 JavaThread "C2 CompilerThread1" daemon [_thread_blocked, id=2408, stack(0x0000000058f40000,0x0000000059040000)]
  0x00000000587d2800 JavaThread "C2 CompilerThread0" daemon [_thread_blocked, id=6292, stack(0x0000000058360000,0x0000000058460000)]
  0x0000000057236800 JavaThread "Attach Listener" daemon [_thread_blocked, id=7692, stack(0x0000000058dc0000,0x0000000058ec0000)]
  0x0000000057234000 JavaThread "Signal Dispatcher" daemon [_thread_blocked, id=3648, stack(0x0000000058c90000,0x0000000058d90000)]
  0x00000000571d4800 JavaThread "Finalizer" daemon [_thread_blocked, id=6176, stack(0x00000000586d0000,0x00000000587d0000)]
  0x00000000571d3800 JavaThread "Reference Handler" daemon [_thread_blocked, id=1176, stack(0x00000000584e0000,0x00000000585e0000)]
=>0x0000000001faf000 JavaThread "main" [_thread_in_native, id=3744, stack(0x0000000002200000,0x0000000002300000)]

Other Threads:
  0x00000000571ce000 VMThread [stack: 0x0000000058240000,0x0000000058340000] [id=4688]
  0x000000005887d000 WatcherThread [stack: 0x0000000059500000,0x0000000059600000] [id=6064]

VM state:not at safepoint (normal execution)

VM Mutex/Monitor currently owned by a thread: None

Heap:
 PSYoungGen      total 245248K, used 97687K [0x00000000d6580000, 0x00000000fc080000, 0x0000000100000000)
  eden space 244736K, 39% used [0x00000000d6580000,0x00000000dc4cdc88,0x00000000e5480000)
  from space 512K, 18% used [0x00000000fc000000,0x00000000fc018000,0x00000000fc080000)
  to   space 4096K, 0% used [0x00000000fb880000,0x00000000fb880000,0x00000000fbc80000)
 ParOldGen       total 86016K, used 14547K [0x0000000083000000, 0x0000000088400000, 0x00000000d6580000)
  object space 86016K, 16% used [0x0000000083000000,0x0000000083e34c00,0x0000000088400000)
 Metaspace       used 10669K, capacity 11295K, committed 11520K, reserved 1058816K
  class space    used 1116K, capacity 1248K, committed 1280K, reserved 1048576K

Card table byte_map: [0x0000000011990000,0x0000000011d80000] byte_map_base: 0x0000000011578000

Marking Bits: (ParMarkBitMap*) 0x000000006c9aa5b0
 Begin Bits: [0x00000000125d0000, 0x0000000014510000)
 End Bits:   [0x0000000014510000, 0x0000000016450000)

Polling page: 0x0000000001f60000

CodeCache: size=245760Kb used=6605Kb max_used=6617Kb free=239154Kb
 bounds [0x00000000025d0000, 0x0000000002c50000, 0x00000000115d0000]
 total_blobs=2529 nmethods=1960 adapters=482
 compilation: enabled

Compilation events (10 events):
Event: 10.879 Thread 0x00000000587d6800 1958       4       map.CubeType::draw (131 bytes)
Event: 10.879 Thread 0x00000000587d2800 1959       4       graphics.Graphics2D::drawSprite (165 bytes)
Event: 10.893 Thread 0x00000000587d2800 nmethod 1959 0x0000000002c40050 code [0x0000000002c40360, 0x0000000002c41458]
Event: 10.902 Thread 0x00000000587d6800 nmethod 1958 0x0000000002c45450 code [0x0000000002c457e0, 0x0000000002c46ea0]
Event: 11.115 Thread 0x00000000587d7800 1960       3       java.util.stream.AbstractSpinedBuffer::count (31 bytes)
Event: 11.115 Thread 0x00000000587d7800 nmethod 1960 0x0000000002c3fc10 code [0x0000000002c3fd80, 0x0000000002c3ff70]
Event: 11.116 Thread 0x00000000587d2800 1961       4       org.lwjgl.opengl.GL11::glTexParameteri (24 bytes)
Event: 11.117 Thread 0x00000000587d2800 nmethod 1961 0x0000000002c3e2d0 code [0x0000000002c3e420, 0x0000000002c3e548]
Event: 11.117 Thread 0x00000000587d6800 1962       4       graphics.data.Texture::bind (12 bytes)
Event: 11.118 Thread 0x00000000587d6800 nmethod 1962 0x0000000002c437d0 code [0x0000000002c43920, 0x0000000002c43a48]

GC Heap History (10 events):
Event: 7.050 GC heap before
{Heap before GC invocations=28 (full 0):
 PSYoungGen      total 312832K, used 306720K [0x00000000d6580000, 0x00000000fce00000, 0x0000000100000000)
  eden space 306688K, 100% used [0x00000000d6580000,0x00000000e9100000,0x00000000e9100000)
  from space 6144K, 0% used [0x00000000fc200000,0x00000000fc208000,0x00000000fc800000)
  to   space 5632K, 0% used [0x00000000fc880000,0x00000000fc880000,0x00000000fce00000)
 ParOldGen       total 86016K, used 14531K [0x0000000083000000, 0x0000000088400000, 0x00000000d6580000)
  object space 86016K, 16% used [0x0000000083000000,0x0000000083e30c00,0x0000000088400000)
 Metaspace       used 10439K, capacity 10995K, committed 11264K, reserved 1058816K
  class space    used 1093K, capacity 1232K, committed 1280K, reserved 1048576K
Event: 7.051 GC heap after
Heap after GC invocations=28 (full 0):
 PSYoungGen      total 293376K, used 32K [0x00000000d6580000, 0x00000000fc900000, 0x0000000100000000)
  eden space 292864K, 0% used [0x00000000d6580000,0x00000000d6580000,0x00000000e8380000)
  from space 512K, 6% used [0x00000000fc880000,0x00000000fc888000,0x00000000fc900000)
  to   space 5632K, 0% used [0x00000000fbe00000,0x00000000fbe00000,0x00000000fc380000)
 ParOldGen       total 86016K, used 14531K [0x0000000083000000, 0x0000000088400000, 0x00000000d6580000)
  object space 86016K, 16% used [0x0000000083000000,0x0000000083e30c00,0x0000000088400000)
 Metaspace       used 10439K, capacity 10995K, committed 11264K, reserved 1058816K
  class space    used 1093K, capacity 1232K, committed 1280K, reserved 1048576K
}
Event: 7.182 GC heap before
{Heap before GC invocations=29 (full 0):
 PSYoungGen      total 293376K, used 292896K [0x00000000d6580000, 0x00000000fc900000, 0x0000000100000000)
  eden space 292864K, 100% used [0x00000000d6580000,0x00000000e8380000,0x00000000e8380000)
  from space 512K, 6% used [0x00000000fc880000,0x00000000fc888000,0x00000000fc900000)
  to   space 5632K, 0% used [0x00000000fbe00000,0x00000000fbe00000,0x00000000fc380000)
 ParOldGen       total 86016K, used 14531K [0x0000000083000000, 0x0000000088400000, 0x00000000d6580000)
  object space 86016K, 16% used [0x0000000083000000,0x0000000083e30c00,0x0000000088400000)
 Metaspace       used 10439K, capacity 10995K, committed 11264K, reserved 1058816K
  class space    used 1093K, capacity 1232K, committed 1280K, reserved 1048576K
Event: 7.183 GC heap after
Heap after GC invocations=29 (full 0):
 PSYoungGen      total 285696K, used 64K [0x00000000d6580000, 0x00000000fc900000, 0x0000000100000000)
  eden space 280064K, 0% used [0x00000000d6580000,0x00000000d6580000,0x00000000e7700000)
  from space 5632K, 1% used [0x00000000fbe00000,0x00000000fbe10000,0x00000000fc380000)
  to   space 5120K, 0% used [0x00000000fc400000,0x00000000fc400000,0x00000000fc900000)
 ParOldGen       total 86016K, used 14531K [0x0000000083000000, 0x0000000088400000, 0x00000000d6580000)
  object space 86016K, 16% used [0x0000000083000000,0x0000000083e30c00,0x0000000088400000)
 Metaspace       used 10439K, capacity 10995K, committed 11264K, reserved 1058816K
  class space    used 1093K, capacity 1232K, committed 1280K, reserved 1048576K
}
Event: 7.309 GC heap before
{Heap before GC invocations=30 (full 0):
 PSYoungGen      total 285696K, used 280128K [0x00000000d6580000, 0x00000000fc900000, 0x0000000100000000)
  eden space 280064K, 100% used [0x00000000d6580000,0x00000000e7700000,0x00000000e7700000)
  from space 5632K, 1% used [0x00000000fbe00000,0x00000000fbe10000,0x00000000fc380000)
  to   space 5120K, 0% used [0x00000000fc400000,0x00000000fc400000,0x00000000fc900000)
 ParOldGen       total 86016K, used 14531K [0x0000000083000000, 0x0000000088400000, 0x00000000d6580000)
  object space 86016K, 16% used [0x0000000083000000,0x0000000083e30c00,0x0000000088400000)
 Metaspace       used 10439K, capacity 10995K, committed 11264K, reserved 1058816K
  class space    used 1093K, capacity 1232K, committed 1280K, reserved 1048576K
Event: 7.310 GC heap after
Heap after GC invocations=30 (full 0):
 PSYoungGen      total 268288K, used 32K [0x00000000d6580000, 0x00000000fc480000, 0x0000000100000000)
  eden space 267776K, 0% used [0x00000000d6580000,0x00000000d6580000,0x00000000e6b00000)
  from space 512K, 6% used [0x00000000fc400000,0x00000000fc408000,0x00000000fc480000)
  to   space 4608K, 0% used [0x00000000fbb80000,0x00000000fbb80000,0x00000000fc000000)
 ParOldGen       total 86016K, used 14531K [0x0000000083000000, 0x0000000088400000, 0x00000000d6580000)
  object space 86016K, 16% used [0x0000000083000000,0x0000000083e30c00,0x0000000088400000)
 Metaspace       used 10439K, capacity 10995K, committed 11264K, reserved 1058816K
  class space    used 1093K, capacity 1232K, committed 1280K, reserved 1048576K
}
Event: 7.433 GC heap before
{Heap before GC invocations=31 (full 0):
 PSYoungGen      total 268288K, used 267808K [0x00000000d6580000, 0x00000000fc480000, 0x0000000100000000)
  eden space 267776K, 100% used [0x00000000d6580000,0x00000000e6b00000,0x00000000e6b00000)
  from space 512K, 6% used [0x00000000fc400000,0x00000000fc408000,0x00000000fc480000)
  to   space 4608K, 0% used [0x00000000fbb80000,0x00000000fbb80000,0x00000000fc000000)
 ParOldGen       total 86016K, used 14531K [0x0000000083000000, 0x0000000088400000, 0x00000000d6580000)
  object space 86016K, 16% used [0x0000000083000000,0x0000000083e30c00,0x0000000088400000)
 Metaspace       used 10443K, capacity 10995K, committed 11264K, reserved 1058816K
  class space    used 1094K, capacity 1232K, committed 1280K, reserved 1048576K
Event: 7.433 GC heap after
Heap after GC invocations=31 (full 0):
 PSYoungGen      total 260608K, used 64K [0x00000000d6580000, 0x00000000fc480000, 0x0000000100000000)
  eden space 256000K, 0% used [0x00000000d6580000,0x00000000d6580000,0x00000000e5f80000)
  from space 4608K, 1% used [0x00000000fbb80000,0x00000000fbb90000,0x00000000fc000000)
  to   space 4608K, 0% used [0x00000000fc000000,0x00000000fc000000,0x00000000fc480000)
 ParOldGen       total 86016K, used 14531K [0x0000000083000000, 0x0000000088400000, 0x00000000d6580000)
  object space 86016K, 16% used [0x0000000083000000,0x0000000083e30c00,0x0000000088400000)
 Metaspace       used 10443K, capacity 10995K, committed 11264K, reserved 1058816K
  class space    used 1094K, capacity 1232K, committed 1280K, reserved 1048576K
}
Event: 9.977 GC heap before
{Heap before GC invocations=32 (full 0):
 PSYoungGen      total 260608K, used 256064K [0x00000000d6580000, 0x00000000fc480000, 0x0000000100000000)
  eden space 256000K, 100% used [0x00000000d6580000,0x00000000e5f80000,0x00000000e5f80000)
  from space 4608K, 1% used [0x00000000fbb80000,0x00000000fbb90000,0x00000000fc000000)
  to   space 4608K, 0% used [0x00000000fc000000,0x00000000fc000000,0x00000000fc480000)
 ParOldGen       total 86016K, used 14531K [0x0000000083000000, 0x0000000088400000, 0x00000000d6580000)
  object space 86016K, 16% used [0x0000000083000000,0x0000000083e30c00,0x0000000088400000)
 Metaspace       used 10654K, capacity 11287K, committed 11520K, reserved 1058816K
  class space    used 1116K, capacity 1248K, committed 1280K, reserved 1048576K
Event: 9.978 GC heap after
Heap after GC invocations=32 (full 0):
 PSYoungGen      total 245248K, used 96K [0x00000000d6580000, 0x00000000fc080000, 0x0000000100000000)
  eden space 244736K, 0% used [0x00000000d6580000,0x00000000d6580000,0x00000000e5480000)
  from space 512K, 18% used [0x00000000fc000000,0x00000000fc018000,0x00000000fc080000)
  to   space 4096K, 0% used [0x00000000fb880000,0x00000000fb880000,0x00000000fbc80000)
 ParOldGen       total 86016K, used 14547K [0x0000000083000000, 0x0000000088400000, 0x00000000d6580000)
  object space 86016K, 16% used [0x0000000083000000,0x0000000083e34c00,0x0000000088400000)
 Metaspace       used 10654K, capacity 11287K, committed 11520K, reserved 1058816K
  class space    used 1116K, capacity 1248K, committed 1280K, reserved 1048576K
}

Deoptimization events (10 events):
Event: 8.633 Thread 0x0000000001faf000 Uncommon trap: reason=unstable_if action=reinterpret pc=0x0000000002a1da1c method=java.lang.StrictMath.floorOrCeil(DDDD)D @ 90
Event: 9.302 Thread 0x0000000001faf000 Uncommon trap: reason=unstable_if action=reinterpret pc=0x0000000002ab2d04 method=java.util.stream.FindOps$FindOp.getOpFlags()I @ 7
Event: 9.302 Thread 0x0000000001faf000 Uncommon trap: reason=class_check action=maybe_recompile pc=0x0000000002ac0454 method=java.util.stream.AbstractPipeline.copyIntoWithCancel(Ljava/util/stream/Sink;Ljava/util/Spliterator;)V @ 19
Event: 9.959 Thread 0x0000000001faf000 Uncommon trap: reason=bimorphic action=maybe_recompile pc=0x0000000002aad7b4 method=java.util.stream.AbstractPipeline.<init>(Ljava/util/stream/AbstractPipeline;I)V @ 66
Event: 9.959 Thread 0x0000000001faf000 Uncommon trap: reason=bimorphic action=maybe_recompile pc=0x0000000002ac054c method=java.util.stream.AbstractPipeline.copyInto(Ljava/util/stream/Sink;Ljava/util/Spliterator;)V @ 20
Event: 9.959 Thread 0x0000000001faf000 Uncommon trap: reason=bimorphic action=maybe_recompile pc=0x0000000002aa4a08 method=java.util.stream.AbstractPipeline.wrapSink(Ljava/util/stream/Sink;)Ljava/util/stream/Sink; @ 23
Event: 10.386 Thread 0x0000000001faf000 Uncommon trap: reason=class_check action=maybe_recompile pc=0x0000000002ac0454 method=java.util.stream.AbstractPipeline.copyIntoWithCancel(Ljava/util/stream/Sink;Ljava/util/Spliterator;)V @ 19
Event: 11.114 Thread 0x0000000001faf000 Uncommon trap: reason=bimorphic action=maybe_recompile pc=0x0000000002aad7b4 method=java.util.stream.AbstractPipeline.<init>(Ljava/util/stream/AbstractPipeline;I)V @ 66
Event: 11.114 Thread 0x0000000001faf000 Uncommon trap: reason=bimorphic action=maybe_recompile pc=0x0000000002ac054c method=java.util.stream.AbstractPipeline.copyInto(Ljava/util/stream/Sink;Ljava/util/Spliterator;)V @ 20
Event: 11.114 Thread 0x0000000001faf000 Uncommon trap: reason=bimorphic action=maybe_recompile pc=0x0000000002aa4a08 method=java.util.stream.AbstractPipeline.wrapSink(Ljava/util/stream/Sink;)Ljava/util/stream/Sink; @ 23

Internal exceptions (10 events):
Event: 0.645 Thread 0x0000000001faf000 Exception <a 'java/lang/NoSuchFieldError': method resolution failed> (0x00000000d6b2da58) thrown at [C:\workspace\8-2-build-windows-amd64-cygwin\jdk8u65\4987\hotspot\src\share\vm\prims\methodHandles.cpp, line 1146]
Event: 0.680 Thread 0x0000000001faf000 Exception <a 'java/security/PrivilegedActionException'> (0x00000000d6bee230) thrown at [C:\workspace\8-2-build-windows-amd64-cygwin\jdk8u65\4987\hotspot\src\share\vm\prims\jvm.cpp, line 1386]
Event: 0.680 Thread 0x0000000001faf000 Exception <a 'java/security/PrivilegedActionException'> (0x00000000d6bee440) thrown at [C:\workspace\8-2-build-windows-amd64-cygwin\jdk8u65\4987\hotspot\src\share\vm\prims\jvm.cpp, line 1386]
Event: 0.680 Thread 0x0000000001faf000 Exception <a 'java/security/PrivilegedActionException'> (0x00000000d6bf2288) thrown at [C:\workspace\8-2-build-windows-amd64-cygwin\jdk8u65\4987\hotspot\src\share\vm\prims\jvm.cpp, line 1386]
Event: 0.680 Thread 0x0000000001faf000 Exception <a 'java/security/PrivilegedActionException'> (0x00000000d6bf2498) thrown at [C:\workspace\8-2-build-windows-amd64-cygwin\jdk8u65\4987\hotspot\src\share\vm\prims\jvm.cpp, line 1386]
Event: 0.683 Thread 0x0000000001faf000 Exception <a 'java/io/FileNotFoundException'> (0x00000000d6bf4880) thrown at [C:\workspace\8-2-build-windows-amd64-cygwin\jdk8u65\4987\hotspot\src\share\vm\prims\jni.cpp, line 709]
Event: 0.713 Thread 0x0000000001faf000 Exception <a 'java/io/FileNotFoundException'> (0x00000000d6c36220) thrown at [C:\workspace\8-2-build-windows-amd64-cygwin\jdk8u65\4987\hotspot\src\share\vm\prims\jni.cpp, line 709]
Event: 0.731 Thread 0x0000000001faf000 Implicit null exception at 0x000000000276cf0b to 0x000000000276d0bd
Event: 3.906 Thread 0x0000000001faf000 Implicit null exception at 0x00000000029e4b08 to 0x00000000029e4b96
Event: 3.906 Thread 0x0000000001faf000 Implicit null exception at 0x00000000027df0af to 0x00000000027df161

Events (10 events):
Event: 10.662 Thread 0x0000000001faf000 DEOPT UNPACKING pc=0x000000000261787f sp=0x00000000022fdf80 mode 0
Event: 11.114 Thread 0x0000000001faf000 Uncommon trap: trap_request=0xffffffc6 fr.pc=0x0000000002aad7b4
Event: 11.114 Thread 0x0000000001faf000 DEOPT PACKING pc=0x0000000002aad7b4 sp=0x00000000022fdd00
Event: 11.114 Thread 0x0000000001faf000 DEOPT UNPACKING pc=0x000000000261582a sp=0x00000000022fdcb0 mode 2
Event: 11.114 Thread 0x0000000001faf000 Uncommon trap: trap_request=0xffffffc6 fr.pc=0x0000000002ac054c
Event: 11.114 Thread 0x0000000001faf000 DEOPT PACKING pc=0x0000000002ac054c sp=0x00000000022fde20
Event: 11.114 Thread 0x0000000001faf000 DEOPT UNPACKING pc=0x000000000261582a sp=0x00000000022fddd8 mode 2
Event: 11.114 Thread 0x0000000001faf000 Uncommon trap: trap_request=0xffffffc6 fr.pc=0x0000000002aa4a08
Event: 11.114 Thread 0x0000000001faf000 DEOPT PACKING pc=0x0000000002aa4a08 sp=0x00000000022fdbb0
Event: 11.114 Thread 0x0000000001faf000 DEOPT UNPACKING pc=0x000000000261582a sp=0x00000000022fdb70 mode 2


Dynamic libraries:
0x000000013fe40000 - 0x000000013fe77000 	C:\Program Files\Java\jdk1.8.0_65\bin\java.exe
0x0000000077470000 - 0x000000007761a000 	C:\Windows\SYSTEM32\ntdll.dll
0x0000000077350000 - 0x000000007746f000 	C:\Windows\system32\kernel32.dll
0x000007fefd510000 - 0x000007fefd57b000 	C:\Windows\system32\KERNELBASE.dll
0x000007fefe370000 - 0x000007fefe44b000 	C:\Windows\system32\ADVAPI32.dll
0x000007fefe100000 - 0x000007fefe19f000 	C:\Windows\system32\msvcrt.dll
0x000007fefda50000 - 0x000007fefda6f000 	C:\Windows\SYSTEM32\sechost.dll
0x000007fefe450000 - 0x000007fefe57d000 	C:\Windows\system32\RPCRT4.dll
0x0000000077250000 - 0x000000007734a000 	C:\Windows\system32\USER32.dll
0x000007fefe1a0000 - 0x000007fefe207000 	C:\Windows\system32\GDI32.dll
0x000007fefe210000 - 0x000007fefe21e000 	C:\Windows\system32\LPK.dll
0x000007fefe2a0000 - 0x000007fefe36a000 	C:\Windows\system32\USP10.dll
0x000007fefbaa0000 - 0x000007fefbc94000 	C:\Windows\WinSxS\amd64_microsoft.windows.common-controls_6595b64144ccf1df_6.0.7601.18837_none_fa3b1e3d17594757\COMCTL32.dll
0x000007fefd5e0000 - 0x000007fefd651000 	C:\Windows\system32\SHLWAPI.dll
0x000007fefd5b0000 - 0x000007fefd5de000 	C:\Windows\system32\IMM32.DLL
0x000007fefdff0000 - 0x000007fefe0f9000 	C:\Windows\system32\MSCTF.dll
0x0000000072c60000 - 0x0000000072d32000 	C:\Program Files\Java\jdk1.8.0_65\jre\bin\msvcr100.dll
0x000000006c1a0000 - 0x000000006ca29000 	C:\Program Files\Java\jdk1.8.0_65\jre\bin\server\jvm.dll
0x000007fef7530000 - 0x000007fef7539000 	C:\Windows\system32\WSOCK32.dll
0x000007fefdef0000 - 0x000007fefdf3d000 	C:\Windows\system32\WS2_32.dll
0x000007fefdfe0000 - 0x000007fefdfe8000 	C:\Windows\system32\NSI.dll
0x000007fefae40000 - 0x000007fefae7b000 	C:\Windows\system32\WINMM.dll
0x000007fefc350000 - 0x000007fefc35c000 	C:\Windows\system32\VERSION.dll
0x0000000077640000 - 0x0000000077647000 	C:\Windows\system32\PSAPI.DLL
0x0000000073be0000 - 0x0000000073bef000 	C:\Program Files\Java\jdk1.8.0_65\jre\bin\verify.dll
0x00000000739e0000 - 0x0000000073a09000 	C:\Program Files\Java\jdk1.8.0_65\jre\bin\java.dll
0x00000000739c0000 - 0x00000000739d6000 	C:\Program Files\Java\jdk1.8.0_65\jre\bin\zip.dll
0x000007fefe580000 - 0x000007feff30a000 	C:\Windows\system32\SHELL32.dll
0x000007fefdc00000 - 0x000007fefde03000 	C:\Windows\system32\ole32.dll
0x000007fefd1f0000 - 0x000007fefd1ff000 	C:\Windows\system32\profapi.dll
0x0000000180000000 - 0x0000000180051000 	G:\OGPC 2016\OGPC 2016 Java\natives\lwjgl64.dll
0x000007fef3b80000 - 0x000007fef3c9d000 	C:\Windows\system32\OPENGL32.dll
0x000007fef8e70000 - 0x000007fef8e9d000 	C:\Windows\system32\GLU32.dll
0x000007feee740000 - 0x000007feee831000 	C:\Windows\system32\DDRAW.dll
0x000007fef9f60000 - 0x000007fef9f68000 	C:\Windows\system32\DCIMAN32.dll
0x000007feff5a0000 - 0x000007feff777000 	C:\Windows\system32\SETUPAPI.dll
0x000007fefd490000 - 0x000007fefd4c6000 	C:\Windows\system32\CFGMGR32.dll
0x000007fefde10000 - 0x000007fefdee8000 	C:\Windows\system32\OLEAUT32.dll
0x000007fefd3b0000 - 0x000007fefd3ca000 	C:\Windows\system32\DEVOBJ.dll
0x000007fefb4f0000 - 0x000007fefb508000 	C:\Windows\system32\dwmapi.dll
0x000007fefba40000 - 0x000007fefba96000 	C:\Windows\system32\uxtheme.dll
0x00000000020e0000 - 0x0000000002121000 	C:\Program Files (x86)\NetSupport\NetSupport School\pciappctrl64.dll
0x000007fef4da0000 - 0x000007fef4ec5000 	C:\Windows\system32\dbghelp.dll
0x000007fef9f30000 - 0x000007fef9f48000 	C:\Windows\system32\MPR.dll
0x00000000021c0000 - 0x00000000021e5000 	C:\Program Files (x86)\Common Files\NSL\NSCommonHook64.dll
0x000007fee8da0000 - 0x000007fee95d3000 	C:\Windows\system32\ig7icd64.dll
0x000007feee840000 - 0x000007feeec9f000 	C:\Windows\system32\igdusc64.dll
0x000007fefc070000 - 0x000007fefc081000 	C:\Windows\system32\WTSAPI32.dll
0x000007fefd130000 - 0x000007fefd13f000 	C:\Windows\system32\CRYPTBASE.dll
0x000007fef3f10000 - 0x000007fef3fac000 	C:\Windows\system32\mscms.dll
0x000007fefd580000 - 0x000007fefd59e000 	C:\Windows\system32\USERENV.dll
0x000007fef4000000 - 0x000007fef4042000 	C:\Windows\system32\icm32.dll
0x0000000072710000 - 0x00000000728a8000 	C:\Program Files\Java\jdk1.8.0_65\jre\bin\awt.dll
0x000007fefbd30000 - 0x000007fefbd3a000 	C:\Windows\System32\drprov.dll
0x000007fefd0f0000 - 0x000007fefd12d000 	C:\Windows\System32\WINSTA.dll
0x000007fef9d70000 - 0x000007fef9d92000 	C:\Windows\System32\ntlanman.dll
0x000007fefa120000 - 0x000007fefa13d000 	C:\Windows\System32\davclnt.dll
0x000007fefb760000 - 0x000007fefb76a000 	C:\Windows\System32\DAVHLPR.dll
0x0000000072c10000 - 0x0000000072c57000 	C:\Program Files\Java\jdk1.8.0_65\jre\bin\fontmanager.dll
0x0000000073340000 - 0x000000007335a000 	C:\Program Files\Java\jdk1.8.0_65\jre\bin\net.dll
0x0000000058460000 - 0x0000000058484000 	C:\Program Files (x86)\Common Files\NSL\nslsp64.dll
0x000007fefc990000 - 0x000007fefc9e5000 	C:\Windows\system32\mswsock.dll
0x000007fefc980000 - 0x000007fefc987000 	C:\Windows\System32\wship6.dll
0x00000000733b0000 - 0x00000000733c1000 	C:\Program Files\Java\jdk1.8.0_65\jre\bin\nio.dll
0x0000000072bc0000 - 0x0000000072c02000 	C:\Program Files\Java\jdk1.8.0_65\jre\bin\t2k.dll

VM Arguments:
jvm_args: -Dfile.encoding=UTF-8 -Dorg.lwjgl.opengl.Display.allowSoftwareOpenGL=true 
java_command: invisibleman.Client
java_class_path (initial): G:\OGPC 2016\OGPC 2016 Java\lib\jfxrt.jar;G:\OGPC 2016\OGPC 2016 Java\lib\jinput.jar;G:\OGPC 2016\OGPC 2016 Java\lib\lwjgl.jar;G:\OGPC 2016\OGPC 2016 Java\lib\lwjgl_util.jar;G:\OGPC 2016\OGPC 2016 Java\lib\slick-util.jar;G:\OGPC 2016\OGPC 2016 Java\lib\protonpack-1.1.jar;G:\OGPC 2016\OGPC 2016 Java\lib\Forge.jar;G:\OGPC 2016\OGPC 2016 Java\build\classes
Launcher Type: SUN_STANDARD

Environment Variables:
PATH=C:\Program Files\Common Files\Microsoft Shared\Windows Live;C:\Program Files (x86)\Common Files\Microsoft Shared\Windows Live;C:\ProgramData\Oracle\Java\javapath;C:\Windows\system32;C:\Windows;C:\Windows\System32\Wbem;C:\Windows\System32\WindowsPowerShell\v1.0\;C:\Program Files\Intel\WiFi\bin\;C:\Program Files\Common Files\Intel\WirelessCommon\;C:\Program Files (x86)\Intel\OpenCL SDK\2.0\bin\x86;C:\Program Files (x86)\Intel\OpenCL SDK\2.0\bin\x64;C:\SWTOOLS\ReadyApps;C:\Program Files (x86)\QuickTime\QTSystem\;C:\Program Files (x86)\Windows Live\Shared;C:\Program Files\Intel\WiFi\bin\;C:\Program Files\Common Files\Intel\WirelessCommon\
USERNAME=RSoiffer16
OS=Windows_NT
PROCESSOR_IDENTIFIER=Intel64 Family 6 Model 58 Stepping 9, GenuineIntel



---------------  S Y S T E M  ---------------

OS: Windows 7 , 64 bit Build 7601 (6.1.7601.19160)

CPU:total 4 (2 cores per cpu, 2 threads per core) family 6 model 58 stepping 9, cmov, cx8, fxsr, mmx, sse, sse2, sse3, ssse3, sse4.1, sse4.2, popcnt, avx, clmul, erms, ht, tsc, tscinvbit, tscinv

Memory: 4k page, physical 8186072k(4541108k free), swap 16370308k(11699620k free)

vm_info: Java HotSpot(TM) 64-Bit Server VM (25.65-b01) for windows-amd64 JRE (1.8.0_65-b17), built on Oct  6 2015 16:39:20 by "java_re" with MS VC++ 10.0 (VS2010)

time: Tue Apr 19 15:39:16 2016
elapsed time: 11 seconds (0d 0h 0m 11s)

