#
# A fatal error has been detected by the Java Runtime Environment:
#
#  EXCEPTION_ACCESS_VIOLATION (0xc0000005) at pc=0x000000001a78d184, pid=528, tid=7160
#
# JRE version: Java(TM) SE Runtime Environment (8.0_51-b16) (build 1.8.0_51-b16)
# Java VM: Java HotSpot(TM) 64-Bit Server VM (25.51-b03 mixed mode windows-amd64 compressed oops)
# Problematic frame:
# C  [ig7icd64.dll+0x1d184]
#
# Failed to write core dump. Minidumps are not enabled by default on client versions of Windows
#
# If you would like to submit a bug report, please visit:
#   http://bugreport.java.com/bugreport/crash.jsp
# The crash happened outside the Java Virtual Machine in native code.
# See problematic frame for where to report the bug.
#

---------------  T H R E A D  ---------------

Current thread (0x000000000108d800):  JavaThread "main" [_thread_in_native, id=7160, stack(0x00000000028e0000,0x00000000029e0000)]

siginfo: ExceptionCode=0xc0000005, writing address 0x000000001c6ca000

Registers:
RAX=0x0000000000000001, RBX=0x000000001af2e000, RCX=0x000000001c6ca010, RDX=0x000000001d9a19e0
RSP=0x00000000029de4b0, RBP=0x0000000000000000, RSI=0x000000001c3e0a40, RDI=0x000000001d9a1680
R8 =0x0000000000000020, R9 =0x0000000000000000, R10=0x0000000000000001, R11=0x0000000000000002
R12=0x0000000000000000, R13=0x000000001d9305c0, R14=0x000000001c3e2750, R15=0x0000000000000000
RIP=0x000000001a78d184, EFLAGS=0x0000000000010202

Top of Stack: (sp=0x00000000029de4b0)
0x00000000029de4b0:   000000001af2e000 00000000029de6a4
0x00000000029de4c0:   0000000000000000 0000000020000000
0x00000000029de4d0:   4448000044960000 3f8000003f800000
0x00000000029de4e0:   010000007a000003 0000000000000000
0x00000000029de4f0:   0000000000000000 000000001a990ac8
0x00000000029de500:   000000001af2e000 000000001aac3bff
0x00000000029de510:   000469c1780e0000 000000001af2e000
0x00000000029de520:   0000000000e2dea0 0000000000000000
0x00000000029de530:   000000001d9a19d0 0000000000000000
0x00000000029de540:   0000000000000000 0000000000000000
0x00000000029de550:   000000001da026b0 0000000000000002
0x00000000029de560:   0000000000000002 000000001da61c30
0x00000000029de570:   000000001af2e000 000000001d9a17dc
0x00000000029de580:   000000001d9a1680 000000001a9c2a54
0x00000000029de590:   00000000029de629 000000001da4a301
0x00000000029de5a0:   000000001d9a17dc 0000000000000000 

Instructions: (pc=0x000000001a78d184)
0x000000001a78d164:   d1 49 c1 eb 04 4d 85 db 0f 84 24 02 00 00 f3 0f
0x000000001a78d174:   6f 02 41 ff c2 48 83 c1 10 41 8b c2 48 83 c2 10
0x000000001a78d184:   f3 0f 7f 41 f0 49 3b c3 72 e4 e9 03 02 00 00 48
0x000000001a78d194:   89 7c 24 40 8b f9 83 e7 0f 74 68 48 89 5c 24 50 


Register to memory mapping:

RAX=0x0000000000000001 is an unknown value
RBX=0x000000001af2e000 is an unknown value
RCX=0x000000001c6ca010 is an unknown value
RDX=0x000000001d9a19e0 is an unknown value
RSP=0x00000000029de4b0 is pointing into the stack for thread: 0x000000000108d800
RBP=0x0000000000000000 is an unknown value
RSI=0x000000001c3e0a40 is an unknown value
RDI=0x000000001d9a1680 is an unknown value
R8 =0x0000000000000020 is an unknown value
R9 =0x0000000000000000 is an unknown value
R10=0x0000000000000001 is an unknown value
R11=0x0000000000000002 is an unknown value
R12=0x0000000000000000 is an unknown value
R13=0x000000001d9305c0 is an unknown value
R14=0x000000001c3e2750 is an unknown value
R15=0x0000000000000000 is an unknown value


Stack: [0x00000000028e0000,0x00000000029e0000],  sp=0x00000000029de4b0,  free space=1017k
Native frames: (J=compiled Java code, j=interpreted, Vv=VM code, C=native code)

Java frames: (J=compiled Java code, j=interpreted, Vv=VM code)
J 1833  org.lwjgl.opengl.GL11.nglCallList(IJ)V (0 bytes) @ 0x0000000002c54ec4 [0x0000000002c54e80+0x44]
J 2195 C2 map.CubeMap$$Lambda$158.accept(Ljava/lang/Object;Ljava/lang/Object;)V (12 bytes) @ 0x000000000324e058 [0x000000000324df40+0x118]
J 2665 C2 map.Editor$$Lambda$118.run()V (4 bytes) @ 0x0000000002c53d40 [0x0000000002c53900+0x440]
J 2295 C2 engine.EventStream$$Lambda$2.accept(Ljava/lang/Object;)V (12 bytes) @ 0x0000000003275e34 [0x0000000003275de0+0x54]
J 2097 C2 engine.EventStream.sendEvent()V (27 bytes) @ 0x00000000031b2f88 [0x00000000031b2b80+0x408]
J 2322 C2 engine.Core$$Lambda$53.accept(Ljava/lang/Object;)V (8 bytes) @ 0x0000000003283fe4 [0x0000000003283fa0+0x44]
J 2522 C2 java.lang.Iterable.forEach(Ljava/util/function/Consumer;)V (39 bytes) @ 0x00000000030bf180 [0x00000000030bf020+0x160]
J 935% C2 engine.Core.run()V (114 bytes) @ 0x0000000002e38968 [0x0000000002e388a0+0xc8]
j  map.Editor.start(Ljava/lang/String;)V+481
j  guis.Play.recieve(Ljava/lang/String;Ljava/lang/Object;)V+131
j  gui.components.GUIButton.send()V+68
j  gui.TypingManager.compOpen(Lgui/types/GUIInputComponent;)V+24
j  gui.TypingManager.lambda$null$1()V+93
j  gui.TypingManager$$Lambda$35.run()V+0
J 1013 C1 engine.EventStream$$Lambda$2.accept(Ljava/lang/Object;)V (12 bytes) @ 0x0000000002e5ef94 [0x0000000002e5ed60+0x234]
J 1003 C1 engine.EventStream$$Lambda$3.run()V (12 bytes) @ 0x0000000002e5b794 [0x0000000002e5b640+0x154]
J 1002 C1 engine.EventStream$$Lambda$33.accept(Ljava/lang/Object;)V (10 bytes) @ 0x0000000002e5b2c4 [0x0000000002e5b0c0+0x204]
J 958 C1 java.util.ArrayList.forEach(Ljava/util/function/Consumer;)V (75 bytes) @ 0x0000000002e4ab8c [0x0000000002e4a980+0x20c]
J 1018 C1 engine.Signal.set(Ljava/lang/Object;)V (10 bytes) @ 0x0000000002e6175c [0x0000000002e613c0+0x39c]
j  engine.Signal.lambda$filter$27(Ljava/util/function/Predicate;Lengine/Signal;)V+18
j  engine.Signal$$Lambda$5.accept(Ljava/lang/Object;)V+12
J 1003 C1 engine.EventStream$$Lambda$3.run()V (12 bytes) @ 0x0000000002e5b794 [0x0000000002e5b640+0x154]
J 1002 C1 engine.EventStream$$Lambda$33.accept(Ljava/lang/Object;)V (10 bytes) @ 0x0000000002e5b2c4 [0x0000000002e5b0c0+0x204]
J 958 C1 java.util.ArrayList.forEach(Ljava/util/function/Consumer;)V (75 bytes) @ 0x0000000002e4ab8c [0x0000000002e4a980+0x20c]
J 1018 C1 engine.Signal.set(Ljava/lang/Object;)V (10 bytes) @ 0x0000000002e6175c [0x0000000002e613c0+0x39c]
j  engine.Input.lambda$static$0()V+156
j  engine.Input$$Lambda$1.run()V+0
J 1013 C1 engine.EventStream$$Lambda$2.accept(Ljava/lang/Object;)V (12 bytes) @ 0x0000000002e5ef94 [0x0000000002e5ed60+0x234]
J 1003 C1 engine.EventStream$$Lambda$3.run()V (12 bytes) @ 0x0000000002e5b794 [0x0000000002e5b640+0x154]
J 1002 C1 engine.EventStream$$Lambda$33.accept(Ljava/lang/Object;)V (10 bytes) @ 0x0000000002e5b2c4 [0x0000000002e5b0c0+0x204]
J 958 C1 java.util.ArrayList.forEach(Ljava/util/function/Consumer;)V (75 bytes) @ 0x0000000002e4ab8c [0x0000000002e4a980+0x20c]
J 1018 C1 engine.Signal.set(Ljava/lang/Object;)V (10 bytes) @ 0x0000000002e6175c [0x0000000002e613c0+0x39c]
j  engine.Core.lambda$run$36(DLengine/Signal;)V+5
j  engine.Core$$Lambda$49.accept(Ljava/lang/Object;)V+8
j  java.lang.Iterable.forEach(Ljava/util/function/Consumer;)V+30
J 935% C2 engine.Core.run()V (114 bytes) @ 0x0000000002e38934 [0x0000000002e388a0+0x94]
j  invisibleman.Client.main([Ljava/lang/String;)V+139
v  ~StubRoutines::call_stub

---------------  P R O C E S S  ---------------

Java Threads: ( => current thread )
  0x00000000229c6800 JavaThread "Thread-2" [_thread_in_native, id=11976, stack(0x000000001b3d0000,0x000000001b4d0000)]
  0x0000000019ded000 JavaThread "AWT-Windows" daemon [_thread_in_native, id=8112, stack(0x000000001fe20000,0x000000001ff20000)]
  0x0000000019df4000 JavaThread "Java2D Disposer" daemon [_thread_blocked, id=7956, stack(0x000000001fc20000,0x000000001fd20000)]
  0x0000000019ac9800 JavaThread "Service Thread" daemon [_thread_blocked, id=9336, stack(0x000000001a410000,0x000000001a510000)]
  0x0000000019a49000 JavaThread "C1 CompilerThread3" daemon [_thread_blocked, id=6820, stack(0x000000001a310000,0x000000001a410000)]
  0x0000000019a3b000 JavaThread "C2 CompilerThread2" daemon [_thread_blocked, id=11276, stack(0x000000001a210000,0x000000001a310000)]
  0x0000000019a34000 JavaThread "C2 CompilerThread1" daemon [_thread_blocked, id=11340, stack(0x000000001a110000,0x000000001a210000)]
  0x0000000019a44000 JavaThread "C2 CompilerThread0" daemon [_thread_blocked, id=7100, stack(0x000000001a010000,0x000000001a110000)]
  0x0000000019a41800 JavaThread "Attach Listener" daemon [_thread_blocked, id=4904, stack(0x0000000019f10000,0x000000001a010000)]
  0x0000000019a40800 JavaThread "Signal Dispatcher" daemon [_thread_blocked, id=10384, stack(0x0000000019e10000,0x0000000019f10000)]
  0x0000000002ada800 JavaThread "Finalizer" daemon [_thread_blocked, id=2476, stack(0x0000000019910000,0x0000000019a10000)]
  0x0000000002ad4000 JavaThread "Reference Handler" daemon [_thread_blocked, id=9296, stack(0x0000000019810000,0x0000000019910000)]
=>0x000000000108d800 JavaThread "main" [_thread_in_native, id=7160, stack(0x00000000028e0000,0x00000000029e0000)]

Other Threads:
  0x0000000017a19800 VMThread [stack: 0x0000000019710000,0x0000000019810000] [id=9532]
  0x0000000019ad3800 WatcherThread [stack: 0x000000001a510000,0x000000001a610000] [id=3784]

VM state:not at safepoint (normal execution)

VM Mutex/Monitor currently owned by a thread: None

Heap:
 PSYoungGen      total 58880K, used 17867K [0x00000000d6000000, 0x00000000fd080000, 0x0000000100000000)
  eden space 57856K, 29% used [0x00000000d6000000,0x00000000d70f2cb8,0x00000000d9880000)
  from space 1024K, 50% used [0x00000000fce80000,0x00000000fcf00000,0x00000000fcf80000)
  to   space 1024K, 0% used [0x00000000fcf80000,0x00000000fcf80000,0x00000000fd080000)
 ParOldGen       total 86016K, used 25580K [0x0000000082000000, 0x0000000087400000, 0x00000000d6000000)
  object space 86016K, 29% used [0x0000000082000000,0x00000000838fb278,0x0000000087400000)
 Metaspace       used 12038K, capacity 12933K, committed 13056K, reserved 1060864K
  class space    used 1282K, capacity 1455K, committed 1536K, reserved 1048576K

Card table byte_map: [0x0000000011ea0000,0x00000000122a0000] byte_map_base: 0x0000000011a90000

Marking Bits: (ParMarkBitMap*) 0x0000000058f24040
 Begin Bits: [0x0000000012d40000, 0x0000000014cc0000)
 End Bits:   [0x0000000014cc0000, 0x0000000016c40000)

Polling page: 0x0000000001060000

CodeCache: size=245760Kb used=7405Kb max_used=8265Kb free=238355Kb
 bounds [0x0000000002ae0000, 0x0000000003320000, 0x0000000011ae0000]
 total_blobs=2819 nmethods=2239 adapters=492
 compilation: enabled

Compilation events (10 events):
Event: 312.615 Thread 0x0000000019a49000 2835       3       java.util.regex.Matcher::group (112 bytes)
Event: 312.616 Thread 0x0000000019a49000 nmethod 2835 0x00000000032ac3d0 code [0x00000000032ac600, 0x00000000032ad348]
Event: 312.616 Thread 0x0000000019a49000 2836       3       java.util.regex.Matcher::groupCount (10 bytes)
Event: 312.616 Thread 0x0000000019a49000 nmethod 2836 0x0000000002d0ce10 code [0x0000000002d0cf60, 0x0000000002d0d0b0]
Event: 312.618 Thread 0x0000000019a44000 2837       4       java.nio.ByteBuffer::arrayOffset (35 bytes)
Event: 312.618 Thread 0x0000000019a44000 nmethod 2837 0x0000000002e59ad0 code [0x0000000002e59c00, 0x0000000002e59c98]
Event: 316.965 Thread 0x0000000019a3b000 2838       4       engine.AbstractEntity::addChild (20 bytes)
Event: 316.975 Thread 0x0000000019a3b000 nmethod 2838 0x000000000318ea50 code [0x000000000318ec00, 0x000000000318f508]
Event: 320.175 Thread 0x0000000019a49000 2839       3       java.util.stream.SpinedBuffer::get (123 bytes)
Event: 320.176 Thread 0x0000000019a49000 nmethod 2839 0x0000000002e5da90 code [0x0000000002e5dca0, 0x0000000002e5e3b8]

GC Heap History (10 events):
Event: 305.484 GC heap before
{Heap before GC invocations=89 (full 0):
 PSYoungGen      total 67584K, used 67328K [0x00000000d6000000, 0x00000000fd180000, 0x0000000100000000)
  eden space 67072K, 100% used [0x00000000d6000000,0x00000000da180000,0x00000000da180000)
  from space 512K, 50% used [0x00000000fd100000,0x00000000fd140000,0x00000000fd180000)
  to   space 1024K, 0% used [0x00000000fcf80000,0x00000000fcf80000,0x00000000fd080000)
 ParOldGen       total 86016K, used 25364K [0x0000000082000000, 0x0000000087400000, 0x00000000d6000000)
  object space 86016K, 29% used [0x0000000082000000,0x00000000838c5278,0x0000000087400000)
 Metaspace       used 12036K, capacity 12933K, committed 13056K, reserved 1060864K
  class space    used 1282K, capacity 1455K, committed 1536K, reserved 1048576K
Event: 305.486 GC heap after
Heap after GC invocations=89 (full 0):
 PSYoungGen      total 66048K, used 256K [0x00000000d6000000, 0x00000000fd180000, 0x0000000100000000)
  eden space 65024K, 0% used [0x00000000d6000000,0x00000000d6000000,0x00000000d9f80000)
  from space 1024K, 25% used [0x00000000fcf80000,0x00000000fcfc0000,0x00000000fd080000)
  to   space 1024K, 0% used [0x00000000fd080000,0x00000000fd080000,0x00000000fd180000)
 ParOldGen       total 86016K, used 25428K [0x0000000082000000, 0x0000000087400000, 0x00000000d6000000)
  object space 86016K, 29% used [0x0000000082000000,0x00000000838d5278,0x0000000087400000)
 Metaspace       used 12036K, capacity 12933K, committed 13056K, reserved 1060864K
  class space    used 1282K, capacity 1455K, committed 1536K, reserved 1048576K
}
Event: 305.730 GC heap before
{Heap before GC invocations=90 (full 0):
 PSYoungGen      total 66048K, used 65280K [0x00000000d6000000, 0x00000000fd180000, 0x0000000100000000)
  eden space 65024K, 100% used [0x00000000d6000000,0x00000000d9f80000,0x00000000d9f80000)
  from space 1024K, 25% used [0x00000000fcf80000,0x00000000fcfc0000,0x00000000fd080000)
  to   space 1024K, 0% used [0x00000000fd080000,0x00000000fd080000,0x00000000fd180000)
 ParOldGen       total 86016K, used 25428K [0x0000000082000000, 0x0000000087400000, 0x00000000d6000000)
  object space 86016K, 29% used [0x0000000082000000,0x00000000838d5278,0x0000000087400000)
 Metaspace       used 12036K, capacity 12933K, committed 13056K, reserved 1060864K
  class space    used 1282K, capacity 1455K, committed 1536K, reserved 1048576K
Event: 305.730 GC heap after
Heap after GC invocations=90 (full 0):
 PSYoungGen      total 63488K, used 224K [0x00000000d6000000, 0x00000000fd100000, 0x0000000100000000)
  eden space 62976K, 0% used [0x00000000d6000000,0x00000000d6000000,0x00000000d9d80000)
  from space 512K, 43% used [0x00000000fd080000,0x00000000fd0b8000,0x00000000fd100000)
  to   space 1024K, 0% used [0x00000000fcf00000,0x00000000fcf00000,0x00000000fd000000)
 ParOldGen       total 86016K, used 25492K [0x0000000082000000, 0x0000000087400000, 0x00000000d6000000)
  object space 86016K, 29% used [0x0000000082000000,0x00000000838e5278,0x0000000087400000)
 Metaspace       used 12036K, capacity 12933K, committed 13056K, reserved 1060864K
  class space    used 1282K, capacity 1455K, committed 1536K, reserved 1048576K
}
Event: 312.598 GC heap before
{Heap before GC invocations=91 (full 0):
 PSYoungGen      total 63488K, used 63200K [0x00000000d6000000, 0x00000000fd100000, 0x0000000100000000)
  eden space 62976K, 100% used [0x00000000d6000000,0x00000000d9d80000,0x00000000d9d80000)
  from space 512K, 43% used [0x00000000fd080000,0x00000000fd0b8000,0x00000000fd100000)
  to   space 1024K, 0% used [0x00000000fcf00000,0x00000000fcf00000,0x00000000fd000000)
 ParOldGen       total 86016K, used 25492K [0x0000000082000000, 0x0000000087400000, 0x00000000d6000000)
  object space 86016K, 29% used [0x0000000082000000,0x00000000838e5278,0x0000000087400000)
 Metaspace       used 12036K, capacity 12933K, committed 13056K, reserved 1060864K
  class space    used 1282K, capacity 1455K, committed 1536K, reserved 1048576K
Event: 312.601 GC heap after
Heap after GC invocations=91 (full 0):
 PSYoungGen      total 61952K, used 784K [0x00000000d6000000, 0x00000000fd100000, 0x0000000100000000)
  eden space 60928K, 0% used [0x00000000d6000000,0x00000000d6000000,0x00000000d9b80000)
  from space 1024K, 76% used [0x00000000fcf00000,0x00000000fcfc4010,0x00000000fd000000)
  to   space 1024K, 0% used [0x00000000fd000000,0x00000000fd000000,0x00000000fd100000)
 ParOldGen       total 86016K, used 25516K [0x0000000082000000, 0x0000000087400000, 0x00000000d6000000)
  object space 86016K, 29% used [0x0000000082000000,0x00000000838eb278,0x0000000087400000)
 Metaspace       used 12036K, capacity 12933K, committed 13056K, reserved 1060864K
  class space    used 1282K, capacity 1455K, committed 1536K, reserved 1048576K
}
Event: 316.823 GC heap before
{Heap before GC invocations=92 (full 0):
 PSYoungGen      total 61952K, used 61712K [0x00000000d6000000, 0x00000000fd100000, 0x0000000100000000)
  eden space 60928K, 100% used [0x00000000d6000000,0x00000000d9b80000,0x00000000d9b80000)
  from space 1024K, 76% used [0x00000000fcf00000,0x00000000fcfc4010,0x00000000fd000000)
  to   space 1024K, 0% used [0x00000000fd000000,0x00000000fd000000,0x00000000fd100000)
 ParOldGen       total 86016K, used 25516K [0x0000000082000000, 0x0000000087400000, 0x00000000d6000000)
  object space 86016K, 29% used [0x0000000082000000,0x00000000838eb278,0x0000000087400000)
 Metaspace       used 12038K, capacity 12933K, committed 13056K, reserved 1060864K
  class space    used 1282K, capacity 1455K, committed 1536K, reserved 1048576K
Event: 316.824 GC heap after
Heap after GC invocations=92 (full 0):
 PSYoungGen      total 59904K, used 512K [0x00000000d6000000, 0x00000000fd080000, 0x0000000100000000)
  eden space 59392K, 0% used [0x00000000d6000000,0x00000000d6000000,0x00000000d9a00000)
  from space 512K, 100% used [0x00000000fd000000,0x00000000fd080000,0x00000000fd080000)
  to   space 1024K, 0% used [0x00000000fce80000,0x00000000fce80000,0x00000000fcf80000)
 ParOldGen       total 86016K, used 25540K [0x0000000082000000, 0x0000000087400000, 0x00000000d6000000)
  object space 86016K, 29% used [0x0000000082000000,0x00000000838f1278,0x0000000087400000)
 Metaspace       used 12038K, capacity 12933K, committed 13056K, reserved 1060864K
  class space    used 1282K, capacity 1455K, committed 1536K, reserved 1048576K
}
Event: 320.191 GC heap before
{Heap before GC invocations=93 (full 0):
 PSYoungGen      total 59904K, used 59904K [0x00000000d6000000, 0x00000000fd080000, 0x0000000100000000)
  eden space 59392K, 100% used [0x00000000d6000000,0x00000000d9a00000,0x00000000d9a00000)
  from space 512K, 100% used [0x00000000fd000000,0x00000000fd080000,0x00000000fd080000)
  to   space 1024K, 0% used [0x00000000fce80000,0x00000000fce80000,0x00000000fcf80000)
 ParOldGen       total 86016K, used 25540K [0x0000000082000000, 0x0000000087400000, 0x00000000d6000000)
  object space 86016K, 29% used [0x0000000082000000,0x00000000838f1278,0x0000000087400000)
 Metaspace       used 12038K, capacity 12933K, committed 13056K, reserved 1060864K
  class space    used 1282K, capacity 1455K, committed 1536K, reserved 1048576K
Event: 320.192 GC heap after
Heap after GC invocations=93 (full 0):
 PSYoungGen      total 58880K, used 512K [0x00000000d6000000, 0x00000000fd080000, 0x0000000100000000)
  eden space 57856K, 0% used [0x00000000d6000000,0x00000000d6000000,0x00000000d9880000)
  from space 1024K, 50% used [0x00000000fce80000,0x00000000fcf00000,0x00000000fcf80000)
  to   space 1024K, 0% used [0x00000000fcf80000,0x00000000fcf80000,0x00000000fd080000)
 ParOldGen       total 86016K, used 25580K [0x0000000082000000, 0x0000000087400000, 0x00000000d6000000)
  object space 86016K, 29% used [0x0000000082000000,0x00000000838fb278,0x0000000087400000)
 Metaspace       used 12038K, capacity 12933K, committed 13056K, reserved 1060864K
  class space    used 1282K, capacity 1455K, committed 1536K, reserved 1048576K
}

Deoptimization events (10 events):
Event: 167.393 Thread 0x000000000108d800 Uncommon trap: reason=unstable_if action=reinterpret pc=0x0000000002f99414 method=java.util.stream.FindOps$FindOp.getOpFlags()I @ 7
Event: 167.393 Thread 0x000000000108d800 Uncommon trap: reason=class_check action=maybe_recompile pc=0x0000000003059878 method=java.util.stream.AbstractPipeline.copyIntoWithCancel(Ljava/util/stream/Sink;Ljava/util/Spliterator;)V @ 19
Event: 172.696 Thread 0x000000000108d800 Uncommon trap: reason=unstable_if action=reinterpret pc=0x00000000031bfd84 method=invisibleman.Footstep.lambda$createInner$20(Ljava/lang/Double;)Z @ 8
Event: 172.920 Thread 0x000000000108d800 Uncommon trap: reason=bimorphic action=maybe_recompile pc=0x000000000302bdd8 method=java.util.stream.AbstractPipeline.<init>(Ljava/util/stream/AbstractPipeline;I)V @ 66
Event: 172.920 Thread 0x000000000108d800 Uncommon trap: reason=bimorphic action=maybe_recompile pc=0x00000000030599ac method=java.util.stream.AbstractPipeline.copyInto(Ljava/util/stream/Sink;Ljava/util/Spliterator;)V @ 20
Event: 172.920 Thread 0x000000000108d800 Uncommon trap: reason=bimorphic action=maybe_recompile pc=0x000000000303025c method=java.util.stream.AbstractPipeline.wrapSink(Ljava/util/stream/Sink;)Ljava/util/stream/Sink; @ 23
Event: 173.289 Thread 0x000000000108d800 Uncommon trap: reason=bimorphic action=maybe_recompile pc=0x000000000302bdd8 method=java.util.stream.AbstractPipeline.<init>(Ljava/util/stream/AbstractPipeline;I)V @ 66
Event: 173.289 Thread 0x000000000108d800 Uncommon trap: reason=bimorphic action=maybe_recompile pc=0x00000000030599ac method=java.util.stream.AbstractPipeline.copyInto(Ljava/util/stream/Sink;Ljava/util/Spliterator;)V @ 20
Event: 173.289 Thread 0x000000000108d800 Uncommon trap: reason=bimorphic action=maybe_recompile pc=0x000000000303025c method=java.util.stream.AbstractPipeline.wrapSink(Ljava/util/stream/Sink;)Ljava/util/stream/Sink; @ 23
Event: 195.347 Thread 0x000000000108d800 Uncommon trap: reason=unstable_if action=reinterpret pc=0x0000000003158184 method=map.CubeMap.setCube(IIILmap/CubeType;)V @ 10

Internal exceptions (10 events):
Event: 0.299 Thread 0x000000000108d800 Exception <a 'java/lang/NoSuchFieldError': method resolution failed> (0x00000000d65eb1c0) thrown at [C:\re\workspace\8-2-build-windows-amd64-cygwin\jdk8u51\3951\hotspot\src\share\vm\prims\methodHandles.cpp, line 1125]
Event: 0.300 Thread 0x000000000108d800 Exception <a 'java/lang/NoSuchFieldError': method resolution failed> (0x00000000d65f9890) thrown at [C:\re\workspace\8-2-build-windows-amd64-cygwin\jdk8u51\3951\hotspot\src\share\vm\prims\methodHandles.cpp, line 1125]
Event: 0.326 Thread 0x000000000108d800 Exception <a 'java/security/PrivilegedActionException'> (0x00000000d66bcb78) thrown at [C:\re\workspace\8-2-build-windows-amd64-cygwin\jdk8u51\3951\hotspot\src\share\vm\prims\jvm.cpp, line 1382]
Event: 0.326 Thread 0x000000000108d800 Exception <a 'java/security/PrivilegedActionException'> (0x00000000d66bcd30) thrown at [C:\re\workspace\8-2-build-windows-amd64-cygwin\jdk8u51\3951\hotspot\src\share\vm\prims\jvm.cpp, line 1382]
Event: 0.327 Thread 0x000000000108d800 Exception <a 'java/security/PrivilegedActionException'> (0x00000000d66c0ac8) thrown at [C:\re\workspace\8-2-build-windows-amd64-cygwin\jdk8u51\3951\hotspot\src\share\vm\prims\jvm.cpp, line 1382]
Event: 0.327 Thread 0x000000000108d800 Exception <a 'java/security/PrivilegedActionException'> (0x00000000d66c0c80) thrown at [C:\re\workspace\8-2-build-windows-amd64-cygwin\jdk8u51\3951\hotspot\src\share\vm\prims\jvm.cpp, line 1382]
Event: 0.330 Thread 0x000000000108d800 Exception <a 'java/io/FileNotFoundException'> (0x00000000d66c2fa8) thrown at [C:\re\workspace\8-2-build-windows-amd64-cygwin\jdk8u51\3951\hotspot\src\share\vm\prims\jni.cpp, line 709]
Event: 0.353 Thread 0x000000000108d800 Exception <a 'java/io/FileNotFoundException'> (0x00000000d6703210) thrown at [C:\re\workspace\8-2-build-windows-amd64-cygwin\jdk8u51\3951\hotspot\src\share\vm\prims\jni.cpp, line 709]
Event: 13.099 Thread 0x000000000108d800 Exception <a 'java/lang/NoSuchMethodError': java.lang.Object.lambda$comparingDouble$8dcf42ea$1(Ljava/util/function/ToDoubleFunction;Ljava/lang/Object;Ljava/lang/Object;)I> (0x00000000f0731a48) thrown at [C:\re\workspace\8-2-build-windows-amd64-cygwin\jdk8u≠ÅÈ›‡aU@
Event: 85.529 Thread 0x000000000108d800 Implicit null exception at 0x00000000032ac6da to 0x00000000032ace75

Events (10 events):
Event: 312.615 Thread 0x0000000019a49000 flushing nmethod 0x0000000002d0ce10
Event: 312.616 Thread 0x0000000019a49000 flushing nmethod 0x0000000002d7fd50
Event: 312.618 Thread 0x0000000019a44000 flushing nmethod 0x0000000002e26e90
Event: 316.823 Executing VM operation: ParallelGCFailedAllocation
Event: 316.824 Executing VM operation: ParallelGCFailedAllocation done
Event: 316.826 Executing VM operation: RevokeBias
Event: 316.826 Executing VM operation: RevokeBias done
Event: 316.975 Thread 0x0000000019a3b000 flushing nmethod 0x0000000002e50550
Event: 320.191 Executing VM operation: ParallelGCFailedAllocation
Event: 320.192 Executing VM operation: ParallelGCFailedAllocation done


Dynamic libraries:
0x00007ff6687b0000 - 0x00007ff6687e7000 	C:\Program Files\Java\jdk1.8.0_51\bin\java.exe
0x00007ffae4ee0000 - 0x00007ffae508d000 	C:\WINDOWS\SYSTEM32\ntdll.dll
0x00007ffae2600000 - 0x00007ffae273e000 	C:\WINDOWS\system32\KERNEL32.DLL
0x00007ffae21b0000 - 0x00007ffae22c5000 	C:\WINDOWS\system32\KERNELBASE.dll
0x00007ffae0bd0000 - 0x00007ffae0c5e000 	C:\WINDOWS\system32\apphelp.dll
0x00007ffad0dc0000 - 0x00007ffad0e13000 	C:\WINDOWS\AppPatch\AppPatch64\AcGenral.DLL
0x00007ffae2ea0000 - 0x00007ffae2f4a000 	C:\WINDOWS\system32\msvcrt.dll
0x00007ffae1e80000 - 0x00007ffae1eae000 	C:\WINDOWS\SYSTEM32\SspiCli.dll
0x00007ffae29f0000 - 0x00007ffae2a44000 	C:\WINDOWS\system32\SHLWAPI.dll
0x00007ffae27b0000 - 0x00007ffae2927000 	C:\WINDOWS\system32\USER32.dll
0x00007ffae4870000 - 0x00007ffae4a04000 	C:\WINDOWS\system32\ole32.dll
0x00007ffae32b0000 - 0x00007ffae47da000 	C:\WINDOWS\system32\SHELL32.dll
0x00007ffae15d0000 - 0x00007ffae15f1000 	C:\WINDOWS\SYSTEM32\USERENV.dll
0x00007ffae2ab0000 - 0x00007ffae2b5a000 	C:\WINDOWS\system32\ADVAPI32.dll
0x00007ffad4490000 - 0x00007ffad44ae000 	C:\WINDOWS\SYSTEM32\MPR.dll
0x00007ffae4d90000 - 0x00007ffae4ed1000 	C:\WINDOWS\system32\RPCRT4.dll
0x00007ffae25a0000 - 0x00007ffae25f9000 	C:\WINDOWS\SYSTEM32\sechost.dll
0x00007ffae4b70000 - 0x00007ffae4d81000 	C:\WINDOWS\SYSTEM32\combase.dll
0x00007ffae2d50000 - 0x00007ffae2ea0000 	C:\WINDOWS\system32\GDI32.dll
0x00007ffae2030000 - 0x00007ffae2045000 	C:\WINDOWS\SYSTEM32\profapi.dll
0x00007ffae0ac0000 - 0x00007ffae0b72000 	C:\WINDOWS\SYSTEM32\SHCORE.dll
0x00007ffae2560000 - 0x00007ffae2596000 	C:\WINDOWS\system32\IMM32.DLL
0x00007ffae4a10000 - 0x00007ffae4b62000 	C:\WINDOWS\system32\MSCTF.dll
0x00007ffadfbf0000 - 0x00007ffadfe6b000 	C:\WINDOWS\WinSxS\amd64_microsoft.windows.common-controls_6595b64144ccf1df_6.0.9600.18006_none_623f33d3ecbe86e8\COMCTL32.dll
0x0000000058640000 - 0x0000000058712000 	C:\Program Files\Java\jdk1.8.0_51\jre\bin\msvcr100.dll
0x0000000058720000 - 0x0000000058fa3000 	C:\Program Files\Java\jdk1.8.0_51\jre\bin\server\jvm.dll
0x00007ffad3810000 - 0x00007ffad3819000 	C:\WINDOWS\SYSTEM32\WSOCK32.dll
0x00007ffaddee0000 - 0x00007ffaddf02000 	C:\WINDOWS\SYSTEM32\WINMM.dll
0x00007ffadf3c0000 - 0x00007ffadf3ca000 	C:\WINDOWS\SYSTEM32\VERSION.dll
0x00007ffae2b60000 - 0x00007ffae2b67000 	C:\WINDOWS\system32\PSAPI.DLL
0x00007ffae4810000 - 0x00007ffae486a000 	C:\WINDOWS\system32\WS2_32.dll
0x00007ffaddeb0000 - 0x00007ffaddeda000 	C:\WINDOWS\SYSTEM32\WINMMBASE.dll
0x00007ffae47f0000 - 0x00007ffae47f9000 	C:\WINDOWS\system32\NSI.dll
0x00007ffae22d0000 - 0x00007ffae231f000 	C:\WINDOWS\SYSTEM32\cfgmgr32.dll
0x00007ffae0e20000 - 0x00007ffae0e48000 	C:\WINDOWS\SYSTEM32\DEVOBJ.dll
0x00000000585f0000 - 0x00000000585ff000 	C:\Program Files\Java\jdk1.8.0_51\jre\bin\verify.dll
0x00000000585c0000 - 0x00000000585e9000 	C:\Program Files\Java\jdk1.8.0_51\jre\bin\java.dll
0x00000000585a0000 - 0x00000000585b6000 	C:\Program Files\Java\jdk1.8.0_51\jre\bin\zip.dll
0x0000000180000000 - 0x0000000180051000 	C:\Users\Rory\Desktop\Programs\Current Projects\OGPC 2016 Java\natives\lwjgl64.dll
0x00007ffad0000000 - 0x00007ffad012b000 	C:\WINDOWS\SYSTEM32\OPENGL32.dll
0x00007ffadafb0000 - 0x00007ffadafde000 	C:\WINDOWS\SYSTEM32\GLU32.dll
0x00007ffadafe0000 - 0x00007ffadb0d8000 	C:\WINDOWS\SYSTEM32\DDRAW.dll
0x00007ffaddd40000 - 0x00007ffaddd49000 	C:\WINDOWS\SYSTEM32\DCIMAN32.dll
0x00007ffae0ca0000 - 0x00007ffae0dc9000 	C:\WINDOWS\system32\uxtheme.dll
0x00007ffadfe70000 - 0x00007ffadfe91000 	C:\WINDOWS\system32\dwmapi.dll
0x00007ffad3ea0000 - 0x00007ffad3ecc000 	C:\WINDOWS\SYSTEM32\nvoglshim64.dll
0x000000001a770000 - 0x000000001aeee000 	C:\WINDOWS\system32\ig7icd64.dll
0x00007ffade1c0000 - 0x00007ffade600000 	C:\WINDOWS\SYSTEM32\igdusc64.dll
0x00007ffae0e70000 - 0x00007ffae0e7b000 	C:\WINDOWS\SYSTEM32\kernel.appcore.dll
0x00007ffae1f20000 - 0x00007ffae1f2b000 	C:\WINDOWS\SYSTEM32\CRYPTBASE.dll
0x00007ffae1eb0000 - 0x00007ffae1f13000 	C:\WINDOWS\SYSTEM32\bcryptPrimitives.dll
0x00007ffadd500000 - 0x00007ffadd592000 	C:\WINDOWS\SYSTEM32\mscms.dll
0x00007ffacf810000 - 0x00007ffacf851000 	C:\WINDOWS\SYSTEM32\icm32.dll
0x00007ffae1fd0000 - 0x00007ffae2016000 	C:\WINDOWS\SYSTEM32\powrprof.dll
0x00000000583c0000 - 0x0000000058558000 	C:\Program Files\Java\jdk1.8.0_51\jre\bin\awt.dll
0x00007ffae3120000 - 0x00007ffae31e1000 	C:\WINDOWS\system32\OLEAUT32.dll
0x0000000058370000 - 0x00000000583b7000 	C:\Program Files\Java\jdk1.8.0_51\jre\bin\fontmanager.dll
0x0000000058580000 - 0x000000005859a000 	C:\Program Files\Java\jdk1.8.0_51\jre\bin\net.dll
0x00007ffae1840000 - 0x00007ffae1899000 	C:\WINDOWS\system32\mswsock.dll
0x0000000058560000 - 0x0000000058571000 	C:\Program Files\Java\jdk1.8.0_51\jre\bin\nio.dll
0x0000000058320000 - 0x0000000058362000 	C:\Program Files\Java\jdk1.8.0_51\jre\bin\t2k.dll
0x00007ffae2930000 - 0x00007ffae29e6000 	C:\WINDOWS\SYSTEM32\clbcatq.dll
0x00007ffad5a40000 - 0x00007ffad5bc9000 	C:\WINDOWS\SYSTEM32\dbghelp.dll

VM Arguments:
jvm_args: -Dfile.encoding=UTF-8 -Dorg.lwjgl.opengl.Display.allowSoftwareOpenGL=true 
java_command: invisibleman.Client
java_class_path (initial): C:\Users\Rory\Desktop\Programs\Current Projects\OGPC 2016 Java\lib\jfxrt.jar;C:\Users\Rory\Desktop\Programs\Current Projects\OGPC 2016 Java\lib\jinput.jar;C:\Users\Rory\Desktop\Programs\Current Projects\OGPC 2016 Java\lib\lwjgl.jar;C:\Users\Rory\Desktop\Programs\Current Projects\OGPC 2016 Java\lib\lwjgl_util.jar;C:\Users\Rory\Desktop\Programs\Current Projects\OGPC 2016 Java\lib\slick-util.jar;C:\Users\Rory\Desktop\Programs\Current Projects\OGPC 2016 Java\lib\protonpack-1.1.jar;C:\Users\Rory\Desktop\Programs\Current Projects\OGPC 2016 Java\lib\Forge.jar;C:\Users\Rory\Desktop\Programs\Current Projects\OGPC 2016 Java\build\classes
Launcher Type: SUN_STANDARD

Environment Variables:
PATH=C:\ProgramData\Oracle\Java\javapath;C:\Program Files (x86)\Intel\iCLS Client\;C:\Program Files\Intel\iCLS Client\;C:\WINDOWS\system32;C:\WINDOWS;C:\WINDOWS\System32\Wbem;C:\WINDOWS\System32\WindowsPowerShell\v1.0\;C:\Program Files (x86)\Intel\OpenCL SDK\2.0\bin\x86;C:\Program Files (x86)\Intel\OpenCL SDK\2.0\bin\x64;C:\Program Files\Intel\Intel(R) Management Engine Components\DAL;C:\Program Files\Intel\Intel(R) Management Engine Components\IPT;C:\Program Files (x86)\Intel\Intel(R) Management Engine Components\DAL;C:\Program Files (x86)\Intel\Intel(R) Management Engine Components\IPT;C:\Program Files\Lenovo\Bluetooth Software\;C:\Program Files\Lenovo\Bluetooth Software\syswow64;C:\Program Files\Intel\WiFi\bin\;C:\Program Files\Common Files\Intel\WirelessCommon\;C:\Program Files\SlikSvn\bin;C:\Program Files (x86)\NVIDIA Corporation\PhysX\Common;C:\Program Files (x86)\Skype\Phone\
USERNAME=Rory
OS=Windows_NT
PROCESSOR_IDENTIFIER=Intel64 Family 6 Model 58 Stepping 9, GenuineIntel



---------------  S Y S T E M  ---------------

OS: Windows 8.1 , 64 bit Build 9600 (6.3.9600.17415)

CPU:total 8 (4 cores per cpu, 2 threads per core) family 6 model 58 stepping 9, cmov, cx8, fxsr, mmx, sse, sse2, sse3, ssse3, sse4.1, sse4.2, popcnt, avx, aes, clmul, erms, ht, tsc, tscinvbit, tscinv

Memory: 4k page, physical 8251156k(2233052k free), swap 9561876k(2879296k free)

vm_info: Java HotSpot(TM) 64-Bit Server VM (25.51-b03) for windows-amd64 JRE (1.8.0_51-b16), built on Jun  8 2015 18:03:07 by "java_re" with MS VC++ 10.0 (VS2010)

time: Mon Apr 18 22:32:28 2016
elapsed time: 320 seconds (0d 0h 5m 20s)

