#
# A fatal error has been detected by the Java Runtime Environment:
#
#  EXCEPTION_ACCESS_VIOLATION (0xc0000005) at pc=0x0000000019ebd184, pid=7656, tid=8648
#
# JRE version: Java(TM) SE Runtime Environment (8.0_51-b16) (build 1.8.0_51-b16)
# Java VM: Java HotSpot(TM) 64-Bit Server VM (25.51-b03 mixed mode windows-amd64 compressed oops)
# Problematic frame:
# C  [ig7icd64.dll+0x1d184]
#
# Failed to write core dump. Minidumps are not enabled by default on client versions of Windows
#
# If you would like to submit a bug report, please visit:
#   http://bugreport.java.com/bugreport/crash.jsp
# The crash happened outside the Java Virtual Machine in native code.
# See problematic frame for where to report the bug.
#

---------------  T H R E A D  ---------------

Current thread (0x0000000001d8d800):  JavaThread "main" [_thread_in_native, id=8648, stack(0x0000000001e10000,0x0000000001f10000)]

siginfo: ExceptionCode=0xc0000005, writing address 0x0000000019e0a000

Registers:
RAX=0x0000000000000001, RBX=0x0000000019d3e000, RCX=0x0000000019e0a010, RDX=0x000000001eab0c80
RSP=0x0000000001f0e260, RBP=0x0000000000000000, RSI=0x000000001b9f8440, RDI=0x000000001eab0920
R8 =0x0000000000000020, R9 =0x0000000000000000, R10=0x0000000000000001, R11=0x0000000000000002
R12=0x0000000000000000, R13=0x000000001ea16a30, R14=0x000000001b9fa150, R15=0x0000000000000000
RIP=0x0000000019ebd184, EFLAGS=0x0000000000010202

Top of Stack: (sp=0x0000000001f0e260)
0x0000000001f0e260:   0000000000000000 0000000000000003
0x0000000001f0e270:   0000000019d3e000 0000000019d3e000
0x0000000001f0e280:   0000000019d2c330 404e000000000000
0x0000000001f0e290:   0000000019d4b420 000000001a2b8b5e
0x0000000001f0e2a0:   0000000019d3e000 000000001a0c0ac8
0x0000000001f0e2b0:   0000000019d3e000 0000000000000000
0x0000000001f0e2c0:   0000000000000003 000000001a297340
0x0000000001f0e2d0:   0000000019d4b420 00000000024c4060
0x0000000001f0e2e0:   000000001eab0c70 0000000000000000
0x0000000001f0e2f0:   0000000000000000 0000000000000000
0x0000000001f0e300:   0000000022807a10 0000000000000002
0x0000000001f0e310:   0000000000000002 000000001bbaa610
0x0000000001f0e320:   0000000019d3e000 000000001eab0a7c
0x0000000001f0e330:   000000001eab0920 000000001a0f2a54
0x0000000001f0e340:   0000000001f0e3d9 00000000228a0c01
0x0000000001f0e350:   000000001eab0a7c 0000000000000000 

Instructions: (pc=0x0000000019ebd184)
0x0000000019ebd164:   d1 49 c1 eb 04 4d 85 db 0f 84 24 02 00 00 f3 0f
0x0000000019ebd174:   6f 02 41 ff c2 48 83 c1 10 41 8b c2 48 83 c2 10
0x0000000019ebd184:   f3 0f 7f 41 f0 49 3b c3 72 e4 e9 03 02 00 00 48
0x0000000019ebd194:   89 7c 24 40 8b f9 83 e7 0f 74 68 48 89 5c 24 50 


Register to memory mapping:

RAX=0x0000000000000001 is an unknown value
RBX=0x0000000019d3e000 is an unknown value
RCX=0x0000000019e0a010 is an unknown value
RDX=0x000000001eab0c80 is an unknown value
RSP=0x0000000001f0e260 is pointing into the stack for thread: 0x0000000001d8d800
RBP=0x0000000000000000 is an unknown value
RSI=0x000000001b9f8440 is an unknown value
RDI=0x000000001eab0920 is an unknown value
R8 =0x0000000000000020 is an unknown value
R9 =0x0000000000000000 is an unknown value
R10=0x0000000000000001 is an unknown value
R11=0x0000000000000002 is an unknown value
R12=0x0000000000000000 is an unknown value
R13=0x000000001ea16a30 is an unknown value
R14=0x000000001b9fa150 is an unknown value
R15=0x0000000000000000 is an unknown value


Stack: [0x0000000001e10000,0x0000000001f10000],  sp=0x0000000001f0e260,  free space=1016k
Native frames: (J=compiled Java code, j=interpreted, Vv=VM code, C=native code)

Java frames: (J=compiled Java code, j=interpreted, Vv=VM code)
J 1746  org.lwjgl.opengl.GL11.nglCallList(IJ)V (0 bytes) @ 0x0000000002602704 [0x00000000026026c0+0x44]
J 1899 C2 map.CubeMap$$Lambda$124.accept(Ljava/lang/Object;Ljava/lang/Object;)V (12 bytes) @ 0x00000000026a6718 [0x00000000026a6600+0x118]
J 1669 C2 util.Util$$Lambda$65.accept(Ljava/lang/Object;)V (20 bytes) @ 0x0000000002562748 [0x0000000002562660+0xe8]
J 1427 C2 util.Util.forRange(IILjava/util/function/Consumer;)V (24 bytes) @ 0x00000000024c4060 [0x00000000024c3d60+0x300]
J 1974 C1 map.CubeMap.drawAll()V (49 bytes) @ 0x00000000026f7504 [0x00000000026f63a0+0x1164]
J 1935 C1 map.Editor$$Lambda$96.run()V (4 bytes) @ 0x00000000026d4afc [0x00000000026d4a40+0xbc]
J 2006 C2 engine.EventStream$$Lambda$2.accept(Ljava/lang/Object;)V (12 bytes) @ 0x0000000002111af4 [0x0000000002111aa0+0x54]
J 1897 C2 engine.EventStream$$Lambda$33.accept(Ljava/lang/Object;)V (10 bytes) @ 0x0000000002689c38 [0x0000000002689be0+0x58]
J 1410 C2 java.util.ArrayList.forEach(Ljava/util/function/Consumer;)V (75 bytes) @ 0x00000000024a9d98 [0x00000000024a9ce0+0xb8]
J 1766 C1 engine.Core$$Lambda$53.accept(Ljava/lang/Object;)V (8 bytes) @ 0x00000000026198e4 [0x0000000002619480+0x464]
J 1782 C1 java.lang.Iterable.forEach(Ljava/util/function/Consumer;)V (39 bytes) @ 0x000000000263b74c [0x000000000263b460+0x2ec]
J 934% C2 engine.Core.run()V (114 bytes) @ 0x0000000002369fa8 [0x0000000002369ee0+0xc8]
j  map.Editor.start(Ljava/lang/String;)V+481
j  guis.Play.recieve(Ljava/lang/String;Ljava/lang/Object;)V+131
j  gui.components.GUIButton.send()V+68
j  gui.TypingManager.compOpen(Lgui/types/GUIInputComponent;)V+24
j  gui.TypingManager.lambda$null$1()V+93
j  gui.TypingManager$$Lambda$35.run()V+0
J 1016 C1 engine.EventStream$$Lambda$2.accept(Ljava/lang/Object;)V (12 bytes) @ 0x000000000239a0d4 [0x0000000002399ea0+0x234]
J 1002 C1 engine.EventStream$$Lambda$3.run()V (12 bytes) @ 0x00000000023890d4 [0x0000000002388f80+0x154]
J 1001 C1 engine.EventStream$$Lambda$33.accept(Ljava/lang/Object;)V (10 bytes) @ 0x0000000002389684 [0x0000000002389480+0x204]
J 956 C1 java.util.ArrayList.forEach(Ljava/util/function/Consumer;)V (75 bytes) @ 0x0000000002379a0c [0x0000000002379800+0x20c]
J 1028 C1 engine.Signal.set(Ljava/lang/Object;)V (10 bytes) @ 0x000000000239fddc [0x000000000239fa40+0x39c]
j  engine.Signal.lambda$filter$27(Ljava/util/function/Predicate;Lengine/Signal;)V+18
j  engine.Signal$$Lambda$5.accept(Ljava/lang/Object;)V+12
J 1002 C1 engine.EventStream$$Lambda$3.run()V (12 bytes) @ 0x00000000023890d4 [0x0000000002388f80+0x154]
J 1001 C1 engine.EventStream$$Lambda$33.accept(Ljava/lang/Object;)V (10 bytes) @ 0x0000000002389684 [0x0000000002389480+0x204]
J 956 C1 java.util.ArrayList.forEach(Ljava/util/function/Consumer;)V (75 bytes) @ 0x0000000002379a0c [0x0000000002379800+0x20c]
J 1028 C1 engine.Signal.set(Ljava/lang/Object;)V (10 bytes) @ 0x000000000239fddc [0x000000000239fa40+0x39c]
j  engine.Input.lambda$static$0()V+156
j  engine.Input$$Lambda$1.run()V+0
J 1016 C1 engine.EventStream$$Lambda$2.accept(Ljava/lang/Object;)V (12 bytes) @ 0x000000000239a0d4 [0x0000000002399ea0+0x234]
J 1002 C1 engine.EventStream$$Lambda$3.run()V (12 bytes) @ 0x00000000023890d4 [0x0000000002388f80+0x154]
J 1001 C1 engine.EventStream$$Lambda$33.accept(Ljava/lang/Object;)V (10 bytes) @ 0x0000000002389684 [0x0000000002389480+0x204]
J 956 C1 java.util.ArrayList.forEach(Ljava/util/function/Consumer;)V (75 bytes) @ 0x0000000002379a0c [0x0000000002379800+0x20c]
J 1028 C1 engine.Signal.set(Ljava/lang/Object;)V (10 bytes) @ 0x000000000239fddc [0x000000000239fa40+0x39c]
j  engine.Core.lambda$run$36(DLengine/Signal;)V+5
j  engine.Core$$Lambda$49.accept(Ljava/lang/Object;)V+8
j  java.lang.Iterable.forEach(Ljava/util/function/Consumer;)V+30
J 934% C2 engine.Core.run()V (114 bytes) @ 0x0000000002369f74 [0x0000000002369ee0+0x94]
j  invisibleman.Client.main([Ljava/lang/String;)V+139
v  ~StubRoutines::call_stub

---------------  P R O C E S S  ---------------

Java Threads: ( => current thread )
  0x000000001df27000 JavaThread "AWT-Windows" daemon [_thread_in_native, id=11532, stack(0x000000001f400000,0x000000001f500000)]
  0x000000001df15800 JavaThread "Java2D Disposer" daemon [_thread_blocked, id=5732, stack(0x000000001f200000,0x000000001f300000)]
  0x0000000018fe9000 JavaThread "Service Thread" daemon [_thread_blocked, id=3716, stack(0x0000000019930000,0x0000000019a30000)]
  0x0000000018f60000 JavaThread "C1 CompilerThread3" daemon [_thread_blocked, id=8740, stack(0x0000000019830000,0x0000000019930000)]
  0x0000000018f5f000 JavaThread "C2 CompilerThread2" daemon [_thread_blocked, id=11644, stack(0x0000000019730000,0x0000000019830000)]
  0x0000000018f68800 JavaThread "C2 CompilerThread1" daemon [_thread_blocked, id=10772, stack(0x0000000019630000,0x0000000019730000)]
  0x0000000018f65800 JavaThread "C2 CompilerThread0" daemon [_thread_blocked, id=11852, stack(0x0000000019530000,0x0000000019630000)]
  0x0000000018f63000 JavaThread "Attach Listener" daemon [_thread_blocked, id=9780, stack(0x0000000019430000,0x0000000019530000)]
  0x0000000018f62000 JavaThread "Signal Dispatcher" daemon [_thread_blocked, id=11356, stack(0x0000000019330000,0x0000000019430000)]
  0x000000000200c000 JavaThread "Finalizer" daemon [_thread_blocked, id=10384, stack(0x0000000018e20000,0x0000000018f20000)]
  0x0000000016f4d800 JavaThread "Reference Handler" daemon [_thread_blocked, id=10308, stack(0x0000000018d20000,0x0000000018e20000)]
=>0x0000000001d8d800 JavaThread "main" [_thread_in_native, id=8648, stack(0x0000000001e10000,0x0000000001f10000)]

Other Threads:
  0x0000000016f49000 VMThread [stack: 0x0000000018c20000,0x0000000018d20000] [id=11844]
  0x0000000018ff3000 WatcherThread [stack: 0x0000000019a30000,0x0000000019b30000] [id=4904]

VM state:not at safepoint (normal execution)

VM Mutex/Monitor currently owned by a thread: None

Heap:
 PSYoungGen      total 247296K, used 187674K [0x00000000d6000000, 0x00000000f2580000, 0x0000000100000000)
  eden space 246784K, 75% used [0x00000000d6000000,0x00000000e171e838,0x00000000e5100000)
  from space 512K, 31% used [0x00000000f2500000,0x00000000f2528000,0x00000000f2580000)
  to   space 1024K, 0% used [0x00000000f2380000,0x00000000f2380000,0x00000000f2480000)
 ParOldGen       total 86016K, used 13501K [0x0000000082000000, 0x0000000087400000, 0x00000000d6000000)
  object space 86016K, 15% used [0x0000000082000000,0x0000000082d2f4e0,0x0000000087400000)
 Metaspace       used 10725K, capacity 11359K, committed 11520K, reserved 1058816K
  class space    used 1116K, capacity 1248K, committed 1280K, reserved 1048576K

Card table byte_map: [0x00000000113d0000,0x00000000117d0000] byte_map_base: 0x0000000010fc0000

Marking Bits: (ParMarkBitMap*) 0x0000000058f24040
 Begin Bits: [0x0000000012270000, 0x00000000141f0000)
 End Bits:   [0x00000000141f0000, 0x0000000016170000)

Polling page: 0x0000000001d50000

CodeCache: size=245760Kb used=7133Kb max_used=7144Kb free=238626Kb
 bounds [0x0000000002010000, 0x0000000002710000, 0x0000000011010000]
 total_blobs=2578 nmethods=2008 adapters=483
 compilation: enabled

Compilation events (10 events):
Event: 12.462 Thread 0x0000000018f60000 2007       3       org.lwjgl.opengl.WindowsDisplay::centerCursor (110 bytes)
Event: 12.463 Thread 0x0000000018f60000 nmethod 2007 0x0000000002705010 code [0x00000000027051e0, 0x0000000002705888]
Event: 12.485 Thread 0x0000000018f60000 2008       3       java.util.Spliterators$IteratorSpliterator::tryAdvance (77 bytes)
Event: 12.485 Thread 0x0000000018f60000 nmethod 2008 0x00000000027067d0 code [0x00000000027069a0, 0x0000000002707078]
Event: 12.485 Thread 0x0000000018f60000 2009       3       map.CubeMap$1::hasNext (22 bytes)
Event: 12.485 Thread 0x0000000018f60000 nmethod 2009 0x0000000002707b50 code [0x0000000002707cc0, 0x0000000002707fa8]
Event: 12.743 Thread 0x0000000018f5f000 2010       4       java.nio.Bits::copyFromArray (70 bytes)
Event: 12.744 Thread 0x0000000018f5f000 nmethod 2010 0x0000000002110d90 code [0x0000000002110ec0, 0x0000000002110f58]
Event: 12.839 Thread 0x0000000018f65800 2012       4       java.util.TreeMap$PrivateEntryIterator::hasNext (13 bytes)
Event: 12.839 Thread 0x0000000018f65800 nmethod 2012 0x0000000002686bd0 code [0x0000000002686d00, 0x0000000002686d78]

GC Heap History (10 events):
Event: 5.862 GC heap before
{Heap before GC invocations=52 (full 0):
 PSYoungGen      total 309760K, used 308768K [0x00000000d6000000, 0x00000000f2700000, 0x0000000100000000)
  eden space 308736K, 100% used [0x00000000d6000000,0x00000000e8d80000,0x00000000e8d80000)
  from space 1024K, 3% used [0x00000000f2500000,0x00000000f2508000,0x00000000f2600000)
  to   space 1024K, 0% used [0x00000000f2600000,0x00000000f2600000,0x00000000f2700000)
 ParOldGen       total 86016K, used 13277K [0x0000000082000000, 0x0000000087400000, 0x00000000d6000000)
  object space 86016K, 15% used [0x0000000082000000,0x0000000082cf74e0,0x0000000087400000)
 Metaspace       used 10238K, capacity 10691K, committed 11008K, reserved 1058816K
  class space    used 1065K, capacity 1190K, committed 1280K, reserved 1048576K
Event: 5.863 GC heap after
Heap after GC invocations=52 (full 0):
 PSYoungGen      total 295424K, used 160K [0x00000000d6000000, 0x00000000f2680000, 0x0000000100000000)
  eden space 294912K, 0% used [0x00000000d6000000,0x00000000d6000000,0x00000000e8000000)
  from space 512K, 31% used [0x00000000f2600000,0x00000000f2628000,0x00000000f2680000)
  to   space 1024K, 0% used [0x00000000f2480000,0x00000000f2480000,0x00000000f2580000)
 ParOldGen       total 86016K, used 13277K [0x0000000082000000, 0x0000000087400000, 0x00000000d6000000)
  object space 86016K, 15% used [0x0000000082000000,0x0000000082cf74e0,0x0000000087400000)
 Metaspace       used 10238K, capacity 10691K, committed 11008K, reserved 1058816K
  class space    used 1065K, capacity 1190K, committed 1280K, reserved 1048576K
}
Event: 7.133 GC heap before
{Heap before GC invocations=53 (full 0):
 PSYoungGen      total 295424K, used 295072K [0x00000000d6000000, 0x00000000f2680000, 0x0000000100000000)
  eden space 294912K, 100% used [0x00000000d6000000,0x00000000e8000000,0x00000000e8000000)
  from space 512K, 31% used [0x00000000f2600000,0x00000000f2628000,0x00000000f2680000)
  to   space 1024K, 0% used [0x00000000f2480000,0x00000000f2480000,0x00000000f2580000)
 ParOldGen       total 86016K, used 13277K [0x0000000082000000, 0x0000000087400000, 0x00000000d6000000)
  object space 86016K, 15% used [0x0000000082000000,0x0000000082cf74e0,0x0000000087400000)
 Metaspace       used 10662K, capacity 11251K, committed 11520K, reserved 1058816K
  class space    used 1114K, capacity 1246K, committed 1280K, reserved 1048576K
Event: 7.134 GC heap after
Heap after GC invocations=53 (full 0):
 PSYoungGen      total 283136K, used 348K [0x00000000d6000000, 0x00000000f2680000, 0x0000000100000000)
  eden space 282112K, 0% used [0x00000000d6000000,0x00000000d6000000,0x00000000e7380000)
  from space 1024K, 33% used [0x00000000f2480000,0x00000000f24d7098,0x00000000f2580000)
  to   space 1024K, 0% used [0x00000000f2580000,0x00000000f2580000,0x00000000f2680000)
 ParOldGen       total 86016K, used 13285K [0x0000000082000000, 0x0000000087400000, 0x00000000d6000000)
  object space 86016K, 15% used [0x0000000082000000,0x0000000082cf94e0,0x0000000087400000)
 Metaspace       used 10662K, capacity 11251K, committed 11520K, reserved 1058816K
  class space    used 1114K, capacity 1246K, committed 1280K, reserved 1048576K
}
Event: 10.516 GC heap before
{Heap before GC invocations=54 (full 0):
 PSYoungGen      total 283136K, used 282460K [0x00000000d6000000, 0x00000000f2680000, 0x0000000100000000)
  eden space 282112K, 100% used [0x00000000d6000000,0x00000000e7380000,0x00000000e7380000)
  from space 1024K, 33% used [0x00000000f2480000,0x00000000f24d7098,0x00000000f2580000)
  to   space 1024K, 0% used [0x00000000f2580000,0x00000000f2580000,0x00000000f2680000)
 ParOldGen       total 86016K, used 13285K [0x0000000082000000, 0x0000000087400000, 0x00000000d6000000)
  object space 86016K, 15% used [0x0000000082000000,0x0000000082cf94e0,0x0000000087400000)
 Metaspace       used 10718K, capacity 11295K, committed 11520K, reserved 1058816K
  class space    used 1116K, capacity 1248K, committed 1280K, reserved 1048576K
Event: 10.517 GC heap after
Heap after GC invocations=54 (full 0):
 PSYoungGen      total 270336K, used 224K [0x00000000d6000000, 0x00000000f2600000, 0x0000000100000000)
  eden space 269824K, 0% used [0x00000000d6000000,0x00000000d6000000,0x00000000e6780000)
  from space 512K, 43% used [0x00000000f2580000,0x00000000f25b8000,0x00000000f2600000)
  to   space 1024K, 0% used [0x00000000f2400000,0x00000000f2400000,0x00000000f2500000)
 ParOldGen       total 86016K, used 13445K [0x0000000082000000, 0x0000000087400000, 0x00000000d6000000)
  object space 86016K, 15% used [0x0000000082000000,0x0000000082d214e0,0x0000000087400000)
 Metaspace       used 10718K, capacity 11295K, committed 11520K, reserved 1058816K
  class space    used 1116K, capacity 1248K, committed 1280K, reserved 1048576K
}
Event: 11.993 GC heap before
{Heap before GC invocations=55 (full 0):
 PSYoungGen      total 270336K, used 270048K [0x00000000d6000000, 0x00000000f2600000, 0x0000000100000000)
  eden space 269824K, 100% used [0x00000000d6000000,0x00000000e6780000,0x00000000e6780000)
  from space 512K, 43% used [0x00000000f2580000,0x00000000f25b8000,0x00000000f2600000)
  to   space 1024K, 0% used [0x00000000f2400000,0x00000000f2400000,0x00000000f2500000)
 ParOldGen       total 86016K, used 13445K [0x0000000082000000, 0x0000000087400000, 0x00000000d6000000)
  object space 86016K, 15% used [0x0000000082000000,0x0000000082d214e0,0x0000000087400000)
 Metaspace       used 10723K, capacity 11359K, committed 11520K, reserved 1058816K
  class space    used 1116K, capacity 1248K, committed 1280K, reserved 1048576K
Event: 11.994 GC heap after
Heap after GC invocations=55 (full 0):
 PSYoungGen      total 259072K, used 192K [0x00000000d6000000, 0x00000000f2600000, 0x0000000100000000)
  eden space 258048K, 0% used [0x00000000d6000000,0x00000000d6000000,0x00000000e5c00000)
  from space 1024K, 18% used [0x00000000f2400000,0x00000000f2430000,0x00000000f2500000)
  to   space 1024K, 0% used [0x00000000f2500000,0x00000000f2500000,0x00000000f2600000)
 ParOldGen       total 86016K, used 13501K [0x0000000082000000, 0x0000000087400000, 0x00000000d6000000)
  object space 86016K, 15% used [0x0000000082000000,0x0000000082d2f4e0,0x0000000087400000)
 Metaspace       used 10723K, capacity 11359K, committed 11520K, reserved 1058816K
  class space    used 1116K, capacity 1248K, committed 1280K, reserved 1048576K
}
Event: 13.341 GC heap before
{Heap before GC invocations=56 (full 0):
 PSYoungGen      total 259072K, used 258240K [0x00000000d6000000, 0x00000000f2600000, 0x0000000100000000)
  eden space 258048K, 100% used [0x00000000d6000000,0x00000000e5c00000,0x00000000e5c00000)
  from space 1024K, 18% used [0x00000000f2400000,0x00000000f2430000,0x00000000f2500000)
  to   space 1024K, 0% used [0x00000000f2500000,0x00000000f2500000,0x00000000f2600000)
 ParOldGen       total 86016K, used 13501K [0x0000000082000000, 0x0000000087400000, 0x00000000d6000000)
  object space 86016K, 15% used [0x0000000082000000,0x0000000082d2f4e0,0x0000000087400000)
 Metaspace       used 10725K, capacity 11359K, committed 11520K, reserved 1058816K
  class space    used 1116K, capacity 1248K, committed 1280K, reserved 1048576K
Event: 13.341 GC heap after
Heap after GC invocations=56 (full 0):
 PSYoungGen      total 247296K, used 160K [0x00000000d6000000, 0x00000000f2580000, 0x0000000100000000)
  eden space 246784K, 0% used [0x00000000d6000000,0x00000000d6000000,0x00000000e5100000)
  from space 512K, 31% used [0x00000000f2500000,0x00000000f2528000,0x00000000f2580000)
  to   space 1024K, 0% used [0x00000000f2380000,0x00000000f2380000,0x00000000f2480000)
 ParOldGen       total 86016K, used 13501K [0x0000000082000000, 0x0000000087400000, 0x00000000d6000000)
  object space 86016K, 15% used [0x0000000082000000,0x0000000082d2f4e0,0x0000000087400000)
 Metaspace       used 10725K, capacity 11359K, committed 11520K, reserved 1058816K
  class space    used 1116K, capacity 1248K, committed 1280K, reserved 1048576K
}

Deoptimization events (10 events):
Event: 10.032 Thread 0x0000000001d8d800 Uncommon trap: reason=bimorphic action=maybe_recompile pc=0x00000000026435d4 method=java.util.stream.AbstractPipeline.copyInto(Ljava/util/stream/Sink;Ljava/util/Spliterator;)V @ 20
Event: 10.032 Thread 0x0000000001d8d800 Uncommon trap: reason=bimorphic action=maybe_recompile pc=0x0000000002510a5c method=java.util.stream.AbstractPipeline.wrapSink(Ljava/util/stream/Sink;)Ljava/util/stream/Sink; @ 23
Event: 10.492 Thread 0x0000000001d8d800 Uncommon trap: reason=class_check action=maybe_recompile pc=0x0000000002643450 method=java.util.stream.AbstractPipeline.copyIntoWithCancel(Ljava/util/stream/Sink;Ljava/util/Spliterator;)V @ 19
Event: 11.057 Thread 0x0000000001d8d800 Uncommon trap: reason=bimorphic action=maybe_recompile pc=0x00000000024f4618 method=java.util.stream.AbstractPipeline.<init>(Ljava/util/stream/AbstractPipeline;I)V @ 66
Event: 11.057 Thread 0x0000000001d8d800 Uncommon trap: reason=bimorphic action=maybe_recompile pc=0x00000000026435d4 method=java.util.stream.AbstractPipeline.copyInto(Ljava/util/stream/Sink;Ljava/util/Spliterator;)V @ 20
Event: 11.057 Thread 0x0000000001d8d800 Uncommon trap: reason=bimorphic action=maybe_recompile pc=0x0000000002510a5c method=java.util.stream.AbstractPipeline.wrapSink(Ljava/util/stream/Sink;)Ljava/util/stream/Sink; @ 23
Event: 11.379 Thread 0x0000000001d8d800 Uncommon trap: reason=class_check action=maybe_recompile pc=0x0000000002643450 method=java.util.stream.AbstractPipeline.copyIntoWithCancel(Ljava/util/stream/Sink;Ljava/util/Spliterator;)V @ 19
Event: 11.961 Thread 0x0000000001d8d800 Uncommon trap: reason=bimorphic action=maybe_recompile pc=0x00000000024f4618 method=java.util.stream.AbstractPipeline.<init>(Ljava/util/stream/AbstractPipeline;I)V @ 66
Event: 11.961 Thread 0x0000000001d8d800 Uncommon trap: reason=bimorphic action=maybe_recompile pc=0x00000000026435d4 method=java.util.stream.AbstractPipeline.copyInto(Ljava/util/stream/Sink;Ljava/util/Spliterator;)V @ 20
Event: 11.961 Thread 0x0000000001d8d800 Uncommon trap: reason=bimorphic action=maybe_recompile pc=0x0000000002510a5c method=java.util.stream.AbstractPipeline.wrapSink(Ljava/util/stream/Sink;)Ljava/util/stream/Sink; @ 23

Internal exceptions (10 events):
Event: 0.081 Thread 0x0000000001d8d800 Exception <a 'java/security/PrivilegedActionException'> (0x00000000d61fc798) thrown at [C:\re\workspace\8-2-build-windows-amd64-cygwin\jdk8u51\3951\hotspot\src\share\vm\prims\jvm.cpp, line 1382]
Event: 0.081 Thread 0x0000000001d8d800 Exception <a 'java/security/PrivilegedActionException'> (0x00000000d61fc950) thrown at [C:\re\workspace\8-2-build-windows-amd64-cygwin\jdk8u51\3951\hotspot\src\share\vm\prims\jvm.cpp, line 1382]
Event: 0.296 Thread 0x0000000001d8d800 Exception <a 'java/lang/NoSuchFieldError': method resolution failed> (0x00000000d65eb1c0) thrown at [C:\re\workspace\8-2-build-windows-amd64-cygwin\jdk8u51\3951\hotspot\src\share\vm\prims\methodHandles.cpp, line 1125]
Event: 0.297 Thread 0x0000000001d8d800 Exception <a 'java/lang/NoSuchFieldError': method resolution failed> (0x00000000d65f9890) thrown at [C:\re\workspace\8-2-build-windows-amd64-cygwin\jdk8u51\3951\hotspot\src\share\vm\prims\methodHandles.cpp, line 1125]
Event: 0.322 Thread 0x0000000001d8d800 Exception <a 'java/security/PrivilegedActionException'> (0x00000000d66bcb78) thrown at [C:\re\workspace\8-2-build-windows-amd64-cygwin\jdk8u51\3951\hotspot\src\share\vm\prims\jvm.cpp, line 1382]
Event: 0.323 Thread 0x0000000001d8d800 Exception <a 'java/security/PrivilegedActionException'> (0x00000000d66bcd30) thrown at [C:\re\workspace\8-2-build-windows-amd64-cygwin\jdk8u51\3951\hotspot\src\share\vm\prims\jvm.cpp, line 1382]
Event: 0.323 Thread 0x0000000001d8d800 Exception <a 'java/security/PrivilegedActionException'> (0x00000000d66c0ac8) thrown at [C:\re\workspace\8-2-build-windows-amd64-cygwin\jdk8u51\3951\hotspot\src\share\vm\prims\jvm.cpp, line 1382]
Event: 0.323 Thread 0x0000000001d8d800 Exception <a 'java/security/PrivilegedActionException'> (0x00000000d66c0c80) thrown at [C:\re\workspace\8-2-build-windows-amd64-cygwin\jdk8u51\3951\hotspot\src\share\vm\prims\jvm.cpp, line 1382]
Event: 0.326 Thread 0x0000000001d8d800 Exception <a 'java/io/FileNotFoundException'> (0x00000000d66c2fa8) thrown at [C:\re\workspace\8-2-build-windows-amd64-cygwin\jdk8u51\3951\hotspot\src\share\vm\prims\jni.cpp, line 709]
Event: 0.350 Thread 0x0000000001d8d800 Exception <a 'java/io/FileNotFoundException'> (0x00000000d6703210) thrown at [C:\re\workspace\8-2-build-windows-amd64-cygwin\jdk8u51\3951\hotspot\src\share\vm\prims\jni.cpp, line 709]

Events (10 events):
Event: 11.961 Thread 0x0000000001d8d800 Uncommon trap: trap_request=0xffffffc6 fr.pc=0x0000000002510a5c
Event: 11.961 Thread 0x0000000001d8d800 DEOPT PACKING pc=0x0000000002510a5c sp=0x0000000001f0ddf0
Event: 11.961 Thread 0x0000000001d8d800 DEOPT UNPACKING pc=0x000000000205582a sp=0x0000000001f0ddb0 mode 2
Event: 11.993 Executing VM operation: ParallelGCFailedAllocation
Event: 11.994 Executing VM operation: ParallelGCFailedAllocation done
Event: 12.006 Thread 0x0000000018f65800 flushing nmethod 0x0000000002110d90
Event: 12.006 Thread 0x0000000018f65800 flushing nmethod 0x00000000021114d0
Event: 12.006 Thread 0x0000000018f65800 flushing nmethod 0x0000000002111810
Event: 13.340 Executing VM operation: ParallelGCFailedAllocation
Event: 13.341 Executing VM operation: ParallelGCFailedAllocation done


Dynamic libraries:
0x00007ff6687b0000 - 0x00007ff6687e7000 	C:\Program Files\Java\jdk1.8.0_51\bin\java.exe
0x00007ffae4ee0000 - 0x00007ffae508d000 	C:\WINDOWS\SYSTEM32\ntdll.dll
0x00007ffae2600000 - 0x00007ffae273e000 	C:\WINDOWS\system32\KERNEL32.DLL
0x00007ffae21b0000 - 0x00007ffae22c5000 	C:\WINDOWS\system32\KERNELBASE.dll
0x00007ffae0bd0000 - 0x00007ffae0c5e000 	C:\WINDOWS\system32\apphelp.dll
0x00007ffad1110000 - 0x00007ffad1163000 	C:\WINDOWS\AppPatch\AppPatch64\AcGenral.DLL
0x00007ffae2ea0000 - 0x00007ffae2f4a000 	C:\WINDOWS\system32\msvcrt.dll
0x00007ffae1e80000 - 0x00007ffae1eae000 	C:\WINDOWS\SYSTEM32\SspiCli.dll
0x00007ffae29f0000 - 0x00007ffae2a44000 	C:\WINDOWS\system32\SHLWAPI.dll
0x00007ffae27b0000 - 0x00007ffae2927000 	C:\WINDOWS\system32\USER32.dll
0x00007ffae4870000 - 0x00007ffae4a04000 	C:\WINDOWS\system32\ole32.dll
0x00007ffae32b0000 - 0x00007ffae47da000 	C:\WINDOWS\system32\SHELL32.dll
0x00007ffae15d0000 - 0x00007ffae15f1000 	C:\WINDOWS\SYSTEM32\USERENV.dll
0x00007ffae2ab0000 - 0x00007ffae2b5a000 	C:\WINDOWS\system32\ADVAPI32.dll
0x00007ffad4490000 - 0x00007ffad44ae000 	C:\WINDOWS\SYSTEM32\MPR.dll
0x00007ffae4d90000 - 0x00007ffae4ed1000 	C:\WINDOWS\system32\RPCRT4.dll
0x00007ffae25a0000 - 0x00007ffae25f9000 	C:\WINDOWS\SYSTEM32\sechost.dll
0x00007ffae4b70000 - 0x00007ffae4d81000 	C:\WINDOWS\SYSTEM32\combase.dll
0x00007ffae2d50000 - 0x00007ffae2ea0000 	C:\WINDOWS\system32\GDI32.dll
0x00007ffae2030000 - 0x00007ffae2045000 	C:\WINDOWS\SYSTEM32\profapi.dll
0x00007ffae0ac0000 - 0x00007ffae0b72000 	C:\WINDOWS\SYSTEM32\SHCORE.dll
0x00007ffae2560000 - 0x00007ffae2596000 	C:\WINDOWS\system32\IMM32.DLL
0x00007ffae4a10000 - 0x00007ffae4b62000 	C:\WINDOWS\system32\MSCTF.dll
0x00007ffadfbf0000 - 0x00007ffadfe6b000 	C:\WINDOWS\WinSxS\amd64_microsoft.windows.common-controls_6595b64144ccf1df_6.0.9600.18006_none_623f33d3ecbe86e8\COMCTL32.dll
0x0000000058640000 - 0x0000000058712000 	C:\Program Files\Java\jdk1.8.0_51\jre\bin\msvcr100.dll
0x0000000058720000 - 0x0000000058fa3000 	C:\Program Files\Java\jdk1.8.0_51\jre\bin\server\jvm.dll
0x00007ffad3810000 - 0x00007ffad3819000 	C:\WINDOWS\SYSTEM32\WSOCK32.dll
0x00007ffaddee0000 - 0x00007ffaddf02000 	C:\WINDOWS\SYSTEM32\WINMM.dll
0x00007ffadf3c0000 - 0x00007ffadf3ca000 	C:\WINDOWS\SYSTEM32\VERSION.dll
0x00007ffae2b60000 - 0x00007ffae2b67000 	C:\WINDOWS\system32\PSAPI.DLL
0x00007ffae4810000 - 0x00007ffae486a000 	C:\WINDOWS\system32\WS2_32.dll
0x00007ffaddeb0000 - 0x00007ffaddeda000 	C:\WINDOWS\SYSTEM32\WINMMBASE.dll
0x00007ffae47f0000 - 0x00007ffae47f9000 	C:\WINDOWS\system32\NSI.dll
0x00007ffae22d0000 - 0x00007ffae231f000 	C:\WINDOWS\SYSTEM32\cfgmgr32.dll
0x00007ffae0e20000 - 0x00007ffae0e48000 	C:\WINDOWS\SYSTEM32\DEVOBJ.dll
0x00000000585f0000 - 0x00000000585ff000 	C:\Program Files\Java\jdk1.8.0_51\jre\bin\verify.dll
0x00000000585c0000 - 0x00000000585e9000 	C:\Program Files\Java\jdk1.8.0_51\jre\bin\java.dll
0x00000000585a0000 - 0x00000000585b6000 	C:\Program Files\Java\jdk1.8.0_51\jre\bin\zip.dll
0x0000000180000000 - 0x0000000180051000 	C:\Users\Rory\Desktop\Programs\Current Projects\OGPC 2016 Java\natives\lwjgl64.dll
0x00007ffad0000000 - 0x00007ffad012b000 	C:\WINDOWS\SYSTEM32\OPENGL32.dll
0x00007ffadafb0000 - 0x00007ffadafde000 	C:\WINDOWS\SYSTEM32\GLU32.dll
0x00007ffadafe0000 - 0x00007ffadb0d8000 	C:\WINDOWS\SYSTEM32\DDRAW.dll
0x00007ffaddd40000 - 0x00007ffaddd49000 	C:\WINDOWS\SYSTEM32\DCIMAN32.dll
0x00007ffae0ca0000 - 0x00007ffae0dc9000 	C:\WINDOWS\system32\uxtheme.dll
0x00007ffadfe70000 - 0x00007ffadfe91000 	C:\WINDOWS\system32\dwmapi.dll
0x00007ffad3ea0000 - 0x00007ffad3ecc000 	C:\WINDOWS\SYSTEM32\nvoglshim64.dll
0x0000000019ea0000 - 0x000000001a61e000 	C:\WINDOWS\system32\ig7icd64.dll
0x00007ffade1c0000 - 0x00007ffade600000 	C:\WINDOWS\SYSTEM32\igdusc64.dll
0x00007ffae0e70000 - 0x00007ffae0e7b000 	C:\WINDOWS\SYSTEM32\kernel.appcore.dll
0x00007ffae1f20000 - 0x00007ffae1f2b000 	C:\WINDOWS\SYSTEM32\CRYPTBASE.dll
0x00007ffae1eb0000 - 0x00007ffae1f13000 	C:\WINDOWS\SYSTEM32\bcryptPrimitives.dll
0x00007ffadd500000 - 0x00007ffadd592000 	C:\WINDOWS\SYSTEM32\mscms.dll
0x00007ffad1260000 - 0x00007ffad12a1000 	C:\WINDOWS\SYSTEM32\icm32.dll
0x00007ffae1fd0000 - 0x00007ffae2016000 	C:\WINDOWS\SYSTEM32\powrprof.dll
0x00000000583c0000 - 0x0000000058558000 	C:\Program Files\Java\jdk1.8.0_51\jre\bin\awt.dll
0x00007ffae3120000 - 0x00007ffae31e1000 	C:\WINDOWS\system32\OLEAUT32.dll
0x0000000058370000 - 0x00000000583b7000 	C:\Program Files\Java\jdk1.8.0_51\jre\bin\fontmanager.dll
0x0000000058580000 - 0x000000005859a000 	C:\Program Files\Java\jdk1.8.0_51\jre\bin\net.dll
0x00007ffae1840000 - 0x00007ffae1899000 	C:\WINDOWS\system32\mswsock.dll
0x0000000058560000 - 0x0000000058571000 	C:\Program Files\Java\jdk1.8.0_51\jre\bin\nio.dll
0x0000000058320000 - 0x0000000058362000 	C:\Program Files\Java\jdk1.8.0_51\jre\bin\t2k.dll
0x00007ffae2930000 - 0x00007ffae29e6000 	C:\WINDOWS\SYSTEM32\clbcatq.dll
0x00007ffad5a40000 - 0x00007ffad5bc9000 	C:\WINDOWS\SYSTEM32\dbghelp.dll

VM Arguments:
jvm_args: -Dfile.encoding=UTF-8 -Dorg.lwjgl.opengl.Display.allowSoftwareOpenGL=true 
java_command: invisibleman.Client
java_class_path (initial): C:\Users\Rory\Desktop\Programs\Current Projects\OGPC 2016 Java\lib\jfxrt.jar;C:\Users\Rory\Desktop\Programs\Current Projects\OGPC 2016 Java\lib\jinput.jar;C:\Users\Rory\Desktop\Programs\Current Projects\OGPC 2016 Java\lib\lwjgl.jar;C:\Users\Rory\Desktop\Programs\Current Projects\OGPC 2016 Java\lib\lwjgl_util.jar;C:\Users\Rory\Desktop\Programs\Current Projects\OGPC 2016 Java\lib\slick-util.jar;C:\Users\Rory\Desktop\Programs\Current Projects\OGPC 2016 Java\lib\protonpack-1.1.jar;C:\Users\Rory\Desktop\Programs\Current Projects\OGPC 2016 Java\lib\Forge.jar;C:\Users\Rory\Desktop\Programs\Current Projects\OGPC 2016 Java\build\classes
Launcher Type: SUN_STANDARD

Environment Variables:
PATH=C:\ProgramData\Oracle\Java\javapath;C:\Program Files (x86)\Intel\iCLS Client\;C:\Program Files\Intel\iCLS Client\;C:\WINDOWS\system32;C:\WINDOWS;C:\WINDOWS\System32\Wbem;C:\WINDOWS\System32\WindowsPowerShell\v1.0\;C:\Program Files (x86)\Intel\OpenCL SDK\2.0\bin\x86;C:\Program Files (x86)\Intel\OpenCL SDK\2.0\bin\x64;C:\Program Files\Intel\Intel(R) Management Engine Components\DAL;C:\Program Files\Intel\Intel(R) Management Engine Components\IPT;C:\Program Files (x86)\Intel\Intel(R) Management Engine Components\DAL;C:\Program Files (x86)\Intel\Intel(R) Management Engine Components\IPT;C:\Program Files\Lenovo\Bluetooth Software\;C:\Program Files\Lenovo\Bluetooth Software\syswow64;C:\Program Files\Intel\WiFi\bin\;C:\Program Files\Common Files\Intel\WirelessCommon\;C:\Program Files\SlikSvn\bin;C:\Program Files (x86)\NVIDIA Corporation\PhysX\Common;C:\Program Files (x86)\Skype\Phone\
USERNAME=Rory
OS=Windows_NT
PROCESSOR_IDENTIFIER=Intel64 Family 6 Model 58 Stepping 9, GenuineIntel



---------------  S Y S T E M  ---------------

OS: Windows 8.1 , 64 bit Build 9600 (6.3.9600.17415)

CPU:total 8 (4 cores per cpu, 2 threads per core) family 6 model 58 stepping 9, cmov, cx8, fxsr, mmx, sse, sse2, sse3, ssse3, sse4.1, sse4.2, popcnt, avx, aes, clmul, erms, ht, tsc, tscinvbit, tscinv

Memory: 4k page, physical 8251156k(2751432k free), swap 9561876k(3337636k free)

vm_info: Java HotSpot(TM) 64-Bit Server VM (25.51-b03) for windows-amd64 JRE (1.8.0_51-b16), built on Jun  8 2015 18:03:07 by "java_re" with MS VC++ 10.0 (VS2010)

time: Mon Apr 18 21:48:15 2016
elapsed time: 13 seconds (0d 0h 0m 13s)

