#
# A fatal error has been detected by the Java Runtime Environment:
#
#  EXCEPTION_ACCESS_VIOLATION (0xc0000005) at pc=0x000007feeaa01f44, pid=5196, tid=4796
#
# JRE version: Java(TM) SE Runtime Environment (8.0_65-b17) (build 1.8.0_65-b17)
# Java VM: Java HotSpot(TM) 64-Bit Server VM (25.65-b01 mixed mode windows-amd64 compressed oops)
# Problematic frame:
# C  [ig7icd64.dll+0x21f44]
#
# Failed to write core dump. Minidumps are not enabled by default on client versions of Windows
#
# If you would like to submit a bug report, please visit:
#   http://bugreport.java.com/bugreport/crash.jsp
# The crash happened outside the Java Virtual Machine in native code.
# See problematic frame for where to report the bug.
#

---------------  T H R E A D  ---------------

Current thread (0x0000000001d6f000):  JavaThread "main" [_thread_in_native, id=4796, stack(0x00000000024a0000,0x00000000025a0000)]

siginfo: ExceptionCode=0xc0000005, writing address 0x000000000248a000

Registers:
RAX=0x0000000000000001, RBX=0x00000000597ae000, RCX=0x000000000248a010, RDX=0x000000005c3bf0c0
RSP=0x000000000259e450, RBP=0x000000005b1c2360, RSI=0x000000005b1c4070, RDI=0x000000005c3bed40
R8 =0x0000000000000020, R9 =0x0000000000000000, R10=0x0000000000000001, R11=0x0000000000000002
R12=0x0000000000000000, R13=0x000000005c3e5260, R14=0x0000000000000000, R15=0x0000000000000000
RIP=0x000007feeaa01f44, EFLAGS=0x0000000000010206

Top of Stack: (sp=0x000000000259e450)
0x000000000259e450:   3803400000000000 0000000000000000
0x000000000259e460:   3c03400000000000 0000000000000000
0x000000000259e470:   4003400000000000 0000000000000000
0x000000000259e480:   4403400000000000 0000000000000000
0x000000000259e490:   000000005981f480 000007feeabfcc57
0x000000000259e4a0:   00000000597ae000 c1add3f3bfae14c9
0x000000000259e4b0:   c2be6c4cc1e27ad0 000000003fae0be0
0x000000000259e4c0:   0000000000000001 000007feeac1bbd3
0x000000000259e4d0:   000000005c3bf0b0 0000000000000000
0x000000000259e4e0:   3ff0000000000000 0000000000000000
0x000000000259e4f0:   000000005c444ba0 0000000059819470
0x000000000259e500:   000000005c3beea8 000000005c3bed40
0x000000000259e510:   0000000000000001 000000005c42d410
0x000000000259e520:   00000000597ae000 000007feeac34e78
0x000000000259e530:   0000000000000002 000000005c42d701
0x000000000259e540:   000000005c3beea8 0000000000000000 

Instructions: (pc=0x000007feeaa01f44)
0x000007feeaa01f24:   d1 49 c1 eb 04 4d 85 db 0f 84 24 02 00 00 f3 0f
0x000007feeaa01f34:   6f 02 41 ff c2 48 83 c1 10 41 8b c2 48 83 c2 10
0x000007feeaa01f44:   f3 0f 7f 41 f0 49 3b c3 72 e4 e9 03 02 00 00 48
0x000007feeaa01f54:   89 7c 24 40 8b f9 83 e7 0f 74 68 48 89 5c 24 50 


Register to memory mapping:

RAX=0x0000000000000001 is an unknown value
RBX=0x00000000597ae000 is an unknown value
RCX=0x000000000248a010 is an unknown value
RDX=0x000000005c3bf0c0 is an unknown value
RSP=0x000000000259e450 is pointing into the stack for thread: 0x0000000001d6f000
RBP=0x000000005b1c2360 is an unknown value
RSI=0x000000005b1c4070 is an unknown value
RDI=0x000000005c3bed40 is an unknown value
R8 =0x0000000000000020 is an unknown value
R9 =0x0000000000000000 is an unknown value
R10=0x0000000000000001 is an unknown value
R11=0x0000000000000002 is an unknown value
R12=0x0000000000000000 is an unknown value
R13=0x000000005c3e5260 is an unknown value
R14=0x0000000000000000 is an unknown value
R15=0x0000000000000000 is an unknown value


Stack: [0x00000000024a0000,0x00000000025a0000],  sp=0x000000000259e450,  free space=1017k
Native frames: (J=compiled Java code, j=interpreted, Vv=VM code, C=native code)
C  [ig7icd64.dll+0x21f44]
C  [ig7icd64.dll+0x21cc57]
C  [ig7icd64.dll+0x254e78]
C  [ig7icd64.dll+0x1fe146]
C  [ig7icd64.dll+0x156d58]
C  [ig7icd64.dll+0x2dc07c]
C  [ig7icd64.dll+0x3ba832]
C  [ig7icd64.dll+0x4f6201]
C  [ig7icd64.dll+0x47433f]
C  [ig7icd64.dll+0x474abc]
C  0x0000000002a10c8a

Java frames: (J=compiled Java code, j=interpreted, Vv=VM code)
J 1966  org.lwjgl.opengl.GL11.nglCallList(IJ)V (0 bytes) @ 0x0000000002a10c04 [0x0000000002a10bc0+0x44]
J 2043 C2 map.CubeMap$$Lambda$159.accept(Ljava/lang/Object;Ljava/lang/Object;)V (12 bytes) @ 0x0000000002c39488 [0x0000000002c39380+0x108]
J 1899 C2 util.Util$$Lambda$102.accept(Ljava/lang/Object;)V (20 bytes) @ 0x0000000002e63678 [0x0000000002e635a0+0xd8]
J 1824 C2 util.Util.forRange(IILjava/util/function/Consumer;)V (24 bytes) @ 0x0000000002e1d3d0 [0x0000000002e1d360+0x70]
J 2112 C1 map.CubeMap.drawAll()V (49 bytes) @ 0x0000000002eb115c [0x0000000002eaff20+0x123c]
J 2110 C1 map.Editor$$Lambda$119.run()V (4 bytes) @ 0x00000000029caa3c [0x00000000029ca980+0xbc]
J 1140 C2 engine.EventStream$$Lambda$2.accept(Ljava/lang/Object;)V (12 bytes) @ 0x0000000002c55164 [0x0000000002c55120+0x44]
J 1124 C2 engine.EventStream.sendEvent()V (27 bytes) @ 0x0000000002c4fb7c [0x0000000002c4f900+0x27c]
J 1983 C2 engine.Core$$Lambda$54.accept(Ljava/lang/Object;)V (8 bytes) @ 0x0000000002b9acd4 [0x0000000002b9aca0+0x34]
J 2223 C2 java.lang.Iterable.forEach(Ljava/util/function/Consumer;)V (39 bytes) @ 0x0000000002f07d1c [0x0000000002f07be0+0x13c]
J 880% C2 engine.Core.run()V (114 bytes) @ 0x0000000002b97668 [0x0000000002b975a0+0xc8]
j  map.Editor.start(Ljava/lang/String;Ljava/lang/String;)V+489
j  guis.Join.recieve(Ljava/lang/String;Ljava/lang/Object;)V+38
j  gui.components.GUICommandField.send()V+33
j  gui.TypingManager.lambda$null$8()V+9
j  gui.TypingManager$$Lambda$37.run()V+0
J 1140 C2 engine.EventStream$$Lambda$2.accept(Ljava/lang/Object;)V (12 bytes) @ 0x0000000002c55164 [0x0000000002c55120+0x44]
J 1124 C2 engine.EventStream.sendEvent()V (27 bytes) @ 0x0000000002c4fb7c [0x0000000002c4f900+0x27c]
J 1213 C2 engine.Signal$$Lambda$5.accept(Ljava/lang/Object;)V (16 bytes) @ 0x0000000002c81cb0 [0x0000000002c81c00+0xb0]
J 1127 C2 engine.EventStream$$Lambda$34.accept(Ljava/lang/Object;)V (10 bytes) @ 0x0000000002c4cae8 [0x0000000002c4caa0+0x48]
J 1067 C2 java.util.ArrayList.forEach(Ljava/util/function/Consumer;)V (75 bytes) @ 0x0000000002c00f54 [0x0000000002c00ea0+0xb4]
J 968 C1 engine.Signal.set(Ljava/lang/Object;)V (10 bytes) @ 0x0000000002bc21d4 [0x0000000002bc1e40+0x394]
j  engine.Input.lambda$static$45()V+75
J 1218 C2 engine.Input$$Lambda$1.run()V (4 bytes) @ 0x0000000002c55784 [0x0000000002c55760+0x24]
J 1140 C2 engine.EventStream$$Lambda$2.accept(Ljava/lang/Object;)V (12 bytes) @ 0x0000000002c55164 [0x0000000002c55120+0x44]
J 1124 C2 engine.EventStream.sendEvent()V (27 bytes) @ 0x0000000002c4fb7c [0x0000000002c4f900+0x27c]
J 1154 C2 java.lang.Iterable.forEach(Ljava/util/function/Consumer;)V (39 bytes) @ 0x0000000002c632cc [0x0000000002c631a0+0x12c]
J 880% C2 engine.Core.run()V (114 bytes) @ 0x0000000002b97634 [0x0000000002b975a0+0x94]
j  invisibleman.Client.main([Ljava/lang/String;)V+146
v  ~StubRoutines::call_stub

---------------  P R O C E S S  ---------------

Java Threads: ( => current thread )
  0x0000000058ec9800 JavaThread "Thread-2" [_thread_in_native, id=7032, stack(0x000000005e370000,0x000000005e470000)]
  0x000000005d6ea000 JavaThread "AWT-Windows" daemon [_thread_in_native, id=3884, stack(0x000000005e6e0000,0x000000005e7e0000)]
  0x00000000590e6800 JavaThread "Java2D Disposer" daemon [_thread_blocked, id=528, stack(0x000000005e260000,0x000000005e360000)]
  0x0000000058dc0000 JavaThread "Service Thread" daemon [_thread_blocked, id=6040, stack(0x00000000593b0000,0x00000000594b0000)]
  0x0000000058d42000 JavaThread "C1 CompilerThread2" daemon [_thread_blocked, id=1652, stack(0x0000000058440000,0x0000000058540000)]
  0x0000000058d40800 JavaThread "C2 CompilerThread1" daemon [_thread_blocked, id=5940, stack(0x0000000059150000,0x0000000059250000)]
  0x0000000057449000 JavaThread "C2 CompilerThread0" daemon [_thread_blocked, id=4888, stack(0x0000000058c40000,0x0000000058d40000)]
  0x0000000057445000 JavaThread "Attach Listener" daemon [_thread_blocked, id=5032, stack(0x0000000058af0000,0x0000000058bf0000)]
  0x0000000057443000 JavaThread "Signal Dispatcher" daemon [_thread_blocked, id=4600, stack(0x00000000589b0000,0x0000000058ab0000)]
  0x00000000573e1000 JavaThread "Finalizer" daemon [_thread_blocked, id=6160, stack(0x0000000058830000,0x0000000058930000)]
  0x00000000573e0000 JavaThread "Reference Handler" daemon [_thread_blocked, id=4820, stack(0x00000000586c0000,0x00000000587c0000)]
=>0x0000000001d6f000 JavaThread "main" [_thread_in_native, id=4796, stack(0x00000000024a0000,0x00000000025a0000)]

Other Threads:
  0x00000000573da800 VMThread [stack: 0x0000000058590000,0x0000000058690000] [id=3592]
  0x0000000058de8800 WatcherThread [stack: 0x0000000059260000,0x0000000059360000] [id=1884]

VM state:not at safepoint (normal execution)

VM Mutex/Monitor currently owned by a thread: None

Heap:
 PSYoungGen      total 432640K, used 291092K [0x00000000d6580000, 0x00000000fe300000, 0x0000000100000000)
  eden space 432128K, 67% used [0x00000000d6580000,0x00000000e81b51e0,0x00000000f0b80000)
  from space 512K, 12% used [0x00000000fe280000,0x00000000fe290000,0x00000000fe300000)
  to   space 4608K, 0% used [0x00000000fda00000,0x00000000fda00000,0x00000000fde80000)
 ParOldGen       total 86016K, used 11411K [0x0000000083000000, 0x0000000088400000, 0x00000000d6580000)
  object space 86016K, 13% used [0x0000000083000000,0x0000000083b24e58,0x0000000088400000)
 Metaspace       used 11137K, capacity 11919K, committed 12160K, reserved 1060864K
  class space    used 1181K, capacity 1336K, committed 1408K, reserved 1048576K

Card table byte_map: [0x0000000011c30000,0x0000000012020000] byte_map_base: 0x0000000011818000

Marking Bits: (ParMarkBitMap*) 0x0000000063d2a5b0
 Begin Bits: [0x00000000127e0000, 0x0000000014720000)
 End Bits:   [0x0000000014720000, 0x0000000016660000)

Polling page: 0x0000000000230000

CodeCache: size=245760Kb used=6867Kb max_used=6950Kb free=238892Kb
 bounds [0x0000000002870000, 0x0000000002f50000, 0x0000000011870000]
 total_blobs=2629 nmethods=2056 adapters=486
 compilation: enabled

Compilation events (10 events):
Event: 128.848 Thread 0x0000000058d42000 2307       3       map.CubeMap$1::hasNext (22 bytes)
Event: 128.848 Thread 0x0000000058d42000 nmethod 2307 0x0000000002ab05d0 code [0x0000000002ab0740, 0x0000000002ab0a08]
Event: 128.853 Thread 0x0000000058d42000 2308       3       map.Editor$$Lambda$174/711327356::accept (24 bytes)
Event: 128.854 Thread 0x0000000058d42000 nmethod 2308 0x0000000002d86350 code [0x0000000002d864c0, 0x0000000002d86828]
Event: 128.854 Thread 0x0000000058d42000 2309       3       map.Editor::lambda$null$193 (49 bytes)
Event: 128.854 Thread 0x0000000058d42000 nmethod 2309 0x0000000002d8e250 code [0x0000000002d8e440, 0x0000000002d8ee08]
Event: 128.854 Thread 0x0000000058d42000 2310       3       map.Editor$$Lambda$175/68377659::get$Lambda (11 bytes)
Event: 128.854 Thread 0x0000000058d42000 nmethod 2310 0x0000000002bcbc50 code [0x0000000002bcbdc0, 0x0000000002bcc030]
Event: 128.854 Thread 0x0000000058d42000 2311       3       map.Editor$$Lambda$175/68377659::<init> (20 bytes)
Event: 128.855 Thread 0x0000000058d42000 nmethod 2311 0x0000000002d70c50 code [0x0000000002d70da0, 0x0000000002d70f90]

GC Heap History (10 events):
Event: 109.113 GC heap before
{Heap before GC invocations=26 (full 0):
 PSYoungGen      total 555008K, used 548448K [0x00000000d6580000, 0x00000000ff180000, 0x0000000100000000)
  eden space 548352K, 100% used [0x00000000d6580000,0x00000000f7d00000,0x00000000f7d00000)
  from space 6656K, 1% used [0x00000000fe480000,0x00000000fe498000,0x00000000feb00000)
  to   space 6144K, 0% used [0x00000000feb80000,0x00000000feb80000,0x00000000ff180000)
 ParOldGen       total 86016K, used 11371K [0x0000000083000000, 0x0000000088400000, 0x00000000d6580000)
  object space 86016K, 13% used [0x0000000083000000,0x0000000083b1ae58,0x0000000088400000)
 Metaspace       used 11131K, capacity 11919K, committed 12160K, reserved 1060864K
  class space    used 1180K, capacity 1336K, committed 1408K, reserved 1048576K
Event: 109.114 GC heap after
Heap after GC invocations=26 (full 0):
 PSYoungGen      total 523264K, used 32K [0x00000000d6580000, 0x00000000fec00000, 0x0000000100000000)
  eden space 522752K, 0% used [0x00000000d6580000,0x00000000d6580000,0x00000000f6400000)
  from space 512K, 6% used [0x00000000feb80000,0x00000000feb88000,0x00000000fec00000)
  to   space 5632K, 0% used [0x00000000fe100000,0x00000000fe100000,0x00000000fe680000)
 ParOldGen       total 86016K, used 11395K [0x0000000083000000, 0x0000000088400000, 0x00000000d6580000)
  object space 86016K, 13% used [0x0000000083000000,0x0000000083b20e58,0x0000000088400000)
 Metaspace       used 11131K, capacity 11919K, committed 12160K, reserved 1060864K
  class space    used 1180K, capacity 1336K, committed 1408K, reserved 1048576K
}
Event: 115.175 GC heap before
{Heap before GC invocations=27 (full 0):
 PSYoungGen      total 523264K, used 522784K [0x00000000d6580000, 0x00000000fec00000, 0x0000000100000000)
  eden space 522752K, 100% used [0x00000000d6580000,0x00000000f6400000,0x00000000f6400000)
  from space 512K, 6% used [0x00000000feb80000,0x00000000feb88000,0x00000000fec00000)
  to   space 5632K, 0% used [0x00000000fe100000,0x00000000fe100000,0x00000000fe680000)
 ParOldGen       total 86016K, used 11395K [0x0000000083000000, 0x0000000088400000, 0x00000000d6580000)
  object space 86016K, 13% used [0x0000000083000000,0x0000000083b20e58,0x0000000088400000)
 Metaspace       used 11131K, capacity 11919K, committed 12160K, reserved 1060864K
  class space    used 1180K, capacity 1336K, committed 1408K, reserved 1048576K
Event: 115.175 GC heap after
Heap after GC invocations=27 (full 0):
 PSYoungGen      total 503808K, used 32K [0x00000000d6580000, 0x00000000fec00000, 0x0000000100000000)
  eden space 498176K, 0% used [0x00000000d6580000,0x00000000d6580000,0x00000000f4c00000)
  from space 5632K, 0% used [0x00000000fe100000,0x00000000fe108000,0x00000000fe680000)
  to   space 5632K, 0% used [0x00000000fe680000,0x00000000fe680000,0x00000000fec00000)
 ParOldGen       total 86016K, used 11403K [0x0000000083000000, 0x0000000088400000, 0x00000000d6580000)
  object space 86016K, 13% used [0x0000000083000000,0x0000000083b22e58,0x0000000088400000)
 Metaspace       used 11131K, capacity 11919K, committed 12160K, reserved 1060864K
  class space    used 1180K, capacity 1336K, committed 1408K, reserved 1048576K
}
Event: 115.359 GC heap before
{Heap before GC invocations=28 (full 0):
 PSYoungGen      total 503808K, used 498208K [0x00000000d6580000, 0x00000000fec00000, 0x0000000100000000)
  eden space 498176K, 100% used [0x00000000d6580000,0x00000000f4c00000,0x00000000f4c00000)
  from space 5632K, 0% used [0x00000000fe100000,0x00000000fe108000,0x00000000fe680000)
  to   space 5632K, 0% used [0x00000000fe680000,0x00000000fe680000,0x00000000fec00000)
 ParOldGen       total 86016K, used 11403K [0x0000000083000000, 0x0000000088400000, 0x00000000d6580000)
  object space 86016K, 13% used [0x0000000083000000,0x0000000083b22e58,0x0000000088400000)
 Metaspace       used 11131K, capacity 11919K, committed 12160K, reserved 1060864K
  class space    used 1180K, capacity 1336K, committed 1408K, reserved 1048576K
Event: 115.359 GC heap after
Heap after GC invocations=28 (full 0):
 PSYoungGen      total 475648K, used 32K [0x00000000d6580000, 0x00000000fe700000, 0x0000000100000000)
  eden space 475136K, 0% used [0x00000000d6580000,0x00000000d6580000,0x00000000f3580000)
  from space 512K, 6% used [0x00000000fe680000,0x00000000fe688000,0x00000000fe700000)
  to   space 5120K, 0% used [0x00000000fdd00000,0x00000000fdd00000,0x00000000fe200000)
 ParOldGen       total 86016K, used 11411K [0x0000000083000000, 0x0000000088400000, 0x00000000d6580000)
  object space 86016K, 13% used [0x0000000083000000,0x0000000083b24e58,0x0000000088400000)
 Metaspace       used 11131K, capacity 11919K, committed 12160K, reserved 1060864K
  class space    used 1180K, capacity 1336K, committed 1408K, reserved 1048576K
}
Event: 115.532 GC heap before
{Heap before GC invocations=29 (full 0):
 PSYoungGen      total 475648K, used 475168K [0x00000000d6580000, 0x00000000fe700000, 0x0000000100000000)
  eden space 475136K, 100% used [0x00000000d6580000,0x00000000f3580000,0x00000000f3580000)
  from space 512K, 6% used [0x00000000fe680000,0x00000000fe688000,0x00000000fe700000)
  to   space 5120K, 0% used [0x00000000fdd00000,0x00000000fdd00000,0x00000000fe200000)
 ParOldGen       total 86016K, used 11411K [0x0000000083000000, 0x0000000088400000, 0x00000000d6580000)
  object space 86016K, 13% used [0x0000000083000000,0x0000000083b24e58,0x0000000088400000)
 Metaspace       used 11131K, capacity 11919K, committed 12160K, reserved 1060864K
  class space    used 1180K, capacity 1336K, committed 1408K, reserved 1048576K
Event: 115.533 GC heap after
Heap after GC invocations=29 (full 0):
 PSYoungGen      total 458240K, used 32K [0x00000000d6580000, 0x00000000fe700000, 0x0000000100000000)
  eden space 453120K, 0% used [0x00000000d6580000,0x00000000d6580000,0x00000000f2000000)
  from space 5120K, 0% used [0x00000000fdd00000,0x00000000fdd08000,0x00000000fe200000)
  to   space 4608K, 0% used [0x00000000fe280000,0x00000000fe280000,0x00000000fe700000)
 ParOldGen       total 86016K, used 11411K [0x0000000083000000, 0x0000000088400000, 0x00000000d6580000)
  object space 86016K, 13% used [0x0000000083000000,0x0000000083b24e58,0x0000000088400000)
 Metaspace       used 11131K, capacity 11919K, committed 12160K, reserved 1060864K
  class space    used 1180K, capacity 1336K, committed 1408K, reserved 1048576K
}
Event: 128.973 GC heap before
{Heap before GC invocations=30 (full 0):
 PSYoungGen      total 458240K, used 453152K [0x00000000d6580000, 0x00000000fe700000, 0x0000000100000000)
  eden space 453120K, 100% used [0x00000000d6580000,0x00000000f2000000,0x00000000f2000000)
  from space 5120K, 0% used [0x00000000fdd00000,0x00000000fdd08000,0x00000000fe200000)
  to   space 4608K, 0% used [0x00000000fe280000,0x00000000fe280000,0x00000000fe700000)
 ParOldGen       total 86016K, used 11411K [0x0000000083000000, 0x0000000088400000, 0x00000000d6580000)
  object space 86016K, 13% used [0x0000000083000000,0x0000000083b24e58,0x0000000088400000)
 Metaspace       used 11137K, capacity 11919K, committed 12160K, reserved 1060864K
  class space    used 1181K, capacity 1336K, committed 1408K, reserved 1048576K
Event: 128.973 GC heap after
Heap after GC invocations=30 (full 0):
 PSYoungGen      total 432640K, used 64K [0x00000000d6580000, 0x00000000fe300000, 0x0000000100000000)
  eden space 432128K, 0% used [0x00000000d6580000,0x00000000d6580000,0x00000000f0b80000)
  from space 512K, 12% used [0x00000000fe280000,0x00000000fe290000,0x00000000fe300000)
  to   space 4608K, 0% used [0x00000000fda00000,0x00000000fda00000,0x00000000fde80000)
 ParOldGen       total 86016K, used 11411K [0x0000000083000000, 0x0000000088400000, 0x00000000d6580000)
  object space 86016K, 13% used [0x0000000083000000,0x0000000083b24e58,0x0000000088400000)
 Metaspace       used 11137K, capacity 11919K, committed 12160K, reserved 1060864K
  class space    used 1181K, capacity 1336K, committed 1408K, reserved 1048576K
}

Deoptimization events (10 events):
Event: 99.476 Thread 0x0000000001d6f000 Uncommon trap: reason=bimorphic action=maybe_recompile pc=0x0000000002e1728c method=java.util.stream.AbstractPipeline.wrapSink(Ljava/util/stream/Sink;)Ljava/util/stream/Sink; @ 23
Event: 99.851 Thread 0x0000000001d6f000 Uncommon trap: reason=bimorphic action=maybe_recompile pc=0x0000000002e1d034 method=java.util.stream.AbstractPipeline.<init>(Ljava/util/stream/AbstractPipeline;I)V @ 66
Event: 99.851 Thread 0x0000000001d6f000 Uncommon trap: reason=bimorphic action=maybe_recompile pc=0x0000000002e51540 method=java.util.stream.AbstractPipeline.copyInto(Ljava/util/stream/Sink;Ljava/util/Spliterator;)V @ 20
Event: 99.851 Thread 0x0000000001d6f000 Uncommon trap: reason=bimorphic action=maybe_recompile pc=0x0000000002e1728c method=java.util.stream.AbstractPipeline.wrapSink(Ljava/util/stream/Sink;)Ljava/util/stream/Sink; @ 23
Event: 100.244 Thread 0x0000000001d6f000 Uncommon trap: reason=bimorphic action=maybe_recompile pc=0x0000000002e1d034 method=java.util.stream.AbstractPipeline.<init>(Ljava/util/stream/AbstractPipeline;I)V @ 66
Event: 100.244 Thread 0x0000000001d6f000 Uncommon trap: reason=bimorphic action=maybe_recompile pc=0x0000000002e51540 method=java.util.stream.AbstractPipeline.copyInto(Ljava/util/stream/Sink;Ljava/util/Spliterator;)V @ 20
Event: 100.244 Thread 0x0000000001d6f000 Uncommon trap: reason=bimorphic action=maybe_recompile pc=0x0000000002e1728c method=java.util.stream.AbstractPipeline.wrapSink(Ljava/util/stream/Sink;)Ljava/util/stream/Sink; @ 23
Event: 107.169 Thread 0x0000000001d6f000 Uncommon trap: reason=bimorphic action=maybe_recompile pc=0x0000000002ebd01c method=engine.Signal.edit(Ljava/util/function/UnaryOperator;)V @ 6
Event: 107.919 Thread 0x0000000001d6f000 Uncommon trap: reason=bimorphic action=maybe_recompile pc=0x0000000002ebd01c method=engine.Signal.edit(Ljava/util/function/UnaryOperator;)V @ 6
Event: 110.497 Thread 0x0000000001d6f000 Uncommon trap: reason=unstable_if action=reinterpret pc=0x0000000002ee3954 method=map.Editor.lambda$start$169(Lutil/Mutable;)V @ 272

Internal exceptions (10 events):
Event: 0.625 Thread 0x0000000001d6f000 Exception <a 'java/lang/NoSuchFieldError': method resolution failed> (0x00000000d6a89c60) thrown at [C:\workspace\8-2-build-windows-amd64-cygwin\jdk8u65\4987\hotspot\src\share\vm\prims\methodHandles.cpp, line 1146]
Event: 0.653 Thread 0x0000000001d6f000 Exception <a 'java/security/PrivilegedActionException'> (0x00000000d6b4a428) thrown at [C:\workspace\8-2-build-windows-amd64-cygwin\jdk8u65\4987\hotspot\src\share\vm\prims\jvm.cpp, line 1386]
Event: 0.653 Thread 0x0000000001d6f000 Exception <a 'java/security/PrivilegedActionException'> (0x00000000d6b4a638) thrown at [C:\workspace\8-2-build-windows-amd64-cygwin\jdk8u65\4987\hotspot\src\share\vm\prims\jvm.cpp, line 1386]
Event: 0.653 Thread 0x0000000001d6f000 Exception <a 'java/security/PrivilegedActionException'> (0x00000000d6b4e480) thrown at [C:\workspace\8-2-build-windows-amd64-cygwin\jdk8u65\4987\hotspot\src\share\vm\prims\jvm.cpp, line 1386]
Event: 0.653 Thread 0x0000000001d6f000 Exception <a 'java/security/PrivilegedActionException'> (0x00000000d6b4e690) thrown at [C:\workspace\8-2-build-windows-amd64-cygwin\jdk8u65\4987\hotspot\src\share\vm\prims\jvm.cpp, line 1386]
Event: 0.657 Thread 0x0000000001d6f000 Exception <a 'java/io/FileNotFoundException'> (0x00000000d6b50a78) thrown at [C:\workspace\8-2-build-windows-amd64-cygwin\jdk8u65\4987\hotspot\src\share\vm\prims\jni.cpp, line 709]
Event: 0.685 Thread 0x0000000001d6f000 Exception <a 'java/io/FileNotFoundException'> (0x00000000d6b92dc0) thrown at [C:\workspace\8-2-build-windows-amd64-cygwin\jdk8u65\4987\hotspot\src\share\vm\prims\jni.cpp, line 709]
Event: 0.703 Thread 0x0000000001d6f000 Implicit null exception at 0x0000000002a11acb to 0x0000000002a11c7d
Event: 69.768 Thread 0x0000000001d6f000 Implicit null exception at 0x0000000002d40888 to 0x0000000002d40916
Event: 69.768 Thread 0x0000000001d6f000 Implicit null exception at 0x0000000002a80def to 0x0000000002a80ea1

Events (10 events):
Event: 128.298 Thread 0x0000000057449000 flushing nmethod 0x0000000002d96150
Event: 128.298 Thread 0x0000000057449000 flushing nmethod 0x0000000002d969d0
Event: 128.298 Thread 0x0000000057449000 flushing nmethod 0x0000000002d97a50
Event: 128.298 Thread 0x0000000057449000 flushing nmethod 0x0000000002d9b310
Event: 128.298 Thread 0x0000000057449000 flushing nmethod 0x0000000002d9dcd0
Event: 128.298 Thread 0x0000000057449000 flushing nmethod 0x0000000002da5c10
Event: 128.298 Thread 0x0000000057449000 flushing nmethod 0x0000000002da9c50
Event: 128.298 Thread 0x0000000057449000 flushing nmethod 0x0000000002dac950
Event: 128.973 Executing VM operation: ParallelGCFailedAllocation
Event: 128.974 Executing VM operation: ParallelGCFailedAllocation done


Dynamic libraries:
0x000000013f2c0000 - 0x000000013f2f7000 	C:\Program Files\Java\jdk1.8.0_65\bin\java.exe
0x00000000774d0000 - 0x000000007767a000 	C:\Windows\SYSTEM32\ntdll.dll
0x00000000772b0000 - 0x00000000773cf000 	C:\Windows\system32\kernel32.dll
0x000007fefd370000 - 0x000007fefd3db000 	C:\Windows\system32\KERNELBASE.dll
0x000007feff110000 - 0x000007feff1eb000 	C:\Windows\system32\ADVAPI32.dll
0x000007fefe040000 - 0x000007fefe0df000 	C:\Windows\system32\msvcrt.dll
0x000007fefd910000 - 0x000007fefd92f000 	C:\Windows\SYSTEM32\sechost.dll
0x000007feff6b0000 - 0x000007feff7dd000 	C:\Windows\system32\RPCRT4.dll
0x00000000773d0000 - 0x00000000774ca000 	C:\Windows\system32\USER32.dll
0x000007feff430000 - 0x000007feff497000 	C:\Windows\system32\GDI32.dll
0x000007fefe0e0000 - 0x000007fefe0ee000 	C:\Windows\system32\LPK.dll
0x000007fefd930000 - 0x000007fefd9fa000 	C:\Windows\system32\USP10.dll
0x000007fefbb00000 - 0x000007fefbcf4000 	C:\Windows\WinSxS\amd64_microsoft.windows.common-controls_6595b64144ccf1df_6.0.7601.18837_none_fa3b1e3d17594757\COMCTL32.dll
0x000007feff200000 - 0x000007feff271000 	C:\Windows\system32\SHLWAPI.dll
0x000007fefd8e0000 - 0x000007fefd90e000 	C:\Windows\system32\IMM32.DLL
0x000007fefda00000 - 0x000007fefdb09000 	C:\Windows\system32\MSCTF.dll
0x0000000073230000 - 0x0000000073302000 	C:\Program Files\Java\jdk1.8.0_65\jre\bin\msvcr100.dll
0x0000000063520000 - 0x0000000063da9000 	C:\Program Files\Java\jdk1.8.0_65\jre\bin\server\jvm.dll
0x000007fef77a0000 - 0x000007fef77a9000 	C:\Windows\system32\WSOCK32.dll
0x000007fefd890000 - 0x000007fefd8dd000 	C:\Windows\system32\WS2_32.dll
0x000007feff1f0000 - 0x000007feff1f8000 	C:\Windows\system32\NSI.dll
0x000007fefa030000 - 0x000007fefa06b000 	C:\Windows\system32\WINMM.dll
0x000007fefc3b0000 - 0x000007fefc3bc000 	C:\Windows\system32\VERSION.dll
0x0000000077690000 - 0x0000000077697000 	C:\Windows\system32\PSAPI.DLL
0x00000000737e0000 - 0x00000000737ef000 	C:\Program Files\Java\jdk1.8.0_65\jre\bin\verify.dll
0x00000000737b0000 - 0x00000000737d9000 	C:\Program Files\Java\jdk1.8.0_65\jre\bin\java.dll
0x0000000073790000 - 0x00000000737a6000 	C:\Program Files\Java\jdk1.8.0_65\jre\bin\zip.dll
0x000007fefe380000 - 0x000007feff10a000 	C:\Windows\system32\SHELL32.dll
0x000007feff4a0000 - 0x000007feff6a3000 	C:\Windows\system32\ole32.dll
0x000007fefd250000 - 0x000007fefd25f000 	C:\Windows\system32\profapi.dll
0x0000000180000000 - 0x0000000180051000 	G:\OGPC 2016\OGPC 2016 Java\natives\lwjgl64.dll
0x000007fef3cb0000 - 0x000007fef3dcd000 	C:\Windows\system32\OPENGL32.dll
0x000007fef7300000 - 0x000007fef732d000 	C:\Windows\system32\GLU32.dll
0x000007fef24c0000 - 0x000007fef25b1000 	C:\Windows\system32\DDRAW.dll
0x000007fefa360000 - 0x000007fefa368000 	C:\Windows\system32\DCIMAN32.dll
0x000007fefd6b0000 - 0x000007fefd887000 	C:\Windows\system32\SETUPAPI.dll
0x000007fefd3e0000 - 0x000007fefd416000 	C:\Windows\system32\CFGMGR32.dll
0x000007fefdf60000 - 0x000007fefe038000 	C:\Windows\system32\OLEAUT32.dll
0x000007fefd270000 - 0x000007fefd28a000 	C:\Windows\system32\DEVOBJ.dll
0x000007fefa410000 - 0x000007fefa428000 	C:\Windows\system32\dwmapi.dll
0x000007fefbaa0000 - 0x000007fefbaf6000 	C:\Windows\system32\uxtheme.dll
0x0000000001ce0000 - 0x0000000001d21000 	C:\Program Files (x86)\NetSupport\NetSupport School\pciappctrl64.dll
0x000007fef4f70000 - 0x000007fef5095000 	C:\Windows\system32\dbghelp.dll
0x000007fef5b70000 - 0x000007fef5b88000 	C:\Windows\system32\MPR.dll
0x0000000001d30000 - 0x0000000001d55000 	C:\Program Files (x86)\Common Files\NSL\NSCommonHook64.dll
0x000007feea9e0000 - 0x000007feeb213000 	C:\Windows\system32\ig7icd64.dll
0x000007feed520000 - 0x000007feed97f000 	C:\Windows\system32\igdusc64.dll
0x000007fefc100000 - 0x000007fefc111000 	C:\Windows\system32\WTSAPI32.dll
0x000007fefd0b0000 - 0x000007fefd0bf000 	C:\Windows\system32\CRYPTBASE.dll
0x000007fef40a0000 - 0x000007fef413c000 	C:\Windows\system32\mscms.dll
0x000007fefd350000 - 0x000007fefd36e000 	C:\Windows\system32\USERENV.dll
0x000007fef4770000 - 0x000007fef47b2000 	C:\Windows\system32\icm32.dll
0x0000000072b90000 - 0x0000000072d28000 	C:\Program Files\Java\jdk1.8.0_65\jre\bin\awt.dll
0x000007fefa440000 - 0x000007fefa44a000 	C:\Windows\System32\drprov.dll
0x000007fefd160000 - 0x000007fefd19d000 	C:\Windows\System32\WINSTA.dll
0x000007fefa270000 - 0x000007fefa292000 	C:\Windows\System32\ntlanman.dll
0x000007fef9fe0000 - 0x000007fef9ffd000 	C:\Windows\System32\davclnt.dll
0x000007fefa480000 - 0x000007fefa48a000 	C:\Windows\System32\DAVHLPR.dll
0x0000000073580000 - 0x00000000735c7000 	C:\Program Files\Java\jdk1.8.0_65\jre\bin\fontmanager.dll
0x00000000735f0000 - 0x000000007360a000 	C:\Program Files\Java\jdk1.8.0_65\jre\bin\net.dll
0x00000000124c0000 - 0x00000000124e4000 	C:\Program Files (x86)\Common Files\NSL\nslsp64.dll
0x000007fefc9f0000 - 0x000007fefca45000 	C:\Windows\system32\mswsock.dll
0x000007fefc9e0000 - 0x000007fefc9e7000 	C:\Windows\System32\wship6.dll
0x00000000735d0000 - 0x00000000735e1000 	C:\Program Files\Java\jdk1.8.0_65\jre\bin\nio.dll
0x0000000071f60000 - 0x0000000071fa2000 	C:\Program Files\Java\jdk1.8.0_65\jre\bin\t2k.dll

VM Arguments:
jvm_args: -Dfile.encoding=UTF-8 -Dorg.lwjgl.opengl.Display.allowSoftwareOpenGL=true 
java_command: invisibleman.Client
java_class_path (initial): G:\OGPC 2016\OGPC 2016 Java\lib\jfxrt.jar;G:\OGPC 2016\OGPC 2016 Java\lib\jinput.jar;G:\OGPC 2016\OGPC 2016 Java\lib\lwjgl.jar;G:\OGPC 2016\OGPC 2016 Java\lib\lwjgl_util.jar;G:\OGPC 2016\OGPC 2016 Java\lib\slick-util.jar;G:\OGPC 2016\OGPC 2016 Java\lib\protonpack-1.1.jar;G:\OGPC 2016\OGPC 2016 Java\lib\Forge.jar;G:\OGPC 2016\OGPC 2016 Java\build\classes
Launcher Type: SUN_STANDARD

Environment Variables:
PATH=C:\Program Files\Common Files\Microsoft Shared\Windows Live;C:\Program Files (x86)\Common Files\Microsoft Shared\Windows Live;C:\ProgramData\Oracle\Java\javapath;C:\Windows\system32;C:\Windows;C:\Windows\System32\Wbem;C:\Windows\System32\WindowsPowerShell\v1.0\;C:\Program Files\Intel\WiFi\bin\;C:\Program Files\Common Files\Intel\WirelessCommon\;C:\Program Files (x86)\Intel\OpenCL SDK\2.0\bin\x86;C:\Program Files (x86)\Intel\OpenCL SDK\2.0\bin\x64;C:\SWTOOLS\ReadyApps;C:\Program Files (x86)\QuickTime\QTSystem\;C:\Program Files (x86)\Windows Live\Shared;C:\Program Files\Intel\WiFi\bin\;C:\Program Files\Common Files\Intel\WirelessCommon\
USERNAME=isedgewick17
OS=Windows_NT
PROCESSOR_IDENTIFIER=Intel64 Family 6 Model 58 Stepping 9, GenuineIntel



---------------  S Y S T E M  ---------------

OS: Windows 7 , 64 bit Build 7601 (6.1.7601.19160)

CPU:total 4 (2 cores per cpu, 2 threads per core) family 6 model 58 stepping 9, cmov, cx8, fxsr, mmx, sse, sse2, sse3, ssse3, sse4.1, sse4.2, popcnt, avx, clmul, erms, ht, tsc, tscinvbit, tscinv

Memory: 4k page, physical 8186072k(4904224k free), swap 16370308k(12267644k free)

vm_info: Java HotSpot(TM) 64-Bit Server VM (25.65-b01) for windows-amd64 JRE (1.8.0_65-b17), built on Oct  6 2015 16:39:20 by "java_re" with MS VC++ 10.0 (VS2010)

time: Tue Apr 19 14:56:51 2016
elapsed time: 129 seconds (0d 0h 2m 9s)

